@ NAME             %05s "TWISS"
@ TYPE             %05s "TWISS"
@ SEQUENCE         %07s "LTLTBBI"
@ PARTICLE         %06s "PROTON"
@ MASS             %le     0.93827
@ CHARGE           %le     1.00000
@ ENERGY           %le     0.98827
@ PC               %le     0.31037
@ GAMMA            %le     1.05329
@ KBUNCH           %le     1.00000
@ BCURRENT         %le     0.00000
@ SIGE             %le     0.00100
@ SIGT             %le     0.00000
@ NPART            %le     0.00000
@ EX               %le     0.00004
@ EY               %le     0.00002
@ ET               %le     1.00000
@ LENGTH           %le   131.21126
@ ALFA             %le     0.00000
@ ORBIT5           %le    -0.00000
@ GAMMATR          %le     0.00000
@ Q1               %le     2.95004
@ Q2               %le     2.46912
@ DQ1              %le     0.00000
@ DQ2              %le     0.00000
@ DXMAX            %le    10.12841
@ DYMAX            %le     2.65077
@ XCOMAX           %le     0.13810
@ YCOMAX           %le     0.01408
@ BETXMAX          %le   111.32974
@ BETYMAX          %le   607.57030
@ XCORMS           %le     0.03532
@ YCORMS           %le     0.00581
@ DXRMS            %le     2.00289
@ DYRMS            %le     0.87388
@ DELTAP           %le     0.00000
@ SYNCH_1          %le     0.00000
@ SYNCH_2          %le     0.00000
@ SYNCH_3          %le     0.00000
@ SYNCH_4          %le     0.00000
@ SYNCH_5          %le     0.00000
@ TITLE            %65s "LT-LTB-BI 2014 optics. Protons - 310.3662354 MeV/c (E_kin=50 MeV)"
@ ORIGIN           %16s "5.02.04 Linux 64"
@ DATE             %08s "07/04/15"
@ TIME             %08s "14.43.10"
* NAME                        S          X          Y 
$ %s                        %le        %le        %le 
 "LTLTBBI$START"        0.00000    0.00000    0.00000
 "LT$START"             0.00000    0.00000    0.00000
 "BEGLT"                0.00000    0.00000    0.00000
 "DRIFT_0"              0.02400    0.00000    0.00000
 "LT.VVS10"             0.04800    0.00000    0.00000
 "DRIFT_1"              0.22300    0.00000    0.00000
 "LT.DHZ10"             0.39800    0.00000    0.00000
 "LT.DVT10"             0.39800    0.00000    0.00000
 "DRIFT_2"              0.89900    0.00000    0.00000
 "LT.BPM10"             1.40000    0.00019   -0.00055
 "DRIFT_3"              1.62475    0.00000    0.00000
 "LT.QFN10"             1.97700    0.00126   -0.00430
 "DRIFT_4"              2.12575   -0.00020   -0.00068
 "LT.BEC1"              2.14700   -0.00023   -0.00078
 "DRIFT_5"              2.27850   -0.00041   -0.00144
 "LT.BCT10"             2.41000   -0.00060   -0.00209
 "DRIFT_6"              2.52975   -0.00077   -0.00268
 "LT.QDN12"             2.77700    0.00155   -0.00708
 "DRIFT_7"              2.99675   -0.00114   -0.00371
 "LT.BHZ10"             3.34200   -0.00116   -0.00330
 "DRIFT_8"              4.54000   -0.00122   -0.00188
 "LT.VPI11"             5.48500   -0.00127   -0.00076
 "DRIFT_9"              6.40975   -0.00131    0.00033
 "LT.QFN20"             7.46200    0.00158   -0.00152
 "DRIFT_10"             7.71825   -0.00157    0.00169
 "LT.BEC2"              7.84700   -0.00168    0.00175
 "DRIFT_11"             8.09075   -0.00188    0.00186
 "LT.QDN22"             8.46200    0.00015   -0.00105
 "DRIFT_12"            10.15585   -0.00348    0.00335
 "LT.DHZ20"            11.72220   -0.00469    0.00459
 "LT.DVT20"            11.72220   -0.00469    0.00459
 "DRIFT_13"            12.45835   -0.00525    0.00516
 "LT.QFN30"            13.32200   -0.00326    0.00399
 "DRIFT_14"            13.82700   -0.00604    0.00656
 "LT.QDN32"            14.33200   -0.00523    0.00559
 "DRIFT_15"            14.79575   -0.00679    0.00741
 "LT.VPI2"             15.13200   -0.00727    0.00747
 "DRIFT_16"            16.15475   -0.00872    0.00765
 "LT.BPM20"            17.17750   -0.01045    0.00885
 "DRIFT_17"            17.72975   -0.01097    0.00793
 "LT.VGP11"            18.28200   -0.01176    0.00803
 "DRIFT_18"            18.56325   -0.01216    0.00808
 "LT.QFN40"            18.97200   -0.01200    0.00748
 "DRIFT_19"            19.47200   -0.01077    0.00992
 "LT.QDN42"            19.97200   -0.00853    0.01096
 "DRIFT_20"            20.24575   -0.00866    0.01150
 "LT.DHZ30"            20.39200   -0.00857    0.01141
 "LT.DVT30"            20.39200   -0.00857    0.01141
 "DRIFT_21"            20.69350   -0.00837    0.01123
 "LT.BPM30"            20.99500   -0.00849    0.01408
 "DRIFT_22"            21.37100   -0.00792    0.01082
 "LT.CDB10"            21.74700   -0.00767    0.01060
 "DRIFT_23"            22.21975   -0.00736    0.01031
 "LT.BCT20"            22.69250   -0.00704    0.01003
 "DRIFT_24"            23.08843   -0.00678    0.00979
 "LT.BHZ20"            24.00857   -0.00431    0.01044
 "DRIFT_25"            24.89995   -0.00515    0.00871
 "LT.VGP12"            25.26713   -0.00479    0.00849
 "DRIFT_26"            25.69113   -0.00438    0.00823
 "LT.STP10"            26.11513   -0.00396    0.00798
 "DRIFT_27"            27.74013   -0.00237    0.00701
 "LT.BEC3"             29.36513   -0.00078    0.00604
 "DRIFT_28"            29.93638   -0.00022    0.00570
 "LT.QFN50"            30.63513    0.00123    0.00601
 "DRIFT_29"            31.17388    0.00078    0.00601
 "LT.VPI14"            31.58513    0.00100    0.00667
 "DRIFT_30"            31.79513    0.00112    0.00700
 "LT.BEC4"             32.00513    0.00123    0.00733
 "DRIFT_31"            32.18563    0.00133    0.00762
 "LT.BCT30"            32.36613    0.00142    0.00791
 "DRIFT_32"            32.62563    0.00156    0.00832
 "LT.DHZ40"            32.88513    0.00170    0.00873
 "LT.DVT40"            32.88513    0.00170    0.00873
 "DRIFT_33"            33.46513    0.00230    0.00965
 "LT.BPM40"            34.04513    0.00273    0.01259
 "DRIFT_34"            34.37638    0.00325    0.01109
 "LT.QDN55"            34.83513    0.00524    0.01312
 "DRIFT_35"            35.07988    0.00424    0.01155
 "LT.VVS20"            35.19713    0.00449    0.01142
 "DRIFT_36"            37.38738    0.00915    0.00895
 "LT.QFN60"            39.70513    0.01524    0.00850
 "DRIFT_37"            40.65913    0.01362    0.00665
 "LT.QDN65"            41.61313    0.01317    0.00697
 "DRIFT_38"            41.87553    0.01356    0.00679
 "LT.BHZ25"            42.21314    0.01416    0.00650
 "DRIFT_39"            42.96299    0.01549    0.00586
 "LT.VPI25"            43.51013    0.01646    0.00539
 "DRIFT_40"            44.80814    0.01876    0.00429
 "LT.VPI26"            46.10614    0.02106    0.00318
 "DRIFT_41"            46.31014    0.02142    0.00301
 "LT.QFW70"            46.74513    0.02185    0.00243
 "DRIFT_42"            48.49188    0.01443    0.00237
 "LT.QDN75"            50.13513    0.00540    0.00117
 "DRIFT_43"            50.68389    0.00534    0.00191
 "LT.DHZ50"            51.10514    0.00386    0.00176
 "LT.DVT50"            51.10514    0.00386    0.00176
 "DRIFT_44"            51.42214    0.00275    0.00165
 "LT.BCT40"            51.73914    0.00164    0.00154
 "DRIFT_45"            51.98314    0.00078    0.00146
 "LT.BPM50"            52.50514   -0.00129    0.00046
 "DRIFT_46"            53.12800   -0.00323    0.00106
 "ENDLT"               53.47286   -0.00444    0.00094
 "LT$END"              53.47286   -0.00444    0.00094
 "DRIFT_47"            53.47286   -0.00444    0.00094
 "LTB$START"           53.47287   -0.00444    0.00094
 "BEGLTB"              53.47287   -0.00444    0.00094
 "LT.BHZ30"            53.99860   -0.00621    0.00681
 "DRIFT_48"            54.86818   -0.00863    0.00044
 "LTB.DHZ10"           55.21204   -0.00954    0.00032
 "LTB.DVT10"           55.21204   -0.00954    0.00032
 "DRIFT_49"            55.47879   -0.01024    0.00022
 "LTB.STP10"           55.74554   -0.01095    0.00013
 "DRIFT_50"            55.93879   -0.01146    0.00006
 "LTB.VVS10"           56.13204   -0.01197   -0.00001
 "DRIFT_51"            56.38079   -0.01263   -0.00009
 "LTB.VPI11"           56.62954   -0.01328   -0.00018
 "DRIFT_52"            57.39704   -0.01531   -0.00045
 "LTB.QFN10"           58.29204   -0.02068   -0.00245
 "DRIFT_19"            58.79204   -0.01507   -0.00141
 "LTB.QDN20"           59.29204   -0.01692   -0.00363
 "DRIFT_53"            59.57479   -0.01212   -0.00221
 "LTB.MSF30"           59.73004   -0.01180   -0.00231
 "DRIFT_54"            60.08379   -0.01109   -0.00254
 "LTB.BPM10"           60.43754   -0.01451   -0.00421
 "DRIFT_55"            60.62129   -0.01000   -0.00288
 "LTB.BCT49"           60.80504   -0.00963   -0.00300
 "DRIFT_56"            60.97354   -0.00929   -0.00311
 "LTB.DHZ20"           61.14204   -0.00895   -0.00322
 "LTB.DVT20"           61.14204   -0.00895   -0.00322
 "DRIFT_57"            62.60654   -0.00600   -0.00416
 "LTB.BCT50"           64.07104   -0.00304   -0.00510
 "DRIFT_58"            64.32604   -0.00253   -0.00526
 "LTB.BCT55"           64.58104   -0.00201   -0.00543
 "DRIFT_59"            66.11154    0.00108   -0.00641
 "LTB.BPM20"           67.64204   -0.00241   -0.00614
 "DRIFT_60"            67.89204    0.00467   -0.00756
 "LTB.DHZ30"           68.14204    0.00517   -0.00772
 "LTB.DVT30"           68.14204    0.00517   -0.00772
 "DRIFT_61"            68.47679    0.00585   -0.00793
 "LTB.QFW30"           69.04204    0.00013   -0.00689
 "DRIFT_62"            69.54204    0.00798   -0.00943
 "LTB.QDW40"           70.04204    0.00157   -0.00887
 "DRIFT_63"            72.59679    0.01522   -0.00961
 "LTB.BCT59"           74.92104    0.02088   -0.00887
 "DRIFT_64"            75.19254    0.02154   -0.00879
 "LTB.VPI12"           75.46404    0.02221   -0.00870
 "DRIFT_65"            75.68904    0.02275   -0.00863
 "LTB.VGR01"           75.91404    0.02330   -0.00856
 "DRIFT_66"            76.94704    0.02582   -0.00823
 "LTB.VPI13"           77.98004    0.02834   -0.00790
 "DRIFT_67"            78.24504    0.02898   -0.00782
 "LTB.MSF40"           78.51004    0.02963   -0.00773
 "DRIFT_68"            78.72604    0.03016   -0.00767
 "LTB.BCT60"           78.94204    0.03068   -0.00760
 "DRIFT_69"            79.15179    0.03119   -0.00753
 "LTB.QFW50"           79.59204    0.02083   -0.00331
 "DRIFT_70"            80.24204    0.02886   -0.00799
 "LTB.QDW60"           80.89204    0.01504   -0.00365
 "DRIFT_69"            81.33229    0.02641   -0.00825
 "LTB.DHZ40"           81.54204    0.02661   -0.00814
 "LTB.DVT40"           81.54204    0.02661   -0.00814
 "DRIFT_71"            81.79404    0.02684   -0.00801
 "LTB.BPM30"           82.04604    0.01536   -0.00301
 "DRIFT_72"            82.37704    0.02737   -0.00770
 "ENDLTB"              82.70804    0.02767   -0.00753
 "LTB$END"             82.70804    0.02767   -0.00753
 "BI3$START"           82.70804    0.02767   -0.00753
 "BEGBI"               82.70804    0.02767   -0.00753
 "LTB.BHZ40"           83.15804    0.01775   -0.00182
 "DRIFT_73"            83.94804    0.02881   -0.00689
 "BI.VPI11"            84.28804    0.02912   -0.00671
 "DRIFT_74"            86.78004    0.03140   -0.00542
 "BI.DHZ10"            89.27204    0.03368   -0.00413
 "BI.DVT10"            89.27204    0.03368   -0.00413
 "DRIFT_75"            89.51554    0.03391   -0.00400
 "BI.BPM00"            89.75904    0.03413   -0.00388
 "DRIFT_76"            90.21004    0.03454   -0.00364
 "BI.BTV10"            90.66104    0.03496   -0.00341
 "DRIFT_77"            90.94904    0.03522   -0.00326
 "BI.STPFA10"          91.23704    0.03548   -0.00311
 "DRIFT_78"            92.85004    0.03696   -0.00227
 "BI.STPSW10"          94.46304    0.03844   -0.00144
 "DRIFT_79"            94.83754    0.03878   -0.00124
 "BI.BPM10"            95.21204    0.03912   -0.00105
 "DRIFT_80"            95.45204    0.03934   -0.00092
 "BI.DHZ20"            95.69204    0.03956   -0.00080
 "BI.DVT20"            95.69204    0.03956   -0.00080
 "DRIFT_81"            95.89654    0.03975   -0.00069
 "BI.QNO10"            96.33204    0.03896   -0.00048
 "DRIFT_82"            96.83204    0.03050   -0.00034
 "BI.QNO20"            97.33204    0.02177   -0.00020
 "DRIFT_83"           100.98834   -0.00066    0.00119
 "BI.BPM20"           104.41364   -0.02103    0.00250
 "DRIFT_84"           104.63844   -0.02236    0.00259
 "BI.BCT10"           104.86324   -0.02370    0.00267
 "DRIFT_85"           105.05284   -0.02483    0.00274
 "BI.VVS10"           105.24244   -0.02595    0.00282
 "DRIFT_86"           105.28449   -0.02620    0.00283
 "BI.DVT30"           105.47404   -0.02733    0.00290
 "DRIFT_87"           105.74329   -0.02893    0.00301
 "BI.BTV20"           105.86504   -0.02966    0.00305
 "DRIFT_88"           106.15839   -0.03140    0.00317
 "BI.QNO30"           106.68274   -0.03387    0.00343
 "DRIFT_89"           107.10389   -0.03225    0.00401
 "BI.BPM30"           107.29405   -0.03122    0.00431
 "DRIFT_90"           107.49762   -0.03013    0.00462
 "BI.QNO40"           107.93220   -0.02854    0.00516
 "DRIFT_91"           108.29362   -0.03054    0.00501
 "BI.DIS0"            108.62405   -0.03307    0.00476
 "DRIFT_92"           108.82905   -0.03464    0.00460
 "BI3.DIS1"           109.03405   -0.03621    0.00444
 "DRIFT_92"           109.23905   -0.03778    0.00428
 "BI3.DIS2"           109.44405   -0.03935    0.00412
 "DRIFT_93"           109.64905   -0.04092    0.00396
 "BI3.DIS3"           109.85405   -0.04249    0.00381
 "DRIFT_94"           110.05905   -0.04406    0.00364
 "BI3.DIS4"           110.26405   -0.04563    0.00349
 "DRIFT_95"           110.55556   -0.04787    0.00325
 "BI3.DVT40"          110.81056   -0.04982    0.00303
 "DRIFT_96"           111.82481   -0.05758    0.00227
 "BI.VPI12"           112.67556   -0.06408    0.00161
 "DRIFT_97"           114.78456   -0.08022   -0.00003
 "BI.BTV30"           116.89356   -0.09635   -0.00166
 "DRIFT_98"           117.73881   -0.10281   -0.00232
 "BI.SMVHDP"          118.58406   -0.10928   -0.00298
 "DRIFT_99"           118.69306   -0.11011   -0.00306
 "BI3.SMV10"          119.28206   -0.11462   -0.00352
 "DRIFT_100"          120.54347   -0.12427   -0.00450
 "BI3.BVT10"          121.68406   -0.13299   -0.00538
 "DRIFT_101"          122.19715   -0.13692   -0.00578
 "BI3.QNO50"          122.58406   -0.13533   -0.00628
 "DRIFT_102"          122.95906   -0.11402   -0.00769
 "BI3.QNO60"          123.33406   -0.09206   -0.00902
 "DRIFT_103"          123.72956   -0.08472   -0.00890
 "BI3.DHZ50"          123.89206   -0.08301   -0.00872
 "BI3.DVT50"          123.89206   -0.08301   -0.00872
 "DRIFT_104"          124.17556   -0.08001   -0.00839
 "BI3.BPM40"          124.45906   -0.07701   -0.00807
 "DRIFT_105"          125.05006   -0.07076   -0.00740
 "BI3.BTV40"          125.64106   -0.06452   -0.00673
 "DRIFT_106"          125.91431   -0.06163   -0.00642
 "BI3.VPI14"          126.18756   -0.05874   -0.00611
 "DRIFT_107"          126.38681   -0.05663   -0.00588
 "BI3.BCT20"          126.58606   -0.05453   -0.00566
 "DRIFT_108"          126.80906   -0.05217   -0.00540
 "BI3.BPM50"          127.03206   -0.04981   -0.00515
 "DRIFT_109"          127.29306   -0.04705   -0.00485
 "BI3.VVS20"          127.55406   -0.04429   -0.00456
 "DRIFT_110"          128.75406   -0.03161   -0.00319
 "BI3.DHZ70"          129.95406   -0.01892   -0.00183
 "BI3.DVT70"          129.95406   -0.01892   -0.00183
 "DRIFT_111"          130.58266   -0.01227   -0.00111
 "BI3.INJPT"          131.21126   -0.00563   -0.00040
 "BI3$END"            131.21126   -0.00563   -0.00040
 "LTLTBBI$END"        131.21126   -0.00563   -0.00040
