@ NAME             %05s "TWISS"
@ TYPE             %05s "TWISS"
@ SEQUENCE         %07s "LTLTBBI"
@ PARTICLE         %06s "PROTON"
@ MASS             %le     0.93827
@ CHARGE           %le     1.00000
@ ENERGY           %le     0.98827
@ PC               %le     0.31037
@ GAMMA            %le     1.05329
@ KBUNCH           %le     1.00000
@ BCURRENT         %le     0.00000
@ SIGE             %le     0.00100
@ SIGT             %le     0.00000
@ NPART            %le     0.00000
@ EX               %le     0.00004
@ EY               %le     0.00002
@ ET               %le     1.00000
@ LENGTH           %le   131.21126
@ ALFA             %le     0.00000
@ ORBIT5           %le    -0.00000
@ GAMMATR          %le     0.00000
@ Q1               %le     2.95007
@ Q2               %le     2.46898
@ DQ1              %le     0.00000
@ DQ2              %le     0.00000
@ DXMAX            %le    10.10612
@ DYMAX            %le     3.25182
@ XCOMAX           %le     0.12726
@ YCOMAX           %le     0.01684
@ BETXMAX          %le   111.32974
@ BETYMAX          %le   608.00384
@ XCORMS           %le     0.03255
@ YCORMS           %le     0.00719
@ DXRMS            %le     2.04693
@ DYRMS            %le     1.06693
@ DELTAP           %le     0.00000
@ SYNCH_1          %le     0.00000
@ SYNCH_2          %le     0.00000
@ SYNCH_3          %le     0.00000
@ SYNCH_4          %le     0.00000
@ SYNCH_5          %le     0.00000
@ TITLE            %65s "LT-LTB-BI 2014 optics. Protons - 310.3662354 MeV/c (E_kin=50 MeV)"
@ ORIGIN           %16s "5.02.04 Linux 64"
@ DATE             %08s "07/04/15"
@ TIME             %08s "14.43.11"
* NAME                        S          X          Y 
$ %s                        %le        %le        %le 
 "LTLTBBI$START"        0.00000    0.00000    0.00000
 "LT$START"             0.00000    0.00000    0.00000
 "BEGLT"                0.00000    0.00000    0.00000
 "DRIFT_0"              0.02400    0.00000    0.00000
 "LT.VVS10"             0.04800    0.00000    0.00000
 "DRIFT_1"              0.22300    0.00000    0.00000
 "LT.DHZ10"             0.39800    0.00000    0.00000
 "LT.DVT10"             0.39800    0.00000    0.00000
 "DRIFT_2"              0.89900    0.00000   -0.00025
 "LT.BPM10"             1.40000    0.00019   -0.00105
 "DRIFT_3"              1.62475   -0.00000   -0.00061
 "LT.QFN10"             1.97700    0.00126   -0.00512
 "DRIFT_4"              2.12575   -0.00020   -0.00167
 "LT.BEC1"              2.14700   -0.00023   -0.00180
 "DRIFT_5"              2.27850   -0.00041   -0.00265
 "LT.BCT10"             2.41000   -0.00060   -0.00349
 "DRIFT_6"              2.52975   -0.00077   -0.00426
 "LT.QDN12"             2.77700    0.00155   -0.00897
 "DRIFT_7"              2.99675   -0.00114   -0.00561
 "LT.BHZ10"             3.34200   -0.00116   -0.00514
 "DRIFT_8"              4.54000   -0.00122   -0.00348
 "LT.VPI11"             5.48500   -0.00127   -0.00218
 "DRIFT_9"              6.40975   -0.00131   -0.00090
 "LT.QFN20"             7.46200    0.00158   -0.00256
 "DRIFT_10"             7.71825   -0.00157    0.00059
 "LT.BEC2"              7.84700   -0.00168    0.00060
 "DRIFT_11"             8.09075   -0.00188    0.00063
 "LT.QDN22"             8.46200    0.00015   -0.00238
 "DRIFT_12"            10.15585   -0.00348    0.00222
 "LT.DHZ20"            11.72220   -0.00469    0.00365
 "LT.DVT20"            11.72220   -0.00469    0.00365
 "DRIFT_13"            12.45835   -0.00525    0.00432
 "LT.QFN30"            13.32200   -0.00326    0.00324
 "DRIFT_14"            13.82700   -0.00604    0.00582
 "LT.QDN32"            14.33200   -0.00523    0.00485
 "DRIFT_15"            14.79575   -0.00679    0.00674
 "LT.VPI2"             15.13200   -0.00727    0.00686
 "DRIFT_16"            16.15475   -0.00872    0.00721
 "LT.BPM20"            17.17750   -0.01045    0.00858
 "DRIFT_17"            17.72975   -0.01097    0.00776
 "LT.VGP11"            18.28200   -0.01176    0.00795
 "DRIFT_18"            18.56325   -0.01216    0.00804
 "LT.QFN40"            18.97200   -0.01200    0.00751
 "DRIFT_19"            19.47200   -0.01077    0.01005
 "LT.QDN42"            19.97200   -0.00853    0.01118
 "DRIFT_20"            20.24575   -0.00866    0.01174
 "LT.DHZ30"            20.39200   -0.00857    0.01167
 "LT.DVT30"            20.39200   -0.00857    0.01167
 "DRIFT_21"            20.69350   -0.00837    0.01152
 "LT.BPM30"            20.99500   -0.00849    0.01440
 "DRIFT_22"            21.37100   -0.00792    0.01118
 "LT.CDB10"            21.74700   -0.00767    0.01100
 "DRIFT_23"            22.21975   -0.00736    0.01076
 "LT.BCT20"            22.69250   -0.00704    0.01052
 "DRIFT_24"            23.08843   -0.00678    0.01033
 "LT.BHZ20"            24.00857   -0.00431    0.01107
 "DRIFT_25"            24.89995   -0.00515    0.00943
 "LT.VGP12"            25.26713   -0.00479    0.00925
 "DRIFT_26"            25.69113   -0.00438    0.00904
 "LT.STP10"            26.11513   -0.00396    0.00883
 "DRIFT_27"            27.74013   -0.00237    0.00802
 "LT.BEC3"             29.36513   -0.00078    0.00722
 "DRIFT_28"            29.93638   -0.00022    0.00693
 "LT.QFN50"            30.63513    0.00123    0.00734
 "DRIFT_29"            31.17388    0.00078    0.00761
 "LT.VPI14"            31.58513    0.00100    0.00851
 "DRIFT_30"            31.79513    0.00112    0.00896
 "LT.BEC4"             32.00513    0.00123    0.00942
 "DRIFT_31"            32.18563    0.00133    0.00981
 "LT.BCT30"            32.36613    0.00142    0.01020
 "DRIFT_32"            32.62563    0.00156    0.01076
 "LT.DHZ40"            32.88513    0.00170    0.01133
 "LT.DVT40"            32.88513    0.00170    0.01133
 "DRIFT_33"            33.46513    0.00201    0.01259
 "LT.BPM40"            34.04513    0.00215    0.01587
 "DRIFT_34"            34.37638    0.00250    0.01457
 "LT.QDN55"            34.83513    0.00426    0.01684
 "DRIFT_35"            35.07988    0.00310    0.01525
 "LT.VVS20"            35.19713    0.00326    0.01509
 "DRIFT_36"            37.38738    0.00638    0.01222
 "LT.QFN60"            39.70513    0.01084    0.01137
 "DRIFT_37"            40.65913    0.00927    0.00980
 "LT.QDN65"            41.61313    0.00886    0.01040
 "DRIFT_38"            41.87553    0.00909    0.01016
 "LT.BHZ25"            42.21314    0.00945    0.00978
 "DRIFT_39"            42.96299    0.01026    0.00893
 "LT.VPI25"            43.51013    0.01085    0.00831
 "DRIFT_40"            44.80814    0.01226    0.00684
 "LT.VPI26"            46.10614    0.01366    0.00537
 "DRIFT_41"            46.31014    0.01388    0.00514
 "LT.QFW70"            46.74513    0.01415    0.00447
 "DRIFT_42"            48.49188    0.00920    0.00491
 "LT.QDN75"            50.13513    0.00256    0.00419
 "DRIFT_43"            50.68389    0.00309    0.00484
 "LT.DHZ50"            51.10514    0.00204    0.00461
 "LT.DVT50"            51.10514    0.00204    0.00461
 "DRIFT_44"            51.42214    0.00125    0.00445
 "LT.BCT40"            51.73914    0.00046    0.00428
 "DRIFT_45"            51.98314   -0.00015    0.00415
 "LT.BPM50"            52.50514   -0.00169    0.00305
 "DRIFT_46"            53.12800   -0.00300    0.00354
 "ENDLT"               53.47286   -0.00385    0.00336
 "LT$END"              53.47286   -0.00385    0.00336
 "DRIFT_47"            53.47286   -0.00385    0.00336
 "LTB$START"           53.47287   -0.00385    0.00336
 "BEGLTB"              53.47287   -0.00385    0.00336
 "LT.BHZ30"            53.99860   -0.00510    0.00913
 "DRIFT_48"            54.86818   -0.00674    0.00260
 "LTB.DHZ10"           55.21204   -0.00735    0.00242
 "LTB.DVT10"           55.21204   -0.00735    0.00242
 "DRIFT_49"            55.47879   -0.00783    0.00228
 "LTB.STP10"           55.74554   -0.00830    0.00214
 "DRIFT_50"            55.93879   -0.00864    0.00203
 "LTB.VVS10"           56.13204   -0.00899    0.00193
 "DRIFT_51"            56.38079   -0.00943    0.00180
 "LTB.VPI11"           56.62954   -0.00987    0.00166
 "DRIFT_52"            57.39704   -0.01123    0.00125
 "LTB.QFN10"           58.29204   -0.01591   -0.00089
 "DRIFT_19"            58.79204   -0.01069    0.00034
 "LTB.QDN20"           59.29204   -0.01294   -0.00170
 "DRIFT_53"            59.57479   -0.00822   -0.00025
 "LTB.MSF30"           59.73004   -0.00794   -0.00034
 "DRIFT_54"            60.08379   -0.00729   -0.00054
 "LTB.BPM10"           60.43754   -0.01078   -0.00219
 "DRIFT_55"            60.62129   -0.00632   -0.00085
 "LTB.BCT49"           60.80504   -0.00598   -0.00096
 "DRIFT_56"            60.97354   -0.00567   -0.00105
 "LTB.DHZ20"           61.14204   -0.00537   -0.00115
 "LTB.DVT20"           61.14204   -0.00537   -0.00115
 "DRIFT_57"            62.60654   -0.00270   -0.00199
 "LTB.BCT50"           64.07104   -0.00004   -0.00284
 "DRIFT_58"            64.32604    0.00043   -0.00298
 "LTB.BCT55"           64.58104    0.00089   -0.00313
 "DRIFT_59"            66.11154    0.00367   -0.00401
 "LTB.BPM20"           67.64204   -0.00012   -0.00363
 "DRIFT_60"            67.89204    0.00691   -0.00503
 "LTB.DHZ30"           68.14204    0.00737   -0.00518
 "LTB.DVT30"           68.14204    0.00737   -0.00518
 "DRIFT_61"            68.47679    0.00798   -0.00537
 "LTB.QFW30"           69.04204    0.00213   -0.00426
 "DRIFT_62"            69.54204    0.00967   -0.00648
 "LTB.QDW40"           70.04204    0.00298   -0.00568
 "DRIFT_63"            72.59679    0.01598   -0.00700
 "LTB.BCT59"           74.92104    0.02109   -0.00683
 "DRIFT_64"            75.19254    0.02169   -0.00681
 "LTB.VPI12"           75.46404    0.02229   -0.00679
 "DRIFT_65"            75.68904    0.02278   -0.00677
 "LTB.VGR01"           75.91404    0.02328   -0.00676
 "DRIFT_66"            76.94704    0.02555   -0.00668
 "LTB.VPI13"           77.98004    0.02782   -0.00661
 "DRIFT_67"            78.24504    0.02840   -0.00659
 "LTB.MSF40"           78.51004    0.02898   -0.00657
 "DRIFT_68"            78.72604    0.02946   -0.00655
 "LTB.BCT60"           78.94204    0.02993   -0.00654
 "DRIFT_69"            79.15179    0.03039   -0.00652
 "LTB.QFW50"           79.59204    0.01995   -0.00237
 "DRIFT_70"            80.24204    0.02800   -0.00702
 "LTB.QDW60"           80.89204    0.01421   -0.00265
 "DRIFT_69"            81.33229    0.02548   -0.00737
 "LTB.DHZ40"           81.54204    0.02562   -0.00732
 "LTB.DVT40"           81.54204    0.02562   -0.00732
 "DRIFT_71"            81.79404    0.02579   -0.00726
 "LTB.BPM30"           82.04604    0.01425   -0.00233
 "DRIFT_72"            82.37704    0.02618   -0.00713
 "ENDLTB"              82.70804    0.02640   -0.00705
 "LTB$END"             82.70804    0.02640   -0.00705
 "BI3$START"           82.70804    0.02640   -0.00705
 "BEGBI"               82.70804    0.02640   -0.00705
 "LTB.BHZ40"           83.15804    0.01636   -0.00147
 "DRIFT_73"            83.94804    0.02723   -0.00677
 "BI.VPI11"            84.28804    0.02745   -0.00669
 "DRIFT_74"            86.78004    0.02911   -0.00612
 "BI.DHZ10"            89.27204    0.03077   -0.00555
 "BI.DVT10"            89.27204    0.03077   -0.00555
 "DRIFT_75"            89.51554    0.03094   -0.00549
 "BI.BPM00"            89.75904    0.03110   -0.00544
 "DRIFT_76"            90.21004    0.03140   -0.00533
 "BI.BTV10"            90.66104    0.03170   -0.00523
 "DRIFT_77"            90.94904    0.03189   -0.00516
 "BI.STPFA10"          91.23704    0.03208   -0.00510
 "DRIFT_78"            92.85004    0.03316   -0.00473
 "BI.STPSW10"          94.46304    0.03424   -0.00436
 "DRIFT_79"            94.83754    0.03448   -0.00427
 "BI.BPM10"            95.21204    0.03473   -0.00419
 "DRIFT_80"            95.45204    0.03489   -0.00413
 "BI.DHZ20"            95.69204    0.03505   -0.00408
 "BI.DVT20"            95.69204    0.03505   -0.00408
 "DRIFT_81"            95.89654    0.03519   -0.00403
 "BI.QNO10"            96.33204    0.03442   -0.00405
 "DRIFT_82"            96.83204    0.02688   -0.00487
 "BI.QNO20"            97.33204    0.01909   -0.00563
 "DRIFT_83"           100.98834   -0.00158   -0.00058
 "BI.BPM20"           104.41364   -0.02037    0.00433
 "DRIFT_84"           104.63844   -0.02160    0.00465
 "BI.BCT10"           104.86324   -0.02283    0.00497
 "DRIFT_85"           105.05284   -0.02387    0.00524
 "BI.VVS10"           105.24244   -0.02491    0.00551
 "DRIFT_86"           105.28449   -0.02514    0.00557
 "BI.DVT30"           105.47404   -0.02618    0.00584
 "DRIFT_87"           105.74329   -0.02766    0.00623
 "BI.BTV20"           105.86504   -0.02833    0.00641
 "DRIFT_88"           106.15839   -0.02994    0.00683
 "BI.QNO30"           106.68274   -0.03219    0.00772
 "DRIFT_89"           107.10389   -0.03058    0.00927
 "BI.BPM30"           107.29405   -0.02958    0.01004
 "DRIFT_90"           107.49762   -0.02850    0.01086
 "BI.QNO40"           107.93220   -0.02691    0.01231
 "DRIFT_91"           108.29362   -0.02873    0.01210
 "BI.DIS0"            108.62405   -0.03105    0.01161
 "DRIFT_92"           108.82905   -0.03249    0.01130
 "BI3.DIS1"           109.03405   -0.03393    0.01100
 "DRIFT_92"           109.23905   -0.03536    0.01069
 "BI3.DIS2"           109.44405   -0.03680    0.01039
 "DRIFT_93"           109.64905   -0.03824    0.01008
 "BI3.DIS3"           109.85405   -0.03968    0.00979
 "DRIFT_94"           110.05905   -0.04112    0.00947
 "BI3.DIS4"           110.26405   -0.04256    0.00918
 "DRIFT_95"           110.55556   -0.04460    0.00874
 "BI3.DVT40"          110.81056   -0.04639    0.00834
 "DRIFT_96"           111.82481   -0.05350    0.00686
 "BI.VPI12"           112.67556   -0.05946    0.00559
 "DRIFT_97"           114.78456   -0.07424    0.00246
 "BI.BTV30"           116.89356   -0.08901   -0.00067
 "DRIFT_98"           117.73881   -0.09494   -0.00192
 "BI.SMVHDP"          118.58406   -0.10086   -0.00317
 "DRIFT_99"           118.69306   -0.10162   -0.00334
 "BI3.SMV10"          119.28206   -0.10575   -0.00421
 "DRIFT_100"          120.54347   -0.11459   -0.00608
 "BI3.BVT10"          121.68406   -0.12258   -0.00777
 "DRIFT_101"          122.19715   -0.12618   -0.00854
 "BI3.QNO50"          122.58406   -0.12470   -0.00940
 "DRIFT_102"          122.95906   -0.10505   -0.01164
 "BI3.QNO60"          123.33406   -0.08480   -0.01375
 "DRIFT_103"          123.72956   -0.07801   -0.01365
 "BI3.DHZ50"          123.89206   -0.07642   -0.01340
 "BI3.DVT50"          123.89206   -0.07642   -0.01340
 "DRIFT_104"          124.17556   -0.07364   -0.01297
 "BI3.BPM40"          124.45906   -0.07086   -0.01253
 "DRIFT_105"          125.05006   -0.06507   -0.01163
 "BI3.BTV40"          125.64106   -0.05928   -0.01073
 "DRIFT_106"          125.91431   -0.05660   -0.01032
 "BI3.VPI14"          126.18756   -0.05392   -0.00990
 "DRIFT_107"          126.38681   -0.05197   -0.00960
 "BI3.BCT20"          126.58606   -0.05001   -0.00930
 "DRIFT_108"          126.80906   -0.04783   -0.00896
 "BI3.BPM50"          127.03206   -0.04564   -0.00862
 "DRIFT_109"          127.29306   -0.04308   -0.00822
 "BI3.VVS20"          127.55406   -0.04052   -0.00782
 "DRIFT_110"          128.75406   -0.02876   -0.00599
 "BI3.DHZ70"          129.95406   -0.01700   -0.00417
 "BI3.DVT70"          129.95406   -0.01700   -0.00417
 "DRIFT_111"          130.58266   -0.01084   -0.00321
 "BI3.INJPT"          131.21126   -0.00467   -0.00225
 "BI3$END"            131.21126   -0.00467   -0.00225
 "LTLTBBI$END"        131.21126   -0.00467   -0.00225
