@ NAME             %05s "TWISS"
@ TYPE             %05s "TWISS"
@ SEQUENCE         %07s "LTLTBBI"
@ PARTICLE         %06s "PROTON"
@ MASS             %le     0.93827
@ CHARGE           %le     1.00000
@ ENERGY           %le     0.98827
@ PC               %le     0.31037
@ GAMMA            %le     1.05329
@ KBUNCH           %le     1.00000
@ BCURRENT         %le     0.00000
@ SIGE             %le     0.00100
@ SIGT             %le     0.00000
@ NPART            %le     0.00000
@ EX               %le     0.00004
@ EY               %le     0.00002
@ ET               %le     1.00000
@ LENGTH           %le   131.21126
@ ALFA             %le     0.00000
@ ORBIT5           %le    -0.00000
@ GAMMATR          %le     0.00000
@ Q1               %le     2.95003
@ Q2               %le     2.46893
@ DQ1              %le     0.00000
@ DQ2              %le     0.00000
@ DXMAX            %le    10.15492
@ DYMAX            %le     2.65104
@ XCOMAX           %le     0.12176
@ YCOMAX           %le     0.01408
@ BETXMAX          %le   111.34322
@ BETYMAX          %le   608.48139
@ XCORMS           %le     0.03114
@ YCORMS           %le     0.00581
@ DXRMS            %le     2.08958
@ DYRMS            %le     0.87401
@ DELTAP           %le     0.00000
@ SYNCH_1          %le     0.00000
@ SYNCH_2          %le     0.00000
@ SYNCH_3          %le     0.00000
@ SYNCH_4          %le     0.00000
@ SYNCH_5          %le     0.00000
@ TITLE            %65s "LT-LTB-BI 2014 optics. Protons - 310.3662354 MeV/c (E_kin=50 MeV)"
@ ORIGIN           %16s "5.02.04 Linux 64"
@ DATE             %08s "07/04/15"
@ TIME             %08s "14.43.10"
* NAME                        S          X          Y 
$ %s                        %le        %le        %le 
 "LTLTBBI$START"        0.00000    0.00000    0.00000
 "LT$START"             0.00000    0.00000    0.00000
 "BEGLT"                0.00000    0.00000    0.00000
 "DRIFT_0"              0.02400    0.00000    0.00000
 "LT.VVS10"             0.04800    0.00000    0.00000
 "DRIFT_1"              0.22300    0.00000    0.00000
 "LT.DHZ10"             0.39800    0.00000    0.00000
 "LT.DVT10"             0.39800    0.00000    0.00000
 "DRIFT_2"              0.89900   -0.00025    0.00000
 "LT.BPM10"             1.40000   -0.00031   -0.00055
 "DRIFT_3"              1.62475   -0.00061    0.00000
 "LT.QFN10"             1.97700    0.00050   -0.00430
 "DRIFT_4"              2.12575   -0.00094   -0.00068
 "LT.BEC1"              2.14700   -0.00096   -0.00078
 "DRIFT_5"              2.27850   -0.00110   -0.00144
 "LT.BCT10"             2.41000   -0.00124   -0.00209
 "DRIFT_6"              2.52975   -0.00137   -0.00268
 "LT.QDN12"             2.77700    0.00104   -0.00708
 "DRIFT_7"              2.99675   -0.00166   -0.00371
 "LT.BHZ10"             3.34200   -0.00171   -0.00330
 "DRIFT_8"              4.54000   -0.00189   -0.00188
 "LT.VPI11"             5.48500   -0.00202   -0.00076
 "DRIFT_9"              6.40975   -0.00215    0.00033
 "LT.QFN20"             7.46200    0.00066   -0.00152
 "DRIFT_10"             7.71825   -0.00242    0.00169
 "LT.BEC2"              7.84700   -0.00248    0.00175
 "DRIFT_11"             8.09075   -0.00259    0.00186
 "LT.QDN22"             8.46200   -0.00044   -0.00105
 "DRIFT_12"            10.15585   -0.00380    0.00335
 "LT.DHZ20"            11.72220   -0.00475    0.00459
 "LT.DVT20"            11.72220   -0.00475    0.00459
 "DRIFT_13"            12.45835   -0.00520    0.00516
 "LT.QFN30"            13.32200   -0.00307    0.00399
 "DRIFT_14"            13.82700   -0.00579    0.00656
 "LT.QDN32"            14.33200   -0.00491    0.00559
 "DRIFT_15"            14.79575   -0.00638    0.00741
 "LT.VPI2"             15.13200   -0.00679    0.00747
 "DRIFT_16"            16.15475   -0.00804    0.00765
 "LT.BPM20"            17.17750   -0.00956    0.00885
 "DRIFT_17"            17.72975   -0.00997    0.00793
 "LT.VGP11"            18.28200   -0.01064    0.00803
 "DRIFT_18"            18.56325   -0.01099    0.00808
 "LT.QFN40"            18.97200   -0.01076    0.00748
 "DRIFT_19"            19.47200   -0.00969    0.00992
 "LT.QDN42"            19.97200   -0.00761    0.01096
 "DRIFT_20"            20.24575   -0.00776    0.01150
 "LT.DHZ30"            20.39200   -0.00766    0.01141
 "LT.DVT30"            20.39200   -0.00766    0.01141
 "DRIFT_21"            20.69350   -0.00746    0.01123
 "LT.BPM30"            20.99500   -0.00758    0.01408
 "DRIFT_22"            21.37100   -0.00701    0.01082
 "LT.CDB10"            21.74700   -0.00676    0.01060
 "DRIFT_23"            22.21975   -0.00645    0.01031
 "LT.BCT20"            22.69250   -0.00613    0.01003
 "DRIFT_24"            23.08843   -0.00587    0.00979
 "LT.BHZ20"            24.00857   -0.00340    0.01044
 "DRIFT_25"            24.89995   -0.00430    0.00871
 "LT.VGP12"            25.26713   -0.00396    0.00849
 "DRIFT_26"            25.69113   -0.00357    0.00823
 "LT.STP10"            26.11513   -0.00319    0.00798
 "DRIFT_27"            27.74013   -0.00170    0.00701
 "LT.BEC3"             29.36513   -0.00021    0.00604
 "DRIFT_28"            29.93638    0.00031    0.00569
 "LT.QFN50"            30.63513    0.00170    0.00601
 "DRIFT_29"            31.17388    0.00115    0.00601
 "LT.VPI14"            31.58513    0.00127    0.00666
 "DRIFT_30"            31.79513    0.00134    0.00700
 "LT.BEC4"             32.00513    0.00140    0.00733
 "DRIFT_31"            32.18563    0.00145    0.00762
 "LT.BCT30"            32.36613    0.00151    0.00790
 "DRIFT_32"            32.62563    0.00159    0.00831
 "LT.DHZ40"            32.88513    0.00166    0.00873
 "LT.DVT40"            32.88513    0.00166    0.00873
 "DRIFT_33"            33.46513    0.00184    0.00965
 "LT.BPM40"            34.04513    0.00183    0.01258
 "DRIFT_34"            34.37638    0.00211    0.01109
 "LT.QDN55"            34.83513    0.00376    0.01312
 "DRIFT_35"            35.07988    0.00252    0.01155
 "LT.VVS20"            35.19713    0.00264    0.01141
 "DRIFT_36"            37.38738    0.00501    0.00894
 "LT.QFN60"            39.70513    0.00869    0.00850
 "DRIFT_37"            40.65913    0.00714    0.00665
 "LT.QDN65"            41.61313    0.00675    0.00697
 "DRIFT_38"            41.87553    0.00691    0.00678
 "LT.BHZ25"            42.21314    0.00716    0.00649
 "DRIFT_39"            42.96299    0.00772    0.00585
 "LT.VPI25"            43.51013    0.00812    0.00539
 "DRIFT_40"            44.80814    0.00909    0.00428
 "LT.VPI26"            46.10614    0.01006    0.00318
 "DRIFT_41"            46.31014    0.01021    0.00300
 "LT.QFW70"            46.74513    0.01040    0.00243
 "DRIFT_42"            48.49188    0.00667    0.00237
 "LT.QDN75"            50.13513    0.00119    0.00117
 "DRIFT_43"            50.68389    0.00200    0.00191
 "LT.DHZ50"            51.10514    0.00116    0.00176
 "LT.DVT50"            51.10514    0.00116    0.00176
 "DRIFT_44"            51.42214    0.00053    0.00165
 "LT.BCT40"            51.73914   -0.00010    0.00154
 "DRIFT_45"            51.98314   -0.00058    0.00145
 "LT.BPM50"            52.50514   -0.00186    0.00045
 "DRIFT_46"            53.12800   -0.00286    0.00105
 "ENDLT"               53.47286   -0.00355    0.00093
 "LT$END"              53.47286   -0.00355    0.00093
 "DRIFT_47"            53.47286   -0.00355    0.00093
 "LTB$START"           53.47287   -0.00355    0.00093
 "BEGLTB"              53.47287   -0.00355    0.00093
 "LT.BHZ30"            53.99860   -0.00453    0.00681
 "DRIFT_48"            54.86818   -0.00580    0.00044
 "LTB.DHZ10"           55.21204   -0.00627    0.00032
 "LTB.DVT10"           55.21204   -0.00627    0.00032
 "DRIFT_49"            55.47879   -0.00663    0.00023
 "LTB.STP10"           55.74554   -0.00699    0.00013
 "DRIFT_50"            55.93879   -0.00725    0.00006
 "LTB.VVS10"           56.13204   -0.00752   -0.00000
 "DRIFT_51"            56.38079   -0.00785   -0.00009
 "LTB.VPI11"           56.62954   -0.00819   -0.00018
 "DRIFT_52"            57.39704   -0.00923   -0.00045
 "LTB.QFN10"           58.29204   -0.01357   -0.00245
 "DRIFT_19"            58.79204   -0.00855   -0.00140
 "LTB.QDN20"           59.29204   -0.01100   -0.00362
 "DRIFT_53"            59.57479   -0.00632   -0.00220
 "LTB.MSF30"           59.73004   -0.00605   -0.00230
 "DRIFT_54"            60.08379   -0.00544   -0.00253
 "LTB.BPM10"           60.43754   -0.00897   -0.00420
 "DRIFT_55"            60.62129   -0.00452   -0.00287
 "LTB.BCT49"           60.80504   -0.00420   -0.00299
 "DRIFT_56"            60.97354   -0.00391   -0.00310
 "LTB.DHZ20"           61.14204   -0.00362   -0.00321
 "LTB.DVT20"           61.14204   -0.00362   -0.00321
 "DRIFT_57"            62.60654   -0.00111   -0.00414
 "LTB.BCT50"           64.07104    0.00140   -0.00508
 "DRIFT_58"            64.32604    0.00184   -0.00525
 "LTB.BCT55"           64.58104    0.00228   -0.00541
 "DRIFT_59"            66.11154    0.00491   -0.00639
 "LTB.BPM20"           67.64204    0.00096   -0.00612
 "DRIFT_60"            67.89204    0.00796   -0.00754
 "LTB.DHZ30"           68.14204    0.00839   -0.00770
 "LTB.DVT30"           68.14204    0.00839   -0.00770
 "DRIFT_61"            68.47679    0.00897   -0.00791
 "LTB.QFW30"           69.04204    0.00305   -0.00687
 "DRIFT_62"            69.54204    0.01044   -0.00940
 "LTB.QDW40"           70.04204    0.00362   -0.00884
 "DRIFT_63"            72.59679    0.01629   -0.00959
 "LTB.BCT59"           74.92104    0.02111   -0.00885
 "DRIFT_64"            75.19254    0.02168   -0.00877
 "LTB.VPI12"           75.46404    0.02224   -0.00868
 "DRIFT_65"            75.68904    0.02270   -0.00861
 "LTB.VGR01"           75.91404    0.02317   -0.00854
 "DRIFT_66"            76.94704    0.02531   -0.00821
 "LTB.VPI13"           77.98004    0.02745   -0.00788
 "DRIFT_67"            78.24504    0.02800   -0.00780
 "LTB.MSF40"           78.51004    0.02855   -0.00772
 "DRIFT_68"            78.72604    0.02900   -0.00765
 "LTB.BCT60"           78.94204    0.02945   -0.00758
 "DRIFT_69"            79.15179    0.02988   -0.00751
 "LTB.QFW50"           79.59204    0.01941   -0.00329
 "DRIFT_70"            80.24204    0.02749   -0.00797
 "LTB.QDW60"           80.89204    0.01373   -0.00363
 "DRIFT_69"            81.33229    0.02495   -0.00823
 "LTB.DHZ40"           81.54204    0.02507   -0.00812
 "LTB.DVT40"           81.54204    0.02507   -0.00812
 "DRIFT_71"            81.79404    0.02521   -0.00799
 "LTB.BPM30"           82.04604    0.01364   -0.00300
 "DRIFT_72"            82.37704    0.02552   -0.00769
 "ENDLTB"              82.70804    0.02571   -0.00752
 "LTB$END"             82.70804    0.02571   -0.00752
 "BI3$START"           82.70804    0.02571   -0.00752
 "BEGBI"               82.70804    0.02571   -0.00752
 "LTB.BHZ40"           83.15804    0.01561   -0.00181
 "DRIFT_73"            83.94804    0.02639   -0.00688
 "BI.VPI11"            84.28804    0.02657   -0.00670
 "DRIFT_74"            86.78004    0.02794   -0.00542
 "BI.DHZ10"            89.27204    0.02930   -0.00414
 "BI.DVT10"            89.27204    0.02930   -0.00414
 "DRIFT_75"            89.51554    0.02944   -0.00401
 "BI.BPM00"            89.75904    0.02957   -0.00389
 "DRIFT_76"            90.21004    0.02982   -0.00365
 "BI.BTV10"            90.66104    0.03007   -0.00342
 "DRIFT_77"            90.94904    0.03022   -0.00327
 "BI.STPFA10"          91.23704    0.03038   -0.00312
 "DRIFT_78"            92.85004    0.03127   -0.00229
 "BI.STPSW10"          94.46304    0.03215   -0.00146
 "DRIFT_79"            94.83754    0.03235   -0.00127
 "BI.BPM10"            95.21204    0.03256   -0.00108
 "DRIFT_80"            95.45204    0.03269   -0.00095
 "BI.DHZ20"            95.69204    0.03282   -0.00083
 "BI.DVT20"            95.69204    0.03282   -0.00083
 "DRIFT_81"            95.89654    0.03294   -0.00072
 "BI.QNO10"            96.33204    0.03219   -0.00052
 "DRIFT_82"            96.83204    0.02510   -0.00038
 "BI.QNO20"            97.33204    0.01777   -0.00025
 "DRIFT_83"           100.98834   -0.00199    0.00117
 "BI.BPM20"           104.41364   -0.01998    0.00251
 "DRIFT_84"           104.63844   -0.02116    0.00260
 "BI.BCT10"           104.86324   -0.02234    0.00269
 "DRIFT_85"           105.05284   -0.02334    0.00276
 "BI.VVS10"           105.24244   -0.02433    0.00284
 "DRIFT_86"           105.28449   -0.02455    0.00286
 "BI.DVT30"           105.47404   -0.02555    0.00293
 "DRIFT_87"           105.74329   -0.02696    0.00303
 "BI.BTV20"           105.86504   -0.02760    0.00308
 "DRIFT_88"           106.15839   -0.02914    0.00320
 "BI.QNO30"           106.68274   -0.03129    0.00347
 "DRIFT_89"           107.10389   -0.02969    0.00406
 "BI.BPM30"           107.29405   -0.02870    0.00436
 "DRIFT_90"           107.49762   -0.02764    0.00467
 "BI.QNO40"           107.93220   -0.02606    0.00522
 "DRIFT_91"           108.29362   -0.02778    0.00508
 "BI.DIS0"            108.62405   -0.02999    0.00482
 "DRIFT_92"           108.82905   -0.03136    0.00466
 "BI3.DIS1"           109.03405   -0.03274    0.00450
 "DRIFT_92"           109.23905   -0.03411    0.00434
 "BI3.DIS2"           109.44405   -0.03548    0.00418
 "DRIFT_93"           109.64905   -0.03685    0.00402
 "BI3.DIS3"           109.85405   -0.03822    0.00386
 "DRIFT_94"           110.05905   -0.03960    0.00369
 "BI3.DIS4"           110.26405   -0.04097    0.00354
 "DRIFT_95"           110.55556   -0.04292    0.00330
 "BI3.DVT40"          110.81056   -0.04462    0.00309
 "DRIFT_96"           111.82481   -0.05140    0.00231
 "BI.VPI12"           112.67556   -0.05709    0.00165
 "DRIFT_97"           114.78456   -0.07119    0.00000
 "BI.BTV30"           116.89356   -0.08528   -0.00165
 "DRIFT_98"           117.73881   -0.09093   -0.00231
 "BI.SMVHDP"          118.58406   -0.09658   -0.00297
 "DRIFT_99"           118.69306   -0.09731   -0.00305
 "BI3.SMV10"          119.28206   -0.10125   -0.00352
 "DRIFT_100"          120.54347   -0.10968   -0.00450
 "BI3.BVT10"          121.68406   -0.11730   -0.00539
 "DRIFT_101"          122.19715   -0.12073   -0.00579
 "BI3.QNO50"          122.58406   -0.11931   -0.00629
 "DRIFT_102"          122.95906   -0.10050   -0.00771
 "BI3.QNO60"          123.33406   -0.08112   -0.00905
 "DRIFT_103"          123.72956   -0.07461   -0.00893
 "BI3.DHZ50"          123.89206   -0.07308   -0.00874
 "BI3.DVT50"          123.89206   -0.07308   -0.00874
 "DRIFT_104"          124.17556   -0.07042   -0.00842
 "BI3.BPM40"          124.45906   -0.06775   -0.00810
 "DRIFT_105"          125.05006   -0.06219   -0.00743
 "BI3.BTV40"          125.64106   -0.05663   -0.00675
 "DRIFT_106"          125.91431   -0.05406   -0.00644
 "BI3.VPI14"          126.18756   -0.05149   -0.00613
 "DRIFT_107"          126.38681   -0.04961   -0.00591
 "BI3.BCT20"          126.58606   -0.04774   -0.00568
 "DRIFT_108"          126.80906   -0.04564   -0.00543
 "BI3.BPM50"          127.03206   -0.04354   -0.00517
 "DRIFT_109"          127.29306   -0.04108   -0.00487
 "BI3.VVS20"          127.55406   -0.03863   -0.00458
 "DRIFT_110"          128.75406   -0.02734   -0.00321
 "BI3.DHZ70"          129.95406   -0.01605   -0.00185
 "BI3.DVT70"          129.95406   -0.01605   -0.00185
 "DRIFT_111"          130.58266   -0.01013   -0.00113
 "BI3.INJPT"          131.21126   -0.00422   -0.00042
 "BI3$END"            131.21126   -0.00422   -0.00042
 "LTLTBBI$END"        131.21126   -0.00422   -0.00042
