@ NAME             %05s "TWISS"
@ TYPE             %05s "TWISS"
@ SEQUENCE         %07s "LTLTBBI"
@ PARTICLE         %06s "PROTON"
@ MASS             %le     0.93827
@ CHARGE           %le     1.00000
@ ENERGY           %le     0.98827
@ PC               %le     0.31037
@ GAMMA            %le     1.05329
@ KBUNCH           %le     1.00000
@ BCURRENT         %le     0.00000
@ SIGE             %le     0.00100
@ SIGT             %le     0.00000
@ NPART            %le     0.00000
@ EX               %le     0.00004
@ EY               %le     0.00002
@ ET               %le     1.00000
@ LENGTH           %le   131.21126
@ ALFA             %le     0.00000
@ ORBIT5           %le    -0.00000
@ GAMMATR          %le     0.00000
@ Q1               %le     2.95004
@ Q2               %le     2.46882
@ DQ1              %le     0.00000
@ DQ2              %le     0.00000
@ DXMAX            %le    10.18215
@ DYMAX            %le     2.65123
@ XCOMAX           %le     0.10993
@ YCOMAX           %le     0.01408
@ BETXMAX          %le   111.37216
@ BETYMAX          %le   609.48494
@ XCORMS           %le     0.02818
@ YCORMS           %le     0.00581
@ DXRMS            %le     2.17451
@ DYRMS            %le     0.87410
@ DELTAP           %le     0.00000
@ SYNCH_1          %le     0.00000
@ SYNCH_2          %le     0.00000
@ SYNCH_3          %le     0.00000
@ SYNCH_4          %le     0.00000
@ SYNCH_5          %le     0.00000
@ TITLE            %65s "LT-LTB-BI 2014 optics. Protons - 310.3662354 MeV/c (E_kin=50 MeV)"
@ ORIGIN           %16s "5.02.04 Linux 64"
@ DATE             %08s "07/04/15"
@ TIME             %08s "14.43.10"
* NAME                        S          X          Y 
$ %s                        %le        %le        %le 
 "LTLTBBI$START"        0.00000    0.00000    0.00000
 "LT$START"             0.00000    0.00000    0.00000
 "BEGLT"                0.00000    0.00000    0.00000
 "DRIFT_0"              0.02400    0.00000    0.00000
 "LT.VVS10"             0.04800    0.00000    0.00000
 "DRIFT_1"              0.22300    0.00000    0.00000
 "LT.DHZ10"             0.39800    0.00000    0.00000
 "LT.DVT10"             0.39800    0.00000    0.00000
 "DRIFT_2"              0.89900    0.00000    0.00000
 "LT.BPM10"             1.40000    0.00019   -0.00055
 "DRIFT_3"              1.62475    0.00000    0.00000
 "LT.QFN10"             1.97700    0.00126   -0.00430
 "DRIFT_4"              2.12575   -0.00020   -0.00068
 "LT.BEC1"              2.14700   -0.00023   -0.00078
 "DRIFT_5"              2.27850   -0.00041   -0.00144
 "LT.BCT10"             2.41000   -0.00060   -0.00209
 "DRIFT_6"              2.52975   -0.00077   -0.00268
 "LT.QDN12"             2.77700    0.00155   -0.00708
 "DRIFT_7"              2.99675   -0.00114   -0.00371
 "LT.BHZ10"             3.34200   -0.00116   -0.00330
 "DRIFT_8"              4.54000   -0.00122   -0.00188
 "LT.VPI11"             5.48500   -0.00127   -0.00076
 "DRIFT_9"              6.40975   -0.00131    0.00033
 "LT.QFN20"             7.46200    0.00158   -0.00152
 "DRIFT_10"             7.71825   -0.00157    0.00169
 "LT.BEC2"              7.84700   -0.00168    0.00175
 "DRIFT_11"             8.09075   -0.00188    0.00186
 "LT.QDN22"             8.46200    0.00015   -0.00105
 "DRIFT_12"            10.15585   -0.00348    0.00335
 "LT.DHZ20"            11.72220   -0.00469    0.00459
 "LT.DVT20"            11.72220   -0.00469    0.00459
 "DRIFT_13"            12.45835   -0.00488    0.00516
 "LT.QFN30"            13.32200   -0.00245    0.00399
 "DRIFT_14"            13.82700   -0.00505    0.00656
 "LT.QDN32"            14.33200   -0.00404    0.00559
 "DRIFT_15"            14.79575   -0.00532    0.00741
 "LT.VPI2"             15.13200   -0.00559    0.00747
 "DRIFT_16"            16.15475   -0.00640    0.00765
 "LT.BPM20"            17.17750   -0.00747    0.00885
 "DRIFT_17"            17.72975   -0.00764    0.00793
 "LT.VGP11"            18.28200   -0.00807    0.00803
 "DRIFT_18"            18.56325   -0.00829    0.00808
 "LT.QFN40"            18.97200   -0.00793    0.00748
 "DRIFT_19"            19.47200   -0.00724    0.00992
 "LT.QDN42"            19.97200   -0.00553    0.01096
 "DRIFT_20"            20.24575   -0.00571    0.01150
 "LT.DHZ30"            20.39200   -0.00562    0.01141
 "LT.DVT30"            20.39200   -0.00562    0.01141
 "DRIFT_21"            20.69350   -0.00543    0.01123
 "LT.BPM30"            20.99500   -0.00556    0.01408
 "DRIFT_22"            21.37100   -0.00500    0.01082
 "LT.CDB10"            21.74700   -0.00476    0.01060
 "DRIFT_23"            22.21975   -0.00446    0.01031
 "LT.BCT20"            22.69250   -0.00416    0.01003
 "DRIFT_24"            23.08843   -0.00391    0.00979
 "LT.BHZ20"            24.00857   -0.00149    0.01044
 "DRIFT_25"            24.89995   -0.00253    0.00871
 "LT.VGP12"            25.26713   -0.00225    0.00849
 "DRIFT_26"            25.69113   -0.00194    0.00823
 "LT.STP10"            26.11513   -0.00162    0.00798
 "DRIFT_27"            27.74013   -0.00041    0.00701
 "LT.BEC3"             29.36513    0.00079    0.00603
 "DRIFT_28"            29.93638    0.00122    0.00569
 "LT.QFN50"            30.63513    0.00247    0.00600
 "DRIFT_29"            31.17388    0.00170    0.00601
 "LT.VPI14"            31.58513    0.00164    0.00666
 "DRIFT_30"            31.79513    0.00161    0.00699
 "LT.BEC4"             32.00513    0.00158    0.00733
 "DRIFT_31"            32.18563    0.00155    0.00761
 "LT.BCT30"            32.36613    0.00153    0.00790
 "DRIFT_32"            32.62563    0.00149    0.00831
 "LT.DHZ40"            32.88513    0.00145    0.00872
 "LT.DVT40"            32.88513    0.00145    0.00872
 "DRIFT_33"            33.46513    0.00137    0.00964
 "LT.BPM40"            34.04513    0.00110    0.01258
 "DRIFT_34"            34.37638    0.00123    0.01108
 "LT.QDN55"            34.83513    0.00267    0.01311
 "DRIFT_35"            35.07988    0.00126    0.01154
 "LT.VVS20"            35.19713    0.00131    0.01141
 "DRIFT_36"            37.38738    0.00220    0.00894
 "LT.QFN60"            39.70513    0.00432    0.00849
 "DRIFT_37"            40.65913    0.00283    0.00664
 "LT.QDN65"            41.61313    0.00250    0.00696
 "DRIFT_38"            41.87553    0.00251    0.00677
 "LT.BHZ25"            42.21314    0.00254    0.00649
 "DRIFT_39"            42.96299    0.00261    0.00585
 "LT.VPI25"            43.51013    0.00266    0.00538
 "DRIFT_40"            44.80814    0.00277    0.00428
 "LT.VPI26"            46.10614    0.00289    0.00317
 "DRIFT_41"            46.31014    0.00291    0.00300
 "LT.QFW70"            46.74513    0.00295    0.00242
 "DRIFT_42"            48.49188    0.00163    0.00236
 "LT.QDN75"            50.13513   -0.00152    0.00116
 "DRIFT_43"            50.68389   -0.00012    0.00190
 "LT.DHZ50"            51.10514   -0.00053    0.00175
 "LT.DVT50"            51.10514   -0.00053    0.00175
 "DRIFT_44"            51.42214   -0.00085    0.00164
 "LT.BCT40"            51.73914   -0.00116    0.00153
 "DRIFT_45"            51.98314   -0.00140    0.00145
 "LT.BPM50"            52.50514   -0.00216    0.00045
 "DRIFT_46"            53.12800   -0.00252    0.00105
 "ENDLT"               53.47286   -0.00286    0.00093
 "LT$END"              53.47286   -0.00286    0.00093
 "DRIFT_47"            53.47286   -0.00286    0.00093
 "LTB$START"           53.47287   -0.00286    0.00093
 "BEGLTB"              53.47287   -0.00286    0.00093
 "LT.BHZ30"            53.99860   -0.00333    0.00680
 "DRIFT_48"            54.86818   -0.00384    0.00044
 "LTB.DHZ10"           55.21204   -0.00402    0.00032
 "LTB.DVT10"           55.21204   -0.00402    0.00032
 "DRIFT_49"            55.47879   -0.00416    0.00022
 "LTB.STP10"           55.74554   -0.00429    0.00013
 "DRIFT_50"            55.93879   -0.00439    0.00006
 "LTB.VVS10"           56.13204   -0.00450   -0.00001
 "DRIFT_51"            56.38079   -0.00462   -0.00009
 "LTB.VPI11"           56.62954   -0.00475   -0.00018
 "DRIFT_52"            57.39704   -0.00515   -0.00045
 "LTB.QFN10"           58.29204   -0.00882   -0.00245
 "DRIFT_19"            58.79204   -0.00420   -0.00140
 "LTB.QDN20"           59.29204   -0.00706   -0.00362
 "DRIFT_53"            59.57479   -0.00246   -0.00220
 "LTB.MSF30"           59.73004   -0.00223   -0.00230
 "DRIFT_54"            60.08379   -0.00170   -0.00252
 "LTB.BPM10"           60.43754   -0.00530   -0.00420
 "DRIFT_55"            60.62129   -0.00090   -0.00287
 "LTB.BCT49"           60.80504   -0.00062   -0.00299
 "DRIFT_56"            60.97354   -0.00037   -0.00309
 "LTB.DHZ20"           61.14204   -0.00012   -0.00320
 "LTB.DVT20"           61.14204   -0.00012   -0.00320
 "DRIFT_57"            62.60654    0.00207   -0.00414
 "LTB.BCT50"           64.07104    0.00425   -0.00508
 "DRIFT_58"            64.32604    0.00463   -0.00524
 "LTB.BCT55"           64.58104    0.00501   -0.00541
 "DRIFT_59"            66.11154    0.00730   -0.00639
 "LTB.BPM20"           67.64204    0.00301   -0.00611
 "DRIFT_60"            67.89204    0.00996   -0.00753
 "LTB.DHZ30"           68.14204    0.01033   -0.00769
 "LTB.DVT30"           68.14204    0.01033   -0.00769
 "DRIFT_61"            68.47679    0.01083   -0.00790
 "LTB.QFW30"           69.04204    0.00477   -0.00686
 "DRIFT_62"            69.54204    0.01186   -0.00939
 "LTB.QDW40"           70.04204    0.00479   -0.00883
 "DRIFT_63"            72.59679    0.01673   -0.00957
 "LTB.BCT59"           74.92104    0.02091   -0.00884
 "DRIFT_64"            75.19254    0.02140   -0.00876
 "LTB.VPI12"           75.46404    0.02189   -0.00867
 "DRIFT_65"            75.68904    0.02229   -0.00860
 "LTB.VGR01"           75.91404    0.02270   -0.00853
 "DRIFT_66"            76.94704    0.02456   -0.00820
 "LTB.VPI13"           77.98004    0.02642   -0.00788
 "DRIFT_67"            78.24504    0.02689   -0.00779
 "LTB.MSF40"           78.51004    0.02737   -0.00771
 "DRIFT_68"            78.72604    0.02776   -0.00764
 "LTB.BCT60"           78.94204    0.02815   -0.00757
 "DRIFT_69"            79.15179    0.02852   -0.00751
 "LTB.QFW50"           79.59204    0.01797   -0.00328
 "DRIFT_70"            80.24204    0.02618   -0.00796
 "LTB.QDW60"           80.89204    0.01253   -0.00362
 "DRIFT_69"            81.33229    0.02366   -0.00822
 "LTB.DHZ40"           81.54204    0.02373   -0.00811
 "LTB.DVT40"           81.54204    0.02373   -0.00811
 "DRIFT_71"            81.79404    0.02381   -0.00798
 "LTB.BPM30"           82.04604    0.01220   -0.00299
 "DRIFT_72"            82.37704    0.02400   -0.00768
 "ENDLTB"              82.70804    0.02410   -0.00751
 "LTB$END"             82.70804    0.02410   -0.00751
 "BI3$START"           82.70804    0.02410   -0.00751
 "BEGBI"               82.70804    0.02410   -0.00751
 "LTB.BHZ40"           83.15804    0.01390   -0.00180
 "DRIFT_73"            83.94804    0.02449   -0.00687
 "BI.VPI11"            84.28804    0.02460   -0.00670
 "DRIFT_74"            86.78004    0.02539   -0.00542
 "BI.DHZ10"            89.27204    0.02619   -0.00414
 "BI.DVT10"            89.27204    0.02619   -0.00414
 "DRIFT_75"            89.51554    0.02626   -0.00401
 "BI.BPM00"            89.75904    0.02634   -0.00389
 "DRIFT_76"            90.21004    0.02648   -0.00366
 "BI.BTV10"            90.66104    0.02663   -0.00343
 "DRIFT_77"            90.94904    0.02672   -0.00328
 "BI.STPFA10"          91.23704    0.02681   -0.00313
 "DRIFT_78"            92.85004    0.02732   -0.00230
 "BI.STPSW10"          94.46304    0.02784   -0.00147
 "DRIFT_79"            94.83754    0.02796   -0.00128
 "BI.BPM10"            95.21204    0.02807   -0.00109
 "DRIFT_80"            95.45204    0.02815   -0.00097
 "BI.DHZ20"            95.69204    0.02823   -0.00084
 "BI.DVT20"            95.69204    0.02823   -0.00084
 "DRIFT_81"            95.89654    0.02829   -0.00074
 "BI.QNO10"            96.33204    0.02758   -0.00053
 "DRIFT_82"            96.83204    0.02143   -0.00040
 "BI.QNO20"            97.33204    0.01507   -0.00027
 "DRIFT_83"           100.98834   -0.00276    0.00117
 "BI.BPM20"           104.41364   -0.01902    0.00252
 "DRIFT_84"           104.63844   -0.02009    0.00261
 "BI.BCT10"           104.86324   -0.02116    0.00270
 "DRIFT_85"           105.05284   -0.02206    0.00277
 "BI.VVS10"           105.24244   -0.02296    0.00285
 "DRIFT_86"           105.28449   -0.02316    0.00286
 "BI.DVT30"           105.47404   -0.02406    0.00294
 "DRIFT_87"           105.74329   -0.02533    0.00305
 "BI.BTV20"           105.86504   -0.02591    0.00309
 "DRIFT_88"           106.15839   -0.02730    0.00321
 "BI.QNO30"           106.68274   -0.02923    0.00348
 "DRIFT_89"           107.10389   -0.02767    0.00408
 "BI.BPM30"           107.29405   -0.02671    0.00438
 "DRIFT_90"           107.49762   -0.02569    0.00470
 "BI.QNO40"           107.93220   -0.02414    0.00525
 "DRIFT_91"           108.29362   -0.02566    0.00510
 "BI.DIS0"            108.62405   -0.02765    0.00484
 "DRIFT_92"           108.82905   -0.02888    0.00468
 "BI3.DIS1"           109.03405   -0.03011    0.00452
 "DRIFT_92"           109.23905   -0.03134    0.00436
 "BI3.DIS2"           109.44405   -0.03257    0.00420
 "DRIFT_93"           109.64905   -0.03380    0.00404
 "BI3.DIS3"           109.85405   -0.03503    0.00388
 "DRIFT_94"           110.05905   -0.03626    0.00372
 "BI3.DIS4"           110.26405   -0.03749    0.00356
 "DRIFT_95"           110.55556   -0.03924    0.00333
 "BI3.DVT40"          110.81056   -0.04077    0.00311
 "DRIFT_96"           111.82481   -0.04685    0.00233
 "BI.VPI12"           112.67556   -0.05194    0.00167
 "DRIFT_97"           114.78456   -0.06458    0.00001
 "BI.BTV30"           116.89356   -0.07722   -0.00164
 "DRIFT_98"           117.73881   -0.08229   -0.00230
 "BI.SMVHDP"          118.58406   -0.08736   -0.00297
 "DRIFT_99"           118.69306   -0.08801   -0.00305
 "BI3.SMV10"          119.28206   -0.09154   -0.00351
 "DRIFT_100"          120.54347   -0.09910   -0.00450
 "BI3.BVT10"          121.68406   -0.10594   -0.00539
 "DRIFT_101"          122.19715   -0.10901   -0.00580
 "BI3.QNO50"          122.58406   -0.10771   -0.00630
 "DRIFT_102"          122.95906   -0.09071   -0.00772
 "BI3.QNO60"          123.33406   -0.07320   -0.00906
 "DRIFT_103"          123.72956   -0.06731   -0.00893
 "BI3.DHZ50"          123.89206   -0.06591   -0.00875
 "BI3.DVT50"          123.89206   -0.06591   -0.00875
 "DRIFT_104"          124.17556   -0.06349   -0.00843
 "BI3.BPM40"          124.45906   -0.06106   -0.00811
 "DRIFT_105"          125.05006   -0.05601   -0.00743
 "BI3.BTV40"          125.64106   -0.05095   -0.00676
 "DRIFT_106"          125.91431   -0.04861   -0.00645
 "BI3.VPI14"          126.18756   -0.04628   -0.00614
 "DRIFT_107"          126.38681   -0.04457   -0.00591
 "BI3.BCT20"          126.58606   -0.04287   -0.00569
 "DRIFT_108"          126.80906   -0.04096   -0.00543
 "BI3.BPM50"          127.03206   -0.03905   -0.00518
 "DRIFT_109"          127.29306   -0.03682   -0.00488
 "BI3.VVS20"          127.55406   -0.03459   -0.00459
 "DRIFT_110"          128.75406   -0.02432   -0.00322
 "BI3.DHZ70"          129.95406   -0.01405   -0.00186
 "BI3.DVT70"          129.95406   -0.01405   -0.00186
 "DRIFT_111"          130.58266   -0.00868   -0.00114
 "BI3.INJPT"          131.21126   -0.00330   -0.00043
 "BI3$END"            131.21126   -0.00330   -0.00043
 "LTLTBBI$END"        131.21126   -0.00330   -0.00043
