@ NAME             %05s "TWISS"
@ TYPE             %05s "TWISS"
@ SEQUENCE         %07s "LTLTBBI"
@ PARTICLE         %06s "PROTON"
@ MASS             %le     0.93827
@ CHARGE           %le     1.00000
@ ENERGY           %le     0.98827
@ PC               %le     0.31037
@ GAMMA            %le     1.05329
@ KBUNCH           %le     1.00000
@ BCURRENT         %le     0.00000
@ SIGE             %le     0.00100
@ SIGT             %le     0.00000
@ NPART            %le     0.00000
@ EX               %le     0.00004
@ EY               %le     0.00002
@ ET               %le     1.00000
@ LENGTH           %le   131.21126
@ ALFA             %le     0.00000
@ ORBIT5           %le    -0.00000
@ GAMMATR          %le     0.00000
@ Q1               %le     2.95024
@ Q2               %le     2.46898
@ DQ1              %le     0.00000
@ DQ2              %le     0.00000
@ DXMAX            %le    10.10618
@ DYMAX            %le     3.69697
@ XCOMAX           %le     0.12725
@ YCOMAX           %le     0.03943
@ BETXMAX          %le   111.32974
@ BETYMAX          %le   608.02405
@ XCORMS           %le     0.03255
@ YCORMS           %le     0.01530
@ DXRMS            %le     2.04703
@ DYRMS            %le     1.22136
@ DELTAP           %le     0.00000
@ SYNCH_1          %le     0.00000
@ SYNCH_2          %le     0.00000
@ SYNCH_3          %le     0.00000
@ SYNCH_4          %le     0.00000
@ SYNCH_5          %le     0.00000
@ TITLE            %65s "LT-LTB-BI 2014 optics. Protons - 310.3662354 MeV/c (E_kin=50 MeV)"
@ ORIGIN           %16s "5.02.04 Linux 64"
@ DATE             %08s "07/04/15"
@ TIME             %08s "14.43.11"
* NAME                        S          X          Y 
$ %s                        %le        %le        %le 
 "LTLTBBI$START"        0.00000    0.00000    0.00000
 "LT$START"             0.00000    0.00000    0.00000
 "BEGLT"                0.00000    0.00000    0.00000
 "DRIFT_0"              0.02400    0.00000    0.00000
 "LT.VVS10"             0.04800    0.00000    0.00000
 "DRIFT_1"              0.22300    0.00000    0.00000
 "LT.DHZ10"             0.39800    0.00000    0.00000
 "LT.DVT10"             0.39800    0.00000    0.00000
 "DRIFT_2"              0.89900    0.00000    0.00000
 "LT.BPM10"             1.40000    0.00019   -0.00055
 "DRIFT_3"              1.62475    0.00000    0.00000
 "LT.QFN10"             1.97700    0.00126   -0.00430
 "DRIFT_4"              2.12575   -0.00020   -0.00068
 "LT.BEC1"              2.14700   -0.00023   -0.00078
 "DRIFT_5"              2.27850   -0.00041   -0.00144
 "LT.BCT10"             2.41000   -0.00060   -0.00209
 "DRIFT_6"              2.52975   -0.00077   -0.00268
 "LT.QDN12"             2.77700    0.00155   -0.00708
 "DRIFT_7"              2.99675   -0.00114   -0.00371
 "LT.BHZ10"             3.34200   -0.00116   -0.00330
 "DRIFT_8"              4.54000   -0.00122   -0.00188
 "LT.VPI11"             5.48500   -0.00127   -0.00076
 "DRIFT_9"              6.40975   -0.00131    0.00033
 "LT.QFN20"             7.46200    0.00158   -0.00152
 "DRIFT_10"             7.71825   -0.00157    0.00169
 "LT.BEC2"              7.84700   -0.00168    0.00175
 "DRIFT_11"             8.09075   -0.00188    0.00186
 "LT.QDN22"             8.46200    0.00015   -0.00105
 "DRIFT_12"            10.15585   -0.00348    0.00335
 "LT.DHZ20"            11.72220   -0.00469    0.00459
 "LT.DVT20"            11.72220   -0.00469    0.00459
 "DRIFT_13"            12.45835   -0.00525    0.00516
 "LT.QFN30"            13.32200   -0.00326    0.00399
 "DRIFT_14"            13.82700   -0.00604    0.00656
 "LT.QDN32"            14.33200   -0.00523    0.00559
 "DRIFT_15"            14.79575   -0.00679    0.00741
 "LT.VPI2"             15.13200   -0.00727    0.00747
 "DRIFT_16"            16.15475   -0.00872    0.00765
 "LT.BPM20"            17.17750   -0.01045    0.00885
 "DRIFT_17"            17.72975   -0.01097    0.00793
 "LT.VGP11"            18.28200   -0.01176    0.00803
 "DRIFT_18"            18.56325   -0.01216    0.00808
 "LT.QFN40"            18.97200   -0.01200    0.00748
 "DRIFT_19"            19.47200   -0.01077    0.00992
 "LT.QDN42"            19.97200   -0.00853    0.01096
 "DRIFT_20"            20.24575   -0.00866    0.01150
 "LT.DHZ30"            20.39200   -0.00857    0.01141
 "LT.DVT30"            20.39200   -0.00857    0.01141
 "DRIFT_21"            20.69350   -0.00837    0.01138
 "LT.BPM30"            20.99500   -0.00849    0.01438
 "DRIFT_22"            21.37100   -0.00792    0.01131
 "LT.CDB10"            21.74700   -0.00767    0.01128
 "DRIFT_23"            22.21975   -0.00736    0.01123
 "LT.BCT20"            22.69250   -0.00704    0.01118
 "DRIFT_24"            23.08843   -0.00678    0.01114
 "LT.BHZ20"            24.00857   -0.00430    0.01225
 "DRIFT_25"            24.89995   -0.00516    0.01096
 "LT.VGP12"            25.26713   -0.00480    0.01093
 "DRIFT_26"            25.69113   -0.00438    0.01088
 "LT.STP10"            26.11513   -0.00396    0.01084
 "DRIFT_27"            27.74013   -0.00237    0.01068
 "LT.BEC3"             29.36513   -0.00078    0.01052
 "DRIFT_28"            29.93638   -0.00022    0.01047
 "LT.QFN50"            30.63513    0.00123    0.01122
 "DRIFT_29"            31.17388    0.00078    0.01232
 "LT.VPI14"            31.58513    0.00100    0.01396
 "DRIFT_30"            31.79513    0.00111    0.01479
 "LT.BEC4"             32.00513    0.00123    0.01563
 "DRIFT_31"            32.18563    0.00132    0.01635
 "LT.BCT30"            32.36613    0.00142    0.01707
 "DRIFT_32"            32.62563    0.00156    0.01810
 "LT.DHZ40"            32.88513    0.00170    0.01913
 "LT.DVT40"            32.88513    0.00170    0.01913
 "DRIFT_33"            33.46513    0.00201    0.02144
 "LT.BPM40"            34.04513    0.00215    0.02578
 "DRIFT_34"            34.37638    0.00250    0.02507
 "LT.QDN55"            34.83513    0.00426    0.02810
 "DRIFT_35"            35.07988    0.00310    0.02645
 "LT.VVS20"            35.19713    0.00327    0.02624
 "DRIFT_36"            37.38738    0.00638    0.02223
 "LT.QFN60"            39.70513    0.01085    0.02020
 "DRIFT_37"            40.65913    0.00927    0.01955
 "LT.QDN65"            41.61313    0.00886    0.02108
 "DRIFT_38"            41.87553    0.00909    0.02068
 "LT.BHZ25"            42.21314    0.00946    0.02002
 "DRIFT_39"            42.96299    0.01027    0.01854
 "LT.VPI25"            43.51013    0.01086    0.01746
 "DRIFT_40"            44.80814    0.01226    0.01490
 "LT.VPI26"            46.10614    0.01366    0.01234
 "DRIFT_41"            46.31014    0.01389    0.01194
 "LT.QFW70"            46.74513    0.01415    0.01103
 "DRIFT_42"            48.49188    0.00921    0.01317
 "LT.QDN75"            50.13513    0.00256    0.01407
 "DRIFT_43"            50.68389    0.00309    0.01446
 "LT.DHZ50"            51.10514    0.00204    0.01401
 "LT.DVT50"            51.10514    0.00204    0.01401
 "DRIFT_44"            51.42214    0.00125    0.01366
 "LT.BCT40"            51.73914    0.00046    0.01332
 "DRIFT_45"            51.98314   -0.00015    0.01305
 "LT.BPM50"            52.50514   -0.00169    0.01167
 "DRIFT_46"            53.12800   -0.00300    0.01181
 "ENDLT"               53.47286   -0.00385    0.01144
 "LT$END"              53.47286   -0.00385    0.01144
 "DRIFT_47"            53.47286   -0.00385    0.01144
 "LTB$START"           53.47287   -0.00385    0.01144
 "BEGLTB"              53.47287   -0.00385    0.01144
 "LT.BHZ30"            53.99860   -0.00514    0.01692
 "DRIFT_48"            54.86818   -0.00674    0.00990
 "LTB.DHZ10"           55.21204   -0.00735    0.00953
 "LTB.DVT10"           55.21204   -0.00735    0.00953
 "DRIFT_49"            55.47879   -0.00782    0.00923
 "LTB.STP10"           55.74554   -0.00830    0.00894
 "DRIFT_50"            55.93879   -0.00864    0.00873
 "LTB.VVS10"           56.13204   -0.00898    0.00852
 "DRIFT_51"            56.38079   -0.00942    0.00825
 "LTB.VPI11"           56.62954   -0.00986    0.00798
 "DRIFT_52"            57.39704   -0.01122    0.00714
 "LTB.QFN10"           58.29204   -0.01590    0.00458
 "DRIFT_19"            58.79204   -0.01068    0.00650
 "LTB.QDN20"           59.29204   -0.01293    0.00512
 "DRIFT_53"            59.57479   -0.00820    0.00670
 "LTB.MSF30"           59.73004   -0.00792    0.00666
 "DRIFT_54"            60.08379   -0.00728    0.00656
 "LTB.BPM10"           60.43754   -0.01077    0.00501
 "DRIFT_55"            60.62129   -0.00630    0.00641
 "LTB.BCT49"           60.80504   -0.00596    0.00636
 "DRIFT_56"            60.97354   -0.00566    0.00632
 "LTB.DHZ20"           61.14204   -0.00535    0.00627
 "LTB.DVT20"           61.14204   -0.00535    0.00627
 "DRIFT_57"            62.60654   -0.00268    0.00587
 "LTB.BCT50"           64.07104   -0.00002    0.00548
 "DRIFT_58"            64.32604    0.00045    0.00541
 "LTB.BCT55"           64.58104    0.00091    0.00534
 "DRIFT_59"            66.11154    0.00370    0.00492
 "LTB.BPM20"           67.64204   -0.00009    0.00577
 "DRIFT_60"            67.89204    0.00694    0.00444
 "LTB.DHZ30"           68.14204    0.00740    0.00437
 "LTB.DVT30"           68.14204    0.00740    0.00437
 "DRIFT_61"            68.47679    0.00801    0.00428
 "LTB.QFW30"           69.04204    0.00216    0.00568
 "DRIFT_62"            69.54204    0.00969    0.00466
 "LTB.QDW40"           70.04204    0.00301    0.00643
 "DRIFT_63"            72.59679    0.01602    0.00300
 "LTB.BCT59"           74.92104    0.02113    0.00111
 "DRIFT_64"            75.19254    0.02173    0.00089
 "LTB.VPI12"           75.46404    0.02233    0.00067
 "DRIFT_65"            75.68904    0.02282    0.00048
 "LTB.VGR01"           75.91404    0.02332    0.00030
 "DRIFT_66"            76.94704    0.02559   -0.00054
 "LTB.VPI13"           77.98004    0.02787   -0.00139
 "DRIFT_67"            78.24504    0.02845   -0.00160
 "LTB.MSF40"           78.51004    0.02903   -0.00182
 "DRIFT_68"            78.72604    0.02951   -0.00199
 "LTB.BCT60"           78.94204    0.02998   -0.00217
 "DRIFT_69"            79.15179    0.03044   -0.00234
 "LTB.QFW50"           79.59204    0.02001    0.00153
 "DRIFT_70"            80.24204    0.02805   -0.00286
 "LTB.QDW60"           80.89204    0.01425    0.00171
 "DRIFT_69"            81.33229    0.02551   -0.00347
 "LTB.DHZ40"           81.54204    0.02565   -0.00366
 "LTB.DVT40"           81.54204    0.02565   -0.00366
 "DRIFT_71"            81.79404    0.02582   -0.00389
 "LTB.BPM30"           82.04604    0.01428    0.00080
 "DRIFT_72"            82.37704    0.02621   -0.00442
 "ENDLTB"              82.70804    0.02643   -0.00472
 "LTB$END"             82.70804    0.02643   -0.00472
 "BI3$START"           82.70804    0.02643   -0.00472
 "BEGBI"               82.70804    0.02643   -0.00472
 "LTB.BHZ40"           83.15804    0.01639    0.00035
 "DRIFT_73"            83.94804    0.02725   -0.00585
 "BI.VPI11"            84.28804    0.02748   -0.00616
 "DRIFT_74"            86.78004    0.02913   -0.00844
 "BI.DHZ10"            89.27204    0.03079   -0.01071
 "BI.DVT10"            89.27204    0.03079   -0.01071
 "DRIFT_75"            89.51554    0.03095   -0.01094
 "BI.BPM00"            89.75904    0.03111   -0.01116
 "DRIFT_76"            90.21004    0.03141   -0.01157
 "BI.BTV10"            90.66104    0.03171   -0.01198
 "DRIFT_77"            90.94904    0.03190   -0.01224
 "BI.STPFA10"          91.23704    0.03209   -0.01251
 "DRIFT_78"            92.85004    0.03316   -0.01398
 "BI.STPSW10"          94.46304    0.03423   -0.01545
 "DRIFT_79"            94.83754    0.03448   -0.01579
 "BI.BPM10"            95.21204    0.03473   -0.01614
 "DRIFT_80"            95.45204    0.03489   -0.01635
 "BI.DHZ20"            95.69204    0.03505   -0.01657
 "BI.DVT20"            95.69204    0.03505   -0.01657
 "DRIFT_81"            95.89654    0.03519   -0.01676
 "BI.QNO10"            96.33204    0.03442   -0.01767
 "DRIFT_82"            96.83204    0.02688   -0.02220
 "BI.QNO20"            97.33204    0.01909   -0.02641
 "DRIFT_83"           100.98834   -0.00159   -0.00746
 "BI.BPM20"           104.41364   -0.02039    0.01115
 "DRIFT_84"           104.63844   -0.02163    0.01237
 "BI.BCT10"           104.86324   -0.02286    0.01359
 "DRIFT_85"           105.05284   -0.02390    0.01462
 "BI.VVS10"           105.24244   -0.02494    0.01565
 "DRIFT_86"           105.28449   -0.02517    0.01588
 "BI.DVT30"           105.47404   -0.02621    0.01691
 "DRIFT_87"           105.74329   -0.02769    0.01837
 "BI.BTV20"           105.86504   -0.02836    0.01904
 "DRIFT_88"           106.15839   -0.02997    0.02063
 "BI.QNO30"           106.68274   -0.03223    0.02392
 "DRIFT_89"           107.10389   -0.03062    0.02913
 "BI.BPM30"           107.29405   -0.02961    0.03170
 "DRIFT_90"           107.49762   -0.02853    0.03446
 "BI.QNO40"           107.93220   -0.02694    0.03935
 "DRIFT_91"           108.29362   -0.02875    0.03889
 "BI.DIS0"            108.62405   -0.03107    0.03752
 "DRIFT_92"           108.82905   -0.03251    0.03667
 "BI3.DIS1"           109.03405   -0.03395    0.03582
 "DRIFT_92"           109.23905   -0.03538    0.03497
 "BI3.DIS2"           109.44405   -0.03682    0.03412
 "DRIFT_93"           109.64905   -0.03826    0.03327
 "BI3.DIS3"           109.85405   -0.03970    0.03243
 "DRIFT_94"           110.05905   -0.04114    0.03157
 "BI3.DIS4"           110.26405   -0.04258    0.03073
 "DRIFT_95"           110.55556   -0.04462    0.02951
 "BI3.DVT40"          110.81056   -0.04641    0.02843
 "DRIFT_96"           111.82481   -0.05351    0.02425
 "BI.VPI12"           112.67556   -0.05947    0.02073
 "DRIFT_97"           114.78456   -0.07424    0.01199
 "BI.BTV30"           116.89356   -0.08902    0.00325
 "DRIFT_98"           117.73881   -0.09494   -0.00025
 "BI.SMVHDP"          118.58406   -0.10086   -0.00376
 "DRIFT_99"           118.69306   -0.10162   -0.00421
 "BI3.SMV10"          119.28206   -0.10575   -0.00665
 "DRIFT_100"          120.54347   -0.11459   -0.01188
 "BI3.BVT10"          121.68406   -0.12258   -0.01660
 "DRIFT_101"          122.19715   -0.12617   -0.01873
 "BI3.QNO50"          122.58406   -0.12469   -0.02099
 "DRIFT_102"          122.95906   -0.10504   -0.02629
 "BI3.QNO60"          123.33406   -0.08479   -0.03128
 "DRIFT_103"          123.72956   -0.07801   -0.03126
 "BI3.DHZ50"          123.89206   -0.07641   -0.03079
 "BI3.DVT50"          123.89206   -0.07641   -0.03079
 "DRIFT_104"          124.17556   -0.07363   -0.02995
 "BI3.BPM40"          124.45906   -0.07085   -0.02912
 "DRIFT_105"          125.05006   -0.06506   -0.02739
 "BI3.BTV40"          125.64106   -0.05926   -0.02566
 "DRIFT_106"          125.91431   -0.05659   -0.02485
 "BI3.VPI14"          126.18756   -0.05391   -0.02405
 "DRIFT_107"          126.38681   -0.05195   -0.02347
 "BI3.BCT20"          126.58606   -0.05000   -0.02288
 "DRIFT_108"          126.80906   -0.04781   -0.02223
 "BI3.BPM50"          127.03206   -0.04563   -0.02158
 "DRIFT_109"          127.29306   -0.04307   -0.02081
 "BI3.VVS20"          127.55406   -0.04051   -0.02004
 "DRIFT_110"          128.75406   -0.02874   -0.01652
 "BI3.DHZ70"          129.95406   -0.01698   -0.01300
 "BI3.DVT70"          129.95406   -0.01698   -0.01300
 "DRIFT_111"          130.58266   -0.01082   -0.01116
 "BI3.INJPT"          131.21126   -0.00465   -0.00932
 "BI3$END"            131.21126   -0.00465   -0.00932
 "LTLTBBI$END"        131.21126   -0.00465   -0.00932
