@ NAME             %05s "TWISS"
@ TYPE             %05s "TWISS"
@ SEQUENCE         %07s "LTLTBBI"
@ PARTICLE         %06s "PROTON"
@ MASS             %le     0.93827
@ CHARGE           %le     1.00000
@ ENERGY           %le     0.98827
@ PC               %le     0.31037
@ GAMMA            %le     1.05329
@ KBUNCH           %le     1.00000
@ BCURRENT         %le     0.00000
@ SIGE             %le     0.00100
@ SIGT             %le     0.00000
@ NPART            %le     0.00000
@ EX               %le     0.00004
@ EY               %le     0.00002
@ ET               %le     1.00000
@ LENGTH           %le   131.21126
@ ALFA             %le     0.00000
@ ORBIT5           %le    -0.00000
@ GAMMATR          %le     0.00000
@ Q1               %le     2.94982
@ Q2               %le     2.46898
@ DQ1              %le     0.00000
@ DQ2              %le     0.00000
@ DXMAX            %le    10.10599
@ DYMAX            %le     2.14991
@ XCOMAX           %le     0.12735
@ YCOMAX           %le     0.02910
@ BETXMAX          %le   111.32974
@ BETYMAX          %le   607.97522
@ XCORMS           %le     0.03256
@ YCORMS           %le     0.01195
@ DXRMS            %le     2.04709
@ DYRMS            %le     0.64170
@ DELTAP           %le     0.00000
@ SYNCH_1          %le     0.00000
@ SYNCH_2          %le     0.00000
@ SYNCH_3          %le     0.00000
@ SYNCH_4          %le     0.00000
@ SYNCH_5          %le     0.00000
@ TITLE            %65s "LT-LTB-BI 2014 optics. Protons - 310.3662354 MeV/c (E_kin=50 MeV)"
@ ORIGIN           %16s "5.02.04 Linux 64"
@ DATE             %08s "07/04/15"
@ TIME             %08s "14.43.11"
* NAME                        S          X          Y 
$ %s                        %le        %le        %le 
 "LTLTBBI$START"        0.00000    0.00000    0.00000
 "LT$START"             0.00000    0.00000    0.00000
 "BEGLT"                0.00000    0.00000    0.00000
 "DRIFT_0"              0.02400    0.00000    0.00000
 "LT.VVS10"             0.04800    0.00000    0.00000
 "DRIFT_1"              0.22300    0.00000    0.00000
 "LT.DHZ10"             0.39800    0.00000    0.00000
 "LT.DVT10"             0.39800    0.00000    0.00000
 "DRIFT_2"              0.89900    0.00000    0.00000
 "LT.BPM10"             1.40000    0.00019   -0.00055
 "DRIFT_3"              1.62475    0.00000    0.00000
 "LT.QFN10"             1.97700    0.00126   -0.00430
 "DRIFT_4"              2.12575   -0.00020   -0.00068
 "LT.BEC1"              2.14700   -0.00023   -0.00078
 "DRIFT_5"              2.27850   -0.00041   -0.00144
 "LT.BCT10"             2.41000   -0.00060   -0.00209
 "DRIFT_6"              2.52975   -0.00077   -0.00268
 "LT.QDN12"             2.77700    0.00155   -0.00708
 "DRIFT_7"              2.99675   -0.00114   -0.00371
 "LT.BHZ10"             3.34200   -0.00116   -0.00330
 "DRIFT_8"              4.54000   -0.00122   -0.00188
 "LT.VPI11"             5.48500   -0.00127   -0.00076
 "DRIFT_9"              6.40975   -0.00131    0.00033
 "LT.QFN20"             7.46200    0.00158   -0.00152
 "DRIFT_10"             7.71825   -0.00157    0.00169
 "LT.BEC2"              7.84700   -0.00168    0.00175
 "DRIFT_11"             8.09075   -0.00188    0.00186
 "LT.QDN22"             8.46200    0.00015   -0.00105
 "DRIFT_12"            10.15585   -0.00348    0.00335
 "LT.DHZ20"            11.72220   -0.00469    0.00459
 "LT.DVT20"            11.72220   -0.00469    0.00459
 "DRIFT_13"            12.45835   -0.00525    0.00516
 "LT.QFN30"            13.32200   -0.00326    0.00399
 "DRIFT_14"            13.82700   -0.00604    0.00656
 "LT.QDN32"            14.33200   -0.00523    0.00559
 "DRIFT_15"            14.79575   -0.00679    0.00741
 "LT.VPI2"             15.13200   -0.00727    0.00747
 "DRIFT_16"            16.15475   -0.00872    0.00765
 "LT.BPM20"            17.17750   -0.01045    0.00885
 "DRIFT_17"            17.72975   -0.01097    0.00793
 "LT.VGP11"            18.28200   -0.01176    0.00803
 "DRIFT_18"            18.56325   -0.01216    0.00808
 "LT.QFN40"            18.97200   -0.01200    0.00748
 "DRIFT_19"            19.47200   -0.01077    0.00992
 "LT.QDN42"            19.97200   -0.00853    0.01096
 "DRIFT_20"            20.24575   -0.00866    0.01150
 "LT.DHZ30"            20.39200   -0.00857    0.01141
 "LT.DVT30"            20.39200   -0.00857    0.01141
 "DRIFT_21"            20.69350   -0.00837    0.01108
 "LT.BPM30"            20.99500   -0.00849    0.01378
 "DRIFT_22"            21.37100   -0.00792    0.01033
 "LT.CDB10"            21.74700   -0.00767    0.00992
 "DRIFT_23"            22.21975   -0.00736    0.00940
 "LT.BCT20"            22.69250   -0.00704    0.00888
 "DRIFT_24"            23.08843   -0.00678    0.00844
 "LT.BHZ20"            24.00857   -0.00431    0.00863
 "DRIFT_25"            24.89995   -0.00515    0.00645
 "LT.VGP12"            25.26713   -0.00479    0.00605
 "DRIFT_26"            25.69113   -0.00438    0.00559
 "LT.STP10"            26.11513   -0.00396    0.00512
 "DRIFT_27"            27.74013   -0.00237    0.00334
 "LT.BEC3"             29.36513   -0.00077    0.00155
 "DRIFT_28"            29.93638   -0.00021    0.00092
 "LT.QFN50"            30.63513    0.00123    0.00080
 "DRIFT_29"            31.17388    0.00078   -0.00029
 "LT.VPI14"            31.58513    0.00101   -0.00062
 "DRIFT_30"            31.79513    0.00112   -0.00079
 "LT.BEC4"             32.00513    0.00123   -0.00096
 "DRIFT_31"            32.18563    0.00133   -0.00111
 "LT.BCT30"            32.36613    0.00142   -0.00126
 "DRIFT_32"            32.62563    0.00156   -0.00146
 "LT.DHZ40"            32.88513    0.00170   -0.00167
 "LT.DVT40"            32.88513    0.00170   -0.00167
 "DRIFT_33"            33.46513    0.00201   -0.00214
 "LT.BPM40"            34.04513    0.00215   -0.00060
 "DRIFT_34"            34.37638    0.00250   -0.00288
 "LT.QDN55"            34.83513    0.00426   -0.00185
 "DRIFT_35"            35.07988    0.00310   -0.00335
 "LT.VVS20"            35.19713    0.00326   -0.00340
 "DRIFT_36"            37.38738    0.00638   -0.00433
 "LT.QFN60"            39.70513    0.01084   -0.00319
 "DRIFT_37"            40.65913    0.00926   -0.00624
 "LT.QDN65"            41.61313    0.00885   -0.00714
 "DRIFT_38"            41.87553    0.00909   -0.00711
 "LT.BHZ25"            42.21314    0.00945   -0.00702
 "DRIFT_39"            42.96299    0.01026   -0.00682
 "LT.VPI25"            43.51013    0.01085   -0.00667
 "DRIFT_40"            44.80814    0.01225   -0.00633
 "LT.VPI26"            46.10614    0.01365   -0.00598
 "DRIFT_41"            46.31014    0.01387   -0.00592
 "LT.QFW70"            46.74513    0.01414   -0.00618
 "DRIFT_42"            48.49188    0.00920   -0.00843
 "LT.QDN75"            50.13513    0.00255   -0.01173
 "DRIFT_43"            50.68389    0.00308   -0.01064
 "LT.DHZ50"            51.10514    0.00204   -0.01048
 "LT.DVT50"            51.10514    0.00204   -0.01048
 "DRIFT_44"            51.42214    0.00125   -0.01036
 "LT.BCT40"            51.73914    0.00046   -0.01023
 "DRIFT_45"            51.98314   -0.00015   -0.01014
 "LT.BPM50"            52.50514   -0.00169   -0.01076
 "DRIFT_46"            53.12800   -0.00300   -0.00970
 "ENDLT"               53.47286   -0.00385   -0.00956
 "LT$END"              53.47286   -0.00385   -0.00956
 "DRIFT_47"            53.47286   -0.00385   -0.00956
 "LTB$START"           53.47287   -0.00385   -0.00956
 "BEGLTB"              53.47287   -0.00385   -0.00956
 "LT.BHZ30"            53.99860   -0.00509   -0.00330
 "DRIFT_48"            54.86818   -0.00674   -0.00902
 "LTB.DHZ10"           55.21204   -0.00735   -0.00888
 "LTB.DVT10"           55.21204   -0.00735   -0.00888
 "DRIFT_49"            55.47879   -0.00783   -0.00878
 "LTB.STP10"           55.74554   -0.00830   -0.00868
 "DRIFT_50"            55.93879   -0.00864   -0.00860
 "LTB.VVS10"           56.13204   -0.00899   -0.00853
 "DRIFT_51"            56.38079   -0.00943   -0.00843
 "LTB.VPI11"           56.62954   -0.00987   -0.00833
 "DRIFT_52"            57.39704   -0.01124   -0.00804
 "LTB.QFN10"           58.29204   -0.01591   -0.00947
 "DRIFT_19"            58.79204   -0.01069   -0.00930
 "LTB.QDN20"           59.29204   -0.01295   -0.01237
 "DRIFT_53"            59.57479   -0.00822   -0.01110
 "LTB.MSF30"           59.73004   -0.00794   -0.01126
 "DRIFT_54"            60.08379   -0.00730   -0.01161
 "LTB.BPM10"           60.43754   -0.01079   -0.01341
 "DRIFT_55"            60.62129   -0.00632   -0.01216
 "LTB.BCT49"           60.80504   -0.00598   -0.01234
 "DRIFT_56"            60.97354   -0.00568   -0.01251
 "LTB.DHZ20"           61.14204   -0.00537   -0.01269
 "LTB.DVT20"           61.14204   -0.00537   -0.01269
 "DRIFT_57"            62.60654   -0.00271   -0.01417
 "LTB.BCT50"           64.07104   -0.00004   -0.01565
 "DRIFT_58"            64.32604    0.00042   -0.01591
 "LTB.BCT55"           64.58104    0.00088   -0.01617
 "DRIFT_59"            66.11154    0.00367   -0.01772
 "LTB.BPM20"           67.64204   -0.00012   -0.01801
 "DRIFT_60"            67.89204    0.00691   -0.01952
 "LTB.DHZ30"           68.14204    0.00736   -0.01977
 "LTB.DVT30"           68.14204    0.00736   -0.01977
 "DRIFT_61"            68.47679    0.00797   -0.02011
 "LTB.QFW30"           69.04204    0.00212   -0.01943
 "DRIFT_62"            69.54204    0.00966   -0.02348
 "LTB.QDW40"           70.04204    0.00297   -0.02413
 "DRIFT_63"            72.59679    0.01598   -0.02219
 "LTB.BCT59"           74.92104    0.02108   -0.01882
 "DRIFT_64"            75.19254    0.02168   -0.01843
 "LTB.VPI12"           75.46404    0.02228   -0.01803
 "DRIFT_65"            75.68904    0.02277   -0.01771
 "LTB.VGR01"           75.91404    0.02326   -0.01738
 "DRIFT_66"            76.94704    0.02553   -0.01589
 "LTB.VPI13"           77.98004    0.02780   -0.01439
 "DRIFT_67"            78.24504    0.02839   -0.01401
 "LTB.MSF40"           78.51004    0.02897   -0.01363
 "DRIFT_68"            78.72604    0.02944   -0.01331
 "LTB.BCT60"           78.94204    0.02992   -0.01300
 "DRIFT_69"            79.15179    0.03038   -0.01270
 "LTB.QFW50"           79.59204    0.01994   -0.00812
 "DRIFT_70"            80.24204    0.02799   -0.01309
 "LTB.QDW60"           80.89204    0.01420   -0.00898
 "DRIFT_69"            81.33229    0.02547   -0.01300
 "LTB.DHZ40"           81.54204    0.02561   -0.01259
 "LTB.DVT40"           81.54204    0.02561   -0.01259
 "DRIFT_71"            81.79404    0.02578   -0.01210
 "LTB.BPM30"           82.04604    0.01425   -0.00680
 "DRIFT_72"            82.37704    0.02617   -0.01097
 "ENDLTB"              82.70804    0.02639   -0.01032
 "LTB$END"             82.70804    0.02639   -0.01032
 "BI3$START"           82.70804    0.02639   -0.01032
 "BEGBI"               82.70804    0.02639   -0.01032
 "LTB.BHZ40"           83.15804    0.01635   -0.00397
 "DRIFT_73"            83.94804    0.02722   -0.00791
 "BI.VPI11"            84.28804    0.02745   -0.00725
 "DRIFT_74"            86.78004    0.02911   -0.00240
 "BI.DHZ10"            89.27204    0.03077    0.00244
 "BI.DVT10"            89.27204    0.03077    0.00244
 "DRIFT_75"            89.51554    0.03093    0.00291
 "BI.BPM00"            89.75904    0.03110    0.00339
 "DRIFT_76"            90.21004    0.03140    0.00427
 "BI.BTV10"            90.66104    0.03170    0.00514
 "DRIFT_77"            90.94904    0.03189    0.00570
 "BI.STPFA10"          91.23704    0.03208    0.00626
 "DRIFT_78"            92.85004    0.03316    0.00940
 "BI.STPSW10"          94.46304    0.03423    0.01254
 "DRIFT_79"            94.83754    0.03448    0.01326
 "BI.BPM10"            95.21204    0.03473    0.01399
 "DRIFT_80"            95.45204    0.03489    0.01446
 "BI.DHZ20"            95.69204    0.03505    0.01493
 "BI.DVT20"            95.69204    0.03505    0.01493
 "DRIFT_81"            95.89654    0.03519    0.01532
 "BI.QNO10"            96.33204    0.03442    0.01665
 "DRIFT_82"            96.83204    0.02688    0.02145
 "BI.QNO20"            97.33204    0.01909    0.02593
 "DRIFT_83"           100.98834   -0.00157    0.00981
 "BI.BPM20"           104.41364   -0.02036   -0.00613
 "DRIFT_84"           104.63844   -0.02159   -0.00717
 "BI.BCT10"           104.86324   -0.02282   -0.00822
 "DRIFT_85"           105.05284   -0.02386   -0.00910
 "BI.VVS10"           105.24244   -0.02490   -0.00999
 "DRIFT_86"           105.28449   -0.02513   -0.01018
 "BI.DVT30"           105.47404   -0.02617   -0.01107
 "DRIFT_87"           105.74329   -0.02765   -0.01232
 "BI.BTV20"           105.86504   -0.02832   -0.01288
 "DRIFT_88"           106.15839   -0.02993   -0.01425
 "BI.QNO30"           106.68274   -0.03218   -0.01700
 "DRIFT_89"           107.10389   -0.03058   -0.02103
 "BI.BPM30"           107.29405   -0.02957   -0.02301
 "DRIFT_90"           107.49762   -0.02849   -0.02513
 "BI.QNO40"           107.93220   -0.02691   -0.02893
 "DRIFT_91"           108.29362   -0.02873   -0.02876
 "BI.DIS0"            108.62405   -0.03105   -0.02791
 "DRIFT_92"           108.82905   -0.03249   -0.02738
 "BI3.DIS1"           109.03405   -0.03393   -0.02685
 "DRIFT_92"           109.23905   -0.03537   -0.02632
 "BI3.DIS2"           109.44405   -0.03681   -0.02579
 "DRIFT_93"           109.64905   -0.03825   -0.02526
 "BI3.DIS3"           109.85405   -0.03969   -0.02472
 "DRIFT_94"           110.05905   -0.04113   -0.02420
 "BI3.DIS4"           110.26405   -0.04257   -0.02367
 "DRIFT_95"           110.55556   -0.04461   -0.02292
 "BI3.DVT40"          110.81056   -0.04640   -0.02228
 "DRIFT_96"           111.82481   -0.05352   -0.01964
 "BI.VPI12"           112.67556   -0.05949   -0.01745
 "DRIFT_97"           114.78456   -0.07428   -0.01200
 "BI.BTV30"           116.89356   -0.08907   -0.00656
 "DRIFT_98"           117.73881   -0.09500   -0.00437
 "BI.SMVHDP"          118.58406   -0.10093   -0.00219
 "DRIFT_99"           118.69306   -0.10169   -0.00191
 "BI3.SMV10"          119.28206   -0.10583   -0.00039
 "DRIFT_100"          120.54347   -0.11467    0.00287
 "BI3.BVT10"          121.68406   -0.12267    0.00581
 "DRIFT_101"          122.19715   -0.12627    0.00714
 "BI3.QNO50"          122.58406   -0.12479    0.00839
 "DRIFT_102"          122.95906   -0.10513    0.01086
 "BI3.QNO60"          123.33406   -0.08486    0.01318
 "DRIFT_103"          123.72956   -0.07807    0.01340
 "BI3.DHZ50"          123.89206   -0.07648    0.01330
 "BI3.DVT50"          123.89206   -0.07648    0.01330
 "DRIFT_104"          124.17556   -0.07370    0.01311
 "BI3.BPM40"          124.45906   -0.07092    0.01292
 "DRIFT_105"          125.05006   -0.06512    0.01254
 "BI3.BTV40"          125.64106   -0.05933    0.01215
 "DRIFT_106"          125.91431   -0.05665    0.01197
 "BI3.VPI14"          126.18756   -0.05397    0.01179
 "DRIFT_107"          126.38681   -0.05201    0.01166
 "BI3.BCT20"          126.58606   -0.05006    0.01153
 "DRIFT_108"          126.80906   -0.04787    0.01138
 "BI3.BPM50"          127.03206   -0.04569    0.01123
 "DRIFT_109"          127.29306   -0.04313    0.01106
 "BI3.VVS20"          127.55406   -0.04057    0.01089
 "DRIFT_110"          128.75406   -0.02880    0.01010
 "BI3.DHZ70"          129.95406   -0.01703    0.00931
 "BI3.DVT70"          129.95406   -0.01703    0.00931
 "DRIFT_111"          130.58266   -0.01086    0.00890
 "BI3.INJPT"          131.21126   -0.00470    0.00849
 "BI3$END"            131.21126   -0.00470    0.00849
 "LTLTBBI$END"        131.21126   -0.00470    0.00849
