@ NAME             %05s "TWISS"
@ TYPE             %05s "TWISS"
@ SEQUENCE         %07s "LTLTBBI"
@ PARTICLE         %06s "PROTON"
@ MASS             %le     0.93827
@ CHARGE           %le     1.00000
@ ENERGY           %le     0.98827
@ PC               %le     0.31037
@ GAMMA            %le     1.05329
@ KBUNCH           %le     1.00000
@ BCURRENT         %le     0.00000
@ SIGE             %le     0.00100
@ SIGT             %le     0.00000
@ NPART            %le     0.00000
@ EX               %le     0.00004
@ EY               %le     0.00002
@ ET               %le     1.00000
@ LENGTH           %le   131.21126
@ ALFA             %le     0.00000
@ ORBIT5           %le    -0.00000
@ GAMMATR          %le     0.00000
@ Q1               %le     2.95002
@ Q2               %le     2.46883
@ DQ1              %le     0.00000
@ DQ2              %le     0.00000
@ DXMAX            %le    10.08371
@ DYMAX            %le     2.65114
@ XCOMAX           %le     0.11644
@ YCOMAX           %le     0.01408
@ BETXMAX          %le   111.32974
@ BETYMAX          %le   608.42935
@ XCORMS           %le     0.02986
@ YCORMS           %le     0.00581
@ DXRMS            %le     2.11997
@ DYRMS            %le     0.87404
@ DELTAP           %le     0.00000
@ SYNCH_1          %le     0.00000
@ SYNCH_2          %le     0.00000
@ SYNCH_3          %le     0.00000
@ SYNCH_4          %le     0.00000
@ SYNCH_5          %le     0.00000
@ TITLE            %65s "LT-LTB-BI 2014 optics. Protons - 310.3662354 MeV/c (E_kin=50 MeV)"
@ ORIGIN           %16s "5.02.04 Linux 64"
@ DATE             %08s "07/04/15"
@ TIME             %08s "14.43.11"
* NAME                        S          X          Y 
$ %s                        %le        %le        %le 
 "LTLTBBI$START"        0.00000    0.00000    0.00000
 "LT$START"             0.00000    0.00000    0.00000
 "BEGLT"                0.00000    0.00000    0.00000
 "DRIFT_0"              0.02400    0.00000    0.00000
 "LT.VVS10"             0.04800    0.00000    0.00000
 "DRIFT_1"              0.22300    0.00000    0.00000
 "LT.DHZ10"             0.39800    0.00000    0.00000
 "LT.DVT10"             0.39800    0.00000    0.00000
 "DRIFT_2"              0.89900    0.00000    0.00000
 "LT.BPM10"             1.40000    0.00019   -0.00055
 "DRIFT_3"              1.62475    0.00000    0.00000
 "LT.QFN10"             1.97700    0.00126   -0.00430
 "DRIFT_4"              2.12575   -0.00020   -0.00068
 "LT.BEC1"              2.14700   -0.00023   -0.00078
 "DRIFT_5"              2.27850   -0.00041   -0.00144
 "LT.BCT10"             2.41000   -0.00060   -0.00209
 "DRIFT_6"              2.52975   -0.00077   -0.00268
 "LT.QDN12"             2.77700    0.00155   -0.00708
 "DRIFT_7"              2.99675   -0.00114   -0.00371
 "LT.BHZ10"             3.34200   -0.00116   -0.00330
 "DRIFT_8"              4.54000   -0.00122   -0.00188
 "LT.VPI11"             5.48500   -0.00127   -0.00076
 "DRIFT_9"              6.40975   -0.00131    0.00033
 "LT.QFN20"             7.46200    0.00158   -0.00152
 "DRIFT_10"             7.71825   -0.00157    0.00169
 "LT.BEC2"              7.84700   -0.00168    0.00175
 "DRIFT_11"             8.09075   -0.00188    0.00186
 "LT.QDN22"             8.46200    0.00015   -0.00105
 "DRIFT_12"            10.15585   -0.00348    0.00335
 "LT.DHZ20"            11.72220   -0.00469    0.00459
 "LT.DVT20"            11.72220   -0.00469    0.00459
 "DRIFT_13"            12.45835   -0.00525    0.00516
 "LT.QFN30"            13.32200   -0.00326    0.00399
 "DRIFT_14"            13.82700   -0.00604    0.00656
 "LT.QDN32"            14.33200   -0.00523    0.00559
 "DRIFT_15"            14.79575   -0.00679    0.00741
 "LT.VPI2"             15.13200   -0.00727    0.00747
 "DRIFT_16"            16.15475   -0.00872    0.00765
 "LT.BPM20"            17.17750   -0.01045    0.00885
 "DRIFT_17"            17.72975   -0.01097    0.00793
 "LT.VGP11"            18.28200   -0.01176    0.00803
 "DRIFT_18"            18.56325   -0.01216    0.00808
 "LT.QFN40"            18.97200   -0.01200    0.00748
 "DRIFT_19"            19.47200   -0.01077    0.00992
 "LT.QDN42"            19.97200   -0.00853    0.01096
 "DRIFT_20"            20.24575   -0.00866    0.01150
 "LT.DHZ30"            20.39200   -0.00857    0.01141
 "LT.DVT30"            20.39200   -0.00857    0.01141
 "DRIFT_21"            20.69350   -0.00837    0.01123
 "LT.BPM30"            20.99500   -0.00849    0.01408
 "DRIFT_22"            21.37100   -0.00792    0.01082
 "LT.CDB10"            21.74700   -0.00767    0.01060
 "DRIFT_23"            22.21975   -0.00736    0.01031
 "LT.BCT20"            22.69250   -0.00704    0.01003
 "DRIFT_24"            23.08843   -0.00678    0.00979
 "LT.BHZ20"            24.00857   -0.00431    0.01044
 "DRIFT_25"            24.89995   -0.00515    0.00871
 "LT.VGP12"            25.26713   -0.00479    0.00849
 "DRIFT_26"            25.69113   -0.00438    0.00823
 "LT.STP10"            26.11513   -0.00396    0.00798
 "DRIFT_27"            27.74013   -0.00237    0.00701
 "LT.BEC3"             29.36513   -0.00078    0.00604
 "DRIFT_28"            29.93638   -0.00022    0.00570
 "LT.QFN50"            30.63513    0.00123    0.00601
 "DRIFT_29"            31.17388    0.00078    0.00601
 "LT.VPI14"            31.58513    0.00100    0.00667
 "DRIFT_30"            31.79513    0.00112    0.00700
 "LT.BEC4"             32.00513    0.00123    0.00733
 "DRIFT_31"            32.18563    0.00133    0.00762
 "LT.BCT30"            32.36613    0.00142    0.00791
 "DRIFT_32"            32.62563    0.00156    0.00832
 "LT.DHZ40"            32.88513    0.00170    0.00873
 "LT.DVT40"            32.88513    0.00170    0.00873
 "DRIFT_33"            33.46513    0.00172    0.00965
 "LT.BPM40"            34.04513    0.00157    0.01259
 "DRIFT_34"            34.37638    0.00176    0.01109
 "LT.QDN55"            34.83513    0.00328    0.01312
 "DRIFT_35"            35.07988    0.00195    0.01155
 "LT.VVS20"            35.19713    0.00204    0.01142
 "DRIFT_36"            37.38738    0.00361    0.00895
 "LT.QFN60"            39.70513    0.00645    0.00850
 "DRIFT_37"            40.65913    0.00491    0.00665
 "LT.QDN65"            41.61313    0.00454    0.00697
 "DRIFT_38"            41.87553    0.00462    0.00679
 "LT.BHZ25"            42.21314    0.00475    0.00650
 "DRIFT_39"            42.96299    0.00504    0.00586
 "LT.VPI25"            43.51013    0.00525    0.00539
 "DRIFT_40"            44.80814    0.00575    0.00429
 "LT.VPI26"            46.10614    0.00625    0.00318
 "DRIFT_41"            46.31014    0.00633    0.00301
 "LT.QFW70"            46.74513    0.00644    0.00243
 "DRIFT_42"            48.49188    0.00397    0.00237
 "LT.QDN75"            50.13513   -0.00029    0.00117
 "DRIFT_43"            50.68389    0.00083    0.00191
 "LT.DHZ50"            51.10514    0.00021    0.00176
 "LT.DVT50"            51.10514    0.00021    0.00176
 "DRIFT_44"            51.42214   -0.00025    0.00165
 "LT.BCT40"            51.73914   -0.00072    0.00154
 "DRIFT_45"            51.98314   -0.00108    0.00146
 "LT.BPM50"            52.50514   -0.00209    0.00046
 "DRIFT_46"            53.12800   -0.00276    0.00106
 "ENDLT"               53.47286   -0.00326    0.00094
 "LT$END"              53.47286   -0.00326    0.00094
 "DRIFT_47"            53.47286   -0.00326    0.00094
 "LTB$START"           53.47287   -0.00326    0.00094
 "BEGLTB"              53.47287   -0.00326    0.00094
 "LT.BHZ30"            53.99860   -0.00398    0.00681
 "DRIFT_48"            54.86818   -0.00485    0.00044
 "LTB.DHZ10"           55.21204   -0.00516    0.00032
 "LTB.DVT10"           55.21204   -0.00516    0.00032
 "DRIFT_49"            55.47879   -0.00541    0.00023
 "LTB.STP10"           55.74554   -0.00565    0.00014
 "DRIFT_50"            55.93879   -0.00583    0.00007
 "LTB.VVS10"           56.13204   -0.00601    0.00000
 "DRIFT_51"            56.38079   -0.00623   -0.00009
 "LTB.VPI11"           56.62954   -0.00646   -0.00017
 "DRIFT_52"            57.39704   -0.00716   -0.00044
 "LTB.QFN10"           58.29204   -0.01114   -0.00244
 "DRIFT_19"            58.79204   -0.00632   -0.00140
 "LTB.QDN20"           59.29204   -0.00897   -0.00362
 "DRIFT_53"            59.57479   -0.00433   -0.00219
 "LTB.MSF30"           59.73004   -0.00407   -0.00229
 "DRIFT_54"            60.08379   -0.00350   -0.00252
 "LTB.BPM10"           60.43754   -0.00706   -0.00419
 "DRIFT_55"            60.62129   -0.00263   -0.00286
 "LTB.BCT49"           60.80504   -0.00233   -0.00298
 "DRIFT_56"            60.97354   -0.00206   -0.00309
 "LTB.DHZ20"           61.14204   -0.00179   -0.00320
 "LTB.DVT20"           61.14204   -0.00179   -0.00320
 "DRIFT_57"            62.60654    0.00059   -0.00414
 "LTB.BCT50"           64.07104    0.00296   -0.00507
 "DRIFT_58"            64.32604    0.00337   -0.00524
 "LTB.BCT55"           64.58104    0.00379   -0.00540
 "DRIFT_59"            66.11154    0.00627   -0.00638
 "LTB.BPM20"           67.64204    0.00217   -0.00610
 "DRIFT_60"            67.89204    0.00915   -0.00752
 "LTB.DHZ30"           68.14204    0.00956   -0.00768
 "LTB.DVT30"           68.14204    0.00956   -0.00768
 "DRIFT_61"            68.47679    0.01010   -0.00790
 "LTB.QFW30"           69.04204    0.00411   -0.00686
 "DRIFT_62"            69.54204    0.01134   -0.00939
 "LTB.QDW40"           70.04204    0.00438   -0.00883
 "DRIFT_63"            72.59679    0.01674   -0.00957
 "LTB.BCT59"           74.92104    0.02129   -0.00884
 "DRIFT_64"            75.19254    0.02183   -0.00875
 "LTB.VPI12"           75.46404    0.02236   -0.00867
 "DRIFT_65"            75.68904    0.02280   -0.00860
 "LTB.VGR01"           75.91404    0.02324   -0.00853
 "DRIFT_66"            76.94704    0.02526   -0.00820
 "LTB.VPI13"           77.98004    0.02728   -0.00788
 "DRIFT_67"            78.24504    0.02780   -0.00779
 "LTB.MSF40"           78.51004    0.02832   -0.00771
 "DRIFT_68"            78.72604    0.02874   -0.00764
 "LTB.BCT60"           78.94204    0.02917   -0.00757
 "DRIFT_69"            79.15179    0.02958   -0.00751
 "LTB.QFW50"           79.59204    0.01906   -0.00328
 "DRIFT_70"            80.24204    0.02714   -0.00796
 "LTB.QDW60"           80.89204    0.01337   -0.00362
 "DRIFT_69"            81.33229    0.02454   -0.00822
 "LTB.DHZ40"           81.54204    0.02463   -0.00811
 "LTB.DVT40"           81.54204    0.02463   -0.00811
 "DRIFT_71"            81.79404    0.02474   -0.00798
 "LTB.BPM30"           82.04604    0.01315   -0.00299
 "DRIFT_72"            82.37704    0.02498   -0.00768
 "ENDLTB"              82.70804    0.02512   -0.00751
 "LTB$END"             82.70804    0.02512   -0.00751
 "BI3$START"           82.70804    0.02512   -0.00751
 "BEGBI"               82.70804    0.02512   -0.00751
 "LTB.BHZ40"           83.15804    0.01497   -0.00180
 "DRIFT_73"            83.94804    0.02564   -0.00688
 "BI.VPI11"            84.28804    0.02578   -0.00670
 "DRIFT_74"            86.78004    0.02682   -0.00542
 "BI.DHZ10"            89.27204    0.02786   -0.00414
 "BI.DVT10"            89.27204    0.02786   -0.00414
 "DRIFT_75"            89.51554    0.02796   -0.00402
 "BI.BPM00"            89.75904    0.02807   -0.00389
 "DRIFT_76"            90.21004    0.02825   -0.00366
 "BI.BTV10"            90.66104    0.02844   -0.00343
 "DRIFT_77"            90.94904    0.02856   -0.00328
 "BI.STPFA10"          91.23704    0.02868   -0.00313
 "DRIFT_78"            92.85004    0.02936   -0.00231
 "BI.STPSW10"          94.46304    0.03003   -0.00148
 "DRIFT_79"            94.83754    0.03019   -0.00129
 "BI.BPM10"            95.21204    0.03035   -0.00109
 "DRIFT_80"            95.45204    0.03045   -0.00097
 "BI.DHZ20"            95.69204    0.03055   -0.00085
 "BI.DVT20"            95.69204    0.03055   -0.00085
 "DRIFT_81"            95.89654    0.03063   -0.00074
 "BI.QNO10"            96.33204    0.02990   -0.00054
 "DRIFT_82"            96.83204    0.02327   -0.00041
 "BI.QNO20"            97.33204    0.01641   -0.00028
 "DRIFT_83"           100.98834   -0.00248    0.00116
 "BI.BPM20"           104.41364   -0.01970    0.00252
 "DRIFT_84"           104.63844   -0.02083    0.00261
 "BI.BCT10"           104.86324   -0.02196    0.00270
 "DRIFT_85"           105.05284   -0.02291    0.00278
 "BI.VVS10"           105.24244   -0.02386    0.00285
 "DRIFT_86"           105.28449   -0.02407    0.00287
 "BI.DVT30"           105.47404   -0.02503    0.00294
 "DRIFT_87"           105.74329   -0.02638    0.00305
 "BI.BTV20"           105.86504   -0.02699    0.00310
 "DRIFT_88"           106.15839   -0.02846    0.00322
 "BI.QNO30"           106.68274   -0.03051    0.00349
 "DRIFT_89"           107.10389   -0.02891    0.00408
 "BI.BPM30"           107.29405   -0.02793    0.00438
 "DRIFT_90"           107.49762   -0.02687    0.00471
 "BI.QNO40"           107.93220   -0.02528    0.00526
 "DRIFT_91"           108.29362   -0.02692    0.00511
 "BI.DIS0"            108.62405   -0.02902    0.00485
 "DRIFT_92"           108.82905   -0.03033    0.00469
 "BI3.DIS1"           109.03405   -0.03164    0.00453
 "DRIFT_92"           109.23905   -0.03294    0.00437
 "BI3.DIS2"           109.44405   -0.03425    0.00421
 "DRIFT_93"           109.64905   -0.03556    0.00405
 "BI3.DIS3"           109.85405   -0.03686    0.00389
 "DRIFT_94"           110.05905   -0.03817    0.00373
 "BI3.DIS4"           110.26405   -0.03948    0.00357
 "DRIFT_95"           110.55556   -0.04134    0.00333
 "BI3.DVT40"          110.81056   -0.04296    0.00312
 "DRIFT_96"           111.82481   -0.04942    0.00234
 "BI.VPI12"           112.67556   -0.05484    0.00167
 "DRIFT_97"           114.78456   -0.06826    0.00002
 "BI.BTV30"           116.89356   -0.08169   -0.00164
 "DRIFT_98"           117.73881   -0.08707   -0.00230
 "BI.SMVHDP"          118.58406   -0.09246   -0.00297
 "DRIFT_99"           118.69306   -0.09315   -0.00305
 "BI3.SMV10"          119.28206   -0.09690   -0.00352
 "DRIFT_100"          120.54347   -0.10493   -0.00451
 "BI3.BVT10"          121.68406   -0.11220   -0.00540
 "DRIFT_101"          122.19715   -0.11546   -0.00581
 "BI3.QNO50"          122.58406   -0.11409   -0.00631
 "DRIFT_102"          122.95906   -0.09609   -0.00773
 "BI3.QNO60"          123.33406   -0.07755   -0.00907
 "DRIFT_103"          123.72956   -0.07132   -0.00895
 "BI3.DHZ50"          123.89206   -0.06985   -0.00876
 "BI3.DVT50"          123.89206   -0.06985   -0.00876
 "DRIFT_104"          124.17556   -0.06729   -0.00844
 "BI3.BPM40"          124.45906   -0.06473   -0.00812
 "DRIFT_105"          125.05006   -0.05939   -0.00744
 "BI3.BTV40"          125.64106   -0.05405   -0.00677
 "DRIFT_106"          125.91431   -0.05158   -0.00646
 "BI3.VPI14"          126.18756   -0.04911   -0.00615
 "DRIFT_107"          126.38681   -0.04731   -0.00592
 "BI3.BCT20"          126.58606   -0.04551   -0.00570
 "DRIFT_108"          126.80906   -0.04350   -0.00544
 "BI3.BPM50"          127.03206   -0.04148   -0.00519
 "DRIFT_109"          127.29306   -0.03913   -0.00489
 "BI3.VVS20"          127.55406   -0.03677   -0.00459
 "DRIFT_110"          128.75406   -0.02593   -0.00323
 "BI3.DHZ70"          129.95406   -0.01509   -0.00186
 "BI3.DVT70"          129.95406   -0.01509   -0.00186
 "DRIFT_111"          130.58266   -0.00941   -0.00114
 "BI3.INJPT"          131.21126   -0.00373   -0.00043
 "BI3$END"            131.21126   -0.00373   -0.00043
 "LTLTBBI$END"        131.21126   -0.00373   -0.00043
