@ NAME             %05s "TWISS"
@ TYPE             %05s "TWISS"
@ SEQUENCE         %07s "LTLTBBI"
@ PARTICLE         %06s "PROTON"
@ MASS             %le     0.93827
@ CHARGE           %le     1.00000
@ ENERGY           %le     0.98827
@ PC               %le     0.31037
@ GAMMA            %le     1.05329
@ KBUNCH           %le     1.00000
@ BCURRENT         %le     0.00000
@ SIGE             %le     0.00100
@ SIGT             %le     0.00000
@ NPART            %le     0.00000
@ EX               %le     0.00004
@ EY               %le     0.00002
@ ET               %le     1.00000
@ LENGTH           %le   131.21126
@ ALFA             %le     0.00000
@ ORBIT5           %le    -0.00000
@ GAMMATR          %le     0.00000
@ Q1               %le     2.94978
@ Q2               %le     2.46898
@ DQ1              %le     0.00000
@ DQ2              %le     0.00000
@ DXMAX            %le    10.10606
@ DYMAX            %le     3.65475
@ XCOMAX           %le     0.12739
@ YCOMAX           %le     0.03517
@ BETXMAX          %le   111.32974
@ BETYMAX          %le   607.94233
@ XCORMS           %le     0.03257
@ YCORMS           %le     0.01383
@ DXRMS            %le     2.04690
@ DYRMS            %le     1.29405
@ DELTAP           %le     0.00000
@ SYNCH_1          %le     0.00000
@ SYNCH_2          %le     0.00000
@ SYNCH_3          %le     0.00000
@ SYNCH_4          %le     0.00000
@ SYNCH_5          %le     0.00000
@ TITLE            %65s "LT-LTB-BI 2014 optics. Protons - 310.3662354 MeV/c (E_kin=50 MeV)"
@ ORIGIN           %16s "5.02.04 Linux 64"
@ DATE             %08s "07/04/15"
@ TIME             %08s "14.43.11"
* NAME                        S          X          Y 
$ %s                        %le        %le        %le 
 "LTLTBBI$START"        0.00000    0.00000    0.00000
 "LT$START"             0.00000    0.00000    0.00000
 "BEGLT"                0.00000    0.00000    0.00000
 "DRIFT_0"              0.02400    0.00000    0.00000
 "LT.VVS10"             0.04800    0.00000    0.00000
 "DRIFT_1"              0.22300    0.00000    0.00000
 "LT.DHZ10"             0.39800    0.00000    0.00000
 "LT.DVT10"             0.39800    0.00000    0.00000
 "DRIFT_2"              0.89900    0.00000    0.00000
 "LT.BPM10"             1.40000    0.00019   -0.00055
 "DRIFT_3"              1.62475    0.00000    0.00000
 "LT.QFN10"             1.97700    0.00126   -0.00430
 "DRIFT_4"              2.12575   -0.00020   -0.00068
 "LT.BEC1"              2.14700   -0.00023   -0.00078
 "DRIFT_5"              2.27850   -0.00041   -0.00144
 "LT.BCT10"             2.41000   -0.00060   -0.00209
 "DRIFT_6"              2.52975   -0.00077   -0.00268
 "LT.QDN12"             2.77700    0.00155   -0.00708
 "DRIFT_7"              2.99675   -0.00114   -0.00371
 "LT.BHZ10"             3.34200   -0.00116   -0.00330
 "DRIFT_8"              4.54000   -0.00122   -0.00188
 "LT.VPI11"             5.48500   -0.00127   -0.00076
 "DRIFT_9"              6.40975   -0.00131    0.00033
 "LT.QFN20"             7.46200    0.00158   -0.00152
 "DRIFT_10"             7.71825   -0.00157    0.00169
 "LT.BEC2"              7.84700   -0.00168    0.00175
 "DRIFT_11"             8.09075   -0.00188    0.00186
 "LT.QDN22"             8.46200    0.00015   -0.00105
 "DRIFT_12"            10.15585   -0.00348    0.00335
 "LT.DHZ20"            11.72220   -0.00469    0.00459
 "LT.DVT20"            11.72220   -0.00469    0.00459
 "DRIFT_13"            12.45835   -0.00525    0.00516
 "LT.QFN30"            13.32200   -0.00326    0.00399
 "DRIFT_14"            13.82700   -0.00604    0.00656
 "LT.QDN32"            14.33200   -0.00523    0.00559
 "DRIFT_15"            14.79575   -0.00679    0.00741
 "LT.VPI2"             15.13200   -0.00727    0.00747
 "DRIFT_16"            16.15475   -0.00872    0.00765
 "LT.BPM20"            17.17750   -0.01045    0.00885
 "DRIFT_17"            17.72975   -0.01097    0.00793
 "LT.VGP11"            18.28200   -0.01176    0.00803
 "DRIFT_18"            18.56325   -0.01216    0.00808
 "LT.QFN40"            18.97200   -0.01200    0.00748
 "DRIFT_19"            19.47200   -0.01077    0.00992
 "LT.QDN42"            19.97200   -0.00853    0.01096
 "DRIFT_20"            20.24575   -0.00866    0.01150
 "LT.DHZ30"            20.39200   -0.00857    0.01141
 "LT.DVT30"            20.39200   -0.00857    0.01141
 "DRIFT_21"            20.69350   -0.00837    0.01123
 "LT.BPM30"            20.99500   -0.00849    0.01408
 "DRIFT_22"            21.37100   -0.00792    0.01082
 "LT.CDB10"            21.74700   -0.00767    0.01060
 "DRIFT_23"            22.21975   -0.00736    0.01031
 "LT.BCT20"            22.69250   -0.00704    0.01003
 "DRIFT_24"            23.08843   -0.00678    0.00979
 "LT.BHZ20"            24.00857   -0.00431    0.01044
 "DRIFT_25"            24.89995   -0.00515    0.00871
 "LT.VGP12"            25.26713   -0.00479    0.00849
 "DRIFT_26"            25.69113   -0.00438    0.00823
 "LT.STP10"            26.11513   -0.00396    0.00798
 "DRIFT_27"            27.74013   -0.00237    0.00701
 "LT.BEC3"             29.36513   -0.00078    0.00604
 "DRIFT_28"            29.93638   -0.00022    0.00570
 "LT.QFN50"            30.63513    0.00123    0.00601
 "DRIFT_29"            31.17388    0.00078    0.00601
 "LT.VPI14"            31.58513    0.00100    0.00667
 "DRIFT_30"            31.79513    0.00112    0.00700
 "LT.BEC4"             32.00513    0.00123    0.00733
 "DRIFT_31"            32.18563    0.00133    0.00762
 "LT.BCT30"            32.36613    0.00142    0.00791
 "DRIFT_32"            32.62563    0.00156    0.00832
 "LT.DHZ40"            32.88513    0.00170    0.00873
 "LT.DVT40"            32.88513    0.00170    0.00873
 "DRIFT_33"            33.46513    0.00201    0.00965
 "LT.BPM40"            34.04513    0.00215    0.01259
 "DRIFT_34"            34.37638    0.00250    0.01109
 "LT.QDN55"            34.83513    0.00426    0.01312
 "DRIFT_35"            35.07988    0.00310    0.01155
 "LT.VVS20"            35.19713    0.00326    0.01142
 "DRIFT_36"            37.38738    0.00638    0.00895
 "LT.QFN60"            39.70513    0.01084    0.00850
 "DRIFT_37"            40.65913    0.00927    0.00665
 "LT.QDN65"            41.61313    0.00886    0.00697
 "DRIFT_38"            41.87553    0.00909    0.00679
 "LT.BHZ25"            42.21314    0.00945    0.00650
 "DRIFT_39"            42.96299    0.01026    0.00586
 "LT.VPI25"            43.51013    0.01085    0.00539
 "DRIFT_40"            44.80814    0.01225    0.00429
 "LT.VPI26"            46.10614    0.01365    0.00318
 "DRIFT_41"            46.31014    0.01387    0.00301
 "LT.QFW70"            46.74513    0.01414    0.00243
 "DRIFT_42"            48.49188    0.00920    0.00237
 "LT.QDN75"            50.13513    0.00256    0.00117
 "DRIFT_43"            50.68389    0.00309    0.00191
 "LT.DHZ50"            51.10514    0.00204    0.00176
 "LT.DVT50"            51.10514    0.00204    0.00176
 "DRIFT_44"            51.42214    0.00125    0.00149
 "LT.BCT40"            51.73914    0.00046    0.00122
 "DRIFT_45"            51.98314   -0.00015    0.00102
 "LT.BPM50"            52.50514   -0.00169   -0.00024
 "DRIFT_46"            53.12800   -0.00300    0.00005
 "ENDLT"               53.47286   -0.00385   -0.00025
 "LT$END"              53.47286   -0.00385   -0.00025
 "DRIFT_47"            53.47286   -0.00385   -0.00025
 "LTB$START"           53.47287   -0.00385   -0.00025
 "BEGLTB"              53.47287   -0.00385   -0.00025
 "LT.BHZ30"            53.99860   -0.00509    0.00536
 "DRIFT_48"            54.86818   -0.00674   -0.00144
 "LTB.DHZ10"           55.21204   -0.00735   -0.00173
 "LTB.DVT10"           55.21204   -0.00735   -0.00173
 "DRIFT_49"            55.47879   -0.00783   -0.00196
 "LTB.STP10"           55.74554   -0.00830   -0.00219
 "DRIFT_50"            55.93879   -0.00865   -0.00235
 "LTB.VVS10"           56.13204   -0.00899   -0.00252
 "DRIFT_51"            56.38079   -0.00943   -0.00273
 "LTB.VPI11"           56.62954   -0.00987   -0.00294
 "DRIFT_52"            57.39704   -0.01124   -0.00359
 "LTB.QFN10"           58.29204   -0.01592   -0.00607
 "DRIFT_19"            58.79204   -0.01070   -0.00594
 "LTB.QDN20"           59.29204   -0.01295   -0.00902
 "DRIFT_53"            59.57479   -0.00822   -0.00790
 "LTB.MSF30"           59.73004   -0.00794   -0.00814
 "DRIFT_54"            60.08379   -0.00730   -0.00869
 "LTB.BPM10"           60.43754   -0.01079   -0.01068
 "DRIFT_55"            60.62129   -0.00632   -0.00954
 "LTB.BCT49"           60.80504   -0.00598   -0.00982
 "DRIFT_56"            60.97354   -0.00568   -0.01009
 "LTB.DHZ20"           61.14204   -0.00537   -0.01035
 "LTB.DVT20"           61.14204   -0.00537   -0.01035
 "DRIFT_57"            62.60654   -0.00271   -0.01265
 "LTB.BCT50"           64.07104   -0.00004   -0.01494
 "DRIFT_58"            64.32604    0.00042   -0.01534
 "LTB.BCT55"           64.58104    0.00089   -0.01574
 "DRIFT_59"            66.11154    0.00367   -0.01814
 "LTB.BPM20"           67.64204   -0.00012   -0.01928
 "DRIFT_60"            67.89204    0.00691   -0.02093
 "LTB.DHZ30"           68.14204    0.00736   -0.02132
 "LTB.DVT30"           68.14204    0.00736   -0.02132
 "DRIFT_61"            68.47679    0.00797   -0.02185
 "LTB.QFW30"           69.04204    0.00212   -0.02149
 "DRIFT_62"            69.54204    0.00966   -0.02604
 "LTB.QDW40"           70.04204    0.00298   -0.02711
 "DRIFT_63"            72.59679    0.01598   -0.02567
 "LTB.BCT59"           74.92104    0.02109   -0.02271
 "DRIFT_64"            75.19254    0.02168   -0.02236
 "LTB.VPI12"           75.46404    0.02228   -0.02201
 "DRIFT_65"            75.68904    0.02278   -0.02173
 "LTB.VGR01"           75.91404    0.02327   -0.02144
 "DRIFT_66"            76.94704    0.02554   -0.02012
 "LTB.VPI13"           77.98004    0.02781   -0.01881
 "DRIFT_67"            78.24504    0.02839   -0.01847
 "LTB.MSF40"           78.51004    0.02898   -0.01813
 "DRIFT_68"            78.72604    0.02945   -0.01786
 "LTB.BCT60"           78.94204    0.02992   -0.01758
 "DRIFT_69"            79.15179    0.03039   -0.01731
 "LTB.QFW50"           79.59204    0.01995   -0.01290
 "DRIFT_70"            80.24204    0.02800   -0.01905
 "LTB.QDW60"           80.89204    0.01421   -0.01592
 "DRIFT_69"            81.33229    0.02548   -0.01973
 "LTB.DHZ40"           81.54204    0.02562   -0.01917
 "LTB.DVT40"           81.54204    0.02562   -0.01917
 "DRIFT_71"            81.79404    0.02579   -0.01850
 "LTB.BPM30"           82.04604    0.01425   -0.01304
 "DRIFT_72"            82.37704    0.02618   -0.01694
 "ENDLTB"              82.70804    0.02640   -0.01605
 "LTB$END"             82.70804    0.02640   -0.01605
 "BI3$START"           82.70804    0.02640   -0.01605
 "BEGBI"               82.70804    0.02640   -0.01605
 "LTB.BHZ40"           83.15804    0.01636   -0.00936
 "DRIFT_73"            83.94804    0.02722   -0.01273
 "BI.VPI11"            84.28804    0.02745   -0.01181
 "DRIFT_74"            86.78004    0.02911   -0.00514
 "BI.DHZ10"            89.27204    0.03077    0.00154
 "BI.DVT10"            89.27204    0.03077    0.00154
 "DRIFT_75"            89.51554    0.03094    0.00219
 "BI.BPM00"            89.75904    0.03110    0.00284
 "DRIFT_76"            90.21004    0.03140    0.00405
 "BI.BTV10"            90.66104    0.03170    0.00526
 "DRIFT_77"            90.94904    0.03189    0.00603
 "BI.STPFA10"          91.23704    0.03209    0.00680
 "DRIFT_78"            92.85004    0.03316    0.01113
 "BI.STPSW10"          94.46304    0.03424    0.01545
 "DRIFT_79"            94.83754    0.03449    0.01645
 "BI.BPM10"            95.21204    0.03474    0.01745
 "DRIFT_80"            95.45204    0.03490    0.01810
 "BI.DHZ20"            95.69204    0.03506    0.01874
 "BI.DVT20"            95.69204    0.03506    0.01874
 "DRIFT_81"            95.89654    0.03519    0.01929
 "BI.QNO10"            96.33204    0.03443    0.02106
 "DRIFT_82"            96.83204    0.02689    0.02725
 "BI.QNO20"            97.33204    0.01910    0.03301
 "DRIFT_83"           100.98834   -0.00157    0.01298
 "BI.BPM20"           104.41364   -0.02036   -0.00687
 "DRIFT_84"           104.63844   -0.02160   -0.00817
 "BI.BCT10"           104.86324   -0.02283   -0.00947
 "DRIFT_85"           105.05284   -0.02387   -0.01057
 "BI.VVS10"           105.24244   -0.02491   -0.01167
 "DRIFT_86"           105.28449   -0.02514   -0.01191
 "BI.DVT30"           105.47404   -0.02618   -0.01301
 "DRIFT_87"           105.74329   -0.02766   -0.01457
 "BI.BTV20"           105.86504   -0.02832   -0.01527
 "DRIFT_88"           106.15839   -0.02993   -0.01697
 "BI.QNO30"           106.68274   -0.03219   -0.02038
 "DRIFT_89"           107.10389   -0.03058   -0.02530
 "BI.BPM30"           107.29405   -0.02958   -0.02772
 "DRIFT_90"           107.49762   -0.02850   -0.03031
 "BI.QNO40"           107.93220   -0.02691   -0.03494
 "DRIFT_91"           108.29362   -0.02873   -0.03478
 "BI.DIS0"            108.62405   -0.03106   -0.03379
 "DRIFT_92"           108.82905   -0.03250   -0.03318
 "BI3.DIS1"           109.03405   -0.03394   -0.03256
 "DRIFT_92"           109.23905   -0.03538   -0.03195
 "BI3.DIS2"           109.44405   -0.03682   -0.03133
 "DRIFT_93"           109.64905   -0.03826   -0.03072
 "BI3.DIS3"           109.85405   -0.03970   -0.03009
 "DRIFT_94"           110.05905   -0.04114   -0.02949
 "BI3.DIS4"           110.26405   -0.04258   -0.02887
 "DRIFT_95"           110.55556   -0.04462   -0.02800
 "BI3.DVT40"          110.81056   -0.04641   -0.02726
 "DRIFT_96"           111.82481   -0.05353   -0.02419
 "BI.VPI12"           112.67556   -0.05950   -0.02164
 "DRIFT_97"           114.78456   -0.07430   -0.01531
 "BI.BTV30"           116.89356   -0.08910   -0.00899
 "DRIFT_98"           117.73881   -0.09503   -0.00645
 "BI.SMVHDP"          118.58406   -0.10096   -0.00392
 "DRIFT_99"           118.69306   -0.10172   -0.00359
 "BI3.SMV10"          119.28206   -0.10585   -0.00182
 "DRIFT_100"          120.54347   -0.11470    0.00196
 "BI3.BVT10"          121.68406   -0.12271    0.00538
 "DRIFT_101"          122.19715   -0.12631    0.00692
 "BI3.QNO50"          122.58406   -0.12483    0.00834
 "DRIFT_102"          122.95906   -0.10515    0.01094
 "BI3.QNO60"          123.33406   -0.08489    0.01340
 "DRIFT_103"          123.72956   -0.07810    0.01374
 "BI3.DHZ50"          123.89206   -0.07650    0.01367
 "BI3.DVT50"          123.89206   -0.07650    0.01367
 "DRIFT_104"          124.17556   -0.07372    0.01355
 "BI3.BPM40"          124.45906   -0.07094    0.01344
 "DRIFT_105"          125.05006   -0.06514    0.01320
 "BI3.BTV40"          125.64106   -0.05934    0.01295
 "DRIFT_106"          125.91431   -0.05666    0.01284
 "BI3.VPI14"          126.18756   -0.05398    0.01273
 "DRIFT_107"          126.38681   -0.05203    0.01265
 "BI3.BCT20"          126.58606   -0.05007    0.01257
 "DRIFT_108"          126.80906   -0.04789    0.01248
 "BI3.BPM50"          127.03206   -0.04570    0.01238
 "DRIFT_109"          127.29306   -0.04314    0.01228
 "BI3.VVS20"          127.55406   -0.04058    0.01217
 "DRIFT_110"          128.75406   -0.02881    0.01168
 "BI3.DHZ70"          129.95406   -0.01704    0.01119
 "BI3.DVT70"          129.95406   -0.01704    0.01119
 "DRIFT_111"          130.58266   -0.01087    0.01093
 "BI3.INJPT"          131.21126   -0.00470    0.01067
 "BI3$END"            131.21126   -0.00470    0.01067
 "LTLTBBI$END"        131.21126   -0.00470    0.01067
