@ NAME             %05s "TWISS"
@ TYPE             %05s "TWISS"
@ SEQUENCE         %07s "LTLTBBI"
@ PARTICLE         %06s "PROTON"
@ MASS             %le     0.93827
@ CHARGE           %le     1.00000
@ ENERGY           %le     0.98827
@ PC               %le     0.31037
@ GAMMA            %le     1.05329
@ KBUNCH           %le     1.00000
@ BCURRENT         %le     0.00000
@ SIGE             %le     0.00100
@ SIGT             %le     0.00000
@ NPART            %le     0.00000
@ EX               %le     0.00004
@ EY               %le     0.00002
@ ET               %le     1.00000
@ LENGTH           %le   131.21126
@ ALFA             %le     0.00000
@ ORBIT5           %le    -0.00000
@ GAMMATR          %le     0.00000
@ Q1               %le     2.95001
@ Q2               %le     2.46914
@ DQ1              %le     0.00000
@ DQ2              %le     0.00000
@ DXMAX            %le    10.03001
@ DYMAX            %le     2.65070
@ XCOMAX           %le     0.14462
@ YCOMAX           %le     0.01408
@ BETXMAX          %le   111.28733
@ BETYMAX          %le   606.52139
@ XCORMS           %le     0.03711
@ YCORMS           %le     0.00581
@ DXRMS            %le     1.97944
@ DYRMS            %le     0.87381
@ DELTAP           %le     0.00000
@ SYNCH_1          %le     0.00000
@ SYNCH_2          %le     0.00000
@ SYNCH_3          %le     0.00000
@ SYNCH_4          %le     0.00000
@ SYNCH_5          %le     0.00000
@ TITLE            %65s "LT-LTB-BI 2014 optics. Protons - 310.3662354 MeV/c (E_kin=50 MeV)"
@ ORIGIN           %16s "5.02.04 Linux 64"
@ DATE             %08s "07/04/15"
@ TIME             %08s "14.43.10"
* NAME                        S          X          Y 
$ %s                        %le        %le        %le 
 "LTLTBBI$START"        0.00000    0.00000    0.00000
 "LT$START"             0.00000    0.00000    0.00000
 "BEGLT"                0.00000    0.00000    0.00000
 "DRIFT_0"              0.02400    0.00000    0.00000
 "LT.VVS10"             0.04800    0.00000    0.00000
 "DRIFT_1"              0.22300    0.00000    0.00000
 "LT.DHZ10"             0.39800    0.00000    0.00000
 "LT.DVT10"             0.39800    0.00000    0.00000
 "DRIFT_2"              0.89900    0.00000    0.00000
 "LT.BPM10"             1.40000    0.00019   -0.00055
 "DRIFT_3"              1.62475    0.00000    0.00000
 "LT.QFN10"             1.97700    0.00126   -0.00430
 "DRIFT_4"              2.12575   -0.00020   -0.00068
 "LT.BEC1"              2.14700   -0.00023   -0.00078
 "DRIFT_5"              2.27850   -0.00041   -0.00144
 "LT.BCT10"             2.41000   -0.00060   -0.00209
 "DRIFT_6"              2.52975   -0.00077   -0.00268
 "LT.QDN12"             2.77700    0.00155   -0.00708
 "DRIFT_7"              2.99675   -0.00114   -0.00371
 "LT.BHZ10"             3.34200   -0.00116   -0.00330
 "DRIFT_8"              4.54000   -0.00122   -0.00188
 "LT.VPI11"             5.48500   -0.00127   -0.00076
 "DRIFT_9"              6.40975   -0.00131    0.00033
 "LT.QFN20"             7.46200    0.00158   -0.00152
 "DRIFT_10"             7.71825   -0.00157    0.00169
 "LT.BEC2"              7.84700   -0.00168    0.00175
 "DRIFT_11"             8.09075   -0.00188    0.00186
 "LT.QDN22"             8.46200    0.00015   -0.00105
 "DRIFT_12"            10.15585   -0.00348    0.00335
 "LT.DHZ20"            11.72220   -0.00469    0.00459
 "LT.DVT20"            11.72220   -0.00469    0.00459
 "DRIFT_13"            12.45835   -0.00562    0.00516
 "LT.QFN30"            13.32200   -0.00407    0.00399
 "DRIFT_14"            13.82700   -0.00703    0.00656
 "LT.QDN32"            14.33200   -0.00642    0.00559
 "DRIFT_15"            14.79575   -0.00825    0.00741
 "LT.VPI2"             15.13200   -0.00894    0.00747
 "DRIFT_16"            16.15475   -0.01105    0.00765
 "LT.BPM20"            17.17750   -0.01343    0.00885
 "DRIFT_17"            17.72975   -0.01430    0.00793
 "LT.VGP11"            18.28200   -0.01544    0.00803
 "DRIFT_18"            18.56325   -0.01602    0.00808
 "LT.QFN40"            18.97200   -0.01606    0.00748
 "DRIFT_19"            19.47200   -0.01430    0.00992
 "LT.QDN42"            19.97200   -0.01152    0.01096
 "DRIFT_20"            20.24575   -0.01161    0.01150
 "LT.DHZ30"            20.39200   -0.01151    0.01141
 "LT.DVT30"            20.39200   -0.01151    0.01141
 "DRIFT_21"            20.69350   -0.01131    0.01123
 "LT.BPM30"            20.99500   -0.01142    0.01408
 "DRIFT_22"            21.37100   -0.01084    0.01082
 "LT.CDB10"            21.74700   -0.01058    0.01060
 "DRIFT_23"            22.21975   -0.01025    0.01031
 "LT.BCT20"            22.69250   -0.00993    0.01003
 "DRIFT_24"            23.08843   -0.00965    0.00979
 "LT.BHZ20"            24.00857   -0.00712    0.01044
 "DRIFT_25"            24.89995   -0.00778    0.00871
 "LT.VGP12"            25.26713   -0.00734    0.00849
 "DRIFT_26"            25.69113   -0.00682    0.00824
 "LT.STP10"            26.11513   -0.00630    0.00798
 "DRIFT_27"            27.74013   -0.00432    0.00701
 "LT.BEC3"             29.36513   -0.00234    0.00604
 "DRIFT_28"            29.93638   -0.00165    0.00570
 "LT.QFN50"            30.63513   -0.00001    0.00601
 "DRIFT_29"            31.17388   -0.00014    0.00602
 "LT.VPI14"            31.58513    0.00036    0.00667
 "DRIFT_30"            31.79513    0.00062    0.00701
 "LT.BEC4"             32.00513    0.00088    0.00734
 "DRIFT_31"            32.18563    0.00110    0.00763
 "LT.BCT30"            32.36613    0.00132    0.00791
 "DRIFT_32"            32.62563    0.00164    0.00832
 "LT.DHZ40"            32.88513    0.00195    0.00874
 "LT.DVT40"            32.88513    0.00195    0.00874
 "DRIFT_33"            33.46513    0.00266    0.00966
 "LT.BPM40"            34.04513    0.00320    0.01260
 "DRIFT_34"            34.37638    0.00378    0.01110
 "LT.QDN55"            34.83513    0.00586    0.01313
 "DRIFT_35"            35.07988    0.00493    0.01156
 "LT.VVS20"            35.19713    0.00522    0.01143
 "DRIFT_36"            37.38738    0.01056    0.00896
 "LT.QFN60"            39.70513    0.01737    0.00851
 "DRIFT_37"            40.65913    0.01571    0.00666
 "LT.QDN65"            41.61313    0.01521    0.00698
 "DRIFT_38"            41.87553    0.01567    0.00680
 "LT.BHZ25"            42.21314    0.01636    0.00651
 "DRIFT_39"            42.96299    0.01792    0.00587
 "LT.VPI25"            43.51013    0.01905    0.00540
 "DRIFT_40"            44.80814    0.02174    0.00430
 "LT.VPI26"            46.10614    0.02442    0.00319
 "DRIFT_41"            46.31014    0.02484    0.00301
 "LT.QFW70"            46.74513    0.02534    0.00244
 "DRIFT_42"            48.49188    0.01677    0.00238
 "LT.QDN75"            50.13513    0.00663    0.00118
 "DRIFT_43"            50.68389    0.00629    0.00192
 "LT.DHZ50"            51.10514    0.00461    0.00177
 "LT.DVT50"            51.10514    0.00461    0.00177
 "DRIFT_44"            51.42214    0.00334    0.00166
 "LT.BCT40"            51.73914    0.00208    0.00155
 "DRIFT_45"            51.98314    0.00110    0.00147
 "LT.BPM50"            52.50514   -0.00122    0.00047
 "DRIFT_46"            53.12800   -0.00347    0.00107
 "ENDLT"               53.47286   -0.00485    0.00095
 "LT$END"              53.47286   -0.00485    0.00095
 "DRIFT_47"            53.47286   -0.00485    0.00095
 "LTB$START"           53.47287   -0.00485    0.00095
 "BEGLTB"              53.47287   -0.00485    0.00095
 "LT.BHZ30"            53.99860   -0.00686    0.00682
 "DRIFT_48"            54.86818   -0.00964    0.00045
 "LTB.DHZ10"           55.21204   -0.01069    0.00032
 "LTB.DVT10"           55.21204   -0.01069    0.00032
 "DRIFT_49"            55.47879   -0.01150    0.00023
 "LTB.STP10"           55.74554   -0.01231    0.00014
 "DRIFT_50"            55.93879   -0.01289    0.00007
 "LTB.VVS10"           56.13204   -0.01348   -0.00000
 "DRIFT_51"            56.38079   -0.01424   -0.00009
 "LTB.VPI11"           56.62954   -0.01499   -0.00018
 "DRIFT_52"            57.39704   -0.01732   -0.00045
 "LTB.QFN10"           58.29204   -0.02301   -0.00245
 "DRIFT_19"            58.79204   -0.01719   -0.00141
 "LTB.QDN20"           59.29204   -0.01883   -0.00363
 "DRIFT_53"            59.57479   -0.01398   -0.00220
 "LTB.MSF30"           59.73004   -0.01365   -0.00230
 "DRIFT_54"            60.08379   -0.01289   -0.00253
 "LTB.BPM10"           60.43754   -0.01627   -0.00421
 "DRIFT_55"            60.62129   -0.01174   -0.00288
 "LTB.BCT49"           60.80504   -0.01134   -0.00299
 "DRIFT_56"            60.97354   -0.01098   -0.00310
 "LTB.DHZ20"           61.14204   -0.01062   -0.00321
 "LTB.DVT20"           61.14204   -0.01062   -0.00321
 "DRIFT_57"            62.60654   -0.00748   -0.00415
 "LTB.BCT50"           64.07104   -0.00433   -0.00509
 "DRIFT_58"            64.32604   -0.00379   -0.00526
 "LTB.BCT55"           64.58104   -0.00324   -0.00542
 "DRIFT_59"            66.11154    0.00005   -0.00641
 "LTB.BPM20"           67.64204   -0.00325   -0.00613
 "DRIFT_60"            67.89204    0.00387   -0.00755
 "LTB.DHZ30"           68.14204    0.00440   -0.00771
 "LTB.DVT30"           68.14204    0.00440   -0.00771
 "DRIFT_61"            68.47679    0.00512   -0.00793
 "LTB.QFW30"           69.04204   -0.00052   -0.00689
 "DRIFT_62"            69.54204    0.00747   -0.00942
 "LTB.QDW40"           70.04204    0.00117   -0.00887
 "DRIFT_63"            72.59679    0.01524   -0.00961
 "LTB.BCT59"           74.92104    0.02127   -0.00887
 "DRIFT_64"            75.19254    0.02198   -0.00878
 "LTB.VPI12"           75.46404    0.02268   -0.00870
 "DRIFT_65"            75.68904    0.02326   -0.00863
 "LTB.VGR01"           75.91404    0.02385   -0.00856
 "DRIFT_66"            76.94704    0.02653   -0.00823
 "LTB.VPI13"           77.98004    0.02921   -0.00790
 "DRIFT_67"            78.24504    0.02990   -0.00782
 "LTB.MSF40"           78.51004    0.03059   -0.00773
 "DRIFT_68"            78.72604    0.03115   -0.00767
 "LTB.BCT60"           78.94204    0.03171   -0.00760
 "DRIFT_69"            79.15179    0.03225   -0.00753
 "LTB.QFW50"           79.59204    0.02194   -0.00331
 "DRIFT_70"            80.24204    0.02983   -0.00799
 "LTB.QDW60"           80.89204    0.01590   -0.00365
 "DRIFT_69"            81.33229    0.02730   -0.00825
 "LTB.DHZ40"           81.54204    0.02751   -0.00814
 "LTB.DVT40"           81.54204    0.02751   -0.00814
 "DRIFT_71"            81.79404    0.02777   -0.00801
 "LTB.BPM30"           82.04604    0.01631   -0.00302
 "DRIFT_72"            82.37704    0.02836   -0.00771
 "ENDLTB"              82.70804    0.02870   -0.00753
 "LTB$END"             82.70804    0.02870   -0.00753
 "BI3$START"           82.70804    0.02870   -0.00753
 "BEGBI"               82.70804    0.02870   -0.00753
 "LTB.BHZ40"           83.15804    0.01881   -0.00182
 "DRIFT_73"            83.94804    0.02996   -0.00689
 "BI.VPI11"            84.28804    0.03030   -0.00672
 "DRIFT_74"            86.78004    0.03283   -0.00542
 "BI.DHZ10"            89.27204    0.03536   -0.00413
 "BI.DVT10"            89.27204    0.03536   -0.00413
 "DRIFT_75"            89.51554    0.03561   -0.00401
 "BI.BPM00"            89.75904    0.03586   -0.00388
 "DRIFT_76"            90.21004    0.03632   -0.00365
 "BI.BTV10"            90.66104    0.03677   -0.00341
 "DRIFT_77"            90.94904    0.03707   -0.00326
 "BI.STPFA10"          91.23704    0.03736   -0.00311
 "DRIFT_78"            92.85004    0.03900   -0.00228
 "BI.STPSW10"          94.46304    0.04064   -0.00144
 "DRIFT_79"            94.83754    0.04102   -0.00125
 "BI.BPM10"            95.21204    0.04140   -0.00105
 "DRIFT_80"            95.45204    0.04164   -0.00093
 "BI.DHZ20"            95.69204    0.04188   -0.00080
 "BI.DVT20"            95.69204    0.04188   -0.00080
 "DRIFT_81"            95.89654    0.04209   -0.00070
 "BI.QNO10"            96.33204    0.04127   -0.00049
 "DRIFT_82"            96.83204    0.03234   -0.00034
 "BI.QNO20"            97.33204    0.02311   -0.00021
 "DRIFT_83"           100.98834   -0.00039    0.00119
 "BI.BPM20"           104.41364   -0.02171    0.00250
 "DRIFT_84"           104.63844   -0.02310    0.00259
 "BI.BCT10"           104.86324   -0.02450    0.00268
 "DRIFT_85"           105.05284   -0.02568    0.00275
 "BI.VVS10"           105.24244   -0.02686    0.00282
 "DRIFT_86"           105.28449   -0.02713    0.00284
 "BI.DVT30"           105.47404   -0.02830    0.00291
 "DRIFT_87"           105.74329   -0.02998    0.00301
 "BI.BTV20"           105.86504   -0.03074    0.00306
 "DRIFT_88"           106.15839   -0.03256    0.00317
 "BI.QNO30"           106.68274   -0.03515    0.00344
 "DRIFT_89"           107.10389   -0.03350    0.00402
 "BI.BPM30"           107.29405   -0.03244    0.00431
 "DRIFT_90"           107.49762   -0.03131    0.00463
 "BI.QNO40"           107.93220   -0.02969    0.00517
 "DRIFT_91"           108.29362   -0.03180    0.00502
 "BI.DIS0"            108.62405   -0.03445    0.00477
 "DRIFT_92"           108.82905   -0.03610    0.00461
 "BI3.DIS1"           109.03405   -0.03775    0.00445
 "DRIFT_92"           109.23905   -0.03939    0.00429
 "BI3.DIS2"           109.44405   -0.04104    0.00413
 "DRIFT_93"           109.64905   -0.04269    0.00397
 "BI3.DIS3"           109.85405   -0.04433    0.00382
 "DRIFT_94"           110.05905   -0.04598    0.00365
 "BI3.DIS4"           110.26405   -0.04763    0.00350
 "DRIFT_95"           110.55556   -0.04997    0.00326
 "BI3.DVT40"          110.81056   -0.05202    0.00304
 "DRIFT_96"           111.82481   -0.06016    0.00228
 "BI.VPI12"           112.67556   -0.06698    0.00162
 "DRIFT_97"           114.78456   -0.08390   -0.00002
 "BI.BTV30"           116.89356   -0.10083   -0.00166
 "DRIFT_98"           117.73881   -0.10761   -0.00232
 "BI.SMVHDP"          118.58406   -0.11439   -0.00298
 "DRIFT_99"           118.69306   -0.11527   -0.00306
 "BI3.SMV10"          119.28206   -0.11999   -0.00352
 "DRIFT_100"          120.54347   -0.13011   -0.00450
 "BI3.BVT10"          121.68406   -0.13927   -0.00539
 "DRIFT_101"          122.19715   -0.14338   -0.00579
 "BI3.QNO50"          122.58406   -0.14173   -0.00629
 "DRIFT_102"          122.95906   -0.11941   -0.00771
 "BI3.QNO60"          123.33406   -0.09642   -0.00904
 "DRIFT_103"          123.72956   -0.08874   -0.00891
 "BI3.DHZ50"          123.89206   -0.08695   -0.00873
 "BI3.DVT50"          123.89206   -0.08695   -0.00873
 "DRIFT_104"          124.17556   -0.08382   -0.00841
 "BI3.BPM40"          124.45906   -0.08068   -0.00808
 "DRIFT_105"          125.05006   -0.07415   -0.00741
 "BI3.BTV40"          125.64106   -0.06762   -0.00674
 "DRIFT_106"          125.91431   -0.06460   -0.00643
 "BI3.VPI14"          126.18756   -0.06158   -0.00612
 "DRIFT_107"          126.38681   -0.05938   -0.00589
 "BI3.BCT20"          126.58606   -0.05717   -0.00566
 "DRIFT_108"          126.80906   -0.05471   -0.00541
 "BI3.BPM50"          127.03206   -0.05225   -0.00516
 "DRIFT_109"          127.29306   -0.04936   -0.00486
 "BI3.VVS20"          127.55406   -0.04648   -0.00456
 "DRIFT_110"          128.75406   -0.03321   -0.00320
 "BI3.DHZ70"          129.95406   -0.01995   -0.00183
 "BI3.DVT70"          129.95406   -0.01995   -0.00183
 "DRIFT_111"          130.58266   -0.01301   -0.00112
 "BI3.INJPT"          131.21126   -0.00606   -0.00040
 "BI3$END"            131.21126   -0.00606   -0.00040
 "LTLTBBI$END"        131.21126   -0.00606   -0.00040
