@ NAME             %05s "TWISS"
@ TYPE             %05s "TWISS"
@ SEQUENCE         %07s "LTLTBBI"
@ PARTICLE         %06s "PROTON"
@ MASS             %le     0.93827
@ CHARGE           %le     1.00000
@ ENERGY           %le     0.98827
@ PC               %le     0.31037
@ GAMMA            %le     1.05329
@ KBUNCH           %le     1.00000
@ BCURRENT         %le     0.00000
@ SIGE             %le     0.00100
@ SIGT             %le     0.00000
@ NPART            %le     0.00000
@ EX               %le     0.00004
@ EY               %le     0.00002
@ ET               %le     1.00000
@ LENGTH           %le   131.21126
@ ALFA             %le     0.00000
@ ORBIT5           %le    -0.00000
@ GAMMATR          %le     0.00000
@ Q1               %le     2.95038
@ Q2               %le     2.46898
@ DQ1              %le     0.00000
@ DQ2              %le     0.00000
@ DXMAX            %le    10.10606
@ DYMAX            %le     2.11707
@ XCOMAX           %le     0.12712
@ YCOMAX           %le     0.06286
@ BETXMAX          %le   111.32974
@ BETYMAX          %le   608.06410
@ XCORMS           %le     0.03252
@ YCORMS           %le     0.02085
@ DXRMS            %le     2.04719
@ DYRMS            %le     0.76933
@ DELTAP           %le     0.00000
@ SYNCH_1          %le     0.00000
@ SYNCH_2          %le     0.00000
@ SYNCH_3          %le     0.00000
@ SYNCH_4          %le     0.00000
@ SYNCH_5          %le     0.00000
@ TITLE            %65s "LT-LTB-BI 2014 optics. Protons - 310.3662354 MeV/c (E_kin=50 MeV)"
@ ORIGIN           %16s "5.02.04 Linux 64"
@ DATE             %08s "07/04/15"
@ TIME             %08s "14.43.11"
* NAME                        S          X          Y 
$ %s                        %le        %le        %le 
 "LTLTBBI$START"        0.00000    0.00000    0.00000
 "LT$START"             0.00000    0.00000    0.00000
 "BEGLT"                0.00000    0.00000    0.00000
 "DRIFT_0"              0.02400    0.00000    0.00000
 "LT.VVS10"             0.04800    0.00000    0.00000
 "DRIFT_1"              0.22300    0.00000    0.00000
 "LT.DHZ10"             0.39800    0.00000    0.00000
 "LT.DVT10"             0.39800    0.00000    0.00000
 "DRIFT_2"              0.89900    0.00000    0.00000
 "LT.BPM10"             1.40000    0.00019   -0.00055
 "DRIFT_3"              1.62475    0.00000    0.00000
 "LT.QFN10"             1.97700    0.00126   -0.00430
 "DRIFT_4"              2.12575   -0.00020   -0.00068
 "LT.BEC1"              2.14700   -0.00023   -0.00078
 "DRIFT_5"              2.27850   -0.00041   -0.00144
 "LT.BCT10"             2.41000   -0.00060   -0.00209
 "DRIFT_6"              2.52975   -0.00077   -0.00268
 "LT.QDN12"             2.77700    0.00155   -0.00708
 "DRIFT_7"              2.99675   -0.00114   -0.00371
 "LT.BHZ10"             3.34200   -0.00116   -0.00330
 "DRIFT_8"              4.54000   -0.00122   -0.00188
 "LT.VPI11"             5.48500   -0.00127   -0.00076
 "DRIFT_9"              6.40975   -0.00131    0.00033
 "LT.QFN20"             7.46200    0.00158   -0.00152
 "DRIFT_10"             7.71825   -0.00157    0.00169
 "LT.BEC2"              7.84700   -0.00168    0.00175
 "DRIFT_11"             8.09075   -0.00188    0.00186
 "LT.QDN22"             8.46200    0.00015   -0.00105
 "DRIFT_12"            10.15585   -0.00348    0.00335
 "LT.DHZ20"            11.72220   -0.00469    0.00459
 "LT.DVT20"            11.72220   -0.00469    0.00459
 "DRIFT_13"            12.45835   -0.00525    0.00516
 "LT.QFN30"            13.32200   -0.00326    0.00399
 "DRIFT_14"            13.82700   -0.00604    0.00656
 "LT.QDN32"            14.33200   -0.00523    0.00559
 "DRIFT_15"            14.79575   -0.00679    0.00741
 "LT.VPI2"             15.13200   -0.00727    0.00747
 "DRIFT_16"            16.15475   -0.00872    0.00765
 "LT.BPM20"            17.17750   -0.01045    0.00885
 "DRIFT_17"            17.72975   -0.01097    0.00793
 "LT.VGP11"            18.28200   -0.01176    0.00803
 "DRIFT_18"            18.56325   -0.01216    0.00808
 "LT.QFN40"            18.97200   -0.01200    0.00748
 "DRIFT_19"            19.47200   -0.01077    0.00992
 "LT.QDN42"            19.97200   -0.00853    0.01096
 "DRIFT_20"            20.24575   -0.00866    0.01150
 "LT.DHZ30"            20.39200   -0.00857    0.01141
 "LT.DVT30"            20.39200   -0.00857    0.01141
 "DRIFT_21"            20.69350   -0.00837    0.01123
 "LT.BPM30"            20.99500   -0.00849    0.01408
 "DRIFT_22"            21.37100   -0.00792    0.01082
 "LT.CDB10"            21.74700   -0.00767    0.01060
 "DRIFT_23"            22.21975   -0.00736    0.01031
 "LT.BCT20"            22.69250   -0.00704    0.01003
 "DRIFT_24"            23.08843   -0.00678    0.00979
 "LT.BHZ20"            24.00857   -0.00431    0.01044
 "DRIFT_25"            24.89995   -0.00515    0.00871
 "LT.VGP12"            25.26713   -0.00479    0.00849
 "DRIFT_26"            25.69113   -0.00438    0.00823
 "LT.STP10"            26.11513   -0.00396    0.00798
 "DRIFT_27"            27.74013   -0.00237    0.00701
 "LT.BEC3"             29.36513   -0.00078    0.00604
 "DRIFT_28"            29.93638   -0.00022    0.00570
 "LT.QFN50"            30.63513    0.00123    0.00601
 "DRIFT_29"            31.17388    0.00078    0.00601
 "LT.VPI14"            31.58513    0.00100    0.00667
 "DRIFT_30"            31.79513    0.00112    0.00700
 "LT.BEC4"             32.00513    0.00123    0.00733
 "DRIFT_31"            32.18563    0.00133    0.00762
 "LT.BCT30"            32.36613    0.00142    0.00791
 "DRIFT_32"            32.62563    0.00156    0.00832
 "LT.DHZ40"            32.88513    0.00170    0.00873
 "LT.DVT40"            32.88513    0.00170    0.00873
 "DRIFT_33"            33.46513    0.00201    0.00994
 "LT.BPM40"            34.04513    0.00215    0.01317
 "DRIFT_34"            34.37638    0.00250    0.01184
 "LT.QDN55"            34.83513    0.00426    0.01409
 "DRIFT_35"            35.07988    0.00310    0.01260
 "LT.VVS20"            35.19713    0.00326    0.01250
 "DRIFT_36"            37.38738    0.00638    0.01069
 "LT.QFN60"            39.70513    0.01084    0.01096
 "DRIFT_37"            40.65913    0.00927    0.00977
 "LT.QDN65"            41.61313    0.00886    0.01077
 "DRIFT_38"            41.87553    0.00909    0.01062
 "LT.BHZ25"            42.21314    0.00945    0.01036
 "DRIFT_39"            42.96299    0.01026    0.00977
 "LT.VPI25"            43.51013    0.01085    0.00934
 "DRIFT_40"            44.80814    0.01225    0.00832
 "LT.VPI26"            46.10614    0.01365    0.00729
 "DRIFT_41"            46.31014    0.01387    0.00713
 "LT.QFW70"            46.74513    0.01414    0.00665
 "DRIFT_42"            48.49188    0.00920    0.00875
 "LT.QDN75"            50.13513    0.00256    0.00957
 "DRIFT_43"            50.68389    0.00309    0.01031
 "LT.DHZ50"            51.10514    0.00204    0.01013
 "LT.DVT50"            51.10514    0.00204    0.01013
 "DRIFT_44"            51.42214    0.00125    0.01000
 "LT.BCT40"            51.73914    0.00046    0.00986
 "DRIFT_45"            51.98314   -0.00015    0.00976
 "LT.BPM50"            52.50514   -0.00169    0.00871
 "DRIFT_46"            53.12800   -0.00300    0.00927
 "ENDLT"               53.47286   -0.00385    0.00912
 "LT$END"              53.47286   -0.00385    0.00912
 "DRIFT_47"            53.47286   -0.00385    0.00912
 "LTB$START"           53.47287   -0.00385    0.00912
 "BEGLTB"              53.47287   -0.00385    0.00912
 "LT.BHZ30"            53.99860   -0.00513    0.01495
 "DRIFT_48"            54.86818   -0.00674    0.00851
 "LTB.DHZ10"           55.21204   -0.00735    0.00836
 "LTB.DVT10"           55.21204   -0.00735    0.00836
 "DRIFT_49"            55.47879   -0.00782    0.00824
 "LTB.STP10"           55.74554   -0.00829    0.00813
 "DRIFT_50"            55.93879   -0.00864    0.00804
 "LTB.VVS10"           56.13204   -0.00898    0.00796
 "DRIFT_51"            56.38079   -0.00942    0.00785
 "LTB.VPI11"           56.62954   -0.00986    0.00774
 "DRIFT_52"            57.39704   -0.01122    0.00741
 "LTB.QFN10"           58.29204   -0.01590    0.00543
 "DRIFT_19"            58.79204   -0.01068    0.00785
 "LTB.QDN20"           59.29204   -0.01293    0.00693
 "DRIFT_53"            59.57479   -0.00821    0.00872
 "LTB.MSF30"           59.73004   -0.00792    0.00878
 "DRIFT_54"            60.08379   -0.00728    0.00892
 "LTB.BPM10"           60.43754   -0.01077    0.00760
 "DRIFT_55"            60.62129   -0.00630    0.00914
 "LTB.BCT49"           60.80504   -0.00597    0.00921
 "DRIFT_56"            60.97354   -0.00566    0.00928
 "LTB.DHZ20"           61.14204   -0.00535    0.00934
 "LTB.DVT20"           61.14204   -0.00535    0.00934
 "DRIFT_57"            62.60654   -0.00269    0.00993
 "LTB.BCT50"           64.07104   -0.00002    0.01051
 "DRIFT_58"            64.32604    0.00044    0.01061
 "LTB.BCT55"           64.58104    0.00091    0.01071
 "DRIFT_59"            66.11154    0.00369    0.01132
 "LTB.BPM20"           67.64204   -0.00010    0.01319
 "DRIFT_60"            67.89204    0.00693    0.01203
 "LTB.DHZ30"           68.14204    0.00739    0.01213
 "LTB.DVT30"           68.14204    0.00739    0.01213
 "DRIFT_61"            68.47679    0.00800    0.01226
 "LTB.QFW30"           69.04204    0.00214    0.01412
 "DRIFT_62"            69.54204    0.00968    0.01434
 "LTB.QDW40"           70.04204    0.00300    0.01712
 "DRIFT_63"            72.59679    0.01600    0.01268
 "LTB.BCT59"           74.92104    0.02111    0.00972
 "DRIFT_64"            75.19254    0.02171    0.00938
 "LTB.VPI12"           75.46404    0.02231    0.00903
 "DRIFT_65"            75.68904    0.02280    0.00875
 "LTB.VGR01"           75.91404    0.02330    0.00846
 "DRIFT_66"            76.94704    0.02557    0.00715
 "LTB.VPI13"           77.98004    0.02784    0.00583
 "DRIFT_67"            78.24504    0.02842    0.00550
 "LTB.MSF40"           78.51004    0.02900    0.00516
 "DRIFT_68"            78.72604    0.02948    0.00488
 "LTB.BCT60"           78.94204    0.02995    0.00461
 "DRIFT_69"            79.15179    0.03041    0.00434
 "LTB.QFW50"           79.59204    0.01998    0.00817
 "DRIFT_70"            80.24204    0.02802    0.00494
 "LTB.QDW60"           80.89204    0.01423    0.01045
 "DRIFT_69"            81.33229    0.02550    0.00480
 "LTB.DHZ40"           81.54204    0.02563    0.00432
 "LTB.DVT40"           81.54204    0.02563    0.00432
 "DRIFT_71"            81.79404    0.02580    0.00374
 "LTB.BPM30"           82.04604    0.01427    0.00812
 "DRIFT_72"            82.37704    0.02619    0.00240
 "ENDLTB"              82.70804    0.02641    0.00164
 "LTB$END"             82.70804    0.02641    0.00164
 "BI3$START"           82.70804    0.02641    0.00164
 "BEGBI"               82.70804    0.02641    0.00164
 "LTB.BHZ40"           83.15804    0.01637    0.00608
 "DRIFT_73"            83.94804    0.02723   -0.00121
 "BI.VPI11"            84.28804    0.02746   -0.00200
 "DRIFT_74"            86.78004    0.02912   -0.00772
 "BI.DHZ10"            89.27204    0.03077   -0.01345
 "BI.DVT10"            89.27204    0.03077   -0.01345
 "DRIFT_75"            89.51554    0.03094   -0.01401
 "BI.BPM00"            89.75904    0.03110   -0.01457
 "DRIFT_76"            90.21004    0.03140   -0.01561
 "BI.BTV10"            90.66104    0.03170   -0.01665
 "DRIFT_77"            90.94904    0.03189   -0.01731
 "BI.STPFA10"          91.23704    0.03208   -0.01797
 "DRIFT_78"            92.85004    0.03315   -0.02168
 "BI.STPSW10"          94.46304    0.03423   -0.02539
 "DRIFT_79"            94.83754    0.03448   -0.02625
 "BI.BPM10"            95.21204    0.03472   -0.02711
 "DRIFT_80"            95.45204    0.03488   -0.02766
 "BI.DHZ20"            95.69204    0.03504   -0.02821
 "BI.DVT20"            95.69204    0.03504   -0.02821
 "DRIFT_81"            95.89654    0.03518   -0.02868
 "BI.QNO10"            96.33204    0.03441   -0.03057
 "DRIFT_82"            96.83204    0.02687   -0.03876
 "BI.QNO20"            97.33204    0.01909   -0.04638
 "DRIFT_83"           100.98834   -0.00159   -0.01475
 "BI.BPM20"           104.41364   -0.02038    0.01638
 "DRIFT_84"           104.63844   -0.02161    0.01843
 "BI.BCT10"           104.86324   -0.02284    0.02047
 "DRIFT_85"           105.05284   -0.02388    0.02219
 "BI.VVS10"           105.24244   -0.02492    0.02392
 "DRIFT_86"           105.28449   -0.02515    0.02430
 "BI.DVT30"           105.47404   -0.02619    0.02602
 "DRIFT_87"           105.74329   -0.02767    0.02847
 "BI.BTV20"           105.86504   -0.02834    0.02958
 "DRIFT_88"           106.15839   -0.02995    0.03224
 "BI.QNO30"           106.68274   -0.03220    0.03770
 "DRIFT_89"           107.10389   -0.03060    0.04613
 "BI.BPM30"           107.29405   -0.02959    0.05029
 "DRIFT_90"           107.49762   -0.02851    0.05474
 "BI.QNO40"           107.93220   -0.02692    0.06266
 "DRIFT_91"           108.29362   -0.02873    0.06204
 "BI.DIS0"            108.62405   -0.03105    0.05996
 "DRIFT_92"           108.82905   -0.03248    0.05867
 "BI3.DIS1"           109.03405   -0.03392    0.05738
 "DRIFT_92"           109.23905   -0.03536    0.05609
 "BI3.DIS2"           109.44405   -0.03679    0.05480
 "DRIFT_93"           109.64905   -0.03823    0.05351
 "BI3.DIS3"           109.85405   -0.03967    0.05223
 "DRIFT_94"           110.05905   -0.04110    0.05093
 "BI3.DIS4"           110.26405   -0.04254    0.04964
 "DRIFT_95"           110.55556   -0.04459    0.04780
 "BI3.DVT40"          110.81056   -0.04637    0.04618
 "DRIFT_96"           111.82481   -0.05346    0.03982
 "BI.VPI12"           112.67556   -0.05942    0.03447
 "DRIFT_97"           114.78456   -0.07418    0.02119
 "BI.BTV30"           116.89356   -0.08893    0.00792
 "DRIFT_98"           117.73881   -0.09485    0.00260
 "BI.SMVHDP"          118.58406   -0.10076   -0.00271
 "DRIFT_99"           118.69306   -0.10153   -0.00340
 "BI3.SMV10"          119.28206   -0.10565   -0.00711
 "DRIFT_100"          120.54347   -0.11448   -0.01504
 "BI3.BVT10"          121.68406   -0.12246   -0.02222
 "DRIFT_101"          122.19715   -0.12605   -0.02545
 "BI3.QNO50"          122.58406   -0.12457   -0.02878
 "DRIFT_102"          122.95906   -0.10493   -0.03627
 "BI3.QNO60"          123.33406   -0.08471   -0.04333
 "DRIFT_103"          123.72956   -0.07793   -0.04346
 "BI3.DHZ50"          123.89206   -0.07634   -0.04287
 "BI3.DVT50"          123.89206   -0.07634   -0.04287
 "DRIFT_104"          124.17556   -0.07356   -0.04182
 "BI3.BPM40"          124.45906   -0.07078   -0.04078
 "DRIFT_105"          125.05006   -0.06499   -0.03860
 "BI3.BTV40"          125.64106   -0.05920   -0.03643
 "DRIFT_106"          125.91431   -0.05653   -0.03542
 "BI3.VPI14"          126.18756   -0.05385   -0.03441
 "DRIFT_107"          126.38681   -0.05190   -0.03368
 "BI3.BCT20"          126.58606   -0.04995   -0.03295
 "DRIFT_108"          126.80906   -0.04776   -0.03213
 "BI3.BPM50"          127.03206   -0.04558   -0.03130
 "DRIFT_109"          127.29306   -0.04302   -0.03034
 "BI3.VVS20"          127.55406   -0.04047   -0.02938
 "DRIFT_110"          128.75406   -0.02871   -0.02496
 "BI3.DHZ70"          129.95406   -0.01696   -0.02055
 "BI3.DVT70"          129.95406   -0.01696   -0.02055
 "DRIFT_111"          130.58266   -0.01080   -0.01823
 "BI3.INJPT"          131.21126   -0.00464   -0.01592
 "BI3$END"            131.21126   -0.00464   -0.01592
 "LTLTBBI$END"        131.21126   -0.00464   -0.01592
