@ NAME             %05s "TWISS"
@ TYPE             %05s "TWISS"
@ SEQUENCE         %07s "LTLTBBI"
@ PARTICLE         %06s "PROTON"
@ MASS             %le     0.93827
@ CHARGE           %le     1.00000
@ ENERGY           %le     0.98827
@ PC               %le     0.31037
@ GAMMA            %le     1.05329
@ KBUNCH           %le     1.00000
@ BCURRENT         %le     0.00000
@ SIGE             %le     0.00100
@ SIGT             %le     0.00000
@ NPART            %le     0.00000
@ EX               %le     0.00004
@ EY               %le     0.00002
@ ET               %le     1.00000
@ LENGTH           %le   131.21126
@ ALFA             %le     0.00000
@ ORBIT5           %le    -0.00000
@ GAMMATR          %le     0.00000
@ Q1               %le     2.94967
@ Q2               %le     2.46898
@ DQ1              %le     0.00000
@ DQ2              %le     0.00000
@ DXMAX            %le    10.10606
@ DYMAX            %le     4.23976
@ XCOMAX           %le     0.12742
@ YCOMAX           %le     0.05253
@ BETXMAX          %le   111.32974
@ BETYMAX          %le   607.93431
@ XCORMS           %le     0.03257
@ YCORMS           %le     0.01913
@ DXRMS            %le     2.04681
@ DYRMS            %le     1.32266
@ DELTAP           %le     0.00000
@ SYNCH_1          %le     0.00000
@ SYNCH_2          %le     0.00000
@ SYNCH_3          %le     0.00000
@ SYNCH_4          %le     0.00000
@ SYNCH_5          %le     0.00000
@ TITLE            %65s "LT-LTB-BI 2014 optics. Protons - 310.3662354 MeV/c (E_kin=50 MeV)"
@ ORIGIN           %16s "5.02.04 Linux 64"
@ DATE             %08s "07/04/15"
@ TIME             %08s "14.43.11"
* NAME                        S          X          Y 
$ %s                        %le        %le        %le 
 "LTLTBBI$START"        0.00000    0.00000    0.00000
 "LT$START"             0.00000    0.00000    0.00000
 "BEGLT"                0.00000    0.00000    0.00000
 "DRIFT_0"              0.02400    0.00000    0.00000
 "LT.VVS10"             0.04800    0.00000    0.00000
 "DRIFT_1"              0.22300    0.00000    0.00000
 "LT.DHZ10"             0.39800    0.00000    0.00000
 "LT.DVT10"             0.39800    0.00000    0.00000
 "DRIFT_2"              0.89900    0.00000    0.00000
 "LT.BPM10"             1.40000    0.00019   -0.00055
 "DRIFT_3"              1.62475    0.00000    0.00000
 "LT.QFN10"             1.97700    0.00126   -0.00430
 "DRIFT_4"              2.12575   -0.00020   -0.00068
 "LT.BEC1"              2.14700   -0.00023   -0.00078
 "DRIFT_5"              2.27850   -0.00041   -0.00144
 "LT.BCT10"             2.41000   -0.00060   -0.00209
 "DRIFT_6"              2.52975   -0.00077   -0.00268
 "LT.QDN12"             2.77700    0.00155   -0.00708
 "DRIFT_7"              2.99675   -0.00114   -0.00371
 "LT.BHZ10"             3.34200   -0.00116   -0.00330
 "DRIFT_8"              4.54000   -0.00122   -0.00188
 "LT.VPI11"             5.48500   -0.00127   -0.00076
 "DRIFT_9"              6.40975   -0.00131    0.00033
 "LT.QFN20"             7.46200    0.00158   -0.00152
 "DRIFT_10"             7.71825   -0.00157    0.00169
 "LT.BEC2"              7.84700   -0.00168    0.00175
 "DRIFT_11"             8.09075   -0.00188    0.00186
 "LT.QDN22"             8.46200    0.00015   -0.00105
 "DRIFT_12"            10.15585   -0.00348    0.00335
 "LT.DHZ20"            11.72220   -0.00469    0.00459
 "LT.DVT20"            11.72220   -0.00469    0.00459
 "DRIFT_13"            12.45835   -0.00525    0.00516
 "LT.QFN30"            13.32200   -0.00326    0.00399
 "DRIFT_14"            13.82700   -0.00604    0.00656
 "LT.QDN32"            14.33200   -0.00523    0.00559
 "DRIFT_15"            14.79575   -0.00679    0.00741
 "LT.VPI2"             15.13200   -0.00727    0.00747
 "DRIFT_16"            16.15475   -0.00872    0.00765
 "LT.BPM20"            17.17750   -0.01045    0.00885
 "DRIFT_17"            17.72975   -0.01097    0.00793
 "LT.VGP11"            18.28200   -0.01176    0.00803
 "DRIFT_18"            18.56325   -0.01216    0.00808
 "LT.QFN40"            18.97200   -0.01200    0.00748
 "DRIFT_19"            19.47200   -0.01077    0.00992
 "LT.QDN42"            19.97200   -0.00853    0.01096
 "DRIFT_20"            20.24575   -0.00866    0.01150
 "LT.DHZ30"            20.39200   -0.00857    0.01141
 "LT.DVT30"            20.39200   -0.00857    0.01141
 "DRIFT_21"            20.69350   -0.00837    0.01123
 "LT.BPM30"            20.99500   -0.00849    0.01408
 "DRIFT_22"            21.37100   -0.00792    0.01082
 "LT.CDB10"            21.74700   -0.00767    0.01060
 "DRIFT_23"            22.21975   -0.00736    0.01031
 "LT.BCT20"            22.69250   -0.00704    0.01003
 "DRIFT_24"            23.08843   -0.00678    0.00979
 "LT.BHZ20"            24.00857   -0.00431    0.01044
 "DRIFT_25"            24.89995   -0.00515    0.00871
 "LT.VGP12"            25.26713   -0.00479    0.00849
 "DRIFT_26"            25.69113   -0.00438    0.00823
 "LT.STP10"            26.11513   -0.00396    0.00798
 "DRIFT_27"            27.74013   -0.00237    0.00701
 "LT.BEC3"             29.36513   -0.00078    0.00604
 "DRIFT_28"            29.93638   -0.00022    0.00570
 "LT.QFN50"            30.63513    0.00123    0.00601
 "DRIFT_29"            31.17388    0.00078    0.00601
 "LT.VPI14"            31.58513    0.00100    0.00667
 "DRIFT_30"            31.79513    0.00112    0.00700
 "LT.BEC4"             32.00513    0.00123    0.00733
 "DRIFT_31"            32.18563    0.00133    0.00762
 "LT.BCT30"            32.36613    0.00142    0.00791
 "DRIFT_32"            32.62563    0.00156    0.00832
 "LT.DHZ40"            32.88513    0.00170    0.00873
 "LT.DVT40"            32.88513    0.00170    0.00873
 "DRIFT_33"            33.46513    0.00201    0.00936
 "LT.BPM40"            34.04513    0.00215    0.01200
 "DRIFT_34"            34.37638    0.00250    0.01035
 "LT.QDN55"            34.83513    0.00426    0.01215
 "DRIFT_35"            35.07988    0.00310    0.01050
 "LT.VVS20"            35.19713    0.00326    0.01033
 "DRIFT_36"            37.38738    0.00638    0.00721
 "LT.QFN60"            39.70513    0.01084    0.00605
 "DRIFT_37"            40.65913    0.00927    0.00353
 "LT.QDN65"            41.61313    0.00886    0.00317
 "DRIFT_38"            41.87553    0.00909    0.00295
 "LT.BHZ25"            42.21314    0.00945    0.00264
 "DRIFT_39"            42.96299    0.01026    0.00195
 "LT.VPI25"            43.51013    0.01085    0.00145
 "DRIFT_40"            44.80814    0.01225    0.00026
 "LT.VPI26"            46.10614    0.01365   -0.00093
 "DRIFT_41"            46.31014    0.01387   -0.00112
 "LT.QFW70"            46.74513    0.01414   -0.00179
 "DRIFT_42"            48.49188    0.00920   -0.00401
 "LT.QDN75"            50.13513    0.00256   -0.00723
 "DRIFT_43"            50.68389    0.00309   -0.00649
 "LT.DHZ50"            51.10514    0.00204   -0.00660
 "LT.DVT50"            51.10514    0.00204   -0.00660
 "DRIFT_44"            51.42214    0.00125   -0.00669
 "LT.BCT40"            51.73914    0.00046   -0.00678
 "DRIFT_45"            51.98314   -0.00015   -0.00684
 "LT.BPM50"            52.50514   -0.00169   -0.00780
 "DRIFT_46"            53.12800   -0.00300   -0.00715
 "ENDLT"               53.47286   -0.00385   -0.00725
 "LT$END"              53.47286   -0.00385   -0.00725
 "DRIFT_47"            53.47286   -0.00385   -0.00725
 "LTB$START"           53.47287   -0.00385   -0.00725
 "BEGLTB"              53.47287   -0.00385   -0.00725
 "LT.BHZ30"            53.99860   -0.00509   -0.00133
 "DRIFT_48"            54.86818   -0.00674   -0.00762
 "LTB.DHZ10"           55.21204   -0.00735   -0.00772
 "LTB.DVT10"           55.21204   -0.00735   -0.00772
 "DRIFT_49"            55.47879   -0.00783   -0.00779
 "LTB.STP10"           55.74554   -0.00830   -0.00786
 "DRIFT_50"            55.93879   -0.00865   -0.00791
 "LTB.VVS10"           56.13204   -0.00899   -0.00796
 "DRIFT_51"            56.38079   -0.00943   -0.00803
 "LTB.VPI11"           56.62954   -0.00987   -0.00810
 "DRIFT_52"            57.39704   -0.01124   -0.00831
 "LTB.QFN10"           58.29204   -0.01592   -0.01033
 "DRIFT_19"            58.79204   -0.01070   -0.01066
 "LTB.QDN20"           59.29204   -0.01295   -0.01418
 "DRIFT_53"            59.57479   -0.00823   -0.01312
 "LTB.MSF30"           59.73004   -0.00794   -0.01338
 "DRIFT_54"            60.08379   -0.00730   -0.01398
 "LTB.BPM10"           60.43754   -0.01079   -0.01600
 "DRIFT_55"            60.62129   -0.00632   -0.01488
 "LTB.BCT49"           60.80504   -0.00599   -0.01519
 "DRIFT_56"            60.97354   -0.00568   -0.01547
 "LTB.DHZ20"           61.14204   -0.00538   -0.01576
 "LTB.DVT20"           61.14204   -0.00538   -0.01576
 "DRIFT_57"            62.60654   -0.00271   -0.01822
 "LTB.BCT50"           64.07104   -0.00005   -0.02068
 "DRIFT_58"            64.32604    0.00042   -0.02111
 "LTB.BCT55"           64.58104    0.00088   -0.02154
 "DRIFT_59"            66.11154    0.00366   -0.02411
 "LTB.BPM20"           67.64204   -0.00013   -0.02543
 "DRIFT_60"            67.89204    0.00690   -0.02711
 "LTB.DHZ30"           68.14204    0.00736   -0.02753
 "LTB.DVT30"           68.14204    0.00736   -0.02753
 "DRIFT_61"            68.47679    0.00797   -0.02809
 "LTB.QFW30"           69.04204    0.00211   -0.02788
 "DRIFT_62"            69.54204    0.00965   -0.03316
 "LTB.QDW40"           70.04204    0.00297   -0.03482
 "DRIFT_63"            72.59679    0.01597   -0.03186
 "LTB.BCT59"           74.92104    0.02108   -0.02744
 "DRIFT_64"            75.19254    0.02167   -0.02692
 "LTB.VPI12"           75.46404    0.02227   -0.02640
 "DRIFT_65"            75.68904    0.02276   -0.02597
 "LTB.VGR01"           75.91404    0.02326   -0.02554
 "DRIFT_66"            76.94704    0.02553   -0.02358
 "LTB.VPI13"           77.98004    0.02780   -0.02161
 "DRIFT_67"            78.24504    0.02838   -0.02111
 "LTB.MSF40"           78.51004    0.02896   -0.02060
 "DRIFT_68"            78.72604    0.02944   -0.02019
 "LTB.BCT60"           78.94204    0.02991   -0.01978
 "DRIFT_69"            79.15179    0.03037   -0.01938
 "LTB.QFW50"           79.59204    0.01993   -0.01476
 "DRIFT_70"            80.24204    0.02799   -0.02089
 "LTB.QDW60"           80.89204    0.01420   -0.01772
 "DRIFT_69"            81.33229    0.02547   -0.02126
 "LTB.DHZ40"           81.54204    0.02561   -0.02057
 "LTB.DVT40"           81.54204    0.02561   -0.02057
 "DRIFT_71"            81.79404    0.02578   -0.01973
 "LTB.BPM30"           82.04604    0.01424   -0.01413
 "DRIFT_72"            82.37704    0.02617   -0.01778
 "ENDLTB"              82.70804    0.02639   -0.01668
 "LTB$END"             82.70804    0.02639   -0.01668
 "BI3$START"           82.70804    0.02639   -0.01668
 "BEGBI"               82.70804    0.02639   -0.01668
 "LTB.BHZ40"           83.15804    0.01635   -0.00970
 "DRIFT_73"            83.94804    0.02722   -0.01255
 "BI.VPI11"            84.28804    0.02744   -0.01142
 "DRIFT_74"            86.78004    0.02911   -0.00312
 "BI.DHZ10"            89.27204    0.03077    0.00518
 "BI.DVT10"            89.27204    0.03077    0.00518
 "DRIFT_75"            89.51554    0.03093    0.00599
 "BI.BPM00"            89.75904    0.03110    0.00680
 "DRIFT_76"            90.21004    0.03140    0.00831
 "BI.BTV10"            90.66104    0.03170    0.00981
 "DRIFT_77"            90.94904    0.03189    0.01077
 "BI.STPFA10"          91.23704    0.03208    0.01173
 "DRIFT_78"            92.85004    0.03316    0.01710
 "BI.STPSW10"          94.46304    0.03424    0.02247
 "DRIFT_79"            94.83754    0.03449    0.02372
 "BI.BPM10"            95.21204    0.03474    0.02497
 "DRIFT_80"            95.45204    0.03490    0.02577
 "BI.DHZ20"            95.69204    0.03506    0.02656
 "BI.DVT20"            95.69204    0.03506    0.02656
 "DRIFT_81"            95.89654    0.03519    0.02725
 "BI.QNO10"            96.33204    0.03443    0.02955
 "DRIFT_82"            96.83204    0.02689    0.03801
 "BI.QNO20"            97.33204    0.01910    0.04590
 "DRIFT_83"           100.98834   -0.00157    0.01710
 "BI.BPM20"           104.41364   -0.02035   -0.01136
 "DRIFT_84"           104.63844   -0.02159   -0.01323
 "BI.BCT10"           104.86324   -0.02282   -0.01510
 "DRIFT_85"           105.05284   -0.02386   -0.01667
 "BI.VVS10"           105.24244   -0.02490   -0.01825
 "DRIFT_86"           105.28449   -0.02513   -0.01860
 "BI.DVT30"           105.47404   -0.02617   -0.02018
 "DRIFT_87"           105.74329   -0.02765   -0.02241
 "BI.BTV20"           105.86504   -0.02831   -0.02342
 "DRIFT_88"           106.15839   -0.02992   -0.02586
 "BI.QNO30"           106.68274   -0.03218   -0.03078
 "DRIFT_89"           107.10389   -0.03057   -0.03803
 "BI.BPM30"           107.29405   -0.02957   -0.04160
 "DRIFT_90"           107.49762   -0.02849   -0.04542
 "BI.QNO40"           107.93220   -0.02691   -0.05224
 "DRIFT_91"           108.29362   -0.02873   -0.05191
 "BI.DIS0"            108.62405   -0.03105   -0.05035
 "DRIFT_92"           108.82905   -0.03249   -0.04938
 "BI3.DIS1"           109.03405   -0.03393   -0.04841
 "DRIFT_92"           109.23905   -0.03537   -0.04744
 "BI3.DIS2"           109.44405   -0.03681   -0.04647
 "DRIFT_93"           109.64905   -0.03825   -0.04550
 "BI3.DIS3"           109.85405   -0.03969   -0.04452
 "DRIFT_94"           110.05905   -0.04113   -0.04356
 "BI3.DIS4"           110.26405   -0.04257   -0.04259
 "DRIFT_95"           110.55556   -0.04462   -0.04122
 "BI3.DVT40"          110.81056   -0.04641   -0.04003
 "DRIFT_96"           111.82481   -0.05353   -0.03521
 "BI.VPI12"           112.67556   -0.05951   -0.03119
 "DRIFT_97"           114.78456   -0.07431   -0.02121
 "BI.BTV30"           116.89356   -0.08911   -0.01124
 "DRIFT_98"           117.73881   -0.09504   -0.00724
 "BI.SMVHDP"          118.58406   -0.10098   -0.00324
 "DRIFT_99"           118.69306   -0.10174   -0.00273
 "BI3.SMV10"          119.28206   -0.10587    0.00006
 "DRIFT_100"          120.54347   -0.11473    0.00602
 "BI3.BVT10"          121.68406   -0.12273    0.01142
 "DRIFT_101"          122.19715   -0.12634    0.01385
 "BI3.QNO50"          122.58406   -0.12485    0.01617
 "DRIFT_102"          122.95906   -0.10518    0.02083
 "BI3.QNO60"          123.33406   -0.08491    0.02522
 "DRIFT_103"          123.72956   -0.07811    0.02559
 "BI3.DHZ50"          123.89206   -0.07652    0.02536
 "BI3.DVT50"          123.89206   -0.07652    0.02536
 "DRIFT_104"          124.17556   -0.07374    0.02496
 "BI3.BPM40"          124.45906   -0.07096    0.02456
 "DRIFT_105"          125.05006   -0.06516    0.02374
 "BI3.BTV40"          125.64106   -0.05936    0.02291
 "DRIFT_106"          125.91431   -0.05668    0.02252
 "BI3.VPI14"          126.18756   -0.05400    0.02214
 "DRIFT_107"          126.38681   -0.05204    0.02186
 "BI3.BCT20"          126.58606   -0.05009    0.02158
 "DRIFT_108"          126.80906   -0.04790    0.02127
 "BI3.BPM50"          127.03206   -0.04571    0.02096
 "DRIFT_109"          127.29306   -0.04315    0.02059
 "BI3.VVS20"          127.55406   -0.04059    0.02022
 "DRIFT_110"          128.75406   -0.02882    0.01854
 "BI3.DHZ70"          129.95406   -0.01705    0.01686
 "BI3.DVT70"          129.95406   -0.01705    0.01686
 "DRIFT_111"          130.58266   -0.01088    0.01597
 "BI3.INJPT"          131.21126   -0.00471    0.01509
 "BI3$END"            131.21126   -0.00471    0.01509
 "LTLTBBI$END"        131.21126   -0.00471    0.01509
