@ NAME             %05s "TWISS"
@ TYPE             %05s "TWISS"
@ SEQUENCE         %07s "LTLTBBI"
@ PARTICLE         %06s "PROTON"
@ MASS             %le     0.93827
@ CHARGE           %le     1.00000
@ ENERGY           %le     0.98827
@ PC               %le     0.31037
@ GAMMA            %le     1.05329
@ KBUNCH           %le     1.00000
@ BCURRENT         %le     0.00000
@ SIGE             %le     0.00100
@ SIGT             %le     0.00000
@ NPART            %le     0.00000
@ EX               %le     0.00015
@ EY               %le     0.00007
@ ET               %le     1.00000
@ LENGTH           %le   131.26337
@ ALFA             %le     0.00000
@ ORBIT5           %le    -0.00000
@ GAMMATR          %le     0.00000
@ Q1               %le     3.06717
@ Q2               %le     2.91940
@ DQ1              %le     0.00000
@ DQ2              %le     0.00000
@ DXMAX            %le    10.65132
@ DYMAX            %le     3.29433
@ XCOMAX           %le     0.00000
@ YCOMAX           %le     0.00712
@ BETXMAX          %le   130.88450
@ BETYMAX          %le   254.65528
@ XCORMS           %le     0.00000
@ YCORMS           %le     0.00282
@ DXRMS            %le     2.26660
@ DYRMS            %le     0.70172
@ DELTAP           %le     0.00000
@ SYNCH_1          %le     0.00000
@ SYNCH_2          %le     0.00000
@ SYNCH_3          %le     0.00000
@ SYNCH_4          %le     0.00000
@ SYNCH_5          %le     0.00000
@ TITLE            %65s "LT-LTB-BI 2014 optics. Protons - 310.3662354 MeV/c (E_kin=50 MeV)"
@ ORIGIN           %16s "5.02.05 Linux 64"
@ DATE             %08s "25/06/15"
@ TIME             %08s "10.06.53"
* NAME                        S          X          Y 
$ %s                        %le        %le        %le 
 "LTLTBBI$START"        0.00000    0.00000    0.00000
 "LT$START"             0.00000    0.00000    0.00000
 "BEGLT"                0.00000    0.00000    0.00000
 "DRIFT_0"              0.02400    0.00000    0.00000
 "LT.VVS10"             0.04800    0.00000    0.00000
 "DRIFT_1"              0.22300    0.00000    0.00000
 "LT.DHZ10"             0.39800    0.00000    0.00000
 "LT.DVT10"             0.39800    0.00000    0.00000
 "DRIFT_2"              0.89900    0.00000    0.00000
 "LT.BPM10"             1.40000    0.00000    0.00000
 "DRIFT_3"              1.62475    0.00000    0.00000
 "LT.QFN10"             1.97700    0.00000    0.00000
 "DRIFT_4"              2.12575    0.00000    0.00000
 "LT.BEC1"              2.14700    0.00000    0.00000
 "DRIFT_5"              2.27850    0.00000    0.00000
 "LT.BCT10"             2.41000    0.00000    0.00000
 "DRIFT_6"              2.52975    0.00000    0.00000
 "LT.QDN12"             2.77700    0.00000    0.00000
 "DRIFT_7"              2.99675    0.00000    0.00000
 "LT.BHZ10"             3.34200    0.00000    0.00000
 "DRIFT_8"              4.54000    0.00000    0.00000
 "LT.VPI11"             5.48500    0.00000    0.00000
 "DRIFT_9"              6.40975    0.00000    0.00000
 "LT.QFN20"             7.46200    0.00000    0.00000
 "DRIFT_10"             7.71825    0.00000    0.00000
 "LT.BEC2"              7.84700    0.00000    0.00000
 "DRIFT_11"             8.09075    0.00000    0.00000
 "LT.QDN22"             8.46200    0.00000    0.00000
 "DRIFT_12"            10.15585    0.00000    0.00000
 "LT.DHZ20"            11.72220    0.00000    0.00000
 "LT.DVT20"            11.72220    0.00000    0.00000
 "DRIFT_13"            12.45835    0.00000   -0.00037
 "LT.QFN30"            13.32200    0.00000   -0.00080
 "DRIFT_14"            13.82700    0.00000   -0.00112
 "LT.QDN32"            14.33200    0.00000   -0.00143
 "DRIFT_15"            14.79575    0.00000   -0.00158
 "LT.VPI2"             15.13200    0.00000   -0.00169
 "DRIFT_16"            16.15475    0.00000   -0.00200
 "LT.BPM20"            17.17750    0.00000   -0.00232
 "DRIFT_17"            17.72975    0.00000   -0.00249
 "LT.VGP11"            18.28200    0.00000   -0.00266
 "DRIFT_18"            18.56325    0.00000   -0.00274
 "LT.QFN40"            18.97200    0.00000   -0.00291
 "DRIFT_19"            19.47200    0.00000   -0.00367
 "LT.QDN42"            19.97200    0.00000   -0.00442
 "DRIFT_20"            20.24575    0.00000   -0.00446
 "LT.DHZ30"            20.39200    0.00000   -0.00446
 "LT.DVT30"            20.39200    0.00000   -0.00446
 "DRIFT_21"            20.69350    0.00000   -0.00444
 "LT.BPM30"            20.99500    0.00000   -0.00442
 "DRIFT_22"            21.37100    0.00000   -0.00440
 "LT.CDB10"            21.74700    0.00000   -0.00438
 "DRIFT_23"            22.21975    0.00000   -0.00435
 "LT.BCT20"            22.69250    0.00000   -0.00433
 "DRIFT_24"            23.08843    0.00000   -0.00430
 "LT.BHZ20"            24.00857    0.00000   -0.00417
 "DRIFT_25"            24.89995    0.00000   -0.00392
 "LT.VGP12"            25.26713    0.00000   -0.00379
 "DRIFT_26"            25.69113    0.00000   -0.00363
 "LT.STP10"            26.11513    0.00000   -0.00347
 "DRIFT_27"            27.74013    0.00000   -0.00288
 "LT.BEC3"             29.36513    0.00000   -0.00228
 "DRIFT_28"            29.93638    0.00000   -0.00207
 "LT.QFN50"            30.63513    0.00000   -0.00183
 "DRIFT_29"            31.17388    0.00000   -0.00197
 "LT.VPI14"            31.58513    0.00000   -0.00209
 "DRIFT_30"            31.79513    0.00000   -0.00215
 "LT.BEC4"             32.00513    0.00000   -0.00222
 "DRIFT_31"            32.18563    0.00000   -0.00227
 "LT.BCT30"            32.36613    0.00000   -0.00232
 "DRIFT_32"            32.62563    0.00000   -0.00240
 "LT.DHZ40"            32.88513    0.00000   -0.00248
 "LT.DVT40"            32.88513    0.00000   -0.00248
 "DRIFT_33"            33.46513   -0.00000   -0.00265
 "LT.BPM40"            34.04513   -0.00000   -0.00282
 "DRIFT_34"            34.37638   -0.00000   -0.00292
 "LT.QDN55"            34.83513   -0.00000   -0.00304
 "DRIFT_35"            35.07988   -0.00000   -0.00298
 "LT.VVS20"            35.19713   -0.00000   -0.00294
 "DRIFT_36"            37.38738   -0.00000   -0.00222
 "LT.QFN60"            39.70513   -0.00000   -0.00146
 "DRIFT_37"            40.65913   -0.00000   -0.00138
 "LT.QDN65"            41.61313   -0.00000   -0.00130
 "DRIFT_38"            41.87553   -0.00000   -0.00123
 "LT.BHZ25"            42.21314   -0.00000   -0.00113
 "DRIFT_39"            42.96299   -0.00000   -0.00090
 "LT.VPI25"            43.51013   -0.00000   -0.00073
 "DRIFT_40"            44.80814   -0.00000   -0.00034
 "LT.VPI26"            46.10614   -0.00000    0.00005
 "DRIFT_41"            46.31014   -0.00000    0.00011
 "LT.QFW70"            46.74513   -0.00000    0.00025
 "DRIFT_42"            48.49188   -0.00000    0.00090
 "LT.QDN75"            50.13513   -0.00000    0.00150
 "DRIFT_43"            50.68389   -0.00000    0.00158
 "LT.DHZ50"            51.10514   -0.00000    0.00164
 "LT.DVT50"            51.10514   -0.00000    0.00164
 "DRIFT_44"            51.42214   -0.00000    0.00168
 "LT.BCT40"            51.73914   -0.00000    0.00172
 "DRIFT_45"            51.98314   -0.00000    0.00175
 "LT.BPM50"            52.50514   -0.00000    0.00182
 "DRIFT_46"            53.12800    0.00000    0.00191
 "ENDLT"               53.47286    0.00000    0.00195
 "LT$END"              53.47286    0.00000    0.00195
 "DRIFT_47"            53.47286    0.00000    0.00195
 "LTB$START"           53.47287    0.00000    0.00195
 "BEGLTB"              53.47287    0.00000    0.00195
 "LT.BHZ30"            53.99860   -0.00000    0.00195
 "DRIFT_48"            54.86818    0.00000    0.00190
 "LTB.DHZ10"           55.21204    0.00000    0.00185
 "LTB.DVT10"           55.21204    0.00000    0.00185
 "DRIFT_49"            55.47879    0.00000    0.00181
 "LTB.STP10"           55.74554    0.00000    0.00177
 "DRIFT_50"            55.93879    0.00000    0.00174
 "LTB.VVS10"           56.13204    0.00000    0.00172
 "DRIFT_51"            56.38079    0.00000    0.00168
 "LTB.VPI11"           56.62954    0.00000    0.00164
 "DRIFT_52"            57.39704    0.00000    0.00153
 "LTB.QFN10"           58.29204    0.00000    0.00142
 "DRIFT_19"            58.79204    0.00000    0.00159
 "LTB.QDN20"           59.29204    0.00000    0.00177
 "DRIFT_53"            59.57479    0.00000    0.00180
 "LTB.MSF30"           59.73004    0.00000    0.00181
 "DRIFT_54"            60.08379    0.00000    0.00184
 "LTB.BPM10"           60.43754    0.00000    0.00187
 "DRIFT_55"            60.62129    0.00000    0.00189
 "LTB.BCT49"           60.80504    0.00000    0.00190
 "DRIFT_56"            60.97354    0.00000    0.00192
 "LTB.DHZ20"           61.14204    0.00000    0.00193
 "LTB.DVT20"           61.14204    0.00000    0.00193
 "DRIFT_57"            62.60654    0.00000    0.00205
 "LTB.BCT50"           64.07104    0.00000    0.00217
 "DRIFT_58"            64.32604    0.00000    0.00219
 "LTB.BCT55"           64.58104    0.00000    0.00221
 "DRIFT_59"            66.11154    0.00000    0.00233
 "LTB.BPM20"           67.64204    0.00000    0.00245
 "DRIFT_60"            67.89204    0.00000    0.00247
 "LTB.DHZ30"           68.14204    0.00000    0.00249
 "LTB.DVT30"           68.14204    0.00000    0.00249
 "DRIFT_61"            68.47679    0.00000    0.00252
 "LTB.QFW30"           69.04204    0.00000    0.00260
 "DRIFT_62"            69.54204    0.00000    0.00290
 "LTB.QDW40"           70.04204    0.00000    0.00318
 "DRIFT_63"            72.59679    0.00000    0.00263
 "LTB.BCT59"           74.92104    0.00000    0.00209
 "DRIFT_64"            75.19254    0.00000    0.00202
 "LTB.VPI12"           75.46404    0.00000    0.00196
 "DRIFT_65"            75.68904    0.00000    0.00191
 "LTB.VGR01"           75.91404    0.00000    0.00186
 "DRIFT_66"            76.94704    0.00000    0.00161
 "LTB.VPI13"           77.98004    0.00000    0.00137
 "DRIFT_67"            78.24504    0.00000    0.00131
 "LTB.MSF40"           78.51004    0.00000    0.00125
 "DRIFT_68"            78.72604    0.00000    0.00120
 "LTB.BCT60"           78.94204    0.00000    0.00115
 "DRIFT_69"            79.15179    0.00000    0.00110
 "LTB.QFW50"           79.59204    0.00000    0.00101
 "DRIFT_70"            80.24204    0.00000    0.00107
 "LTB.QDW60"           80.89204    0.00000    0.00113
 "DRIFT_69"            81.33229    0.00000    0.00102
 "LTB.DHZ40"           81.54204   -0.00000    0.00096
 "LTB.DVT40"           81.54204   -0.00000    0.00096
 "DRIFT_71"            81.79404   -0.00000    0.00088
 "LTB.BPM30"           82.04604   -0.00000    0.00081
 "DRIFT_72"            82.37704   -0.00000    0.00071
 "ENDLTB"              82.70804   -0.00000    0.00061
 "LTB$END"             82.70804   -0.00000    0.00061
 "BI1$START"           82.70804   -0.00000    0.00061
 "BEGBI"               82.70804   -0.00000    0.00061
 "LTB.BHZ40"           83.15804   -0.00000    0.00047
 "DRIFT_73"            83.94804   -0.00000    0.00024
 "BI.VPI11"            84.28804   -0.00000    0.00014
 "DRIFT_74"            86.78004   -0.00000   -0.00061
 "BI.DHZ10"            89.27204   -0.00000   -0.00135
 "BI.DVT10"            89.27204   -0.00000   -0.00135
 "DRIFT_75"            89.51554   -0.00000   -0.00142
 "BI.BPM00"            89.75904   -0.00000   -0.00150
 "DRIFT_76"            90.21004   -0.00000   -0.00163
 "BI.BTV10"            90.66104   -0.00000   -0.00176
 "DRIFT_77"            90.94904   -0.00000   -0.00185
 "BI.STPFA10"          91.23704   -0.00000   -0.00194
 "DRIFT_78"            92.85004   -0.00000   -0.00242
 "BI.STPSW10"          94.46304   -0.00000   -0.00290
 "DRIFT_79"            94.83754   -0.00000   -0.00301
 "BI.BPM10"            95.21204   -0.00000   -0.00312
 "DRIFT_80"            95.45204   -0.00000   -0.00319
 "BI.DHZ20"            95.69204   -0.00000   -0.00327
 "BI.DVT20"            95.69204   -0.00000   -0.00327
 "DRIFT_81"            95.89654   -0.00000   -0.00333
 "BI.QNO10"            96.33204   -0.00000   -0.00356
 "DRIFT_82"            96.83204   -0.00000   -0.00453
 "BI.QNO20"            97.33204   -0.00000   -0.00543
 "DRIFT_83"           100.98834   -0.00000   -0.00180
 "BI.BPM20"           104.41364   -0.00000    0.00178
 "DRIFT_84"           104.63844   -0.00000    0.00202
 "BI.BCT10"           104.86324    0.00000    0.00225
 "DRIFT_85"           105.05284    0.00000    0.00245
 "BI.VVS10"           105.24244    0.00000    0.00265
 "DRIFT_86"           105.28449    0.00000    0.00269
 "BI.DVT30"           105.47404    0.00000    0.00289
 "DRIFT_87"           105.74329    0.00000    0.00317
 "BI.BTV20"           105.86504    0.00000    0.00330
 "DRIFT_88"           106.12974    0.00000    0.00358
 "BI.QNO30"           106.62544    0.00000    0.00417
 "DRIFT_89"           107.07524    0.00000    0.00519
 "BI.BPM30"           107.29405    0.00000    0.00573
 "DRIFT_90"           107.49284    0.00000    0.00622
 "BI.QNO40"           107.92264    0.00000    0.00710
 "DRIFT_91"           108.28885    0.00000    0.00702
 "BI.DIS0"            108.62405    0.00000    0.00677
 "DRIFT_92"           108.82905    0.00000    0.00662
 "BI1.DIS1"           109.03405    0.00000    0.00647
 "DRIFT_93"           109.23905    0.00000    0.00632
 "BI1.DIS2"           109.44405    0.00000    0.00617
 "DRIFT_94"           109.64905    0.00000    0.00602
 "BI1.DIS3"           109.85406    0.00000    0.00587
 "DRIFT_95"           110.05907    0.00000    0.00572
 "BI1.DIS4"           110.26408    0.00000    0.00558
 "DRIFT_96"           110.55560    0.00000    0.00536
 "BI1.DVT40"          110.81062    0.00000    0.00518
 "DRIFT_97"           111.82489    0.00000    0.00444
 "BI.VPI12"           112.67565    0.00000    0.00382
 "DRIFT_98"           114.78469    0.00000    0.00228
 "BI.BTV30"           116.89373    0.00000    0.00074
 "DRIFT_99"           117.17495    0.00000    0.00053
 "BI1.SMV10"          117.93869    0.00000   -0.00003
 "DRIFT_100"          118.50643    0.00000   -0.00044
 "BI.SMVHDP"          118.59166    0.00000   -0.00050
 "DRIFT_101"          119.98280    0.00000   -0.00152
 "BI1.BVT10"          121.73440    0.00000   -0.00280
 "DRIFT_102"          122.24901    0.00000   -0.00316
 "BI1.QNO50"          122.63617    0.00000   -0.00355
 "DRIFT_103"          123.01117    0.00000   -0.00442
 "BI1.QNO60"          123.38617    0.00000   -0.00523
 "DRIFT_104"          123.78167    0.00000   -0.00522
 "BI1.DHZ50"          123.94417    0.00000   -0.00514
 "BI1.DVT50"          123.94417    0.00000   -0.00514
 "DRIFT_105"          124.22767    0.00000   -0.00500
 "BI1.BPM40"          124.51117    0.00000   -0.00486
 "DRIFT_106"          125.10217    0.00000   -0.00456
 "BI1.BTV40"          125.69317    0.00000   -0.00427
 "DRIFT_107"          125.96642    0.00000   -0.00413
 "BI1.VPI14"          126.23967    0.00000   -0.00399
 "DRIFT_108"          126.43892    0.00000   -0.00390
 "BI1.BCT20"          126.63817    0.00000   -0.00380
 "DRIFT_109"          126.86117    0.00000   -0.00369
 "BI1.BPM50"          127.08417    0.00000   -0.00357
 "DRIFT_110"          127.34517    0.00000   -0.00344
 "BI1.VVS20"          127.60617    0.00000   -0.00331
 "DRIFT_111"          128.80617    0.00000   -0.00272
 "BI1.DHZ70"          130.00617    0.00000   -0.00212
 "BI1.DVT70"          130.00617    0.00000   -0.00212
 "DRIFT_112"          130.63477    0.00000   -0.00181
 "BI1.INJPT"          131.26337   -0.00000   -0.00149
 "BI1$END"            131.26337   -0.00000   -0.00149
 "LTLTBBI$END"        131.26337   -0.00000   -0.00149
