@ NAME             %05s "TWISS"
@ TYPE             %05s "TWISS"
@ SEQUENCE         %07s "LTLTBBI"
@ PARTICLE         %06s "PROTON"
@ MASS             %le     0.93827
@ CHARGE           %le     1.00000
@ ENERGY           %le     0.98827
@ PC               %le     0.31037
@ GAMMA            %le     1.05329
@ KBUNCH           %le     1.00000
@ BCURRENT         %le     0.00000
@ SIGE             %le     0.00100
@ SIGT             %le     0.00000
@ NPART            %le     0.00000
@ EX               %le     0.00015
@ EY               %le     0.00007
@ ET               %le     1.00000
@ LENGTH           %le   131.21126
@ ALFA             %le     0.00000
@ ORBIT5           %le    -0.00000
@ GAMMATR          %le     0.00000
@ Q1               %le     2.92192
@ Q2               %le     2.91535
@ DQ1              %le     0.00000
@ DQ2              %le     0.00000
@ DXMAX            %le    10.65135
@ DYMAX            %le     2.60808
@ XCOMAX           %le     0.00004
@ YCOMAX           %le     0.03826
@ BETXMAX          %le   130.88450
@ BETYMAX          %le   254.62800
@ XCORMS           %le     0.00001
@ YCORMS           %le     0.01345
@ DXRMS            %le     2.28892
@ DYRMS            %le     0.68825
@ DELTAP           %le     0.00000
@ SYNCH_1          %le     0.00000
@ SYNCH_2          %le     0.00000
@ SYNCH_3          %le     0.00000
@ SYNCH_4          %le     0.00000
@ SYNCH_5          %le     0.00000
@ TITLE            %65s "LT-LTB-BI 2014 optics. Protons - 310.3662354 MeV/c (E_kin=50 MeV)"
@ ORIGIN           %16s "5.02.05 Linux 64"
@ DATE             %08s "25/06/15"
@ TIME             %08s "10.07.04"
* NAME                        S          X          Y 
$ %s                        %le        %le        %le 
 "LTLTBBI$START"        0.00000    0.00000    0.00000
 "LT$START"             0.00000    0.00000    0.00000
 "BEGLT"                0.00000    0.00000    0.00000
 "DRIFT_0"              0.02400    0.00000    0.00000
 "LT.VVS10"             0.04800    0.00000    0.00000
 "DRIFT_1"              0.22300    0.00000    0.00000
 "LT.DHZ10"             0.39800    0.00000    0.00000
 "LT.DVT10"             0.39800    0.00000    0.00000
 "DRIFT_2"              0.89900    0.00000    0.00000
 "LT.BPM10"             1.40000    0.00000    0.00000
 "DRIFT_3"              1.62475    0.00000    0.00000
 "LT.QFN10"             1.97700    0.00000    0.00000
 "DRIFT_4"              2.12575    0.00000    0.00000
 "LT.BEC1"              2.14700    0.00000    0.00000
 "DRIFT_5"              2.27850    0.00000    0.00000
 "LT.BCT10"             2.41000    0.00000    0.00000
 "DRIFT_6"              2.52975    0.00000    0.00000
 "LT.QDN12"             2.77700    0.00000    0.00000
 "DRIFT_7"              2.99675    0.00000    0.00000
 "LT.BHZ10"             3.34200    0.00000    0.00000
 "DRIFT_8"              4.54000    0.00000    0.00000
 "LT.VPI11"             5.48500    0.00000    0.00000
 "DRIFT_9"              6.40975    0.00000    0.00000
 "LT.QFN20"             7.46200    0.00000    0.00000
 "DRIFT_10"             7.71825    0.00000    0.00000
 "LT.BEC2"              7.84700    0.00000    0.00000
 "DRIFT_11"             8.09075    0.00000    0.00000
 "LT.QDN22"             8.46200    0.00000    0.00000
 "DRIFT_12"            10.15585    0.00000    0.00000
 "LT.DHZ20"            11.72220    0.00000    0.00000
 "LT.DVT20"            11.72220    0.00000    0.00000
 "DRIFT_13"            12.45835    0.00000    0.00000
 "LT.QFN30"            13.32200    0.00000    0.00000
 "DRIFT_14"            13.82700    0.00000    0.00000
 "LT.QDN32"            14.33200    0.00000    0.00000
 "DRIFT_15"            14.79575    0.00000    0.00000
 "LT.VPI2"             15.13200    0.00000    0.00000
 "DRIFT_16"            16.15475    0.00000    0.00000
 "LT.BPM20"            17.17750    0.00000    0.00000
 "DRIFT_17"            17.72975    0.00000    0.00000
 "LT.VGP11"            18.28200    0.00000    0.00000
 "DRIFT_18"            18.56325    0.00000    0.00000
 "LT.QFN40"            18.97200    0.00000    0.00000
 "DRIFT_19"            19.47200    0.00000    0.00000
 "LT.QDN42"            19.97200    0.00000    0.00000
 "DRIFT_20"            20.24575    0.00000    0.00000
 "LT.DHZ30"            20.39200    0.00000    0.00000
 "LT.DVT30"            20.39200    0.00000    0.00000
 "DRIFT_21"            20.69350    0.00000    0.00015
 "LT.BPM30"            20.99500    0.00000    0.00030
 "DRIFT_22"            21.37100    0.00000    0.00049
 "LT.CDB10"            21.74700    0.00000    0.00068
 "DRIFT_23"            22.21975    0.00000    0.00091
 "LT.BCT20"            22.69250    0.00000    0.00115
 "DRIFT_24"            23.08843    0.00000    0.00135
 "LT.BHZ20"            24.00857    0.00000    0.00178
 "DRIFT_25"            24.89995   -0.00000    0.00214
 "LT.VGP12"            25.26713   -0.00000    0.00228
 "DRIFT_26"            25.69113   -0.00000    0.00243
 "LT.STP10"            26.11513   -0.00000    0.00259
 "DRIFT_27"            27.74013   -0.00000    0.00319
 "LT.BEC3"             29.36513   -0.00000    0.00378
 "DRIFT_28"            29.93638   -0.00000    0.00399
 "LT.QFN50"            30.63513   -0.00000    0.00430
 "DRIFT_29"            31.17388   -0.00000    0.00529
 "LT.VPI14"            31.58513   -0.00000    0.00608
 "DRIFT_30"            31.79513   -0.00000    0.00648
 "LT.BEC4"             32.00513   -0.00000    0.00689
 "DRIFT_31"            32.18563   -0.00000    0.00724
 "LT.BCT30"            32.36613   -0.00000    0.00759
 "DRIFT_32"            32.62563   -0.00000    0.00809
 "LT.DHZ40"            32.88513   -0.00000    0.00859
 "LT.DVT40"            32.88513   -0.00000    0.00859
 "DRIFT_33"            33.46513   -0.00000    0.00971
 "LT.BPM40"            34.04513   -0.00000    0.01083
 "DRIFT_34"            34.37638    0.00000    0.01146
 "LT.QDN55"            34.83513    0.00000    0.01227
 "DRIFT_35"            35.07988    0.00000    0.01220
 "LT.VVS20"            35.19713    0.00000    0.01213
 "DRIFT_36"            37.38738    0.00000    0.01080
 "LT.QFN60"            39.70513    0.00000    0.00944
 "DRIFT_37"            40.65913    0.00000    0.01040
 "LT.QDN65"            41.61313    0.00000    0.01135
 "DRIFT_38"            41.87553    0.00000    0.01116
 "LT.BHZ25"            42.21314    0.00000    0.01085
 "DRIFT_39"            42.96299    0.00000    0.01015
 "LT.VPI25"            43.51013    0.00000    0.00963
 "DRIFT_40"            44.80814    0.00000    0.00842
 "LT.VPI26"            46.10614    0.00000    0.00720
 "DRIFT_41"            46.31014    0.00000    0.00701
 "LT.QFW70"            46.74513    0.00000    0.00672
 "DRIFT_42"            48.49188    0.00000    0.00831
 "LT.QDN75"            50.13513    0.00000    0.00986
 "DRIFT_43"            50.68389    0.00000    0.00958
 "LT.DHZ50"            51.10514    0.00000    0.00932
 "LT.DVT50"            51.10514    0.00000    0.00932
 "DRIFT_44"            51.42214    0.00000    0.00913
 "LT.BCT40"            51.73914    0.00000    0.00894
 "DRIFT_45"            51.98314    0.00000    0.00879
 "LT.BPM50"            52.50514    0.00000    0.00848
 "DRIFT_46"            53.12800    0.00000    0.00810
 "ENDLT"               53.47286   -0.00000    0.00790
 "LT$END"              53.47286   -0.00000    0.00790
 "DRIFT_47"            53.47286   -0.00000    0.00790
 "LTB$START"           53.47287   -0.00000    0.00790
 "BEGLTB"              53.47287   -0.00000    0.00790
 "LT.BHZ30"            53.99860   -0.00001    0.00729
 "DRIFT_48"            54.86818   -0.00000    0.00611
 "LTB.DHZ10"           55.21204   -0.00000    0.00555
 "LTB.DVT10"           55.21204   -0.00000    0.00555
 "DRIFT_49"            55.47879   -0.00000    0.00511
 "LTB.STP10"           55.74554   -0.00000    0.00468
 "DRIFT_50"            55.93879   -0.00000    0.00436
 "LTB.VVS10"           56.13204   -0.00000    0.00404
 "DRIFT_51"            56.38079   -0.00000    0.00364
 "LTB.VPI11"           56.62954   -0.00000    0.00323
 "DRIFT_52"            57.39704   -0.00000    0.00197
 "LTB.QFN10"           58.29204   -0.00000    0.00051
 "DRIFT_19"            58.79204   -0.00000   -0.00021
 "LTB.QDN20"           59.29204   -0.00000   -0.00093
 "DRIFT_53"            59.57479   -0.00000   -0.00131
 "LTB.MSF30"           59.73004   -0.00000   -0.00151
 "DRIFT_54"            60.08379   -0.00000   -0.00197
 "LTB.BPM10"           60.43754   -0.00000   -0.00242
 "DRIFT_55"            60.62129   -0.00000   -0.00266
 "LTB.BCT49"           60.80504   -0.00000   -0.00290
 "DRIFT_56"            60.97354   -0.00000   -0.00312
 "LTB.DHZ20"           61.14204   -0.00000   -0.00334
 "LTB.DVT20"           61.14204   -0.00000   -0.00334
 "DRIFT_57"            62.60654    0.00000   -0.00523
 "LTB.BCT50"           64.07104    0.00000   -0.00713
 "DRIFT_58"            64.32604    0.00000   -0.00746
 "LTB.BCT55"           64.58104    0.00000   -0.00779
 "DRIFT_59"            66.11154    0.00000   -0.00977
 "LTB.BPM20"           67.64204    0.00001   -0.01175
 "DRIFT_60"            67.89204    0.00001   -0.01207
 "LTB.DHZ30"           68.14204    0.00001   -0.01240
 "LTB.DVT30"           68.14204    0.00001   -0.01240
 "DRIFT_61"            68.47679    0.00001   -0.01283
 "LTB.QFW30"           69.04204    0.00001   -0.01374
 "DRIFT_62"            69.54204    0.00001   -0.01574
 "LTB.QDW40"           70.04204    0.00001   -0.01765
 "DRIFT_63"            72.59679    0.00001   -0.01638
 "LTB.BCT59"           74.92104    0.00001   -0.01495
 "DRIFT_64"            75.19254    0.00001   -0.01479
 "LTB.VPI12"           75.46404    0.00001   -0.01462
 "DRIFT_65"            75.68904    0.00001   -0.01448
 "LTB.VGR01"           75.91404    0.00001   -0.01435
 "DRIFT_66"            76.94704    0.00001   -0.01371
 "LTB.VPI13"           77.98004    0.00002   -0.01308
 "DRIFT_67"            78.24504    0.00002   -0.01292
 "LTB.MSF40"           78.51004    0.00002   -0.01276
 "DRIFT_68"            78.72604    0.00002   -0.01263
 "LTB.BCT60"           78.94204    0.00002   -0.01249
 "DRIFT_69"            79.15179    0.00002   -0.01237
 "LTB.QFW50"           79.59204    0.00002   -0.01234
 "DRIFT_70"            80.24204    0.00001   -0.01450
 "LTB.QDW60"           80.89204    0.00001   -0.01656
 "DRIFT_69"            81.33229    0.00001   -0.01584
 "LTB.DHZ40"           81.54204    0.00001   -0.01532
 "LTB.DVT40"           81.54204    0.00001   -0.01532
 "DRIFT_71"            81.79404    0.00001   -0.01470
 "LTB.BPM30"           82.04604    0.00001   -0.01409
 "DRIFT_72"            82.37704    0.00001   -0.01327
 "ENDLTB"              82.70804    0.00001   -0.01246
 "LTB$END"             82.70804    0.00001   -0.01246
 "BI3$START"           82.70804    0.00001   -0.01246
 "BEGBI"               82.70804    0.00001   -0.01246
 "LTB.BHZ40"           83.15804    0.00001   -0.01136
 "DRIFT_73"            83.94804    0.00001   -0.00942
 "BI.VPI11"            84.28804    0.00001   -0.00859
 "DRIFT_74"            86.78004    0.00001   -0.00248
 "BI.DHZ10"            89.27204    0.00001    0.00363
 "BI.DVT10"            89.27204    0.00001    0.00363
 "DRIFT_75"            89.51554    0.00001    0.00422
 "BI.BPM00"            89.75904    0.00001    0.00482
 "DRIFT_76"            90.21004    0.00001    0.00593
 "BI.BTV10"            90.66104    0.00001    0.00703
 "DRIFT_77"            90.94904    0.00001    0.00774
 "BI.STPFA10"          91.23704    0.00001    0.00844
 "DRIFT_78"            92.85004    0.00001    0.01240
 "BI.STPSW10"          94.46304    0.00001    0.01635
 "DRIFT_79"            94.83754    0.00001    0.01727
 "BI.BPM10"            95.21204    0.00001    0.01819
 "DRIFT_80"            95.45204    0.00001    0.01878
 "BI.DHZ20"            95.69204    0.00001    0.01936
 "BI.DVT20"            95.69204    0.00001    0.01936
 "DRIFT_81"            95.89654    0.00001    0.01987
 "BI.QNO10"            96.33204    0.00001    0.02155
 "DRIFT_82"            96.83204    0.00000    0.02774
 "BI.QNO20"            97.33204    0.00000    0.03350
 "DRIFT_83"           100.98834   -0.00000    0.01253
 "BI.BPM20"           104.41364   -0.00001   -0.00820
 "DRIFT_84"           104.63844   -0.00001   -0.00956
 "BI.BCT10"           104.86324   -0.00001   -0.01092
 "DRIFT_85"           105.05284   -0.00001   -0.01207
 "BI.VVS10"           105.24244   -0.00001   -0.01322
 "DRIFT_86"           105.28449   -0.00001   -0.01347
 "BI.DVT30"           105.47404   -0.00001   -0.01462
 "DRIFT_87"           105.74329   -0.00001   -0.01625
 "BI.BTV20"           105.86504   -0.00001   -0.01699
 "DRIFT_88"           106.12974   -0.00001   -0.01859
 "BI.QNO30"           106.62544   -0.00001   -0.02199
 "DRIFT_89"           107.07524   -0.00001   -0.02761
 "BI.BPM30"           107.29405   -0.00001   -0.03056
 "DRIFT_90"           107.49284   -0.00001   -0.03325
 "BI.QNO40"           107.92264   -0.00001   -0.03809
 "DRIFT_91"           108.28885   -0.00001   -0.03777
 "BI.DIS0"            108.62405   -0.00001   -0.03656
 "DRIFT_92"           108.82905   -0.00001   -0.03582
 "BI3.DIS1"           109.03405   -0.00001   -0.03508
 "DRIFT_92"           109.23905   -0.00001   -0.03434
 "BI3.DIS2"           109.44405   -0.00001   -0.03360
 "DRIFT_93"           109.64905   -0.00001   -0.03286
 "BI3.DIS3"           109.85405   -0.00001   -0.03212
 "DRIFT_94"           110.05905   -0.00001   -0.03138
 "BI3.DIS4"           110.26405   -0.00001   -0.03064
 "DRIFT_95"           110.55556   -0.00001   -0.02959
 "BI3.DVT40"          110.81056   -0.00002   -0.02867
 "DRIFT_96"           111.82481   -0.00002   -0.02501
 "BI.VPI12"           112.67556   -0.00002   -0.02194
 "DRIFT_97"           114.78456   -0.00002   -0.01432
 "BI.BTV30"           116.89356   -0.00003   -0.00671
 "DRIFT_98"           117.73881   -0.00003   -0.00366
 "BI.SMVHDP"          118.58406   -0.00003   -0.00060
 "DRIFT_99"           118.69306   -0.00003   -0.00021
 "BI3.SMV10"          119.28206   -0.00003    0.00192
 "DRIFT_100"          120.54347   -0.00003    0.00647
 "BI3.BVT10"          121.68406   -0.00004    0.01059
 "DRIFT_101"          122.19715   -0.00004    0.01244
 "BI3.QNO50"          122.58406   -0.00004    0.01428
 "DRIFT_102"          122.95906   -0.00003    0.01818
 "BI3.QNO60"          123.33406   -0.00003    0.02185
 "DRIFT_103"          123.72956   -0.00002    0.02204
 "BI3.DHZ50"          123.89206   -0.00002    0.02179
 "BI3.DVT50"          123.89206   -0.00002    0.02179
 "DRIFT_104"          124.17556   -0.00002    0.02135
 "BI3.BPM40"          124.45906   -0.00002    0.02091
 "DRIFT_105"          125.05006   -0.00002    0.01999
 "BI3.BTV40"          125.64106   -0.00002    0.01907
 "DRIFT_106"          125.91431   -0.00002    0.01865
 "BI3.VPI14"          126.18756   -0.00002    0.01822
 "DRIFT_107"          126.38681   -0.00001    0.01791
 "BI3.BCT20"          126.58606   -0.00001    0.01760
 "DRIFT_108"          126.80906   -0.00001    0.01725
 "BI3.BPM50"          127.03206   -0.00001    0.01691
 "DRIFT_109"          127.29306   -0.00001    0.01650
 "BI3.VVS20"          127.55406   -0.00001    0.01610
 "DRIFT_110"          128.75406   -0.00001    0.01423
 "BI3.DHZ70"          129.95406   -0.00000    0.01237
 "BI3.DVT70"          129.95406   -0.00000    0.01237
 "DRIFT_111"          130.58266   -0.00000    0.01139
 "BI3.INJPT"          131.21126    0.00000    0.01041
 "BI3$END"            131.21126    0.00000    0.01041
 "LTLTBBI$END"        131.21126    0.00000    0.01041
