@ NAME             %05s "TWISS"
@ TYPE             %05s "TWISS"
@ SEQUENCE         %07s "LTLTBBI"
@ PARTICLE         %06s "PROTON"
@ MASS             %le     0.93827
@ CHARGE           %le     1.00000
@ ENERGY           %le     0.98827
@ PC               %le     0.31037
@ GAMMA            %le     1.05329
@ KBUNCH           %le     1.00000
@ BCURRENT         %le     0.00000
@ SIGE             %le     0.00100
@ SIGT             %le     0.00000
@ NPART            %le     0.00000
@ EX               %le     0.00015
@ EY               %le     0.00007
@ ET               %le     1.00000
@ LENGTH           %le   131.26337
@ ALFA             %le     0.00000
@ ORBIT5           %le    -0.00000
@ GAMMATR          %le     0.00000
@ Q1               %le     3.06718
@ Q2               %le     2.90381
@ DQ1              %le     0.00000
@ DQ2              %le     0.00000
@ DXMAX            %le    10.65134
@ DYMAX            %le     3.64949
@ XCOMAX           %le     0.00000
@ YCOMAX           %le     0.00813
@ BETXMAX          %le   130.88450
@ BETYMAX          %le   185.86009
@ XCORMS           %le     0.00000
@ YCORMS           %le     0.00289
@ DXRMS            %le     2.26661
@ DYRMS            %le     0.76166
@ DELTAP           %le     0.00000
@ SYNCH_1          %le     0.00000
@ SYNCH_2          %le     0.00000
@ SYNCH_3          %le     0.00000
@ SYNCH_4          %le     0.00000
@ SYNCH_5          %le     0.00000
@ TITLE            %65s "LT-LTB-BI 2014 optics. Protons - 310.3662354 MeV/c (E_kin=50 MeV)"
@ ORIGIN           %16s "5.02.06 Linux 64"
@ DATE             %08s "08/07/15"
@ TIME             %08s "14.00.10"
* NAME                        S          X          Y 
$ %s                        %le        %le        %le 
 "LTLTBBI$START"        0.00000    0.00000    0.00000
 "LT$START"             0.00000    0.00000    0.00000
 "BEGLT"                0.00000    0.00000    0.00000
 "DRIFT_0"              0.02400    0.00000    0.00000
 "LT.VVS10"             0.04800    0.00000    0.00000
 "DRIFT_1"              0.22300    0.00000    0.00000
 "LT.DHZ10"             0.39800    0.00000    0.00000
 "LT.DVT10"             0.39800    0.00000    0.00000
 "DRIFT_2"              0.89900    0.00000    0.00025
 "LT.BPM10"             1.40000    0.00000    0.00050
 "DRIFT_3"              1.62475    0.00000    0.00061
 "LT.QFN10"             1.97700    0.00000    0.00082
 "DRIFT_4"              2.12575    0.00000    0.00100
 "LT.BEC1"              2.14700    0.00000    0.00103
 "DRIFT_5"              2.27850    0.00000    0.00122
 "LT.BCT10"             2.41000    0.00000    0.00141
 "DRIFT_6"              2.52975    0.00000    0.00158
 "LT.QDN12"             2.77700    0.00000    0.00189
 "DRIFT_7"              2.99675    0.00000    0.00190
 "LT.BHZ10"             3.34200    0.00000    0.00183
 "DRIFT_8"              4.54000    0.00000    0.00160
 "LT.VPI11"             5.48500    0.00000    0.00141
 "DRIFT_9"              6.40975    0.00000    0.00123
 "LT.QFN20"             7.46200    0.00000    0.00104
 "DRIFT_10"             7.71825    0.00000    0.00110
 "LT.BEC2"              7.84700    0.00000    0.00114
 "DRIFT_11"             8.09075    0.00000    0.00122
 "LT.QDN22"             8.46200    0.00000    0.00132
 "DRIFT_12"            10.15585    0.00000    0.00113
 "LT.DHZ20"            11.72220    0.00000    0.00094
 "LT.DVT20"            11.72220    0.00000    0.00094
 "DRIFT_13"            12.45835    0.00000    0.00084
 "LT.QFN30"            13.32200    0.00000    0.00074
 "DRIFT_14"            13.82700    0.00000    0.00074
 "LT.QDN32"            14.33200    0.00000    0.00073
 "DRIFT_15"            14.79575    0.00000    0.00066
 "LT.VPI2"             15.13200    0.00000    0.00061
 "DRIFT_16"            16.15475    0.00000    0.00044
 "LT.BPM20"            17.17750    0.00000    0.00027
 "DRIFT_17"            17.72975    0.00000    0.00017
 "LT.VGP11"            18.28200    0.00000    0.00008
 "DRIFT_18"            18.56325    0.00000    0.00003
 "LT.QFN40"            18.97200    0.00000   -0.00003
 "DRIFT_19"            19.47200    0.00000   -0.00012
 "LT.QDN42"            19.97200    0.00000   -0.00021
 "DRIFT_20"            20.24575    0.00000   -0.00024
 "LT.DHZ30"            20.39200    0.00000   -0.00026
 "LT.DVT30"            20.39200    0.00000   -0.00026
 "DRIFT_21"            20.69350    0.00000   -0.00029
 "LT.BPM30"            20.99500    0.00000   -0.00032
 "DRIFT_22"            21.37100    0.00000   -0.00036
 "LT.CDB10"            21.74700    0.00000   -0.00040
 "DRIFT_23"            22.21975    0.00000   -0.00044
 "LT.BCT20"            22.69250    0.00000   -0.00049
 "DRIFT_24"            23.08843    0.00000   -0.00053
 "LT.BHZ20"            24.00857    0.00000   -0.00061
 "DRIFT_25"            24.89995   -0.00000   -0.00068
 "LT.VGP12"            25.26713   -0.00000   -0.00070
 "DRIFT_26"            25.69113   -0.00000   -0.00072
 "LT.STP10"            26.11513   -0.00000   -0.00075
 "DRIFT_27"            27.74013   -0.00000   -0.00084
 "LT.BEC3"             29.36513   -0.00000   -0.00093
 "DRIFT_28"            29.93638   -0.00000   -0.00097
 "LT.QFN50"            30.63513   -0.00000   -0.00102
 "DRIFT_29"            31.17388   -0.00000   -0.00124
 "LT.VPI14"            31.58513   -0.00000   -0.00141
 "DRIFT_30"            31.79513   -0.00000   -0.00150
 "LT.BEC4"             32.00513   -0.00000   -0.00159
 "DRIFT_31"            32.18563   -0.00000   -0.00167
 "LT.BCT30"            32.36613   -0.00000   -0.00175
 "DRIFT_32"            32.62563   -0.00000   -0.00186
 "LT.DHZ40"            32.88513   -0.00000   -0.00197
 "LT.DVT40"            32.88513   -0.00000   -0.00197
 "DRIFT_33"            33.46513   -0.00000   -0.00222
 "LT.BPM40"            34.04513    0.00000   -0.00246
 "DRIFT_34"            34.37638    0.00000   -0.00261
 "LT.QDN55"            34.83513    0.00000   -0.00278
 "DRIFT_35"            35.07988    0.00000   -0.00277
 "LT.VVS20"            35.19713    0.00000   -0.00275
 "DRIFT_36"            37.38738    0.00000   -0.00242
 "LT.QFN60"            39.70513    0.00000   -0.00209
 "DRIFT_37"            40.65913    0.00000   -0.00229
 "LT.QDN65"            41.61313    0.00000   -0.00249
 "DRIFT_38"            41.87553    0.00000   -0.00245
 "LT.BHZ25"            42.21314    0.00000   -0.00237
 "DRIFT_39"            42.96299    0.00000   -0.00221
 "LT.VPI25"            43.51013    0.00000   -0.00209
 "DRIFT_40"            44.80814    0.00000   -0.00181
 "LT.VPI26"            46.10614    0.00000   -0.00153
 "DRIFT_41"            46.31014    0.00000   -0.00149
 "LT.QFW70"            46.74513    0.00000   -0.00142
 "DRIFT_42"            48.49188    0.00000   -0.00172
 "LT.QDN75"            50.13513    0.00000   -0.00201
 "DRIFT_43"            50.68389    0.00000   -0.00195
 "LT.DHZ50"            51.10514    0.00000   -0.00189
 "LT.DVT50"            51.10514    0.00000   -0.00189
 "DRIFT_44"            51.42214    0.00000   -0.00185
 "LT.BCT40"            51.73914    0.00000   -0.00181
 "DRIFT_45"            51.98314    0.00000   -0.00177
 "LT.BPM50"            52.50514    0.00000   -0.00170
 "DRIFT_46"            53.12800    0.00000   -0.00162
 "ENDLT"               53.47286   -0.00000   -0.00157
 "LT$END"              53.47286   -0.00000   -0.00157
 "DRIFT_47"            53.47286   -0.00000   -0.00157
 "LTB$START"           53.47287   -0.00000   -0.00157
 "BEGLTB"              53.47287   -0.00000   -0.00157
 "LT.BHZ30"            53.99860   -0.00000   -0.00144
 "DRIFT_48"            54.86818   -0.00000   -0.00120
 "LTB.DHZ10"           55.21204   -0.00000   -0.00109
 "LTB.DVT10"           55.21204   -0.00000   -0.00109
 "DRIFT_49"            55.47879   -0.00000   -0.00100
 "LTB.STP10"           55.74554   -0.00000   -0.00091
 "DRIFT_50"            55.93879   -0.00000   -0.00084
 "LTB.VVS10"           56.13204   -0.00000   -0.00078
 "DRIFT_51"            56.38079   -0.00000   -0.00070
 "LTB.VPI11"           56.62954   -0.00000   -0.00061
 "DRIFT_52"            57.39704   -0.00000   -0.00036
 "LTB.QFN10"           58.29204   -0.00000   -0.00006
 "DRIFT_19"            58.79204   -0.00000    0.00010
 "LTB.QDN20"           59.29204   -0.00000    0.00025
 "DRIFT_53"            59.57479   -0.00000    0.00033
 "LTB.MSF30"           59.73004   -0.00000    0.00037
 "DRIFT_54"            60.08379   -0.00000    0.00047
 "LTB.BPM10"           60.43754   -0.00000    0.00056
 "DRIFT_55"            60.62129   -0.00000    0.00061
 "LTB.BCT49"           60.80504   -0.00000    0.00066
 "DRIFT_56"            60.97354   -0.00000    0.00071
 "LTB.DHZ20"           61.14204   -0.00000    0.00075
 "LTB.DVT20"           61.14204   -0.00000    0.00075
 "DRIFT_57"            62.60654    0.00000    0.00115
 "LTB.BCT50"           64.07104    0.00000    0.00154
 "DRIFT_58"            64.32604    0.00000    0.00161
 "LTB.BCT55"           64.58104    0.00000    0.00168
 "DRIFT_59"            66.11154    0.00000    0.00209
 "LTB.BPM20"           67.64204    0.00000    0.00251
 "DRIFT_60"            67.89204    0.00000    0.00257
 "LTB.DHZ30"           68.14204    0.00000    0.00264
 "LTB.DVT30"           68.14204    0.00000    0.00264
 "DRIFT_61"            68.47679    0.00000    0.00273
 "LTB.QFW30"           69.04204    0.00000    0.00292
 "DRIFT_62"            69.54204    0.00000    0.00335
 "LTB.QDW40"           70.04204    0.00000    0.00375
 "DRIFT_63"            72.59679    0.00000    0.00347
 "LTB.BCT59"           74.92104    0.00000    0.00316
 "DRIFT_64"            75.19254    0.00000    0.00312
 "LTB.VPI12"           75.46404    0.00000    0.00308
 "DRIFT_65"            75.68904    0.00000    0.00305
 "LTB.VGR01"           75.91404    0.00000    0.00302
 "DRIFT_66"            76.94704    0.00000    0.00288
 "LTB.VPI13"           77.98004    0.00000    0.00275
 "DRIFT_67"            78.24504    0.00000    0.00271
 "LTB.MSF40"           78.51004    0.00000    0.00268
 "DRIFT_68"            78.72604    0.00000    0.00265
 "LTB.BCT60"           78.94204    0.00000    0.00262
 "DRIFT_69"            79.15179    0.00000    0.00259
 "LTB.QFW50"           79.59204    0.00000    0.00258
 "DRIFT_70"            80.24204    0.00000    0.00303
 "LTB.QDW60"           80.89204    0.00000    0.00346
 "DRIFT_69"            81.33229    0.00000    0.00330
 "LTB.DHZ40"           81.54204    0.00000    0.00320
 "LTB.DVT40"           81.54204    0.00000    0.00320
 "DRIFT_71"            81.79404    0.00000    0.00307
 "LTB.BPM30"           82.04604    0.00000    0.00294
 "DRIFT_72"            82.37704    0.00000    0.00276
 "ENDLTB"              82.70804    0.00000    0.00259
 "LTB$END"             82.70804    0.00000    0.00259
 "BI1$START"           82.70804    0.00000    0.00259
 "BEGBI"               82.70804    0.00000    0.00259
 "LTB.BHZ40"           83.15804    0.00000    0.00236
 "DRIFT_73"            83.94804    0.00000    0.00195
 "BI.VPI11"            84.28804    0.00000    0.00178
 "DRIFT_74"            86.78004    0.00000    0.00049
 "BI.DHZ10"            89.27204    0.00000   -0.00079
 "BI.DVT10"            89.27204    0.00000   -0.00079
 "DRIFT_75"            89.51554    0.00000   -0.00092
 "BI.BPM00"            89.75904    0.00000   -0.00104
 "DRIFT_76"            90.21004    0.00000   -0.00128
 "BI.BTV10"            90.66104    0.00000   -0.00151
 "DRIFT_77"            90.94904    0.00000   -0.00166
 "BI.STPFA10"          91.23704    0.00000   -0.00181
 "DRIFT_78"            92.85004    0.00000   -0.00264
 "BI.STPSW10"          94.46304    0.00000   -0.00347
 "DRIFT_79"            94.83754    0.00000   -0.00366
 "BI.BPM10"            95.21204    0.00000   -0.00386
 "DRIFT_80"            95.45204    0.00000   -0.00398
 "BI.DHZ20"            95.69204    0.00000   -0.00411
 "BI.DVT20"            95.69204    0.00000   -0.00411
 "DRIFT_81"            95.89654    0.00000   -0.00421
 "BI.QNO10"            96.33204    0.00000   -0.00457
 "DRIFT_82"            96.83204    0.00000   -0.00588
 "BI.QNO20"            97.33204    0.00000   -0.00710
 "DRIFT_83"           100.98834   -0.00000   -0.00265
 "BI.BPM20"           104.41364   -0.00000    0.00175
 "DRIFT_84"           104.63844   -0.00000    0.00204
 "BI.BCT10"           104.86324   -0.00000    0.00233
 "DRIFT_85"           105.05284   -0.00000    0.00257
 "BI.VVS10"           105.24244   -0.00000    0.00282
 "DRIFT_86"           105.28449   -0.00000    0.00287
 "BI.DVT30"           105.47404   -0.00000    0.00311
 "DRIFT_87"           105.74329   -0.00000    0.00346
 "BI.BTV20"           105.86504   -0.00000    0.00362
 "DRIFT_88"           106.12974   -0.00000    0.00396
 "BI.QNO30"           106.62544   -0.00000    0.00468
 "DRIFT_89"           107.07524   -0.00000    0.00587
 "BI.BPM30"           107.29405   -0.00000    0.00650
 "DRIFT_90"           107.49284   -0.00000    0.00707
 "BI.QNO40"           107.92264   -0.00000    0.00810
 "DRIFT_91"           108.28885   -0.00000    0.00803
 "BI.DIS0"            108.62405   -0.00000    0.00777
 "DRIFT_92"           108.82905   -0.00000    0.00761
 "BI1.DIS1"           109.03405   -0.00000    0.00746
 "DRIFT_93"           109.23905   -0.00000    0.00730
 "BI1.DIS2"           109.44405   -0.00000    0.00714
 "DRIFT_94"           109.64905   -0.00000    0.00698
 "BI1.DIS3"           109.85406   -0.00000    0.00683
 "DRIFT_95"           110.05907   -0.00000    0.00667
 "BI1.DIS4"           110.26408   -0.00000    0.00651
 "DRIFT_96"           110.55560   -0.00000    0.00628
 "BI1.DVT40"          110.81062   -0.00000    0.00609
 "DRIFT_97"           111.82489   -0.00000    0.00531
 "BI.VPI12"           112.67565   -0.00000    0.00465
 "DRIFT_98"           114.78469   -0.00000    0.00303
 "BI.BTV30"           116.89373   -0.00000    0.00141
 "DRIFT_99"           117.17495   -0.00000    0.00119
 "BI1.SMV10"          117.93869   -0.00000    0.00060
 "DRIFT_100"          118.50643   -0.00000    0.00016
 "BI.SMVHDP"          118.59166   -0.00000    0.00009
 "DRIFT_101"          119.98280   -0.00000   -0.00100
 "BI1.BVT10"          121.73440   -0.00000   -0.00238
 "DRIFT_102"          122.24901   -0.00000   -0.00277
 "BI1.QNO50"          122.63617   -0.00000   -0.00316
 "DRIFT_103"          123.01117   -0.00000   -0.00399
 "BI1.QNO60"          123.38617   -0.00000   -0.00475
 "DRIFT_104"          123.78167   -0.00000   -0.00478
 "BI1.DHZ50"          123.94417   -0.00000   -0.00472
 "BI1.DVT50"          123.94417   -0.00000   -0.00472
 "DRIFT_105"          124.22767   -0.00000   -0.00462
 "BI1.BPM40"          124.51117   -0.00000   -0.00451
 "DRIFT_106"          125.10217   -0.00000   -0.00429
 "BI1.BTV40"          125.69317   -0.00000   -0.00408
 "DRIFT_107"          125.96642   -0.00000   -0.00398
 "BI1.VPI14"          126.23967   -0.00000   -0.00388
 "DRIFT_108"          126.43892   -0.00000   -0.00380
 "BI1.BCT20"          126.63817   -0.00000   -0.00373
 "DRIFT_109"          126.86117   -0.00000   -0.00365
 "BI1.BPM50"          127.08417   -0.00000   -0.00356
 "DRIFT_110"          127.34517   -0.00000   -0.00347
 "BI1.VVS20"          127.60617   -0.00000   -0.00337
 "DRIFT_111"          128.80617   -0.00000   -0.00293
 "BI1.DHZ70"          130.00617    0.00000   -0.00249
 "BI1.DVT70"          130.00617    0.00000   -0.00249
 "DRIFT_112"          130.63477    0.00000   -0.00226
 "BI1.INJPT"          131.26337    0.00000   -0.00203
 "BI1$END"            131.26337    0.00000   -0.00203
 "LTLTBBI$END"        131.26337    0.00000   -0.00203
