@ NAME             %05s "TWISS"
@ TYPE             %05s "TWISS"
@ SEQUENCE         %07s "LTLTBBI"
@ PARTICLE         %06s "PROTON"
@ MASS             %le     0.93827
@ CHARGE           %le     1.00000
@ ENERGY           %le     0.98827
@ PC               %le     0.31037
@ GAMMA            %le     1.05329
@ KBUNCH           %le     1.00000
@ BCURRENT         %le     0.00000
@ SIGE             %le     0.00100
@ SIGT             %le     0.00000
@ NPART            %le     0.00000
@ EX               %le     0.00015
@ EY               %le     0.00007
@ ET               %le     1.00000
@ LENGTH           %le   131.23058
@ ALFA             %le     0.00000
@ ORBIT5           %le    -0.00000
@ GAMMATR          %le     0.00000
@ Q1               %le     3.10757
@ Q2               %le     2.89882
@ DQ1              %le     0.00000
@ DQ2              %le     0.00000
@ DXMAX            %le    10.65132
@ DYMAX            %le     1.48992
@ XCOMAX           %le     0.00000
@ YCOMAX           %le     0.00834
@ BETXMAX          %le   130.88450
@ BETYMAX          %le   185.85272
@ XCORMS           %le     0.00000
@ YCORMS           %le     0.00318
@ DXRMS            %le     2.27365
@ DYRMS            %le     0.32342
@ DELTAP           %le     0.00000
@ SYNCH_1          %le     0.00000
@ SYNCH_2          %le     0.00000
@ SYNCH_3          %le     0.00000
@ SYNCH_4          %le     0.00000
@ SYNCH_5          %le     0.00000
@ TITLE            %65s "LT-LTB-BI 2014 optics. Protons - 310.3662354 MeV/c (E_kin=50 MeV)"
@ ORIGIN           %16s "5.02.06 Linux 64"
@ DATE             %08s "08/07/15"
@ TIME             %08s "14.00.11"
* NAME                        S          X          Y 
$ %s                        %le        %le        %le 
 "LTLTBBI$START"        0.00000    0.00000    0.00000
 "LT$START"             0.00000    0.00000    0.00000
 "BEGLT"                0.00000    0.00000    0.00000
 "DRIFT_0"              0.02400    0.00000    0.00000
 "LT.VVS10"             0.04800    0.00000    0.00000
 "DRIFT_1"              0.22300    0.00000    0.00000
 "LT.DHZ10"             0.39800    0.00000    0.00000
 "LT.DVT10"             0.39800    0.00000    0.00000
 "DRIFT_2"              0.89900    0.00000    0.00000
 "LT.BPM10"             1.40000    0.00000    0.00000
 "DRIFT_3"              1.62475    0.00000    0.00000
 "LT.QFN10"             1.97700    0.00000    0.00000
 "DRIFT_4"              2.12575    0.00000    0.00000
 "LT.BEC1"              2.14700    0.00000    0.00000
 "DRIFT_5"              2.27850    0.00000    0.00000
 "LT.BCT10"             2.41000    0.00000    0.00000
 "DRIFT_6"              2.52975    0.00000    0.00000
 "LT.QDN12"             2.77700    0.00000    0.00000
 "DRIFT_7"              2.99675    0.00000    0.00000
 "LT.BHZ10"             3.34200    0.00000    0.00000
 "DRIFT_8"              4.54000    0.00000    0.00000
 "LT.VPI11"             5.48500    0.00000    0.00000
 "DRIFT_9"              6.40975    0.00000    0.00000
 "LT.QFN20"             7.46200    0.00000    0.00000
 "DRIFT_10"             7.71825    0.00000    0.00000
 "LT.BEC2"              7.84700    0.00000    0.00000
 "DRIFT_11"             8.09075    0.00000    0.00000
 "LT.QDN22"             8.46200    0.00000    0.00000
 "DRIFT_12"            10.15585    0.00000    0.00000
 "LT.DHZ20"            11.72220    0.00000    0.00000
 "LT.DVT20"            11.72220    0.00000    0.00000
 "DRIFT_13"            12.45835    0.00000    0.00037
 "LT.QFN30"            13.32200    0.00000    0.00080
 "DRIFT_14"            13.82700    0.00000    0.00112
 "LT.QDN32"            14.33200    0.00000    0.00143
 "DRIFT_15"            14.79575    0.00000    0.00158
 "LT.VPI2"             15.13200    0.00000    0.00169
 "DRIFT_16"            16.15475    0.00000    0.00200
 "LT.BPM20"            17.17750    0.00000    0.00232
 "DRIFT_17"            17.72975    0.00000    0.00249
 "LT.VGP11"            18.28200    0.00000    0.00266
 "DRIFT_18"            18.56325    0.00000    0.00274
 "LT.QFN40"            18.97200    0.00000    0.00291
 "DRIFT_19"            19.47200    0.00000    0.00367
 "LT.QDN42"            19.97200    0.00000    0.00442
 "DRIFT_20"            20.24575    0.00000    0.00446
 "LT.DHZ30"            20.39200    0.00000    0.00446
 "LT.DVT30"            20.39200    0.00000    0.00446
 "DRIFT_21"            20.69350    0.00000    0.00444
 "LT.BPM30"            20.99500    0.00000    0.00442
 "DRIFT_22"            21.37100    0.00000    0.00440
 "LT.CDB10"            21.74700    0.00000    0.00438
 "DRIFT_23"            22.21975    0.00000    0.00435
 "LT.BCT20"            22.69250    0.00000    0.00433
 "DRIFT_24"            23.08843    0.00000    0.00430
 "LT.BHZ20"            24.00857    0.00000    0.00417
 "DRIFT_25"            24.89995    0.00000    0.00393
 "LT.VGP12"            25.26713    0.00000    0.00380
 "DRIFT_26"            25.69113    0.00000    0.00365
 "LT.STP10"            26.11513    0.00000    0.00350
 "DRIFT_27"            27.74013    0.00000    0.00291
 "LT.BEC3"             29.36513    0.00000    0.00233
 "DRIFT_28"            29.93638    0.00000    0.00213
 "LT.QFN50"            30.63513    0.00000    0.00190
 "DRIFT_29"            31.17388    0.00000    0.00206
 "LT.VPI14"            31.58513    0.00000    0.00220
 "DRIFT_30"            31.79513    0.00000    0.00227
 "LT.BEC4"             32.00513    0.00000    0.00234
 "DRIFT_31"            32.18563    0.00000    0.00240
 "LT.BCT30"            32.36613    0.00000    0.00246
 "DRIFT_32"            32.62563    0.00000    0.00254
 "LT.DHZ40"            32.88513    0.00000    0.00263
 "LT.DVT40"            32.88513    0.00000    0.00263
 "DRIFT_33"            33.46513   -0.00000    0.00282
 "LT.BPM40"            34.04513   -0.00000    0.00302
 "DRIFT_34"            34.37638   -0.00000    0.00313
 "LT.QDN55"            34.83513   -0.00000    0.00326
 "DRIFT_35"            35.07988   -0.00000    0.00320
 "LT.VVS20"            35.19713   -0.00000    0.00316
 "DRIFT_36"            37.38738   -0.00000    0.00241
 "LT.QFN60"            39.70513   -0.00000    0.00163
 "DRIFT_37"            40.65913   -0.00000    0.00158
 "LT.QDN65"            41.61313   -0.00000    0.00152
 "DRIFT_38"            41.87553   -0.00000    0.00144
 "LT.BHZ25"            42.21314   -0.00000    0.00133
 "DRIFT_39"            42.96299   -0.00000    0.00110
 "LT.VPI25"            43.51013   -0.00000    0.00092
 "DRIFT_40"            44.80814   -0.00000    0.00051
 "LT.VPI26"            46.10614   -0.00000    0.00009
 "DRIFT_41"            46.31014   -0.00000    0.00003
 "LT.QFW70"            46.74513   -0.00000   -0.00011
 "DRIFT_42"            48.49188   -0.00000   -0.00072
 "LT.QDN75"            50.13513   -0.00000   -0.00129
 "DRIFT_43"            50.68389   -0.00000   -0.00137
 "LT.DHZ50"            51.10514   -0.00000   -0.00144
 "LT.DVT50"            51.10514   -0.00000   -0.00144
 "DRIFT_44"            51.42214   -0.00000   -0.00148
 "LT.BCT40"            51.73914   -0.00000   -0.00153
 "DRIFT_45"            51.98314   -0.00000   -0.00156
 "LT.BPM50"            52.50514   -0.00000   -0.00164
 "DRIFT_46"            53.12800    0.00000   -0.00173
 "ENDLT"               53.47286    0.00000   -0.00178
 "LT$END"              53.47286    0.00000   -0.00178
 "DRIFT_47"            53.47286    0.00000   -0.00178
 "LTB$START"           53.47287    0.00000   -0.00178
 "BEGLTB"              53.47287    0.00000   -0.00178
 "LT.BHZ30"            53.99860   -0.00000   -0.00179
 "DRIFT_48"            54.86818    0.00000   -0.00177
 "LTB.DHZ10"           55.21204    0.00000   -0.00173
 "LTB.DVT10"           55.21204    0.00000   -0.00173
 "DRIFT_49"            55.47879    0.00000   -0.00170
 "LTB.STP10"           55.74554    0.00000   -0.00168
 "DRIFT_50"            55.93879    0.00000   -0.00166
 "LTB.VVS10"           56.13204    0.00000   -0.00164
 "DRIFT_51"            56.38079    0.00000   -0.00161
 "LTB.VPI11"           56.62954    0.00000   -0.00159
 "DRIFT_52"            57.39704    0.00000   -0.00151
 "LTB.QFN10"           58.29204    0.00000   -0.00144
 "DRIFT_19"            58.79204    0.00000   -0.00163
 "LTB.QDN20"           59.29204    0.00000   -0.00183
 "DRIFT_53"            59.57479    0.00000   -0.00188
 "LTB.MSF30"           59.73004    0.00000   -0.00190
 "DRIFT_54"            60.08379    0.00000   -0.00194
 "LTB.BPM10"           60.43754    0.00000   -0.00198
 "DRIFT_55"            60.62129    0.00000   -0.00200
 "LTB.BCT49"           60.80504    0.00000   -0.00202
 "DRIFT_56"            60.97354    0.00000   -0.00204
 "LTB.DHZ20"           61.14204    0.00000   -0.00206
 "LTB.DVT20"           61.14204    0.00000   -0.00206
 "DRIFT_57"            62.60654    0.00000   -0.00224
 "LTB.BCT50"           64.07104    0.00000   -0.00241
 "DRIFT_58"            64.32604    0.00000   -0.00244
 "LTB.BCT55"           64.58104    0.00000   -0.00247
 "DRIFT_59"            66.11154    0.00000   -0.00265
 "LTB.BPM20"           67.64204    0.00000   -0.00284
 "DRIFT_60"            67.89204    0.00000   -0.00287
 "LTB.DHZ30"           68.14204    0.00000   -0.00290
 "LTB.DVT30"           68.14204    0.00000   -0.00290
 "DRIFT_61"            68.47679    0.00000   -0.00294
 "LTB.QFW30"           69.04204    0.00000   -0.00304
 "DRIFT_62"            69.54204    0.00000   -0.00340
 "LTB.QDW40"           70.04204    0.00000   -0.00374
 "DRIFT_63"            72.59679    0.00000   -0.00315
 "LTB.BCT59"           74.92104    0.00000   -0.00255
 "DRIFT_64"            75.19254    0.00000   -0.00248
 "LTB.VPI12"           75.46404    0.00000   -0.00241
 "DRIFT_65"            75.68904    0.00000   -0.00236
 "LTB.VGR01"           75.91404    0.00000   -0.00230
 "DRIFT_66"            76.94704    0.00000   -0.00203
 "LTB.VPI13"           77.98004    0.00000   -0.00177
 "DRIFT_67"            78.24504    0.00000   -0.00170
 "LTB.MSF40"           78.51004    0.00000   -0.00163
 "DRIFT_68"            78.72604    0.00000   -0.00158
 "LTB.BCT60"           78.94204    0.00000   -0.00152
 "DRIFT_69"            79.15179    0.00000   -0.00147
 "LTB.QFW50"           79.59204   -0.00000   -0.00138
 "DRIFT_70"            80.24204   -0.00000   -0.00150
 "LTB.QDW60"           80.89204   -0.00000   -0.00162
 "DRIFT_69"            81.33229   -0.00000   -0.00148
 "LTB.DHZ40"           81.54204   -0.00000   -0.00141
 "LTB.DVT40"           81.54204   -0.00000   -0.00141
 "DRIFT_71"            81.79404   -0.00000   -0.00131
 "LTB.BPM30"           82.04604   -0.00000   -0.00122
 "DRIFT_72"            82.37704   -0.00000   -0.00109
 "ENDLTB"              82.70804   -0.00000   -0.00097
 "LTB$END"             82.70804   -0.00000   -0.00097
 "BI2$START"           82.70804   -0.00000   -0.00097
 "BEGBI"               82.70804   -0.00000   -0.00097
 "LTB.BHZ40"           83.15804   -0.00000   -0.00080
 "DRIFT_73"            83.94804   -0.00000   -0.00051
 "BI.VPI11"            84.28804   -0.00000   -0.00038
 "DRIFT_74"            86.78004   -0.00000    0.00055
 "BI.DHZ10"            89.27204   -0.00000    0.00148
 "BI.DVT10"            89.27204   -0.00000    0.00148
 "DRIFT_75"            89.51554   -0.00000    0.00157
 "BI.BPM00"            89.75904   -0.00000    0.00166
 "DRIFT_76"            90.21004   -0.00000    0.00183
 "BI.BTV10"            90.66104   -0.00000    0.00200
 "DRIFT_77"            90.94904   -0.00000    0.00211
 "BI.STPFA10"          91.23704   -0.00000    0.00221
 "DRIFT_78"            92.85004   -0.00000    0.00282
 "BI.STPSW10"          94.46304   -0.00000    0.00342
 "DRIFT_79"            94.83754   -0.00000    0.00356
 "BI.BPM10"            95.21204   -0.00000    0.00370
 "DRIFT_80"            95.45204   -0.00000    0.00379
 "BI.DHZ20"            95.69204   -0.00000    0.00388
 "BI.DVT20"            95.69204   -0.00000    0.00388
 "DRIFT_81"            95.89654   -0.00000    0.00395
 "BI.QNO10"            96.33204   -0.00000    0.00424
 "DRIFT_82"            96.83204   -0.00000    0.00540
 "BI.QNO20"            97.33204   -0.00000    0.00649
 "DRIFT_83"           100.98834   -0.00000    0.00219
 "BI.BPM20"           104.41364    0.00000   -0.00205
 "DRIFT_84"           104.63844    0.00000   -0.00233
 "BI.BCT10"           104.86324    0.00000   -0.00261
 "DRIFT_85"           105.05284    0.00000   -0.00284
 "BI.VVS10"           105.24244    0.00000   -0.00308
 "DRIFT_86"           105.28449    0.00000   -0.00313
 "BI.DVT30"           105.47404    0.00000   -0.00336
 "DRIFT_87"           105.74329    0.00000   -0.00370
 "BI.BTV20"           105.86504    0.00000   -0.00385
 "DRIFT_88"           106.12974    0.00000   -0.00417
 "BI.QNO30"           106.62544    0.00000   -0.00488
 "DRIFT_89"           107.07524    0.00000   -0.00608
 "BI.BPM30"           107.29405    0.00000   -0.00671
 "DRIFT_90"           107.49284    0.00000   -0.00728
 "BI.QNO40"           107.92264    0.00000   -0.00832
 "DRIFT_91"           108.28885    0.00000   -0.00823
 "BI.DIS0"            108.62405    0.00000   -0.00794
 "DRIFT_92"           108.82905    0.00000   -0.00777
 "BI2.DIS1"           109.03405    0.00000   -0.00759
 "DRIFT_93"           109.23905    0.00000   -0.00742
 "BI2.DIS2"           109.44405    0.00000   -0.00725
 "DRIFT_94"           109.64905    0.00000   -0.00707
 "BI2.DIS3"           109.85405    0.00000   -0.00690
 "DRIFT_95"           110.05905    0.00000   -0.00673
 "BI2.DIS4"           110.26406    0.00000   -0.00655
 "DRIFT_96"           110.55557    0.00000   -0.00631
 "BI2.DVT40"          110.81058    0.00000   -0.00609
 "DRIFT_97"           111.82484    0.00000   -0.00523
 "BI.VPI12"           112.67559    0.00000   -0.00451
 "DRIFT_98"           114.78460    0.00000   -0.00273
 "BI.BTV30"           116.89361    0.00000   -0.00094
 "DRIFT_99"           117.73500    0.00000   -0.00023
 "BI.SMVHDP"          118.57639    0.00000    0.00048
 "DRIFT_100"          118.68924    0.00000    0.00058
 "BI2.SMV10"          119.28359    0.00000    0.00108
 "DRIFT_101"          120.55355    0.00000    0.00213
 "BI2.BVT10"          121.70230    0.00000    0.00309
 "DRIFT_102"          122.21648    0.00000    0.00350
 "BI2.QNO50"          122.60338    0.00000    0.00395
 "DRIFT_103"          122.97838    0.00000    0.00495
 "BI2.QNO60"          123.35338    0.00000    0.00590
 "DRIFT_104"          123.74888    0.00000    0.00592
 "BI2.DHZ50"          123.91138    0.00000    0.00583
 "BI2.DVT50"          123.91138    0.00000    0.00583
 "DRIFT_105"          124.19488    0.00000    0.00569
 "BI2.BPM40"          124.47838    0.00000    0.00555
 "DRIFT_106"          125.06938    0.00000    0.00525
 "BI2.BTV40"          125.66038    0.00000    0.00495
 "DRIFT_107"          125.93363    0.00000    0.00481
 "BI2.VPI14"          126.20688    0.00000    0.00467
 "DRIFT_108"          126.40613    0.00000    0.00457
 "BI2.BCT20"          126.60538    0.00000    0.00447
 "DRIFT_109"          126.82838    0.00000    0.00435
 "BI2.BPM50"          127.05138    0.00000    0.00424
 "DRIFT_110"          127.31238    0.00000    0.00411
 "BI2.VVS20"          127.57338    0.00000    0.00398
 "DRIFT_111"          128.77338    0.00000    0.00337
 "BI2.DHZ70"          129.97338   -0.00000    0.00276
 "BI2.DVT70"          129.97338   -0.00000    0.00276
 "DRIFT_112"          130.60198   -0.00000    0.00244
 "BI2.INJPT"          131.23058   -0.00000    0.00212
 "BI2$END"            131.23058   -0.00000    0.00212
 "LTLTBBI$END"        131.23058   -0.00000    0.00212
