@ NAME             %05s "TWISS"
@ TYPE             %05s "TWISS"
@ SEQUENCE         %06s "BT2BTP"
@ PARTICLE         %06s "PROTON"
@ MASS             %le     0.93827
@ CHARGE           %le     1.00000
@ ENERGY           %le     2.33665
@ PC               %le     2.14000
@ GAMMA            %le     2.49038
@ KBUNCH           %le     1.00000
@ BCURRENT         %le     0.00000
@ SIGE             %le     0.00000
@ SIGT             %le     0.00000
@ NPART            %le     0.00000
@ EX               %le     1.00000
@ EY               %le     1.00000
@ ET               %le     1.00000
@ LENGTH           %le    69.70686
@ ALFA             %le     0.00000
@ ORBIT5           %le    -0.00000
@ GAMMATR          %le     0.00000
@ Q1               %le     1.42416
@ Q2               %le     0.78168
@ DQ1              %le     0.00000
@ DQ2              %le     0.00000
@ DXMAX            %le     2.31417
@ DYMAX            %le     0.89429
@ XCOMAX           %le     0.00001
@ YCOMAX           %le     0.01280
@ BETXMAX          %le    67.20155
@ BETYMAX          %le    79.58360
@ XCORMS           %le     0.00000
@ YCORMS           %le     0.00460
@ DXRMS            %le     0.97974
@ DYRMS            %le     0.45851
@ DELTAP           %le     0.00000
@ SYNCH_1          %le     0.00000
@ SYNCH_2          %le     0.00000
@ SYNCH_3          %le     0.00000
@ SYNCH_4          %le     0.00000
@ SYNCH_5          %le     0.00000
@ TITLE            %39s "BT line and BTP line. Protons - 1.4 GeV"
@ ORIGIN           %16s "5.02.05 Linux 64"
@ DATE             %08s "28/05/15"
@ TIME             %08s "16.59.57"
* NAME                        S          X          Y 
$ %s                        %le        %le        %le 
 "BT2BTP$START"         0.00000    0.00000    0.00000
 "BT2$START"            0.00000    0.00000    0.00000
 "BT2.START"            0.00000    0.00000    0.00000
 "DRIFT_0"              1.30035    0.00000    0.00000
 "BT2.DVT10"            2.80260    0.00000    0.00000
 "DRIFT_1"              3.40006    0.00000    0.00000
 "BT2.BPM00.E"          3.79561    0.00000    0.00000
 "DRIFT_2"              3.84911    0.00000    0.00000
 "BT2.BPM00"            3.90261    0.00000    0.00000
 "DRIFT_3"              3.95861    0.00000    0.00000
 "BT2.BPM00.S"          4.01461    0.00000    0.00000
 "DRIFT_4"              4.15486    0.00000    0.00000
 "BT2.DHZ10"            4.46262    0.00000    0.00000
 "DRIFT_5"              4.72737    0.00000    0.00000
 "BT2.VVS10"            4.87462    0.00000    0.00000
 "DRIFT_6"              5.19067    0.00000    0.00000
 "BT2.DVT20"            5.65863    0.00000    0.00000
 "DRIFT_7"              6.09560    0.00000    0.00000
 "BT2.SMV10"            6.86265    0.00000    0.00000
 "DRIFT_8"              7.42865    0.00000    0.00000
 "BT2.BTV10"            7.46266    0.00000    0.00000
 "DRIFT_9"              7.80266    0.00000    0.00000
 "BT.VPG11"             8.14267    0.00000    0.00000
 "DRIFT_10"             8.41417    0.00000    0.00000
 "BT2.BPM10.E"          8.68568    0.00000    0.00000
 "DRIFT_2"              8.73918    0.00000    0.00000
 "BT2.BPM10"            8.79268    0.00000    0.00000
 "DRIFT_3"              8.84868    0.00000    0.00000
 "BT2.BPM10.S"          8.90468    0.00000    0.00000
 "DRIFT_11"             9.01718    0.00000    0.00000
 "BT2.QNO10"            9.36269    0.00000    0.00000
 "DRIFT_12"            10.16969    0.00000    0.00000
 "BT2.VVS30"           10.79370    0.00000    0.00000
 "DRIFT_13"            10.98670    0.00000    0.00000
 "BT2.QNO20"           11.36270    0.00000    0.00000
 "DRIFT_14"            12.55195    0.00000    0.00000
 "BT.VGP21"            13.50820    0.00000    0.00000
 "BT.VGR21"            13.50820    0.00000    0.00000
 "BT.VPI22"            13.50820    0.00000    0.00000
 "BT.VPI22A"           13.50820    0.00000    0.00000
 "DRIFT_15"            13.72045    0.00000    0.00000
 "BT2.KFA10"           14.71270    0.00000    0.00000
 "DRIFT_16"            15.69645    0.00000    0.00000
 "BT.BTV20"            15.90020    0.00000    0.00000
 "DRIFT_17"            16.02871    0.00000    0.00000
 "BT2.BVT20"           16.61412    0.00000    0.00000
 "DRIFT_18"            17.20916    0.00000    0.00000
 "BT2.BPM20.E"         17.34729    0.00000    0.00000
 "DRIFT_2"             17.40079    0.00000    0.00000
 "BT2.BPM20"           17.45429    0.00000    0.00000
 "DRIFT_3"             17.51029    0.00000    0.00000
 "BT2.BPM20.S"         17.56629    0.00000    0.00000
 "DRIFT_19"            18.15936    0.00000    0.00000
 "BT2.DVT40"           18.91992    0.00000   -0.00004
 "DRIFT_20"            19.58056    0.00000   -0.00033
 "BT.VPI23"            20.07370    0.00000   -0.00058
 "DRIFT_21"            20.22625    0.00000   -0.00065
 "BT2.SMV20"           20.87723   -0.00000   -0.00098
 "DRIFT_22"            21.41912   -0.00000   -0.00125
 "BT2.BTV30"           21.46259   -0.00000   -0.00127
 "BT.VPI23B"           21.46259   -0.00000   -0.00127
 "DRIFT_23"            21.76159   -0.00000   -0.00142
 "BT2.QNO30"           22.29359    0.00000   -0.00167
 "DRIFT_24"            24.08687    0.00000   -0.00218
 "BT.BPM30.E"          25.64714    0.00000   -0.00261
 "DRIFT_2"             25.70064    0.00000   -0.00263
 "BT.BPM30"            25.75414    0.00000   -0.00264
 "DRIFT_3"             25.81014    0.00000   -0.00266
 "BT.BPM30.S"          25.86614    0.00000   -0.00267
 "DRIFT_25"            26.01265    0.00000   -0.00271
 "BT.BCT10"            26.31615    0.00000   -0.00280
 "DRIFT_26"            26.58015    0.00000   -0.00287
 "BT.DVT50"            26.90516    0.00000   -0.00296
 "DRIFT_27"            27.51027    0.00000   -0.00312
 "BT.VGP23"            27.89737    0.00000   -0.00323
 "BT.VPG22"            27.89737    0.00000   -0.00323
 "DRIFT_28"            28.39553    0.00000   -0.00337
 "BT2.KFA20"           29.67369    0.00000   -0.00372
 "DRIFT_29"            30.65745    0.00000   -0.00399
 "BT.BTV40"            30.86120    0.00000   -0.00405
 "DRIFT_30"            30.93595    0.00000   -0.00407
 "BT.DVT60"            31.22870    0.00000   -0.00415
 "DRIFT_31"            31.46617    0.00000   -0.00421
 "BT.QNO40"            31.71870    0.00000   -0.00439
 "DRIFT_32"            32.07047    0.00000   -0.00504
 "BT.BPM40.E"          32.18920    0.00000   -0.00530
 "DRIFT_2"             32.24270    0.00000   -0.00542
 "BT.BPM40"            32.29620    0.00000   -0.00553
 "DRIFT_3"             32.35220    0.00000   -0.00565
 "BT.BPM40.S"          32.40820    0.00000   -0.00578
 "DRIFT_33"            32.65145    0.00000   -0.00631
 "BT.QNO50"            33.08870    0.00000   -0.00716
 "DRIFT_34"            33.76156    0.00000   -0.00736
 "BT2.END"             34.24043    0.00000   -0.00744
 "BT2$END"             34.24043    0.00000   -0.00744
 "BTP$START"           34.24043    0.00000   -0.00744
 "BT.BHZ10"            35.00713    0.00000   -0.00755
 "DRIFT_35"            35.98569   -0.00000   -0.00767
 "BTP.VVS10"           36.19755   -0.00000   -0.00768
 "DRIFT_36"            36.24830   -0.00000   -0.00768
 "BTP.STP10"           37.02755   -0.00000   -0.00771
 "DRIFT_37"            37.94255   -0.00000   -0.00773
 "BTP.BPM00.E"         38.12905   -0.00000   -0.00774
 "DRIFT_2"             38.18255   -0.00000   -0.00774
 "BTP.BPM00"           38.23605   -0.00000   -0.00774
 "DRIFT_3"             38.29205   -0.00000   -0.00775
 "BTP.BPM00.S"         38.34805   -0.00000   -0.00775
 "DRIFT_38"            38.57830   -0.00000   -0.00775
 "BTP.DHZ10"           39.02655   -0.00000   -0.00777
 "DRIFT_39"            39.26655   -0.00000   -0.00778
 "BTP.DVT10"           39.50655   -0.00000   -0.00778
 "DRIFT_40"            40.05030   -0.00000   -0.00780
 "BTP.QNO10"           40.60855   -0.00000   -0.00782
 "DRIFT_41"            43.10655   -0.00000   -0.00789
 "BTP.QNO20"           45.60455   -0.00000   -0.00808
 "DRIFT_30"            45.91180   -0.00000   -0.00858
 "BTP.DHZ20"           46.20455   -0.00000   -0.00917
 "DRIFT_42"            46.53655   -0.00000   -0.00983
 "BTP.BPM10.E"         46.65055   -0.00000   -0.01006
 "DRIFT_2"             46.70405   -0.00000   -0.01016
 "BTP.BPM10"           46.75755   -0.00000   -0.01027
 "DRIFT_3"             46.81355   -0.00000   -0.01038
 "BTP.BPM10.S"         46.86955   -0.00000   -0.01049
 "DRIFT_43"            47.07805   -0.00000   -0.01091
 "BTP.DVT20"           47.50455   -0.00000   -0.01176
 "DRIFT_30"            47.79730   -0.00000   -0.01235
 "BTP.QNO30"           48.10455   -0.00000   -0.01280
 "DRIFT_44"            48.76580   -0.00000   -0.01239
 "BTP.VPI11"           49.19455   -0.00000   -0.01201
 "DRIFT_45"            51.18430    0.00000   -0.01027
 "BTP.QNO40"           53.40655    0.00000   -0.00847
 "DRIFT_46"            53.68880    0.00000   -0.00879
 "BTP.DHZ30"           53.95655    0.00000   -0.00922
 "DRIFT_47"            54.26030    0.00000   -0.00971
 "BTP.BPM20.E"         54.34605    0.00000   -0.00985
 "DRIFT_2"             54.39955    0.00000   -0.00994
 "BTP.BPM20"           54.45305    0.00000   -0.01002
 "DRIFT_3"             54.50905    0.00000   -0.01012
 "BTP.BPM20.S"         54.56505    0.00000   -0.01021
 "DRIFT_48"            54.76930    0.00000   -0.01054
 "BTP.DVT30"           55.19155    0.00000   -0.01122
 "DRIFT_49"            55.54180    0.00000   -0.01179
 "BTP.QNO50"           55.90655    0.00000   -0.01220
 "DRIFT_50"            57.79530    0.00000   -0.00972
 "BTP.VPI12"           59.45155    0.00000   -0.00738
 "DRIFT_51"            59.82485    0.00000   -0.00686
 "BTP.BCT10"           60.42255    0.00000   -0.00602
 "DRIFT_52"            60.70175    0.00000   -0.00562
 "BTP.DVT40"           60.97455    0.00000   -0.00524
 "DRIFT_53"            61.28280    0.00000   -0.00480
 "BTP.QNO60"           61.60555    0.00000   -0.00443
 "DRIFT_54"            61.95480    0.00000   -0.00435
 "BTP.BPM30.E"         62.07155    0.00000   -0.00434
 "DRIFT_2"             62.12505    0.00000   -0.00434
 "BTP.BPM30"           62.17855    0.00000   -0.00434
 "DRIFT_3"             62.23455    0.00000   -0.00434
 "BTP.BPM30.S"         62.29055    0.00000   -0.00434
 "DRIFT_55"            62.43505    0.00000   -0.00433
 "BTP.BTV10"           62.71455    0.00000   -0.00433
 "DRIFT_56"            62.87455    0.00000   -0.00432
 "BTP.VVS20"           62.89955    0.00000   -0.00432
 "DRIFT_57"            63.03605    0.00000   -0.00432
 "BTP.DHZ40"           63.17255    0.00000   -0.00432
 "DRIFT_58"            63.36605    0.00000   -0.00431
 "BTP.DVT50"           63.55955    0.00000   -0.00431
 "DRIFT_59"            63.70137    0.00000   -0.00431
 "STRAY$START"         63.84319    0.00000   -0.00430
 "STRAY1"              63.84319    0.00000   -0.00430
 "DRIFT_60"            63.85319    0.00000   -0.00430
 "STRAY2"              63.86319    0.00000   -0.00430
 "DRIFT_60"            63.87319    0.00000   -0.00430
 "STRAY3"              63.88319    0.00000   -0.00430
 "DRIFT_60"            63.89319    0.00000   -0.00430
 "STRAY4"              63.90319    0.00000   -0.00430
 "DRIFT_60"            63.91319    0.00000   -0.00430
 "STRAY5"              63.92319    0.00000   -0.00430
 "DRIFT_60"            63.93319    0.00000   -0.00430
 "STRAY6"              63.94319    0.00000   -0.00430
 "DRIFT_60"            63.95319    0.00000   -0.00430
 "STRAY7"              63.96319    0.00000   -0.00430
 "DRIFT_60"            63.97319    0.00000   -0.00430
 "STRAY8"              63.98319    0.00000   -0.00430
 "DRIFT_60"            63.99319    0.00000   -0.00430
 "STRAY9"              64.00319    0.00000   -0.00430
 "DRIFT_60"            64.01319    0.00000   -0.00430
 "STRAY10"             64.02319    0.00000   -0.00430
 "DRIFT_60"            64.03319    0.00000   -0.00430
 "STRAY11"             64.04319    0.00000   -0.00430
 "DRIFT_60"            64.05319    0.00000   -0.00430
 "STRAY12"             64.06319    0.00000   -0.00430
 "DRIFT_60"            64.07319    0.00000   -0.00430
 "STRAY13"             64.08319    0.00000   -0.00430
 "DRIFT_60"            64.09319    0.00000   -0.00430
 "STRAY14"             64.10319    0.00000   -0.00430
 "DRIFT_60"            64.11319    0.00000   -0.00430
 "STRAY15"             64.12319    0.00000   -0.00430
 "DRIFT_60"            64.13319    0.00000   -0.00430
 "STRAY16"             64.14319    0.00000   -0.00430
 "DRIFT_60"            64.15319    0.00000   -0.00430
 "STRAY17"             64.16319    0.00000   -0.00430
 "DRIFT_60"            64.17319    0.00000   -0.00429
 "STRAY18"             64.18319    0.00000   -0.00429
 "DRIFT_60"            64.19319    0.00000   -0.00429
 "STRAY19"             64.20319    0.00000   -0.00429
 "DRIFT_60"            64.21319    0.00000   -0.00429
 "STRAY20"             64.22319    0.00000   -0.00429
 "DRIFT_60"            64.23319    0.00000   -0.00429
 "STRAY21"             64.24319    0.00000   -0.00429
 "DRIFT_60"            64.25319    0.00000   -0.00429
 "STRAY22"             64.26319    0.00000   -0.00429
 "DRIFT_60"            64.27319    0.00000   -0.00429
 "STRAY23"             64.28319    0.00000   -0.00429
 "DRIFT_60"            64.29319    0.00000   -0.00429
 "STRAY24"             64.30319    0.00000   -0.00429
 "DRIFT_60"            64.31319    0.00000   -0.00429
 "STRAY25"             64.32319    0.00000   -0.00429
 "DRIFT_60"            64.33319    0.00000   -0.00429
 "STRAY26"             64.34319    0.00000   -0.00429
 "DRIFT_60"            64.35319    0.00000   -0.00429
 "STRAY27"             64.36319    0.00000   -0.00429
 "DRIFT_60"            64.37319    0.00000   -0.00429
 "STRAY28"             64.38319    0.00000   -0.00429
 "DRIFT_60"            64.39319    0.00000   -0.00429
 "STRAY29"             64.40319    0.00000   -0.00429
 "DRIFT_60"            64.41319    0.00000   -0.00429
 "STRAY30"             64.42319    0.00000   -0.00429
 "DRIFT_60"            64.43319    0.00000   -0.00429
 "STRAY31"             64.44319    0.00000   -0.00429
 "DRIFT_60"            64.45319    0.00000   -0.00429
 "STRAY32"             64.46319    0.00000   -0.00429
 "DRIFT_60"            64.47319    0.00000   -0.00429
 "STRAY33"             64.48319    0.00000   -0.00429
 "DRIFT_60"            64.49319    0.00000   -0.00429
 "STRAY34"             64.50319    0.00000   -0.00429
 "DRIFT_60"            64.51319    0.00000   -0.00429
 "STRAY35"             64.52319    0.00000   -0.00429
 "DRIFT_60"            64.53319    0.00000   -0.00429
 "STRAY36"             64.54319    0.00000   -0.00429
 "DRIFT_60"            64.55319    0.00000   -0.00429
 "STRAY37"             64.56319    0.00000   -0.00429
 "DRIFT_60"            64.57319    0.00000   -0.00428
 "STRAY38"             64.58319    0.00000   -0.00428
 "DRIFT_60"            64.59319    0.00000   -0.00428
 "STRAY39"             64.60319    0.00000   -0.00428
 "DRIFT_60"            64.61319    0.00000   -0.00428
 "STRAY40"             64.62319    0.00000   -0.00428
 "DRIFT_60"            64.63319    0.00000   -0.00428
 "STRAY41"             64.64319    0.00000   -0.00428
 "DRIFT_60"            64.65319    0.00000   -0.00428
 "STRAY42"             64.66319    0.00000   -0.00428
 "DRIFT_60"            64.67319    0.00000   -0.00428
 "STRAY43"             64.68319    0.00000   -0.00428
 "DRIFT_60"            64.69319    0.00000   -0.00428
 "STRAY44"             64.70319    0.00000   -0.00428
 "DRIFT_60"            64.71319    0.00000   -0.00428
 "STRAY45"             64.72319    0.00000   -0.00428
 "DRIFT_60"            64.73319    0.00000   -0.00428
 "STRAY46"             64.74319    0.00000   -0.00428
 "DRIFT_60"            64.75319    0.00000   -0.00428
 "STRAY47"             64.76319    0.00000   -0.00428
 "DRIFT_60"            64.77319    0.00000   -0.00428
 "STRAY48"             64.78319    0.00000   -0.00428
 "DRIFT_60"            64.79319    0.00000   -0.00428
 "STRAY49"             64.80319    0.00000   -0.00428
 "DRIFT_60"            64.81319    0.00000   -0.00428
 "STRAY50"             64.82319    0.00000   -0.00428
 "DRIFT_60"            64.83319    0.00000   -0.00428
 "STRAY51"             64.84319    0.00000   -0.00428
 "DRIFT_60"            64.85319    0.00000   -0.00428
 "STRAY52"             64.86319    0.00000   -0.00428
 "DRIFT_60"            64.87319    0.00000   -0.00428
 "STRAY53"             64.88319    0.00000   -0.00428
 "DRIFT_60"            64.89319    0.00000   -0.00428
 "STRAY54"             64.90319    0.00000   -0.00428
 "DRIFT_60"            64.91319    0.00000   -0.00427
 "STRAY55"             64.92319    0.00000   -0.00427
 "DRIFT_60"            64.93319    0.00000   -0.00427
 "STRAY56"             64.94319    0.00000   -0.00427
 "DRIFT_60"            64.95319    0.00000   -0.00427
 "STRAY57"             64.96319    0.00000   -0.00427
 "DRIFT_60"            64.97319    0.00000   -0.00427
 "STRAY58"             64.98319    0.00000   -0.00427
 "DRIFT_60"            64.99319    0.00000   -0.00427
 "STRAY59"             65.00319    0.00000   -0.00427
 "DRIFT_60"            65.01319    0.00000   -0.00427
 "STRAY60"             65.02319    0.00000   -0.00427
 "DRIFT_60"            65.03319    0.00000   -0.00427
 "STRAY61"             65.04319    0.00000   -0.00427
 "DRIFT_60"            65.05319    0.00000   -0.00427
 "STRAY62"             65.06319    0.00000   -0.00427
 "DRIFT_60"            65.07319    0.00000   -0.00427
 "STRAY63"             65.08319    0.00000   -0.00427
 "DRIFT_60"            65.09319    0.00000   -0.00427
 "STRAY64"             65.10319    0.00000   -0.00427
 "DRIFT_60"            65.11319    0.00000   -0.00427
 "STRAY65"             65.12319    0.00000   -0.00427
 "DRIFT_60"            65.13319    0.00000   -0.00427
 "STRAY66"             65.14319    0.00000   -0.00427
 "DRIFT_60"            65.15319    0.00000   -0.00427
 "STRAY67"             65.16319    0.00000   -0.00427
 "DRIFT_60"            65.17319    0.00000   -0.00427
 "STRAY68"             65.18319    0.00000   -0.00426
 "DRIFT_60"            65.19319    0.00000   -0.00426
 "STRAY69"             65.20319    0.00000   -0.00426
 "DRIFT_60"            65.21319    0.00000   -0.00426
 "STRAY70"             65.22319    0.00000   -0.00426
 "DRIFT_60"            65.23319    0.00000   -0.00426
 "STRAY71"             65.24319    0.00000   -0.00426
 "DRIFT_60"            65.25319    0.00000   -0.00426
 "STRAY72"             65.26319    0.00000   -0.00426
 "DRIFT_60"            65.27319    0.00000   -0.00426
 "STRAY73"             65.28319    0.00000   -0.00426
 "DRIFT_60"            65.29319    0.00000   -0.00426
 "STRAY74"             65.30319    0.00000   -0.00426
 "DRIFT_60"            65.31319    0.00000   -0.00426
 "STRAY75"             65.32319    0.00000   -0.00426
 "DRIFT_60"            65.33319    0.00000   -0.00426
 "STRAY76"             65.34319    0.00000   -0.00426
 "DRIFT_60"            65.35319    0.00000   -0.00426
 "STRAY77"             65.36319    0.00000   -0.00426
 "DRIFT_60"            65.37319    0.00000   -0.00426
 "STRAY78"             65.38319    0.00000   -0.00426
 "DRIFT_60"            65.39319    0.00000   -0.00426
 "STRAY79"             65.40319    0.00000   -0.00425
 "DRIFT_60"            65.41319    0.00000   -0.00425
 "STRAY80"             65.42319    0.00000   -0.00425
 "DRIFT_60"            65.43319    0.00000   -0.00425
 "STRAY81"             65.44319    0.00000   -0.00425
 "DRIFT_60"            65.45319    0.00000   -0.00425
 "STRAY82"             65.46319    0.00000   -0.00425
 "DRIFT_60"            65.47319    0.00000   -0.00425
 "STRAY83"             65.48319    0.00000   -0.00425
 "DRIFT_60"            65.49319    0.00000   -0.00425
 "STRAY84"             65.50319    0.00000   -0.00425
 "DRIFT_60"            65.51319    0.00000   -0.00425
 "STRAY85"             65.52319    0.00000   -0.00425
 "DRIFT_60"            65.53319    0.00000   -0.00425
 "STRAY86"             65.54319    0.00000   -0.00425
 "DRIFT_60"            65.55319    0.00000   -0.00425
 "STRAY87"             65.56319    0.00000   -0.00425
 "DRIFT_60"            65.57319    0.00000   -0.00425
 "STRAY88"             65.58319    0.00000   -0.00425
 "DRIFT_60"            65.59319    0.00000   -0.00424
 "STRAY89"             65.60319    0.00000   -0.00424
 "DRIFT_60"            65.61319    0.00000   -0.00424
 "STRAY90"             65.62319    0.00000   -0.00424
 "DRIFT_60"            65.63319    0.00000   -0.00424
 "STRAY91"             65.64319    0.00000   -0.00424
 "DRIFT_60"            65.65319    0.00000   -0.00424
 "STRAY92"             65.66319    0.00000   -0.00424
 "DRIFT_60"            65.67319    0.00000   -0.00424
 "STRAY93"             65.68319    0.00000   -0.00424
 "DRIFT_60"            65.69319    0.00000   -0.00424
 "STRAY94"             65.70319    0.00000   -0.00424
 "DRIFT_60"            65.71319    0.00000   -0.00424
 "STRAY95"             65.72319    0.00000   -0.00424
 "DRIFT_60"            65.73319    0.00000   -0.00424
 "STRAY96"             65.74319    0.00000   -0.00423
 "DRIFT_60"            65.75319    0.00000   -0.00423
 "STRAY97"             65.76319    0.00000   -0.00423
 "DRIFT_60"            65.77319    0.00000   -0.00423
 "STRAY98"             65.78319    0.00000   -0.00423
 "DRIFT_60"            65.79319    0.00000   -0.00423
 "STRAY99"             65.80319    0.00000   -0.00423
 "DRIFT_60"            65.81319    0.00000   -0.00423
 "STRAY100"            65.82319    0.00000   -0.00423
 "DRIFT_60"            65.83319    0.00000   -0.00423
 "STRAY101"            65.84319    0.00000   -0.00423
 "DRIFT_60"            65.85319    0.00000   -0.00423
 "STRAY102"            65.86319    0.00000   -0.00423
 "DRIFT_60"            65.87319    0.00000   -0.00423
 "STRAY103"            65.88319    0.00000   -0.00422
 "DRIFT_60"            65.89319    0.00000   -0.00422
 "STRAY104"            65.90319    0.00000   -0.00422
 "DRIFT_60"            65.91319    0.00000   -0.00422
 "STRAY105"            65.92319    0.00000   -0.00422
 "DRIFT_60"            65.93319    0.00000   -0.00422
 "STRAY106"            65.94319    0.00000   -0.00422
 "DRIFT_60"            65.95319    0.00000   -0.00422
 "STRAY107"            65.96319    0.00000   -0.00422
 "DRIFT_60"            65.97319    0.00000   -0.00422
 "STRAY108"            65.98319    0.00000   -0.00422
 "DRIFT_60"            65.99319    0.00000   -0.00422
 "STRAY109"            66.00319    0.00000   -0.00421
 "DRIFT_60"            66.01319    0.00000   -0.00421
 "STRAY110"            66.02319    0.00000   -0.00421
 "DRIFT_60"            66.03319    0.00000   -0.00421
 "STRAY111"            66.04319    0.00000   -0.00421
 "DRIFT_60"            66.05319    0.00000   -0.00421
 "STRAY112"            66.06319    0.00000   -0.00421
 "DRIFT_60"            66.07319    0.00000   -0.00421
 "STRAY113"            66.08319    0.00000   -0.00421
 "DRIFT_60"            66.09319    0.00000   -0.00421
 "STRAY114"            66.10319    0.00000   -0.00420
 "DRIFT_60"            66.11319    0.00000   -0.00420
 "STRAY115"            66.12319    0.00000   -0.00420
 "DRIFT_60"            66.13319    0.00000   -0.00420
 "STRAY116"            66.14319    0.00000   -0.00420
 "DRIFT_60"            66.15319    0.00000   -0.00420
 "STRAY117"            66.16319    0.00000   -0.00420
 "DRIFT_60"            66.17319    0.00000   -0.00420
 "STRAY118"            66.18319    0.00000   -0.00420
 "DRIFT_60"            66.19319    0.00000   -0.00420
 "STRAY119"            66.20319    0.00000   -0.00419
 "DRIFT_60"            66.21319    0.00000   -0.00419
 "STRAY120"            66.22319    0.00000   -0.00419
 "DRIFT_60"            66.23319    0.00000   -0.00419
 "STRAY121"            66.24319    0.00000   -0.00419
 "DRIFT_60"            66.25319    0.00000   -0.00419
 "STRAY122"            66.26319    0.00000   -0.00419
 "DRIFT_60"            66.27319    0.00000   -0.00419
 "STRAY123"            66.28319    0.00000   -0.00419
 "DRIFT_60"            66.29319    0.00000   -0.00418
 "STRAY124"            66.30319    0.00000   -0.00418
 "DRIFT_60"            66.31319    0.00000   -0.00418
 "STRAY125"            66.32319    0.00000   -0.00418
 "DRIFT_60"            66.33319    0.00000   -0.00418
 "STRAY126"            66.34319    0.00000   -0.00418
 "DRIFT_60"            66.35319    0.00000   -0.00418
 "STRAY127"            66.36319    0.00000   -0.00418
 "DRIFT_60"            66.37319    0.00000   -0.00417
 "STRAY128"            66.38319    0.00000   -0.00417
 "DRIFT_60"            66.39319    0.00000   -0.00417
 "STRAY129"            66.40319    0.00000   -0.00417
 "DRIFT_60"            66.41319    0.00000   -0.00417
 "STRAY130"            66.42319    0.00000   -0.00417
 "DRIFT_60"            66.43319    0.00000   -0.00417
 "STRAY131"            66.44319    0.00000   -0.00417
 "DRIFT_60"            66.45319    0.00000   -0.00417
 "STRAY132"            66.46319    0.00000   -0.00416
 "DRIFT_60"            66.47319    0.00000   -0.00416
 "STRAY133"            66.48319    0.00000   -0.00416
 "DRIFT_60"            66.49319    0.00000   -0.00416
 "STRAY134"            66.50319    0.00000   -0.00416
 "DRIFT_60"            66.51319    0.00000   -0.00416
 "STRAY135"            66.52319    0.00000   -0.00416
 "DRIFT_60"            66.53319    0.00000   -0.00415
 "STRAY136"            66.54319    0.00000   -0.00415
 "DRIFT_60"            66.55319    0.00000   -0.00415
 "STRAY137"            66.56319    0.00000   -0.00415
 "DRIFT_60"            66.57319    0.00000   -0.00415
 "STRAY138"            66.58319    0.00000   -0.00415
 "DRIFT_60"            66.59319    0.00000   -0.00415
 "STRAY139"            66.60319    0.00000   -0.00415
 "DRIFT_60"            66.61319    0.00000   -0.00414
 "STRAY140"            66.62319    0.00000   -0.00414
 "DRIFT_60"            66.63319    0.00000   -0.00414
 "STRAY141"            66.64319    0.00000   -0.00414
 "DRIFT_60"            66.65319    0.00000   -0.00414
 "STRAY142"            66.66319    0.00000   -0.00414
 "DRIFT_60"            66.67319    0.00000   -0.00414
 "STRAY143"            66.68319    0.00000   -0.00413
 "DRIFT_60"            66.69319    0.00000   -0.00413
 "STRAY144"            66.70319    0.00000   -0.00413
 "DRIFT_60"            66.71319    0.00000   -0.00413
 "STRAY145"            66.72319    0.00000   -0.00413
 "DRIFT_60"            66.73319    0.00000   -0.00413
 "STRAY146"            66.74319    0.00000   -0.00413
 "DRIFT_60"            66.75319    0.00000   -0.00412
 "STRAY147"            66.76319    0.00000   -0.00412
 "DRIFT_60"            66.77319    0.00000   -0.00412
 "STRAY148"            66.78319    0.00000   -0.00412
 "DRIFT_60"            66.79319    0.00000   -0.00412
 "STRAY149"            66.80319    0.00000   -0.00412
 "DRIFT_60"            66.81319    0.00000   -0.00411
 "STRAY150"            66.82319    0.00000   -0.00411
 "DRIFT_60"            66.83319    0.00000   -0.00411
 "STRAY151"            66.84319    0.00000   -0.00411
 "DRIFT_60"            66.85319    0.00000   -0.00411
 "STRAY152"            66.86319    0.00000   -0.00411
 "DRIFT_60"            66.87319    0.00000   -0.00410
 "STRAY153"            66.88319    0.00000   -0.00410
 "DRIFT_60"            66.89319    0.00000   -0.00410
 "STRAY154"            66.90319    0.00000   -0.00410
 "DRIFT_60"            66.91319    0.00000   -0.00410
 "STRAY155"            66.92319    0.00000   -0.00410
 "DRIFT_60"            66.93319    0.00000   -0.00410
 "STRAY156"            66.94319    0.00000   -0.00409
 "DRIFT_60"            66.95319    0.00000   -0.00409
 "STRAY157"            66.96319    0.00000   -0.00409
 "DRIFT_60"            66.97319    0.00000   -0.00409
 "STRAY158"            66.98319    0.00000   -0.00409
 "DRIFT_60"            66.99319    0.00000   -0.00409
 "STRAY159"            67.00319    0.00000   -0.00408
 "DRIFT_60"            67.01319    0.00000   -0.00408
 "STRAY160"            67.02319    0.00000   -0.00408
 "DRIFT_60"            67.03319    0.00000   -0.00408
 "STRAY161"            67.04319    0.00000   -0.00408
 "DRIFT_60"            67.05319    0.00000   -0.00407
 "STRAY162"            67.06319    0.00000   -0.00407
 "DRIFT_60"            67.07319    0.00000   -0.00407
 "STRAY163"            67.08319    0.00000   -0.00407
 "DRIFT_60"            67.09319    0.00000   -0.00407
 "STRAY164"            67.10319    0.00000   -0.00407
 "DRIFT_60"            67.11319    0.00000   -0.00406
 "STRAY165"            67.12319    0.00000   -0.00406
 "DRIFT_60"            67.13319    0.00000   -0.00406
 "STRAY166"            67.14319    0.00000   -0.00406
 "DRIFT_60"            67.15319    0.00000   -0.00406
 "STRAY167"            67.16319    0.00000   -0.00405
 "DRIFT_60"            67.17319    0.00000   -0.00405
 "STRAY168"            67.18319    0.00000   -0.00405
 "DRIFT_60"            67.19319    0.00000   -0.00405
 "STRAY169"            67.20319    0.00000   -0.00405
 "DRIFT_60"            67.21319    0.00000   -0.00405
 "STRAY170"            67.22319    0.00000   -0.00404
 "DRIFT_60"            67.23319    0.00000   -0.00404
 "STRAY171"            67.24319    0.00000   -0.00404
 "DRIFT_60"            67.25319    0.00000   -0.00404
 "STRAY172"            67.26319    0.00000   -0.00404
 "DRIFT_60"            67.27319    0.00000   -0.00403
 "STRAY173"            67.28319    0.00000   -0.00403
 "DRIFT_60"            67.29319    0.00000   -0.00403
 "STRAY174"            67.30319    0.00000   -0.00403
 "DRIFT_60"            67.31319    0.00000   -0.00403
 "STRAY175"            67.32319    0.00000   -0.00402
 "DRIFT_60"            67.33319    0.00000   -0.00402
 "STRAY176"            67.34319    0.00000   -0.00402
 "DRIFT_60"            67.35319    0.00000   -0.00402
 "STRAY177"            67.36319    0.00000   -0.00402
 "DRIFT_60"            67.37319    0.00000   -0.00401
 "STRAY178"            67.38319    0.00000   -0.00401
 "DRIFT_60"            67.39319    0.00000   -0.00401
 "STRAY179"            67.40319    0.00000   -0.00401
 "DRIFT_60"            67.41319    0.00000   -0.00400
 "STRAY180"            67.42319    0.00000   -0.00400
 "DRIFT_60"            67.43319    0.00000   -0.00400
 "STRAY181"            67.44319    0.00000   -0.00400
 "DRIFT_60"            67.45319    0.00000   -0.00400
 "STRAY182"            67.46319    0.00000   -0.00399
 "DRIFT_60"            67.47319    0.00000   -0.00399
 "STRAY183"            67.48319    0.00000   -0.00399
 "DRIFT_60"            67.49319    0.00000   -0.00399
 "STRAY184"            67.50319    0.00000   -0.00399
 "DRIFT_60"            67.51319    0.00000   -0.00398
 "STRAY185"            67.52319    0.00001   -0.00398
 "DRIFT_60"            67.53319    0.00001   -0.00398
 "STRAY186"            67.54319    0.00001   -0.00398
 "DRIFT_60"            67.55319    0.00001   -0.00397
 "STRAY187"            67.56319    0.00001   -0.00397
 "DRIFT_60"            67.57319    0.00001   -0.00397
 "STRAY188"            67.58319    0.00001   -0.00397
 "DRIFT_60"            67.59319    0.00001   -0.00397
 "STRAY189"            67.60319    0.00001   -0.00396
 "DRIFT_60"            67.61319    0.00001   -0.00396
 "STRAY190"            67.62319    0.00001   -0.00396
 "DRIFT_60"            67.63319    0.00001   -0.00396
 "STRAY191"            67.64319    0.00001   -0.00395
 "DRIFT_60"            67.65319    0.00001   -0.00395
 "STRAY192"            67.66319    0.00001   -0.00395
 "DRIFT_60"            67.67319    0.00001   -0.00395
 "STRAY193"            67.68319    0.00001   -0.00394
 "DRIFT_60"            67.69319    0.00001   -0.00394
 "STRAY194"            67.70319    0.00001   -0.00394
 "DRIFT_60"            67.71319    0.00001   -0.00394
 "STRAY195"            67.72319    0.00001   -0.00393
 "DRIFT_60"            67.73319    0.00001   -0.00393
 "STRAY196"            67.74319    0.00001   -0.00393
 "DRIFT_60"            67.75319    0.00001   -0.00393
 "STRAY197"            67.76319    0.00001   -0.00392
 "DRIFT_60"            67.77319    0.00001   -0.00392
 "STRAY198"            67.78319    0.00001   -0.00392
 "DRIFT_60"            67.79319    0.00001   -0.00392
 "STRAY199"            67.80319    0.00001   -0.00391
 "DRIFT_60"            67.81319    0.00001   -0.00391
 "STRAY200"            67.82319    0.00001   -0.00391
 "DRIFT_60"            67.83319    0.00001   -0.00391
 "STRAY201"            67.84319    0.00001   -0.00390
 "DRIFT_60"            67.85319    0.00001   -0.00390
 "STRAY202"            67.86319    0.00001   -0.00390
 "DRIFT_60"            67.87319    0.00001   -0.00390
 "STRAY203"            67.88319    0.00001   -0.00389
 "DRIFT_60"            67.89319    0.00001   -0.00389
 "STRAY204"            67.90319    0.00001   -0.00389
 "DRIFT_60"            67.91319    0.00001   -0.00389
 "STRAY205"            67.92319    0.00001   -0.00388
 "DRIFT_60"            67.93319    0.00001   -0.00388
 "STRAY206"            67.94319    0.00001   -0.00388
 "DRIFT_60"            67.95319    0.00001   -0.00387
 "STRAY207"            67.96319    0.00001   -0.00387
 "DRIFT_60"            67.97319    0.00001   -0.00387
 "STRAY208"            67.98319    0.00001   -0.00387
 "DRIFT_60"            67.99319    0.00001   -0.00386
 "STRAY209"            68.00319    0.00001   -0.00386
 "DRIFT_60"            68.01319    0.00001   -0.00386
 "STRAY210"            68.02319    0.00001   -0.00386
 "DRIFT_60"            68.03319    0.00001   -0.00385
 "STRAY211"            68.04319    0.00001   -0.00385
 "DRIFT_60"            68.05319    0.00001   -0.00385
 "STRAY212"            68.06319    0.00001   -0.00384
 "DRIFT_60"            68.07319    0.00001   -0.00384
 "STRAY213"            68.08319    0.00001   -0.00384
 "DRIFT_60"            68.09319    0.00001   -0.00384
 "STRAY214"            68.10319    0.00001   -0.00383
 "DRIFT_60"            68.11319    0.00001   -0.00383
 "STRAY215"            68.12319    0.00001   -0.00383
 "DRIFT_60"            68.13319    0.00001   -0.00382
 "STRAY216"            68.14319    0.00001   -0.00382
 "DRIFT_60"            68.15319    0.00001   -0.00382
 "STRAY217"            68.16319    0.00001   -0.00381
 "DRIFT_60"            68.17319    0.00001   -0.00381
 "STRAY218"            68.18319    0.00001   -0.00381
 "DRIFT_60"            68.19319    0.00001   -0.00381
 "STRAY219"            68.20319    0.00001   -0.00380
 "DRIFT_60"            68.21319    0.00001   -0.00380
 "STRAY220"            68.22319    0.00001   -0.00380
 "DRIFT_60"            68.23319    0.00001   -0.00379
 "STRAY221"            68.24319    0.00001   -0.00379
 "DRIFT_60"            68.25319    0.00001   -0.00379
 "STRAY222"            68.26319    0.00001   -0.00378
 "DRIFT_60"            68.27319    0.00001   -0.00378
 "STRAY223"            68.28319    0.00001   -0.00378
 "DRIFT_60"            68.29319    0.00001   -0.00377
 "STRAY224"            68.30319    0.00001   -0.00377
 "DRIFT_60"            68.31319    0.00001   -0.00377
 "STRAY225"            68.32319    0.00001   -0.00376
 "DRIFT_60"            68.33319    0.00001   -0.00376
 "STRAY226"            68.34319    0.00001   -0.00376
 "DRIFT_60"            68.35319    0.00001   -0.00376
 "STRAY227"            68.36319    0.00001   -0.00375
 "DRIFT_60"            68.37319    0.00001   -0.00375
 "STRAY228"            68.38319    0.00001   -0.00375
 "DRIFT_60"            68.39319    0.00001   -0.00374
 "STRAY229"            68.40319    0.00001   -0.00374
 "DRIFT_60"            68.41319    0.00001   -0.00374
 "STRAY230"            68.42319    0.00001   -0.00373
 "DRIFT_60"            68.43319    0.00001   -0.00373
 "STRAY231"            68.44319    0.00001   -0.00373
 "DRIFT_60"            68.45319    0.00001   -0.00372
 "STRAY232"            68.46319    0.00001   -0.00372
 "DRIFT_60"            68.47319    0.00001   -0.00372
 "STRAY233"            68.48319    0.00001   -0.00371
 "DRIFT_60"            68.49319    0.00001   -0.00371
 "STRAY234"            68.50319    0.00001   -0.00371
 "DRIFT_60"            68.51319    0.00001   -0.00370
 "STRAY235"            68.52319    0.00001   -0.00370
 "DRIFT_60"            68.53319    0.00001   -0.00370
 "STRAY236"            68.54319    0.00001   -0.00369
 "DRIFT_60"            68.55319    0.00001   -0.00369
 "STRAY237"            68.56319    0.00001   -0.00369
 "DRIFT_60"            68.57319    0.00001   -0.00368
 "STRAY238"            68.58319    0.00001   -0.00368
 "DRIFT_60"            68.59319    0.00001   -0.00368
 "STRAY239"            68.60319    0.00001   -0.00367
 "DRIFT_60"            68.61319    0.00001   -0.00367
 "STRAY240"            68.62319    0.00001   -0.00367
 "DRIFT_60"            68.63319    0.00001   -0.00366
 "STRAY241"            68.64319    0.00001   -0.00366
 "DRIFT_60"            68.65319    0.00001   -0.00366
 "STRAY242"            68.66319    0.00001   -0.00365
 "DRIFT_60"            68.67319    0.00001   -0.00365
 "STRAY243"            68.68319    0.00001   -0.00365
 "DRIFT_60"            68.69319    0.00001   -0.00364
 "STRAY244"            68.70319    0.00001   -0.00364
 "STRAY$END"           68.70319    0.00001   -0.00364
 "DRIFT_61"            68.84750    0.00001   -0.00359
 "PI.SMH42"            69.30180    0.00001   -0.00344
 "DRIFT_62"            69.65933    0.00001   -0.00332
 "POINTS"              69.70686    0.00001   -0.00331
 "BTP$END"             69.70686    0.00001   -0.00331
 "BT2BTP$END"          69.70686    0.00001   -0.00331
