@ NAME             %05s "TWISS"
@ TYPE             %05s "TWISS"
@ SEQUENCE         %06s "BT4BTP"
@ PARTICLE         %06s "PROTON"
@ MASS             %le     0.93827
@ CHARGE           %le     1.00000
@ ENERGY           %le     2.33665
@ PC               %le     2.14000
@ GAMMA            %le     2.49038
@ KBUNCH           %le     1.00000
@ BCURRENT         %le     0.00000
@ SIGE             %le     0.00000
@ SIGT             %le     0.00000
@ NPART            %le     0.00000
@ EX               %le     1.00000
@ EY               %le     1.00000
@ ET               %le     1.00000
@ LENGTH           %le    69.70659
@ ALFA             %le     0.00000
@ ORBIT5           %le    -0.00000
@ GAMMATR          %le     0.00000
@ Q1               %le     1.40572
@ Q2               %le     0.78110
@ DQ1              %le     0.00000
@ DQ2              %le     0.00000
@ DXMAX            %le     2.40653
@ DYMAX            %le     0.83943
@ XCOMAX           %le     0.00004
@ YCOMAX           %le     0.01318
@ BETXMAX          %le    78.24256
@ BETYMAX          %le    80.18822
@ XCORMS           %le     0.00001
@ YCORMS           %le     0.00636
@ DXRMS            %le     1.06893
@ DYRMS            %le     0.25474
@ DELTAP           %le     0.00000
@ SYNCH_1          %le     0.00000
@ SYNCH_2          %le     0.00000
@ SYNCH_3          %le     0.00000
@ SYNCH_4          %le     0.00000
@ SYNCH_5          %le     0.00000
@ TITLE            %39s "BT line and BTP line. Protons - 1.4 GeV"
@ ORIGIN           %16s "5.02.05 Linux 64"
@ DATE             %08s "28/05/15"
@ TIME             %08s "16.59.59"
* NAME                        S          X          Y 
$ %s                        %le        %le        %le 
 "BT4BTP$START"         0.00000    0.00000    0.00000
 "BT4$START"            0.00000    0.00000    0.00000
 "BT4.START"            0.00000    0.00000    0.00000
 "DRIFT_0"              1.27482    0.00000    0.00000
 "BT4.BVT10"            3.00305    0.00000    0.00000
 "DRIFT_1"              3.60708    0.00000    0.00000
 "BT4.BPM00.E"          3.75770    0.00000    0.00000
 "DRIFT_2"              3.81120    0.00000    0.00000
 "BT4.BPM00"            3.86470    0.00000    0.00000
 "DRIFT_3"              3.92070    0.00000    0.00000
 "BT4.BPM00.S"          3.97670    0.00000    0.00000
 "DRIFT_4"              4.13783    0.00000    0.00000
 "BT4.DHZ10"            4.46647    0.00000    0.00000
 "DRIFT_5"              4.65611    0.00000    0.00000
 "BT4.VVS10"            4.72824    0.00000    0.00000
 "DRIFT_6"              5.57637    0.00000    0.00000
 "BT4.SMV10"            6.87290    0.00000    0.00000
 "DRIFT_7"              7.42221    0.00000    0.00000
 "BT3.BTV10"            7.47312    0.00000    0.00000
 "DRIFT_8"              7.81312    0.00000    0.00000
 "BT.VPG11"             8.15312    0.00000    0.00000
 "DRIFT_9"              8.42462    0.00000    0.00000
 "BT3.BPM10.E"          8.69613    0.00000    0.00000
 "DRIFT_2"              8.74963    0.00000    0.00000
 "BT3.BPM10"            8.80313    0.00000    0.00000
 "DRIFT_3"              8.85913    0.00000    0.00000
 "BT3.BPM10.S"          8.91513    0.00000    0.00000
 "DRIFT_10"             9.02763    0.00000    0.00000
 "BT4.QNO10"            9.37314    0.00000    0.00000
 "DRIFT_11"             9.78316    0.00000    0.00000
 "BT3.VVS20"           10.01018    0.00000    0.00000
 "DRIFT_12"            10.40721    0.00000    0.00000
 "BT3.VVS30"           10.80425    0.00000    0.00000
 "DRIFT_13"            10.99726    0.00000    0.00000
 "BT4.QNO20"           11.37329    0.00000    0.00000
 "DRIFT_14"            12.56259    0.00000    0.00000
 "BT.VGP21"            13.51888    0.00000    0.00000
 "BT.VGR21"            13.51888    0.00000    0.00000
 "BT.VPI22"            13.51888    0.00000    0.00000
 "BT.VPI22A"           13.51888    0.00000    0.00000
 "DRIFT_15"            13.73113    0.00000    0.00000
 "BT4.KFA10"           14.72340    0.00000    0.00000
 "DRIFT_16"            15.70716    0.00000    0.00000
 "BT.BTV20"            15.91091    0.00000    0.00000
 "DRIFT_17"            16.05841    0.00000    0.00000
 "BT3.DVT30"           16.37341    0.00000    0.00000
 "DRIFT_18"            16.91941    0.00000    0.00000
 "BT3.BPM20.E"         17.29791    0.00000    0.00000
 "DRIFT_2"             17.35141    0.00000    0.00000
 "BT3.BPM20"           17.40491    0.00000    0.00000
 "DRIFT_3"             17.46091    0.00000    0.00000
 "BT3.BPM20.S"         17.51691    0.00000    0.00000
 "DRIFT_19"            18.36917    0.00000    0.00000
 "BT3.DVT40"           19.42332    0.00000    0.00000
 "DRIFT_20"            19.85027    0.00000    0.00000
 "BT.VPI23"            20.07532    0.00000    0.00000
 "DRIFT_21"            20.21038    0.00000    0.00000
 "BT3.SMV20"           20.87743    0.00000    0.00000
 "DRIFT_22"            21.43593    0.00000    0.00000
 "BT3.BTV30"           21.46243    0.00000    0.00000
 "BT.VPI23B"           21.46243    0.00000    0.00000
 "DRIFT_23"            21.76143    0.00000    0.00000
 "BT3.QNO30"           22.29343    0.00000    0.00000
 "DRIFT_24"            24.08668    0.00000    0.00000
 "BT.BPM30.E"          25.64693    0.00000    0.00000
 "DRIFT_2"             25.70043    0.00000    0.00000
 "BT.BPM30"            25.75393    0.00000    0.00000
 "DRIFT_3"             25.80993    0.00000    0.00000
 "BT.BPM30.S"          25.86593    0.00000    0.00000
 "DRIFT_25"            26.01243    0.00000    0.00000
 "BT.BCT10"            26.31593    0.00000    0.00000
 "DRIFT_26"            26.57993    0.00000    0.00000
 "BT.DVT50"            26.90493    0.00000   -0.00005
 "DRIFT_27"            27.51003    0.00000   -0.00030
 "BT.VGP23"            27.89713    0.00000   -0.00050
 "BT.VPG22"            27.89713    0.00000   -0.00050
 "DRIFT_28"            28.39528    0.00000   -0.00075
 "BT3.KFA20"           29.67343    0.00000   -0.00138
 "DRIFT_29"            30.65718    0.00000   -0.00188
 "BT.BTV40"            30.86093    0.00000   -0.00198
 "DRIFT_30"            30.93568    0.00000   -0.00202
 "BT.DVT60"            31.22843    0.00000   -0.00216
 "DRIFT_31"            31.46591    0.00000   -0.00228
 "BT.QNO40"            31.71843    0.00000   -0.00247
 "DRIFT_32"            32.07021    0.00000   -0.00295
 "BT.BPM40.E"          32.18893    0.00000   -0.00314
 "DRIFT_2"             32.24243    0.00000   -0.00322
 "BT.BPM40"            32.29593    0.00000   -0.00331
 "DRIFT_3"             32.35193    0.00000   -0.00339
 "BT.BPM40.S"          32.40793    0.00000   -0.00348
 "DRIFT_33"            32.65118    0.00000   -0.00386
 "BT.QNO50"            33.08843    0.00000   -0.00449
 "DRIFT_34"            33.76130    0.00000   -0.00475
 "BT4.END"             34.24017    0.00000   -0.00489
 "BT4$END"             34.24017    0.00000   -0.00489
 "BTP$START"           34.24017    0.00000   -0.00489
 "BT.BHZ10"            35.00687    0.00000   -0.00512
 "DRIFT_35"            35.98542   -0.00000   -0.00540
 "BTP.VVS10"           36.19728   -0.00000   -0.00544
 "DRIFT_36"            36.24803   -0.00000   -0.00545
 "BTP.STP10"           37.02728   -0.00000   -0.00562
 "DRIFT_37"            37.94228   -0.00000   -0.00582
 "BTP.BPM00.E"         38.12878   -0.00000   -0.00586
 "DRIFT_2"             38.18228   -0.00000   -0.00587
 "BTP.BPM00"           38.23578   -0.00000   -0.00588
 "DRIFT_3"             38.29178   -0.00000   -0.00589
 "BTP.BPM00.S"         38.34778   -0.00000   -0.00590
 "DRIFT_38"            38.57803   -0.00000   -0.00595
 "BTP.DHZ10"           39.02628   -0.00000   -0.00605
 "DRIFT_39"            39.26628   -0.00000   -0.00610
 "BTP.DVT10"           39.50628   -0.00000   -0.00615
 "DRIFT_40"            40.05003   -0.00000   -0.00627
 "BTP.QNO10"           40.60828   -0.00000   -0.00639
 "DRIFT_41"            43.10628   -0.00000   -0.00692
 "BTP.QNO20"           45.60428   -0.00000   -0.00756
 "DRIFT_30"            45.91153   -0.00000   -0.00809
 "BTP.DHZ20"           46.20428   -0.00000   -0.00869
 "DRIFT_42"            46.53628   -0.00000   -0.00937
 "BTP.BPM10.E"         46.65028   -0.00000   -0.00961
 "DRIFT_2"             46.70378   -0.00000   -0.00972
 "BTP.BPM10"           46.75728   -0.00000   -0.00983
 "DRIFT_3"             46.81328   -0.00000   -0.00994
 "BTP.BPM10.S"         46.86928   -0.00000   -0.01006
 "DRIFT_43"            47.07778   -0.00000   -0.01048
 "BTP.DVT20"           47.50428   -0.00000   -0.01136
 "DRIFT_30"            47.79703   -0.00000   -0.01196
 "BTP.QNO30"           48.10428   -0.00000   -0.01244
 "DRIFT_44"            48.76553   -0.00000   -0.01211
 "BTP.VPI11"           49.19428   -0.00000   -0.01180
 "DRIFT_45"            51.18403   -0.00000   -0.01033
 "BTP.QNO40"           53.40628    0.00000   -0.00885
 "DRIFT_46"            53.68853    0.00000   -0.00922
 "BTP.DHZ30"           53.95628    0.00000   -0.00972
 "DRIFT_47"            54.26003    0.00000   -0.01029
 "BTP.BPM20.E"         54.34578    0.00000   -0.01045
 "DRIFT_2"             54.39928    0.00000   -0.01055
 "BTP.BPM20"           54.45278    0.00000   -0.01065
 "DRIFT_3"             54.50878    0.00000   -0.01076
 "BTP.BPM20.S"         54.56478    0.00000   -0.01086
 "DRIFT_48"            54.76903    0.00000   -0.01124
 "BTP.DVT30"           55.19128    0.00000   -0.01203
 "DRIFT_49"            55.54153    0.00000   -0.01269
 "BTP.QNO50"           55.90628    0.00000   -0.01318
 "DRIFT_50"            57.79503    0.00000   -0.01072
 "BTP.VPI12"           59.45128    0.00000   -0.00840
 "DRIFT_51"            59.82458    0.00000   -0.00788
 "BTP.BCT10"           60.42228    0.00000   -0.00704
 "DRIFT_52"            60.70148    0.00000   -0.00665
 "BTP.DVT40"           60.97428    0.00000   -0.00626
 "DRIFT_53"            61.28253    0.00000   -0.00583
 "BTP.QNO60"           61.60528    0.00000   -0.00548
 "DRIFT_54"            61.95453    0.00000   -0.00549
 "BTP.BPM30.E"         62.07128    0.00000   -0.00553
 "DRIFT_2"             62.12478    0.00000   -0.00554
 "BTP.BPM30"           62.17828    0.00000   -0.00556
 "DRIFT_3"             62.23428    0.00000   -0.00558
 "BTP.BPM30.S"         62.29028    0.00000   -0.00559
 "DRIFT_55"            62.43478    0.00000   -0.00564
 "BTP.BTV10"           62.71428    0.00000   -0.00573
 "DRIFT_56"            62.87428    0.00000   -0.00578
 "BTP.VVS20"           62.89928    0.00000   -0.00578
 "DRIFT_57"            63.03578    0.00000   -0.00583
 "BTP.DHZ40"           63.17228    0.00000   -0.00587
 "DRIFT_58"            63.36578    0.00000   -0.00593
 "BTP.DVT50"           63.55928    0.00000   -0.00599
 "DRIFT_59"            63.70111    0.00000   -0.00603
 "STRAY$START"         63.84293    0.00000   -0.00608
 "STRAY1"              63.84293    0.00000   -0.00608
 "DRIFT_60"            63.85293    0.00000   -0.00608
 "STRAY2"              63.86293    0.00000   -0.00608
 "DRIFT_60"            63.87293    0.00000   -0.00609
 "STRAY3"              63.88293    0.00000   -0.00609
 "DRIFT_60"            63.89293    0.00000   -0.00609
 "STRAY4"              63.90293    0.00000   -0.00610
 "DRIFT_60"            63.91293    0.00000   -0.00610
 "STRAY5"              63.92293    0.00000   -0.00610
 "DRIFT_60"            63.93293    0.00000   -0.00611
 "STRAY6"              63.94293    0.00000   -0.00611
 "DRIFT_60"            63.95293    0.00000   -0.00611
 "STRAY7"              63.96293    0.00000   -0.00612
 "DRIFT_60"            63.97293    0.00000   -0.00612
 "STRAY8"              63.98293    0.00000   -0.00612
 "DRIFT_60"            63.99293    0.00000   -0.00613
 "STRAY9"              64.00293    0.00000   -0.00613
 "DRIFT_60"            64.01293    0.00000   -0.00613
 "STRAY10"             64.02293    0.00000   -0.00613
 "DRIFT_60"            64.03293    0.00000   -0.00614
 "STRAY11"             64.04293    0.00000   -0.00614
 "DRIFT_60"            64.05293    0.00000   -0.00614
 "STRAY12"             64.06293    0.00000   -0.00615
 "DRIFT_60"            64.07293    0.00000   -0.00615
 "STRAY13"             64.08293    0.00000   -0.00615
 "DRIFT_60"            64.09293    0.00000   -0.00616
 "STRAY14"             64.10293    0.00000   -0.00616
 "DRIFT_60"            64.11293    0.00000   -0.00616
 "STRAY15"             64.12293    0.00000   -0.00617
 "DRIFT_60"            64.13293    0.00000   -0.00617
 "STRAY16"             64.14293    0.00000   -0.00617
 "DRIFT_60"            64.15293    0.00000   -0.00618
 "STRAY17"             64.16293    0.00000   -0.00618
 "DRIFT_60"            64.17293    0.00000   -0.00618
 "STRAY18"             64.18293    0.00000   -0.00618
 "DRIFT_60"            64.19293    0.00000   -0.00619
 "STRAY19"             64.20293    0.00000   -0.00619
 "DRIFT_60"            64.21293    0.00000   -0.00619
 "STRAY20"             64.22293    0.00000   -0.00620
 "DRIFT_60"            64.23293    0.00000   -0.00620
 "STRAY21"             64.24293    0.00000   -0.00620
 "DRIFT_60"            64.25293    0.00000   -0.00621
 "STRAY22"             64.26293    0.00000   -0.00621
 "DRIFT_60"            64.27293    0.00000   -0.00621
 "STRAY23"             64.28293    0.00000   -0.00622
 "DRIFT_60"            64.29293    0.00000   -0.00622
 "STRAY24"             64.30293    0.00000   -0.00622
 "DRIFT_60"            64.31293    0.00000   -0.00622
 "STRAY25"             64.32293    0.00000   -0.00623
 "DRIFT_60"            64.33293    0.00000   -0.00623
 "STRAY26"             64.34293    0.00000   -0.00623
 "DRIFT_60"            64.35293    0.00000   -0.00624
 "STRAY27"             64.36293    0.00000   -0.00624
 "DRIFT_60"            64.37293    0.00000   -0.00624
 "STRAY28"             64.38293    0.00000   -0.00625
 "DRIFT_60"            64.39293    0.00000   -0.00625
 "STRAY29"             64.40293    0.00000   -0.00625
 "DRIFT_60"            64.41293    0.00000   -0.00626
 "STRAY30"             64.42293    0.00000   -0.00626
 "DRIFT_60"            64.43293    0.00000   -0.00626
 "STRAY31"             64.44293    0.00000   -0.00626
 "DRIFT_60"            64.45293    0.00000   -0.00627
 "STRAY32"             64.46293    0.00000   -0.00627
 "DRIFT_60"            64.47293    0.00000   -0.00627
 "STRAY33"             64.48293    0.00000   -0.00628
 "DRIFT_60"            64.49293    0.00000   -0.00628
 "STRAY34"             64.50293    0.00000   -0.00628
 "DRIFT_60"            64.51293    0.00000   -0.00629
 "STRAY35"             64.52293    0.00000   -0.00629
 "DRIFT_60"            64.53293    0.00000   -0.00629
 "STRAY36"             64.54293    0.00000   -0.00630
 "DRIFT_60"            64.55293    0.00000   -0.00630
 "STRAY37"             64.56293    0.00000   -0.00630
 "DRIFT_60"            64.57293    0.00000   -0.00630
 "STRAY38"             64.58293    0.00000   -0.00631
 "DRIFT_60"            64.59293    0.00000   -0.00631
 "STRAY39"             64.60293    0.00000   -0.00631
 "DRIFT_60"            64.61293    0.00000   -0.00632
 "STRAY40"             64.62293    0.00000   -0.00632
 "DRIFT_60"            64.63293    0.00000   -0.00632
 "STRAY41"             64.64293    0.00000   -0.00633
 "DRIFT_60"            64.65293    0.00000   -0.00633
 "STRAY42"             64.66293    0.00000   -0.00633
 "DRIFT_60"            64.67293    0.00000   -0.00634
 "STRAY43"             64.68293    0.00000   -0.00634
 "DRIFT_60"            64.69293    0.00000   -0.00634
 "STRAY44"             64.70293    0.00000   -0.00634
 "DRIFT_60"            64.71293    0.00000   -0.00635
 "STRAY45"             64.72293    0.00000   -0.00635
 "DRIFT_60"            64.73293    0.00000   -0.00635
 "STRAY46"             64.74293    0.00000   -0.00636
 "DRIFT_60"            64.75293    0.00000   -0.00636
 "STRAY47"             64.76293    0.00000   -0.00636
 "DRIFT_60"            64.77293    0.00000   -0.00637
 "STRAY48"             64.78293    0.00000   -0.00637
 "DRIFT_60"            64.79293    0.00000   -0.00637
 "STRAY49"             64.80293    0.00000   -0.00637
 "DRIFT_60"            64.81293    0.00000   -0.00638
 "STRAY50"             64.82293    0.00000   -0.00638
 "DRIFT_60"            64.83293    0.00000   -0.00638
 "STRAY51"             64.84293    0.00000   -0.00639
 "DRIFT_60"            64.85293    0.00000   -0.00639
 "STRAY52"             64.86293    0.00000   -0.00639
 "DRIFT_60"            64.87293    0.00000   -0.00640
 "STRAY53"             64.88293    0.00000   -0.00640
 "DRIFT_60"            64.89293    0.00000   -0.00640
 "STRAY54"             64.90293    0.00000   -0.00640
 "DRIFT_60"            64.91293    0.00000   -0.00641
 "STRAY55"             64.92293    0.00000   -0.00641
 "DRIFT_60"            64.93293    0.00000   -0.00641
 "STRAY56"             64.94293    0.00000   -0.00642
 "DRIFT_60"            64.95293    0.00000   -0.00642
 "STRAY57"             64.96293    0.00000   -0.00642
 "DRIFT_60"            64.97293    0.00000   -0.00642
 "STRAY58"             64.98293    0.00000   -0.00643
 "DRIFT_60"            64.99293    0.00000   -0.00643
 "STRAY59"             65.00293    0.00000   -0.00643
 "DRIFT_60"            65.01293    0.00000   -0.00644
 "STRAY60"             65.02293    0.00000   -0.00644
 "DRIFT_60"            65.03293    0.00000   -0.00644
 "STRAY61"             65.04293    0.00000   -0.00645
 "DRIFT_60"            65.05293    0.00000   -0.00645
 "STRAY62"             65.06293    0.00000   -0.00645
 "DRIFT_60"            65.07293    0.00000   -0.00645
 "STRAY63"             65.08293    0.00000   -0.00646
 "DRIFT_60"            65.09293    0.00000   -0.00646
 "STRAY64"             65.10293    0.00000   -0.00646
 "DRIFT_60"            65.11293    0.00000   -0.00647
 "STRAY65"             65.12293    0.00000   -0.00647
 "DRIFT_60"            65.13293    0.00000   -0.00647
 "STRAY66"             65.14293    0.00000   -0.00647
 "DRIFT_60"            65.15293    0.00000   -0.00648
 "STRAY67"             65.16293    0.00000   -0.00648
 "DRIFT_60"            65.17293    0.00000   -0.00648
 "STRAY68"             65.18293    0.00000   -0.00649
 "DRIFT_60"            65.19293    0.00000   -0.00649
 "STRAY69"             65.20293    0.00000   -0.00649
 "DRIFT_60"            65.21293    0.00000   -0.00649
 "STRAY70"             65.22293    0.00000   -0.00650
 "DRIFT_60"            65.23293    0.00000   -0.00650
 "STRAY71"             65.24293    0.00000   -0.00650
 "DRIFT_60"            65.25293    0.00000   -0.00651
 "STRAY72"             65.26293    0.00000   -0.00651
 "DRIFT_60"            65.27293    0.00000   -0.00651
 "STRAY73"             65.28293    0.00000   -0.00651
 "DRIFT_60"            65.29293    0.00000   -0.00652
 "STRAY74"             65.30293    0.00000   -0.00652
 "DRIFT_60"            65.31293    0.00000   -0.00652
 "STRAY75"             65.32293    0.00000   -0.00652
 "DRIFT_60"            65.33293    0.00000   -0.00653
 "STRAY76"             65.34293    0.00000   -0.00653
 "DRIFT_60"            65.35293    0.00000   -0.00653
 "STRAY77"             65.36293    0.00000   -0.00654
 "DRIFT_60"            65.37293    0.00000   -0.00654
 "STRAY78"             65.38293    0.00000   -0.00654
 "DRIFT_60"            65.39293    0.00000   -0.00654
 "STRAY79"             65.40293    0.00000   -0.00655
 "DRIFT_60"            65.41293    0.00000   -0.00655
 "STRAY80"             65.42293    0.00000   -0.00655
 "DRIFT_60"            65.43293    0.00000   -0.00655
 "STRAY81"             65.44293    0.00000   -0.00656
 "DRIFT_60"            65.45293    0.00000   -0.00656
 "STRAY82"             65.46293    0.00000   -0.00656
 "DRIFT_60"            65.47293    0.00000   -0.00657
 "STRAY83"             65.48293    0.00000   -0.00657
 "DRIFT_60"            65.49293    0.00000   -0.00657
 "STRAY84"             65.50293    0.00000   -0.00657
 "DRIFT_60"            65.51293    0.00000   -0.00658
 "STRAY85"             65.52293    0.00000   -0.00658
 "DRIFT_60"            65.53293    0.00000   -0.00658
 "STRAY86"             65.54293    0.00000   -0.00658
 "DRIFT_60"            65.55293    0.00000   -0.00659
 "STRAY87"             65.56293    0.00000   -0.00659
 "DRIFT_60"            65.57293    0.00000   -0.00659
 "STRAY88"             65.58293    0.00000   -0.00659
 "DRIFT_60"            65.59293    0.00000   -0.00660
 "STRAY89"             65.60293    0.00000   -0.00660
 "DRIFT_60"            65.61293    0.00000   -0.00660
 "STRAY90"             65.62293    0.00000   -0.00660
 "DRIFT_60"            65.63293    0.00000   -0.00661
 "STRAY91"             65.64293    0.00000   -0.00661
 "DRIFT_60"            65.65293    0.00000   -0.00661
 "STRAY92"             65.66293    0.00000   -0.00661
 "DRIFT_60"            65.67293    0.00000   -0.00662
 "STRAY93"             65.68293    0.00000   -0.00662
 "DRIFT_60"            65.69293    0.00000   -0.00662
 "STRAY94"             65.70293    0.00000   -0.00662
 "DRIFT_60"            65.71293    0.00000   -0.00663
 "STRAY95"             65.72293    0.00000   -0.00663
 "DRIFT_60"            65.73293    0.00000   -0.00663
 "STRAY96"             65.74293    0.00000   -0.00663
 "DRIFT_60"            65.75293    0.00000   -0.00664
 "STRAY97"             65.76293    0.00000   -0.00664
 "DRIFT_60"            65.77293    0.00000   -0.00664
 "STRAY98"             65.78293    0.00000   -0.00664
 "DRIFT_60"            65.79293    0.00000   -0.00665
 "STRAY99"             65.80293    0.00000   -0.00665
 "DRIFT_60"            65.81293    0.00000   -0.00665
 "STRAY100"            65.82293    0.00000   -0.00665
 "DRIFT_60"            65.83293    0.00000   -0.00666
 "STRAY101"            65.84293    0.00000   -0.00666
 "DRIFT_60"            65.85293    0.00000   -0.00666
 "STRAY102"            65.86293    0.00000   -0.00666
 "DRIFT_60"            65.87293    0.00000   -0.00666
 "STRAY103"            65.88293    0.00000   -0.00667
 "DRIFT_60"            65.89293    0.00000   -0.00667
 "STRAY104"            65.90293    0.00000   -0.00667
 "DRIFT_60"            65.91293    0.00000   -0.00667
 "STRAY105"            65.92293    0.00000   -0.00668
 "DRIFT_60"            65.93293    0.00000   -0.00668
 "STRAY106"            65.94293    0.00000   -0.00668
 "DRIFT_60"            65.95293    0.00000   -0.00668
 "STRAY107"            65.96293    0.00000   -0.00668
 "DRIFT_60"            65.97293    0.00000   -0.00669
 "STRAY108"            65.98293    0.00000   -0.00669
 "DRIFT_60"            65.99293    0.00000   -0.00669
 "STRAY109"            66.00293    0.00000   -0.00669
 "DRIFT_60"            66.01293    0.00000   -0.00669
 "STRAY110"            66.02293    0.00000   -0.00670
 "DRIFT_60"            66.03293    0.00000   -0.00670
 "STRAY111"            66.04293    0.00000   -0.00670
 "DRIFT_60"            66.05293    0.00000   -0.00670
 "STRAY112"            66.06293    0.00000   -0.00670
 "DRIFT_60"            66.07293    0.00000   -0.00671
 "STRAY113"            66.08293    0.00000   -0.00671
 "DRIFT_60"            66.09293    0.00000   -0.00671
 "STRAY114"            66.10293    0.00000   -0.00671
 "DRIFT_60"            66.11293    0.00000   -0.00671
 "STRAY115"            66.12293    0.00000   -0.00672
 "DRIFT_60"            66.13293    0.00000   -0.00672
 "STRAY116"            66.14293    0.00000   -0.00672
 "DRIFT_60"            66.15293    0.00000   -0.00672
 "STRAY117"            66.16293    0.00000   -0.00672
 "DRIFT_60"            66.17293    0.00000   -0.00673
 "STRAY118"            66.18293    0.00000   -0.00673
 "DRIFT_60"            66.19293    0.00000   -0.00673
 "STRAY119"            66.20293    0.00000   -0.00673
 "DRIFT_60"            66.21293    0.00000   -0.00673
 "STRAY120"            66.22293    0.00000   -0.00673
 "DRIFT_60"            66.23293    0.00000   -0.00674
 "STRAY121"            66.24293    0.00000   -0.00674
 "DRIFT_60"            66.25293    0.00000   -0.00674
 "STRAY122"            66.26293    0.00000   -0.00674
 "DRIFT_60"            66.27293    0.00000   -0.00674
 "STRAY123"            66.28293    0.00000   -0.00675
 "DRIFT_60"            66.29293    0.00000   -0.00675
 "STRAY124"            66.30293    0.00000   -0.00675
 "DRIFT_60"            66.31293    0.00000   -0.00675
 "STRAY125"            66.32293    0.00000   -0.00675
 "DRIFT_60"            66.33293    0.00000   -0.00675
 "STRAY126"            66.34293    0.00000   -0.00676
 "DRIFT_60"            66.35293    0.00000   -0.00676
 "STRAY127"            66.36293    0.00000   -0.00676
 "DRIFT_60"            66.37293    0.00000   -0.00676
 "STRAY128"            66.38293    0.00000   -0.00676
 "DRIFT_60"            66.39293    0.00000   -0.00676
 "STRAY129"            66.40293    0.00000   -0.00676
 "DRIFT_60"            66.41293    0.00000   -0.00677
 "STRAY130"            66.42293    0.00000   -0.00677
 "DRIFT_60"            66.43293    0.00000   -0.00677
 "STRAY131"            66.44293    0.00000   -0.00677
 "DRIFT_60"            66.45293    0.00000   -0.00677
 "STRAY132"            66.46293    0.00000   -0.00677
 "DRIFT_60"            66.47293    0.00001   -0.00678
 "STRAY133"            66.48293    0.00001   -0.00678
 "DRIFT_60"            66.49293    0.00001   -0.00678
 "STRAY134"            66.50293    0.00001   -0.00678
 "DRIFT_60"            66.51293    0.00001   -0.00678
 "STRAY135"            66.52293    0.00001   -0.00678
 "DRIFT_60"            66.53293    0.00001   -0.00678
 "STRAY136"            66.54293    0.00001   -0.00679
 "DRIFT_60"            66.55293    0.00001   -0.00679
 "STRAY137"            66.56293    0.00001   -0.00679
 "DRIFT_60"            66.57293    0.00001   -0.00679
 "STRAY138"            66.58293    0.00001   -0.00679
 "DRIFT_60"            66.59293    0.00001   -0.00679
 "STRAY139"            66.60293    0.00001   -0.00679
 "DRIFT_60"            66.61293    0.00001   -0.00679
 "STRAY140"            66.62293    0.00001   -0.00680
 "DRIFT_60"            66.63293    0.00001   -0.00680
 "STRAY141"            66.64293    0.00001   -0.00680
 "DRIFT_60"            66.65293    0.00001   -0.00680
 "STRAY142"            66.66293    0.00001   -0.00680
 "DRIFT_60"            66.67293    0.00001   -0.00680
 "STRAY143"            66.68293    0.00001   -0.00680
 "DRIFT_60"            66.69293    0.00001   -0.00680
 "STRAY144"            66.70293    0.00001   -0.00681
 "DRIFT_60"            66.71293    0.00001   -0.00681
 "STRAY145"            66.72293    0.00001   -0.00681
 "DRIFT_60"            66.73293    0.00001   -0.00681
 "STRAY146"            66.74293    0.00001   -0.00681
 "DRIFT_60"            66.75293    0.00001   -0.00681
 "STRAY147"            66.76293    0.00001   -0.00681
 "DRIFT_60"            66.77293    0.00001   -0.00681
 "STRAY148"            66.78293    0.00001   -0.00681
 "DRIFT_60"            66.79293    0.00001   -0.00682
 "STRAY149"            66.80293    0.00001   -0.00682
 "DRIFT_60"            66.81293    0.00001   -0.00682
 "STRAY150"            66.82293    0.00001   -0.00682
 "DRIFT_60"            66.83293    0.00001   -0.00682
 "STRAY151"            66.84293    0.00001   -0.00682
 "DRIFT_60"            66.85293    0.00001   -0.00682
 "STRAY152"            66.86293    0.00001   -0.00682
 "DRIFT_60"            66.87293    0.00001   -0.00682
 "STRAY153"            66.88293    0.00001   -0.00682
 "DRIFT_60"            66.89293    0.00001   -0.00683
 "STRAY154"            66.90293    0.00001   -0.00683
 "DRIFT_60"            66.91293    0.00001   -0.00683
 "STRAY155"            66.92293    0.00001   -0.00683
 "DRIFT_60"            66.93293    0.00001   -0.00683
 "STRAY156"            66.94293    0.00001   -0.00683
 "DRIFT_60"            66.95293    0.00001   -0.00683
 "STRAY157"            66.96293    0.00001   -0.00683
 "DRIFT_60"            66.97293    0.00001   -0.00683
 "STRAY158"            66.98293    0.00001   -0.00683
 "DRIFT_60"            66.99293    0.00001   -0.00683
 "STRAY159"            67.00293    0.00001   -0.00683
 "DRIFT_60"            67.01293    0.00001   -0.00684
 "STRAY160"            67.02293    0.00001   -0.00684
 "DRIFT_60"            67.03293    0.00001   -0.00684
 "STRAY161"            67.04293    0.00001   -0.00684
 "DRIFT_60"            67.05293    0.00001   -0.00684
 "STRAY162"            67.06293    0.00001   -0.00684
 "DRIFT_60"            67.07293    0.00001   -0.00684
 "STRAY163"            67.08293    0.00001   -0.00684
 "DRIFT_60"            67.09293    0.00001   -0.00684
 "STRAY164"            67.10293    0.00001   -0.00684
 "DRIFT_60"            67.11293    0.00001   -0.00684
 "STRAY165"            67.12293    0.00001   -0.00684
 "DRIFT_60"            67.13293    0.00001   -0.00684
 "STRAY166"            67.14293    0.00001   -0.00684
 "DRIFT_60"            67.15293    0.00001   -0.00684
 "STRAY167"            67.16293    0.00001   -0.00684
 "DRIFT_60"            67.17293    0.00001   -0.00684
 "STRAY168"            67.18293    0.00001   -0.00685
 "DRIFT_60"            67.19293    0.00001   -0.00685
 "STRAY169"            67.20293    0.00001   -0.00685
 "DRIFT_60"            67.21293    0.00001   -0.00685
 "STRAY170"            67.22293    0.00001   -0.00685
 "DRIFT_60"            67.23293    0.00001   -0.00685
 "STRAY171"            67.24293    0.00001   -0.00685
 "DRIFT_60"            67.25293    0.00001   -0.00685
 "STRAY172"            67.26293    0.00001   -0.00685
 "DRIFT_60"            67.27293    0.00001   -0.00685
 "STRAY173"            67.28293    0.00001   -0.00685
 "DRIFT_60"            67.29293    0.00001   -0.00685
 "STRAY174"            67.30293    0.00001   -0.00685
 "DRIFT_60"            67.31293    0.00001   -0.00685
 "STRAY175"            67.32293    0.00001   -0.00685
 "DRIFT_60"            67.33293    0.00001   -0.00685
 "STRAY176"            67.34293    0.00001   -0.00685
 "DRIFT_60"            67.35293    0.00001   -0.00685
 "STRAY177"            67.36293    0.00001   -0.00685
 "DRIFT_60"            67.37293    0.00001   -0.00685
 "STRAY178"            67.38293    0.00001   -0.00685
 "DRIFT_60"            67.39293    0.00001   -0.00685
 "STRAY179"            67.40293    0.00001   -0.00685
 "DRIFT_60"            67.41293    0.00001   -0.00685
 "STRAY180"            67.42293    0.00001   -0.00685
 "DRIFT_60"            67.43293    0.00001   -0.00685
 "STRAY181"            67.44293    0.00001   -0.00685
 "DRIFT_60"            67.45293    0.00001   -0.00685
 "STRAY182"            67.46293    0.00001   -0.00685
 "DRIFT_60"            67.47293    0.00001   -0.00685
 "STRAY183"            67.48293    0.00001   -0.00685
 "DRIFT_60"            67.49293    0.00001   -0.00685
 "STRAY184"            67.50293    0.00001   -0.00685
 "DRIFT_60"            67.51293    0.00001   -0.00685
 "STRAY185"            67.52293    0.00001   -0.00685
 "DRIFT_60"            67.53293    0.00001   -0.00685
 "STRAY186"            67.54293    0.00001   -0.00685
 "DRIFT_60"            67.55293    0.00001   -0.00685
 "STRAY187"            67.56293    0.00001   -0.00685
 "DRIFT_60"            67.57293    0.00001   -0.00685
 "STRAY188"            67.58293    0.00001   -0.00685
 "DRIFT_60"            67.59293    0.00001   -0.00685
 "STRAY189"            67.60293    0.00001   -0.00685
 "DRIFT_60"            67.61293    0.00001   -0.00685
 "STRAY190"            67.62293    0.00001   -0.00685
 "DRIFT_60"            67.63293    0.00001   -0.00685
 "STRAY191"            67.64293    0.00001   -0.00685
 "DRIFT_60"            67.65293    0.00001   -0.00685
 "STRAY192"            67.66293    0.00001   -0.00685
 "DRIFT_60"            67.67293    0.00001   -0.00685
 "STRAY193"            67.68293    0.00001   -0.00685
 "DRIFT_60"            67.69293    0.00001   -0.00685
 "STRAY194"            67.70293    0.00001   -0.00685
 "DRIFT_60"            67.71293    0.00001   -0.00685
 "STRAY195"            67.72293    0.00001   -0.00685
 "DRIFT_60"            67.73293    0.00001   -0.00684
 "STRAY196"            67.74293    0.00001   -0.00684
 "DRIFT_60"            67.75293    0.00001   -0.00684
 "STRAY197"            67.76293    0.00001   -0.00684
 "DRIFT_60"            67.77293    0.00001   -0.00684
 "STRAY198"            67.78293    0.00001   -0.00684
 "DRIFT_60"            67.79293    0.00001   -0.00684
 "STRAY199"            67.80293    0.00001   -0.00684
 "DRIFT_60"            67.81293    0.00001   -0.00684
 "STRAY200"            67.82293    0.00001   -0.00684
 "DRIFT_60"            67.83293    0.00001   -0.00684
 "STRAY201"            67.84293    0.00001   -0.00684
 "DRIFT_60"            67.85293    0.00002   -0.00684
 "STRAY202"            67.86293    0.00002   -0.00684
 "DRIFT_60"            67.87293    0.00002   -0.00684
 "STRAY203"            67.88293    0.00002   -0.00683
 "DRIFT_60"            67.89293    0.00002   -0.00683
 "STRAY204"            67.90293    0.00002   -0.00683
 "DRIFT_60"            67.91293    0.00002   -0.00683
 "STRAY205"            67.92293    0.00002   -0.00683
 "DRIFT_60"            67.93293    0.00002   -0.00683
 "STRAY206"            67.94293    0.00002   -0.00683
 "DRIFT_60"            67.95293    0.00002   -0.00683
 "STRAY207"            67.96293    0.00002   -0.00683
 "DRIFT_60"            67.97293    0.00002   -0.00683
 "STRAY208"            67.98293    0.00002   -0.00682
 "DRIFT_60"            67.99293    0.00002   -0.00682
 "STRAY209"            68.00293    0.00002   -0.00682
 "DRIFT_60"            68.01293    0.00002   -0.00682
 "STRAY210"            68.02293    0.00002   -0.00682
 "DRIFT_60"            68.03293    0.00002   -0.00682
 "STRAY211"            68.04293    0.00002   -0.00682
 "DRIFT_60"            68.05293    0.00002   -0.00682
 "STRAY212"            68.06293    0.00002   -0.00682
 "DRIFT_60"            68.07293    0.00002   -0.00681
 "STRAY213"            68.08293    0.00002   -0.00681
 "DRIFT_60"            68.09293    0.00002   -0.00681
 "STRAY214"            68.10293    0.00002   -0.00681
 "DRIFT_60"            68.11293    0.00002   -0.00681
 "STRAY215"            68.12293    0.00002   -0.00681
 "DRIFT_60"            68.13293    0.00002   -0.00681
 "STRAY216"            68.14293    0.00002   -0.00681
 "DRIFT_60"            68.15293    0.00002   -0.00680
 "STRAY217"            68.16293    0.00002   -0.00680
 "DRIFT_60"            68.17293    0.00002   -0.00680
 "STRAY218"            68.18293    0.00002   -0.00680
 "DRIFT_60"            68.19293    0.00002   -0.00680
 "STRAY219"            68.20293    0.00002   -0.00680
 "DRIFT_60"            68.21293    0.00002   -0.00679
 "STRAY220"            68.22293    0.00002   -0.00679
 "DRIFT_60"            68.23293    0.00002   -0.00679
 "STRAY221"            68.24293    0.00002   -0.00679
 "DRIFT_60"            68.25293    0.00002   -0.00679
 "STRAY222"            68.26293    0.00002   -0.00679
 "DRIFT_60"            68.27293    0.00002   -0.00678
 "STRAY223"            68.28293    0.00002   -0.00678
 "DRIFT_60"            68.29293    0.00002   -0.00678
 "STRAY224"            68.30293    0.00002   -0.00678
 "DRIFT_60"            68.31293    0.00002   -0.00678
 "STRAY225"            68.32293    0.00002   -0.00678
 "DRIFT_60"            68.33293    0.00002   -0.00677
 "STRAY226"            68.34293    0.00002   -0.00677
 "DRIFT_60"            68.35293    0.00002   -0.00677
 "STRAY227"            68.36293    0.00002   -0.00677
 "DRIFT_60"            68.37293    0.00002   -0.00677
 "STRAY228"            68.38293    0.00002   -0.00676
 "DRIFT_60"            68.39293    0.00002   -0.00676
 "STRAY229"            68.40293    0.00002   -0.00676
 "DRIFT_60"            68.41293    0.00002   -0.00676
 "STRAY230"            68.42293    0.00002   -0.00676
 "DRIFT_60"            68.43293    0.00002   -0.00675
 "STRAY231"            68.44293    0.00002   -0.00675
 "DRIFT_60"            68.45293    0.00002   -0.00675
 "STRAY232"            68.46293    0.00002   -0.00675
 "DRIFT_60"            68.47293    0.00002   -0.00675
 "STRAY233"            68.48293    0.00002   -0.00674
 "DRIFT_60"            68.49293    0.00002   -0.00674
 "STRAY234"            68.50293    0.00002   -0.00674
 "DRIFT_60"            68.51293    0.00002   -0.00674
 "STRAY235"            68.52293    0.00002   -0.00674
 "DRIFT_60"            68.53293    0.00002   -0.00673
 "STRAY236"            68.54293    0.00002   -0.00673
 "DRIFT_60"            68.55293    0.00002   -0.00673
 "STRAY237"            68.56293    0.00002   -0.00673
 "DRIFT_60"            68.57293    0.00002   -0.00673
 "STRAY238"            68.58293    0.00002   -0.00672
 "DRIFT_60"            68.59293    0.00002   -0.00672
 "STRAY239"            68.60293    0.00002   -0.00672
 "DRIFT_60"            68.61293    0.00002   -0.00672
 "STRAY240"            68.62293    0.00002   -0.00672
 "DRIFT_60"            68.63293    0.00002   -0.00671
 "STRAY241"            68.64293    0.00002   -0.00671
 "DRIFT_60"            68.65293    0.00002   -0.00671
 "STRAY242"            68.66293    0.00002   -0.00671
 "DRIFT_60"            68.67293    0.00002   -0.00671
 "STRAY243"            68.68293    0.00002   -0.00670
 "DRIFT_60"            68.69293    0.00003   -0.00670
 "STRAY244"            68.70293    0.00003   -0.00670
 "STRAY$END"           68.70293    0.00003   -0.00670
 "DRIFT_61"            68.84723    0.00003   -0.00667
 "PI.SMH42"            69.30154    0.00003   -0.00658
 "DRIFT_62"            69.65907    0.00004   -0.00650
 "POINTS"              69.70659    0.00004   -0.00650
 "BTP$END"             69.70659    0.00004   -0.00650
 "BT4BTP$END"          69.70659    0.00004   -0.00650
