@ NAME             %05s "TWISS"
@ TYPE             %05s "TWISS"
@ SEQUENCE         %06s "BT3BTP"
@ PARTICLE         %06s "PROTON"
@ MASS             %le     0.93827
@ CHARGE           %le     1.00000
@ ENERGY           %le     2.33665
@ PC               %le     2.14000
@ GAMMA            %le     2.49038
@ KBUNCH           %le     1.00000
@ BCURRENT         %le     0.00000
@ SIGE             %le     0.00000
@ SIGT             %le     0.00000
@ NPART            %le     0.00000
@ EX               %le     1.00000
@ EY               %le     1.00000
@ ET               %le     1.00000
@ LENGTH           %le    69.69589
@ ALFA             %le     0.00000
@ ORBIT5           %le    -0.00000
@ GAMMATR          %le     0.00000
@ Q1               %le     1.38796
@ Q2               %le     0.78076
@ DQ1              %le     0.00000
@ DQ2              %le     0.00000
@ DXMAX            %le     2.26341
@ DYMAX            %le     0.12559
@ XCOMAX           %le     0.00004
@ YCOMAX           %le     0.01318
@ BETXMAX          %le    80.91781
@ BETYMAX          %le    79.88716
@ XCORMS           %le     0.00001
@ YCORMS           %le     0.00635
@ DXRMS            %le     0.94322
@ DYRMS            %le     0.08153
@ DELTAP           %le     0.00000
@ SYNCH_1          %le     0.00000
@ SYNCH_2          %le     0.00000
@ SYNCH_3          %le     0.00000
@ SYNCH_4          %le     0.00000
@ SYNCH_5          %le     0.00000
@ TITLE            %39s "BT line and BTP line. Protons - 1.4 GeV"
@ ORIGIN           %16s "5.02.05 Linux 64"
@ DATE             %08s "28/05/15"
@ TIME             %08s "16.59.58"
* NAME                        S          X          Y 
$ %s                        %le        %le        %le 
 "BT3BTP$START"         0.00000    0.00000    0.00000
 "BT3$START"            0.00000    0.00000    0.00000
 "BT3.START"            0.00000    0.00000    0.00000
 "DRIFT_0"              1.30035    0.00000    0.00000
 "BT3.DVT10"            2.80260    0.00000    0.00000
 "DRIFT_1"              3.40006    0.00000    0.00000
 "BT3.BPM00.E"          3.79561    0.00000    0.00000
 "DRIFT_2"              3.84911    0.00000    0.00000
 "BT3.BPM00"            3.90261    0.00000    0.00000
 "DRIFT_3"              3.95861    0.00000    0.00000
 "BT3.BPM00.S"          4.01461    0.00000    0.00000
 "DRIFT_4"              4.15486    0.00000    0.00000
 "BT3.DHZ10"            4.46262    0.00000    0.00000
 "DRIFT_5"              4.72737    0.00000    0.00000
 "BT3.VVS10"            4.87462    0.00000    0.00000
 "DRIFT_6"              5.19067    0.00000    0.00000
 "BT3.DVT20"            5.65863    0.00000    0.00000
 "DRIFT_7"              6.09560    0.00000    0.00000
 "BT3.SMV10"            6.86265    0.00000    0.00000
 "DRIFT_8"              7.42865    0.00000    0.00000
 "BT3.BTV10"            7.46266    0.00000    0.00000
 "DRIFT_9"              7.80266    0.00000    0.00000
 "BT.VPG11"             8.14267    0.00000    0.00000
 "DRIFT_10"             8.41417    0.00000    0.00000
 "BT3.BPM10.E"          8.68568    0.00000    0.00000
 "DRIFT_2"              8.73918    0.00000    0.00000
 "BT3.BPM10"            8.79268    0.00000    0.00000
 "DRIFT_3"              8.84868    0.00000    0.00000
 "BT3.BPM10.S"          8.90468    0.00000    0.00000
 "DRIFT_11"             9.01718    0.00000    0.00000
 "BT3.QNO10"            9.36269    0.00000    0.00000
 "DRIFT_12"             9.77269    0.00000    0.00000
 "BT3.VVS20"            9.99969    0.00000    0.00000
 "DRIFT_13"            10.39669    0.00000    0.00000
 "BT3.VVS30"           10.79370    0.00000    0.00000
 "DRIFT_14"            10.98670    0.00000    0.00000
 "BT3.QNO20"           11.36270    0.00000    0.00000
 "DRIFT_15"            12.55195    0.00000    0.00000
 "BT.VGP21"            13.50820    0.00000    0.00000
 "BT.VGR21"            13.50820    0.00000    0.00000
 "BT.VPI22"            13.50820    0.00000    0.00000
 "BT.VPI22A"           13.50820    0.00000    0.00000
 "DRIFT_16"            13.72045    0.00000    0.00000
 "BT3.KFA10"           14.71270    0.00000    0.00000
 "DRIFT_17"            15.69645    0.00000    0.00000
 "BT.BTV20"            15.90020    0.00000    0.00000
 "DRIFT_18"            16.04770    0.00000    0.00000
 "BT3.DVT30"           16.36270    0.00000    0.00000
 "DRIFT_19"            16.90870    0.00000    0.00000
 "BT3.BPM20.E"         17.28720    0.00000    0.00000
 "DRIFT_2"             17.34070    0.00000    0.00000
 "BT3.BPM20"           17.39420    0.00000    0.00000
 "DRIFT_3"             17.45020    0.00000    0.00000
 "BT3.BPM20.S"         17.50620    0.00000    0.00000
 "DRIFT_20"            18.35846    0.00000    0.00000
 "BT3.DVT40"           19.41261    0.00000    0.00000
 "DRIFT_21"            19.83956    0.00000    0.00000
 "BT.VPI23"            20.06461    0.00000    0.00000
 "DRIFT_22"            20.19967    0.00000    0.00000
 "BT3.SMV20"           20.86672    0.00000    0.00000
 "DRIFT_23"            21.42522    0.00000    0.00000
 "BT3.BTV30"           21.45172    0.00000    0.00000
 "BT.VPI23B"           21.45172    0.00000    0.00000
 "DRIFT_24"            21.75072    0.00000    0.00000
 "BT3.QNO30"           22.28272    0.00000    0.00000
 "DRIFT_25"            24.07597    0.00000    0.00000
 "BT.BPM30.E"          25.63622    0.00000    0.00000
 "DRIFT_2"             25.68972    0.00000    0.00000
 "BT.BPM30"            25.74322    0.00000    0.00000
 "DRIFT_3"             25.79922    0.00000    0.00000
 "BT.BPM30.S"          25.85522    0.00000    0.00000
 "DRIFT_26"            26.00172    0.00000    0.00000
 "BT.BCT10"            26.30522    0.00000    0.00000
 "DRIFT_27"            26.56922    0.00000    0.00000
 "BT.DVT50"            26.89422    0.00000    0.00005
 "DRIFT_28"            27.49932    0.00000    0.00030
 "BT.VGP23"            27.88642    0.00000    0.00050
 "BT.VPG22"            27.88642    0.00000    0.00050
 "DRIFT_29"            28.38457    0.00000    0.00075
 "BT3.KFA20"           29.66272    0.00000    0.00138
 "DRIFT_17"            30.64647    0.00000    0.00188
 "BT.BTV40"            30.85022    0.00000    0.00198
 "DRIFT_30"            30.92497    0.00000    0.00202
 "BT.DVT60"            31.21772    0.00000    0.00216
 "DRIFT_31"            31.45520    0.00000    0.00228
 "BT.QNO40"            31.70772    0.00000    0.00247
 "DRIFT_32"            32.05950    0.00000    0.00295
 "BT.BPM40.E"          32.17822    0.00000    0.00314
 "DRIFT_2"             32.23172    0.00000    0.00322
 "BT.BPM40"            32.28522    0.00000    0.00331
 "DRIFT_3"             32.34122    0.00000    0.00339
 "BT.BPM40.S"          32.39722    0.00000    0.00348
 "DRIFT_33"            32.64047    0.00000    0.00386
 "BT.QNO50"            33.07772    0.00000    0.00449
 "DRIFT_34"            33.75059    0.00000    0.00475
 "BT3.END"             34.22946    0.00000    0.00489
 "BT3$END"             34.22946    0.00000    0.00489
 "BTP$START"           34.22946    0.00000    0.00489
 "BT.BHZ10"            34.99616    0.00000    0.00512
 "DRIFT_35"            35.97472   -0.00000    0.00540
 "BTP.VVS10"           36.18658   -0.00000    0.00544
 "DRIFT_36"            36.23733   -0.00000    0.00545
 "BTP.STP10"           37.01658   -0.00000    0.00562
 "DRIFT_37"            37.93158   -0.00000    0.00582
 "BTP.BPM00.E"         38.11808   -0.00000    0.00586
 "DRIFT_2"             38.17158   -0.00000    0.00587
 "BTP.BPM00"           38.22508   -0.00000    0.00588
 "DRIFT_3"             38.28108   -0.00000    0.00589
 "BTP.BPM00.S"         38.33708   -0.00000    0.00590
 "DRIFT_38"            38.56733   -0.00000    0.00595
 "BTP.DHZ10"           39.01558   -0.00000    0.00605
 "DRIFT_39"            39.25558   -0.00000    0.00610
 "BTP.DVT10"           39.49558   -0.00000    0.00615
 "DRIFT_40"            40.03933   -0.00000    0.00627
 "BTP.QNO10"           40.59758   -0.00000    0.00639
 "DRIFT_41"            43.09558   -0.00000    0.00692
 "BTP.QNO20"           45.59358   -0.00000    0.00756
 "DRIFT_30"            45.90083   -0.00000    0.00809
 "BTP.DHZ20"           46.19358   -0.00000    0.00869
 "DRIFT_42"            46.52558   -0.00000    0.00937
 "BTP.BPM10.E"         46.63958   -0.00000    0.00961
 "DRIFT_2"             46.69308   -0.00000    0.00972
 "BTP.BPM10"           46.74658   -0.00000    0.00983
 "DRIFT_3"             46.80258   -0.00000    0.00994
 "BTP.BPM10.S"         46.85858   -0.00000    0.01006
 "DRIFT_43"            47.06708   -0.00000    0.01048
 "BTP.DVT20"           47.49358   -0.00000    0.01136
 "DRIFT_30"            47.78633   -0.00000    0.01196
 "BTP.QNO30"           48.09358   -0.00000    0.01244
 "DRIFT_44"            48.75483   -0.00000    0.01211
 "BTP.VPI11"           49.18358   -0.00000    0.01180
 "DRIFT_45"            51.17333   -0.00000    0.01033
 "BTP.QNO40"           53.39558    0.00000    0.00885
 "DRIFT_46"            53.67783    0.00000    0.00922
 "BTP.DHZ30"           53.94558    0.00000    0.00972
 "DRIFT_47"            54.24933    0.00000    0.01029
 "BTP.BPM20.E"         54.33508    0.00000    0.01045
 "DRIFT_2"             54.38858    0.00000    0.01055
 "BTP.BPM20"           54.44208    0.00000    0.01065
 "DRIFT_3"             54.49808    0.00000    0.01076
 "BTP.BPM20.S"         54.55408    0.00000    0.01086
 "DRIFT_48"            54.75833    0.00000    0.01124
 "BTP.DVT30"           55.18058    0.00000    0.01203
 "DRIFT_49"            55.53083    0.00000    0.01269
 "BTP.QNO50"           55.89558    0.00000    0.01318
 "DRIFT_50"            57.78433    0.00000    0.01072
 "BTP.VPI12"           59.44058    0.00000    0.00840
 "DRIFT_51"            59.81388    0.00000    0.00788
 "BTP.BCT10"           60.41158    0.00000    0.00704
 "DRIFT_52"            60.69078    0.00000    0.00665
 "BTP.DVT40"           60.96358    0.00000    0.00626
 "DRIFT_53"            61.27183    0.00000    0.00583
 "BTP.QNO60"           61.59458    0.00000    0.00548
 "DRIFT_54"            61.94383    0.00000    0.00549
 "BTP.BPM30.E"         62.06058    0.00000    0.00553
 "DRIFT_2"             62.11408    0.00000    0.00554
 "BTP.BPM30"           62.16758    0.00000    0.00556
 "DRIFT_3"             62.22358    0.00000    0.00558
 "BTP.BPM30.S"         62.27958    0.00000    0.00559
 "DRIFT_55"            62.42408    0.00000    0.00564
 "BTP.BTV10"           62.70358    0.00000    0.00573
 "DRIFT_56"            62.86358    0.00000    0.00578
 "BTP.VVS20"           62.88858    0.00000    0.00578
 "DRIFT_57"            63.02508    0.00000    0.00583
 "BTP.DHZ40"           63.16158    0.00000    0.00587
 "DRIFT_58"            63.35508    0.00000    0.00593
 "BTP.DVT50"           63.54858    0.00000    0.00599
 "DRIFT_59"            63.69040    0.00000    0.00603
 "STRAY$START"         63.83222    0.00000    0.00608
 "STRAY1"              63.83222    0.00000    0.00608
 "DRIFT_60"            63.84222    0.00000    0.00608
 "STRAY2"              63.85222    0.00000    0.00608
 "DRIFT_60"            63.86222    0.00000    0.00609
 "STRAY3"              63.87222    0.00000    0.00609
 "DRIFT_60"            63.88222    0.00000    0.00609
 "STRAY4"              63.89222    0.00000    0.00610
 "DRIFT_60"            63.90222    0.00000    0.00610
 "STRAY5"              63.91222    0.00000    0.00610
 "DRIFT_60"            63.92222    0.00000    0.00611
 "STRAY6"              63.93222    0.00000    0.00611
 "DRIFT_60"            63.94222    0.00000    0.00611
 "STRAY7"              63.95222    0.00000    0.00612
 "DRIFT_60"            63.96222    0.00000    0.00612
 "STRAY8"              63.97222    0.00000    0.00612
 "DRIFT_60"            63.98222    0.00000    0.00613
 "STRAY9"              63.99222    0.00000    0.00613
 "DRIFT_60"            64.00222    0.00000    0.00613
 "STRAY10"             64.01222    0.00000    0.00613
 "DRIFT_60"            64.02222    0.00000    0.00614
 "STRAY11"             64.03222    0.00000    0.00614
 "DRIFT_60"            64.04222    0.00000    0.00614
 "STRAY12"             64.05222    0.00000    0.00615
 "DRIFT_60"            64.06222    0.00000    0.00615
 "STRAY13"             64.07222    0.00000    0.00615
 "DRIFT_60"            64.08222    0.00000    0.00616
 "STRAY14"             64.09222    0.00000    0.00616
 "DRIFT_60"            64.10222    0.00000    0.00616
 "STRAY15"             64.11222    0.00000    0.00617
 "DRIFT_60"            64.12222    0.00000    0.00617
 "STRAY16"             64.13222    0.00000    0.00617
 "DRIFT_60"            64.14222    0.00000    0.00618
 "STRAY17"             64.15222    0.00000    0.00618
 "DRIFT_60"            64.16222    0.00000    0.00618
 "STRAY18"             64.17222    0.00000    0.00618
 "DRIFT_60"            64.18222    0.00000    0.00619
 "STRAY19"             64.19222    0.00000    0.00619
 "DRIFT_60"            64.20222    0.00000    0.00619
 "STRAY20"             64.21222    0.00000    0.00620
 "DRIFT_60"            64.22222    0.00000    0.00620
 "STRAY21"             64.23222    0.00000    0.00620
 "DRIFT_60"            64.24222    0.00000    0.00621
 "STRAY22"             64.25222    0.00000    0.00621
 "DRIFT_60"            64.26222    0.00000    0.00621
 "STRAY23"             64.27222    0.00000    0.00622
 "DRIFT_60"            64.28222    0.00000    0.00622
 "STRAY24"             64.29222    0.00000    0.00622
 "DRIFT_60"            64.30222    0.00000    0.00622
 "STRAY25"             64.31222    0.00000    0.00623
 "DRIFT_60"            64.32222    0.00000    0.00623
 "STRAY26"             64.33222    0.00000    0.00623
 "DRIFT_60"            64.34222    0.00000    0.00624
 "STRAY27"             64.35222    0.00000    0.00624
 "DRIFT_60"            64.36222    0.00000    0.00624
 "STRAY28"             64.37222    0.00000    0.00625
 "DRIFT_60"            64.38222    0.00000    0.00625
 "STRAY29"             64.39222    0.00000    0.00625
 "DRIFT_60"            64.40222    0.00000    0.00626
 "STRAY30"             64.41222    0.00000    0.00626
 "DRIFT_60"            64.42222    0.00000    0.00626
 "STRAY31"             64.43222    0.00000    0.00626
 "DRIFT_60"            64.44222    0.00000    0.00627
 "STRAY32"             64.45222    0.00000    0.00627
 "DRIFT_60"            64.46222    0.00000    0.00627
 "STRAY33"             64.47222    0.00000    0.00628
 "DRIFT_60"            64.48222    0.00000    0.00628
 "STRAY34"             64.49222    0.00000    0.00628
 "DRIFT_60"            64.50222    0.00000    0.00629
 "STRAY35"             64.51222    0.00000    0.00629
 "DRIFT_60"            64.52222    0.00000    0.00629
 "STRAY36"             64.53222    0.00000    0.00630
 "DRIFT_60"            64.54222    0.00000    0.00630
 "STRAY37"             64.55222    0.00000    0.00630
 "DRIFT_60"            64.56222    0.00000    0.00630
 "STRAY38"             64.57222    0.00000    0.00631
 "DRIFT_60"            64.58222    0.00000    0.00631
 "STRAY39"             64.59222    0.00000    0.00631
 "DRIFT_60"            64.60222    0.00000    0.00632
 "STRAY40"             64.61222    0.00000    0.00632
 "DRIFT_60"            64.62222    0.00000    0.00632
 "STRAY41"             64.63222    0.00000    0.00633
 "DRIFT_60"            64.64222    0.00000    0.00633
 "STRAY42"             64.65222    0.00000    0.00633
 "DRIFT_60"            64.66222    0.00000    0.00634
 "STRAY43"             64.67222    0.00000    0.00634
 "DRIFT_60"            64.68222    0.00000    0.00634
 "STRAY44"             64.69222    0.00000    0.00634
 "DRIFT_60"            64.70222    0.00000    0.00635
 "STRAY45"             64.71222    0.00000    0.00635
 "DRIFT_60"            64.72222    0.00000    0.00635
 "STRAY46"             64.73222    0.00000    0.00636
 "DRIFT_60"            64.74222    0.00000    0.00636
 "STRAY47"             64.75222    0.00000    0.00636
 "DRIFT_60"            64.76222    0.00000    0.00637
 "STRAY48"             64.77222    0.00000    0.00637
 "DRIFT_60"            64.78222    0.00000    0.00637
 "STRAY49"             64.79222    0.00000    0.00637
 "DRIFT_60"            64.80222    0.00000    0.00638
 "STRAY50"             64.81222    0.00000    0.00638
 "DRIFT_60"            64.82222    0.00000    0.00638
 "STRAY51"             64.83222    0.00000    0.00639
 "DRIFT_60"            64.84222    0.00000    0.00639
 "STRAY52"             64.85222    0.00000    0.00639
 "DRIFT_60"            64.86222    0.00000    0.00640
 "STRAY53"             64.87222    0.00000    0.00640
 "DRIFT_60"            64.88222    0.00000    0.00640
 "STRAY54"             64.89222    0.00000    0.00640
 "DRIFT_60"            64.90222    0.00000    0.00641
 "STRAY55"             64.91222    0.00000    0.00641
 "DRIFT_60"            64.92222    0.00000    0.00641
 "STRAY56"             64.93222    0.00000    0.00642
 "DRIFT_60"            64.94222    0.00000    0.00642
 "STRAY57"             64.95222    0.00000    0.00642
 "DRIFT_60"            64.96222    0.00000    0.00642
 "STRAY58"             64.97222    0.00000    0.00643
 "DRIFT_60"            64.98222    0.00000    0.00643
 "STRAY59"             64.99222    0.00000    0.00643
 "DRIFT_60"            65.00222    0.00000    0.00644
 "STRAY60"             65.01222    0.00000    0.00644
 "DRIFT_60"            65.02222    0.00000    0.00644
 "STRAY61"             65.03222    0.00000    0.00645
 "DRIFT_60"            65.04222    0.00000    0.00645
 "STRAY62"             65.05222    0.00000    0.00645
 "DRIFT_60"            65.06222    0.00000    0.00645
 "STRAY63"             65.07222    0.00000    0.00646
 "DRIFT_60"            65.08222    0.00000    0.00646
 "STRAY64"             65.09222    0.00000    0.00646
 "DRIFT_60"            65.10222    0.00000    0.00647
 "STRAY65"             65.11222    0.00000    0.00647
 "DRIFT_60"            65.12222    0.00000    0.00647
 "STRAY66"             65.13222    0.00000    0.00647
 "DRIFT_60"            65.14222    0.00000    0.00648
 "STRAY67"             65.15222    0.00000    0.00648
 "DRIFT_60"            65.16222    0.00000    0.00648
 "STRAY68"             65.17222    0.00000    0.00649
 "DRIFT_60"            65.18222    0.00000    0.00649
 "STRAY69"             65.19222    0.00000    0.00649
 "DRIFT_60"            65.20222    0.00000    0.00649
 "STRAY70"             65.21222    0.00000    0.00650
 "DRIFT_60"            65.22222    0.00000    0.00650
 "STRAY71"             65.23222    0.00000    0.00650
 "DRIFT_60"            65.24222    0.00000    0.00651
 "STRAY72"             65.25222    0.00000    0.00651
 "DRIFT_60"            65.26222    0.00000    0.00651
 "STRAY73"             65.27222    0.00000    0.00651
 "DRIFT_60"            65.28222    0.00000    0.00652
 "STRAY74"             65.29222    0.00000    0.00652
 "DRIFT_60"            65.30222    0.00000    0.00652
 "STRAY75"             65.31222    0.00000    0.00652
 "DRIFT_60"            65.32222    0.00000    0.00653
 "STRAY76"             65.33222    0.00000    0.00653
 "DRIFT_60"            65.34222    0.00000    0.00653
 "STRAY77"             65.35222    0.00000    0.00654
 "DRIFT_60"            65.36222    0.00000    0.00654
 "STRAY78"             65.37222    0.00000    0.00654
 "DRIFT_60"            65.38222    0.00000    0.00654
 "STRAY79"             65.39222    0.00000    0.00655
 "DRIFT_60"            65.40222    0.00000    0.00655
 "STRAY80"             65.41222    0.00000    0.00655
 "DRIFT_60"            65.42222    0.00000    0.00655
 "STRAY81"             65.43222    0.00000    0.00656
 "DRIFT_60"            65.44222    0.00000    0.00656
 "STRAY82"             65.45222    0.00000    0.00656
 "DRIFT_60"            65.46222    0.00000    0.00657
 "STRAY83"             65.47222    0.00000    0.00657
 "DRIFT_60"            65.48222    0.00000    0.00657
 "STRAY84"             65.49222    0.00000    0.00657
 "DRIFT_60"            65.50222    0.00000    0.00658
 "STRAY85"             65.51222    0.00000    0.00658
 "DRIFT_60"            65.52222    0.00000    0.00658
 "STRAY86"             65.53222    0.00000    0.00658
 "DRIFT_60"            65.54222    0.00000    0.00659
 "STRAY87"             65.55222    0.00000    0.00659
 "DRIFT_60"            65.56222    0.00000    0.00659
 "STRAY88"             65.57222    0.00000    0.00659
 "DRIFT_60"            65.58222    0.00000    0.00660
 "STRAY89"             65.59222    0.00000    0.00660
 "DRIFT_60"            65.60222    0.00000    0.00660
 "STRAY90"             65.61222    0.00000    0.00660
 "DRIFT_60"            65.62222    0.00000    0.00661
 "STRAY91"             65.63222    0.00000    0.00661
 "DRIFT_60"            65.64222    0.00000    0.00661
 "STRAY92"             65.65222    0.00000    0.00661
 "DRIFT_60"            65.66222    0.00000    0.00662
 "STRAY93"             65.67222    0.00000    0.00662
 "DRIFT_60"            65.68222    0.00000    0.00662
 "STRAY94"             65.69222    0.00000    0.00662
 "DRIFT_60"            65.70222    0.00000    0.00663
 "STRAY95"             65.71222    0.00000    0.00663
 "DRIFT_60"            65.72222    0.00000    0.00663
 "STRAY96"             65.73222    0.00000    0.00663
 "DRIFT_60"            65.74222    0.00000    0.00664
 "STRAY97"             65.75222    0.00000    0.00664
 "DRIFT_60"            65.76222    0.00000    0.00664
 "STRAY98"             65.77222    0.00000    0.00664
 "DRIFT_60"            65.78222    0.00000    0.00665
 "STRAY99"             65.79222    0.00000    0.00665
 "DRIFT_60"            65.80222    0.00000    0.00665
 "STRAY100"            65.81222    0.00000    0.00665
 "DRIFT_60"            65.82222    0.00000    0.00666
 "STRAY101"            65.83222    0.00000    0.00666
 "DRIFT_60"            65.84222    0.00000    0.00666
 "STRAY102"            65.85222    0.00000    0.00666
 "DRIFT_60"            65.86222    0.00000    0.00666
 "STRAY103"            65.87222    0.00000    0.00667
 "DRIFT_60"            65.88222    0.00000    0.00667
 "STRAY104"            65.89222    0.00000    0.00667
 "DRIFT_60"            65.90222    0.00000    0.00667
 "STRAY105"            65.91222    0.00000    0.00668
 "DRIFT_60"            65.92222    0.00000    0.00668
 "STRAY106"            65.93222    0.00000    0.00668
 "DRIFT_60"            65.94222    0.00000    0.00668
 "STRAY107"            65.95222    0.00000    0.00668
 "DRIFT_60"            65.96222    0.00000    0.00669
 "STRAY108"            65.97222    0.00000    0.00669
 "DRIFT_60"            65.98222    0.00000    0.00669
 "STRAY109"            65.99222    0.00000    0.00669
 "DRIFT_60"            66.00222    0.00000    0.00669
 "STRAY110"            66.01222    0.00000    0.00670
 "DRIFT_60"            66.02222    0.00000    0.00670
 "STRAY111"            66.03222    0.00000    0.00670
 "DRIFT_60"            66.04222    0.00000    0.00670
 "STRAY112"            66.05222    0.00000    0.00670
 "DRIFT_60"            66.06222    0.00000    0.00671
 "STRAY113"            66.07222    0.00000    0.00671
 "DRIFT_60"            66.08222    0.00000    0.00671
 "STRAY114"            66.09222    0.00000    0.00671
 "DRIFT_60"            66.10222    0.00000    0.00671
 "STRAY115"            66.11222    0.00000    0.00672
 "DRIFT_60"            66.12222    0.00000    0.00672
 "STRAY116"            66.13222    0.00000    0.00672
 "DRIFT_60"            66.14222    0.00000    0.00672
 "STRAY117"            66.15222    0.00000    0.00672
 "DRIFT_60"            66.16222    0.00000    0.00673
 "STRAY118"            66.17222    0.00000    0.00673
 "DRIFT_60"            66.18222    0.00000    0.00673
 "STRAY119"            66.19222    0.00000    0.00673
 "DRIFT_60"            66.20222    0.00000    0.00673
 "STRAY120"            66.21222    0.00000    0.00673
 "DRIFT_60"            66.22222    0.00000    0.00674
 "STRAY121"            66.23222    0.00000    0.00674
 "DRIFT_60"            66.24222    0.00000    0.00674
 "STRAY122"            66.25222    0.00000    0.00674
 "DRIFT_60"            66.26222    0.00000    0.00674
 "STRAY123"            66.27222    0.00000    0.00675
 "DRIFT_60"            66.28222    0.00000    0.00675
 "STRAY124"            66.29222    0.00000    0.00675
 "DRIFT_60"            66.30222    0.00000    0.00675
 "STRAY125"            66.31222    0.00000    0.00675
 "DRIFT_60"            66.32222    0.00000    0.00675
 "STRAY126"            66.33222    0.00000    0.00676
 "DRIFT_60"            66.34222    0.00000    0.00676
 "STRAY127"            66.35222    0.00000    0.00676
 "DRIFT_60"            66.36222    0.00000    0.00676
 "STRAY128"            66.37222    0.00000    0.00676
 "DRIFT_60"            66.38222    0.00000    0.00676
 "STRAY129"            66.39222    0.00000    0.00676
 "DRIFT_60"            66.40222    0.00000    0.00677
 "STRAY130"            66.41222    0.00000    0.00677
 "DRIFT_60"            66.42222    0.00000    0.00677
 "STRAY131"            66.43222    0.00000    0.00677
 "DRIFT_60"            66.44222    0.00000    0.00677
 "STRAY132"            66.45222    0.00000    0.00677
 "DRIFT_60"            66.46222    0.00001    0.00678
 "STRAY133"            66.47222    0.00001    0.00678
 "DRIFT_60"            66.48222    0.00001    0.00678
 "STRAY134"            66.49222    0.00001    0.00678
 "DRIFT_60"            66.50222    0.00001    0.00678
 "STRAY135"            66.51222    0.00001    0.00678
 "DRIFT_60"            66.52222    0.00001    0.00678
 "STRAY136"            66.53222    0.00001    0.00679
 "DRIFT_60"            66.54222    0.00001    0.00679
 "STRAY137"            66.55222    0.00001    0.00679
 "DRIFT_60"            66.56222    0.00001    0.00679
 "STRAY138"            66.57222    0.00001    0.00679
 "DRIFT_60"            66.58222    0.00001    0.00679
 "STRAY139"            66.59222    0.00001    0.00679
 "DRIFT_60"            66.60222    0.00001    0.00679
 "STRAY140"            66.61222    0.00001    0.00680
 "DRIFT_60"            66.62222    0.00001    0.00680
 "STRAY141"            66.63222    0.00001    0.00680
 "DRIFT_60"            66.64222    0.00001    0.00680
 "STRAY142"            66.65222    0.00001    0.00680
 "DRIFT_60"            66.66222    0.00001    0.00680
 "STRAY143"            66.67222    0.00001    0.00680
 "DRIFT_60"            66.68222    0.00001    0.00680
 "STRAY144"            66.69222    0.00001    0.00681
 "DRIFT_60"            66.70222    0.00001    0.00681
 "STRAY145"            66.71222    0.00001    0.00681
 "DRIFT_60"            66.72222    0.00001    0.00681
 "STRAY146"            66.73222    0.00001    0.00681
 "DRIFT_60"            66.74222    0.00001    0.00681
 "STRAY147"            66.75222    0.00001    0.00681
 "DRIFT_60"            66.76222    0.00001    0.00681
 "STRAY148"            66.77222    0.00001    0.00681
 "DRIFT_60"            66.78222    0.00001    0.00682
 "STRAY149"            66.79222    0.00001    0.00682
 "DRIFT_60"            66.80222    0.00001    0.00682
 "STRAY150"            66.81222    0.00001    0.00682
 "DRIFT_60"            66.82222    0.00001    0.00682
 "STRAY151"            66.83222    0.00001    0.00682
 "DRIFT_60"            66.84222    0.00001    0.00682
 "STRAY152"            66.85222    0.00001    0.00682
 "DRIFT_60"            66.86222    0.00001    0.00682
 "STRAY153"            66.87222    0.00001    0.00682
 "DRIFT_60"            66.88222    0.00001    0.00683
 "STRAY154"            66.89222    0.00001    0.00683
 "DRIFT_60"            66.90222    0.00001    0.00683
 "STRAY155"            66.91222    0.00001    0.00683
 "DRIFT_60"            66.92222    0.00001    0.00683
 "STRAY156"            66.93222    0.00001    0.00683
 "DRIFT_60"            66.94222    0.00001    0.00683
 "STRAY157"            66.95222    0.00001    0.00683
 "DRIFT_60"            66.96222    0.00001    0.00683
 "STRAY158"            66.97222    0.00001    0.00683
 "DRIFT_60"            66.98222    0.00001    0.00683
 "STRAY159"            66.99222    0.00001    0.00683
 "DRIFT_60"            67.00222    0.00001    0.00684
 "STRAY160"            67.01222    0.00001    0.00684
 "DRIFT_60"            67.02222    0.00001    0.00684
 "STRAY161"            67.03222    0.00001    0.00684
 "DRIFT_60"            67.04222    0.00001    0.00684
 "STRAY162"            67.05222    0.00001    0.00684
 "DRIFT_60"            67.06222    0.00001    0.00684
 "STRAY163"            67.07222    0.00001    0.00684
 "DRIFT_60"            67.08222    0.00001    0.00684
 "STRAY164"            67.09222    0.00001    0.00684
 "DRIFT_60"            67.10222    0.00001    0.00684
 "STRAY165"            67.11222    0.00001    0.00684
 "DRIFT_60"            67.12222    0.00001    0.00684
 "STRAY166"            67.13222    0.00001    0.00684
 "DRIFT_60"            67.14222    0.00001    0.00684
 "STRAY167"            67.15222    0.00001    0.00684
 "DRIFT_60"            67.16222    0.00001    0.00684
 "STRAY168"            67.17222    0.00001    0.00685
 "DRIFT_60"            67.18222    0.00001    0.00685
 "STRAY169"            67.19222    0.00001    0.00685
 "DRIFT_60"            67.20222    0.00001    0.00685
 "STRAY170"            67.21222    0.00001    0.00685
 "DRIFT_60"            67.22222    0.00001    0.00685
 "STRAY171"            67.23222    0.00001    0.00685
 "DRIFT_60"            67.24222    0.00001    0.00685
 "STRAY172"            67.25222    0.00001    0.00685
 "DRIFT_60"            67.26222    0.00001    0.00685
 "STRAY173"            67.27222    0.00001    0.00685
 "DRIFT_60"            67.28222    0.00001    0.00685
 "STRAY174"            67.29222    0.00001    0.00685
 "DRIFT_60"            67.30222    0.00001    0.00685
 "STRAY175"            67.31222    0.00001    0.00685
 "DRIFT_60"            67.32222    0.00001    0.00685
 "STRAY176"            67.33222    0.00001    0.00685
 "DRIFT_60"            67.34222    0.00001    0.00685
 "STRAY177"            67.35222    0.00001    0.00685
 "DRIFT_60"            67.36222    0.00001    0.00685
 "STRAY178"            67.37222    0.00001    0.00685
 "DRIFT_60"            67.38222    0.00001    0.00685
 "STRAY179"            67.39222    0.00001    0.00685
 "DRIFT_60"            67.40222    0.00001    0.00685
 "STRAY180"            67.41222    0.00001    0.00685
 "DRIFT_60"            67.42222    0.00001    0.00685
 "STRAY181"            67.43222    0.00001    0.00685
 "DRIFT_60"            67.44222    0.00001    0.00685
 "STRAY182"            67.45222    0.00001    0.00685
 "DRIFT_60"            67.46222    0.00001    0.00685
 "STRAY183"            67.47222    0.00001    0.00685
 "DRIFT_60"            67.48222    0.00001    0.00685
 "STRAY184"            67.49222    0.00001    0.00685
 "DRIFT_60"            67.50222    0.00001    0.00685
 "STRAY185"            67.51222    0.00001    0.00685
 "DRIFT_60"            67.52222    0.00001    0.00685
 "STRAY186"            67.53222    0.00001    0.00685
 "DRIFT_60"            67.54222    0.00001    0.00685
 "STRAY187"            67.55222    0.00001    0.00685
 "DRIFT_60"            67.56222    0.00001    0.00685
 "STRAY188"            67.57222    0.00001    0.00685
 "DRIFT_60"            67.58222    0.00001    0.00685
 "STRAY189"            67.59222    0.00001    0.00685
 "DRIFT_60"            67.60222    0.00001    0.00685
 "STRAY190"            67.61222    0.00001    0.00685
 "DRIFT_60"            67.62222    0.00001    0.00685
 "STRAY191"            67.63222    0.00001    0.00685
 "DRIFT_60"            67.64222    0.00001    0.00685
 "STRAY192"            67.65222    0.00001    0.00685
 "DRIFT_60"            67.66222    0.00001    0.00685
 "STRAY193"            67.67222    0.00001    0.00685
 "DRIFT_60"            67.68222    0.00001    0.00685
 "STRAY194"            67.69222    0.00001    0.00685
 "DRIFT_60"            67.70222    0.00001    0.00685
 "STRAY195"            67.71222    0.00001    0.00685
 "DRIFT_60"            67.72222    0.00001    0.00684
 "STRAY196"            67.73222    0.00001    0.00684
 "DRIFT_60"            67.74222    0.00001    0.00684
 "STRAY197"            67.75222    0.00001    0.00684
 "DRIFT_60"            67.76222    0.00001    0.00684
 "STRAY198"            67.77222    0.00001    0.00684
 "DRIFT_60"            67.78222    0.00001    0.00684
 "STRAY199"            67.79222    0.00001    0.00684
 "DRIFT_60"            67.80222    0.00001    0.00684
 "STRAY200"            67.81222    0.00001    0.00684
 "DRIFT_60"            67.82222    0.00001    0.00684
 "STRAY201"            67.83222    0.00001    0.00684
 "DRIFT_60"            67.84222    0.00002    0.00684
 "STRAY202"            67.85222    0.00002    0.00684
 "DRIFT_60"            67.86222    0.00002    0.00684
 "STRAY203"            67.87222    0.00002    0.00683
 "DRIFT_60"            67.88222    0.00002    0.00683
 "STRAY204"            67.89222    0.00002    0.00683
 "DRIFT_60"            67.90222    0.00002    0.00683
 "STRAY205"            67.91222    0.00002    0.00683
 "DRIFT_60"            67.92222    0.00002    0.00683
 "STRAY206"            67.93222    0.00002    0.00683
 "DRIFT_60"            67.94222    0.00002    0.00683
 "STRAY207"            67.95222    0.00002    0.00683
 "DRIFT_60"            67.96222    0.00002    0.00683
 "STRAY208"            67.97222    0.00002    0.00682
 "DRIFT_60"            67.98222    0.00002    0.00682
 "STRAY209"            67.99222    0.00002    0.00682
 "DRIFT_60"            68.00222    0.00002    0.00682
 "STRAY210"            68.01222    0.00002    0.00682
 "DRIFT_60"            68.02222    0.00002    0.00682
 "STRAY211"            68.03222    0.00002    0.00682
 "DRIFT_60"            68.04222    0.00002    0.00682
 "STRAY212"            68.05222    0.00002    0.00682
 "DRIFT_60"            68.06222    0.00002    0.00681
 "STRAY213"            68.07222    0.00002    0.00681
 "DRIFT_60"            68.08222    0.00002    0.00681
 "STRAY214"            68.09222    0.00002    0.00681
 "DRIFT_60"            68.10222    0.00002    0.00681
 "STRAY215"            68.11222    0.00002    0.00681
 "DRIFT_60"            68.12222    0.00002    0.00681
 "STRAY216"            68.13222    0.00002    0.00681
 "DRIFT_60"            68.14222    0.00002    0.00680
 "STRAY217"            68.15222    0.00002    0.00680
 "DRIFT_60"            68.16222    0.00002    0.00680
 "STRAY218"            68.17222    0.00002    0.00680
 "DRIFT_60"            68.18222    0.00002    0.00680
 "STRAY219"            68.19222    0.00002    0.00680
 "DRIFT_60"            68.20222    0.00002    0.00679
 "STRAY220"            68.21222    0.00002    0.00679
 "DRIFT_60"            68.22222    0.00002    0.00679
 "STRAY221"            68.23222    0.00002    0.00679
 "DRIFT_60"            68.24222    0.00002    0.00679
 "STRAY222"            68.25222    0.00002    0.00679
 "DRIFT_60"            68.26222    0.00002    0.00678
 "STRAY223"            68.27222    0.00002    0.00678
 "DRIFT_60"            68.28222    0.00002    0.00678
 "STRAY224"            68.29222    0.00002    0.00678
 "DRIFT_60"            68.30222    0.00002    0.00678
 "STRAY225"            68.31222    0.00002    0.00678
 "DRIFT_60"            68.32222    0.00002    0.00677
 "STRAY226"            68.33222    0.00002    0.00677
 "DRIFT_60"            68.34222    0.00002    0.00677
 "STRAY227"            68.35222    0.00002    0.00677
 "DRIFT_60"            68.36222    0.00002    0.00677
 "STRAY228"            68.37222    0.00002    0.00676
 "DRIFT_60"            68.38222    0.00002    0.00676
 "STRAY229"            68.39222    0.00002    0.00676
 "DRIFT_60"            68.40222    0.00002    0.00676
 "STRAY230"            68.41222    0.00002    0.00676
 "DRIFT_60"            68.42222    0.00002    0.00675
 "STRAY231"            68.43222    0.00002    0.00675
 "DRIFT_60"            68.44222    0.00002    0.00675
 "STRAY232"            68.45222    0.00002    0.00675
 "DRIFT_60"            68.46222    0.00002    0.00675
 "STRAY233"            68.47222    0.00002    0.00674
 "DRIFT_60"            68.48222    0.00002    0.00674
 "STRAY234"            68.49222    0.00002    0.00674
 "DRIFT_60"            68.50222    0.00002    0.00674
 "STRAY235"            68.51222    0.00002    0.00674
 "DRIFT_60"            68.52222    0.00002    0.00673
 "STRAY236"            68.53222    0.00002    0.00673
 "DRIFT_60"            68.54222    0.00002    0.00673
 "STRAY237"            68.55222    0.00002    0.00673
 "DRIFT_60"            68.56222    0.00002    0.00673
 "STRAY238"            68.57222    0.00002    0.00672
 "DRIFT_60"            68.58222    0.00002    0.00672
 "STRAY239"            68.59222    0.00002    0.00672
 "DRIFT_60"            68.60222    0.00002    0.00672
 "STRAY240"            68.61222    0.00002    0.00672
 "DRIFT_60"            68.62222    0.00002    0.00671
 "STRAY241"            68.63222    0.00002    0.00671
 "DRIFT_60"            68.64222    0.00002    0.00671
 "STRAY242"            68.65222    0.00002    0.00671
 "DRIFT_60"            68.66222    0.00002    0.00671
 "STRAY243"            68.67222    0.00002    0.00670
 "DRIFT_60"            68.68222    0.00003    0.00670
 "STRAY244"            68.69222    0.00003    0.00670
 "STRAY$END"           68.69222    0.00003    0.00670
 "DRIFT_61"            68.83652    0.00003    0.00667
 "PI.SMH42"            69.29083    0.00003    0.00658
 "DRIFT_62"            69.64836    0.00004    0.00650
 "POINTS"              69.69589    0.00004    0.00650
 "BTP$END"             69.69589    0.00004    0.00650
 "BT3BTP$END"          69.69589    0.00004    0.00650
