@ NAME             %05s "TWISS"
@ TYPE             %05s "TWISS"
@ SEQUENCE         %06s "BT1BTP"
@ PARTICLE         %06s "PROTON"
@ MASS             %le     0.93827
@ CHARGE           %le     1.00000
@ ENERGY           %le     2.33665
@ PC               %le     2.14000
@ GAMMA            %le     2.49038
@ KBUNCH           %le     1.00000
@ BCURRENT         %le     0.00000
@ SIGE             %le     0.00000
@ SIGT             %le     0.00000
@ NPART            %le     0.00000
@ EX               %le     1.00000
@ EY               %le     1.00000
@ ET               %le     1.00000
@ LENGTH           %le    69.71757
@ ALFA             %le     0.00000
@ ORBIT5           %le    -0.00000
@ GAMMATR          %le     0.00000
@ Q1               %le     1.43966
@ Q2               %le     0.78203
@ DQ1              %le     0.00000
@ DQ2              %le     0.00000
@ DXMAX            %le     2.43750
@ DYMAX            %le     1.63496
@ XCOMAX           %le     0.00004
@ YCOMAX           %le     0.01318
@ BETXMAX          %le    64.42576
@ BETYMAX          %le    79.86847
@ XCORMS           %le     0.00001
@ YCORMS           %le     0.00638
@ DXRMS            %le     1.09303
@ DYRMS            %le     0.63483
@ DELTAP           %le     0.00000
@ SYNCH_1          %le     0.00000
@ SYNCH_2          %le     0.00000
@ SYNCH_3          %le     0.00000
@ SYNCH_4          %le     0.00000
@ SYNCH_5          %le     0.00000
@ TITLE            %39s "BT line and BTP line. Protons - 1.4 GeV"
@ ORIGIN           %16s "5.02.05 Linux 64"
@ DATE             %08s "28/05/15"
@ TIME             %08s "16.59.57"
* NAME                        S          X          Y 
$ %s                        %le        %le        %le 
 "BT1BTP$START"         0.00000    0.00000    0.00000
 "BT1$START"            0.00000    0.00000    0.00000
 "BT1.START"            0.00000    0.00000    0.00000
 "DRIFT_0"              1.27482    0.00000    0.00000
 "BT1.BVT10"            3.00305    0.00000    0.00000
 "DRIFT_1"              3.60708    0.00000    0.00000
 "BT1.BPM00.E"          3.75770    0.00000    0.00000
 "DRIFT_2"              3.81120    0.00000    0.00000
 "BT1.BPM00"            3.86470    0.00000    0.00000
 "DRIFT_3"              3.92070    0.00000    0.00000
 "BT1.BPM00.S"          3.97670    0.00000    0.00000
 "DRIFT_4"              4.13783    0.00000    0.00000
 "BT1.DHZ10"            4.46647    0.00000    0.00000
 "DRIFT_5"              4.65611    0.00000    0.00000
 "BT1.VVS10"            4.72824    0.00000    0.00000
 "DRIFT_6"              5.57637    0.00000    0.00000
 "BT1.SMV10"            6.87290    0.00000    0.00000
 "DRIFT_7"              7.42221    0.00000    0.00000
 "BT2.BTV10"            7.47312    0.00000    0.00000
 "DRIFT_8"              7.81312    0.00000    0.00000
 "BT.VPG11"             8.15312    0.00000    0.00000
 "DRIFT_9"              8.42462    0.00000    0.00000
 "BT2.BPM10.E"          8.69613    0.00000    0.00000
 "DRIFT_2"              8.74963    0.00000    0.00000
 "BT2.BPM10"            8.80313    0.00000    0.00000
 "DRIFT_3"              8.85913    0.00000    0.00000
 "BT2.BPM10.S"          8.91513    0.00000    0.00000
 "DRIFT_10"             9.02763    0.00000    0.00000
 "BT1.QNO10"            9.37314    0.00000    0.00000
 "DRIFT_11"            10.18020    0.00000    0.00000
 "BT2.VVS30"           10.80425    0.00000    0.00000
 "DRIFT_12"            10.99726    0.00000    0.00000
 "BT1.QNO20"           11.37329    0.00000    0.00000
 "DRIFT_13"            12.56259    0.00000    0.00000
 "BT.VGP21"            13.51888    0.00000    0.00000
 "BT.VGR21"            13.51888    0.00000    0.00000
 "BT.VPI22"            13.51888    0.00000    0.00000
 "BT.VPI22A"           13.51888    0.00000    0.00000
 "DRIFT_14"            13.73113    0.00000    0.00000
 "BT1.KFA10"           14.72340    0.00000    0.00000
 "DRIFT_15"            15.70716    0.00000    0.00000
 "BT.BTV20"            15.91091    0.00000    0.00000
 "DRIFT_16"            16.03942    0.00000    0.00000
 "BT2.BVT20"           16.62483    0.00000    0.00000
 "DRIFT_17"            17.21987    0.00000    0.00000
 "BT2.BPM20.E"         17.35800    0.00000    0.00000
 "DRIFT_2"             17.41150    0.00000    0.00000
 "BT2.BPM20"           17.46500    0.00000    0.00000
 "DRIFT_3"             17.52100    0.00000    0.00000
 "BT2.BPM20.S"         17.57700    0.00000    0.00000
 "DRIFT_18"            18.17007    0.00000    0.00000
 "BT2.DVT40"           18.93063    0.00000    0.00000
 "DRIFT_19"            19.59127    0.00000    0.00000
 "BT.VPI23"            20.08441    0.00000    0.00000
 "DRIFT_20"            20.23696    0.00000    0.00000
 "BT2.SMV20"           20.88794    0.00000    0.00000
 "DRIFT_21"            21.42983    0.00000    0.00000
 "BT2.BTV30"           21.47330    0.00000    0.00000
 "DRIFT_22"            21.77230    0.00000    0.00000
 "BT2.QNO30"           22.30430    0.00000    0.00000
 "DRIFT_23"            24.09758    0.00000    0.00000
 "BT.BPM30.E"          25.65785    0.00000    0.00000
 "DRIFT_2"             25.71135    0.00000    0.00000
 "BT.BPM30"            25.76485    0.00000    0.00000
 "DRIFT_3"             25.82085    0.00000    0.00000
 "BT.BPM30.S"          25.87685    0.00000    0.00000
 "DRIFT_24"            26.02335    0.00000    0.00000
 "BT.BCT10"            26.32686    0.00000    0.00000
 "DRIFT_25"            26.59086    0.00000    0.00000
 "BT.DVT50"            26.91587    0.00000   -0.00005
 "DRIFT_26"            27.52097    0.00000   -0.00030
 "BT.VGP23"            27.90808    0.00000   -0.00050
 "BT.VPG22"            27.90808    0.00000   -0.00050
 "DRIFT_27"            28.40624    0.00000   -0.00075
 "BT2.KFA20"           29.68440   -0.00000   -0.00138
 "DRIFT_28"            30.66815   -0.00000   -0.00188
 "BT.BTV40"            30.87190   -0.00000   -0.00198
 "DRIFT_29"            30.94665   -0.00000   -0.00202
 "BT.DVT60"            31.23940   -0.00000   -0.00216
 "DRIFT_30"            31.47688   -0.00000   -0.00228
 "BT.QNO40"            31.72940   -0.00000   -0.00247
 "DRIFT_31"            32.08118   -0.00000   -0.00295
 "BT.BPM40.E"          32.19990   -0.00000   -0.00314
 "DRIFT_2"             32.25340   -0.00000   -0.00322
 "BT.BPM40"            32.30690   -0.00000   -0.00331
 "DRIFT_3"             32.36290   -0.00000   -0.00339
 "BT.BPM40.S"          32.41890   -0.00000   -0.00348
 "DRIFT_32"            32.66215   -0.00000   -0.00386
 "BT.QNO50"            33.09940   -0.00000   -0.00449
 "DRIFT_33"            33.77227   -0.00000   -0.00475
 "BT1.END"             34.25114   -0.00000   -0.00489
 "BT1$END"             34.25114   -0.00000   -0.00489
 "BTP$START"           34.25114   -0.00000   -0.00489
 "BT.BHZ10"            35.01784    0.00000   -0.00512
 "DRIFT_34"            35.99640   -0.00000   -0.00540
 "BTP.VVS10"           36.20826   -0.00000   -0.00544
 "DRIFT_35"            36.25901   -0.00000   -0.00545
 "BTP.STP10"           37.03826   -0.00000   -0.00562
 "DRIFT_36"            37.95326   -0.00000   -0.00582
 "BTP.BPM00.E"         38.13976   -0.00000   -0.00586
 "DRIFT_2"             38.19326   -0.00000   -0.00587
 "BTP.BPM00"           38.24676   -0.00000   -0.00588
 "DRIFT_3"             38.30276   -0.00000   -0.00589
 "BTP.BPM00.S"         38.35876   -0.00000   -0.00590
 "DRIFT_37"            38.58901   -0.00000   -0.00595
 "BTP.DHZ10"           39.03726   -0.00000   -0.00605
 "DRIFT_38"            39.27726   -0.00000   -0.00610
 "BTP.DVT10"           39.51726   -0.00000   -0.00615
 "DRIFT_39"            40.06101   -0.00000   -0.00627
 "BTP.QNO10"           40.61926   -0.00000   -0.00639
 "DRIFT_40"            43.11726   -0.00000   -0.00692
 "BTP.QNO20"           45.61526   -0.00000   -0.00756
 "DRIFT_29"            45.92251   -0.00000   -0.00809
 "BTP.DHZ20"           46.21526   -0.00000   -0.00869
 "DRIFT_41"            46.54726   -0.00000   -0.00937
 "BTP.BPM10.E"         46.66126   -0.00000   -0.00961
 "DRIFT_2"             46.71476   -0.00000   -0.00972
 "BTP.BPM10"           46.76826   -0.00000   -0.00983
 "DRIFT_3"             46.82426   -0.00000   -0.00994
 "BTP.BPM10.S"         46.88026   -0.00000   -0.01006
 "DRIFT_42"            47.08876   -0.00000   -0.01048
 "BTP.DVT20"           47.51526   -0.00000   -0.01136
 "DRIFT_29"            47.80801   -0.00000   -0.01196
 "BTP.QNO30"           48.11526   -0.00000   -0.01244
 "DRIFT_43"            48.77651   -0.00000   -0.01211
 "BTP.VPI11"           49.20526   -0.00000   -0.01180
 "DRIFT_44"            51.19501   -0.00000   -0.01033
 "BTP.QNO40"           53.41726    0.00000   -0.00885
 "DRIFT_45"            53.69951    0.00000   -0.00922
 "BTP.DHZ30"           53.96726    0.00000   -0.00972
 "DRIFT_46"            54.27101    0.00000   -0.01029
 "BTP.BPM20.E"         54.35676    0.00000   -0.01045
 "DRIFT_2"             54.41026    0.00000   -0.01055
 "BTP.BPM20"           54.46376    0.00000   -0.01065
 "DRIFT_3"             54.51976    0.00000   -0.01076
 "BTP.BPM20.S"         54.57576    0.00000   -0.01086
 "DRIFT_47"            54.78001    0.00000   -0.01124
 "BTP.DVT30"           55.20226    0.00000   -0.01203
 "DRIFT_48"            55.55251    0.00000   -0.01269
 "BTP.QNO50"           55.91726    0.00000   -0.01318
 "DRIFT_49"            57.80601    0.00000   -0.01072
 "BTP.VPI12"           59.46226    0.00000   -0.00840
 "DRIFT_50"            59.83556    0.00000   -0.00788
 "BTP.BCT10"           60.43326    0.00000   -0.00704
 "DRIFT_51"            60.71246    0.00000   -0.00665
 "BTP.DVT40"           60.98526    0.00000   -0.00626
 "DRIFT_52"            61.29351    0.00000   -0.00583
 "BTP.QNO60"           61.61626    0.00000   -0.00548
 "DRIFT_53"            61.96551    0.00000   -0.00549
 "BTP.BPM30.E"         62.08226    0.00000   -0.00553
 "DRIFT_2"             62.13576    0.00000   -0.00554
 "BTP.BPM30"           62.18926    0.00000   -0.00556
 "DRIFT_3"             62.24526    0.00000   -0.00558
 "BTP.BPM30.S"         62.30126    0.00000   -0.00559
 "DRIFT_54"            62.44576    0.00000   -0.00564
 "BTP.BTV10"           62.72526    0.00000   -0.00573
 "DRIFT_55"            62.88526    0.00000   -0.00578
 "BTP.VVS20"           62.91026    0.00000   -0.00578
 "DRIFT_56"            63.04676    0.00000   -0.00583
 "BTP.DHZ40"           63.18326    0.00000   -0.00587
 "DRIFT_57"            63.37676    0.00000   -0.00593
 "BTP.DVT50"           63.57026    0.00000   -0.00599
 "DRIFT_58"            63.71208    0.00000   -0.00603
 "STRAY$START"         63.85390    0.00000   -0.00608
 "STRAY1"              63.85390    0.00000   -0.00608
 "DRIFT_59"            63.86390    0.00000   -0.00608
 "STRAY2"              63.87390    0.00000   -0.00608
 "DRIFT_59"            63.88390    0.00000   -0.00609
 "STRAY3"              63.89390    0.00000   -0.00609
 "DRIFT_59"            63.90390    0.00000   -0.00609
 "STRAY4"              63.91390    0.00000   -0.00610
 "DRIFT_59"            63.92390    0.00000   -0.00610
 "STRAY5"              63.93390    0.00000   -0.00610
 "DRIFT_59"            63.94390    0.00000   -0.00611
 "STRAY6"              63.95390    0.00000   -0.00611
 "DRIFT_59"            63.96390    0.00000   -0.00611
 "STRAY7"              63.97390    0.00000   -0.00612
 "DRIFT_59"            63.98390    0.00000   -0.00612
 "STRAY8"              63.99390    0.00000   -0.00612
 "DRIFT_59"            64.00390    0.00000   -0.00613
 "STRAY9"              64.01390    0.00000   -0.00613
 "DRIFT_59"            64.02390    0.00000   -0.00613
 "STRAY10"             64.03390    0.00000   -0.00613
 "DRIFT_59"            64.04390    0.00000   -0.00614
 "STRAY11"             64.05390    0.00000   -0.00614
 "DRIFT_59"            64.06390    0.00000   -0.00614
 "STRAY12"             64.07390    0.00000   -0.00615
 "DRIFT_59"            64.08390    0.00000   -0.00615
 "STRAY13"             64.09390    0.00000   -0.00615
 "DRIFT_59"            64.10390    0.00000   -0.00616
 "STRAY14"             64.11390    0.00000   -0.00616
 "DRIFT_59"            64.12390    0.00000   -0.00616
 "STRAY15"             64.13390    0.00000   -0.00617
 "DRIFT_59"            64.14390    0.00000   -0.00617
 "STRAY16"             64.15390    0.00000   -0.00617
 "DRIFT_59"            64.16390    0.00000   -0.00618
 "STRAY17"             64.17390    0.00000   -0.00618
 "DRIFT_59"            64.18390    0.00000   -0.00618
 "STRAY18"             64.19390    0.00000   -0.00618
 "DRIFT_59"            64.20390    0.00000   -0.00619
 "STRAY19"             64.21390    0.00000   -0.00619
 "DRIFT_59"            64.22390    0.00000   -0.00619
 "STRAY20"             64.23390    0.00000   -0.00620
 "DRIFT_59"            64.24390    0.00000   -0.00620
 "STRAY21"             64.25390    0.00000   -0.00620
 "DRIFT_59"            64.26390    0.00000   -0.00621
 "STRAY22"             64.27390    0.00000   -0.00621
 "DRIFT_59"            64.28390    0.00000   -0.00621
 "STRAY23"             64.29390    0.00000   -0.00622
 "DRIFT_59"            64.30390    0.00000   -0.00622
 "STRAY24"             64.31390    0.00000   -0.00622
 "DRIFT_59"            64.32390    0.00000   -0.00622
 "STRAY25"             64.33390    0.00000   -0.00623
 "DRIFT_59"            64.34390    0.00000   -0.00623
 "STRAY26"             64.35390    0.00000   -0.00623
 "DRIFT_59"            64.36390    0.00000   -0.00624
 "STRAY27"             64.37390    0.00000   -0.00624
 "DRIFT_59"            64.38390    0.00000   -0.00624
 "STRAY28"             64.39390    0.00000   -0.00625
 "DRIFT_59"            64.40390    0.00000   -0.00625
 "STRAY29"             64.41390    0.00000   -0.00625
 "DRIFT_59"            64.42390    0.00000   -0.00626
 "STRAY30"             64.43390    0.00000   -0.00626
 "DRIFT_59"            64.44390    0.00000   -0.00626
 "STRAY31"             64.45390    0.00000   -0.00626
 "DRIFT_59"            64.46390    0.00000   -0.00627
 "STRAY32"             64.47390    0.00000   -0.00627
 "DRIFT_59"            64.48390    0.00000   -0.00627
 "STRAY33"             64.49390    0.00000   -0.00628
 "DRIFT_59"            64.50390    0.00000   -0.00628
 "STRAY34"             64.51390    0.00000   -0.00628
 "DRIFT_59"            64.52390    0.00000   -0.00629
 "STRAY35"             64.53390    0.00000   -0.00629
 "DRIFT_59"            64.54390    0.00000   -0.00629
 "STRAY36"             64.55390    0.00000   -0.00630
 "DRIFT_59"            64.56390    0.00000   -0.00630
 "STRAY37"             64.57390    0.00000   -0.00630
 "DRIFT_59"            64.58390    0.00000   -0.00630
 "STRAY38"             64.59390    0.00000   -0.00631
 "DRIFT_59"            64.60390    0.00000   -0.00631
 "STRAY39"             64.61390    0.00000   -0.00631
 "DRIFT_59"            64.62390    0.00000   -0.00632
 "STRAY40"             64.63390    0.00000   -0.00632
 "DRIFT_59"            64.64390    0.00000   -0.00632
 "STRAY41"             64.65390    0.00000   -0.00633
 "DRIFT_59"            64.66390    0.00000   -0.00633
 "STRAY42"             64.67390    0.00000   -0.00633
 "DRIFT_59"            64.68390    0.00000   -0.00634
 "STRAY43"             64.69390    0.00000   -0.00634
 "DRIFT_59"            64.70390    0.00000   -0.00634
 "STRAY44"             64.71390    0.00000   -0.00634
 "DRIFT_59"            64.72390    0.00000   -0.00635
 "STRAY45"             64.73390    0.00000   -0.00635
 "DRIFT_59"            64.74390    0.00000   -0.00635
 "STRAY46"             64.75390    0.00000   -0.00636
 "DRIFT_59"            64.76390    0.00000   -0.00636
 "STRAY47"             64.77390    0.00000   -0.00636
 "DRIFT_59"            64.78390    0.00000   -0.00637
 "STRAY48"             64.79390    0.00000   -0.00637
 "DRIFT_59"            64.80390    0.00000   -0.00637
 "STRAY49"             64.81390    0.00000   -0.00637
 "DRIFT_59"            64.82390    0.00000   -0.00638
 "STRAY50"             64.83390    0.00000   -0.00638
 "DRIFT_59"            64.84390    0.00000   -0.00638
 "STRAY51"             64.85390    0.00000   -0.00639
 "DRIFT_59"            64.86390    0.00000   -0.00639
 "STRAY52"             64.87390    0.00000   -0.00639
 "DRIFT_59"            64.88390    0.00000   -0.00640
 "STRAY53"             64.89390    0.00000   -0.00640
 "DRIFT_59"            64.90390    0.00000   -0.00640
 "STRAY54"             64.91390    0.00000   -0.00640
 "DRIFT_59"            64.92390    0.00000   -0.00641
 "STRAY55"             64.93390    0.00000   -0.00641
 "DRIFT_59"            64.94390    0.00000   -0.00641
 "STRAY56"             64.95390    0.00000   -0.00642
 "DRIFT_59"            64.96390    0.00000   -0.00642
 "STRAY57"             64.97390    0.00000   -0.00642
 "DRIFT_59"            64.98390    0.00000   -0.00642
 "STRAY58"             64.99390    0.00000   -0.00643
 "DRIFT_59"            65.00390    0.00000   -0.00643
 "STRAY59"             65.01390    0.00000   -0.00643
 "DRIFT_59"            65.02390    0.00000   -0.00644
 "STRAY60"             65.03390    0.00000   -0.00644
 "DRIFT_59"            65.04390    0.00000   -0.00644
 "STRAY61"             65.05390    0.00000   -0.00645
 "DRIFT_59"            65.06390    0.00000   -0.00645
 "STRAY62"             65.07390    0.00000   -0.00645
 "DRIFT_59"            65.08390    0.00000   -0.00645
 "STRAY63"             65.09390    0.00000   -0.00646
 "DRIFT_59"            65.10390    0.00000   -0.00646
 "STRAY64"             65.11390    0.00000   -0.00646
 "DRIFT_59"            65.12390    0.00000   -0.00647
 "STRAY65"             65.13390    0.00000   -0.00647
 "DRIFT_59"            65.14390    0.00000   -0.00647
 "STRAY66"             65.15390    0.00000   -0.00647
 "DRIFT_59"            65.16390    0.00000   -0.00648
 "STRAY67"             65.17390    0.00000   -0.00648
 "DRIFT_59"            65.18390    0.00000   -0.00648
 "STRAY68"             65.19390    0.00000   -0.00649
 "DRIFT_59"            65.20390    0.00000   -0.00649
 "STRAY69"             65.21390    0.00000   -0.00649
 "DRIFT_59"            65.22390    0.00000   -0.00649
 "STRAY70"             65.23390    0.00000   -0.00650
 "DRIFT_59"            65.24390    0.00000   -0.00650
 "STRAY71"             65.25390    0.00000   -0.00650
 "DRIFT_59"            65.26390    0.00000   -0.00651
 "STRAY72"             65.27390    0.00000   -0.00651
 "DRIFT_59"            65.28390    0.00000   -0.00651
 "STRAY73"             65.29390    0.00000   -0.00651
 "DRIFT_59"            65.30390    0.00000   -0.00652
 "STRAY74"             65.31390    0.00000   -0.00652
 "DRIFT_59"            65.32390    0.00000   -0.00652
 "STRAY75"             65.33390    0.00000   -0.00652
 "DRIFT_59"            65.34390    0.00000   -0.00653
 "STRAY76"             65.35390    0.00000   -0.00653
 "DRIFT_59"            65.36390    0.00000   -0.00653
 "STRAY77"             65.37390    0.00000   -0.00654
 "DRIFT_59"            65.38390    0.00000   -0.00654
 "STRAY78"             65.39390    0.00000   -0.00654
 "DRIFT_59"            65.40390    0.00000   -0.00654
 "STRAY79"             65.41390    0.00000   -0.00655
 "DRIFT_59"            65.42390    0.00000   -0.00655
 "STRAY80"             65.43390    0.00000   -0.00655
 "DRIFT_59"            65.44390    0.00000   -0.00655
 "STRAY81"             65.45390    0.00000   -0.00656
 "DRIFT_59"            65.46390    0.00000   -0.00656
 "STRAY82"             65.47390    0.00000   -0.00656
 "DRIFT_59"            65.48390    0.00000   -0.00657
 "STRAY83"             65.49390    0.00000   -0.00657
 "DRIFT_59"            65.50390    0.00000   -0.00657
 "STRAY84"             65.51390    0.00000   -0.00657
 "DRIFT_59"            65.52390    0.00000   -0.00658
 "STRAY85"             65.53390    0.00000   -0.00658
 "DRIFT_59"            65.54390    0.00000   -0.00658
 "STRAY86"             65.55390    0.00000   -0.00658
 "DRIFT_59"            65.56390    0.00000   -0.00659
 "STRAY87"             65.57390    0.00000   -0.00659
 "DRIFT_59"            65.58390    0.00000   -0.00659
 "STRAY88"             65.59390    0.00000   -0.00659
 "DRIFT_59"            65.60390    0.00000   -0.00660
 "STRAY89"             65.61390    0.00000   -0.00660
 "DRIFT_59"            65.62390    0.00000   -0.00660
 "STRAY90"             65.63390    0.00000   -0.00660
 "DRIFT_59"            65.64390    0.00000   -0.00661
 "STRAY91"             65.65390    0.00000   -0.00661
 "DRIFT_59"            65.66390    0.00000   -0.00661
 "STRAY92"             65.67390    0.00000   -0.00661
 "DRIFT_59"            65.68390    0.00000   -0.00662
 "STRAY93"             65.69390    0.00000   -0.00662
 "DRIFT_59"            65.70390    0.00000   -0.00662
 "STRAY94"             65.71390    0.00000   -0.00662
 "DRIFT_59"            65.72390    0.00000   -0.00663
 "STRAY95"             65.73390    0.00000   -0.00663
 "DRIFT_59"            65.74390    0.00000   -0.00663
 "STRAY96"             65.75390    0.00000   -0.00663
 "DRIFT_59"            65.76390    0.00000   -0.00664
 "STRAY97"             65.77390    0.00000   -0.00664
 "DRIFT_59"            65.78390    0.00000   -0.00664
 "STRAY98"             65.79390    0.00000   -0.00664
 "DRIFT_59"            65.80390    0.00000   -0.00665
 "STRAY99"             65.81390    0.00000   -0.00665
 "DRIFT_59"            65.82390    0.00000   -0.00665
 "STRAY100"            65.83390    0.00000   -0.00665
 "DRIFT_59"            65.84390    0.00000   -0.00666
 "STRAY101"            65.85390    0.00000   -0.00666
 "DRIFT_59"            65.86390    0.00000   -0.00666
 "STRAY102"            65.87390    0.00000   -0.00666
 "DRIFT_59"            65.88390    0.00000   -0.00666
 "STRAY103"            65.89390    0.00000   -0.00667
 "DRIFT_59"            65.90390    0.00000   -0.00667
 "STRAY104"            65.91390    0.00000   -0.00667
 "DRIFT_59"            65.92390    0.00000   -0.00667
 "STRAY105"            65.93390    0.00000   -0.00668
 "DRIFT_59"            65.94390    0.00000   -0.00668
 "STRAY106"            65.95390    0.00000   -0.00668
 "DRIFT_59"            65.96390    0.00000   -0.00668
 "STRAY107"            65.97390    0.00000   -0.00668
 "DRIFT_59"            65.98390    0.00000   -0.00669
 "STRAY108"            65.99390    0.00000   -0.00669
 "DRIFT_59"            66.00390    0.00000   -0.00669
 "STRAY109"            66.01390    0.00000   -0.00669
 "DRIFT_59"            66.02390    0.00000   -0.00669
 "STRAY110"            66.03390    0.00000   -0.00670
 "DRIFT_59"            66.04390    0.00000   -0.00670
 "STRAY111"            66.05390    0.00000   -0.00670
 "DRIFT_59"            66.06390    0.00000   -0.00670
 "STRAY112"            66.07390    0.00000   -0.00670
 "DRIFT_59"            66.08390    0.00000   -0.00671
 "STRAY113"            66.09390    0.00000   -0.00671
 "DRIFT_59"            66.10390    0.00000   -0.00671
 "STRAY114"            66.11390    0.00000   -0.00671
 "DRIFT_59"            66.12390    0.00000   -0.00671
 "STRAY115"            66.13390    0.00000   -0.00672
 "DRIFT_59"            66.14390    0.00000   -0.00672
 "STRAY116"            66.15390    0.00000   -0.00672
 "DRIFT_59"            66.16390    0.00000   -0.00672
 "STRAY117"            66.17390    0.00000   -0.00672
 "DRIFT_59"            66.18390    0.00000   -0.00673
 "STRAY118"            66.19390    0.00000   -0.00673
 "DRIFT_59"            66.20390    0.00000   -0.00673
 "STRAY119"            66.21390    0.00000   -0.00673
 "DRIFT_59"            66.22390    0.00000   -0.00673
 "STRAY120"            66.23390    0.00000   -0.00673
 "DRIFT_59"            66.24390    0.00000   -0.00674
 "STRAY121"            66.25390    0.00000   -0.00674
 "DRIFT_59"            66.26390    0.00000   -0.00674
 "STRAY122"            66.27390    0.00000   -0.00674
 "DRIFT_59"            66.28390    0.00000   -0.00674
 "STRAY123"            66.29390    0.00000   -0.00675
 "DRIFT_59"            66.30390    0.00000   -0.00675
 "STRAY124"            66.31390    0.00000   -0.00675
 "DRIFT_59"            66.32390    0.00000   -0.00675
 "STRAY125"            66.33390    0.00000   -0.00675
 "DRIFT_59"            66.34390    0.00000   -0.00675
 "STRAY126"            66.35390    0.00000   -0.00676
 "DRIFT_59"            66.36390    0.00000   -0.00676
 "STRAY127"            66.37390    0.00000   -0.00676
 "DRIFT_59"            66.38390    0.00000   -0.00676
 "STRAY128"            66.39390    0.00000   -0.00676
 "DRIFT_59"            66.40390    0.00000   -0.00676
 "STRAY129"            66.41390    0.00000   -0.00676
 "DRIFT_59"            66.42390    0.00000   -0.00677
 "STRAY130"            66.43390    0.00000   -0.00677
 "DRIFT_59"            66.44390    0.00000   -0.00677
 "STRAY131"            66.45390    0.00000   -0.00677
 "DRIFT_59"            66.46390    0.00000   -0.00677
 "STRAY132"            66.47390    0.00000   -0.00677
 "DRIFT_59"            66.48390    0.00001   -0.00678
 "STRAY133"            66.49390    0.00001   -0.00678
 "DRIFT_59"            66.50390    0.00001   -0.00678
 "STRAY134"            66.51390    0.00001   -0.00678
 "DRIFT_59"            66.52390    0.00001   -0.00678
 "STRAY135"            66.53390    0.00001   -0.00678
 "DRIFT_59"            66.54390    0.00001   -0.00678
 "STRAY136"            66.55390    0.00001   -0.00679
 "DRIFT_59"            66.56390    0.00001   -0.00679
 "STRAY137"            66.57390    0.00001   -0.00679
 "DRIFT_59"            66.58390    0.00001   -0.00679
 "STRAY138"            66.59390    0.00001   -0.00679
 "DRIFT_59"            66.60390    0.00001   -0.00679
 "STRAY139"            66.61390    0.00001   -0.00679
 "DRIFT_59"            66.62390    0.00001   -0.00679
 "STRAY140"            66.63390    0.00001   -0.00680
 "DRIFT_59"            66.64390    0.00001   -0.00680
 "STRAY141"            66.65390    0.00001   -0.00680
 "DRIFT_59"            66.66390    0.00001   -0.00680
 "STRAY142"            66.67390    0.00001   -0.00680
 "DRIFT_59"            66.68390    0.00001   -0.00680
 "STRAY143"            66.69390    0.00001   -0.00680
 "DRIFT_59"            66.70390    0.00001   -0.00680
 "STRAY144"            66.71390    0.00001   -0.00681
 "DRIFT_59"            66.72390    0.00001   -0.00681
 "STRAY145"            66.73390    0.00001   -0.00681
 "DRIFT_59"            66.74390    0.00001   -0.00681
 "STRAY146"            66.75390    0.00001   -0.00681
 "DRIFT_59"            66.76390    0.00001   -0.00681
 "STRAY147"            66.77390    0.00001   -0.00681
 "DRIFT_59"            66.78390    0.00001   -0.00681
 "STRAY148"            66.79390    0.00001   -0.00681
 "DRIFT_59"            66.80390    0.00001   -0.00682
 "STRAY149"            66.81390    0.00001   -0.00682
 "DRIFT_59"            66.82390    0.00001   -0.00682
 "STRAY150"            66.83390    0.00001   -0.00682
 "DRIFT_59"            66.84390    0.00001   -0.00682
 "STRAY151"            66.85390    0.00001   -0.00682
 "DRIFT_59"            66.86390    0.00001   -0.00682
 "STRAY152"            66.87390    0.00001   -0.00682
 "DRIFT_59"            66.88390    0.00001   -0.00682
 "STRAY153"            66.89390    0.00001   -0.00682
 "DRIFT_59"            66.90390    0.00001   -0.00683
 "STRAY154"            66.91390    0.00001   -0.00683
 "DRIFT_59"            66.92390    0.00001   -0.00683
 "STRAY155"            66.93390    0.00001   -0.00683
 "DRIFT_59"            66.94390    0.00001   -0.00683
 "STRAY156"            66.95390    0.00001   -0.00683
 "DRIFT_59"            66.96390    0.00001   -0.00683
 "STRAY157"            66.97390    0.00001   -0.00683
 "DRIFT_59"            66.98390    0.00001   -0.00683
 "STRAY158"            66.99390    0.00001   -0.00683
 "DRIFT_59"            67.00390    0.00001   -0.00683
 "STRAY159"            67.01390    0.00001   -0.00683
 "DRIFT_59"            67.02390    0.00001   -0.00684
 "STRAY160"            67.03390    0.00001   -0.00684
 "DRIFT_59"            67.04390    0.00001   -0.00684
 "STRAY161"            67.05390    0.00001   -0.00684
 "DRIFT_59"            67.06390    0.00001   -0.00684
 "STRAY162"            67.07390    0.00001   -0.00684
 "DRIFT_59"            67.08390    0.00001   -0.00684
 "STRAY163"            67.09390    0.00001   -0.00684
 "DRIFT_59"            67.10390    0.00001   -0.00684
 "STRAY164"            67.11390    0.00001   -0.00684
 "DRIFT_59"            67.12390    0.00001   -0.00684
 "STRAY165"            67.13390    0.00001   -0.00684
 "DRIFT_59"            67.14390    0.00001   -0.00684
 "STRAY166"            67.15390    0.00001   -0.00684
 "DRIFT_59"            67.16390    0.00001   -0.00684
 "STRAY167"            67.17390    0.00001   -0.00684
 "DRIFT_59"            67.18390    0.00001   -0.00684
 "STRAY168"            67.19390    0.00001   -0.00685
 "DRIFT_59"            67.20390    0.00001   -0.00685
 "STRAY169"            67.21390    0.00001   -0.00685
 "DRIFT_59"            67.22390    0.00001   -0.00685
 "STRAY170"            67.23390    0.00001   -0.00685
 "DRIFT_59"            67.24390    0.00001   -0.00685
 "STRAY171"            67.25390    0.00001   -0.00685
 "DRIFT_59"            67.26390    0.00001   -0.00685
 "STRAY172"            67.27390    0.00001   -0.00685
 "DRIFT_59"            67.28390    0.00001   -0.00685
 "STRAY173"            67.29390    0.00001   -0.00685
 "DRIFT_59"            67.30390    0.00001   -0.00685
 "STRAY174"            67.31390    0.00001   -0.00685
 "DRIFT_59"            67.32390    0.00001   -0.00685
 "STRAY175"            67.33390    0.00001   -0.00685
 "DRIFT_59"            67.34390    0.00001   -0.00685
 "STRAY176"            67.35390    0.00001   -0.00685
 "DRIFT_59"            67.36390    0.00001   -0.00685
 "STRAY177"            67.37390    0.00001   -0.00685
 "DRIFT_59"            67.38390    0.00001   -0.00685
 "STRAY178"            67.39390    0.00001   -0.00685
 "DRIFT_59"            67.40390    0.00001   -0.00685
 "STRAY179"            67.41390    0.00001   -0.00685
 "DRIFT_59"            67.42390    0.00001   -0.00685
 "STRAY180"            67.43390    0.00001   -0.00685
 "DRIFT_59"            67.44390    0.00001   -0.00685
 "STRAY181"            67.45390    0.00001   -0.00685
 "DRIFT_59"            67.46390    0.00001   -0.00685
 "STRAY182"            67.47390    0.00001   -0.00685
 "DRIFT_59"            67.48390    0.00001   -0.00685
 "STRAY183"            67.49390    0.00001   -0.00685
 "DRIFT_59"            67.50390    0.00001   -0.00685
 "STRAY184"            67.51390    0.00001   -0.00685
 "DRIFT_59"            67.52390    0.00001   -0.00685
 "STRAY185"            67.53390    0.00001   -0.00685
 "DRIFT_59"            67.54390    0.00001   -0.00685
 "STRAY186"            67.55390    0.00001   -0.00685
 "DRIFT_59"            67.56390    0.00001   -0.00685
 "STRAY187"            67.57390    0.00001   -0.00685
 "DRIFT_59"            67.58390    0.00001   -0.00685
 "STRAY188"            67.59390    0.00001   -0.00685
 "DRIFT_59"            67.60390    0.00001   -0.00685
 "STRAY189"            67.61390    0.00001   -0.00685
 "DRIFT_59"            67.62390    0.00001   -0.00685
 "STRAY190"            67.63390    0.00001   -0.00685
 "DRIFT_59"            67.64390    0.00001   -0.00685
 "STRAY191"            67.65390    0.00001   -0.00685
 "DRIFT_59"            67.66390    0.00001   -0.00685
 "STRAY192"            67.67390    0.00001   -0.00685
 "DRIFT_59"            67.68390    0.00001   -0.00685
 "STRAY193"            67.69390    0.00001   -0.00685
 "DRIFT_59"            67.70390    0.00001   -0.00685
 "STRAY194"            67.71390    0.00001   -0.00685
 "DRIFT_59"            67.72390    0.00001   -0.00685
 "STRAY195"            67.73390    0.00001   -0.00684
 "DRIFT_59"            67.74390    0.00001   -0.00684
 "STRAY196"            67.75390    0.00001   -0.00684
 "DRIFT_59"            67.76390    0.00001   -0.00684
 "STRAY197"            67.77390    0.00001   -0.00684
 "DRIFT_59"            67.78390    0.00001   -0.00684
 "STRAY198"            67.79390    0.00001   -0.00684
 "DRIFT_59"            67.80390    0.00001   -0.00684
 "STRAY199"            67.81390    0.00001   -0.00684
 "DRIFT_59"            67.82390    0.00001   -0.00684
 "STRAY200"            67.83390    0.00001   -0.00684
 "DRIFT_59"            67.84390    0.00001   -0.00684
 "STRAY201"            67.85390    0.00001   -0.00684
 "DRIFT_59"            67.86390    0.00002   -0.00684
 "STRAY202"            67.87390    0.00002   -0.00684
 "DRIFT_59"            67.88390    0.00002   -0.00684
 "STRAY203"            67.89390    0.00002   -0.00683
 "DRIFT_59"            67.90390    0.00002   -0.00683
 "STRAY204"            67.91390    0.00002   -0.00683
 "DRIFT_59"            67.92390    0.00002   -0.00683
 "STRAY205"            67.93390    0.00002   -0.00683
 "DRIFT_59"            67.94390    0.00002   -0.00683
 "STRAY206"            67.95390    0.00002   -0.00683
 "DRIFT_59"            67.96390    0.00002   -0.00683
 "STRAY207"            67.97390    0.00002   -0.00683
 "DRIFT_59"            67.98390    0.00002   -0.00683
 "STRAY208"            67.99390    0.00002   -0.00682
 "DRIFT_59"            68.00390    0.00002   -0.00682
 "STRAY209"            68.01390    0.00002   -0.00682
 "DRIFT_59"            68.02390    0.00002   -0.00682
 "STRAY210"            68.03390    0.00002   -0.00682
 "DRIFT_59"            68.04390    0.00002   -0.00682
 "STRAY211"            68.05390    0.00002   -0.00682
 "DRIFT_59"            68.06390    0.00002   -0.00682
 "STRAY212"            68.07390    0.00002   -0.00682
 "DRIFT_59"            68.08390    0.00002   -0.00681
 "STRAY213"            68.09390    0.00002   -0.00681
 "DRIFT_59"            68.10390    0.00002   -0.00681
 "STRAY214"            68.11390    0.00002   -0.00681
 "DRIFT_59"            68.12390    0.00002   -0.00681
 "STRAY215"            68.13390    0.00002   -0.00681
 "DRIFT_59"            68.14390    0.00002   -0.00681
 "STRAY216"            68.15390    0.00002   -0.00681
 "DRIFT_59"            68.16390    0.00002   -0.00680
 "STRAY217"            68.17390    0.00002   -0.00680
 "DRIFT_59"            68.18390    0.00002   -0.00680
 "STRAY218"            68.19390    0.00002   -0.00680
 "DRIFT_59"            68.20390    0.00002   -0.00680
 "STRAY219"            68.21390    0.00002   -0.00680
 "DRIFT_59"            68.22390    0.00002   -0.00679
 "STRAY220"            68.23390    0.00002   -0.00679
 "DRIFT_59"            68.24390    0.00002   -0.00679
 "STRAY221"            68.25390    0.00002   -0.00679
 "DRIFT_59"            68.26390    0.00002   -0.00679
 "STRAY222"            68.27390    0.00002   -0.00679
 "DRIFT_59"            68.28390    0.00002   -0.00678
 "STRAY223"            68.29390    0.00002   -0.00678
 "DRIFT_59"            68.30390    0.00002   -0.00678
 "STRAY224"            68.31390    0.00002   -0.00678
 "DRIFT_59"            68.32390    0.00002   -0.00678
 "STRAY225"            68.33390    0.00002   -0.00678
 "DRIFT_59"            68.34390    0.00002   -0.00677
 "STRAY226"            68.35390    0.00002   -0.00677
 "DRIFT_59"            68.36390    0.00002   -0.00677
 "STRAY227"            68.37390    0.00002   -0.00677
 "DRIFT_59"            68.38390    0.00002   -0.00677
 "STRAY228"            68.39390    0.00002   -0.00676
 "DRIFT_59"            68.40390    0.00002   -0.00676
 "STRAY229"            68.41390    0.00002   -0.00676
 "DRIFT_59"            68.42390    0.00002   -0.00676
 "STRAY230"            68.43390    0.00002   -0.00676
 "DRIFT_59"            68.44390    0.00002   -0.00675
 "STRAY231"            68.45390    0.00002   -0.00675
 "DRIFT_59"            68.46390    0.00002   -0.00675
 "STRAY232"            68.47390    0.00002   -0.00675
 "DRIFT_59"            68.48390    0.00002   -0.00675
 "STRAY233"            68.49390    0.00002   -0.00674
 "DRIFT_59"            68.50390    0.00002   -0.00674
 "STRAY234"            68.51390    0.00002   -0.00674
 "DRIFT_59"            68.52390    0.00002   -0.00674
 "STRAY235"            68.53390    0.00002   -0.00674
 "DRIFT_59"            68.54390    0.00002   -0.00673
 "STRAY236"            68.55390    0.00002   -0.00673
 "DRIFT_59"            68.56390    0.00002   -0.00673
 "STRAY237"            68.57390    0.00002   -0.00673
 "DRIFT_59"            68.58390    0.00002   -0.00673
 "STRAY238"            68.59390    0.00002   -0.00672
 "DRIFT_59"            68.60390    0.00002   -0.00672
 "STRAY239"            68.61390    0.00002   -0.00672
 "DRIFT_59"            68.62390    0.00002   -0.00672
 "STRAY240"            68.63390    0.00002   -0.00672
 "DRIFT_59"            68.64390    0.00002   -0.00671
 "STRAY241"            68.65390    0.00002   -0.00671
 "DRIFT_59"            68.66390    0.00002   -0.00671
 "STRAY242"            68.67390    0.00002   -0.00671
 "DRIFT_59"            68.68390    0.00002   -0.00671
 "STRAY243"            68.69390    0.00002   -0.00670
 "DRIFT_59"            68.70390    0.00003   -0.00670
 "STRAY244"            68.71390    0.00003   -0.00670
 "STRAY$END"           68.71390    0.00003   -0.00670
 "DRIFT_60"            68.85820    0.00003   -0.00667
 "PI.SMH42"            69.31251    0.00003   -0.00658
 "DRIFT_61"            69.67004    0.00004   -0.00650
 "POINTS"              69.71757    0.00004   -0.00649
 "BTP$END"             69.71757    0.00004   -0.00649
 "BT1BTP$END"          69.71757    0.00004   -0.00649
