@ NAME             %05s "TWISS"
@ TYPE             %05s "TWISS"
@ SEQUENCE         %06s "BT3BTM"
@ PARTICLE         %06s "PROTON"
@ MASS             %le     0.93827
@ CHARGE           %le     1.00000
@ ENERGY           %le     2.33665
@ PC               %le     2.14000
@ GAMMA            %le     2.49038
@ KBUNCH           %le     1.00000
@ BCURRENT         %le     0.00000
@ SIGE             %le     0.00000
@ SIGT             %le     0.00000
@ NPART            %le     0.00000
@ EX               %le     1.00000
@ EY               %le     1.00000
@ ET               %le     1.00000
@ LENGTH           %le    74.22946
@ ALFA             %le     0.00000
@ ORBIT5           %le    -0.00000
@ GAMMATR          %le     0.00000
@ Q1               %le     1.28498
@ Q2               %le     1.08366
@ DQ1              %le     0.00000
@ DQ2              %le     0.00000
@ DXMAX            %le    12.99921
@ DYMAX            %le     0.20079
@ XCOMAX           %le     0.00000
@ YCOMAX           %le     0.02468
@ BETXMAX          %le   183.91127
@ BETYMAX          %le   563.92719
@ XCORMS           %le     0.00000
@ YCORMS           %le     0.00482
@ DXRMS            %le     2.72031
@ DYRMS            %le     0.04311
@ DELTAP           %le     0.00000
@ SYNCH_1          %le     0.00000
@ SYNCH_2          %le     0.00000
@ SYNCH_3          %le     0.00000
@ SYNCH_4          %le     0.00000
@ SYNCH_5          %le     0.00000
@ TITLE            %39s "BT line and BTM line. Protons - 1.4 GeV"
@ ORIGIN           %16s "5.02.05 Linux 64"
@ DATE             %08s "28/05/15"
@ TIME             %08s "16.59.56"
* NAME                        S          X          Y 
$ %s                        %le        %le        %le 
 "BT3BTM$START"         0.00000    0.00000    0.00000
 "BT3$START"            0.00000    0.00000    0.00000
 "BT3.START"            0.00000    0.00000    0.00000
 "DRIFT_0"              1.30035    0.00000    0.00000
 "BT3.DVT10"            2.80260    0.00000    0.00000
 "DRIFT_1"              3.40006    0.00000    0.00000
 "BT3.BPM00.E"          3.79561    0.00000    0.00000
 "DRIFT_2"              3.84911    0.00000    0.00000
 "BT3.BPM00"            3.90261    0.00000    0.00000
 "DRIFT_3"              3.95861    0.00000    0.00000
 "BT3.BPM00.S"          4.01461    0.00000    0.00000
 "DRIFT_4"              4.15486    0.00000    0.00000
 "BT3.DHZ10"            4.46262    0.00000    0.00000
 "DRIFT_5"              4.72737    0.00000    0.00000
 "BT3.VVS10"            4.87462    0.00000    0.00000
 "DRIFT_6"              5.19067    0.00000    0.00000
 "BT3.DVT20"            5.65863    0.00000    0.00000
 "DRIFT_7"              6.09560    0.00000    0.00000
 "BT3.SMV10"            6.86265    0.00000    0.00000
 "DRIFT_8"              7.42865    0.00000    0.00000
 "BT3.BTV10"            7.46266    0.00000    0.00000
 "DRIFT_9"              7.80266    0.00000    0.00000
 "BT.VPG11"             8.14267    0.00000    0.00000
 "DRIFT_10"             8.41417    0.00000    0.00000
 "BT3.BPM10.E"          8.68568    0.00000    0.00000
 "DRIFT_2"              8.73918    0.00000    0.00000
 "BT3.BPM10"            8.79268    0.00000    0.00000
 "DRIFT_3"              8.84868    0.00000    0.00000
 "BT3.BPM10.S"          8.90468    0.00000    0.00000
 "DRIFT_11"             9.01718    0.00000    0.00000
 "BT3.QNO10"            9.36269    0.00000    0.00000
 "DRIFT_12"             9.77269    0.00000    0.00000
 "BT3.VVS20"            9.99969    0.00000    0.00000
 "DRIFT_13"            10.39669    0.00000    0.00000
 "BT3.VVS30"           10.79370    0.00000    0.00000
 "DRIFT_14"            10.98670    0.00000    0.00000
 "BT3.QNO20"           11.36270    0.00000    0.00000
 "DRIFT_15"            12.55195    0.00000    0.00000
 "BT.VGP21"            13.50820    0.00000    0.00000
 "BT.VGR21"            13.50820    0.00000    0.00000
 "BT.VPI22"            13.50820    0.00000    0.00000
 "BT.VPI22A"           13.50820    0.00000    0.00000
 "DRIFT_16"            13.72045    0.00000    0.00000
 "BT3.KFA10"           14.71270    0.00000    0.00000
 "DRIFT_17"            15.69645    0.00000    0.00000
 "BT.BTV20"            15.90020    0.00000    0.00000
 "DRIFT_18"            16.04770    0.00000    0.00000
 "BT3.DVT30"           16.36270    0.00000    0.00000
 "DRIFT_19"            16.90870    0.00000    0.00000
 "BT3.BPM20.E"         17.28720    0.00000    0.00000
 "DRIFT_2"             17.34070    0.00000    0.00000
 "BT3.BPM20"           17.39420    0.00000    0.00000
 "DRIFT_3"             17.45020    0.00000    0.00000
 "BT3.BPM20.S"         17.50620    0.00000    0.00000
 "DRIFT_20"            18.35846    0.00000    0.00000
 "BT3.DVT40"           19.41261    0.00000    0.00000
 "DRIFT_21"            19.83956    0.00000    0.00000
 "BT.VPI23"            20.06461    0.00000    0.00000
 "DRIFT_22"            20.19967    0.00000    0.00000
 "BT3.SMV20"           20.86672    0.00000    0.00000
 "DRIFT_23"            21.42522    0.00000    0.00000
 "BT3.BTV30"           21.45172    0.00000    0.00000
 "BT.VPI23B"           21.45172    0.00000    0.00000
 "DRIFT_24"            21.75072    0.00000    0.00000
 "BT3.QNO30"           22.28272    0.00000    0.00000
 "DRIFT_25"            24.07597    0.00000    0.00000
 "BT.BPM30.E"          25.63622    0.00000    0.00000
 "DRIFT_2"             25.68972    0.00000    0.00000
 "BT.BPM30"            25.74322    0.00000    0.00000
 "DRIFT_3"             25.79922    0.00000    0.00000
 "BT.BPM30.S"          25.85522    0.00000    0.00000
 "DRIFT_26"            26.00172    0.00000    0.00000
 "BT.BCT10"            26.30522    0.00000    0.00000
 "DRIFT_27"            26.56922    0.00000    0.00000
 "BT.DVT50"            26.89422    0.00000    0.00000
 "DRIFT_28"            27.49932    0.00000    0.00000
 "BT.VGP23"            27.88642    0.00000    0.00000
 "BT.VPG22"            27.88642    0.00000    0.00000
 "DRIFT_29"            28.38457    0.00000    0.00000
 "BT3.KFA20"           29.66272    0.00000    0.00000
 "DRIFT_17"            30.64647    0.00000    0.00000
 "BT.BTV40"            30.85022    0.00000    0.00000
 "DRIFT_30"            30.92497    0.00000    0.00000
 "BT.DVT60"            31.21772    0.00000    0.00000
 "DRIFT_31"            31.45520    0.00000    0.00000
 "BT.QNO40"            31.70772    0.00000    0.00000
 "DRIFT_32"            32.05950    0.00000    0.00000
 "BT.BPM40.E"          32.17822    0.00000    0.00000
 "DRIFT_2"             32.23172    0.00000    0.00000
 "BT.BPM40"            32.28522    0.00000    0.00000
 "DRIFT_3"             32.34122    0.00000    0.00000
 "BT.BPM40.S"          32.39722    0.00000    0.00000
 "DRIFT_33"            32.64047    0.00000    0.00000
 "BT.QNO50"            33.07772    0.00000    0.00000
 "DRIFT_34"            33.75059    0.00000    0.00000
 "BT3.END"             34.22946    0.00000    0.00000
 "BT3$END"             34.22946    0.00000    0.00000
 "BTM$START"           34.22946    0.00000    0.00000
 "BTM_1$START"         34.22946    0.00000    0.00000
 "BT.BHZ10"            34.99637    0.00000    0.00000
 "DRIFT_35"            36.30004    0.00000    0.00000
 "BTM.VVS10"           36.83678    0.00000    0.00000
 "DRIFT_36"            37.00323    0.00000    0.00000
 "BTM.BTV10"           37.16968    0.00000    0.00000
 "DRIFT_37"            37.32193    0.00000    0.00000
 "BTM.QNO05"           37.75418    0.00000    0.00000
 "DRIFT_38"            38.25233    0.00000    0.00000
 "BTM_1$END"           38.47047    0.00000    0.00000
 "BTM_2$START"         38.47047    0.00000    0.00000
 "BTM.BHZ10"           39.64598    0.00000    0.00000
 "DRIFT_39"            40.99514    0.00000    0.00000
 "BTM.QNO10"           41.44878    0.00000    0.00000
 "DRIFT_40"            41.88153    0.00000    0.00000
 "BTM.DVT10"           42.18428    0.00000   -0.00004
 "DRIFT_41"            42.41628    0.00000   -0.00012
 "BTM.DHZ10"           42.64828    0.00000   -0.00023
 "DRIFT_42"            42.92528    0.00000   -0.00037
 "BTM.QNO20"           43.33228    0.00000   -0.00059
 "DRIFT_43"            43.74628    0.00000   -0.00089
 "BTM.BPM00"           43.88028    0.00000   -0.00099
 "DRIFT_44"            44.07103    0.00000   -0.00114
 "BTM.BTV15"           44.26178    0.00000   -0.00129
 "DRIFT_45"            44.36178    0.00000   -0.00137
 "BTM.VPI11"           44.46178    0.00000   -0.00145
 "DRIFT_46"            44.76120    0.00000   -0.00168
 "BTY.BVT101"          45.63278    0.00000   -0.00236
 "DRIFT_47"            46.62937    0.00000   -0.00314
 "BTM.VPI11A"          47.05378    0.00000   -0.00347
 "DRIFT_48"            47.39578    0.00000   -0.00374
 "BTM.BSGH01"          47.73778    0.00000   -0.00401
 "BTM.BSGV01"          47.73778    0.00000   -0.00401
 "DRIFT_49"            48.98778    0.00000   -0.00498
 "BTM.BSGH02"          50.23778    0.00000   -0.00596
 "BTM.BSGV02"          50.23778    0.00000   -0.00596
 "DRIFT_50"            50.63153    0.00000   -0.00626
 "BTM.BPM10"           51.02528    0.00000   -0.00657
 "DRIFT_51"            51.54853    0.00000   -0.00698
 "BTM.BTV20"           52.07178    0.00000   -0.00739
 "DRIFT_52"            52.40478    0.00000   -0.00765
 "BTM.BSGH03"          52.73778    0.00000   -0.00791
 "BTM.BSGV03"          52.73778    0.00000   -0.00791
 "DRIFT_53"            52.87378    0.00000   -0.00801
 "BTM.BCT10"           53.00978    0.00000   -0.00812
 "DRIFT_54"            56.40353    0.00000   -0.01077
 "BTM.TDU10"           59.79728    0.00000   -0.01342
 "DRIFT_55"            62.13387    0.00000   -0.01524
 "BTM_2$END"           64.47047    0.00000   -0.01707
 "DRIFT_56"            69.34996    0.00000   -0.02088
 "BTM$END"             74.22946    0.00000   -0.02468
 "BT3BTM$END"          74.22946    0.00000   -0.02468
