@ NAME             %05s "TWISS"
@ TYPE             %05s "TWISS"
@ SEQUENCE         %06s "BT1BTM"
@ PARTICLE         %06s "PROTON"
@ MASS             %le     0.93827
@ CHARGE           %le     1.00000
@ ENERGY           %le     2.33665
@ PC               %le     2.14000
@ GAMMA            %le     2.49038
@ KBUNCH           %le     1.00000
@ BCURRENT         %le     0.00000
@ SIGE             %le     0.00000
@ SIGT             %le     0.00000
@ NPART            %le     0.00000
@ EX               %le     1.00000
@ EY               %le     1.00000
@ ET               %le     1.00000
@ LENGTH           %le    74.25114
@ ALFA             %le     0.00000
@ ORBIT5           %le    -0.00000
@ GAMMATR          %le     0.00000
@ Q1               %le     1.31417
@ Q2               %le     1.08486
@ DQ1              %le     0.00000
@ DQ2              %le     0.00000
@ DXMAX            %le    13.53283
@ DYMAX            %le     3.72509
@ XCOMAX           %le     0.00002
@ YCOMAX           %le     0.00705
@ BETXMAX          %le   136.43590
@ BETYMAX          %le   566.30326
@ XCORMS           %le     0.00000
@ YCORMS           %le     0.00192
@ DXRMS            %le     2.87180
@ DYRMS            %le     0.79520
@ DELTAP           %le     0.00000
@ SYNCH_1          %le     0.00000
@ SYNCH_2          %le     0.00000
@ SYNCH_3          %le     0.00000
@ SYNCH_4          %le     0.00000
@ SYNCH_5          %le     0.00000
@ TITLE            %39s "BT line and BTM line. Protons - 1.4 GeV"
@ ORIGIN           %16s "5.02.05 Linux 64"
@ DATE             %08s "28/05/15"
@ TIME             %08s "16.59.56"
* NAME                        S          X          Y 
$ %s                        %le        %le        %le 
 "BT1BTM$START"         0.00000    0.00000    0.00000
 "BT1$START"            0.00000    0.00000    0.00000
 "BT1.START"            0.00000    0.00000    0.00000
 "DRIFT_0"              1.27482    0.00000    0.00000
 "BT1.BVT10"            3.00305    0.00000    0.00000
 "DRIFT_1"              3.60708    0.00000    0.00000
 "BT1.BPM00.E"          3.75770    0.00000    0.00000
 "DRIFT_2"              3.81120    0.00000    0.00000
 "BT1.BPM00"            3.86470    0.00000    0.00000
 "DRIFT_3"              3.92070    0.00000    0.00000
 "BT1.BPM00.S"          3.97670    0.00000    0.00000
 "DRIFT_4"              4.13783    0.00000    0.00000
 "BT1.DHZ10"            4.46647    0.00000    0.00000
 "DRIFT_5"              4.65611    0.00000    0.00000
 "BT1.VVS10"            4.72824    0.00000    0.00000
 "DRIFT_6"              5.57637    0.00000    0.00000
 "BT1.SMV10"            6.87290    0.00000    0.00000
 "DRIFT_7"              7.42221    0.00000    0.00000
 "BT2.BTV10"            7.47312    0.00000    0.00000
 "DRIFT_8"              7.81312    0.00000    0.00000
 "BT.VPG11"             8.15312    0.00000    0.00000
 "DRIFT_9"              8.42462    0.00000    0.00000
 "BT2.BPM10.E"          8.69613    0.00000    0.00000
 "DRIFT_2"              8.74963    0.00000    0.00000
 "BT2.BPM10"            8.80313    0.00000    0.00000
 "DRIFT_3"              8.85913    0.00000    0.00000
 "BT2.BPM10.S"          8.91513    0.00000    0.00000
 "DRIFT_10"             9.02763    0.00000    0.00000
 "BT1.QNO10"            9.37314    0.00000    0.00000
 "DRIFT_11"            10.18020    0.00000    0.00000
 "BT2.VVS30"           10.80425    0.00000    0.00000
 "DRIFT_12"            10.99726    0.00000    0.00000
 "BT1.QNO20"           11.37329    0.00000    0.00000
 "DRIFT_13"            12.56259    0.00000    0.00000
 "BT.VGP21"            13.51888    0.00000    0.00000
 "BT.VGR21"            13.51888    0.00000    0.00000
 "BT.VPI22"            13.51888    0.00000    0.00000
 "BT.VPI22A"           13.51888    0.00000    0.00000
 "DRIFT_14"            13.73113    0.00000    0.00000
 "BT1.KFA10"           14.72340    0.00000    0.00000
 "DRIFT_15"            15.70716    0.00000    0.00000
 "BT.BTV20"            15.91091    0.00000    0.00000
 "DRIFT_16"            16.03942    0.00000    0.00000
 "BT2.BVT20"           16.62483    0.00000    0.00000
 "DRIFT_17"            17.21987    0.00000    0.00000
 "BT2.BPM20.E"         17.35800    0.00000    0.00000
 "DRIFT_2"             17.41150    0.00000    0.00000
 "BT2.BPM20"           17.46500    0.00000    0.00000
 "DRIFT_3"             17.52100    0.00000    0.00000
 "BT2.BPM20.S"         17.57700    0.00000    0.00000
 "DRIFT_18"            18.17007    0.00000    0.00000
 "BT2.DVT40"           18.93063    0.00000    0.00000
 "DRIFT_19"            19.59127    0.00000    0.00000
 "BT.VPI23"            20.08441    0.00000    0.00000
 "DRIFT_20"            20.23696    0.00000    0.00000
 "BT2.SMV20"           20.88794    0.00000    0.00000
 "DRIFT_21"            21.42983    0.00000    0.00000
 "BT2.BTV30"           21.47330    0.00000    0.00000
 "DRIFT_22"            21.77230    0.00000    0.00000
 "BT2.QNO30"           22.30430    0.00000    0.00000
 "DRIFT_23"            24.09758    0.00000    0.00000
 "BT.BPM30.E"          25.65785    0.00000    0.00000
 "DRIFT_2"             25.71135    0.00000    0.00000
 "BT.BPM30"            25.76485    0.00000    0.00000
 "DRIFT_3"             25.82085    0.00000    0.00000
 "BT.BPM30.S"          25.87685    0.00000    0.00000
 "DRIFT_24"            26.02335    0.00000    0.00000
 "BT.BCT10"            26.32686    0.00000    0.00000
 "DRIFT_25"            26.59086    0.00000    0.00000
 "BT.DVT50"            26.91587    0.00000    0.00000
 "DRIFT_26"            27.52097    0.00000    0.00000
 "BT.VGP23"            27.90808    0.00000    0.00000
 "BT.VPG22"            27.90808    0.00000    0.00000
 "DRIFT_27"            28.40624    0.00000    0.00000
 "BT2.KFA20"           29.68440    0.00000    0.00000
 "DRIFT_28"            30.66815    0.00000    0.00000
 "BT.BTV40"            30.87190    0.00000    0.00000
 "DRIFT_29"            30.94665    0.00000    0.00000
 "BT.DVT60"            31.23940    0.00000    0.00005
 "DRIFT_30"            31.47688    0.00000    0.00012
 "BT.QNO40"            31.72940    0.00000    0.00025
 "DRIFT_31"            32.08118    0.00000    0.00045
 "BT.BPM40.E"          32.19990    0.00000    0.00052
 "DRIFT_2"             32.25340    0.00000    0.00055
 "BT.BPM40"            32.30690    0.00000    0.00058
 "DRIFT_3"             32.36290    0.00000    0.00061
 "BT.BPM40.S"          32.41890    0.00000    0.00065
 "DRIFT_32"            32.66215    0.00000    0.00079
 "BT.QNO50"            33.09940    0.00000    0.00103
 "DRIFT_33"            33.77227    0.00000    0.00124
 "BT1.END"             34.25114    0.00000    0.00138
 "BT1$END"             34.25114    0.00000    0.00138
 "BTM$START"           34.25114    0.00000    0.00138
 "BTM_1$START"         34.25114    0.00000    0.00138
 "BT.BHZ10"            35.01806   -0.00000    0.00161
 "DRIFT_34"            36.32172    0.00000    0.00197
 "BTM.VVS10"           36.85847    0.00000    0.00211
 "DRIFT_35"            37.02492    0.00000    0.00216
 "BTM.BTV10"           37.19137    0.00000    0.00220
 "DRIFT_36"            37.34362    0.00000    0.00224
 "BTM.QNO05"           37.77587    0.00000    0.00241
 "DRIFT_37"            38.27401    0.00000    0.00290
 "BTM_1$END"           38.49215    0.00000    0.00315
 "BTM_2$START"         38.49215    0.00000    0.00315
 "BTM.BHZ10"           39.66766   -0.00000    0.00439
 "DRIFT_38"            41.01682    0.00000    0.00579
 "BTM.QNO10"           41.47046    0.00000    0.00603
 "DRIFT_39"            41.90321    0.00000    0.00546
 "BTM.DVT10"           42.20596    0.00000    0.00493
 "DRIFT_40"            42.43796    0.00000    0.00452
 "BTM.DHZ10"           42.66996    0.00000    0.00411
 "DRIFT_41"            42.94696    0.00000    0.00362
 "BTM.QNO20"           43.35396    0.00000    0.00302
 "DRIFT_42"            43.76796    0.00000    0.00279
 "BTM.BPM00"           43.90196    0.00000    0.00274
 "DRIFT_43"            44.09271    0.00000    0.00268
 "BTM.BTV15"           44.28346    0.00000    0.00262
 "DRIFT_44"            44.38346    0.00000    0.00259
 "BTM.VPI11"           44.48346    0.00000    0.00256
 "DRIFT_45"            44.78288    0.00000    0.00246
 "BTY.BVT101"          45.65446    0.00000    0.00218
 "DRIFT_46"            46.65105    0.00000    0.00186
 "BTM.VPI11A"          47.07546    0.00000    0.00172
 "DRIFT_47"            47.41746    0.00000    0.00161
 "BTM.BSGH01"          47.75946    0.00000    0.00150
 "BTM.BSGV01"          47.75946    0.00000    0.00150
 "DRIFT_48"            49.00946   -0.00000    0.00110
 "BTM.BSGH02"          50.25946   -0.00000    0.00069
 "BTM.BSGV02"          50.25946   -0.00000    0.00069
 "DRIFT_49"            50.65321   -0.00000    0.00056
 "BTM.BPM10"           51.04696   -0.00000    0.00044
 "DRIFT_50"            51.57021   -0.00000    0.00027
 "BTM.BTV20"           52.09346   -0.00000    0.00010
 "DRIFT_51"            52.42646   -0.00000   -0.00001
 "BTM.BSGH03"          52.75946   -0.00000   -0.00012
 "BTM.BSGV03"          52.75946   -0.00000   -0.00012
 "DRIFT_52"            52.89546   -0.00000   -0.00016
 "BTM.BCT10"           53.03146   -0.00000   -0.00020
 "DRIFT_53"            56.42521   -0.00001   -0.00130
 "BTM.TDU10"           59.81896   -0.00001   -0.00239
 "DRIFT_54"            62.15556   -0.00001   -0.00315
 "BTM_2$END"           64.49215   -0.00001   -0.00390
 "DRIFT_55"            69.37164   -0.00002   -0.00548
 "BTM$END"             74.25114   -0.00002   -0.00705
 "BT1BTM$END"          74.25114   -0.00002   -0.00705
