@ NAME             %05s "TWISS"
@ TYPE             %05s "TWISS"
@ SEQUENCE         %06s "BT2BTM"
@ PARTICLE         %06s "PROTON"
@ MASS             %le     0.93827
@ CHARGE           %le     1.00000
@ ENERGY           %le     2.33665
@ PC               %le     2.14000
@ GAMMA            %le     2.49038
@ KBUNCH           %le     1.00000
@ BCURRENT         %le     0.00000
@ SIGE             %le     0.00000
@ SIGT             %le     0.00000
@ NPART            %le     0.00000
@ EX               %le     1.00000
@ EY               %le     1.00000
@ ET               %le     1.00000
@ LENGTH           %le    74.24043
@ ALFA             %le     0.00000
@ ORBIT5           %le    -0.00000
@ GAMMATR          %le     0.00000
@ Q1               %le     1.29789
@ Q2               %le     1.08405
@ DQ1              %le     0.00000
@ DQ2              %le     0.00000
@ DXMAX            %le    13.11479
@ DYMAX            %le     1.27029
@ XCOMAX           %le     0.00006
@ YCOMAX           %le     0.02320
@ BETXMAX          %le   146.88067
@ BETYMAX          %le   559.58596
@ XCORMS           %le     0.00001
@ YCORMS           %le     0.00492
@ DXRMS            %le     2.76400
@ DYRMS            %le     0.28303
@ DELTAP           %le     0.00000
@ SYNCH_1          %le     0.00000
@ SYNCH_2          %le     0.00000
@ SYNCH_3          %le     0.00000
@ SYNCH_4          %le     0.00000
@ SYNCH_5          %le     0.00000
@ TITLE            %39s "BT line and BTM line. Protons - 1.4 GeV"
@ ORIGIN           %16s "5.02.05 Linux 64"
@ DATE             %08s "28/05/15"
@ TIME             %08s "16.59.56"
* NAME                        S          X          Y 
$ %s                        %le        %le        %le 
 "BT2BTM$START"         0.00000    0.00000    0.00000
 "BT2$START"            0.00000    0.00000    0.00000
 "BT2.START"            0.00000    0.00000    0.00000
 "DRIFT_0"              1.30035    0.00000    0.00000
 "BT2.DVT10"            2.80260    0.00000    0.00000
 "DRIFT_1"              3.40006    0.00000    0.00000
 "BT2.BPM00.E"          3.79561    0.00000    0.00000
 "DRIFT_2"              3.84911    0.00000    0.00000
 "BT2.BPM00"            3.90261    0.00000    0.00000
 "DRIFT_3"              3.95861    0.00000    0.00000
 "BT2.BPM00.S"          4.01461    0.00000    0.00000
 "DRIFT_4"              4.15486    0.00000    0.00000
 "BT2.DHZ10"            4.46262    0.00000    0.00000
 "DRIFT_5"              4.72737    0.00000    0.00000
 "BT2.VVS10"            4.87462    0.00000    0.00000
 "DRIFT_6"              5.19067    0.00000    0.00000
 "BT2.DVT20"            5.65863    0.00000    0.00000
 "DRIFT_7"              6.09560    0.00000    0.00000
 "BT2.SMV10"            6.86265    0.00000    0.00000
 "DRIFT_8"              7.42865    0.00000    0.00000
 "BT2.BTV10"            7.46266    0.00000    0.00000
 "DRIFT_9"              7.80266    0.00000    0.00000
 "BT.VPG11"             8.14267    0.00000    0.00000
 "DRIFT_10"             8.41417    0.00000    0.00000
 "BT2.BPM10.E"          8.68568    0.00000    0.00000
 "DRIFT_2"              8.73918    0.00000    0.00000
 "BT2.BPM10"            8.79268    0.00000    0.00000
 "DRIFT_3"              8.84868    0.00000    0.00000
 "BT2.BPM10.S"          8.90468    0.00000    0.00000
 "DRIFT_11"             9.01718    0.00000    0.00000
 "BT2.QNO10"            9.36269    0.00000    0.00000
 "DRIFT_12"            10.16969    0.00000    0.00000
 "BT2.VVS30"           10.79370    0.00000    0.00000
 "DRIFT_13"            10.98670    0.00000    0.00000
 "BT2.QNO20"           11.36270    0.00000    0.00000
 "DRIFT_14"            12.55195    0.00000    0.00000
 "BT.VGP21"            13.50820    0.00000    0.00000
 "BT.VGR21"            13.50820    0.00000    0.00000
 "BT.VPI22"            13.50820    0.00000    0.00000
 "BT.VPI22A"           13.50820    0.00000    0.00000
 "DRIFT_15"            13.72045    0.00000    0.00000
 "BT2.KFA10"           14.71270    0.00000    0.00000
 "DRIFT_16"            15.69645    0.00000    0.00000
 "BT.BTV20"            15.90020    0.00000    0.00000
 "DRIFT_17"            16.02871    0.00000    0.00000
 "BT2.BVT20"           16.61412    0.00000    0.00000
 "DRIFT_18"            17.20916    0.00000    0.00000
 "BT2.BPM20.E"         17.34729    0.00000    0.00000
 "DRIFT_2"             17.40079    0.00000    0.00000
 "BT2.BPM20"           17.45429    0.00000    0.00000
 "DRIFT_3"             17.51029    0.00000    0.00000
 "BT2.BPM20.S"         17.56629    0.00000    0.00000
 "DRIFT_19"            18.15936    0.00000    0.00000
 "BT2.DVT40"           18.91992    0.00000    0.00000
 "DRIFT_20"            19.58056    0.00000    0.00000
 "BT.VPI23"            20.07370    0.00000    0.00000
 "DRIFT_21"            20.22625    0.00000    0.00000
 "BT2.SMV20"           20.87723    0.00000    0.00000
 "DRIFT_22"            21.41912    0.00000    0.00000
 "BT2.BTV30"           21.46259    0.00000    0.00000
 "BT.VPI23B"           21.46259    0.00000    0.00000
 "DRIFT_23"            21.76159    0.00000    0.00000
 "BT2.QNO30"           22.29359    0.00000    0.00000
 "DRIFT_24"            24.08687    0.00000    0.00000
 "BT.BPM30.E"          25.64714    0.00000    0.00000
 "DRIFT_2"             25.70064    0.00000    0.00000
 "BT.BPM30"            25.75414    0.00000    0.00000
 "DRIFT_3"             25.81014    0.00000    0.00000
 "BT.BPM30.S"          25.86614    0.00000    0.00000
 "DRIFT_25"            26.01265    0.00000    0.00000
 "BT.BCT10"            26.31615    0.00000    0.00000
 "DRIFT_26"            26.58015    0.00000    0.00000
 "BT.DVT50"            26.90516    0.00000   -0.00005
 "DRIFT_27"            27.51027    0.00000   -0.00030
 "BT.VGP23"            27.89737    0.00000   -0.00050
 "BT.VPG22"            27.89737    0.00000   -0.00050
 "DRIFT_28"            28.39553    0.00000   -0.00075
 "BT2.KFA20"           29.67369   -0.00000   -0.00138
 "DRIFT_29"            30.65745   -0.00000   -0.00188
 "BT.BTV40"            30.86120   -0.00000   -0.00198
 "DRIFT_30"            30.93595   -0.00000   -0.00202
 "BT.DVT60"            31.22870   -0.00000   -0.00216
 "DRIFT_31"            31.46617   -0.00000   -0.00228
 "BT.QNO40"            31.71870   -0.00000   -0.00245
 "DRIFT_32"            32.07047   -0.00000   -0.00287
 "BT.BPM40.E"          32.18920   -0.00000   -0.00303
 "DRIFT_2"             32.24270   -0.00000   -0.00311
 "BT.BPM40"            32.29620   -0.00000   -0.00318
 "DRIFT_3"             32.35220   -0.00000   -0.00325
 "BT.BPM40.S"          32.40820   -0.00000   -0.00333
 "DRIFT_33"            32.65145   -0.00000   -0.00366
 "BT.QNO50"            33.08870   -0.00000   -0.00419
 "DRIFT_34"            33.76156   -0.00000   -0.00435
 "BT2.END"             34.24043   -0.00000   -0.00442
 "BT2$END"             34.24043   -0.00000   -0.00442
 "BTM$START"           34.24043   -0.00000   -0.00442
 "BTM_1$START"         34.24043   -0.00000   -0.00442
 "BT.BHZ10"            35.00735   -0.00000   -0.00454
 "DRIFT_35"            36.31101    0.00000   -0.00470
 "BTM.VVS10"           36.84776    0.00000   -0.00475
 "DRIFT_36"            37.01421    0.00000   -0.00476
 "BTM.BTV10"           37.18066    0.00000   -0.00477
 "DRIFT_37"            37.33291    0.00000   -0.00478
 "BTM.QNO05"           37.76516    0.00000   -0.00494
 "DRIFT_38"            38.26330    0.00000   -0.00572
 "BTM_1$END"           38.48144    0.00000   -0.00611
 "BTM_2$START"         38.48144    0.00000   -0.00611
 "BTM.BHZ10"           39.65696   -0.00000   -0.00812
 "DRIFT_39"            41.00611    0.00001   -0.01039
 "BTM.QNO10"           41.45976    0.00001   -0.01074
 "DRIFT_40"            41.89251    0.00001   -0.00964
 "BTM.DVT10"           42.19526    0.00001   -0.00864
 "DRIFT_41"            42.42726    0.00001   -0.00787
 "BTM.DHZ10"           42.65926    0.00001   -0.00711
 "DRIFT_42"            42.93626    0.00001   -0.00619
 "BTM.QNO20"           43.34326    0.00001   -0.00503
 "DRIFT_43"            43.75726    0.00001   -0.00450
 "BTM.BPM00"           43.89126    0.00001   -0.00438
 "DRIFT_44"            44.08201    0.00001   -0.00420
 "BTM.BTV15"           44.27276    0.00001   -0.00403
 "DRIFT_45"            44.37276    0.00001   -0.00394
 "BTM.VPI11"           44.47276    0.00001   -0.00385
 "DRIFT_46"            44.77217    0.00001   -0.00358
 "BTY.BVT101"          45.64376    0.00001   -0.00278
 "DRIFT_47"            46.64034    0.00000   -0.00188
 "BTM.VPI11A"          47.06476    0.00000   -0.00149
 "DRIFT_48"            47.40676    0.00000   -0.00118
 "BTM.BSGH01"          47.74876    0.00000   -0.00087
 "BTM.BSGV01"          47.74876    0.00000   -0.00087
 "DRIFT_49"            48.99876   -0.00000    0.00026
 "BTM.BSGH02"          50.24876   -0.00000    0.00140
 "BTM.BSGV02"          50.24876   -0.00000    0.00140
 "DRIFT_50"            50.64251   -0.00000    0.00176
 "BTM.BPM10"           51.03626   -0.00000    0.00212
 "DRIFT_51"            51.55951   -0.00001    0.00259
 "BTM.BTV20"           52.08276   -0.00001    0.00307
 "DRIFT_52"            52.41576   -0.00001    0.00337
 "BTM.BSGH03"          52.74876   -0.00001    0.00367
 "BTM.BSGV03"          52.74876   -0.00001    0.00367
 "DRIFT_53"            52.88476   -0.00001    0.00380
 "BTM.BCT10"           53.02076   -0.00001    0.00392
 "DRIFT_54"            56.41451   -0.00002    0.00700
 "BTM.TDU10"           59.80826   -0.00002    0.01009
 "DRIFT_55"            62.14485   -0.00003    0.01221
 "BTM_2$END"           64.48144   -0.00003    0.01434
 "DRIFT_56"            69.36094   -0.00005    0.01877
 "BTM$END"             74.24043   -0.00006    0.02320
 "BT2BTM$END"          74.24043   -0.00006    0.02320
