@ NAME             %05s "TWISS"
@ TYPE             %05s "TWISS"
@ SEQUENCE         %06s "BT4BTM"
@ PARTICLE         %06s "PROTON"
@ MASS             %le     0.93827
@ CHARGE           %le     1.00000
@ ENERGY           %le     2.33665
@ PC               %le     2.14000
@ GAMMA            %le     2.49038
@ KBUNCH           %le     1.00000
@ BCURRENT         %le     0.00000
@ SIGE             %le     0.00000
@ SIGT             %le     0.00000
@ NPART            %le     0.00000
@ EX               %le     1.00000
@ EY               %le     1.00000
@ ET               %le     1.00000
@ LENGTH           %le    74.24017
@ ALFA             %le     0.00000
@ ORBIT5           %le    -0.00000
@ GAMMATR          %le     0.00000
@ Q1               %le     1.30020
@ Q2               %le     1.08455
@ DQ1              %le     0.00000
@ DQ2              %le     0.00000
@ DXMAX            %le    13.55118
@ DYMAX            %le     3.08437
@ XCOMAX           %le     0.01860
@ YCOMAX           %le     0.00001
@ BETXMAX          %le   168.60139
@ BETYMAX          %le   572.31498
@ XCORMS           %le     0.00458
@ YCORMS           %le     0.00000
@ DXRMS            %le     2.83344
@ DYRMS            %le     0.65243
@ DELTAP           %le     0.00000
@ SYNCH_1          %le     0.00000
@ SYNCH_2          %le     0.00000
@ SYNCH_3          %le     0.00000
@ SYNCH_4          %le     0.00000
@ SYNCH_5          %le     0.00000
@ TITLE            %39s "BT line and BTM line. Protons - 1.4 GeV"
@ ORIGIN           %16s "5.02.05 Linux 64"
@ DATE             %08s "28/05/15"
@ TIME             %08s "16.59.56"
* NAME                        S          X          Y 
$ %s                        %le        %le        %le 
 "BT4BTM$START"         0.00000    0.00000    0.00000
 "BT4$START"            0.00000    0.00000    0.00000
 "BT4.START"            0.00000    0.00000    0.00000
 "DRIFT_0"              1.27482    0.00000    0.00000
 "BT4.BVT10"            3.00305    0.00000    0.00000
 "DRIFT_1"              3.60708    0.00000    0.00000
 "BT4.BPM00.E"          3.75770    0.00000    0.00000
 "DRIFT_2"              3.81120    0.00000    0.00000
 "BT4.BPM00"            3.86470    0.00000    0.00000
 "DRIFT_3"              3.92070    0.00000    0.00000
 "BT4.BPM00.S"          3.97670    0.00000    0.00000
 "DRIFT_4"              4.13783    0.00000    0.00000
 "BT4.DHZ10"            4.46647   -0.00004    0.00000
 "DRIFT_5"              4.65611   -0.00009    0.00000
 "BT4.VVS10"            4.72824   -0.00013    0.00000
 "DRIFT_6"              5.57637   -0.00055    0.00000
 "BT4.SMV10"            6.87290   -0.00120   -0.00000
 "DRIFT_7"              7.42221   -0.00147    0.00000
 "BT3.BTV10"            7.47312   -0.00150    0.00000
 "DRIFT_8"              7.81312   -0.00167    0.00000
 "BT.VPG11"             8.15312   -0.00183    0.00000
 "DRIFT_9"              8.42462   -0.00197    0.00000
 "BT3.BPM10.E"          8.69613   -0.00210    0.00000
 "DRIFT_2"              8.74963   -0.00213    0.00000
 "BT3.BPM10"            8.80313   -0.00216    0.00000
 "DRIFT_3"              8.85913   -0.00218    0.00000
 "BT3.BPM10.S"          8.91513   -0.00221    0.00000
 "DRIFT_10"             9.02763   -0.00227    0.00000
 "BT4.QNO10"            9.37314   -0.00248    0.00000
 "DRIFT_11"             9.78316   -0.00295    0.00000
 "BT3.VVS20"           10.01018   -0.00324    0.00000
 "DRIFT_12"            10.40721   -0.00375   -0.00000
 "BT3.VVS30"           10.80425   -0.00425   -0.00000
 "DRIFT_13"            10.99726   -0.00450   -0.00000
 "BT4.QNO20"           11.37329   -0.00489   -0.00000
 "DRIFT_14"            12.56259   -0.00478   -0.00000
 "BT.VGP21"            13.51888   -0.00463   -0.00000
 "BT.VGR21"            13.51888   -0.00463   -0.00000
 "BT.VPI22"            13.51888   -0.00463   -0.00000
 "BT.VPI22A"           13.51888   -0.00463   -0.00000
 "DRIFT_15"            13.73113   -0.00460   -0.00000
 "BT4.KFA10"           14.72340   -0.00444   -0.00000
 "DRIFT_16"            15.70716   -0.00428   -0.00000
 "BT.BTV20"            15.91091   -0.00424   -0.00000
 "DRIFT_17"            16.05841   -0.00422   -0.00000
 "BT3.DVT30"           16.37341   -0.00417   -0.00000
 "DRIFT_18"            16.91941   -0.00408   -0.00000
 "BT3.BPM20.E"         17.29791   -0.00402   -0.00000
 "DRIFT_2"             17.35141   -0.00401   -0.00000
 "BT3.BPM20"           17.40491   -0.00400   -0.00000
 "DRIFT_3"             17.46091   -0.00399   -0.00000
 "BT3.BPM20.S"         17.51691   -0.00398   -0.00000
 "DRIFT_19"            18.36917   -0.00385   -0.00000
 "BT3.DVT40"           19.42332   -0.00367   -0.00000
 "DRIFT_20"            19.85027   -0.00361   -0.00000
 "BT.VPI23"            20.07532   -0.00357   -0.00000
 "DRIFT_21"            20.21038   -0.00355   -0.00000
 "BT3.SMV20"           20.87743   -0.00344   -0.00000
 "DRIFT_22"            21.43593   -0.00335   -0.00000
 "BT3.BTV30"           21.46243   -0.00334   -0.00000
 "BT.VPI23B"           21.46243   -0.00334   -0.00000
 "DRIFT_23"            21.76143   -0.00330   -0.00000
 "BT3.QNO30"           22.29343   -0.00323   -0.00000
 "DRIFT_24"            24.08668   -0.00370   -0.00000
 "BT.BPM30.E"          25.64693   -0.00412   -0.00000
 "DRIFT_2"             25.70043   -0.00414   -0.00000
 "BT.BPM30"            25.75393   -0.00415   -0.00000
 "DRIFT_3"             25.80993   -0.00416   -0.00000
 "BT.BPM30.S"          25.86593   -0.00418   -0.00000
 "DRIFT_25"            26.01243   -0.00422   -0.00000
 "BT.BCT10"            26.31593   -0.00430   -0.00000
 "DRIFT_26"            26.57993   -0.00437   -0.00000
 "BT.DVT50"            26.90493   -0.00446   -0.00000
 "DRIFT_27"            27.51003   -0.00463   -0.00000
 "BT.VGP23"            27.89713   -0.00473   -0.00000
 "BT.VPG22"            27.89713   -0.00473   -0.00000
 "DRIFT_28"            28.39528   -0.00487   -0.00000
 "BT3.KFA20"           29.67343   -0.00521   -0.00000
 "DRIFT_29"            30.65718   -0.00548   -0.00000
 "BT.BTV40"            30.86093   -0.00554   -0.00000
 "DRIFT_30"            30.93568   -0.00556   -0.00000
 "BT.DVT60"            31.22843   -0.00564   -0.00000
 "DRIFT_31"            31.46591   -0.00570   -0.00000
 "BT.QNO40"            31.71843   -0.00566   -0.00000
 "DRIFT_32"            32.07021   -0.00519   -0.00000
 "BT.BPM40.E"          32.18893   -0.00499   -0.00000
 "DRIFT_2"             32.24243   -0.00490   -0.00000
 "BT.BPM40"            32.29593   -0.00481   -0.00000
 "DRIFT_3"             32.35193   -0.00472   -0.00000
 "BT.BPM40.S"          32.40793   -0.00463   -0.00000
 "DRIFT_33"            32.65118   -0.00423   -0.00000
 "BT.QNO50"            33.08843   -0.00356   -0.00000
 "DRIFT_34"            33.76130   -0.00309   -0.00000
 "BT4.END"             34.24017   -0.00279   -0.00000
 "BT4$END"             34.24017   -0.00279   -0.00000
 "BTM$START"           34.24017   -0.00279   -0.00000
 "BTM_1$START"         34.24017   -0.00279   -0.00000
 "BT.BHZ10"            35.00708   -0.00230   -0.00000
 "DRIFT_35"            36.31075   -0.00145   -0.00000
 "BTM.VVS10"           36.84749   -0.00111   -0.00000
 "DRIFT_36"            37.01394   -0.00100   -0.00000
 "BTM.BTV10"           37.18039   -0.00089   -0.00000
 "DRIFT_37"            37.33264   -0.00080   -0.00000
 "BTM.QNO05"           37.76489   -0.00051   -0.00000
 "DRIFT_38"            38.26303   -0.00011   -0.00000
 "BTM_1$END"           38.48118    0.00007   -0.00000
 "BTM_2$START"         38.48118    0.00007   -0.00000
 "BTM.BHZ10"           39.65669    0.00102   -0.00000
 "DRIFT_39"            41.00585    0.00208   -0.00000
 "BTM.QNO10"           41.45949    0.00252   -0.00000
 "DRIFT_40"            41.89224    0.00329   -0.00000
 "BTM.DVT10"           42.19499    0.00388   -0.00000
 "DRIFT_41"            42.42699    0.00434   -0.00000
 "BTM.DHZ10"           42.65899    0.00480   -0.00000
 "DRIFT_42"            42.93599    0.00534   -0.00000
 "BTM.QNO20"           43.34299    0.00595   -0.00000
 "DRIFT_43"            43.75699    0.00582   -0.00000
 "BTM.BPM00"           43.89099    0.00571   -0.00000
 "DRIFT_44"            44.08174    0.00556   -0.00000
 "BTM.BTV15"           44.27249    0.00541   -0.00000
 "DRIFT_45"            44.37249    0.00533   -0.00000
 "BTM.VPI11"           44.47249    0.00525   -0.00000
 "DRIFT_46"            44.77191    0.00501   -0.00000
 "BTY.BVT101"          45.64349    0.00431    0.00000
 "DRIFT_47"            46.64008    0.00351    0.00000
 "BTM.VPI11A"          47.06449    0.00317    0.00000
 "DRIFT_48"            47.40649    0.00290    0.00000
 "BTM.BSGH01"          47.74849    0.00262    0.00000
 "BTM.BSGV01"          47.74849    0.00262    0.00000
 "DRIFT_49"            48.99849    0.00162    0.00000
 "BTM.BSGH02"          50.24849    0.00062    0.00000
 "BTM.BSGV02"          50.24849    0.00062    0.00000
 "DRIFT_50"            50.64224    0.00030    0.00000
 "BTM.BPM10"           51.03599   -0.00001    0.00000
 "DRIFT_51"            51.55924   -0.00043    0.00000
 "BTM.BTV20"           52.08249   -0.00085    0.00000
 "DRIFT_52"            52.41549   -0.00112    0.00000
 "BTM.BSGH03"          52.74849   -0.00138    0.00000
 "BTM.BSGV03"          52.74849   -0.00138    0.00000
 "DRIFT_53"            52.88449   -0.00149    0.00000
 "BTM.BCT10"           53.02049   -0.00160    0.00000
 "DRIFT_54"            56.41424   -0.00432    0.00000
 "BTM.TDU10"           59.80799   -0.00704    0.00000
 "DRIFT_55"            62.14458   -0.00891    0.00000
 "BTM_2$END"           64.48118   -0.01078    0.00000
 "DRIFT_56"            69.36067   -0.01469    0.00001
 "BTM$END"             74.24017   -0.01860    0.00001
 "BT4BTM$END"          74.24017   -0.01860    0.00001
