@ NAME             %05s "TWISS"
@ TYPE             %05s "TWISS"
@ SEQUENCE         %06s "BT2BTP"
@ PARTICLE         %06s "PROTON"
@ MASS             %le     0.93827
@ CHARGE           %le     1.00000
@ ENERGY           %le     2.33665
@ PC               %le     2.14000
@ GAMMA            %le     2.49038
@ KBUNCH           %le     1.00000
@ BCURRENT         %le     0.00000
@ SIGE             %le     0.00000
@ SIGT             %le     0.00000
@ NPART            %le     0.00000
@ EX               %le     1.00000
@ EY               %le     1.00000
@ ET               %le     1.00000
@ LENGTH           %le    69.70686
@ ALFA             %le     0.00000
@ ORBIT5           %le    -0.00000
@ GAMMATR          %le     0.00000
@ Q1               %le     1.42419
@ Q2               %le     0.78169
@ DQ1              %le     0.00000
@ DQ2              %le     0.00000
@ DXMAX            %le     2.31426
@ DYMAX            %le     0.92683
@ XCOMAX           %le     0.00003
@ YCOMAX           %le     0.00957
@ BETXMAX          %le    67.20155
@ BETYMAX          %le    79.58005
@ XCORMS           %le     0.00001
@ YCORMS           %le     0.00576
@ DXRMS            %le     0.98126
@ DYRMS            %le     0.55470
@ DELTAP           %le     0.00000
@ SYNCH_1          %le     0.00000
@ SYNCH_2          %le     0.00000
@ SYNCH_3          %le     0.00000
@ SYNCH_4          %le     0.00000
@ SYNCH_5          %le     0.00000
@ TITLE            %39s "BT line and BTP line. Protons - 1.4 GeV"
@ ORIGIN           %16s "5.02.05 Linux 64"
@ DATE             %08s "28/05/15"
@ TIME             %08s "16.59.57"
* NAME                        S          X          Y 
$ %s                        %le        %le        %le 
 "BT2BTP$START"         0.00000    0.00000    0.00000
 "BT2$START"            0.00000    0.00000    0.00000
 "BT2.START"            0.00000    0.00000    0.00000
 "DRIFT_0"              1.30035    0.00000    0.00000
 "BT2.DVT10"            2.80260    0.00000    0.00000
 "DRIFT_1"              3.40006    0.00000    0.00000
 "BT2.BPM00.E"          3.79561    0.00000    0.00000
 "DRIFT_2"              3.84911    0.00000    0.00000
 "BT2.BPM00"            3.90261    0.00000    0.00000
 "DRIFT_3"              3.95861    0.00000    0.00000
 "BT2.BPM00.S"          4.01461    0.00000    0.00000
 "DRIFT_4"              4.15486    0.00000    0.00000
 "BT2.DHZ10"            4.46262    0.00000    0.00000
 "DRIFT_5"              4.72737    0.00000    0.00000
 "BT2.VVS10"            4.87462    0.00000    0.00000
 "DRIFT_6"              5.19067    0.00000    0.00000
 "BT2.DVT20"            5.65863    0.00000    0.00000
 "DRIFT_7"              6.09560    0.00000    0.00000
 "BT2.SMV10"            6.86265    0.00000    0.00000
 "DRIFT_8"              7.42865    0.00000    0.00000
 "BT2.BTV10"            7.46266    0.00000    0.00000
 "DRIFT_9"              7.80266    0.00000    0.00000
 "BT.VPG11"             8.14267    0.00000    0.00000
 "DRIFT_10"             8.41417    0.00000    0.00000
 "BT2.BPM10.E"          8.68568    0.00000    0.00000
 "DRIFT_2"              8.73918    0.00000    0.00000
 "BT2.BPM10"            8.79268    0.00000    0.00000
 "DRIFT_3"              8.84868    0.00000    0.00000
 "BT2.BPM10.S"          8.90468    0.00000    0.00000
 "DRIFT_11"             9.01718    0.00000    0.00000
 "BT2.QNO10"            9.36269    0.00000    0.00000
 "DRIFT_12"            10.16969    0.00000    0.00000
 "BT2.VVS30"           10.79370    0.00000    0.00000
 "DRIFT_13"            10.98670    0.00000    0.00000
 "BT2.QNO20"           11.36270    0.00000    0.00000
 "DRIFT_14"            12.55195    0.00000    0.00000
 "BT.VGP21"            13.50820    0.00000    0.00000
 "BT.VGR21"            13.50820    0.00000    0.00000
 "BT.VPI22"            13.50820    0.00000    0.00000
 "BT.VPI22A"           13.50820    0.00000    0.00000
 "DRIFT_15"            13.72045    0.00000    0.00000
 "BT2.KFA10"           14.71270    0.00000    0.00000
 "DRIFT_16"            15.69645    0.00000    0.00000
 "BT.BTV20"            15.90020    0.00000    0.00000
 "DRIFT_17"            16.02871    0.00000    0.00000
 "BT2.BVT20"           16.61412    0.00000    0.00000
 "DRIFT_18"            17.20916    0.00000    0.00000
 "BT2.BPM20.E"         17.34729    0.00000    0.00000
 "DRIFT_2"             17.40079    0.00000    0.00000
 "BT2.BPM20"           17.45429    0.00000    0.00000
 "DRIFT_3"             17.51029    0.00000    0.00000
 "BT2.BPM20.S"         17.56629    0.00000    0.00000
 "DRIFT_19"            18.15936    0.00000    0.00000
 "BT2.DVT40"           18.91992    0.00000    0.00000
 "DRIFT_20"            19.58056    0.00000    0.00000
 "BT.VPI23"            20.07370    0.00000    0.00000
 "DRIFT_21"            20.22625    0.00000    0.00000
 "BT2.SMV20"           20.87723    0.00000    0.00000
 "DRIFT_22"            21.41912    0.00000    0.00000
 "BT2.BTV30"           21.46259    0.00000    0.00000
 "BT.VPI23B"           21.46259    0.00000    0.00000
 "DRIFT_23"            21.76159    0.00000    0.00000
 "BT2.QNO30"           22.29359    0.00000    0.00000
 "DRIFT_24"            24.08687    0.00000    0.00000
 "BT.BPM30.E"          25.64714    0.00000    0.00000
 "DRIFT_2"             25.70064    0.00000    0.00000
 "BT.BPM30"            25.75414    0.00000    0.00000
 "DRIFT_3"             25.81014    0.00000    0.00000
 "BT.BPM30.S"          25.86614    0.00000    0.00000
 "DRIFT_25"            26.01265    0.00000    0.00000
 "BT.BCT10"            26.31615    0.00000    0.00000
 "DRIFT_26"            26.58015    0.00000    0.00000
 "BT.DVT50"            26.90516    0.00000    0.00000
 "DRIFT_27"            27.51027    0.00000    0.00000
 "BT.VGP23"            27.89737    0.00000    0.00000
 "BT.VPG22"            27.89737    0.00000    0.00000
 "DRIFT_28"            28.39553    0.00000    0.00000
 "BT2.KFA20"           29.67369    0.00000    0.00000
 "DRIFT_29"            30.65745    0.00000    0.00000
 "BT.BTV40"            30.86120    0.00000    0.00000
 "DRIFT_30"            30.93595    0.00000    0.00000
 "BT.DVT60"            31.22870    0.00000    0.00005
 "DRIFT_31"            31.46617    0.00000    0.00012
 "BT.QNO40"            31.71870    0.00000    0.00025
 "DRIFT_32"            32.07047    0.00000    0.00045
 "BT.BPM40.E"          32.18920    0.00000    0.00053
 "DRIFT_2"             32.24270    0.00000    0.00056
 "BT.BPM40"            32.29620    0.00000    0.00059
 "DRIFT_3"             32.35220    0.00000    0.00063
 "BT.BPM40.S"          32.40820    0.00000    0.00066
 "DRIFT_33"            32.65145    0.00000    0.00081
 "BT.QNO50"            33.08870    0.00000    0.00106
 "DRIFT_34"            33.76156    0.00000    0.00128
 "BT2.END"             34.24043    0.00000    0.00143
 "BT2$END"             34.24043    0.00000    0.00143
 "BTP$START"           34.24043    0.00000    0.00143
 "BT.BHZ10"            35.00713    0.00000    0.00167
 "DRIFT_35"            35.98569   -0.00000    0.00196
 "BTP.VVS10"           36.19755   -0.00000    0.00202
 "DRIFT_36"            36.24830   -0.00000    0.00203
 "BTP.STP10"           37.02755   -0.00000    0.00225
 "DRIFT_37"            37.94255   -0.00000    0.00251
 "BTP.BPM00.E"         38.12905   -0.00000    0.00256
 "DRIFT_2"             38.18255   -0.00000    0.00257
 "BTP.BPM00"           38.23605   -0.00000    0.00259
 "DRIFT_3"             38.29205   -0.00000    0.00260
 "BTP.BPM00.S"         38.34805   -0.00000    0.00262
 "DRIFT_38"            38.57830   -0.00000    0.00268
 "BTP.DHZ10"           39.02655   -0.00000    0.00281
 "DRIFT_39"            39.26655   -0.00000    0.00287
 "BTP.DVT10"           39.50655   -0.00000    0.00294
 "DRIFT_40"            40.05030   -0.00000    0.00309
 "BTP.QNO10"           40.60855   -0.00000    0.00325
 "DRIFT_41"            43.10655   -0.00000    0.00394
 "BTP.QNO20"           45.60455   -0.00000    0.00470
 "DRIFT_30"            45.91180   -0.00000    0.00507
 "BTP.DHZ20"           46.20455   -0.00000    0.00549
 "DRIFT_42"            46.53655   -0.00000    0.00596
 "BTP.BPM10.E"         46.65055   -0.00000    0.00612
 "DRIFT_2"             46.70405   -0.00000    0.00620
 "BTP.BPM10"           46.75755   -0.00000    0.00627
 "DRIFT_3"             46.81355   -0.00000    0.00635
 "BTP.BPM10.S"         46.86955   -0.00000    0.00643
 "DRIFT_43"            47.07805   -0.00000    0.00673
 "BTP.DVT20"           47.50455   -0.00000    0.00734
 "DRIFT_30"            47.79730   -0.00000    0.00775
 "BTP.QNO30"           48.10455   -0.00000    0.00809
 "DRIFT_44"            48.76580   -0.00000    0.00793
 "BTP.VPI11"           49.19455   -0.00000    0.00776
 "DRIFT_45"            51.18430   -0.00000    0.00698
 "BTP.QNO40"           53.40655   -0.00000    0.00622
 "DRIFT_46"            53.68880   -0.00000    0.00651
 "BTP.DHZ30"           53.95655   -0.00000    0.00690
 "DRIFT_47"            54.26030    0.00000    0.00734
 "BTP.BPM20.E"         54.34605    0.00000    0.00746
 "DRIFT_2"             54.39955    0.00000    0.00754
 "BTP.BPM20"           54.45305    0.00000    0.00761
 "DRIFT_3"             54.50905    0.00000    0.00769
 "BTP.BPM20.S"         54.56505    0.00000    0.00777
 "DRIFT_48"            54.76930    0.00000    0.00807
 "BTP.DVT30"           55.19155    0.00000    0.00867
 "DRIFT_49"            55.54180    0.00000    0.00918
 "BTP.QNO50"           55.90655    0.00000    0.00957
 "DRIFT_50"            57.79530    0.00000    0.00793
 "BTP.VPI12"           59.45155    0.00000    0.00638
 "DRIFT_51"            59.82485    0.00000    0.00603
 "BTP.BCT10"           60.42255    0.00000    0.00547
 "DRIFT_52"            60.70175    0.00000    0.00521
 "BTP.DVT40"           60.97455    0.00000    0.00495
 "DRIFT_53"            61.28280    0.00000    0.00467
 "BTP.QNO60"           61.60555    0.00000    0.00445
 "DRIFT_54"            61.95480    0.00000    0.00452
 "BTP.BPM30.E"         62.07155    0.00000    0.00458
 "DRIFT_2"             62.12505    0.00000    0.00460
 "BTP.BPM30"           62.17855    0.00000    0.00462
 "DRIFT_3"             62.23455    0.00000    0.00465
 "BTP.BPM30.S"         62.29055    0.00000    0.00468
 "DRIFT_55"            62.43505    0.00000    0.00474
 "BTP.BTV10"           62.71455    0.00000    0.00487
 "DRIFT_56"            62.87455    0.00000    0.00494
 "BTP.VVS20"           62.89955    0.00000    0.00495
 "DRIFT_57"            63.03605    0.00000    0.00501
 "BTP.DHZ40"           63.17255    0.00000    0.00508
 "DRIFT_58"            63.36605    0.00000    0.00516
 "BTP.DVT50"           63.55955    0.00000    0.00525
 "DRIFT_59"            63.70137    0.00000    0.00532
 "STRAY$START"         63.84319    0.00000    0.00538
 "STRAY1"              63.84319    0.00000    0.00538
 "DRIFT_60"            63.85319    0.00000    0.00538
 "STRAY2"              63.86319    0.00000    0.00539
 "DRIFT_60"            63.87319    0.00000    0.00539
 "STRAY3"              63.88319    0.00000    0.00540
 "DRIFT_60"            63.89319    0.00000    0.00540
 "STRAY4"              63.90319    0.00000    0.00541
 "DRIFT_60"            63.91319    0.00000    0.00541
 "STRAY5"              63.92319    0.00000    0.00542
 "DRIFT_60"            63.93319    0.00000    0.00542
 "STRAY6"              63.94319    0.00000    0.00543
 "DRIFT_60"            63.95319    0.00000    0.00543
 "STRAY7"              63.96319    0.00000    0.00543
 "DRIFT_60"            63.97319    0.00000    0.00544
 "STRAY8"              63.98319    0.00000    0.00544
 "DRIFT_60"            63.99319    0.00000    0.00545
 "STRAY9"              64.00319    0.00000    0.00545
 "DRIFT_60"            64.01319    0.00000    0.00546
 "STRAY10"             64.02319    0.00000    0.00546
 "DRIFT_60"            64.03319    0.00000    0.00547
 "STRAY11"             64.04319    0.00000    0.00547
 "DRIFT_60"            64.05319    0.00000    0.00548
 "STRAY12"             64.06319    0.00000    0.00548
 "DRIFT_60"            64.07319    0.00000    0.00548
 "STRAY13"             64.08319    0.00000    0.00549
 "DRIFT_60"            64.09319    0.00000    0.00549
 "STRAY14"             64.10319    0.00000    0.00550
 "DRIFT_60"            64.11319    0.00000    0.00550
 "STRAY15"             64.12319    0.00000    0.00551
 "DRIFT_60"            64.13319    0.00000    0.00551
 "STRAY16"             64.14319    0.00000    0.00552
 "DRIFT_60"            64.15319    0.00000    0.00552
 "STRAY17"             64.16319    0.00000    0.00553
 "DRIFT_60"            64.17319    0.00000    0.00553
 "STRAY18"             64.18319    0.00000    0.00553
 "DRIFT_60"            64.19319    0.00000    0.00554
 "STRAY19"             64.20319    0.00000    0.00554
 "DRIFT_60"            64.21319    0.00000    0.00555
 "STRAY20"             64.22319    0.00000    0.00555
 "DRIFT_60"            64.23319    0.00000    0.00556
 "STRAY21"             64.24319    0.00000    0.00556
 "DRIFT_60"            64.25319    0.00000    0.00557
 "STRAY22"             64.26319    0.00000    0.00557
 "DRIFT_60"            64.27319    0.00000    0.00557
 "STRAY23"             64.28319    0.00000    0.00558
 "DRIFT_60"            64.29319    0.00000    0.00558
 "STRAY24"             64.30319    0.00000    0.00559
 "DRIFT_60"            64.31319    0.00000    0.00559
 "STRAY25"             64.32319    0.00000    0.00560
 "DRIFT_60"            64.33319    0.00000    0.00560
 "STRAY26"             64.34319    0.00000    0.00561
 "DRIFT_60"            64.35319    0.00000    0.00561
 "STRAY27"             64.36319    0.00000    0.00562
 "DRIFT_60"            64.37319    0.00000    0.00562
 "STRAY28"             64.38319    0.00000    0.00562
 "DRIFT_60"            64.39319    0.00000    0.00563
 "STRAY29"             64.40319    0.00000    0.00563
 "DRIFT_60"            64.41319    0.00000    0.00564
 "STRAY30"             64.42319    0.00000    0.00564
 "DRIFT_60"            64.43319    0.00000    0.00565
 "STRAY31"             64.44319    0.00000    0.00565
 "DRIFT_60"            64.45319    0.00000    0.00566
 "STRAY32"             64.46319    0.00000    0.00566
 "DRIFT_60"            64.47319    0.00000    0.00567
 "STRAY33"             64.48319    0.00000    0.00567
 "DRIFT_60"            64.49319    0.00000    0.00567
 "STRAY34"             64.50319    0.00000    0.00568
 "DRIFT_60"            64.51319    0.00000    0.00568
 "STRAY35"             64.52319    0.00000    0.00569
 "DRIFT_60"            64.53319    0.00000    0.00569
 "STRAY36"             64.54319    0.00000    0.00570
 "DRIFT_60"            64.55319    0.00000    0.00570
 "STRAY37"             64.56319    0.00000    0.00571
 "DRIFT_60"            64.57319    0.00000    0.00571
 "STRAY38"             64.58319    0.00000    0.00571
 "DRIFT_60"            64.59319    0.00000    0.00572
 "STRAY39"             64.60319    0.00000    0.00572
 "DRIFT_60"            64.61319    0.00000    0.00573
 "STRAY40"             64.62319    0.00000    0.00573
 "DRIFT_60"            64.63319    0.00000    0.00574
 "STRAY41"             64.64319    0.00000    0.00574
 "DRIFT_60"            64.65319    0.00000    0.00575
 "STRAY42"             64.66319    0.00000    0.00575
 "DRIFT_60"            64.67319    0.00000    0.00575
 "STRAY43"             64.68319    0.00000    0.00576
 "DRIFT_60"            64.69319    0.00000    0.00576
 "STRAY44"             64.70319    0.00000    0.00577
 "DRIFT_60"            64.71319    0.00000    0.00577
 "STRAY45"             64.72319    0.00000    0.00578
 "DRIFT_60"            64.73319    0.00000    0.00578
 "STRAY46"             64.74319    0.00000    0.00579
 "DRIFT_60"            64.75319    0.00000    0.00579
 "STRAY47"             64.76319    0.00000    0.00579
 "DRIFT_60"            64.77319    0.00000    0.00580
 "STRAY48"             64.78319    0.00000    0.00580
 "DRIFT_60"            64.79319    0.00000    0.00581
 "STRAY49"             64.80319    0.00000    0.00581
 "DRIFT_60"            64.81319    0.00000    0.00582
 "STRAY50"             64.82319    0.00000    0.00582
 "DRIFT_60"            64.83319    0.00000    0.00583
 "STRAY51"             64.84319    0.00000    0.00583
 "DRIFT_60"            64.85319    0.00000    0.00583
 "STRAY52"             64.86319    0.00000    0.00584
 "DRIFT_60"            64.87319    0.00000    0.00584
 "STRAY53"             64.88319    0.00000    0.00585
 "DRIFT_60"            64.89319    0.00000    0.00585
 "STRAY54"             64.90319    0.00000    0.00586
 "DRIFT_60"            64.91319    0.00000    0.00586
 "STRAY55"             64.92319    0.00000    0.00587
 "DRIFT_60"            64.93319    0.00000    0.00587
 "STRAY56"             64.94319    0.00000    0.00587
 "DRIFT_60"            64.95319    0.00000    0.00588
 "STRAY57"             64.96319    0.00000    0.00588
 "DRIFT_60"            64.97319    0.00000    0.00589
 "STRAY58"             64.98319    0.00000    0.00589
 "DRIFT_60"            64.99319    0.00000    0.00590
 "STRAY59"             65.00319    0.00000    0.00590
 "DRIFT_60"            65.01319    0.00000    0.00590
 "STRAY60"             65.02319    0.00000    0.00591
 "DRIFT_60"            65.03319    0.00000    0.00591
 "STRAY61"             65.04319    0.00000    0.00592
 "DRIFT_60"            65.05319    0.00000    0.00592
 "STRAY62"             65.06319    0.00000    0.00593
 "DRIFT_60"            65.07319    0.00000    0.00593
 "STRAY63"             65.08319    0.00000    0.00594
 "DRIFT_60"            65.09319    0.00000    0.00594
 "STRAY64"             65.10319    0.00000    0.00594
 "DRIFT_60"            65.11319    0.00000    0.00595
 "STRAY65"             65.12319    0.00000    0.00595
 "DRIFT_60"            65.13319    0.00000    0.00596
 "STRAY66"             65.14319    0.00000    0.00596
 "DRIFT_60"            65.15319    0.00000    0.00597
 "STRAY67"             65.16319    0.00000    0.00597
 "DRIFT_60"            65.17319    0.00000    0.00597
 "STRAY68"             65.18319    0.00000    0.00598
 "DRIFT_60"            65.19319    0.00000    0.00598
 "STRAY69"             65.20319    0.00000    0.00599
 "DRIFT_60"            65.21319    0.00000    0.00599
 "STRAY70"             65.22319    0.00000    0.00600
 "DRIFT_60"            65.23319    0.00000    0.00600
 "STRAY71"             65.24319    0.00000    0.00600
 "DRIFT_60"            65.25319    0.00000    0.00601
 "STRAY72"             65.26319    0.00000    0.00601
 "DRIFT_60"            65.27319    0.00000    0.00602
 "STRAY73"             65.28319    0.00000    0.00602
 "DRIFT_60"            65.29319    0.00000    0.00603
 "STRAY74"             65.30319    0.00000    0.00603
 "DRIFT_60"            65.31319    0.00000    0.00603
 "STRAY75"             65.32319    0.00000    0.00604
 "DRIFT_60"            65.33319    0.00000    0.00604
 "STRAY76"             65.34319    0.00000    0.00605
 "DRIFT_60"            65.35319    0.00000    0.00605
 "STRAY77"             65.36319    0.00000    0.00605
 "DRIFT_60"            65.37319    0.00000    0.00606
 "STRAY78"             65.38319    0.00000    0.00606
 "DRIFT_60"            65.39319    0.00000    0.00607
 "STRAY79"             65.40319    0.00000    0.00607
 "DRIFT_60"            65.41319    0.00000    0.00608
 "STRAY80"             65.42319    0.00000    0.00608
 "DRIFT_60"            65.43319    0.00000    0.00608
 "STRAY81"             65.44319    0.00000    0.00609
 "DRIFT_60"            65.45319    0.00000    0.00609
 "STRAY82"             65.46319    0.00000    0.00610
 "DRIFT_60"            65.47319    0.00000    0.00610
 "STRAY83"             65.48319    0.00000    0.00610
 "DRIFT_60"            65.49319    0.00000    0.00611
 "STRAY84"             65.50319    0.00000    0.00611
 "DRIFT_60"            65.51319    0.00000    0.00612
 "STRAY85"             65.52319    0.00000    0.00612
 "DRIFT_60"            65.53319    0.00000    0.00612
 "STRAY86"             65.54319    0.00000    0.00613
 "DRIFT_60"            65.55319    0.00000    0.00613
 "STRAY87"             65.56319    0.00000    0.00614
 "DRIFT_60"            65.57319    0.00000    0.00614
 "STRAY88"             65.58319    0.00000    0.00615
 "DRIFT_60"            65.59319    0.00000    0.00615
 "STRAY89"             65.60319    0.00000    0.00615
 "DRIFT_60"            65.61319    0.00000    0.00616
 "STRAY90"             65.62319    0.00000    0.00616
 "DRIFT_60"            65.63319    0.00000    0.00617
 "STRAY91"             65.64319    0.00000    0.00617
 "DRIFT_60"            65.65319    0.00000    0.00617
 "STRAY92"             65.66319    0.00000    0.00618
 "DRIFT_60"            65.67319    0.00000    0.00618
 "STRAY93"             65.68319    0.00000    0.00618
 "DRIFT_60"            65.69319    0.00000    0.00619
 "STRAY94"             65.70319    0.00000    0.00619
 "DRIFT_60"            65.71319    0.00000    0.00620
 "STRAY95"             65.72319    0.00000    0.00620
 "DRIFT_60"            65.73319    0.00000    0.00620
 "STRAY96"             65.74319    0.00000    0.00621
 "DRIFT_60"            65.75319    0.00000    0.00621
 "STRAY97"             65.76319    0.00000    0.00622
 "DRIFT_60"            65.77319    0.00000    0.00622
 "STRAY98"             65.78319    0.00000    0.00622
 "DRIFT_60"            65.79319    0.00000    0.00623
 "STRAY99"             65.80319    0.00000    0.00623
 "DRIFT_60"            65.81319    0.00000    0.00624
 "STRAY100"            65.82319    0.00000    0.00624
 "DRIFT_60"            65.83319    0.00000    0.00624
 "STRAY101"            65.84319    0.00000    0.00625
 "DRIFT_60"            65.85319    0.00000    0.00625
 "STRAY102"            65.86319    0.00000    0.00625
 "DRIFT_60"            65.87319    0.00000    0.00626
 "STRAY103"            65.88319    0.00000    0.00626
 "DRIFT_60"            65.89319    0.00000    0.00627
 "STRAY104"            65.90319    0.00000    0.00627
 "DRIFT_60"            65.91319    0.00000    0.00627
 "STRAY105"            65.92319    0.00000    0.00628
 "DRIFT_60"            65.93319    0.00000    0.00628
 "STRAY106"            65.94319    0.00000    0.00628
 "DRIFT_60"            65.95319    0.00000    0.00629
 "STRAY107"            65.96319    0.00000    0.00629
 "DRIFT_60"            65.97319    0.00000    0.00629
 "STRAY108"            65.98319    0.00000    0.00630
 "DRIFT_60"            65.99319    0.00000    0.00630
 "STRAY109"            66.00319    0.00000    0.00631
 "DRIFT_60"            66.01319    0.00000    0.00631
 "STRAY110"            66.02319    0.00000    0.00631
 "DRIFT_60"            66.03319    0.00000    0.00632
 "STRAY111"            66.04319    0.00000    0.00632
 "DRIFT_60"            66.05319    0.00000    0.00632
 "STRAY112"            66.06319    0.00000    0.00633
 "DRIFT_60"            66.07319    0.00000    0.00633
 "STRAY113"            66.08319    0.00000    0.00633
 "DRIFT_60"            66.09319    0.00000    0.00634
 "STRAY114"            66.10319    0.00000    0.00634
 "DRIFT_60"            66.11319    0.00000    0.00634
 "STRAY115"            66.12319    0.00000    0.00635
 "DRIFT_60"            66.13319    0.00000    0.00635
 "STRAY116"            66.14319    0.00000    0.00635
 "DRIFT_60"            66.15319    0.00000    0.00636
 "STRAY117"            66.16319    0.00000    0.00636
 "DRIFT_60"            66.17319    0.00000    0.00636
 "STRAY118"            66.18319    0.00000    0.00637
 "DRIFT_60"            66.19319    0.00000    0.00637
 "STRAY119"            66.20319    0.00000    0.00637
 "DRIFT_60"            66.21319    0.00000    0.00638
 "STRAY120"            66.22319    0.00000    0.00638
 "DRIFT_60"            66.23319    0.00000    0.00638
 "STRAY121"            66.24319    0.00000    0.00639
 "DRIFT_60"            66.25319    0.00000    0.00639
 "STRAY122"            66.26319    0.00000    0.00639
 "DRIFT_60"            66.27319    0.00000    0.00640
 "STRAY123"            66.28319    0.00000    0.00640
 "DRIFT_60"            66.29319    0.00000    0.00640
 "STRAY124"            66.30319    0.00000    0.00641
 "DRIFT_60"            66.31319    0.00000    0.00641
 "STRAY125"            66.32319    0.00000    0.00641
 "DRIFT_60"            66.33319    0.00000    0.00642
 "STRAY126"            66.34319    0.00000    0.00642
 "DRIFT_60"            66.35319    0.00000    0.00642
 "STRAY127"            66.36319    0.00000    0.00643
 "DRIFT_60"            66.37319    0.00000    0.00643
 "STRAY128"            66.38319    0.00000    0.00643
 "DRIFT_60"            66.39319    0.00000    0.00644
 "STRAY129"            66.40319    0.00000    0.00644
 "DRIFT_60"            66.41319    0.00000    0.00644
 "STRAY130"            66.42319    0.00000    0.00644
 "DRIFT_60"            66.43319    0.00000    0.00645
 "STRAY131"            66.44319    0.00000    0.00645
 "DRIFT_60"            66.45319    0.00000    0.00645
 "STRAY132"            66.46319    0.00000    0.00646
 "DRIFT_60"            66.47319    0.00000    0.00646
 "STRAY133"            66.48319    0.00000    0.00646
 "DRIFT_60"            66.49319    0.00000    0.00647
 "STRAY134"            66.50319    0.00000    0.00647
 "DRIFT_60"            66.51319    0.00000    0.00647
 "STRAY135"            66.52319    0.00000    0.00647
 "DRIFT_60"            66.53319    0.00000    0.00648
 "STRAY136"            66.54319    0.00000    0.00648
 "DRIFT_60"            66.55319    0.00000    0.00648
 "STRAY137"            66.56319    0.00000    0.00649
 "DRIFT_60"            66.57319    0.00000    0.00649
 "STRAY138"            66.58319    0.00000    0.00649
 "DRIFT_60"            66.59319    0.00000    0.00649
 "STRAY139"            66.60319    0.00000    0.00650
 "DRIFT_60"            66.61319    0.00000    0.00650
 "STRAY140"            66.62319    0.00001    0.00650
 "DRIFT_60"            66.63319    0.00001    0.00651
 "STRAY141"            66.64319    0.00001    0.00651
 "DRIFT_60"            66.65319    0.00001    0.00651
 "STRAY142"            66.66319    0.00001    0.00651
 "DRIFT_60"            66.67319    0.00001    0.00652
 "STRAY143"            66.68319    0.00001    0.00652
 "DRIFT_60"            66.69319    0.00001    0.00652
 "STRAY144"            66.70319    0.00001    0.00653
 "DRIFT_60"            66.71319    0.00001    0.00653
 "STRAY145"            66.72319    0.00001    0.00653
 "DRIFT_60"            66.73319    0.00001    0.00653
 "STRAY146"            66.74319    0.00001    0.00654
 "DRIFT_60"            66.75319    0.00001    0.00654
 "STRAY147"            66.76319    0.00001    0.00654
 "DRIFT_60"            66.77319    0.00001    0.00654
 "STRAY148"            66.78319    0.00001    0.00655
 "DRIFT_60"            66.79319    0.00001    0.00655
 "STRAY149"            66.80319    0.00001    0.00655
 "DRIFT_60"            66.81319    0.00001    0.00655
 "STRAY150"            66.82319    0.00001    0.00656
 "DRIFT_60"            66.83319    0.00001    0.00656
 "STRAY151"            66.84319    0.00001    0.00656
 "DRIFT_60"            66.85319    0.00001    0.00656
 "STRAY152"            66.86319    0.00001    0.00657
 "DRIFT_60"            66.87319    0.00001    0.00657
 "STRAY153"            66.88319    0.00001    0.00657
 "DRIFT_60"            66.89319    0.00001    0.00657
 "STRAY154"            66.90319    0.00001    0.00658
 "DRIFT_60"            66.91319    0.00001    0.00658
 "STRAY155"            66.92319    0.00001    0.00658
 "DRIFT_60"            66.93319    0.00001    0.00658
 "STRAY156"            66.94319    0.00001    0.00659
 "DRIFT_60"            66.95319    0.00001    0.00659
 "STRAY157"            66.96319    0.00001    0.00659
 "DRIFT_60"            66.97319    0.00001    0.00659
 "STRAY158"            66.98319    0.00001    0.00660
 "DRIFT_60"            66.99319    0.00001    0.00660
 "STRAY159"            67.00319    0.00001    0.00660
 "DRIFT_60"            67.01319    0.00001    0.00660
 "STRAY160"            67.02319    0.00001    0.00660
 "DRIFT_60"            67.03319    0.00001    0.00661
 "STRAY161"            67.04319    0.00001    0.00661
 "DRIFT_60"            67.05319    0.00001    0.00661
 "STRAY162"            67.06319    0.00001    0.00661
 "DRIFT_60"            67.07319    0.00001    0.00662
 "STRAY163"            67.08319    0.00001    0.00662
 "DRIFT_60"            67.09319    0.00001    0.00662
 "STRAY164"            67.10319    0.00001    0.00662
 "DRIFT_60"            67.11319    0.00001    0.00662
 "STRAY165"            67.12319    0.00001    0.00663
 "DRIFT_60"            67.13319    0.00001    0.00663
 "STRAY166"            67.14319    0.00001    0.00663
 "DRIFT_60"            67.15319    0.00001    0.00663
 "STRAY167"            67.16319    0.00001    0.00664
 "DRIFT_60"            67.17319    0.00001    0.00664
 "STRAY168"            67.18319    0.00001    0.00664
 "DRIFT_60"            67.19319    0.00001    0.00664
 "STRAY169"            67.20319    0.00001    0.00664
 "DRIFT_60"            67.21319    0.00001    0.00665
 "STRAY170"            67.22319    0.00001    0.00665
 "DRIFT_60"            67.23319    0.00001    0.00665
 "STRAY171"            67.24319    0.00001    0.00665
 "DRIFT_60"            67.25319    0.00001    0.00665
 "STRAY172"            67.26319    0.00001    0.00666
 "DRIFT_60"            67.27319    0.00001    0.00666
 "STRAY173"            67.28319    0.00001    0.00666
 "DRIFT_60"            67.29319    0.00001    0.00666
 "STRAY174"            67.30319    0.00001    0.00666
 "DRIFT_60"            67.31319    0.00001    0.00666
 "STRAY175"            67.32319    0.00001    0.00667
 "DRIFT_60"            67.33319    0.00001    0.00667
 "STRAY176"            67.34319    0.00001    0.00667
 "DRIFT_60"            67.35319    0.00001    0.00667
 "STRAY177"            67.36319    0.00001    0.00667
 "DRIFT_60"            67.37319    0.00001    0.00667
 "STRAY178"            67.38319    0.00001    0.00668
 "DRIFT_60"            67.39319    0.00001    0.00668
 "STRAY179"            67.40319    0.00001    0.00668
 "DRIFT_60"            67.41319    0.00001    0.00668
 "STRAY180"            67.42319    0.00001    0.00668
 "DRIFT_60"            67.43319    0.00001    0.00668
 "STRAY181"            67.44319    0.00001    0.00669
 "DRIFT_60"            67.45319    0.00001    0.00669
 "STRAY182"            67.46319    0.00001    0.00669
 "DRIFT_60"            67.47319    0.00001    0.00669
 "STRAY183"            67.48319    0.00001    0.00669
 "DRIFT_60"            67.49319    0.00001    0.00669
 "STRAY184"            67.50319    0.00001    0.00670
 "DRIFT_60"            67.51319    0.00001    0.00670
 "STRAY185"            67.52319    0.00001    0.00670
 "DRIFT_60"            67.53319    0.00001    0.00670
 "STRAY186"            67.54319    0.00001    0.00670
 "DRIFT_60"            67.55319    0.00001    0.00670
 "STRAY187"            67.56319    0.00001    0.00670
 "DRIFT_60"            67.57319    0.00001    0.00671
 "STRAY188"            67.58319    0.00001    0.00671
 "DRIFT_60"            67.59319    0.00001    0.00671
 "STRAY189"            67.60319    0.00001    0.00671
 "DRIFT_60"            67.61319    0.00001    0.00671
 "STRAY190"            67.62319    0.00001    0.00671
 "DRIFT_60"            67.63319    0.00001    0.00671
 "STRAY191"            67.64319    0.00001    0.00671
 "DRIFT_60"            67.65319    0.00001    0.00672
 "STRAY192"            67.66319    0.00001    0.00672
 "DRIFT_60"            67.67319    0.00001    0.00672
 "STRAY193"            67.68319    0.00001    0.00672
 "DRIFT_60"            67.69319    0.00001    0.00672
 "STRAY194"            67.70319    0.00001    0.00672
 "DRIFT_60"            67.71319    0.00001    0.00672
 "STRAY195"            67.72319    0.00001    0.00672
 "DRIFT_60"            67.73319    0.00001    0.00673
 "STRAY196"            67.74319    0.00001    0.00673
 "DRIFT_60"            67.75319    0.00001    0.00673
 "STRAY197"            67.76319    0.00001    0.00673
 "DRIFT_60"            67.77319    0.00001    0.00673
 "STRAY198"            67.78319    0.00001    0.00673
 "DRIFT_60"            67.79319    0.00001    0.00673
 "STRAY199"            67.80319    0.00001    0.00673
 "DRIFT_60"            67.81319    0.00001    0.00673
 "STRAY200"            67.82319    0.00001    0.00673
 "DRIFT_60"            67.83319    0.00001    0.00673
 "STRAY201"            67.84319    0.00001    0.00674
 "DRIFT_60"            67.85319    0.00001    0.00674
 "STRAY202"            67.86319    0.00001    0.00674
 "DRIFT_60"            67.87319    0.00001    0.00674
 "STRAY203"            67.88319    0.00001    0.00674
 "DRIFT_60"            67.89319    0.00001    0.00674
 "STRAY204"            67.90319    0.00001    0.00674
 "DRIFT_60"            67.91319    0.00001    0.00674
 "STRAY205"            67.92319    0.00001    0.00674
 "DRIFT_60"            67.93319    0.00001    0.00674
 "STRAY206"            67.94319    0.00001    0.00674
 "DRIFT_60"            67.95319    0.00001    0.00674
 "STRAY207"            67.96319    0.00001    0.00674
 "DRIFT_60"            67.97319    0.00001    0.00674
 "STRAY208"            67.98319    0.00001    0.00675
 "DRIFT_60"            67.99319    0.00001    0.00675
 "STRAY209"            68.00319    0.00001    0.00675
 "DRIFT_60"            68.01319    0.00001    0.00675
 "STRAY210"            68.02319    0.00001    0.00675
 "DRIFT_60"            68.03319    0.00001    0.00675
 "STRAY211"            68.04319    0.00001    0.00675
 "DRIFT_60"            68.05319    0.00002    0.00675
 "STRAY212"            68.06319    0.00002    0.00675
 "DRIFT_60"            68.07319    0.00002    0.00675
 "STRAY213"            68.08319    0.00002    0.00675
 "DRIFT_60"            68.09319    0.00002    0.00675
 "STRAY214"            68.10319    0.00002    0.00675
 "DRIFT_60"            68.11319    0.00002    0.00675
 "STRAY215"            68.12319    0.00002    0.00675
 "DRIFT_60"            68.13319    0.00002    0.00675
 "STRAY216"            68.14319    0.00002    0.00675
 "DRIFT_60"            68.15319    0.00002    0.00675
 "STRAY217"            68.16319    0.00002    0.00675
 "DRIFT_60"            68.17319    0.00002    0.00675
 "STRAY218"            68.18319    0.00002    0.00675
 "DRIFT_60"            68.19319    0.00002    0.00675
 "STRAY219"            68.20319    0.00002    0.00675
 "DRIFT_60"            68.21319    0.00002    0.00675
 "STRAY220"            68.22319    0.00002    0.00675
 "DRIFT_60"            68.23319    0.00002    0.00675
 "STRAY221"            68.24319    0.00002    0.00675
 "DRIFT_60"            68.25319    0.00002    0.00675
 "STRAY222"            68.26319    0.00002    0.00675
 "DRIFT_60"            68.27319    0.00002    0.00675
 "STRAY223"            68.28319    0.00002    0.00675
 "DRIFT_60"            68.29319    0.00002    0.00675
 "STRAY224"            68.30319    0.00002    0.00675
 "DRIFT_60"            68.31319    0.00002    0.00675
 "STRAY225"            68.32319    0.00002    0.00675
 "DRIFT_60"            68.33319    0.00002    0.00675
 "STRAY226"            68.34319    0.00002    0.00675
 "DRIFT_60"            68.35319    0.00002    0.00675
 "STRAY227"            68.36319    0.00002    0.00675
 "DRIFT_60"            68.37319    0.00002    0.00675
 "STRAY228"            68.38319    0.00002    0.00675
 "DRIFT_60"            68.39319    0.00002    0.00675
 "STRAY229"            68.40319    0.00002    0.00675
 "DRIFT_60"            68.41319    0.00002    0.00675
 "STRAY230"            68.42319    0.00002    0.00675
 "DRIFT_60"            68.43319    0.00002    0.00675
 "STRAY231"            68.44319    0.00002    0.00675
 "DRIFT_60"            68.45319    0.00002    0.00675
 "STRAY232"            68.46319    0.00002    0.00675
 "DRIFT_60"            68.47319    0.00002    0.00675
 "STRAY233"            68.48319    0.00002    0.00675
 "DRIFT_60"            68.49319    0.00002    0.00674
 "STRAY234"            68.50319    0.00002    0.00674
 "DRIFT_60"            68.51319    0.00002    0.00674
 "STRAY235"            68.52319    0.00002    0.00674
 "DRIFT_60"            68.53319    0.00002    0.00674
 "STRAY236"            68.54319    0.00002    0.00674
 "DRIFT_60"            68.55319    0.00002    0.00674
 "STRAY237"            68.56319    0.00002    0.00674
 "DRIFT_60"            68.57319    0.00002    0.00674
 "STRAY238"            68.58319    0.00002    0.00674
 "DRIFT_60"            68.59319    0.00002    0.00674
 "STRAY239"            68.60319    0.00002    0.00674
 "DRIFT_60"            68.61319    0.00002    0.00674
 "STRAY240"            68.62319    0.00002    0.00674
 "DRIFT_60"            68.63319    0.00002    0.00674
 "STRAY241"            68.64319    0.00002    0.00674
 "DRIFT_60"            68.65319    0.00002    0.00674
 "STRAY242"            68.66319    0.00002    0.00674
 "DRIFT_60"            68.67319    0.00002    0.00674
 "STRAY243"            68.68319    0.00002    0.00674
 "DRIFT_60"            68.69319    0.00002    0.00674
 "STRAY244"            68.70319    0.00002    0.00674
 "STRAY$END"           68.70319    0.00002    0.00674
 "DRIFT_61"            68.84750    0.00002    0.00673
 "PI.SMH42"            69.30180    0.00003    0.00671
 "DRIFT_62"            69.65933    0.00003    0.00669
 "POINTS"              69.70686    0.00003    0.00669
 "BTP$END"             69.70686    0.00003    0.00669
 "BT2BTP$END"          69.70686    0.00003    0.00669
