@ NAME             %05s "TWISS"
@ TYPE             %05s "TWISS"
@ SEQUENCE         %06s "BT4BTM"
@ PARTICLE         %06s "PROTON"
@ MASS             %le     0.93827
@ CHARGE           %le     1.00000
@ ENERGY           %le     2.33665
@ PC               %le     2.14000
@ GAMMA            %le     2.49038
@ KBUNCH           %le     1.00000
@ BCURRENT         %le     0.00000
@ SIGE             %le     0.00000
@ SIGT             %le     0.00000
@ NPART            %le     0.00000
@ EX               %le     1.00000
@ EY               %le     1.00000
@ ET               %le     1.00000
@ LENGTH           %le    74.24017
@ ALFA             %le     0.00000
@ ORBIT5           %le    -0.00000
@ GAMMATR          %le     0.00000
@ Q1               %le     1.30018
@ Q2               %le     1.08448
@ DQ1              %le     0.00000
@ DQ2              %le     0.00000
@ DXMAX            %le    13.47831
@ DYMAX            %le     3.36872
@ XCOMAX           %le     0.00006
@ YCOMAX           %le     0.02320
@ BETXMAX          %le   168.64306
@ BETYMAX          %le   570.69540
@ XCORMS           %le     0.00001
@ YCORMS           %le     0.00492
@ DXRMS            %le     2.83016
@ DYRMS            %le     0.69972
@ DELTAP           %le     0.00000
@ SYNCH_1          %le     0.00000
@ SYNCH_2          %le     0.00000
@ SYNCH_3          %le     0.00000
@ SYNCH_4          %le     0.00000
@ SYNCH_5          %le     0.00000
@ TITLE            %39s "BT line and BTM line. Protons - 1.4 GeV"
@ ORIGIN           %16s "5.02.05 Linux 64"
@ DATE             %08s "28/05/15"
@ TIME             %08s "16.59.56"
* NAME                        S          X          Y 
$ %s                        %le        %le        %le 
 "BT4BTM$START"         0.00000    0.00000    0.00000
 "BT4$START"            0.00000    0.00000    0.00000
 "BT4.START"            0.00000    0.00000    0.00000
 "DRIFT_0"              1.27482    0.00000    0.00000
 "BT4.BVT10"            3.00305    0.00000    0.00000
 "DRIFT_1"              3.60708    0.00000    0.00000
 "BT4.BPM00.E"          3.75770    0.00000    0.00000
 "DRIFT_2"              3.81120    0.00000    0.00000
 "BT4.BPM00"            3.86470    0.00000    0.00000
 "DRIFT_3"              3.92070    0.00000    0.00000
 "BT4.BPM00.S"          3.97670    0.00000    0.00000
 "DRIFT_4"              4.13783    0.00000    0.00000
 "BT4.DHZ10"            4.46647    0.00000    0.00000
 "DRIFT_5"              4.65611    0.00000    0.00000
 "BT4.VVS10"            4.72824    0.00000    0.00000
 "DRIFT_6"              5.57637    0.00000    0.00000
 "BT4.SMV10"            6.87290    0.00000    0.00000
 "DRIFT_7"              7.42221    0.00000    0.00000
 "BT3.BTV10"            7.47312    0.00000    0.00000
 "DRIFT_8"              7.81312    0.00000    0.00000
 "BT.VPG11"             8.15312    0.00000    0.00000
 "DRIFT_9"              8.42462    0.00000    0.00000
 "BT3.BPM10.E"          8.69613    0.00000    0.00000
 "DRIFT_2"              8.74963    0.00000    0.00000
 "BT3.BPM10"            8.80313    0.00000    0.00000
 "DRIFT_3"              8.85913    0.00000    0.00000
 "BT3.BPM10.S"          8.91513    0.00000    0.00000
 "DRIFT_10"             9.02763    0.00000    0.00000
 "BT4.QNO10"            9.37314    0.00000    0.00000
 "DRIFT_11"             9.78316    0.00000    0.00000
 "BT3.VVS20"           10.01018    0.00000    0.00000
 "DRIFT_12"            10.40721    0.00000    0.00000
 "BT3.VVS30"           10.80425    0.00000    0.00000
 "DRIFT_13"            10.99726    0.00000    0.00000
 "BT4.QNO20"           11.37329    0.00000    0.00000
 "DRIFT_14"            12.56259    0.00000    0.00000
 "BT.VGP21"            13.51888    0.00000    0.00000
 "BT.VGR21"            13.51888    0.00000    0.00000
 "BT.VPI22"            13.51888    0.00000    0.00000
 "BT.VPI22A"           13.51888    0.00000    0.00000
 "DRIFT_15"            13.73113    0.00000    0.00000
 "BT4.KFA10"           14.72340    0.00000    0.00000
 "DRIFT_16"            15.70716    0.00000    0.00000
 "BT.BTV20"            15.91091    0.00000    0.00000
 "DRIFT_17"            16.05841    0.00000    0.00000
 "BT3.DVT30"           16.37341    0.00000    0.00000
 "DRIFT_18"            16.91941    0.00000    0.00000
 "BT3.BPM20.E"         17.29791    0.00000    0.00000
 "DRIFT_2"             17.35141    0.00000    0.00000
 "BT3.BPM20"           17.40491    0.00000    0.00000
 "DRIFT_3"             17.46091    0.00000    0.00000
 "BT3.BPM20.S"         17.51691    0.00000    0.00000
 "DRIFT_19"            18.36917    0.00000    0.00000
 "BT3.DVT40"           19.42332    0.00000    0.00000
 "DRIFT_20"            19.85027    0.00000    0.00000
 "BT.VPI23"            20.07532    0.00000    0.00000
 "DRIFT_21"            20.21038    0.00000    0.00000
 "BT3.SMV20"           20.87743    0.00000    0.00000
 "DRIFT_22"            21.43593    0.00000    0.00000
 "BT3.BTV30"           21.46243    0.00000    0.00000
 "BT.VPI23B"           21.46243    0.00000    0.00000
 "DRIFT_23"            21.76143    0.00000    0.00000
 "BT3.QNO30"           22.29343    0.00000    0.00000
 "DRIFT_24"            24.08668    0.00000    0.00000
 "BT.BPM30.E"          25.64693    0.00000    0.00000
 "DRIFT_2"             25.70043    0.00000    0.00000
 "BT.BPM30"            25.75393    0.00000    0.00000
 "DRIFT_3"             25.80993    0.00000    0.00000
 "BT.BPM30.S"          25.86593    0.00000    0.00000
 "DRIFT_25"            26.01243    0.00000    0.00000
 "BT.BCT10"            26.31593    0.00000    0.00000
 "DRIFT_26"            26.57993    0.00000    0.00000
 "BT.DVT50"            26.90493    0.00000    0.00005
 "DRIFT_27"            27.51003    0.00000    0.00030
 "BT.VGP23"            27.89713    0.00000    0.00050
 "BT.VPG22"            27.89713    0.00000    0.00050
 "DRIFT_28"            28.39528    0.00000    0.00075
 "BT3.KFA20"           29.67343    0.00000    0.00138
 "DRIFT_29"            30.65718    0.00000    0.00188
 "BT.BTV40"            30.86093    0.00000    0.00198
 "DRIFT_30"            30.93568    0.00000    0.00202
 "BT.DVT60"            31.22843    0.00000    0.00216
 "DRIFT_31"            31.46591    0.00000    0.00228
 "BT.QNO40"            31.71843    0.00000    0.00245
 "DRIFT_32"            32.07021    0.00000    0.00287
 "BT.BPM40.E"          32.18893    0.00000    0.00303
 "DRIFT_2"             32.24243    0.00000    0.00311
 "BT.BPM40"            32.29593    0.00000    0.00318
 "DRIFT_3"             32.35193    0.00000    0.00325
 "BT.BPM40.S"          32.40793    0.00000    0.00333
 "DRIFT_33"            32.65118    0.00000    0.00366
 "BT.QNO50"            33.08843    0.00000    0.00419
 "DRIFT_34"            33.76130    0.00000    0.00435
 "BT4.END"             34.24017    0.00000    0.00442
 "BT4$END"             34.24017    0.00000    0.00442
 "BTM$START"           34.24017    0.00000    0.00442
 "BTM_1$START"         34.24017    0.00000    0.00442
 "BT.BHZ10"            35.00708   -0.00000    0.00454
 "DRIFT_35"            36.31075    0.00000    0.00470
 "BTM.VVS10"           36.84749    0.00000    0.00475
 "DRIFT_36"            37.01394    0.00000    0.00476
 "BTM.BTV10"           37.18039    0.00000    0.00477
 "DRIFT_37"            37.33264    0.00000    0.00478
 "BTM.QNO05"           37.76489    0.00000    0.00494
 "DRIFT_38"            38.26303    0.00000    0.00572
 "BTM_1$END"           38.48118    0.00000    0.00611
 "BTM_2$START"         38.48118    0.00000    0.00611
 "BTM.BHZ10"           39.65669   -0.00000    0.00812
 "DRIFT_39"            41.00585    0.00001    0.01039
 "BTM.QNO10"           41.45949    0.00001    0.01074
 "DRIFT_40"            41.89224    0.00001    0.00964
 "BTM.DVT10"           42.19499    0.00001    0.00864
 "DRIFT_41"            42.42699    0.00001    0.00787
 "BTM.DHZ10"           42.65899    0.00001    0.00711
 "DRIFT_42"            42.93599    0.00001    0.00619
 "BTM.QNO20"           43.34299    0.00001    0.00503
 "DRIFT_43"            43.75699    0.00001    0.00450
 "BTM.BPM00"           43.89099    0.00001    0.00438
 "DRIFT_44"            44.08174    0.00001    0.00420
 "BTM.BTV15"           44.27249    0.00001    0.00403
 "DRIFT_45"            44.37249    0.00001    0.00394
 "BTM.VPI11"           44.47249    0.00001    0.00385
 "DRIFT_46"            44.77191    0.00001    0.00358
 "BTY.BVT101"          45.64349    0.00001    0.00278
 "DRIFT_47"            46.64008    0.00000    0.00188
 "BTM.VPI11A"          47.06449    0.00000    0.00149
 "DRIFT_48"            47.40649    0.00000    0.00118
 "BTM.BSGH01"          47.74849    0.00000    0.00087
 "BTM.BSGV01"          47.74849    0.00000    0.00087
 "DRIFT_49"            48.99849   -0.00000   -0.00026
 "BTM.BSGH02"          50.24849   -0.00000   -0.00140
 "BTM.BSGV02"          50.24849   -0.00000   -0.00140
 "DRIFT_50"            50.64224   -0.00000   -0.00176
 "BTM.BPM10"           51.03599   -0.00000   -0.00212
 "DRIFT_51"            51.55924   -0.00001   -0.00259
 "BTM.BTV20"           52.08249   -0.00001   -0.00307
 "DRIFT_52"            52.41549   -0.00001   -0.00337
 "BTM.BSGH03"          52.74849   -0.00001   -0.00367
 "BTM.BSGV03"          52.74849   -0.00001   -0.00367
 "DRIFT_53"            52.88449   -0.00001   -0.00380
 "BTM.BCT10"           53.02049   -0.00001   -0.00392
 "DRIFT_54"            56.41424   -0.00002   -0.00700
 "BTM.TDU10"           59.80799   -0.00002   -0.01009
 "DRIFT_55"            62.14458   -0.00003   -0.01221
 "BTM_2$END"           64.48118   -0.00003   -0.01434
 "DRIFT_56"            69.36067   -0.00005   -0.01877
 "BTM$END"             74.24017   -0.00006   -0.02320
 "BT4BTM$END"          74.24017   -0.00006   -0.02320
