@ NAME             %05s "TWISS"
@ TYPE             %05s "TWISS"
@ SEQUENCE         %06s "BT3BTP"
@ PARTICLE         %06s "PROTON"
@ MASS             %le     0.93827
@ CHARGE           %le     1.00000
@ ENERGY           %le     2.33665
@ PC               %le     2.14000
@ GAMMA            %le     2.49038
@ KBUNCH           %le     1.00000
@ BCURRENT         %le     0.00000
@ SIGE             %le     0.00000
@ SIGT             %le     0.00000
@ NPART            %le     0.00000
@ EX               %le     1.00000
@ EY               %le     1.00000
@ ET               %le     1.00000
@ LENGTH           %le    69.69589
@ ALFA             %le     0.00000
@ ORBIT5           %le    -0.00000
@ GAMMATR          %le     0.00000
@ Q1               %le     1.38795
@ Q2               %le     0.78077
@ DQ1              %le     0.00000
@ DQ2              %le     0.00000
@ DXMAX            %le     2.26341
@ DYMAX            %le     0.04702
@ XCOMAX           %le     0.00001
@ YCOMAX           %le     0.00450
@ BETXMAX          %le    80.91781
@ BETYMAX          %le    79.88716
@ XCORMS           %le     0.00000
@ YCORMS           %le     0.00271
@ DXRMS            %le     0.94313
@ DYRMS            %le     0.02289
@ DELTAP           %le     0.00000
@ SYNCH_1          %le     0.00000
@ SYNCH_2          %le     0.00000
@ SYNCH_3          %le     0.00000
@ SYNCH_4          %le     0.00000
@ SYNCH_5          %le     0.00000
@ TITLE            %39s "BT line and BTP line. Protons - 1.4 GeV"
@ ORIGIN           %16s "5.02.05 Linux 64"
@ DATE             %08s "28/05/15"
@ TIME             %08s "16.59.58"
* NAME                        S          X          Y 
$ %s                        %le        %le        %le 
 "BT3BTP$START"         0.00000    0.00000    0.00000
 "BT3$START"            0.00000    0.00000    0.00000
 "BT3.START"            0.00000    0.00000    0.00000
 "DRIFT_0"              1.30035    0.00000    0.00000
 "BT3.DVT10"            2.80260    0.00000    0.00000
 "DRIFT_1"              3.40006    0.00000    0.00000
 "BT3.BPM00.E"          3.79561    0.00000    0.00000
 "DRIFT_2"              3.84911    0.00000    0.00000
 "BT3.BPM00"            3.90261    0.00000    0.00000
 "DRIFT_3"              3.95861    0.00000    0.00000
 "BT3.BPM00.S"          4.01461    0.00000    0.00000
 "DRIFT_4"              4.15486    0.00000    0.00000
 "BT3.DHZ10"            4.46262    0.00000    0.00000
 "DRIFT_5"              4.72737    0.00000    0.00000
 "BT3.VVS10"            4.87462    0.00000    0.00000
 "DRIFT_6"              5.19067    0.00000    0.00000
 "BT3.DVT20"            5.65863    0.00000    0.00000
 "DRIFT_7"              6.09560    0.00000    0.00000
 "BT3.SMV10"            6.86265    0.00000    0.00000
 "DRIFT_8"              7.42865    0.00000    0.00000
 "BT3.BTV10"            7.46266    0.00000    0.00000
 "DRIFT_9"              7.80266    0.00000    0.00000
 "BT.VPG11"             8.14267    0.00000    0.00000
 "DRIFT_10"             8.41417    0.00000    0.00000
 "BT3.BPM10.E"          8.68568    0.00000    0.00000
 "DRIFT_2"              8.73918    0.00000    0.00000
 "BT3.BPM10"            8.79268    0.00000    0.00000
 "DRIFT_3"              8.84868    0.00000    0.00000
 "BT3.BPM10.S"          8.90468    0.00000    0.00000
 "DRIFT_11"             9.01718    0.00000    0.00000
 "BT3.QNO10"            9.36269    0.00000    0.00000
 "DRIFT_12"             9.77269    0.00000    0.00000
 "BT3.VVS20"            9.99969    0.00000    0.00000
 "DRIFT_13"            10.39669    0.00000    0.00000
 "BT3.VVS30"           10.79370    0.00000    0.00000
 "DRIFT_14"            10.98670    0.00000    0.00000
 "BT3.QNO20"           11.36270    0.00000    0.00000
 "DRIFT_15"            12.55195    0.00000    0.00000
 "BT.VGP21"            13.50820    0.00000    0.00000
 "BT.VGR21"            13.50820    0.00000    0.00000
 "BT.VPI22"            13.50820    0.00000    0.00000
 "BT.VPI22A"           13.50820    0.00000    0.00000
 "DRIFT_16"            13.72045    0.00000    0.00000
 "BT3.KFA10"           14.71270    0.00000    0.00000
 "DRIFT_17"            15.69645    0.00000    0.00000
 "BT.BTV20"            15.90020    0.00000    0.00000
 "DRIFT_18"            16.04770    0.00000    0.00000
 "BT3.DVT30"           16.36270    0.00000    0.00000
 "DRIFT_19"            16.90870    0.00000    0.00000
 "BT3.BPM20.E"         17.28720    0.00000    0.00000
 "DRIFT_2"             17.34070    0.00000    0.00000
 "BT3.BPM20"           17.39420    0.00000    0.00000
 "DRIFT_3"             17.45020    0.00000    0.00000
 "BT3.BPM20.S"         17.50620    0.00000    0.00000
 "DRIFT_20"            18.35846    0.00000    0.00000
 "BT3.DVT40"           19.41261    0.00000    0.00000
 "DRIFT_21"            19.83956    0.00000    0.00000
 "BT.VPI23"            20.06461    0.00000    0.00000
 "DRIFT_22"            20.19967    0.00000    0.00000
 "BT3.SMV20"           20.86672    0.00000    0.00000
 "DRIFT_23"            21.42522    0.00000    0.00000
 "BT3.BTV30"           21.45172    0.00000    0.00000
 "BT.VPI23B"           21.45172    0.00000    0.00000
 "DRIFT_24"            21.75072    0.00000    0.00000
 "BT3.QNO30"           22.28272    0.00000    0.00000
 "DRIFT_25"            24.07597    0.00000    0.00000
 "BT.BPM30.E"          25.63622    0.00000    0.00000
 "DRIFT_2"             25.68972    0.00000    0.00000
 "BT.BPM30"            25.74322    0.00000    0.00000
 "DRIFT_3"             25.79922    0.00000    0.00000
 "BT.BPM30.S"          25.85522    0.00000    0.00000
 "DRIFT_26"            26.00172    0.00000    0.00000
 "BT.BCT10"            26.30522    0.00000    0.00000
 "DRIFT_27"            26.56922    0.00000    0.00000
 "BT.DVT50"            26.89422    0.00000    0.00000
 "DRIFT_28"            27.49932    0.00000    0.00000
 "BT.VGP23"            27.88642    0.00000    0.00000
 "BT.VPG22"            27.88642    0.00000    0.00000
 "DRIFT_29"            28.38457    0.00000    0.00000
 "BT3.KFA20"           29.66272    0.00000    0.00000
 "DRIFT_17"            30.64647    0.00000    0.00000
 "BT.BTV40"            30.85022    0.00000    0.00000
 "DRIFT_30"            30.92497    0.00000    0.00000
 "BT.DVT60"            31.21772    0.00000    0.00000
 "DRIFT_31"            31.45520    0.00000    0.00000
 "BT.QNO40"            31.70772    0.00000    0.00000
 "DRIFT_32"            32.05950    0.00000    0.00000
 "BT.BPM40.E"          32.17822    0.00000    0.00000
 "DRIFT_2"             32.23172    0.00000    0.00000
 "BT.BPM40"            32.28522    0.00000    0.00000
 "DRIFT_3"             32.34122    0.00000    0.00000
 "BT.BPM40.S"          32.39722    0.00000    0.00000
 "DRIFT_33"            32.64047    0.00000    0.00000
 "BT.QNO50"            33.07772    0.00000    0.00000
 "DRIFT_34"            33.75059    0.00000    0.00000
 "BT3.END"             34.22946    0.00000    0.00000
 "BT3$END"             34.22946    0.00000    0.00000
 "BTP$START"           34.22946    0.00000    0.00000
 "BT.BHZ10"            34.99616    0.00000    0.00000
 "DRIFT_35"            35.97472    0.00000    0.00000
 "BTP.VVS10"           36.18658    0.00000    0.00000
 "DRIFT_36"            36.23733    0.00000    0.00000
 "BTP.STP10"           37.01658    0.00000    0.00000
 "DRIFT_37"            37.93158    0.00000    0.00000
 "BTP.BPM00.E"         38.11808    0.00000    0.00000
 "DRIFT_2"             38.17158    0.00000    0.00000
 "BTP.BPM00"           38.22508    0.00000    0.00000
 "DRIFT_3"             38.28108    0.00000    0.00000
 "BTP.BPM00.S"         38.33708    0.00000    0.00000
 "DRIFT_38"            38.56733    0.00000    0.00000
 "BTP.DHZ10"           39.01558    0.00000    0.00000
 "DRIFT_39"            39.25558    0.00000    0.00000
 "BTP.DVT10"           39.49558    0.00000    0.00000
 "DRIFT_40"            40.03933    0.00000    0.00000
 "BTP.QNO10"           40.59758    0.00000    0.00000
 "DRIFT_41"            43.09558    0.00000    0.00000
 "BTP.QNO20"           45.59358    0.00000    0.00000
 "DRIFT_30"            45.90083    0.00000    0.00000
 "BTP.DHZ20"           46.19358    0.00000    0.00000
 "DRIFT_42"            46.52558    0.00000    0.00000
 "BTP.BPM10.E"         46.63958    0.00000    0.00000
 "DRIFT_2"             46.69308    0.00000    0.00000
 "BTP.BPM10"           46.74658    0.00000    0.00000
 "DRIFT_3"             46.80258    0.00000    0.00000
 "BTP.BPM10.S"         46.85858    0.00000    0.00000
 "DRIFT_43"            47.06708    0.00000    0.00000
 "BTP.DVT20"           47.49358    0.00000    0.00000
 "DRIFT_30"            47.78633    0.00000    0.00000
 "BTP.QNO30"           48.09358    0.00000    0.00000
 "DRIFT_44"            48.75483    0.00000    0.00000
 "BTP.VPI11"           49.18358    0.00000    0.00000
 "DRIFT_45"            51.17333    0.00000    0.00000
 "BTP.QNO40"           53.39558    0.00000    0.00000
 "DRIFT_46"            53.67783    0.00000    0.00000
 "BTP.DHZ30"           53.94558    0.00000    0.00000
 "DRIFT_47"            54.24933    0.00000    0.00000
 "BTP.BPM20.E"         54.33508    0.00000    0.00000
 "DRIFT_2"             54.38858    0.00000    0.00000
 "BTP.BPM20"           54.44208    0.00000    0.00000
 "DRIFT_3"             54.49808    0.00000    0.00000
 "BTP.BPM20.S"         54.55408    0.00000    0.00000
 "DRIFT_48"            54.75833    0.00000    0.00000
 "BTP.DVT30"           55.18058    0.00000    0.00000
 "DRIFT_49"            55.53083    0.00000    0.00000
 "BTP.QNO50"           55.89558    0.00000    0.00000
 "DRIFT_50"            57.78433    0.00000    0.00000
 "BTP.VPI12"           59.44058    0.00000    0.00000
 "DRIFT_51"            59.81388    0.00000    0.00000
 "BTP.BCT10"           60.41158    0.00000    0.00000
 "DRIFT_52"            60.69078    0.00000    0.00000
 "BTP.DVT40"           60.96358    0.00000    0.00005
 "DRIFT_53"            61.27183    0.00000    0.00015
 "BTP.QNO60"           61.59458    0.00000    0.00032
 "DRIFT_54"            61.94383    0.00000    0.00052
 "BTP.BPM30.E"         62.06058    0.00000    0.00059
 "DRIFT_2"             62.11408    0.00000    0.00062
 "BTP.BPM30"           62.16758    0.00000    0.00066
 "DRIFT_3"             62.22358    0.00000    0.00069
 "BTP.BPM30.S"         62.27958    0.00000    0.00072
 "DRIFT_55"            62.42408    0.00000    0.00081
 "BTP.BTV10"           62.70358    0.00000    0.00098
 "DRIFT_56"            62.86358    0.00000    0.00107
 "BTP.VVS20"           62.88858    0.00000    0.00109
 "DRIFT_57"            63.02508    0.00000    0.00117
 "BTP.DHZ40"           63.16158    0.00000    0.00125
 "DRIFT_58"            63.35508    0.00000    0.00137
 "BTP.DVT50"           63.54858    0.00000    0.00149
 "DRIFT_59"            63.69040    0.00000    0.00157
 "STRAY$START"         63.83222    0.00000    0.00166
 "STRAY1"              63.83222    0.00000    0.00166
 "DRIFT_60"            63.84222    0.00000    0.00166
 "STRAY2"              63.85222    0.00000    0.00167
 "DRIFT_60"            63.86222    0.00000    0.00167
 "STRAY3"              63.87222    0.00000    0.00168
 "DRIFT_60"            63.88222    0.00000    0.00169
 "STRAY4"              63.89222    0.00000    0.00169
 "DRIFT_60"            63.90222    0.00000    0.00170
 "STRAY5"              63.91222    0.00000    0.00170
 "DRIFT_60"            63.92222    0.00000    0.00171
 "STRAY6"              63.93222    0.00000    0.00172
 "DRIFT_60"            63.94222    0.00000    0.00172
 "STRAY7"              63.95222    0.00000    0.00173
 "DRIFT_60"            63.96222    0.00000    0.00173
 "STRAY8"              63.97222    0.00000    0.00174
 "DRIFT_60"            63.98222    0.00000    0.00175
 "STRAY9"              63.99222    0.00000    0.00175
 "DRIFT_60"            64.00222    0.00000    0.00176
 "STRAY10"             64.01222    0.00000    0.00176
 "DRIFT_60"            64.02222    0.00000    0.00177
 "STRAY11"             64.03222    0.00000    0.00178
 "DRIFT_60"            64.04222    0.00000    0.00178
 "STRAY12"             64.05222    0.00000    0.00179
 "DRIFT_60"            64.06222    0.00000    0.00179
 "STRAY13"             64.07222    0.00000    0.00180
 "DRIFT_60"            64.08222    0.00000    0.00181
 "STRAY14"             64.09222    0.00000    0.00181
 "DRIFT_60"            64.10222    0.00000    0.00182
 "STRAY15"             64.11222    0.00000    0.00182
 "DRIFT_60"            64.12222    0.00000    0.00183
 "STRAY16"             64.13222    0.00000    0.00184
 "DRIFT_60"            64.14222    0.00000    0.00184
 "STRAY17"             64.15222    0.00000    0.00185
 "DRIFT_60"            64.16222    0.00000    0.00185
 "STRAY18"             64.17222    0.00000    0.00186
 "DRIFT_60"            64.18222    0.00000    0.00187
 "STRAY19"             64.19222    0.00000    0.00187
 "DRIFT_60"            64.20222    0.00000    0.00188
 "STRAY20"             64.21222    0.00000    0.00188
 "DRIFT_60"            64.22222    0.00000    0.00189
 "STRAY21"             64.23222    0.00000    0.00190
 "DRIFT_60"            64.24222    0.00000    0.00190
 "STRAY22"             64.25222    0.00000    0.00191
 "DRIFT_60"            64.26222    0.00000    0.00191
 "STRAY23"             64.27222    0.00000    0.00192
 "DRIFT_60"            64.28222    0.00000    0.00193
 "STRAY24"             64.29222    0.00000    0.00193
 "DRIFT_60"            64.30222    0.00000    0.00194
 "STRAY25"             64.31222    0.00000    0.00194
 "DRIFT_60"            64.32222    0.00000    0.00195
 "STRAY26"             64.33222    0.00000    0.00196
 "DRIFT_60"            64.34222    0.00000    0.00196
 "STRAY27"             64.35222    0.00000    0.00197
 "DRIFT_60"            64.36222    0.00000    0.00197
 "STRAY28"             64.37222    0.00000    0.00198
 "DRIFT_60"            64.38222    0.00000    0.00199
 "STRAY29"             64.39222    0.00000    0.00199
 "DRIFT_60"            64.40222    0.00000    0.00200
 "STRAY30"             64.41222    0.00000    0.00200
 "DRIFT_60"            64.42222    0.00000    0.00201
 "STRAY31"             64.43222    0.00000    0.00201
 "DRIFT_60"            64.44222    0.00000    0.00202
 "STRAY32"             64.45222    0.00000    0.00203
 "DRIFT_60"            64.46222    0.00000    0.00203
 "STRAY33"             64.47222    0.00000    0.00204
 "DRIFT_60"            64.48222    0.00000    0.00204
 "STRAY34"             64.49222    0.00000    0.00205
 "DRIFT_60"            64.50222    0.00000    0.00206
 "STRAY35"             64.51222    0.00000    0.00206
 "DRIFT_60"            64.52222    0.00000    0.00207
 "STRAY36"             64.53222    0.00000    0.00207
 "DRIFT_60"            64.54222    0.00000    0.00208
 "STRAY37"             64.55222    0.00000    0.00209
 "DRIFT_60"            64.56222    0.00000    0.00209
 "STRAY38"             64.57222    0.00000    0.00210
 "DRIFT_60"            64.58222    0.00000    0.00210
 "STRAY39"             64.59222    0.00000    0.00211
 "DRIFT_60"            64.60222    0.00000    0.00212
 "STRAY40"             64.61222    0.00000    0.00212
 "DRIFT_60"            64.62222    0.00000    0.00213
 "STRAY41"             64.63222    0.00000    0.00213
 "DRIFT_60"            64.64222    0.00000    0.00214
 "STRAY42"             64.65222    0.00000    0.00215
 "DRIFT_60"            64.66222    0.00000    0.00215
 "STRAY43"             64.67222    0.00000    0.00216
 "DRIFT_60"            64.68222    0.00000    0.00216
 "STRAY44"             64.69222    0.00000    0.00217
 "DRIFT_60"            64.70222    0.00000    0.00218
 "STRAY45"             64.71222    0.00000    0.00218
 "DRIFT_60"            64.72222    0.00000    0.00219
 "STRAY46"             64.73222    0.00000    0.00219
 "DRIFT_60"            64.74222    0.00000    0.00220
 "STRAY47"             64.75222    0.00000    0.00221
 "DRIFT_60"            64.76222    0.00000    0.00221
 "STRAY48"             64.77222    0.00000    0.00222
 "DRIFT_60"            64.78222    0.00000    0.00222
 "STRAY49"             64.79222    0.00000    0.00223
 "DRIFT_60"            64.80222    0.00000    0.00224
 "STRAY50"             64.81222    0.00000    0.00224
 "DRIFT_60"            64.82222    0.00000    0.00225
 "STRAY51"             64.83222    0.00000    0.00225
 "DRIFT_60"            64.84222    0.00000    0.00226
 "STRAY52"             64.85222    0.00000    0.00227
 "DRIFT_60"            64.86222    0.00000    0.00227
 "STRAY53"             64.87222    0.00000    0.00228
 "DRIFT_60"            64.88222    0.00000    0.00228
 "STRAY54"             64.89222    0.00000    0.00229
 "DRIFT_60"            64.90222    0.00000    0.00230
 "STRAY55"             64.91222    0.00000    0.00230
 "DRIFT_60"            64.92222    0.00000    0.00231
 "STRAY56"             64.93222    0.00000    0.00231
 "DRIFT_60"            64.94222    0.00000    0.00232
 "STRAY57"             64.95222    0.00000    0.00233
 "DRIFT_60"            64.96222    0.00000    0.00233
 "STRAY58"             64.97222    0.00000    0.00234
 "DRIFT_60"            64.98222    0.00000    0.00234
 "STRAY59"             64.99222    0.00000    0.00235
 "DRIFT_60"            65.00222    0.00000    0.00236
 "STRAY60"             65.01222    0.00000    0.00236
 "DRIFT_60"            65.02222    0.00000    0.00237
 "STRAY61"             65.03222    0.00000    0.00237
 "DRIFT_60"            65.04222    0.00000    0.00238
 "STRAY62"             65.05222    0.00000    0.00238
 "DRIFT_60"            65.06222    0.00000    0.00239
 "STRAY63"             65.07222    0.00000    0.00240
 "DRIFT_60"            65.08222    0.00000    0.00240
 "STRAY64"             65.09222    0.00000    0.00241
 "DRIFT_60"            65.10222    0.00000    0.00241
 "STRAY65"             65.11222    0.00000    0.00242
 "DRIFT_60"            65.12222    0.00000    0.00243
 "STRAY66"             65.13222    0.00000    0.00243
 "DRIFT_60"            65.14222    0.00000    0.00244
 "STRAY67"             65.15222    0.00000    0.00244
 "DRIFT_60"            65.16222    0.00000    0.00245
 "STRAY68"             65.17222    0.00000    0.00246
 "DRIFT_60"            65.18222    0.00000    0.00246
 "STRAY69"             65.19222    0.00000    0.00247
 "DRIFT_60"            65.20222    0.00000    0.00247
 "STRAY70"             65.21222    0.00000    0.00248
 "DRIFT_60"            65.22222    0.00000    0.00249
 "STRAY71"             65.23222    0.00000    0.00249
 "DRIFT_60"            65.24222    0.00000    0.00250
 "STRAY72"             65.25222    0.00000    0.00250
 "DRIFT_60"            65.26222    0.00000    0.00251
 "STRAY73"             65.27222    0.00000    0.00251
 "DRIFT_60"            65.28222    0.00000    0.00252
 "STRAY74"             65.29222    0.00000    0.00253
 "DRIFT_60"            65.30222    0.00000    0.00253
 "STRAY75"             65.31222    0.00000    0.00254
 "DRIFT_60"            65.32222    0.00000    0.00254
 "STRAY76"             65.33222    0.00000    0.00255
 "DRIFT_60"            65.34222    0.00000    0.00256
 "STRAY77"             65.35222    0.00000    0.00256
 "DRIFT_60"            65.36222    0.00000    0.00257
 "STRAY78"             65.37222    0.00000    0.00257
 "DRIFT_60"            65.38222    0.00000    0.00258
 "STRAY79"             65.39222    0.00000    0.00259
 "DRIFT_60"            65.40222    0.00000    0.00259
 "STRAY80"             65.41222    0.00000    0.00260
 "DRIFT_60"            65.42222    0.00000    0.00260
 "STRAY81"             65.43222    0.00000    0.00261
 "DRIFT_60"            65.44222    0.00000    0.00261
 "STRAY82"             65.45222    0.00000    0.00262
 "DRIFT_60"            65.46222    0.00000    0.00263
 "STRAY83"             65.47222    0.00000    0.00263
 "DRIFT_60"            65.48222    0.00000    0.00264
 "STRAY84"             65.49222    0.00000    0.00264
 "DRIFT_60"            65.50222    0.00000    0.00265
 "STRAY85"             65.51222    0.00000    0.00266
 "DRIFT_60"            65.52222    0.00000    0.00266
 "STRAY86"             65.53222    0.00000    0.00267
 "DRIFT_60"            65.54222    0.00000    0.00267
 "STRAY87"             65.55222    0.00000    0.00268
 "DRIFT_60"            65.56222    0.00000    0.00268
 "STRAY88"             65.57222    0.00000    0.00269
 "DRIFT_60"            65.58222    0.00000    0.00270
 "STRAY89"             65.59222    0.00000    0.00270
 "DRIFT_60"            65.60222    0.00000    0.00271
 "STRAY90"             65.61222    0.00000    0.00271
 "DRIFT_60"            65.62222    0.00000    0.00272
 "STRAY91"             65.63222    0.00000    0.00272
 "DRIFT_60"            65.64222    0.00000    0.00273
 "STRAY92"             65.65222    0.00000    0.00274
 "DRIFT_60"            65.66222    0.00000    0.00274
 "STRAY93"             65.67222    0.00000    0.00275
 "DRIFT_60"            65.68222    0.00000    0.00275
 "STRAY94"             65.69222    0.00000    0.00276
 "DRIFT_60"            65.70222    0.00000    0.00276
 "STRAY95"             65.71222    0.00000    0.00277
 "DRIFT_60"            65.72222    0.00000    0.00278
 "STRAY96"             65.73222    0.00000    0.00278
 "DRIFT_60"            65.74222    0.00000    0.00279
 "STRAY97"             65.75222    0.00000    0.00279
 "DRIFT_60"            65.76222    0.00000    0.00280
 "STRAY98"             65.77222    0.00000    0.00280
 "DRIFT_60"            65.78222    0.00000    0.00281
 "STRAY99"             65.79222    0.00000    0.00282
 "DRIFT_60"            65.80222    0.00000    0.00282
 "STRAY100"            65.81222    0.00000    0.00283
 "DRIFT_60"            65.82222    0.00000    0.00283
 "STRAY101"            65.83222    0.00000    0.00284
 "DRIFT_60"            65.84222    0.00000    0.00284
 "STRAY102"            65.85222    0.00000    0.00285
 "DRIFT_60"            65.86222    0.00000    0.00286
 "STRAY103"            65.87222    0.00000    0.00286
 "DRIFT_60"            65.88222    0.00000    0.00287
 "STRAY104"            65.89222    0.00000    0.00287
 "DRIFT_60"            65.90222    0.00000    0.00288
 "STRAY105"            65.91222    0.00000    0.00288
 "DRIFT_60"            65.92222    0.00000    0.00289
 "STRAY106"            65.93222    0.00000    0.00290
 "DRIFT_60"            65.94222    0.00000    0.00290
 "STRAY107"            65.95222    0.00000    0.00291
 "DRIFT_60"            65.96222    0.00000    0.00291
 "STRAY108"            65.97222    0.00000    0.00292
 "DRIFT_60"            65.98222    0.00000    0.00292
 "STRAY109"            65.99222    0.00000    0.00293
 "DRIFT_60"            66.00222    0.00000    0.00293
 "STRAY110"            66.01222    0.00000    0.00294
 "DRIFT_60"            66.02222    0.00000    0.00295
 "STRAY111"            66.03222    0.00000    0.00295
 "DRIFT_60"            66.04222    0.00000    0.00296
 "STRAY112"            66.05222    0.00000    0.00296
 "DRIFT_60"            66.06222    0.00000    0.00297
 "STRAY113"            66.07222    0.00000    0.00297
 "DRIFT_60"            66.08222    0.00000    0.00298
 "STRAY114"            66.09222    0.00000    0.00298
 "DRIFT_60"            66.10222    0.00000    0.00299
 "STRAY115"            66.11222    0.00000    0.00300
 "DRIFT_60"            66.12222    0.00000    0.00300
 "STRAY116"            66.13222    0.00000    0.00301
 "DRIFT_60"            66.14222    0.00000    0.00301
 "STRAY117"            66.15222    0.00000    0.00302
 "DRIFT_60"            66.16222    0.00000    0.00302
 "STRAY118"            66.17222    0.00000    0.00303
 "DRIFT_60"            66.18222    0.00000    0.00303
 "STRAY119"            66.19222    0.00000    0.00304
 "DRIFT_60"            66.20222    0.00000    0.00305
 "STRAY120"            66.21222    0.00000    0.00305
 "DRIFT_60"            66.22222    0.00000    0.00306
 "STRAY121"            66.23222    0.00000    0.00306
 "DRIFT_60"            66.24222    0.00000    0.00307
 "STRAY122"            66.25222    0.00000    0.00307
 "DRIFT_60"            66.26222    0.00000    0.00308
 "STRAY123"            66.27222    0.00000    0.00308
 "DRIFT_60"            66.28222    0.00000    0.00309
 "STRAY124"            66.29222    0.00000    0.00309
 "DRIFT_60"            66.30222    0.00000    0.00310
 "STRAY125"            66.31222    0.00000    0.00311
 "DRIFT_60"            66.32222    0.00000    0.00311
 "STRAY126"            66.33222    0.00000    0.00312
 "DRIFT_60"            66.34222    0.00000    0.00312
 "STRAY127"            66.35222    0.00000    0.00313
 "DRIFT_60"            66.36222    0.00000    0.00313
 "STRAY128"            66.37222    0.00000    0.00314
 "DRIFT_60"            66.38222    0.00000    0.00314
 "STRAY129"            66.39222    0.00000    0.00315
 "DRIFT_60"            66.40222    0.00000    0.00315
 "STRAY130"            66.41222    0.00000    0.00316
 "DRIFT_60"            66.42222    0.00000    0.00316
 "STRAY131"            66.43222    0.00000    0.00317
 "DRIFT_60"            66.44222    0.00000    0.00317
 "STRAY132"            66.45222    0.00000    0.00318
 "DRIFT_60"            66.46222    0.00000    0.00319
 "STRAY133"            66.47222    0.00000    0.00319
 "DRIFT_60"            66.48222    0.00000    0.00320
 "STRAY134"            66.49222    0.00000    0.00320
 "DRIFT_60"            66.50222    0.00000    0.00321
 "STRAY135"            66.51222    0.00000    0.00321
 "DRIFT_60"            66.52222    0.00000    0.00322
 "STRAY136"            66.53222    0.00000    0.00322
 "DRIFT_60"            66.54222    0.00000    0.00323
 "STRAY137"            66.55222    0.00000    0.00323
 "DRIFT_60"            66.56222    0.00000    0.00324
 "STRAY138"            66.57222    0.00000    0.00324
 "DRIFT_60"            66.58222    0.00000    0.00325
 "STRAY139"            66.59222    0.00000    0.00325
 "DRIFT_60"            66.60222    0.00000    0.00326
 "STRAY140"            66.61222    0.00000    0.00326
 "DRIFT_60"            66.62222    0.00000    0.00327
 "STRAY141"            66.63222    0.00000    0.00327
 "DRIFT_60"            66.64222    0.00000    0.00328
 "STRAY142"            66.65222    0.00000    0.00329
 "DRIFT_60"            66.66222    0.00000    0.00329
 "STRAY143"            66.67222    0.00000    0.00330
 "DRIFT_60"            66.68222    0.00000    0.00330
 "STRAY144"            66.69222    0.00000    0.00331
 "DRIFT_60"            66.70222    0.00000    0.00331
 "STRAY145"            66.71222    0.00000    0.00332
 "DRIFT_60"            66.72222    0.00000    0.00332
 "STRAY146"            66.73222    0.00000    0.00333
 "DRIFT_60"            66.74222    0.00000    0.00333
 "STRAY147"            66.75222    0.00000    0.00334
 "DRIFT_60"            66.76222    0.00000    0.00334
 "STRAY148"            66.77222    0.00000    0.00335
 "DRIFT_60"            66.78222    0.00000    0.00335
 "STRAY149"            66.79222    0.00000    0.00336
 "DRIFT_60"            66.80222    0.00000    0.00336
 "STRAY150"            66.81222    0.00000    0.00337
 "DRIFT_60"            66.82222    0.00000    0.00337
 "STRAY151"            66.83222    0.00000    0.00338
 "DRIFT_60"            66.84222    0.00000    0.00338
 "STRAY152"            66.85222    0.00000    0.00339
 "DRIFT_60"            66.86222    0.00000    0.00339
 "STRAY153"            66.87222    0.00000    0.00340
 "DRIFT_60"            66.88222    0.00000    0.00340
 "STRAY154"            66.89222    0.00000    0.00341
 "DRIFT_60"            66.90222    0.00000    0.00341
 "STRAY155"            66.91222    0.00000    0.00342
 "DRIFT_60"            66.92222    0.00000    0.00342
 "STRAY156"            66.93222    0.00000    0.00343
 "DRIFT_60"            66.94222    0.00000    0.00343
 "STRAY157"            66.95222    0.00000    0.00344
 "DRIFT_60"            66.96222    0.00000    0.00344
 "STRAY158"            66.97222    0.00000    0.00345
 "DRIFT_60"            66.98222    0.00000    0.00345
 "STRAY159"            66.99222    0.00000    0.00346
 "DRIFT_60"            67.00222    0.00000    0.00346
 "STRAY160"            67.01222    0.00000    0.00347
 "DRIFT_60"            67.02222    0.00000    0.00347
 "STRAY161"            67.03222    0.00000    0.00348
 "DRIFT_60"            67.04222    0.00000    0.00348
 "STRAY162"            67.05222    0.00000    0.00349
 "DRIFT_60"            67.06222    0.00000    0.00349
 "STRAY163"            67.07222    0.00000    0.00350
 "DRIFT_60"            67.08222    0.00000    0.00350
 "STRAY164"            67.09222    0.00000    0.00351
 "DRIFT_60"            67.10222    0.00000    0.00351
 "STRAY165"            67.11222    0.00000    0.00352
 "DRIFT_60"            67.12222    0.00000    0.00352
 "STRAY166"            67.13222    0.00000    0.00353
 "DRIFT_60"            67.14222    0.00000    0.00353
 "STRAY167"            67.15222    0.00000    0.00354
 "DRIFT_60"            67.16222    0.00000    0.00354
 "STRAY168"            67.17222    0.00000    0.00355
 "DRIFT_60"            67.18222    0.00000    0.00355
 "STRAY169"            67.19222    0.00000    0.00356
 "DRIFT_60"            67.20222    0.00000    0.00356
 "STRAY170"            67.21222    0.00000    0.00357
 "DRIFT_60"            67.22222    0.00000    0.00357
 "STRAY171"            67.23222    0.00000    0.00357
 "DRIFT_60"            67.24222    0.00000    0.00358
 "STRAY172"            67.25222    0.00000    0.00358
 "DRIFT_60"            67.26222    0.00000    0.00359
 "STRAY173"            67.27222    0.00000    0.00359
 "DRIFT_60"            67.28222    0.00000    0.00360
 "STRAY174"            67.29222    0.00000    0.00360
 "DRIFT_60"            67.30222    0.00000    0.00361
 "STRAY175"            67.31222    0.00000    0.00361
 "DRIFT_60"            67.32222    0.00000    0.00362
 "STRAY176"            67.33222    0.00000    0.00362
 "DRIFT_60"            67.34222    0.00000    0.00363
 "STRAY177"            67.35222    0.00000    0.00363
 "DRIFT_60"            67.36222    0.00000    0.00364
 "STRAY178"            67.37222    0.00000    0.00364
 "DRIFT_60"            67.38222    0.00000    0.00365
 "STRAY179"            67.39222    0.00000    0.00365
 "DRIFT_60"            67.40222    0.00000    0.00365
 "STRAY180"            67.41222    0.00000    0.00366
 "DRIFT_60"            67.42222    0.00000    0.00366
 "STRAY181"            67.43222    0.00000    0.00367
 "DRIFT_60"            67.44222    0.00000    0.00367
 "STRAY182"            67.45222    0.00000    0.00368
 "DRIFT_60"            67.46222    0.00000    0.00368
 "STRAY183"            67.47222    0.00000    0.00369
 "DRIFT_60"            67.48222    0.00000    0.00369
 "STRAY184"            67.49222    0.00000    0.00370
 "DRIFT_60"            67.50222    0.00000    0.00370
 "STRAY185"            67.51222    0.00000    0.00370
 "DRIFT_60"            67.52222    0.00000    0.00371
 "STRAY186"            67.53222    0.00000    0.00371
 "DRIFT_60"            67.54222    0.00000    0.00372
 "STRAY187"            67.55222    0.00000    0.00372
 "DRIFT_60"            67.56222    0.00000    0.00373
 "STRAY188"            67.57222    0.00000    0.00373
 "DRIFT_60"            67.58222    0.00000    0.00374
 "STRAY189"            67.59222    0.00000    0.00374
 "DRIFT_60"            67.60222    0.00000    0.00374
 "STRAY190"            67.61222    0.00000    0.00375
 "DRIFT_60"            67.62222    0.00000    0.00375
 "STRAY191"            67.63222    0.00000    0.00376
 "DRIFT_60"            67.64222    0.00000    0.00376
 "STRAY192"            67.65222    0.00000    0.00377
 "DRIFT_60"            67.66222    0.00000    0.00377
 "STRAY193"            67.67222    0.00000    0.00378
 "DRIFT_60"            67.68222    0.00000    0.00378
 "STRAY194"            67.69222    0.00000    0.00378
 "DRIFT_60"            67.70222    0.00000    0.00379
 "STRAY195"            67.71222    0.00000    0.00379
 "DRIFT_60"            67.72222    0.00000    0.00380
 "STRAY196"            67.73222    0.00000    0.00380
 "DRIFT_60"            67.74222    0.00000    0.00381
 "STRAY197"            67.75222    0.00000    0.00381
 "DRIFT_60"            67.76222    0.00000    0.00381
 "STRAY198"            67.77222    0.00000    0.00382
 "DRIFT_60"            67.78222    0.00000    0.00382
 "STRAY199"            67.79222    0.00000    0.00383
 "DRIFT_60"            67.80222    0.00000    0.00383
 "STRAY200"            67.81222    0.00000    0.00383
 "DRIFT_60"            67.82222    0.00000    0.00384
 "STRAY201"            67.83222    0.00000    0.00384
 "DRIFT_60"            67.84222    0.00000    0.00385
 "STRAY202"            67.85222    0.00000    0.00385
 "DRIFT_60"            67.86222    0.00000    0.00386
 "STRAY203"            67.87222    0.00000    0.00386
 "DRIFT_60"            67.88222    0.00000    0.00386
 "STRAY204"            67.89222    0.00000    0.00387
 "DRIFT_60"            67.90222    0.00000    0.00387
 "STRAY205"            67.91222    0.00000    0.00388
 "DRIFT_60"            67.92222    0.00000    0.00388
 "STRAY206"            67.93222    0.00000    0.00388
 "DRIFT_60"            67.94222    0.00000    0.00389
 "STRAY207"            67.95222    0.00000    0.00389
 "DRIFT_60"            67.96222    0.00000    0.00390
 "STRAY208"            67.97222    0.00000    0.00390
 "DRIFT_60"            67.98222    0.00000    0.00390
 "STRAY209"            67.99222    0.00000    0.00391
 "DRIFT_60"            68.00222    0.00000    0.00391
 "STRAY210"            68.01222    0.00000    0.00392
 "DRIFT_60"            68.02222    0.00000    0.00392
 "STRAY211"            68.03222    0.00000    0.00392
 "DRIFT_60"            68.04222    0.00000    0.00393
 "STRAY212"            68.05222    0.00000    0.00393
 "DRIFT_60"            68.06222    0.00000    0.00394
 "STRAY213"            68.07222    0.00000    0.00394
 "DRIFT_60"            68.08222    0.00000    0.00394
 "STRAY214"            68.09222    0.00000    0.00395
 "DRIFT_60"            68.10222    0.00000    0.00395
 "STRAY215"            68.11222    0.00000    0.00395
 "DRIFT_60"            68.12222    0.00000    0.00396
 "STRAY216"            68.13222    0.00000    0.00396
 "DRIFT_60"            68.14222    0.00000    0.00397
 "STRAY217"            68.15222    0.00000    0.00397
 "DRIFT_60"            68.16222    0.00000    0.00397
 "STRAY218"            68.17222    0.00000    0.00398
 "DRIFT_60"            68.18222    0.00000    0.00398
 "STRAY219"            68.19222    0.00000    0.00398
 "DRIFT_60"            68.20222    0.00000    0.00399
 "STRAY220"            68.21222    0.00000    0.00399
 "DRIFT_60"            68.22222    0.00000    0.00400
 "STRAY221"            68.23222    0.00000    0.00400
 "DRIFT_60"            68.24222    0.00000    0.00400
 "STRAY222"            68.25222    0.00000    0.00401
 "DRIFT_60"            68.26222    0.00000    0.00401
 "STRAY223"            68.27222    0.00000    0.00401
 "DRIFT_60"            68.28222    0.00000    0.00402
 "STRAY224"            68.29222    0.00000    0.00402
 "DRIFT_60"            68.30222    0.00000    0.00402
 "STRAY225"            68.31222    0.00000    0.00403
 "DRIFT_60"            68.32222    0.00000    0.00403
 "STRAY226"            68.33222    0.00000    0.00403
 "DRIFT_60"            68.34222    0.00000    0.00404
 "STRAY227"            68.35222    0.00000    0.00404
 "DRIFT_60"            68.36222    0.00000    0.00405
 "STRAY228"            68.37222    0.00000    0.00405
 "DRIFT_60"            68.38222    0.00000    0.00405
 "STRAY229"            68.39222    0.00000    0.00406
 "DRIFT_60"            68.40222    0.00000    0.00406
 "STRAY230"            68.41222    0.00000    0.00406
 "DRIFT_60"            68.42222    0.00000    0.00407
 "STRAY231"            68.43222    0.00000    0.00407
 "DRIFT_60"            68.44222    0.00000    0.00407
 "STRAY232"            68.45222    0.00000    0.00408
 "DRIFT_60"            68.46222    0.00000    0.00408
 "STRAY233"            68.47222    0.00000    0.00408
 "DRIFT_60"            68.48222    0.00000    0.00409
 "STRAY234"            68.49222    0.00000    0.00409
 "DRIFT_60"            68.50222    0.00000    0.00409
 "STRAY235"            68.51222    0.00000    0.00410
 "DRIFT_60"            68.52222    0.00000    0.00410
 "STRAY236"            68.53222    0.00000    0.00410
 "DRIFT_60"            68.54222    0.00000    0.00411
 "STRAY237"            68.55222    0.00000    0.00411
 "DRIFT_60"            68.56222    0.00000    0.00411
 "STRAY238"            68.57222    0.00000    0.00412
 "DRIFT_60"            68.58222    0.00000    0.00412
 "STRAY239"            68.59222    0.00000    0.00412
 "DRIFT_60"            68.60222    0.00000    0.00413
 "STRAY240"            68.61222    0.00000    0.00413
 "DRIFT_60"            68.62222    0.00000    0.00413
 "STRAY241"            68.63222    0.00000    0.00414
 "DRIFT_60"            68.64222    0.00000    0.00414
 "STRAY242"            68.65222    0.00000    0.00414
 "DRIFT_60"            68.66222    0.00000    0.00415
 "STRAY243"            68.67222    0.00000    0.00415
 "DRIFT_60"            68.68222    0.00000    0.00415
 "STRAY244"            68.69222    0.00000    0.00416
 "STRAY$END"           68.69222    0.00000    0.00416
 "DRIFT_61"            68.83652    0.00001    0.00421
 "PI.SMH42"            69.29083    0.00001    0.00436
 "DRIFT_62"            69.64836    0.00001    0.00448
 "POINTS"              69.69589    0.00001    0.00450
 "BTP$END"             69.69589    0.00001    0.00450
 "BT3BTP$END"          69.69589    0.00001    0.00450
