@ NAME             %05s "TWISS"
@ TYPE             %05s "TWISS"
@ SEQUENCE         %06s "BT1BTP"
@ PARTICLE         %06s "PROTON"
@ MASS             %le     0.93827
@ CHARGE           %le     1.00000
@ ENERGY           %le     2.33665
@ PC               %le     2.14000
@ GAMMA            %le     2.49038
@ KBUNCH           %le     1.00000
@ BCURRENT         %le     0.00000
@ SIGE             %le     0.00000
@ SIGT             %le     0.00000
@ NPART            %le     0.00000
@ EX               %le     1.00000
@ EY               %le     1.00000
@ ET               %le     1.00000
@ LENGTH           %le    69.71757
@ ALFA             %le     0.00000
@ ORBIT5           %le    -0.00000
@ GAMMATR          %le     0.00000
@ Q1               %le     1.43919
@ Q2               %le     0.78224
@ DQ1              %le     0.00000
@ DQ2              %le     0.00000
@ DXMAX            %le     2.41158
@ DYMAX            %le     1.63133
@ XCOMAX           %le     0.01212
@ YCOMAX           %le     0.00000
@ BETXMAX          %le    64.39932
@ BETYMAX          %le    79.87470
@ XCORMS           %le     0.00506
@ YCORMS           %le     0.00000
@ DXRMS            %le     1.07593
@ DYRMS            %le     0.68220
@ DELTAP           %le     0.00000
@ SYNCH_1          %le     0.00000
@ SYNCH_2          %le     0.00000
@ SYNCH_3          %le     0.00000
@ SYNCH_4          %le     0.00000
@ SYNCH_5          %le     0.00000
@ TITLE            %39s "BT line and BTP line. Protons - 1.4 GeV"
@ ORIGIN           %16s "5.02.05 Linux 64"
@ DATE             %08s "28/05/15"
@ TIME             %08s "16.59.56"
* NAME                        S          X          Y 
$ %s                        %le        %le        %le 
 "BT1BTP$START"         0.00000    0.00000    0.00000
 "BT1$START"            0.00000    0.00000    0.00000
 "BT1.START"            0.00000    0.00000    0.00000
 "DRIFT_0"              1.27482    0.00000    0.00000
 "BT1.BVT10"            3.00305    0.00000    0.00000
 "DRIFT_1"              3.60708    0.00000    0.00000
 "BT1.BPM00.E"          3.75770    0.00000    0.00000
 "DRIFT_2"              3.81120    0.00000    0.00000
 "BT1.BPM00"            3.86470    0.00000    0.00000
 "DRIFT_3"              3.92070    0.00000    0.00000
 "BT1.BPM00.S"          3.97670    0.00000    0.00000
 "DRIFT_4"              4.13783    0.00000    0.00000
 "BT1.DHZ10"            4.46647   -0.00004    0.00000
 "DRIFT_5"              4.65611   -0.00009    0.00000
 "BT1.VVS10"            4.72824   -0.00013    0.00000
 "DRIFT_6"              5.57637   -0.00055    0.00000
 "BT1.SMV10"            6.87290   -0.00120    0.00000
 "DRIFT_7"              7.42221   -0.00147   -0.00000
 "BT2.BTV10"            7.47312   -0.00150   -0.00000
 "DRIFT_8"              7.81312   -0.00167   -0.00000
 "BT.VPG11"             8.15312   -0.00183   -0.00000
 "DRIFT_9"              8.42462   -0.00197   -0.00000
 "BT2.BPM10.E"          8.69613   -0.00210   -0.00000
 "DRIFT_2"              8.74963   -0.00213   -0.00000
 "BT2.BPM10"            8.80313   -0.00216   -0.00000
 "DRIFT_3"              8.85913   -0.00218   -0.00000
 "BT2.BPM10.S"          8.91513   -0.00221   -0.00000
 "DRIFT_10"             9.02763   -0.00227   -0.00000
 "BT1.QNO10"            9.37314   -0.00248   -0.00000
 "DRIFT_11"            10.18020   -0.00346   -0.00000
 "BT2.VVS30"           10.80425   -0.00425    0.00000
 "DRIFT_12"            10.99726   -0.00450    0.00000
 "BT1.QNO20"           11.37329   -0.00489    0.00000
 "DRIFT_13"            12.56259   -0.00478    0.00000
 "BT.VGP21"            13.51888   -0.00463    0.00000
 "BT.VGR21"            13.51888   -0.00463    0.00000
 "BT.VPI22"            13.51888   -0.00463    0.00000
 "BT.VPI22A"           13.51888   -0.00463    0.00000
 "DRIFT_14"            13.73113   -0.00460    0.00000
 "BT1.KFA10"           14.72340   -0.00444    0.00000
 "DRIFT_15"            15.70716   -0.00428    0.00000
 "BT.BTV20"            15.91091   -0.00424    0.00000
 "DRIFT_16"            16.03942   -0.00422    0.00000
 "BT2.BVT20"           16.62483   -0.00412    0.00000
 "DRIFT_17"            17.21987   -0.00402    0.00000
 "BT2.BPM20.E"         17.35800   -0.00399    0.00000
 "DRIFT_2"             17.41150   -0.00398    0.00000
 "BT2.BPM20"           17.46500   -0.00397    0.00000
 "DRIFT_3"             17.52100   -0.00396    0.00000
 "BT2.BPM20.S"         17.57700   -0.00395    0.00000
 "DRIFT_18"            18.17007   -0.00384    0.00000
 "BT2.DVT40"           18.93063   -0.00370    0.00000
 "DRIFT_19"            19.59127   -0.00357    0.00000
 "BT.VPI23"            20.08441   -0.00348    0.00000
 "DRIFT_20"            20.23696   -0.00345    0.00000
 "BT2.SMV20"           20.88794   -0.00332    0.00000
 "DRIFT_21"            21.42983   -0.00321    0.00000
 "BT2.BTV30"           21.47330   -0.00320    0.00000
 "DRIFT_22"            21.77230   -0.00314    0.00000
 "BT2.QNO30"           22.30430   -0.00306    0.00000
 "DRIFT_23"            24.09758   -0.00340    0.00000
 "BT.BPM30.E"          25.65785   -0.00373    0.00000
 "DRIFT_2"             25.71135   -0.00374    0.00000
 "BT.BPM30"            25.76485   -0.00375    0.00000
 "DRIFT_3"             25.82085   -0.00376    0.00000
 "BT.BPM30.S"          25.87685   -0.00377    0.00000
 "DRIFT_24"            26.02335   -0.00380    0.00000
 "BT.BCT10"            26.32686   -0.00386    0.00000
 "DRIFT_25"            26.59086   -0.00392    0.00000
 "BT.DVT50"            26.91587   -0.00398    0.00000
 "DRIFT_26"            27.52097   -0.00411    0.00000
 "BT.VGP23"            27.90808   -0.00419    0.00000
 "BT.VPG22"            27.90808   -0.00419    0.00000
 "DRIFT_27"            28.40624   -0.00429    0.00000
 "BT2.KFA20"           29.68440   -0.00456    0.00000
 "DRIFT_28"            30.66815   -0.00476    0.00000
 "BT.BTV40"            30.87190   -0.00480    0.00000
 "DRIFT_29"            30.94665   -0.00482    0.00000
 "BT.DVT60"            31.23940   -0.00488    0.00000
 "DRIFT_30"            31.47688   -0.00492    0.00000
 "BT.QNO40"            31.72940   -0.00485    0.00000
 "DRIFT_31"            32.08118   -0.00431    0.00000
 "BT.BPM40.E"          32.19990   -0.00409    0.00000
 "DRIFT_2"             32.25340   -0.00399    0.00000
 "BT.BPM40"            32.30690   -0.00389    0.00000
 "DRIFT_3"             32.36290   -0.00379    0.00000
 "BT.BPM40.S"          32.41890   -0.00368    0.00000
 "DRIFT_32"            32.66215   -0.00323    0.00000
 "BT.QNO50"            33.09940   -0.00245    0.00000
 "DRIFT_33"            33.77227   -0.00164    0.00000
 "BT1.END"             34.25114   -0.00108    0.00000
 "BT1$END"             34.25114   -0.00108    0.00000
 "BTP$START"           34.25114   -0.00108    0.00000
 "BT.BHZ10"            35.01784   -0.00018    0.00000
 "DRIFT_34"            35.99640    0.00096    0.00000
 "BTP.VVS10"           36.20826    0.00121    0.00000
 "DRIFT_35"            36.25901    0.00127    0.00000
 "BTP.STP10"           37.03826    0.00219    0.00000
 "DRIFT_36"            37.95326    0.00327    0.00000
 "BTP.BPM00.E"         38.13976    0.00349    0.00000
 "DRIFT_2"             38.19326    0.00355    0.00000
 "BTP.BPM00"           38.24676    0.00361    0.00000
 "DRIFT_3"             38.30276    0.00368    0.00000
 "BTP.BPM00.S"         38.35876    0.00374    0.00000
 "DRIFT_37"            38.58901    0.00402    0.00000
 "BTP.DHZ10"           39.03726    0.00454    0.00000
 "DRIFT_38"            39.27726    0.00483    0.00000
 "BTP.DVT10"           39.51726    0.00511    0.00000
 "DRIFT_39"            40.06101    0.00575    0.00000
 "BTP.QNO10"           40.61926    0.00641    0.00000
 "DRIFT_40"            43.11726    0.00935    0.00000
 "BTP.QNO20"           45.61526    0.01212    0.00000
 "DRIFT_29"            45.92251    0.01176    0.00000
 "BTP.DHZ20"           46.21526    0.01124    0.00000
 "DRIFT_41"            46.54726    0.01066    0.00000
 "BTP.BPM10.E"         46.66126    0.01047    0.00000
 "DRIFT_2"             46.71476    0.01037    0.00000
 "BTP.BPM10"           46.76826    0.01028    0.00000
 "DRIFT_3"             46.82426    0.01018    0.00000
 "BTP.BPM10.S"         46.88026    0.01008    0.00000
 "DRIFT_42"            47.08876    0.00972    0.00000
 "BTP.DVT20"           47.51526    0.00897    0.00000
 "DRIFT_29"            47.80801    0.00846    0.00000
 "BTP.QNO30"           48.11526    0.00803    0.00000
 "DRIFT_43"            48.77651    0.00798    0.00000
 "BTP.VPI11"           49.20526    0.00801    0.00000
 "DRIFT_44"            51.19501    0.00815    0.00000
 "BTP.QNO40"           53.41726    0.00817    0.00000
 "DRIFT_45"            53.69951    0.00766    0.00000
 "BTP.DHZ30"           53.96726    0.00704    0.00000
 "DRIFT_46"            54.27101    0.00634    0.00000
 "BTP.BPM20.E"         54.35676    0.00614    0.00000
 "DRIFT_2"             54.41026    0.00602    0.00000
 "BTP.BPM20"           54.46376    0.00589    0.00000
 "DRIFT_3"             54.51976    0.00576    0.00000
 "BTP.BPM20.S"         54.57576    0.00564    0.00000
 "DRIFT_47"            54.78001    0.00516    0.00000
 "BTP.DVT30"           55.20226    0.00419    0.00000
 "DRIFT_48"            55.55251    0.00338    0.00000
 "BTP.QNO50"           55.91726    0.00258    0.00000
 "DRIFT_49"            57.80601   -0.00058    0.00000
 "BTP.VPI12"           59.46226   -0.00333   -0.00000
 "DRIFT_50"            59.83556   -0.00395   -0.00000
 "BTP.BCT10"           60.43326   -0.00494   -0.00000
 "DRIFT_51"            60.71246   -0.00541   -0.00000
 "BTP.DVT40"           60.98526   -0.00586   -0.00000
 "DRIFT_52"            61.29351   -0.00637   -0.00000
 "BTP.QNO60"           61.61626   -0.00678   -0.00000
 "DRIFT_53"            61.96551   -0.00675   -0.00000
 "BTP.BPM30.E"         62.08226   -0.00670   -0.00000
 "DRIFT_2"             62.13576   -0.00668   -0.00000
 "BTP.BPM30"           62.18926   -0.00666   -0.00000
 "DRIFT_3"             62.24526   -0.00663   -0.00000
 "BTP.BPM30.S"         62.30126   -0.00661   -0.00000
 "DRIFT_54"            62.44576   -0.00654   -0.00000
 "BTP.BTV10"           62.72526   -0.00642   -0.00000
 "DRIFT_55"            62.88526   -0.00635   -0.00000
 "BTP.VVS20"           62.91026   -0.00634   -0.00000
 "DRIFT_56"            63.04676   -0.00628   -0.00000
 "BTP.DHZ40"           63.18326   -0.00622   -0.00000
 "DRIFT_57"            63.37676   -0.00614   -0.00000
 "BTP.DVT50"           63.57026   -0.00605   -0.00000
 "DRIFT_58"            63.71208   -0.00599   -0.00000
 "STRAY$START"         63.85390   -0.00593   -0.00000
 "STRAY1"              63.85390   -0.00593   -0.00000
 "DRIFT_59"            63.86390   -0.00592   -0.00000
 "STRAY2"              63.87390   -0.00592   -0.00000
 "DRIFT_59"            63.88390   -0.00591   -0.00000
 "STRAY3"              63.89390   -0.00591   -0.00000
 "DRIFT_59"            63.90390   -0.00590   -0.00000
 "STRAY4"              63.91390   -0.00590   -0.00000
 "DRIFT_59"            63.92390   -0.00590   -0.00000
 "STRAY5"              63.93390   -0.00589   -0.00000
 "DRIFT_59"            63.94390   -0.00589   -0.00000
 "STRAY6"              63.95390   -0.00588   -0.00000
 "DRIFT_59"            63.96390   -0.00588   -0.00000
 "STRAY7"              63.97390   -0.00587   -0.00000
 "DRIFT_59"            63.98390   -0.00587   -0.00000
 "STRAY8"              63.99390   -0.00587   -0.00000
 "DRIFT_59"            64.00390   -0.00586   -0.00000
 "STRAY9"              64.01390   -0.00586   -0.00000
 "DRIFT_59"            64.02390   -0.00585   -0.00000
 "STRAY10"             64.03390   -0.00585   -0.00000
 "DRIFT_59"            64.04390   -0.00584   -0.00000
 "STRAY11"             64.05390   -0.00584   -0.00000
 "DRIFT_59"            64.06390   -0.00583   -0.00000
 "STRAY12"             64.07390   -0.00583   -0.00000
 "DRIFT_59"            64.08390   -0.00583   -0.00000
 "STRAY13"             64.09390   -0.00582   -0.00000
 "DRIFT_59"            64.10390   -0.00582   -0.00000
 "STRAY14"             64.11390   -0.00581   -0.00000
 "DRIFT_59"            64.12390   -0.00581   -0.00000
 "STRAY15"             64.13390   -0.00580   -0.00000
 "DRIFT_59"            64.14390   -0.00580   -0.00000
 "STRAY16"             64.15390   -0.00580   -0.00000
 "DRIFT_59"            64.16390   -0.00579   -0.00000
 "STRAY17"             64.17390   -0.00579   -0.00000
 "DRIFT_59"            64.18390   -0.00578   -0.00000
 "STRAY18"             64.19390   -0.00578   -0.00000
 "DRIFT_59"            64.20390   -0.00577   -0.00000
 "STRAY19"             64.21390   -0.00577   -0.00000
 "DRIFT_59"            64.22390   -0.00576   -0.00000
 "STRAY20"             64.23390   -0.00576   -0.00000
 "DRIFT_59"            64.24390   -0.00576   -0.00000
 "STRAY21"             64.25390   -0.00575   -0.00000
 "DRIFT_59"            64.26390   -0.00575   -0.00000
 "STRAY22"             64.27390   -0.00574   -0.00000
 "DRIFT_59"            64.28390   -0.00574   -0.00000
 "STRAY23"             64.29390   -0.00573   -0.00000
 "DRIFT_59"            64.30390   -0.00573   -0.00000
 "STRAY24"             64.31390   -0.00573   -0.00000
 "DRIFT_59"            64.32390   -0.00572   -0.00000
 "STRAY25"             64.33390   -0.00572   -0.00000
 "DRIFT_59"            64.34390   -0.00571   -0.00000
 "STRAY26"             64.35390   -0.00571   -0.00000
 "DRIFT_59"            64.36390   -0.00570   -0.00000
 "STRAY27"             64.37390   -0.00570   -0.00000
 "DRIFT_59"            64.38390   -0.00569   -0.00000
 "STRAY28"             64.39390   -0.00569   -0.00000
 "DRIFT_59"            64.40390   -0.00569   -0.00000
 "STRAY29"             64.41390   -0.00568   -0.00000
 "DRIFT_59"            64.42390   -0.00568   -0.00000
 "STRAY30"             64.43390   -0.00567   -0.00000
 "DRIFT_59"            64.44390   -0.00567   -0.00000
 "STRAY31"             64.45390   -0.00566   -0.00000
 "DRIFT_59"            64.46390   -0.00566   -0.00000
 "STRAY32"             64.47390   -0.00566   -0.00000
 "DRIFT_59"            64.48390   -0.00565   -0.00000
 "STRAY33"             64.49390   -0.00565   -0.00000
 "DRIFT_59"            64.50390   -0.00564   -0.00000
 "STRAY34"             64.51390   -0.00564   -0.00000
 "DRIFT_59"            64.52390   -0.00563   -0.00000
 "STRAY35"             64.53390   -0.00563   -0.00000
 "DRIFT_59"            64.54390   -0.00563   -0.00000
 "STRAY36"             64.55390   -0.00562   -0.00000
 "DRIFT_59"            64.56390   -0.00562   -0.00000
 "STRAY37"             64.57390   -0.00561   -0.00000
 "DRIFT_59"            64.58390   -0.00561   -0.00000
 "STRAY38"             64.59390   -0.00560   -0.00000
 "DRIFT_59"            64.60390   -0.00560   -0.00000
 "STRAY39"             64.61390   -0.00560   -0.00000
 "DRIFT_59"            64.62390   -0.00559   -0.00000
 "STRAY40"             64.63390   -0.00559   -0.00000
 "DRIFT_59"            64.64390   -0.00558   -0.00000
 "STRAY41"             64.65390   -0.00558   -0.00000
 "DRIFT_59"            64.66390   -0.00557   -0.00000
 "STRAY42"             64.67390   -0.00557   -0.00000
 "DRIFT_59"            64.68390   -0.00556   -0.00000
 "STRAY43"             64.69390   -0.00556   -0.00000
 "DRIFT_59"            64.70390   -0.00556   -0.00000
 "STRAY44"             64.71390   -0.00555   -0.00000
 "DRIFT_59"            64.72390   -0.00555   -0.00000
 "STRAY45"             64.73390   -0.00554   -0.00000
 "DRIFT_59"            64.74390   -0.00554   -0.00000
 "STRAY46"             64.75390   -0.00553   -0.00000
 "DRIFT_59"            64.76390   -0.00553   -0.00000
 "STRAY47"             64.77390   -0.00553   -0.00000
 "DRIFT_59"            64.78390   -0.00552   -0.00000
 "STRAY48"             64.79390   -0.00552   -0.00000
 "DRIFT_59"            64.80390   -0.00551   -0.00000
 "STRAY49"             64.81390   -0.00551   -0.00000
 "DRIFT_59"            64.82390   -0.00550   -0.00000
 "STRAY50"             64.83390   -0.00550   -0.00000
 "DRIFT_59"            64.84390   -0.00550   -0.00000
 "STRAY51"             64.85390   -0.00549   -0.00000
 "DRIFT_59"            64.86390   -0.00549   -0.00000
 "STRAY52"             64.87390   -0.00548   -0.00000
 "DRIFT_59"            64.88390   -0.00548   -0.00000
 "STRAY53"             64.89390   -0.00548   -0.00000
 "DRIFT_59"            64.90390   -0.00547   -0.00000
 "STRAY54"             64.91390   -0.00547   -0.00000
 "DRIFT_59"            64.92390   -0.00546   -0.00000
 "STRAY55"             64.93390   -0.00546   -0.00000
 "DRIFT_59"            64.94390   -0.00545   -0.00000
 "STRAY56"             64.95390   -0.00545   -0.00000
 "DRIFT_59"            64.96390   -0.00545   -0.00000
 "STRAY57"             64.97390   -0.00544   -0.00000
 "DRIFT_59"            64.98390   -0.00544   -0.00000
 "STRAY58"             64.99390   -0.00543   -0.00000
 "DRIFT_59"            65.00390   -0.00543   -0.00000
 "STRAY59"             65.01390   -0.00542   -0.00000
 "DRIFT_59"            65.02390   -0.00542   -0.00000
 "STRAY60"             65.03390   -0.00542   -0.00000
 "DRIFT_59"            65.04390   -0.00541   -0.00000
 "STRAY61"             65.05390   -0.00541   -0.00000
 "DRIFT_59"            65.06390   -0.00540   -0.00000
 "STRAY62"             65.07390   -0.00540   -0.00000
 "DRIFT_59"            65.08390   -0.00539   -0.00000
 "STRAY63"             65.09390   -0.00539   -0.00000
 "DRIFT_59"            65.10390   -0.00539   -0.00000
 "STRAY64"             65.11390   -0.00538   -0.00000
 "DRIFT_59"            65.12390   -0.00538   -0.00000
 "STRAY65"             65.13390   -0.00537   -0.00000
 "DRIFT_59"            65.14390   -0.00537   -0.00000
 "STRAY66"             65.15390   -0.00537   -0.00000
 "DRIFT_59"            65.16390   -0.00536   -0.00000
 "STRAY67"             65.17390   -0.00536   -0.00000
 "DRIFT_59"            65.18390   -0.00535   -0.00000
 "STRAY68"             65.19390   -0.00535   -0.00000
 "DRIFT_59"            65.20390   -0.00534   -0.00000
 "STRAY69"             65.21390   -0.00534   -0.00000
 "DRIFT_59"            65.22390   -0.00534   -0.00000
 "STRAY70"             65.23390   -0.00533   -0.00000
 "DRIFT_59"            65.24390   -0.00533   -0.00000
 "STRAY71"             65.25390   -0.00532   -0.00000
 "DRIFT_59"            65.26390   -0.00532   -0.00000
 "STRAY72"             65.27390   -0.00532   -0.00000
 "DRIFT_59"            65.28390   -0.00531   -0.00000
 "STRAY73"             65.29390   -0.00531   -0.00000
 "DRIFT_59"            65.30390   -0.00530   -0.00000
 "STRAY74"             65.31390   -0.00530   -0.00000
 "DRIFT_59"            65.32390   -0.00530   -0.00000
 "STRAY75"             65.33390   -0.00529   -0.00000
 "DRIFT_59"            65.34390   -0.00529   -0.00000
 "STRAY76"             65.35390   -0.00528   -0.00000
 "DRIFT_59"            65.36390   -0.00528   -0.00000
 "STRAY77"             65.37390   -0.00528   -0.00000
 "DRIFT_59"            65.38390   -0.00527   -0.00000
 "STRAY78"             65.39390   -0.00527   -0.00000
 "DRIFT_59"            65.40390   -0.00526   -0.00000
 "STRAY79"             65.41390   -0.00526   -0.00000
 "DRIFT_59"            65.42390   -0.00526   -0.00000
 "STRAY80"             65.43390   -0.00525   -0.00000
 "DRIFT_59"            65.44390   -0.00525   -0.00000
 "STRAY81"             65.45390   -0.00524   -0.00000
 "DRIFT_59"            65.46390   -0.00524   -0.00000
 "STRAY82"             65.47390   -0.00524   -0.00000
 "DRIFT_59"            65.48390   -0.00523   -0.00000
 "STRAY83"             65.49390   -0.00523   -0.00000
 "DRIFT_59"            65.50390   -0.00522   -0.00000
 "STRAY84"             65.51390   -0.00522   -0.00000
 "DRIFT_59"            65.52390   -0.00522   -0.00000
 "STRAY85"             65.53390   -0.00521   -0.00000
 "DRIFT_59"            65.54390   -0.00521   -0.00000
 "STRAY86"             65.55390   -0.00520   -0.00000
 "DRIFT_59"            65.56390   -0.00520   -0.00000
 "STRAY87"             65.57390   -0.00520   -0.00000
 "DRIFT_59"            65.58390   -0.00519   -0.00000
 "STRAY88"             65.59390   -0.00519   -0.00000
 "DRIFT_59"            65.60390   -0.00518   -0.00000
 "STRAY89"             65.61390   -0.00518   -0.00000
 "DRIFT_59"            65.62390   -0.00518   -0.00000
 "STRAY90"             65.63390   -0.00517   -0.00000
 "DRIFT_59"            65.64390   -0.00517   -0.00000
 "STRAY91"             65.65390   -0.00516   -0.00000
 "DRIFT_59"            65.66390   -0.00516   -0.00000
 "STRAY92"             65.67390   -0.00516   -0.00000
 "DRIFT_59"            65.68390   -0.00515   -0.00000
 "STRAY93"             65.69390   -0.00515   -0.00000
 "DRIFT_59"            65.70390   -0.00515   -0.00000
 "STRAY94"             65.71390   -0.00514   -0.00000
 "DRIFT_59"            65.72390   -0.00514   -0.00000
 "STRAY95"             65.73390   -0.00513   -0.00000
 "DRIFT_59"            65.74390   -0.00513   -0.00000
 "STRAY96"             65.75390   -0.00513   -0.00000
 "DRIFT_59"            65.76390   -0.00512   -0.00000
 "STRAY97"             65.77390   -0.00512   -0.00000
 "DRIFT_59"            65.78390   -0.00512   -0.00000
 "STRAY98"             65.79390   -0.00511   -0.00000
 "DRIFT_59"            65.80390   -0.00511   -0.00000
 "STRAY99"             65.81390   -0.00510   -0.00000
 "DRIFT_59"            65.82390   -0.00510   -0.00000
 "STRAY100"            65.83390   -0.00510   -0.00000
 "DRIFT_59"            65.84390   -0.00509   -0.00000
 "STRAY101"            65.85390   -0.00509   -0.00000
 "DRIFT_59"            65.86390   -0.00509   -0.00000
 "STRAY102"            65.87390   -0.00508   -0.00000
 "DRIFT_59"            65.88390   -0.00508   -0.00000
 "STRAY103"            65.89390   -0.00507   -0.00000
 "DRIFT_59"            65.90390   -0.00507   -0.00000
 "STRAY104"            65.91390   -0.00507   -0.00000
 "DRIFT_59"            65.92390   -0.00506   -0.00000
 "STRAY105"            65.93390   -0.00506   -0.00000
 "DRIFT_59"            65.94390   -0.00506   -0.00000
 "STRAY106"            65.95390   -0.00505   -0.00000
 "DRIFT_59"            65.96390   -0.00505   -0.00000
 "STRAY107"            65.97390   -0.00505   -0.00000
 "DRIFT_59"            65.98390   -0.00504   -0.00000
 "STRAY108"            65.99390   -0.00504   -0.00000
 "DRIFT_59"            66.00390   -0.00503   -0.00000
 "STRAY109"            66.01390   -0.00503   -0.00000
 "DRIFT_59"            66.02390   -0.00503   -0.00000
 "STRAY110"            66.03390   -0.00502   -0.00000
 "DRIFT_59"            66.04390   -0.00502   -0.00000
 "STRAY111"            66.05390   -0.00502   -0.00000
 "DRIFT_59"            66.06390   -0.00501   -0.00000
 "STRAY112"            66.07390   -0.00501   -0.00000
 "DRIFT_59"            66.08390   -0.00501   -0.00000
 "STRAY113"            66.09390   -0.00500   -0.00000
 "DRIFT_59"            66.10390   -0.00500   -0.00000
 "STRAY114"            66.11390   -0.00500   -0.00000
 "DRIFT_59"            66.12390   -0.00499   -0.00000
 "STRAY115"            66.13390   -0.00499   -0.00000
 "DRIFT_59"            66.14390   -0.00499   -0.00000
 "STRAY116"            66.15390   -0.00498   -0.00000
 "DRIFT_59"            66.16390   -0.00498   -0.00000
 "STRAY117"            66.17390   -0.00498   -0.00000
 "DRIFT_59"            66.18390   -0.00497   -0.00000
 "STRAY118"            66.19390   -0.00497   -0.00000
 "DRIFT_59"            66.20390   -0.00497   -0.00000
 "STRAY119"            66.21390   -0.00496   -0.00000
 "DRIFT_59"            66.22390   -0.00496   -0.00000
 "STRAY120"            66.23390   -0.00496   -0.00000
 "DRIFT_59"            66.24390   -0.00495   -0.00000
 "STRAY121"            66.25390   -0.00495   -0.00000
 "DRIFT_59"            66.26390   -0.00495   -0.00000
 "STRAY122"            66.27390   -0.00494   -0.00000
 "DRIFT_59"            66.28390   -0.00494   -0.00000
 "STRAY123"            66.29390   -0.00494   -0.00000
 "DRIFT_59"            66.30390   -0.00493   -0.00000
 "STRAY124"            66.31390   -0.00493   -0.00000
 "DRIFT_59"            66.32390   -0.00493   -0.00000
 "STRAY125"            66.33390   -0.00492   -0.00000
 "DRIFT_59"            66.34390   -0.00492   -0.00000
 "STRAY126"            66.35390   -0.00492   -0.00000
 "DRIFT_59"            66.36390   -0.00491   -0.00000
 "STRAY127"            66.37390   -0.00491   -0.00000
 "DRIFT_59"            66.38390   -0.00491   -0.00000
 "STRAY128"            66.39390   -0.00490   -0.00000
 "DRIFT_59"            66.40390   -0.00490   -0.00000
 "STRAY129"            66.41390   -0.00490   -0.00000
 "DRIFT_59"            66.42390   -0.00490   -0.00000
 "STRAY130"            66.43390   -0.00489   -0.00000
 "DRIFT_59"            66.44390   -0.00489   -0.00000
 "STRAY131"            66.45390   -0.00489   -0.00000
 "DRIFT_59"            66.46390   -0.00488   -0.00000
 "STRAY132"            66.47390   -0.00488   -0.00000
 "DRIFT_59"            66.48390   -0.00488   -0.00000
 "STRAY133"            66.49390   -0.00487   -0.00000
 "DRIFT_59"            66.50390   -0.00487   -0.00000
 "STRAY134"            66.51390   -0.00487   -0.00000
 "DRIFT_59"            66.52390   -0.00486   -0.00000
 "STRAY135"            66.53390   -0.00486   -0.00000
 "DRIFT_59"            66.54390   -0.00486   -0.00000
 "STRAY136"            66.55390   -0.00486   -0.00000
 "DRIFT_59"            66.56390   -0.00485   -0.00000
 "STRAY137"            66.57390   -0.00485   -0.00000
 "DRIFT_59"            66.58390   -0.00485   -0.00000
 "STRAY138"            66.59390   -0.00484   -0.00000
 "DRIFT_59"            66.60390   -0.00484   -0.00000
 "STRAY139"            66.61390   -0.00484   -0.00000
 "DRIFT_59"            66.62390   -0.00483   -0.00000
 "STRAY140"            66.63390   -0.00483   -0.00000
 "DRIFT_59"            66.64390   -0.00483   -0.00000
 "STRAY141"            66.65390   -0.00483   -0.00000
 "DRIFT_59"            66.66390   -0.00482   -0.00000
 "STRAY142"            66.67390   -0.00482   -0.00000
 "DRIFT_59"            66.68390   -0.00482   -0.00000
 "STRAY143"            66.69390   -0.00481   -0.00000
 "DRIFT_59"            66.70390   -0.00481   -0.00000
 "STRAY144"            66.71390   -0.00481   -0.00000
 "DRIFT_59"            66.72390   -0.00481   -0.00000
 "STRAY145"            66.73390   -0.00480   -0.00000
 "DRIFT_59"            66.74390   -0.00480   -0.00000
 "STRAY146"            66.75390   -0.00480   -0.00000
 "DRIFT_59"            66.76390   -0.00479   -0.00000
 "STRAY147"            66.77390   -0.00479   -0.00000
 "DRIFT_59"            66.78390   -0.00479   -0.00000
 "STRAY148"            66.79390   -0.00479   -0.00000
 "DRIFT_59"            66.80390   -0.00478   -0.00000
 "STRAY149"            66.81390   -0.00478   -0.00000
 "DRIFT_59"            66.82390   -0.00478   -0.00000
 "STRAY150"            66.83390   -0.00478   -0.00000
 "DRIFT_59"            66.84390   -0.00477   -0.00000
 "STRAY151"            66.85390   -0.00477   -0.00000
 "DRIFT_59"            66.86390   -0.00477   -0.00000
 "STRAY152"            66.87390   -0.00476   -0.00000
 "DRIFT_59"            66.88390   -0.00476   -0.00000
 "STRAY153"            66.89390   -0.00476   -0.00000
 "DRIFT_59"            66.90390   -0.00476   -0.00000
 "STRAY154"            66.91390   -0.00475   -0.00000
 "DRIFT_59"            66.92390   -0.00475   -0.00000
 "STRAY155"            66.93390   -0.00475   -0.00000
 "DRIFT_59"            66.94390   -0.00475   -0.00000
 "STRAY156"            66.95390   -0.00474   -0.00000
 "DRIFT_59"            66.96390   -0.00474   -0.00000
 "STRAY157"            66.97390   -0.00474   -0.00000
 "DRIFT_59"            66.98390   -0.00474   -0.00000
 "STRAY158"            66.99390   -0.00473   -0.00000
 "DRIFT_59"            67.00390   -0.00473   -0.00000
 "STRAY159"            67.01390   -0.00473   -0.00000
 "DRIFT_59"            67.02390   -0.00473   -0.00000
 "STRAY160"            67.03390   -0.00472   -0.00000
 "DRIFT_59"            67.04390   -0.00472   -0.00000
 "STRAY161"            67.05390   -0.00472   -0.00000
 "DRIFT_59"            67.06390   -0.00472   -0.00000
 "STRAY162"            67.07390   -0.00471   -0.00000
 "DRIFT_59"            67.08390   -0.00471   -0.00000
 "STRAY163"            67.09390   -0.00471   -0.00000
 "DRIFT_59"            67.10390   -0.00471   -0.00000
 "STRAY164"            67.11390   -0.00470   -0.00000
 "DRIFT_59"            67.12390   -0.00470   -0.00000
 "STRAY165"            67.13390   -0.00470   -0.00000
 "DRIFT_59"            67.14390   -0.00470   -0.00000
 "STRAY166"            67.15390   -0.00469   -0.00000
 "DRIFT_59"            67.16390   -0.00469   -0.00000
 "STRAY167"            67.17390   -0.00469   -0.00000
 "DRIFT_59"            67.18390   -0.00469   -0.00000
 "STRAY168"            67.19390   -0.00468   -0.00000
 "DRIFT_59"            67.20390   -0.00468   -0.00000
 "STRAY169"            67.21390   -0.00468   -0.00000
 "DRIFT_59"            67.22390   -0.00468   -0.00000
 "STRAY170"            67.23390   -0.00467   -0.00000
 "DRIFT_59"            67.24390   -0.00467   -0.00000
 "STRAY171"            67.25390   -0.00467   -0.00000
 "DRIFT_59"            67.26390   -0.00467   -0.00000
 "STRAY172"            67.27390   -0.00467   -0.00000
 "DRIFT_59"            67.28390   -0.00466   -0.00000
 "STRAY173"            67.29390   -0.00466   -0.00000
 "DRIFT_59"            67.30390   -0.00466   -0.00000
 "STRAY174"            67.31390   -0.00466   -0.00000
 "DRIFT_59"            67.32390   -0.00465   -0.00000
 "STRAY175"            67.33390   -0.00465   -0.00000
 "DRIFT_59"            67.34390   -0.00465   -0.00000
 "STRAY176"            67.35390   -0.00465   -0.00000
 "DRIFT_59"            67.36390   -0.00465   -0.00000
 "STRAY177"            67.37390   -0.00464   -0.00000
 "DRIFT_59"            67.38390   -0.00464   -0.00000
 "STRAY178"            67.39390   -0.00464   -0.00000
 "DRIFT_59"            67.40390   -0.00464   -0.00000
 "STRAY179"            67.41390   -0.00463   -0.00000
 "DRIFT_59"            67.42390   -0.00463   -0.00000
 "STRAY180"            67.43390   -0.00463   -0.00000
 "DRIFT_59"            67.44390   -0.00463   -0.00000
 "STRAY181"            67.45390   -0.00463   -0.00000
 "DRIFT_59"            67.46390   -0.00462   -0.00000
 "STRAY182"            67.47390   -0.00462   -0.00000
 "DRIFT_59"            67.48390   -0.00462   -0.00000
 "STRAY183"            67.49390   -0.00462   -0.00000
 "DRIFT_59"            67.50390   -0.00462   -0.00000
 "STRAY184"            67.51390   -0.00461   -0.00000
 "DRIFT_59"            67.52390   -0.00461   -0.00000
 "STRAY185"            67.53390   -0.00461   -0.00000
 "DRIFT_59"            67.54390   -0.00461   -0.00000
 "STRAY186"            67.55390   -0.00461   -0.00000
 "DRIFT_59"            67.56390   -0.00460   -0.00000
 "STRAY187"            67.57390   -0.00460   -0.00000
 "DRIFT_59"            67.58390   -0.00460   -0.00000
 "STRAY188"            67.59390   -0.00460   -0.00000
 "DRIFT_59"            67.60390   -0.00460   -0.00000
 "STRAY189"            67.61390   -0.00460   -0.00000
 "DRIFT_59"            67.62390   -0.00459   -0.00000
 "STRAY190"            67.63390   -0.00459   -0.00000
 "DRIFT_59"            67.64390   -0.00459   -0.00000
 "STRAY191"            67.65390   -0.00459   -0.00000
 "DRIFT_59"            67.66390   -0.00459   -0.00000
 "STRAY192"            67.67390   -0.00458   -0.00000
 "DRIFT_59"            67.68390   -0.00458   -0.00000
 "STRAY193"            67.69390   -0.00458   -0.00000
 "DRIFT_59"            67.70390   -0.00458   -0.00000
 "STRAY194"            67.71390   -0.00458   -0.00000
 "DRIFT_59"            67.72390   -0.00458   -0.00000
 "STRAY195"            67.73390   -0.00457   -0.00000
 "DRIFT_59"            67.74390   -0.00457   -0.00000
 "STRAY196"            67.75390   -0.00457   -0.00000
 "DRIFT_59"            67.76390   -0.00457   -0.00000
 "STRAY197"            67.77390   -0.00457   -0.00000
 "DRIFT_59"            67.78390   -0.00457   -0.00000
 "STRAY198"            67.79390   -0.00456   -0.00000
 "DRIFT_59"            67.80390   -0.00456   -0.00000
 "STRAY199"            67.81390   -0.00456   -0.00000
 "DRIFT_59"            67.82390   -0.00456   -0.00000
 "STRAY200"            67.83390   -0.00456   -0.00000
 "DRIFT_59"            67.84390   -0.00456   -0.00000
 "STRAY201"            67.85390   -0.00455   -0.00000
 "DRIFT_59"            67.86390   -0.00455   -0.00000
 "STRAY202"            67.87390   -0.00455   -0.00000
 "DRIFT_59"            67.88390   -0.00455   -0.00000
 "STRAY203"            67.89390   -0.00455   -0.00000
 "DRIFT_59"            67.90390   -0.00455   -0.00000
 "STRAY204"            67.91390   -0.00455   -0.00000
 "DRIFT_59"            67.92390   -0.00454   -0.00000
 "STRAY205"            67.93390   -0.00454   -0.00000
 "DRIFT_59"            67.94390   -0.00454   -0.00000
 "STRAY206"            67.95390   -0.00454   -0.00000
 "DRIFT_59"            67.96390   -0.00454   -0.00000
 "STRAY207"            67.97390   -0.00454   -0.00000
 "DRIFT_59"            67.98390   -0.00454   -0.00000
 "STRAY208"            67.99390   -0.00453   -0.00000
 "DRIFT_59"            68.00390   -0.00453   -0.00000
 "STRAY209"            68.01390   -0.00453   -0.00000
 "DRIFT_59"            68.02390   -0.00453   -0.00000
 "STRAY210"            68.03390   -0.00453   -0.00000
 "DRIFT_59"            68.04390   -0.00453   -0.00000
 "STRAY211"            68.05390   -0.00453   -0.00000
 "DRIFT_59"            68.06390   -0.00453   -0.00000
 "STRAY212"            68.07390   -0.00452   -0.00000
 "DRIFT_59"            68.08390   -0.00452   -0.00000
 "STRAY213"            68.09390   -0.00452   -0.00000
 "DRIFT_59"            68.10390   -0.00452   -0.00000
 "STRAY214"            68.11390   -0.00452   -0.00000
 "DRIFT_59"            68.12390   -0.00452   -0.00000
 "STRAY215"            68.13390   -0.00452   -0.00000
 "DRIFT_59"            68.14390   -0.00452   -0.00000
 "STRAY216"            68.15390   -0.00452   -0.00000
 "DRIFT_59"            68.16390   -0.00451   -0.00000
 "STRAY217"            68.17390   -0.00451   -0.00000
 "DRIFT_59"            68.18390   -0.00451   -0.00000
 "STRAY218"            68.19390   -0.00451   -0.00000
 "DRIFT_59"            68.20390   -0.00451   -0.00000
 "STRAY219"            68.21390   -0.00451   -0.00000
 "DRIFT_59"            68.22390   -0.00451   -0.00000
 "STRAY220"            68.23390   -0.00451   -0.00000
 "DRIFT_59"            68.24390   -0.00451   -0.00000
 "STRAY221"            68.25390   -0.00451   -0.00000
 "DRIFT_59"            68.26390   -0.00450   -0.00000
 "STRAY222"            68.27390   -0.00450   -0.00000
 "DRIFT_59"            68.28390   -0.00450   -0.00000
 "STRAY223"            68.29390   -0.00450   -0.00000
 "DRIFT_59"            68.30390   -0.00450   -0.00000
 "STRAY224"            68.31390   -0.00450   -0.00000
 "DRIFT_59"            68.32390   -0.00450   -0.00000
 "STRAY225"            68.33390   -0.00450   -0.00000
 "DRIFT_59"            68.34390   -0.00450   -0.00000
 "STRAY226"            68.35390   -0.00450   -0.00000
 "DRIFT_59"            68.36390   -0.00450   -0.00000
 "STRAY227"            68.37390   -0.00450   -0.00000
 "DRIFT_59"            68.38390   -0.00449   -0.00000
 "STRAY228"            68.39390   -0.00449   -0.00000
 "DRIFT_59"            68.40390   -0.00449   -0.00000
 "STRAY229"            68.41390   -0.00449   -0.00000
 "DRIFT_59"            68.42390   -0.00449   -0.00000
 "STRAY230"            68.43390   -0.00449   -0.00000
 "DRIFT_59"            68.44390   -0.00449   -0.00000
 "STRAY231"            68.45390   -0.00449   -0.00000
 "DRIFT_59"            68.46390   -0.00449   -0.00000
 "STRAY232"            68.47390   -0.00449   -0.00000
 "DRIFT_59"            68.48390   -0.00449   -0.00000
 "STRAY233"            68.49390   -0.00449   -0.00000
 "DRIFT_59"            68.50390   -0.00449   -0.00000
 "STRAY234"            68.51390   -0.00449   -0.00000
 "DRIFT_59"            68.52390   -0.00449   -0.00000
 "STRAY235"            68.53390   -0.00448   -0.00000
 "DRIFT_59"            68.54390   -0.00448   -0.00000
 "STRAY236"            68.55390   -0.00448   -0.00000
 "DRIFT_59"            68.56390   -0.00448   -0.00000
 "STRAY237"            68.57390   -0.00448   -0.00000
 "DRIFT_59"            68.58390   -0.00448   -0.00000
 "STRAY238"            68.59390   -0.00448   -0.00000
 "DRIFT_59"            68.60390   -0.00448   -0.00000
 "STRAY239"            68.61390   -0.00448   -0.00000
 "DRIFT_59"            68.62390   -0.00448   -0.00000
 "STRAY240"            68.63390   -0.00448   -0.00000
 "DRIFT_59"            68.64390   -0.00448   -0.00000
 "STRAY241"            68.65390   -0.00448   -0.00000
 "DRIFT_59"            68.66390   -0.00448   -0.00000
 "STRAY242"            68.67390   -0.00448   -0.00000
 "DRIFT_59"            68.68390   -0.00447   -0.00000
 "STRAY243"            68.69390   -0.00447   -0.00000
 "DRIFT_59"            68.70390   -0.00447   -0.00000
 "STRAY244"            68.71390   -0.00447   -0.00000
 "STRAY$END"           68.71390   -0.00447   -0.00000
 "DRIFT_60"            68.85820   -0.00446   -0.00000
 "PI.SMH42"            69.31251   -0.00443   -0.00000
 "DRIFT_61"            69.67004   -0.00440   -0.00000
 "POINTS"              69.71757   -0.00440   -0.00000
 "BTP$END"             69.71757   -0.00440   -0.00000
 "BT1BTP$END"          69.71757   -0.00440   -0.00000
