@ NAME             %05s "TWISS"
@ TYPE             %05s "TWISS"
@ SEQUENCE         %07s "LTLTBBI"
@ PARTICLE         %06s "PROTON"
@ MASS             %le     0.93827
@ CHARGE           %le     1.00000
@ ENERGY           %le     0.98827
@ PC               %le     0.31037
@ GAMMA            %le     1.05329
@ KBUNCH           %le     1.00000
@ BCURRENT         %le     0.00000
@ SIGE             %le     0.00100
@ SIGT             %le     0.00000
@ NPART            %le     0.00000
@ EX               %le     0.00015
@ EY               %le     0.00007
@ ET               %le     1.00000
@ LENGTH           %le   131.21126
@ ALFA             %le     0.00000
@ ORBIT5           %le    -0.00000
@ GAMMATR          %le     0.00000
@ Q1               %le     2.92204
@ Q2               %le     2.72845
@ DQ1              %le     0.00000
@ DQ2              %le     0.00000
@ DXMAX            %le    10.65132
@ DYMAX            %le     0.52761
@ XCOMAX           %le     0.00000
@ YCOMAX           %le     0.01304
@ BETXMAX          %le   130.88450
@ BETYMAX          %le    81.85232
@ XCORMS           %le     0.00000
@ YCORMS           %le     0.00465
@ DXRMS            %le     2.28863
@ DYRMS            %le     0.13035
@ DELTAP           %le     0.00000
@ SYNCH_1          %le     0.00000
@ SYNCH_2          %le     0.00000
@ SYNCH_3          %le     0.00000
@ SYNCH_4          %le     0.00000
@ SYNCH_5          %le     0.00000
@ TITLE            %65s "LT-LTB-BI 2014 optics. Protons - 310.3662354 MeV/c (E_kin=50 MeV)"
@ ORIGIN           %16s "5.02.06 Linux 64"
@ DATE             %08s "08/07/15"
@ TIME             %08s "15.23.08"
* NAME                        S          X          Y 
$ %s                        %le        %le        %le 
 "LTLTBBI$START"        0.00000    0.00000    0.00000
 "LT$START"             0.00000    0.00000    0.00000
 "BEGLT"                0.00000    0.00000    0.00000
 "DRIFT_0"              0.02400    0.00000    0.00000
 "LT.VVS10"             0.04800    0.00000    0.00000
 "DRIFT_1"              0.22300    0.00000    0.00000
 "LT.DHZ10"             0.39800    0.00000    0.00000
 "LT.DVT10"             0.39800    0.00000    0.00000
 "DRIFT_2"              0.89900    0.00000    0.00000
 "LT.BPM10"             1.40000    0.00000    0.00000
 "DRIFT_3"              1.62475    0.00000    0.00000
 "LT.QFN10"             1.97700    0.00000    0.00000
 "DRIFT_4"              2.12575    0.00000    0.00000
 "LT.BEC1"              2.14700    0.00000    0.00000
 "DRIFT_5"              2.27850    0.00000    0.00000
 "LT.BCT10"             2.41000    0.00000    0.00000
 "DRIFT_6"              2.52975    0.00000    0.00000
 "LT.QDN12"             2.77700    0.00000    0.00000
 "DRIFT_7"              2.99675    0.00000    0.00000
 "LT.BHZ10"             3.34200    0.00000    0.00000
 "DRIFT_8"              4.54000    0.00000    0.00000
 "LT.VPI11"             5.48500    0.00000    0.00000
 "DRIFT_9"              6.40975    0.00000    0.00000
 "LT.QFN20"             7.46200    0.00000    0.00000
 "DRIFT_10"             7.71825    0.00000    0.00000
 "LT.BEC2"              7.84700    0.00000    0.00000
 "DRIFT_11"             8.09075    0.00000    0.00000
 "LT.QDN22"             8.46200    0.00000    0.00000
 "DRIFT_12"            10.15585    0.00000    0.00000
 "LT.DHZ20"            11.72220    0.00000    0.00000
 "LT.DVT20"            11.72220    0.00000    0.00000
 "DRIFT_13"            12.45835    0.00000    0.00037
 "LT.QFN30"            13.32200    0.00000    0.00080
 "DRIFT_14"            13.82700    0.00000    0.00112
 "LT.QDN32"            14.33200    0.00000    0.00143
 "DRIFT_15"            14.79575    0.00000    0.00158
 "LT.VPI2"             15.13200    0.00000    0.00169
 "DRIFT_16"            16.15475    0.00000    0.00200
 "LT.BPM20"            17.17750    0.00000    0.00232
 "DRIFT_17"            17.72975    0.00000    0.00249
 "LT.VGP11"            18.28200    0.00000    0.00266
 "DRIFT_18"            18.56325    0.00000    0.00274
 "LT.QFN40"            18.97200    0.00000    0.00291
 "DRIFT_19"            19.47200    0.00000    0.00367
 "LT.QDN42"            19.97200    0.00000    0.00442
 "DRIFT_20"            20.24575    0.00000    0.00446
 "LT.DHZ30"            20.39200    0.00000    0.00446
 "LT.DVT30"            20.39200    0.00000    0.00446
 "DRIFT_21"            20.69350    0.00000    0.00444
 "LT.BPM30"            20.99500    0.00000    0.00442
 "DRIFT_22"            21.37100    0.00000    0.00440
 "LT.CDB10"            21.74700    0.00000    0.00438
 "DRIFT_23"            22.21975    0.00000    0.00435
 "LT.BCT20"            22.69250    0.00000    0.00433
 "DRIFT_24"            23.08843    0.00000    0.00430
 "LT.BHZ20"            24.00857    0.00000    0.00419
 "DRIFT_25"            24.89995    0.00000    0.00398
 "LT.VGP12"            25.26713    0.00000    0.00387
 "DRIFT_26"            25.69113    0.00000    0.00374
 "LT.STP10"            26.11513    0.00000    0.00361
 "DRIFT_27"            27.74013    0.00000    0.00311
 "LT.BEC3"             29.36513    0.00000    0.00262
 "DRIFT_28"            29.93638    0.00000    0.00244
 "LT.QFN50"            30.63513    0.00000    0.00226
 "DRIFT_29"            31.17388    0.00000    0.00251
 "LT.VPI14"            31.58513    0.00000    0.00272
 "DRIFT_30"            31.79513    0.00000    0.00283
 "LT.BEC4"             32.00513    0.00000    0.00294
 "DRIFT_31"            32.18563    0.00000    0.00303
 "LT.BCT30"            32.36613    0.00000    0.00312
 "DRIFT_32"            32.62563    0.00000    0.00326
 "LT.DHZ40"            32.88513    0.00000    0.00339
 "LT.DVT40"            32.88513    0.00000    0.00339
 "DRIFT_33"            33.46513   -0.00000    0.00369
 "LT.BPM40"            34.04513   -0.00000    0.00399
 "DRIFT_34"            34.37638   -0.00000    0.00416
 "LT.QDN55"            34.83513   -0.00000    0.00437
 "DRIFT_35"            35.07988   -0.00000    0.00430
 "LT.VVS20"            35.19713   -0.00000    0.00426
 "DRIFT_36"            37.38738   -0.00000    0.00341
 "LT.QFN60"            39.70513   -0.00000    0.00252
 "DRIFT_37"            40.65913   -0.00000    0.00256
 "LT.QDN65"            41.61313   -0.00000    0.00261
 "DRIFT_38"            41.87553   -0.00000    0.00251
 "LT.BHZ25"            42.21314   -0.00000    0.00238
 "DRIFT_39"            42.96299   -0.00000    0.00208
 "LT.VPI25"            43.51013   -0.00000    0.00186
 "DRIFT_40"            44.80814   -0.00000    0.00134
 "LT.VPI26"            46.10614   -0.00000    0.00082
 "DRIFT_41"            46.31014   -0.00000    0.00074
 "LT.QFW70"            46.74513   -0.00000    0.00058
 "DRIFT_42"            48.49188   -0.00000    0.00016
 "LT.QDN75"            50.13513   -0.00000   -0.00023
 "DRIFT_43"            50.68389   -0.00000   -0.00034
 "LT.DHZ50"            51.10514   -0.00000   -0.00043
 "LT.DVT50"            51.10514   -0.00000   -0.00043
 "DRIFT_44"            51.42214   -0.00000   -0.00049
 "LT.BCT40"            51.73914   -0.00000   -0.00055
 "DRIFT_45"            51.98314   -0.00000   -0.00060
 "LT.BPM50"            52.50514   -0.00000   -0.00070
 "DRIFT_46"            53.12800    0.00000   -0.00083
 "ENDLT"               53.47286    0.00000   -0.00090
 "LT$END"              53.47286    0.00000   -0.00090
 "DRIFT_47"            53.47286    0.00000   -0.00090
 "LTB$START"           53.47287    0.00000   -0.00090
 "BEGLTB"              53.47287    0.00000   -0.00090
 "LT.BHZ30"            53.99860   -0.00000   -0.00098
 "DRIFT_48"            54.86818    0.00000   -0.00108
 "LTB.DHZ10"           55.21204    0.00000   -0.00112
 "LTB.DVT10"           55.21204    0.00000   -0.00112
 "DRIFT_49"            55.47879    0.00000   -0.00114
 "LTB.STP10"           55.74554    0.00000   -0.00116
 "DRIFT_50"            55.93879    0.00000   -0.00118
 "LTB.VVS10"           56.13204    0.00000   -0.00120
 "DRIFT_51"            56.38079    0.00000   -0.00122
 "LTB.VPI11"           56.62954    0.00000   -0.00124
 "DRIFT_52"            57.39704    0.00000   -0.00131
 "LTB.QFN10"           58.29204    0.00000   -0.00141
 "DRIFT_19"            58.79204    0.00000   -0.00169
 "LTB.QDN20"           59.29204    0.00000   -0.00199
 "DRIFT_53"            59.57479    0.00000   -0.00207
 "LTB.MSF30"           59.73004    0.00000   -0.00212
 "DRIFT_54"            60.08379    0.00000   -0.00221
 "LTB.BPM10"           60.43754    0.00000   -0.00231
 "DRIFT_55"            60.62129    0.00000   -0.00236
 "LTB.BCT49"           60.80504    0.00000   -0.00241
 "DRIFT_56"            60.97354    0.00000   -0.00246
 "LTB.DHZ20"           61.14204    0.00000   -0.00250
 "LTB.DVT20"           61.14204    0.00000   -0.00250
 "DRIFT_57"            62.60654    0.00000   -0.00291
 "LTB.BCT50"           64.07104    0.00000   -0.00331
 "DRIFT_58"            64.32604    0.00000   -0.00338
 "LTB.BCT55"           64.58104    0.00000   -0.00345
 "DRIFT_59"            66.11154    0.00000   -0.00387
 "LTB.BPM20"           67.64204    0.00000   -0.00429
 "DRIFT_60"            67.89204    0.00000   -0.00436
 "LTB.DHZ30"           68.14204    0.00000   -0.00442
 "LTB.DVT30"           68.14204    0.00000   -0.00442
 "DRIFT_61"            68.47679    0.00000   -0.00452
 "LTB.QFW30"           69.04204    0.00000   -0.00473
 "DRIFT_62"            69.54204    0.00000   -0.00534
 "LTB.QDW40"           70.04204    0.00000   -0.00591
 "DRIFT_63"            72.59679    0.00000   -0.00515
 "LTB.BCT59"           74.92104   -0.00000   -0.00437
 "DRIFT_64"            75.19254   -0.00000   -0.00428
 "LTB.VPI12"           75.46404   -0.00000   -0.00419
 "DRIFT_65"            75.68904   -0.00000   -0.00412
 "LTB.VGR01"           75.91404   -0.00000   -0.00404
 "DRIFT_66"            76.94704   -0.00000   -0.00370
 "LTB.VPI13"           77.98004   -0.00000   -0.00335
 "DRIFT_67"            78.24504   -0.00000   -0.00326
 "LTB.MSF40"           78.51004   -0.00000   -0.00317
 "DRIFT_68"            78.72604   -0.00000   -0.00310
 "LTB.BCT60"           78.94204   -0.00000   -0.00303
 "DRIFT_69"            79.15179   -0.00000   -0.00296
 "LTB.QFW50"           79.59204   -0.00000   -0.00287
 "DRIFT_70"            80.24204   -0.00000   -0.00325
 "LTB.QDW60"           80.89204   -0.00000   -0.00361
 "DRIFT_69"            81.33229   -0.00000   -0.00339
 "LTB.DHZ40"           81.54204   -0.00000   -0.00325
 "LTB.DVT40"           81.54204   -0.00000   -0.00325
 "DRIFT_71"            81.79404   -0.00000   -0.00308
 "LTB.BPM30"           82.04604   -0.00000   -0.00291
 "DRIFT_72"            82.37704   -0.00000   -0.00269
 "ENDLTB"              82.70804   -0.00000   -0.00246
 "LTB$END"             82.70804   -0.00000   -0.00246
 "BI3$START"           82.70804   -0.00000   -0.00246
 "BEGBI"               82.70804   -0.00000   -0.00246
 "LTB.BHZ40"           83.15804   -0.00000   -0.00216
 "DRIFT_73"            83.94804   -0.00000   -0.00163
 "BI.VPI11"            84.28804   -0.00000   -0.00140
 "DRIFT_74"            86.78004   -0.00000    0.00027
 "BI.DHZ10"            89.27204   -0.00000    0.00194
 "BI.DVT10"            89.27204   -0.00000    0.00194
 "DRIFT_75"            89.51554   -0.00000    0.00211
 "BI.BPM00"            89.75904   -0.00000    0.00227
 "DRIFT_76"            90.21004   -0.00000    0.00257
 "BI.BTV10"            90.66104   -0.00000    0.00287
 "DRIFT_77"            90.94904   -0.00000    0.00307
 "BI.STPFA10"          91.23704   -0.00000    0.00326
 "DRIFT_78"            92.85004   -0.00000    0.00434
 "BI.STPSW10"          94.46304   -0.00000    0.00543
 "DRIFT_79"            94.83754   -0.00000    0.00568
 "BI.BPM10"            95.21204   -0.00000    0.00593
 "DRIFT_80"            95.45204   -0.00000    0.00609
 "BI.DHZ20"            95.69204   -0.00000    0.00625
 "BI.DVT20"            95.69204   -0.00000    0.00625
 "DRIFT_81"            95.89654   -0.00000    0.00639
 "BI.QNO10"            96.33204   -0.00000    0.00688
 "DRIFT_82"            96.83204   -0.00000    0.00880
 "BI.QNO20"            97.33204   -0.00000    0.01059
 "DRIFT_83"           100.98834   -0.00000    0.00371
 "BI.BPM20"           104.41364    0.00000   -0.00307
 "DRIFT_84"           104.63844    0.00000   -0.00351
 "BI.BCT10"           104.86324    0.00000   -0.00396
 "DRIFT_85"           105.05284    0.00000   -0.00433
 "BI.VVS10"           105.24244    0.00000   -0.00471
 "DRIFT_86"           105.28449    0.00000   -0.00479
 "BI.DVT30"           105.47404    0.00000   -0.00517
 "DRIFT_87"           105.74329    0.00000   -0.00570
 "BI.BTV20"           105.86504    0.00000   -0.00594
 "DRIFT_88"           106.12974    0.00000   -0.00646
 "BI.QNO30"           106.62544    0.00000   -0.00758
 "DRIFT_89"           107.07524    0.00000   -0.00947
 "BI.BPM30"           107.29405    0.00000   -0.01047
 "DRIFT_90"           107.49284    0.00000   -0.01137
 "BI.QNO40"           107.92264    0.00000   -0.01300
 "DRIFT_91"           108.28885    0.00000   -0.01287
 "BI.DIS0"            108.62405    0.00000   -0.01244
 "DRIFT_92"           108.82905    0.00000   -0.01217
 "BI3.DIS1"           109.03405    0.00000   -0.01191
 "DRIFT_92"           109.23905    0.00000   -0.01164
 "BI3.DIS2"           109.44405    0.00000   -0.01138
 "DRIFT_93"           109.64905    0.00000   -0.01111
 "BI3.DIS3"           109.85405    0.00000   -0.01085
 "DRIFT_94"           110.05905    0.00000   -0.01058
 "BI3.DIS4"           110.26405    0.00000   -0.01032
 "DRIFT_95"           110.55556    0.00000   -0.00994
 "BI3.DVT40"          110.81056    0.00000   -0.00961
 "DRIFT_96"           111.82481    0.00000   -0.00830
 "BI.VPI12"           112.67556    0.00000   -0.00720
 "DRIFT_97"           114.78456    0.00000   -0.00448
 "BI.BTV30"           116.89356    0.00000   -0.00175
 "DRIFT_98"           117.73881    0.00000   -0.00066
 "BI.SMVHDP"          118.58406    0.00000    0.00043
 "DRIFT_99"           118.69306    0.00000    0.00057
 "BI3.SMV10"          119.28206    0.00000    0.00133
 "DRIFT_100"          120.54347    0.00000    0.00296
 "BI3.BVT10"          121.68406    0.00000    0.00443
 "DRIFT_101"          122.19715    0.00000    0.00510
 "BI3.QNO50"          122.58406    0.00000    0.00577
 "DRIFT_102"          122.95906    0.00000    0.00729
 "BI3.QNO60"          123.33406    0.00000    0.00872
 "DRIFT_103"          123.72956    0.00000    0.00875
 "BI3.DHZ50"          123.89206    0.00000    0.00863
 "BI3.DVT50"          123.89206    0.00000    0.00863
 "DRIFT_104"          124.17556    0.00000    0.00843
 "BI3.BPM40"          124.45906    0.00000    0.00822
 "DRIFT_105"          125.05006    0.00000    0.00780
 "BI3.BTV40"          125.64106    0.00000    0.00737
 "DRIFT_106"          125.91431    0.00000    0.00717
 "BI3.VPI14"          126.18756    0.00000    0.00697
 "DRIFT_107"          126.38681    0.00000    0.00683
 "BI3.BCT20"          126.58606    0.00000    0.00669
 "DRIFT_108"          126.80906    0.00000    0.00652
 "BI3.BPM50"          127.03206    0.00000    0.00636
 "DRIFT_109"          127.29306    0.00000    0.00617
 "BI3.VVS20"          127.55406    0.00000    0.00599
 "DRIFT_110"          128.75406    0.00000    0.00512
 "BI3.DHZ70"          129.95406    0.00000    0.00425
 "BI3.DVT70"          129.95406    0.00000    0.00425
 "DRIFT_111"          130.58266    0.00000    0.00380
 "BI3.INJPT"          131.21126    0.00000    0.00334
 "BI3$END"            131.21126    0.00000    0.00334
 "LTLTBBI$END"        131.21126    0.00000    0.00334
