@ NAME             %05s "TWISS"
@ TYPE             %05s "TWISS"
@ SEQUENCE         %07s "LTLTBBI"
@ PARTICLE         %06s "PROTON"
@ MASS             %le     0.93827
@ CHARGE           %le     1.00000
@ ENERGY           %le     0.98827
@ PC               %le     0.31037
@ GAMMA            %le     1.05329
@ KBUNCH           %le     1.00000
@ BCURRENT         %le     0.00000
@ SIGE             %le     0.00100
@ SIGT             %le     0.00000
@ NPART            %le     0.00000
@ EX               %le     0.00004
@ EY               %le     0.00002
@ ET               %le     1.00000
@ LENGTH           %le   131.21126
@ ALFA             %le     0.00000
@ ORBIT5           %le    -0.00000
@ GAMMATR          %le     0.00000
@ Q1               %le     2.86343
@ Q2               %le     2.69125
@ DQ1              %le     0.00000
@ DQ2              %le     0.00000
@ DXMAX            %le     8.82987
@ DYMAX            %le     1.39768
@ XCOMAX           %le     0.09967
@ YCOMAX           %le     0.02324
@ BETXMAX          %le   104.03899
@ BETYMAX          %le    80.28122
@ XCORMS           %le     0.02518
@ YCORMS           %le     0.00802
@ DXRMS            %le     2.69113
@ DYRMS            %le     0.45789
@ DELTAP           %le     0.00000
@ SYNCH_1          %le     0.00000
@ SYNCH_2          %le     0.00000
@ SYNCH_3          %le     0.00000
@ SYNCH_4          %le     0.00000
@ SYNCH_5          %le     0.00000
@ TITLE            %65s "LT-LTB-BI 2014 optics. Protons - 310.3662354 MeV/c (E_kin=50 MeV)"
@ ORIGIN           %16s "5.02.04 Linux 64"
@ DATE             %08s "07/04/15"
@ TIME             %08s "17.23.38"
* NAME                        S          X          Y 
$ %s                        %le        %le        %le 
 "LTLTBBI$START"        0.00000    0.00000    0.00000
 "LT$START"             0.00000    0.00000    0.00000
 "BEGLT"                0.00000    0.00000    0.00000
 "DRIFT_0"              0.02400    0.00000    0.00000
 "LT.VVS10"             0.04800    0.00000    0.00000
 "DRIFT_1"              0.22300    0.00000    0.00000
 "LT.DHZ10"             0.39800    0.00000    0.00000
 "LT.DVT10"             0.39800    0.00000    0.00000
 "DRIFT_2"              0.89900    0.00000    0.00000
 "LT.BPM10"             1.40000    0.00019   -0.00055
 "DRIFT_3"              1.62475    0.00000    0.00000
 "LT.QFN10"             1.97700    0.00126   -0.00430
 "DRIFT_4"              2.12575   -0.00020   -0.00068
 "LT.BEC1"              2.14700   -0.00023   -0.00078
 "DRIFT_5"              2.27850   -0.00041   -0.00144
 "LT.BCT10"             2.41000   -0.00060   -0.00209
 "DRIFT_6"              2.52975   -0.00077   -0.00268
 "LT.QDN12"             2.77700    0.00155   -0.00708
 "DRIFT_7"              2.99675   -0.00114   -0.00371
 "LT.BHZ10"             3.34200   -0.00116   -0.00331
 "DRIFT_8"              4.54000   -0.00123   -0.00191
 "LT.VPI11"             5.48500   -0.00128   -0.00080
 "DRIFT_9"              6.40975   -0.00133    0.00028
 "LT.QFN20"             7.46200    0.00156   -0.00159
 "DRIFT_10"             7.71825   -0.00159    0.00162
 "LT.BEC2"              7.84700   -0.00170    0.00167
 "DRIFT_11"             8.09075   -0.00189    0.00176
 "LT.QDN22"             8.46200    0.00013   -0.00116
 "DRIFT_12"            10.15585   -0.00350    0.00322
 "LT.DHZ20"            11.72220   -0.00470    0.00444
 "LT.DVT20"            11.72220   -0.00470    0.00444
 "DRIFT_13"            12.45835   -0.00490    0.00501
 "LT.QFN30"            13.32200   -0.00247    0.00382
 "DRIFT_14"            13.82700   -0.00507    0.00637
 "LT.QDN32"            14.33200   -0.00406    0.00537
 "DRIFT_15"            14.79575   -0.00536    0.00718
 "LT.VPI2"             15.13200   -0.00564    0.00723
 "DRIFT_16"            16.15475   -0.00647    0.00738
 "LT.BPM20"            17.17750   -0.00758    0.00855
 "DRIFT_17"            17.72975   -0.00776    0.00761
 "LT.VGP11"            18.28200   -0.00822    0.00770
 "DRIFT_18"            18.56325   -0.00845    0.00774
 "LT.QFN40"            18.97200   -0.00810    0.00712
 "DRIFT_19"            19.47200   -0.00741    0.00945
 "LT.QDN42"            19.97200   -0.00573    0.01036
 "DRIFT_20"            20.24575   -0.00597    0.01083
 "LT.DHZ30"            20.39200   -0.00591    0.01070
 "LT.DVT30"            20.39200   -0.00591    0.01070
 "DRIFT_21"            20.69350   -0.00579    0.01044
 "LT.BPM30"            20.99500   -0.00599    0.01322
 "DRIFT_22"            21.37100   -0.00552    0.00986
 "LT.CDB10"            21.74700   -0.00537    0.00954
 "DRIFT_23"            22.21975   -0.00518    0.00913
 "LT.BCT20"            22.69250   -0.00499    0.00873
 "DRIFT_24"            23.08843   -0.00483    0.00839
 "LT.BHZ20"            24.00857   -0.00262    0.00880
 "DRIFT_25"            24.89995   -0.00379    0.00684
 "LT.VGP12"            25.26713   -0.00357    0.00653
 "DRIFT_26"            25.69113   -0.00332    0.00616
 "LT.STP10"            26.11513   -0.00307    0.00580
 "DRIFT_27"            27.74013   -0.00210    0.00441
 "LT.BEC3"             29.36513   -0.00113    0.00302
 "DRIFT_28"            29.93638   -0.00079    0.00253
 "LT.QFN50"            30.63513    0.00037    0.00261
 "DRIFT_29"            31.17388   -0.00012    0.00192
 "LT.VPI14"            31.58513    0.00007    0.00195
 "DRIFT_30"            31.79513    0.00017    0.00196
 "LT.BEC4"             32.00513    0.00026    0.00198
 "DRIFT_31"            32.18563    0.00035    0.00199
 "LT.BCT30"            32.36613    0.00043    0.00200
 "DRIFT_32"            32.62563    0.00055    0.00202
 "LT.DHZ40"            32.88513    0.00067    0.00203
 "LT.DVT40"            32.88513    0.00067    0.00203
 "DRIFT_33"            33.46513    0.00094    0.00207
 "LT.BPM40"            34.04513    0.00104    0.00412
 "DRIFT_34"            34.37638    0.00137    0.00213
 "LT.QDN55"            34.83513    0.00309    0.00352
 "DRIFT_35"            35.07988    0.00185    0.00200
 "LT.VVS20"            35.19713    0.00198    0.00192
 "DRIFT_36"            37.38738    0.00438    0.00049
 "LT.QFN60"            39.70513    0.00810    0.00112
 "DRIFT_37"            40.65913    0.00661   -0.00145
 "LT.QDN65"            41.61313    0.00629   -0.00187
 "DRIFT_38"            41.87553    0.00646   -0.00191
 "LT.BHZ25"            42.21314    0.00672   -0.00195
 "DRIFT_39"            42.96299    0.00730   -0.00203
 "LT.VPI25"            43.51013    0.00772   -0.00209
 "DRIFT_40"            44.80814    0.00873   -0.00223
 "LT.VPI26"            46.10614    0.00973   -0.00237
 "DRIFT_41"            46.31014    0.00989   -0.00240
 "LT.QFW70"            46.74513    0.01009   -0.00275
 "DRIFT_42"            48.49188    0.00621   -0.00411
 "LT.QDN75"            50.13513    0.00059   -0.00654
 "DRIFT_43"            50.68389    0.00133   -0.00537
 "LT.DHZ50"            51.10514    0.00043   -0.00516
 "LT.DVT50"            51.10514    0.00043   -0.00516
 "DRIFT_44"            51.42214   -0.00025   -0.00500
 "LT.BCT40"            51.73914   -0.00092   -0.00484
 "DRIFT_45"            51.98314   -0.00144   -0.00471
 "LT.BPM50"            52.50514   -0.00280   -0.00527
 "DRIFT_46"            53.12800   -0.00389   -0.00413
 "ENDLT"               53.47286   -0.00462   -0.00396
 "LT$END"              53.47286   -0.00462   -0.00396
 "DRIFT_47"            53.47286   -0.00462   -0.00396
 "LTB$START"           53.47287   -0.00462   -0.00396
 "BEGLTB"              53.47287   -0.00462   -0.00396
 "LT.BHZ30"            53.99860   -0.00565    0.00237
 "DRIFT_48"            54.86818   -0.00694   -0.00325
 "LTB.DHZ10"           55.21204   -0.00740   -0.00308
 "LTB.DVT10"           55.21204   -0.00740   -0.00308
 "DRIFT_49"            55.47879   -0.00776   -0.00294
 "LTB.STP10"           55.74554   -0.00812   -0.00281
 "DRIFT_50"            55.93879   -0.00838   -0.00271
 "LTB.VVS10"           56.13204   -0.00864   -0.00261
 "DRIFT_51"            56.38079   -0.00897   -0.00249
 "LTB.VPI11"           56.62954   -0.00931   -0.00236
 "DRIFT_52"            57.39704   -0.01034   -0.00197
 "LTB.QFN10"           58.29204   -0.01466   -0.00324
 "DRIFT_19"            58.79204   -0.00957   -0.00186
 "LTB.QDN20"           59.29204   -0.01197   -0.00376
 "DRIFT_53"            59.57479   -0.00743   -0.00210
 "LTB.MSF30"           59.73004   -0.00725   -0.00208
 "DRIFT_54"            60.08379   -0.00684   -0.00201
 "LTB.BPM10"           60.43754   -0.01055   -0.00342
 "DRIFT_55"            60.62129   -0.00621   -0.00192
 "LTB.BCT49"           60.80504   -0.00600   -0.00189
 "DRIFT_56"            60.97354   -0.00580   -0.00186
 "LTB.DHZ20"           61.14204   -0.00560   -0.00183
 "LTB.DVT20"           61.14204   -0.00560   -0.00183
 "DRIFT_57"            62.60654   -0.00390   -0.00157
 "LTB.BCT50"           64.07104   -0.00219   -0.00132
 "DRIFT_58"            64.32604   -0.00189   -0.00127
 "LTB.BCT55"           64.58104   -0.00159   -0.00123
 "DRIFT_59"            66.11154    0.00019   -0.00096
 "LTB.BPM20"           67.64204   -0.00460    0.00057
 "DRIFT_60"            67.89204    0.00227   -0.00065
 "LTB.DHZ30"           68.14204    0.00256   -0.00060
 "LTB.DVT30"           68.14204    0.00256   -0.00060
 "DRIFT_61"            68.47679    0.00295   -0.00054
 "LTB.QFW30"           69.04204   -0.00319    0.00104
 "DRIFT_62"            69.54204    0.00457   -0.00024
 "LTB.QDW40"           70.04204   -0.00195    0.00135
 "DRIFT_63"            72.59679    0.00887    0.00003
 "LTB.BCT59"           74.92104    0.01195    0.00010
 "DRIFT_64"            75.19254    0.01231    0.00011
 "LTB.VPI12"           75.46404    0.01267    0.00011
 "DRIFT_65"            75.68904    0.01297    0.00012
 "LTB.VGR01"           75.91404    0.01326    0.00013
 "DRIFT_66"            76.94704    0.01463    0.00016
 "LTB.VPI13"           77.98004    0.01600    0.00019
 "DRIFT_67"            78.24504    0.01635    0.00020
 "LTB.MSF40"           78.51004    0.01671    0.00020
 "DRIFT_68"            78.72604    0.01699    0.00021
 "LTB.BCT60"           78.94204    0.01728    0.00022
 "DRIFT_69"            79.15179    0.01756    0.00022
 "LTB.QFW50"           79.59204    0.00704    0.00449
 "DRIFT_70"            80.24204    0.01737    0.00131
 "LTB.QDW60"           80.89204    0.00561    0.00688
 "DRIFT_69"            81.33229    0.01720    0.00185
 "LTB.DHZ40"           81.54204    0.01740    0.00167
 "LTB.DVT40"           81.54204    0.01740    0.00167
 "DRIFT_71"            81.79404    0.01764    0.00145
 "LTB.BPM30"           82.04604    0.00617    0.00615
 "DRIFT_72"            82.37704    0.01820    0.00095
 "ENDLTB"              82.70804    0.01851    0.00067
 "LTB$END"             82.70804    0.01851    0.00067
 "BI3$START"           82.70804    0.01851    0.00067
 "BEGBI"               82.70804    0.01851    0.00067
 "LTB.BHZ40"           83.15804    0.00860    0.00576
 "DRIFT_73"            83.94804    0.01969   -0.00039
 "BI.VPI11"            84.28804    0.02002   -0.00068
 "DRIFT_74"            86.78004    0.02239   -0.00282
 "BI.DHZ10"            89.27204    0.02477   -0.00495
 "BI.DVT10"            89.27204    0.02477   -0.00495
 "DRIFT_75"            89.51554    0.02500   -0.00516
 "BI.BPM00"            89.75904    0.02523   -0.00537
 "DRIFT_76"            90.21004    0.02566   -0.00575
 "BI.BTV10"            90.66104    0.02609   -0.00614
 "DRIFT_77"            90.94904    0.02636   -0.00638
 "BI.STPFA10"          91.23704    0.02664   -0.00663
 "DRIFT_78"            92.85004    0.02818   -0.00801
 "BI.STPSW10"          94.46304    0.02971   -0.00939
 "DRIFT_79"            94.83754    0.03007   -0.00971
 "BI.BPM10"            95.21204    0.03043   -0.01003
 "DRIFT_80"            95.45204    0.03065   -0.01024
 "BI.DHZ20"            95.69204    0.03088   -0.01044
 "BI.DVT20"            95.69204    0.03088   -0.01044
 "DRIFT_81"            95.89654    0.03108   -0.01062
 "BI.QNO10"            96.33204    0.03056   -0.01132
 "DRIFT_82"            96.83204    0.02405   -0.01435
 "BI.QNO20"            97.33204    0.01732   -0.01718
 "DRIFT_83"           100.98834    0.00111   -0.00547
 "BI.BPM20"           104.41364   -0.01356    0.00605
 "DRIFT_84"           104.63844   -0.01452    0.00680
 "BI.BCT10"           104.86324   -0.01549    0.00756
 "DRIFT_85"           105.05284   -0.01630    0.00820
 "BI.VVS10"           105.24244   -0.01711    0.00883
 "DRIFT_86"           105.28449   -0.01729    0.00898
 "BI.DVT30"           105.47404   -0.01810    0.00961
 "DRIFT_87"           105.74329   -0.01926    0.01052
 "BI.BTV20"           105.86504   -0.01978    0.01093
 "DRIFT_88"           106.15839   -0.02103    0.01192
 "BI.QNO30"           106.68274   -0.02284    0.01394
 "DRIFT_89"           107.10389   -0.02186    0.01705
 "BI.BPM30"           107.29405   -0.02122    0.01859
 "DRIFT_90"           107.49762   -0.02054    0.02024
 "BI.QNO40"           107.93220   -0.01959    0.02317
 "DRIFT_91"           108.29362   -0.02109    0.02294
 "BI.DIS0"            108.62405   -0.02294    0.02217
 "DRIFT_92"           108.82905   -0.02409    0.02169
 "BI3.DIS1"           109.03405   -0.02523    0.02121
 "DRIFT_92"           109.23905   -0.02638    0.02074
 "BI3.DIS2"           109.44405   -0.02753    0.02026
 "DRIFT_93"           109.64905   -0.02868    0.01978
 "BI3.DIS3"           109.85405   -0.02982    0.01931
 "DRIFT_94"           110.05905   -0.03097    0.01883
 "BI3.DIS4"           110.26405   -0.03212    0.01836
 "DRIFT_95"           110.55556   -0.03375    0.01768
 "BI3.DVT40"          110.81056   -0.03517    0.01707
 "DRIFT_96"           111.82481   -0.04084    0.01473
 "BI.VPI12"           112.67556   -0.04560    0.01275
 "DRIFT_97"           114.78456   -0.05738    0.00785
 "BI.BTV30"           116.89356   -0.06917    0.00295
 "DRIFT_98"           117.73881   -0.07389    0.00098
 "BI.SMVHDP"          118.58406   -0.07861   -0.00098
 "DRIFT_99"           118.69306   -0.07922   -0.00124
 "BI3.SMV10"          119.28206   -0.08252   -0.00261
 "DRIFT_100"          120.54347   -0.08957   -0.00554
 "BI3.BVT10"          121.68406   -0.09594   -0.00819
 "DRIFT_101"          122.19715   -0.09881   -0.00938
 "BI3.QNO50"          122.58406   -0.09769   -0.01061
 "DRIFT_102"          122.95906   -0.08233   -0.01337
 "BI3.QNO60"          123.33406   -0.06651   -0.01598
 "DRIFT_103"          123.72956   -0.06125   -0.01603
 "BI3.DHZ50"          123.89206   -0.06002   -0.01581
 "BI3.DVT50"          123.89206   -0.06002   -0.01581
 "DRIFT_104"          124.17556   -0.05789   -0.01542
 "BI3.BPM40"          124.45906   -0.05575   -0.01504
 "DRIFT_105"          125.05006   -0.05130   -0.01424
 "BI3.BTV40"          125.64106   -0.04685   -0.01344
 "DRIFT_106"          125.91431   -0.04479   -0.01307
 "BI3.VPI14"          126.18756   -0.04273   -0.01270
 "DRIFT_107"          126.38681   -0.04123   -0.01243
 "BI3.BCT20"          126.58606   -0.03973   -0.01216
 "DRIFT_108"          126.80906   -0.03805   -0.01186
 "BI3.BPM50"          127.03206   -0.03637   -0.01155
 "DRIFT_109"          127.29306   -0.03441   -0.01120
 "BI3.VVS20"          127.55406   -0.03244   -0.01085
 "DRIFT_110"          128.75406   -0.02340   -0.00922
 "BI3.DHZ70"          129.95406   -0.01436   -0.00759
 "BI3.DVT70"          129.95406   -0.01436   -0.00759
 "DRIFT_111"          130.58266   -0.00963   -0.00674
 "BI3.INJPT"          131.21126   -0.00490   -0.00589
 "BI3$END"            131.21126   -0.00490   -0.00589
 "LTLTBBI$END"        131.21126   -0.00490   -0.00589
