@ NAME             %05s "TWISS"
@ TYPE             %05s "TWISS"
@ SEQUENCE         %07s "LTLTBBI"
@ PARTICLE         %06s "PROTON"
@ MASS             %le     0.93827
@ CHARGE           %le     1.00000
@ ENERGY           %le     0.98827
@ PC               %le     0.31037
@ GAMMA            %le     1.05329
@ KBUNCH           %le     1.00000
@ BCURRENT         %le     0.00000
@ SIGE             %le     0.00100
@ SIGT             %le     0.00000
@ NPART            %le     0.00000
@ EX               %le     0.00004
@ EY               %le     0.00002
@ ET               %le     1.00000
@ LENGTH           %le   131.21126
@ ALFA             %le     0.00000
@ ORBIT5           %le    -0.00000
@ GAMMATR          %le     0.00000
@ Q1               %le     2.86356
@ Q2               %le     2.69224
@ DQ1              %le     0.00000
@ DQ2              %le     0.00000
@ DXMAX            %le     8.80075
@ DYMAX            %le     3.29902
@ XCOMAX           %le     0.11205
@ YCOMAX           %le     0.04427
@ BETXMAX          %le   104.26047
@ BETYMAX          %le    80.37380
@ XCORMS           %le     0.02868
@ YCORMS           %le     0.01542
@ DXRMS            %le     3.04103
@ DYRMS            %le     1.01816
@ DELTAP           %le     0.00000
@ SYNCH_1          %le     0.00000
@ SYNCH_2          %le     0.00000
@ SYNCH_3          %le     0.00000
@ SYNCH_4          %le     0.00000
@ SYNCH_5          %le     0.00000
@ TITLE            %65s "LT-LTB-BI 2014 optics. Protons - 310.3662354 MeV/c (E_kin=50 MeV)"
@ ORIGIN           %16s "5.02.04 Linux 64"
@ DATE             %08s "07/04/15"
@ TIME             %08s "17.23.39"
* NAME                        S          X          Y 
$ %s                        %le        %le        %le 
 "LTLTBBI$START"        0.00000    0.00000    0.00000
 "LT$START"             0.00000    0.00000    0.00000
 "BEGLT"                0.00000    0.00000    0.00000
 "DRIFT_0"              0.02400    0.00000    0.00000
 "LT.VVS10"             0.04800    0.00000    0.00000
 "DRIFT_1"              0.22300    0.00000    0.00000
 "LT.DHZ10"             0.39800    0.00000    0.00000
 "LT.DVT10"             0.39800    0.00000    0.00000
 "DRIFT_2"              0.89900    0.00000    0.00000
 "LT.BPM10"             1.40000    0.00019   -0.00055
 "DRIFT_3"              1.62475    0.00000    0.00000
 "LT.QFN10"             1.97700    0.00126   -0.00430
 "DRIFT_4"              2.12575   -0.00020   -0.00068
 "LT.BEC1"              2.14700   -0.00023   -0.00078
 "DRIFT_5"              2.27850   -0.00041   -0.00144
 "LT.BCT10"             2.41000   -0.00060   -0.00209
 "DRIFT_6"              2.52975   -0.00077   -0.00268
 "LT.QDN12"             2.77700    0.00155   -0.00708
 "DRIFT_7"              2.99675   -0.00114   -0.00371
 "LT.BHZ10"             3.34200   -0.00116   -0.00331
 "DRIFT_8"              4.54000   -0.00123   -0.00191
 "LT.VPI11"             5.48500   -0.00128   -0.00080
 "DRIFT_9"              6.40975   -0.00133    0.00028
 "LT.QFN20"             7.46200    0.00156   -0.00159
 "DRIFT_10"             7.71825   -0.00159    0.00162
 "LT.BEC2"              7.84700   -0.00170    0.00167
 "DRIFT_11"             8.09075   -0.00189    0.00176
 "LT.QDN22"             8.46200    0.00013   -0.00116
 "DRIFT_12"            10.15585   -0.00350    0.00322
 "LT.DHZ20"            11.72220   -0.00470    0.00444
 "LT.DVT20"            11.72220   -0.00470    0.00444
 "DRIFT_13"            12.45835   -0.00527    0.00501
 "LT.QFN30"            13.32200   -0.00328    0.00382
 "DRIFT_14"            13.82700   -0.00606    0.00637
 "LT.QDN32"            14.33200   -0.00525    0.00537
 "DRIFT_15"            14.79575   -0.00683    0.00718
 "LT.VPI2"             15.13200   -0.00732    0.00723
 "DRIFT_16"            16.15475   -0.00882    0.00738
 "LT.BPM20"            17.17750   -0.01059    0.00855
 "DRIFT_17"            17.72975   -0.01113    0.00761
 "LT.VGP11"            18.28200   -0.01194    0.00770
 "DRIFT_18"            18.56325   -0.01235    0.00774
 "LT.QFN40"            18.97200   -0.01221    0.00712
 "DRIFT_19"            19.47200   -0.01100    0.00945
 "LT.QDN42"            19.97200   -0.00880    0.01036
 "DRIFT_20"            20.24575   -0.00902    0.01083
 "LT.DHZ30"            20.39200   -0.00898    0.01070
 "LT.DVT30"            20.39200   -0.00898    0.01070
 "DRIFT_21"            20.69350   -0.00888    0.01029
 "LT.BPM30"            20.99500   -0.00911    0.01292
 "DRIFT_22"            21.37100   -0.00867    0.00937
 "LT.CDB10"            21.74700   -0.00856    0.00886
 "DRIFT_23"            22.21975   -0.00841    0.00822
 "LT.BCT20"            22.69250   -0.00827    0.00758
 "DRIFT_24"            23.08843   -0.00814    0.00704
 "LT.BHZ20"            24.00857   -0.00599    0.00699
 "DRIFT_25"            24.89995   -0.00705    0.00459
 "LT.VGP12"            25.26713   -0.00677    0.00409
 "DRIFT_26"            25.69113   -0.00645    0.00352
 "LT.STP10"            26.11513   -0.00613    0.00294
 "DRIFT_27"            27.74013   -0.00491    0.00074
 "LT.BEC3"             29.36513   -0.00369   -0.00146
 "DRIFT_28"            29.93638   -0.00326   -0.00223
 "LT.QFN50"            30.63513   -0.00195   -0.00259
 "DRIFT_29"            31.17388   -0.00200   -0.00435
 "LT.VPI14"            31.58513   -0.00141   -0.00528
 "DRIFT_30"            31.79513   -0.00111   -0.00575
 "LT.BEC4"             32.00513   -0.00081   -0.00623
 "DRIFT_31"            32.18563   -0.00055   -0.00664
 "LT.BCT30"            32.36613   -0.00029   -0.00705
 "DRIFT_32"            32.62563    0.00008   -0.00763
 "LT.DHZ40"            32.88513    0.00045   -0.00822
 "LT.DVT40"            32.88513    0.00045   -0.00822
 "DRIFT_33"            33.46513    0.00128   -0.00954
 "LT.BPM40"            34.04513    0.00194   -0.00885
 "DRIFT_34"            34.37638    0.00259   -0.01160
 "LT.QDN55"            34.83513    0.00476   -0.01118
 "DRIFT_35"            35.07988    0.00383   -0.01264
 "LT.VVS20"            35.19713    0.00412   -0.01264
 "DRIFT_36"            37.38738    0.00939   -0.01261
 "LT.QFN60"            39.70513    0.01612   -0.01049
 "DRIFT_37"            40.65913    0.01454   -0.01434
 "LT.QDN65"            41.61313    0.01413   -0.01605
 "DRIFT_38"            41.87553    0.01459   -0.01588
 "LT.BHZ25"            42.21314    0.01528   -0.01554
 "DRIFT_39"            42.96299    0.01682   -0.01478
 "LT.VPI25"            43.51013    0.01795   -0.01422
 "DRIFT_40"            44.80814    0.02061   -0.01290
 "LT.VPI26"            46.10614    0.02328   -0.01159
 "DRIFT_41"            46.31014    0.02370   -0.01138
 "LT.QFW70"            46.74513    0.02418   -0.01142
 "DRIFT_42"            48.49188    0.01532   -0.01530
 "LT.QDN75"            50.13513    0.00489   -0.02010
 "DRIFT_43"            50.68389    0.00448   -0.01819
 "LT.DHZ50"            51.10514    0.00274   -0.01734
 "LT.DVT50"            51.10514    0.00274   -0.01734
 "DRIFT_44"            51.42214    0.00142   -0.01671
 "LT.BCT40"            51.73914    0.00011   -0.01607
 "DRIFT_45"            51.98314   -0.00090   -0.01558
 "LT.BPM50"            52.50514   -0.00329   -0.01536
 "DRIFT_46"            53.12800   -0.00563   -0.01328
 "ENDLT"               53.47286   -0.00706   -0.01259
 "LT$END"              53.47286   -0.00706   -0.01259
 "DRIFT_47"            53.47286   -0.00706   -0.01259
 "LTB$START"           53.47287   -0.00706   -0.01259
 "BEGLTB"              53.47287   -0.00706   -0.01259
 "LT.BHZ30"            53.99860   -0.00910   -0.00547
 "DRIFT_48"            54.86818   -0.01179   -0.00977
 "LTB.DHZ10"           55.21204   -0.01277   -0.00908
 "LTB.DVT10"           55.21204   -0.01277   -0.00908
 "DRIFT_49"            55.47879   -0.01354   -0.00854
 "LTB.STP10"           55.74554   -0.01430   -0.00800
 "DRIFT_50"            55.93879   -0.01485   -0.00761
 "LTB.VVS10"           56.13204   -0.01541   -0.00722
 "DRIFT_51"            56.38079   -0.01612   -0.00672
 "LTB.VPI11"           56.62954   -0.01683   -0.00622
 "DRIFT_52"            57.39704   -0.01903   -0.00468
 "LTB.QFN10"           58.29204   -0.02457   -0.00465
 "DRIFT_19"            58.79204   -0.01860   -0.00272
 "LTB.QDN20"           59.29204   -0.02014   -0.00412
 "DRIFT_53"            59.57479   -0.01550   -0.00214
 "LTB.MSF30"           59.73004   -0.01529   -0.00194
 "DRIFT_54"            60.08379   -0.01482   -0.00150
 "LTB.BPM10"           60.43754   -0.01848   -0.00253
 "DRIFT_55"            60.62129   -0.01411   -0.00081
 "LTB.BCT49"           60.80504   -0.01387   -0.00058
 "DRIFT_56"            60.97354   -0.01364   -0.00036
 "LTB.DHZ20"           61.14204   -0.01342   -0.00015
 "LTB.DVT20"           61.14204   -0.01342   -0.00015
 "DRIFT_57"            62.60654   -0.01148    0.00171
 "LTB.BCT50"           64.07104   -0.00954    0.00357
 "DRIFT_58"            64.32604   -0.00920    0.00389
 "LTB.BCT55"           64.58104   -0.00886    0.00422
 "DRIFT_59"            66.11154   -0.00683    0.00616
 "LTB.BPM20"           67.64204   -0.01138    0.00937
 "DRIFT_60"            67.89204   -0.00447    0.00842
 "LTB.DHZ30"           68.14204   -0.00414    0.00874
 "LTB.DVT30"           68.14204   -0.00414    0.00874
 "DRIFT_61"            68.47679   -0.00370    0.00917
 "LTB.QFW30"           69.04204   -0.00966    0.01147
 "DRIFT_62"            69.54204   -0.00114    0.01188
 "LTB.QDW40"           70.04204   -0.00700    0.01484
 "DRIFT_63"            72.59679    0.00436    0.01284
 "LTB.BCT59"           74.92104    0.00785    0.01210
 "DRIFT_64"            75.19254    0.00826    0.01202
 "LTB.VPI12"           75.46404    0.00866    0.01193
 "DRIFT_65"            75.68904    0.00900    0.01186
 "LTB.VGR01"           75.91404    0.00934    0.01179
 "DRIFT_66"            76.94704    0.01089    0.01146
 "LTB.VPI13"           77.98004    0.01244    0.01113
 "DRIFT_67"            78.24504    0.01284    0.01105
 "LTB.MSF40"           78.51004    0.01324    0.01097
 "DRIFT_68"            78.72604    0.01356    0.01090
 "LTB.BCT60"           78.94204    0.01389    0.01083
 "DRIFT_69"            79.15179    0.01420    0.01076
 "LTB.QFW50"           79.59204    0.00382    0.01509
 "DRIFT_70"            80.24204    0.01496    0.01396
 "LTB.QDW60"           80.89204    0.00392    0.02124
 "DRIFT_69"            81.33229    0.01587    0.01564
 "LTB.DHZ40"           81.54204    0.01621    0.01509
 "LTB.DVT40"           81.54204    0.01621    0.01509
 "DRIFT_71"            81.79404    0.01662    0.01443
 "LTB.BPM30"           82.04604    0.00528    0.01874
 "DRIFT_72"            82.37704    0.01756    0.01290
 "ENDLTB"              82.70804    0.01809    0.01203
 "LTB$END"             82.70804    0.01809    0.01203
 "BI3$START"           82.70804    0.01809    0.01203
 "BEGBI"               82.70804    0.01809    0.01203
 "LTB.BHZ40"           83.15804    0.00848    0.01633
 "DRIFT_73"            83.94804    0.02009    0.00878
 "BI.VPI11"            84.28804    0.02064    0.00789
 "DRIFT_74"            86.78004    0.02466    0.00136
 "BI.DHZ10"            89.27204    0.02868   -0.00517
 "BI.DVT10"            89.27204    0.02868   -0.00517
 "DRIFT_75"            89.51554    0.02907   -0.00581
 "BI.BPM00"            89.75904    0.02947   -0.00644
 "DRIFT_76"            90.21004    0.03019   -0.00763
 "BI.BTV10"            90.66104    0.03092   -0.00881
 "DRIFT_77"            90.94904    0.03139   -0.00956
 "BI.STPFA10"          91.23704    0.03185   -0.01032
 "DRIFT_78"            92.85004    0.03445   -0.01455
 "BI.STPSW10"          94.46304    0.03706   -0.01877
 "DRIFT_79"            94.83754    0.03766   -0.01975
 "BI.BPM10"            95.21204    0.03826   -0.02074
 "DRIFT_80"            95.45204    0.03865   -0.02136
 "BI.DHZ20"            95.69204    0.03904   -0.02199
 "BI.DVT20"            95.69204    0.03904   -0.02199
 "DRIFT_81"            95.89654    0.03937   -0.02253
 "BI.QNO10"            96.33204    0.03888   -0.02437
 "DRIFT_82"            96.83204    0.03080   -0.03129
 "BI.QNO20"            97.33204    0.02246   -0.03774
 "DRIFT_83"           100.98834    0.00419   -0.01378
 "BI.BPM20"           104.41364   -0.01224    0.00988
 "DRIFT_84"           104.63844   -0.01332    0.01144
 "BI.BCT10"           104.86324   -0.01440    0.01299
 "DRIFT_85"           105.05284   -0.01531    0.01430
 "BI.VVS10"           105.24244   -0.01622    0.01561
 "DRIFT_86"           105.28449   -0.01642    0.01590
 "BI.DVT30"           105.47404   -0.01733    0.01721
 "DRIFT_87"           105.74329   -0.01862    0.01907
 "BI.BTV20"           105.86504   -0.01920    0.01991
 "DRIFT_88"           106.15839   -0.02061    0.02194
 "BI.QNO30"           106.68274   -0.02269    0.02604
 "DRIFT_89"           107.10389   -0.02195    0.03212
 "BI.BPM30"           107.29405   -0.02142    0.03512
 "DRIFT_90"           107.49762   -0.02085    0.03832
 "BI.QNO40"           107.93220   -0.02016    0.04405
 "DRIFT_91"           108.29362   -0.02194    0.04374
 "BI.DIS0"            108.62405   -0.02406    0.04240
 "DRIFT_92"           108.82905   -0.02537    0.04157
 "BI3.DIS1"           109.03405   -0.02669    0.04074
 "DRIFT_92"           109.23905   -0.02800    0.03991
 "BI3.DIS2"           109.44405   -0.02932    0.03907
 "DRIFT_93"           109.64905   -0.03063    0.03824
 "BI3.DIS3"           109.85405   -0.03195    0.03741
 "DRIFT_94"           110.05905   -0.03327    0.03657
 "BI3.DIS4"           110.26405   -0.03458    0.03575
 "DRIFT_95"           110.55556   -0.03645    0.03456
 "BI3.DVT40"          110.81056   -0.03809    0.03351
 "DRIFT_96"           111.82481   -0.04458    0.02941
 "BI.VPI12"           112.67556   -0.05004    0.02595
 "DRIFT_97"           114.78456   -0.06355    0.01739
 "BI.BTV30"           116.89356   -0.07707    0.00883
 "DRIFT_98"           117.73881   -0.08249    0.00540
 "BI.SMVHDP"          118.58406   -0.08790    0.00197
 "DRIFT_99"           118.69306   -0.08860    0.00153
 "BI3.SMV10"          119.28206   -0.09238   -0.00086
 "DRIFT_100"          120.54347   -0.10046   -0.00599
 "BI3.BVT10"          121.68406   -0.10777   -0.01062
 "DRIFT_101"          122.19715   -0.11106   -0.01270
 "BI3.QNO50"          122.58406   -0.10985   -0.01472
 "DRIFT_102"          122.95906   -0.09263   -0.01887
 "BI3.QNO60"          123.33406   -0.07488   -0.02278
 "DRIFT_103"          123.72956   -0.06904   -0.02305
 "BI3.DHZ50"          123.89206   -0.06769   -0.02282
 "BI3.DVT50"          123.89206   -0.06769   -0.02282
 "DRIFT_104"          124.17556   -0.06534   -0.02242
 "BI3.BPM40"          124.45906   -0.06299   -0.02202
 "DRIFT_105"          125.05006   -0.05810   -0.02119
 "BI3.BTV40"          125.64106   -0.05320   -0.02035
 "DRIFT_106"          125.91431   -0.05094   -0.01996
 "BI3.VPI14"          126.18756   -0.04867   -0.01958
 "DRIFT_107"          126.38681   -0.04702   -0.01930
 "BI3.BCT20"          126.58606   -0.04537   -0.01901
 "DRIFT_108"          126.80906   -0.04352   -0.01870
 "BI3.BPM50"          127.03206   -0.04168   -0.01838
 "DRIFT_109"          127.29306   -0.03951   -0.01801
 "BI3.VVS20"          127.55406   -0.03735   -0.01765
 "DRIFT_110"          128.75406   -0.02741   -0.01595
 "BI3.DHZ70"          129.95406   -0.01747   -0.01425
 "BI3.DVT70"          129.95406   -0.01747   -0.01425
 "DRIFT_111"          130.58266   -0.01226   -0.01336
 "BI3.INJPT"          131.21126   -0.00705   -0.01247
 "BI3$END"            131.21126   -0.00705   -0.01247
 "LTLTBBI$END"        131.21126   -0.00705   -0.01247
