@ NAME             %05s "TWISS"
@ TYPE             %05s "TWISS"
@ SEQUENCE         %07s "LTLTBBI"
@ PARTICLE         %06s "PROTON"
@ MASS             %le     0.93827
@ CHARGE           %le     1.00000
@ ENERGY           %le     0.98827
@ PC               %le     0.31037
@ GAMMA            %le     1.05329
@ KBUNCH           %le     1.00000
@ BCURRENT         %le     0.00000
@ SIGE             %le     0.00100
@ SIGT             %le     0.00000
@ NPART            %le     0.00000
@ EX               %le     0.00004
@ EY               %le     0.00002
@ ET               %le     1.00000
@ LENGTH           %le   131.21126
@ ALFA             %le     0.00000
@ ORBIT5           %le    -0.00000
@ GAMMATR          %le     0.00000
@ Q1               %le     2.86326
@ Q2               %le     2.69224
@ DQ1              %le     0.00000
@ DQ2              %le     0.00000
@ DXMAX            %le     8.80078
@ DYMAX            %le     0.63844
@ XCOMAX           %le     0.11215
@ YCOMAX           %le     0.01825
@ BETXMAX          %le   104.47193
@ BETYMAX          %le    80.36133
@ XCORMS           %le     0.02870
@ YCORMS           %le     0.00722
@ DXRMS            %le     3.04113
@ DYRMS            %le     0.28459
@ DELTAP           %le     0.00000
@ SYNCH_1          %le     0.00000
@ SYNCH_2          %le     0.00000
@ SYNCH_3          %le     0.00000
@ SYNCH_4          %le     0.00000
@ SYNCH_5          %le     0.00000
@ TITLE            %65s "LT-LTB-BI 2014 optics. Protons - 310.3662354 MeV/c (E_kin=50 MeV)"
@ ORIGIN           %16s "5.02.04 Linux 64"
@ DATE             %08s "07/04/15"
@ TIME             %08s "17.23.39"
* NAME                        S          X          Y 
$ %s                        %le        %le        %le 
 "LTLTBBI$START"        0.00000    0.00000    0.00000
 "LT$START"             0.00000    0.00000    0.00000
 "BEGLT"                0.00000    0.00000    0.00000
 "DRIFT_0"              0.02400    0.00000    0.00000
 "LT.VVS10"             0.04800    0.00000    0.00000
 "DRIFT_1"              0.22300    0.00000    0.00000
 "LT.DHZ10"             0.39800    0.00000    0.00000
 "LT.DVT10"             0.39800    0.00000    0.00000
 "DRIFT_2"              0.89900    0.00000    0.00000
 "LT.BPM10"             1.40000    0.00019   -0.00055
 "DRIFT_3"              1.62475    0.00000    0.00000
 "LT.QFN10"             1.97700    0.00126   -0.00430
 "DRIFT_4"              2.12575   -0.00020   -0.00068
 "LT.BEC1"              2.14700   -0.00023   -0.00078
 "DRIFT_5"              2.27850   -0.00041   -0.00144
 "LT.BCT10"             2.41000   -0.00060   -0.00209
 "DRIFT_6"              2.52975   -0.00077   -0.00268
 "LT.QDN12"             2.77700    0.00155   -0.00708
 "DRIFT_7"              2.99675   -0.00114   -0.00371
 "LT.BHZ10"             3.34200   -0.00116   -0.00331
 "DRIFT_8"              4.54000   -0.00123   -0.00191
 "LT.VPI11"             5.48500   -0.00128   -0.00080
 "DRIFT_9"              6.40975   -0.00133    0.00028
 "LT.QFN20"             7.46200    0.00156   -0.00159
 "DRIFT_10"             7.71825   -0.00159    0.00162
 "LT.BEC2"              7.84700   -0.00170    0.00167
 "DRIFT_11"             8.09075   -0.00189    0.00176
 "LT.QDN22"             8.46200    0.00013   -0.00116
 "DRIFT_12"            10.15585   -0.00350    0.00322
 "LT.DHZ20"            11.72220   -0.00470    0.00444
 "LT.DVT20"            11.72220   -0.00470    0.00444
 "DRIFT_13"            12.45835   -0.00527    0.00501
 "LT.QFN30"            13.32200   -0.00328    0.00382
 "DRIFT_14"            13.82700   -0.00606    0.00637
 "LT.QDN32"            14.33200   -0.00525    0.00537
 "DRIFT_15"            14.79575   -0.00683    0.00718
 "LT.VPI2"             15.13200   -0.00732    0.00723
 "DRIFT_16"            16.15475   -0.00882    0.00738
 "LT.BPM20"            17.17750   -0.01059    0.00855
 "DRIFT_17"            17.72975   -0.01113    0.00761
 "LT.VGP11"            18.28200   -0.01194    0.00770
 "DRIFT_18"            18.56325   -0.01235    0.00774
 "LT.QFN40"            18.97200   -0.01221    0.00712
 "DRIFT_19"            19.47200   -0.01100    0.00945
 "LT.QDN42"            19.97200   -0.00880    0.01036
 "DRIFT_20"            20.24575   -0.00902    0.01083
 "LT.DHZ30"            20.39200   -0.00898    0.01070
 "LT.DVT30"            20.39200   -0.00898    0.01070
 "DRIFT_21"            20.69350   -0.00888    0.01059
 "LT.BPM30"            20.99500   -0.00911    0.01352
 "DRIFT_22"            21.37100   -0.00867    0.01035
 "LT.CDB10"            21.74700   -0.00856    0.01022
 "DRIFT_23"            22.21975   -0.00841    0.01005
 "LT.BCT20"            22.69250   -0.00827    0.00988
 "DRIFT_24"            23.08843   -0.00814    0.00974
 "LT.BHZ20"            24.00857   -0.00598    0.01061
 "DRIFT_25"            24.89995   -0.00705    0.00910
 "LT.VGP12"            25.26713   -0.00677    0.00897
 "DRIFT_26"            25.69113   -0.00645    0.00882
 "LT.STP10"            26.11513   -0.00613    0.00867
 "DRIFT_27"            27.74013   -0.00491    0.00809
 "LT.BEC3"             29.36513   -0.00369    0.00751
 "DRIFT_28"            29.93638   -0.00326    0.00731
 "LT.QFN50"            30.63513   -0.00195    0.00782
 "DRIFT_29"            31.17388   -0.00200    0.00820
 "LT.VPI14"            31.58513   -0.00141    0.00919
 "DRIFT_30"            31.79513   -0.00111    0.00969
 "LT.BEC4"             32.00513   -0.00081    0.01020
 "DRIFT_31"            32.18563   -0.00055    0.01063
 "LT.BCT30"            32.36613   -0.00029    0.01106
 "DRIFT_32"            32.62563    0.00008    0.01168
 "LT.DHZ40"            32.88513    0.00045    0.01230
 "LT.DVT40"            32.88513    0.00045    0.01230
 "DRIFT_33"            33.46513    0.00128    0.01369
 "LT.BPM40"            34.04513    0.00194    0.01711
 "DRIFT_34"            34.37638    0.00259    0.01588
 "LT.QDN55"            34.83513    0.00476    0.01825
 "DRIFT_35"            35.07988    0.00383    0.01666
 "LT.VVS20"            35.19713    0.00412    0.01650
 "DRIFT_36"            37.38738    0.00939    0.01361
 "LT.QFN60"            39.70513    0.01613    0.01275
 "DRIFT_37"            40.65913    0.01455    0.01145
 "LT.QDN65"            41.61313    0.01414    0.01234
 "DRIFT_38"            41.87553    0.01459    0.01209
 "LT.BHZ25"            42.21314    0.01529    0.01167
 "DRIFT_39"            42.96299    0.01683    0.01074
 "LT.VPI25"            43.51013    0.01795    0.01007
 "DRIFT_40"            44.80814    0.02062    0.00846
 "LT.VPI26"            46.10614    0.02329    0.00686
 "DRIFT_41"            46.31014    0.02371    0.00661
 "LT.QFW70"            46.74513    0.02420    0.00593
 "DRIFT_42"            48.49188    0.01532    0.00710
 "LT.QDN75"            50.13513    0.00490    0.00706
 "DRIFT_43"            50.68389    0.00448    0.00747
 "LT.DHZ50"            51.10514    0.00274    0.00705
 "LT.DVT50"            51.10514    0.00274    0.00705
 "DRIFT_44"            51.42214    0.00143    0.00674
 "LT.BCT40"            51.73914    0.00011    0.00642
 "DRIFT_45"            51.98314   -0.00090    0.00618
 "LT.BPM50"            52.50514   -0.00329    0.00484
 "DRIFT_46"            53.12800   -0.00563    0.00503
 "ENDLT"               53.47286   -0.00706    0.00469
 "LT$END"              53.47286   -0.00706    0.00469
 "DRIFT_47"            53.47286   -0.00706    0.00469
 "LTB$START"           53.47287   -0.00706    0.00469
 "BEGLTB"              53.47287   -0.00706    0.00469
 "LT.BHZ30"            53.99860   -0.00912    0.01021
 "DRIFT_48"            54.86818   -0.01179    0.00327
 "LTB.DHZ10"           55.21204   -0.01277    0.00293
 "LTB.DVT10"           55.21204   -0.01277    0.00293
 "DRIFT_49"            55.47879   -0.01354    0.00266
 "LTB.STP10"           55.74554   -0.01430    0.00239
 "DRIFT_50"            55.93879   -0.01486    0.00220
 "LTB.VVS10"           56.13204   -0.01541    0.00200
 "DRIFT_51"            56.38079   -0.01612    0.00175
 "LTB.VPI11"           56.62954   -0.01683    0.00150
 "DRIFT_52"            57.39704   -0.01903    0.00073
 "LTB.QFN10"           58.29204   -0.02457   -0.00183
 "DRIFT_19"            58.79204   -0.01860   -0.00100
 "LTB.QDN20"           59.29204   -0.02014   -0.00341
 "DRIFT_53"            59.57479   -0.01550   -0.00207
 "LTB.MSF30"           59.73004   -0.01529   -0.00221
 "DRIFT_54"            60.08379   -0.01482   -0.00254
 "LTB.BPM10"           60.43754   -0.01848   -0.00431
 "DRIFT_55"            60.62129   -0.01411   -0.00303
 "LTB.BCT49"           60.80504   -0.01387   -0.00320
 "DRIFT_56"            60.97354   -0.01364   -0.00336
 "LTB.DHZ20"           61.14204   -0.01342   -0.00351
 "LTB.DVT20"           61.14204   -0.01342   -0.00351
 "DRIFT_57"            62.60654   -0.01148   -0.00486
 "LTB.BCT50"           64.07104   -0.00953   -0.00621
 "DRIFT_58"            64.32604   -0.00920   -0.00645
 "LTB.BCT55"           64.58104   -0.00886   -0.00668
 "DRIFT_59"            66.11154   -0.00683   -0.00810
 "LTB.BPM20"           67.64204   -0.01138   -0.00825
 "DRIFT_60"            67.89204   -0.00447   -0.00974
 "LTB.DHZ30"           68.14204   -0.00414   -0.00997
 "LTB.DVT30"           68.14204   -0.00414   -0.00997
 "DRIFT_61"            68.47679   -0.00369   -0.01028
 "LTB.QFW30"           69.04204   -0.00966   -0.00942
 "DRIFT_62"            69.54204   -0.00113   -0.01238
 "LTB.QDW40"           70.04204   -0.00700   -0.01217
 "DRIFT_63"            72.59679    0.00436   -0.01281
 "LTB.BCT59"           74.92104    0.00785   -0.01193
 "DRIFT_64"            75.19254    0.00826   -0.01183
 "LTB.VPI12"           75.46404    0.00867   -0.01173
 "DRIFT_65"            75.68904    0.00901   -0.01164
 "LTB.VGR01"           75.91404    0.00935   -0.01156
 "DRIFT_66"            76.94704    0.01090   -0.01117
 "LTB.VPI13"           77.98004    0.01245   -0.01078
 "DRIFT_67"            78.24504    0.01285   -0.01068
 "LTB.MSF40"           78.51004    0.01325   -0.01058
 "DRIFT_68"            78.72604    0.01357   -0.01050
 "LTB.BCT60"           78.94204    0.01389   -0.01042
 "DRIFT_69"            79.15179    0.01421   -0.01034
 "LTB.QFW50"           79.59204    0.00382   -0.00614
 "DRIFT_70"            80.24204    0.01497   -0.01138
 "LTB.QDW60"           80.89204    0.00393   -0.00750
 "DRIFT_69"            81.33229    0.01587   -0.01198
 "LTB.DHZ40"           81.54204    0.01621   -0.01179
 "LTB.DVT40"           81.54204    0.01621   -0.01179
 "DRIFT_71"            81.79404    0.01662   -0.01156
 "LTB.BPM30"           82.04604    0.00529   -0.00648
 "DRIFT_72"            82.37704    0.01756   -0.01102
 "ENDLTB"              82.70804    0.01809   -0.01072
 "LTB$END"             82.70804    0.01809   -0.01072
 "BI3$START"           82.70804    0.01809   -0.01072
 "BEGBI"               82.70804    0.01809   -0.01072
 "LTB.BHZ40"           83.15804    0.00848   -0.00483
 "DRIFT_73"            83.94804    0.02009   -0.00959
 "BI.VPI11"            84.28804    0.02064   -0.00928
 "DRIFT_74"            86.78004    0.02466   -0.00700
 "BI.DHZ10"            89.27204    0.02868   -0.00473
 "BI.DVT10"            89.27204    0.02868   -0.00473
 "DRIFT_75"            89.51554    0.02908   -0.00450
 "BI.BPM00"            89.75904    0.02947   -0.00428
 "DRIFT_76"            90.21004    0.03020   -0.00387
 "BI.BTV10"            90.66104    0.03092   -0.00346
 "DRIFT_77"            90.94904    0.03139   -0.00319
 "BI.STPFA10"          91.23704    0.03185   -0.00293
 "DRIFT_78"            92.85004    0.03446   -0.00146
 "BI.STPSW10"          94.46304    0.03706    0.00001
 "DRIFT_79"            94.83754    0.03766    0.00036
 "BI.BPM10"            95.21204    0.03827    0.00070
 "DRIFT_80"            95.45204    0.03865    0.00092
 "BI.DHZ20"            95.69204    0.03904    0.00114
 "BI.DVT20"            95.69204    0.03904    0.00114
 "DRIFT_81"            95.89654    0.03937    0.00132
 "BI.QNO10"            96.33204    0.03888    0.00177
 "DRIFT_82"            96.83204    0.03080    0.00263
 "BI.QNO20"            97.33204    0.02246    0.00344
 "DRIFT_83"           100.98834    0.00419    0.00286
 "BI.BPM20"           104.41364   -0.01224    0.00220
 "DRIFT_84"           104.63844   -0.01332    0.00216
 "BI.BCT10"           104.86324   -0.01440    0.00212
 "DRIFT_85"           105.05284   -0.01531    0.00208
 "BI.VVS10"           105.24244   -0.01622    0.00204
 "DRIFT_86"           105.28449   -0.01642    0.00203
 "BI.DVT30"           105.47404   -0.01733    0.00200
 "DRIFT_87"           105.74329   -0.01862    0.00195
 "BI.BTV20"           105.86504   -0.01921    0.00192
 "DRIFT_88"           106.15839   -0.02061    0.00187
 "BI.QNO30"           106.68274   -0.02270    0.00180
 "DRIFT_89"           107.10389   -0.02196    0.00194
 "BI.BPM30"           107.29405   -0.02142    0.00202
 "DRIFT_90"           107.49762   -0.02085    0.00211
 "BI.QNO40"           107.93220   -0.02017    0.00223
 "DRIFT_91"           108.29362   -0.02194    0.00208
 "BI.DIS0"            108.62405   -0.02407    0.00188
 "DRIFT_92"           108.82905   -0.02538    0.00176
 "BI3.DIS1"           109.03405   -0.02670    0.00164
 "DRIFT_92"           109.23905   -0.02802    0.00152
 "BI3.DIS2"           109.44405   -0.02933    0.00140
 "DRIFT_93"           109.64905   -0.03065    0.00128
 "BI3.DIS3"           109.85405   -0.03197    0.00117
 "DRIFT_94"           110.05905   -0.03328    0.00104
 "BI3.DIS4"           110.26405   -0.03460    0.00093
 "DRIFT_95"           110.55556   -0.03647    0.00075
 "BI3.DVT40"          110.81056   -0.03811    0.00059
 "DRIFT_96"           111.82481   -0.04462    0.00001
 "BI.VPI12"           112.67556   -0.05007   -0.00049
 "DRIFT_97"           114.78456   -0.06360   -0.00172
 "BI.BTV30"           116.89356   -0.07714   -0.00295
 "DRIFT_98"           117.73881   -0.08256   -0.00345
 "BI.SMVHDP"          118.58406   -0.08798   -0.00394
 "DRIFT_99"           118.69306   -0.08868   -0.00401
 "BI3.SMV10"          119.28206   -0.09246   -0.00435
 "DRIFT_100"          120.54347   -0.10055   -0.00509
 "BI3.BVT10"          121.68406   -0.10787   -0.00576
 "DRIFT_101"          122.19715   -0.11116   -0.00606
 "BI3.QNO50"          122.58406   -0.10995   -0.00649
 "DRIFT_102"          122.95906   -0.09271   -0.00787
 "BI3.QNO60"          123.33406   -0.07495   -0.00917
 "DRIFT_103"          123.72956   -0.06910   -0.00899
 "BI3.DHZ50"          123.89206   -0.06775   -0.00878
 "BI3.DVT50"          123.89206   -0.06775   -0.00878
 "DRIFT_104"          124.17556   -0.06540   -0.00841
 "BI3.BPM40"          124.45906   -0.06305   -0.00804
 "DRIFT_105"          125.05006   -0.05815   -0.00728
 "BI3.BTV40"          125.64106   -0.05325   -0.00651
 "DRIFT_106"          125.91431   -0.05099   -0.00616
 "BI3.VPI14"          126.18756   -0.04872   -0.00580
 "DRIFT_107"          126.38681   -0.04707   -0.00554
 "BI3.BCT20"          126.58606   -0.04542   -0.00529
 "DRIFT_108"          126.80906   -0.04357   -0.00500
 "BI3.BPM50"          127.03206   -0.04172   -0.00471
 "DRIFT_109"          127.29306   -0.03956   -0.00437
 "BI3.VVS20"          127.55406   -0.03739   -0.00403
 "DRIFT_110"          128.75406   -0.02744   -0.00248
 "BI3.DHZ70"          129.95406   -0.01749   -0.00092
 "BI3.DVT70"          129.95406   -0.01749   -0.00092
 "DRIFT_111"          130.58266   -0.01228   -0.00011
 "BI3.INJPT"          131.21126   -0.00707    0.00071
 "BI3$END"            131.21126   -0.00707    0.00071
 "LTLTBBI$END"        131.21126   -0.00707    0.00071
