@ NAME             %05s "TWISS"
@ TYPE             %05s "TWISS"
@ SEQUENCE         %07s "LTLTBBI"
@ PARTICLE         %06s "PROTON"
@ MASS             %le     0.93827
@ CHARGE           %le     1.00000
@ ENERGY           %le     0.98827
@ PC               %le     0.31037
@ GAMMA            %le     1.05329
@ KBUNCH           %le     1.00000
@ BCURRENT         %le     0.00000
@ SIGE             %le     0.00100
@ SIGT             %le     0.00000
@ NPART            %le     0.00000
@ EX               %le     0.00004
@ EY               %le     0.00002
@ ET               %le     1.00000
@ LENGTH           %le   131.21126
@ ALFA             %le     0.00000
@ ORBIT5           %le    -0.00000
@ GAMMATR          %le     0.00000
@ Q1               %le     2.86332
@ Q2               %le     2.69224
@ DQ1              %le     0.00000
@ DQ2              %le     0.00000
@ DXMAX            %le     8.80075
@ DYMAX            %le     0.69554
@ XCOMAX           %le     0.11205
@ YCOMAX           %le     0.01742
@ BETXMAX          %le   104.42822
@ BETYMAX          %le    80.36474
@ XCORMS           %le     0.02868
@ YCORMS           %le     0.00612
@ DXRMS            %le     3.04190
@ DYRMS            %le     0.35033
@ DELTAP           %le     0.00000
@ SYNCH_1          %le     0.00000
@ SYNCH_2          %le     0.00000
@ SYNCH_3          %le     0.00000
@ SYNCH_4          %le     0.00000
@ SYNCH_5          %le     0.00000
@ TITLE            %65s "LT-LTB-BI 2014 optics. Protons - 310.3662354 MeV/c (E_kin=50 MeV)"
@ ORIGIN           %16s "5.02.04 Linux 64"
@ DATE             %08s "07/04/15"
@ TIME             %08s "17.23.39"
* NAME                        S          X          Y 
$ %s                        %le        %le        %le 
 "LTLTBBI$START"        0.00000    0.00000    0.00000
 "LT$START"             0.00000    0.00000    0.00000
 "BEGLT"                0.00000    0.00000    0.00000
 "DRIFT_0"              0.02400    0.00000    0.00000
 "LT.VVS10"             0.04800    0.00000    0.00000
 "DRIFT_1"              0.22300    0.00000    0.00000
 "LT.DHZ10"             0.39800    0.00000    0.00000
 "LT.DVT10"             0.39800    0.00000    0.00000
 "DRIFT_2"              0.89900    0.00000    0.00000
 "LT.BPM10"             1.40000    0.00019   -0.00055
 "DRIFT_3"              1.62475    0.00000    0.00000
 "LT.QFN10"             1.97700    0.00126   -0.00430
 "DRIFT_4"              2.12575   -0.00020   -0.00068
 "LT.BEC1"              2.14700   -0.00023   -0.00078
 "DRIFT_5"              2.27850   -0.00041   -0.00144
 "LT.BCT10"             2.41000   -0.00060   -0.00209
 "DRIFT_6"              2.52975   -0.00077   -0.00268
 "LT.QDN12"             2.77700    0.00155   -0.00708
 "DRIFT_7"              2.99675   -0.00114   -0.00371
 "LT.BHZ10"             3.34200   -0.00116   -0.00331
 "DRIFT_8"              4.54000   -0.00123   -0.00191
 "LT.VPI11"             5.48500   -0.00128   -0.00080
 "DRIFT_9"              6.40975   -0.00133    0.00028
 "LT.QFN20"             7.46200    0.00156   -0.00159
 "DRIFT_10"             7.71825   -0.00159    0.00162
 "LT.BEC2"              7.84700   -0.00170    0.00167
 "DRIFT_11"             8.09075   -0.00189    0.00176
 "LT.QDN22"             8.46200    0.00013   -0.00116
 "DRIFT_12"            10.15585   -0.00350    0.00322
 "LT.DHZ20"            11.72220   -0.00470    0.00444
 "LT.DVT20"            11.72220   -0.00470    0.00444
 "DRIFT_13"            12.45835   -0.00527    0.00537
 "LT.QFN30"            13.32200   -0.00328    0.00463
 "DRIFT_14"            13.82700   -0.00606    0.00749
 "LT.QDN32"            14.33200   -0.00525    0.00681
 "DRIFT_15"            14.79575   -0.00683    0.00876
 "LT.VPI2"             15.13200   -0.00732    0.00891
 "DRIFT_16"            16.15475   -0.00882    0.00937
 "LT.BPM20"            17.17750   -0.01059    0.01084
 "DRIFT_17"            17.72975   -0.01113    0.01007
 "LT.VGP11"            18.28200   -0.01194    0.01032
 "DRIFT_18"            18.56325   -0.01235    0.01044
 "LT.QFN40"            18.97200   -0.01221    0.00999
 "DRIFT_19"            19.47200   -0.01100    0.01305
 "LT.QDN42"            19.97200   -0.00880    0.01468
 "DRIFT_20"            20.24575   -0.00902    0.01515
 "LT.DHZ30"            20.39200   -0.00898    0.01500
 "LT.DVT30"            20.39200   -0.00898    0.01500
 "DRIFT_21"            20.69350   -0.00888    0.01470
 "LT.BPM30"            20.99500   -0.00911    0.01742
 "DRIFT_22"            21.37100   -0.00867    0.01400
 "LT.CDB10"            21.74700   -0.00856    0.01362
 "DRIFT_23"            22.21975   -0.00841    0.01313
 "LT.BCT20"            22.69250   -0.00827    0.01265
 "DRIFT_24"            23.08843   -0.00814    0.01224
 "LT.BHZ20"            24.00857   -0.00597    0.01250
 "DRIFT_25"            24.89995   -0.00705    0.01039
 "LT.VGP12"            25.26713   -0.00677    0.01001
 "DRIFT_26"            25.69113   -0.00645    0.00958
 "LT.STP10"            26.11513   -0.00613    0.00915
 "DRIFT_27"            27.74013   -0.00491    0.00749
 "LT.BEC3"             29.36513   -0.00369    0.00582
 "DRIFT_28"            29.93638   -0.00326    0.00524
 "LT.QFN50"            30.63513   -0.00196    0.00522
 "DRIFT_29"            31.17388   -0.00200    0.00487
 "LT.VPI14"            31.58513   -0.00141    0.00520
 "DRIFT_30"            31.79513   -0.00111    0.00537
 "LT.BEC4"             32.00513   -0.00081    0.00554
 "DRIFT_31"            32.18563   -0.00055    0.00569
 "LT.BCT30"            32.36613   -0.00029    0.00583
 "DRIFT_32"            32.62563    0.00008    0.00605
 "LT.DHZ40"            32.88513    0.00045    0.00626
 "LT.DVT40"            32.88513    0.00045    0.00626
 "DRIFT_33"            33.46513    0.00128    0.00673
 "LT.BPM40"            34.04513    0.00194    0.00921
 "DRIFT_34"            34.37638    0.00259    0.00747
 "LT.QDN55"            34.83513    0.00476    0.00917
 "DRIFT_35"            35.07988    0.00383    0.00759
 "LT.VVS20"            35.19713    0.00411    0.00746
 "DRIFT_36"            37.38738    0.00939    0.00516
 "LT.QFN60"            39.70513    0.01612    0.00487
 "DRIFT_37"            40.65913    0.01455    0.00253
 "LT.QDN65"            41.61313    0.01413    0.00236
 "DRIFT_38"            41.87553    0.01459    0.00222
 "LT.BHZ25"            42.21314    0.01528    0.00202
 "DRIFT_39"            42.96299    0.01683    0.00157
 "LT.VPI25"            43.51013    0.01795    0.00124
 "DRIFT_40"            44.80814    0.02062    0.00047
 "LT.VPI26"            46.10614    0.02329   -0.00030
 "DRIFT_41"            46.31014    0.02371   -0.00042
 "LT.QFW70"            46.74513    0.02419   -0.00095
 "DRIFT_42"            48.49188    0.01532   -0.00223
 "LT.QDN75"            50.13513    0.00489   -0.00457
 "DRIFT_43"            50.68389    0.00448   -0.00360
 "LT.DHZ50"            51.10514    0.00274   -0.00354
 "LT.DVT50"            51.10514    0.00274   -0.00354
 "DRIFT_44"            51.42214    0.00143   -0.00350
 "LT.BCT40"            51.73914    0.00011   -0.00346
 "DRIFT_45"            51.98314   -0.00089   -0.00343
 "LT.BPM50"            52.50514   -0.00329   -0.00418
 "DRIFT_46"            53.12800   -0.00563   -0.00328
 "ENDLT"               53.47286   -0.00706   -0.00323
 "LT$END"              53.47286   -0.00706   -0.00323
 "DRIFT_47"            53.47286   -0.00706   -0.00323
 "LTB$START"           53.47287   -0.00706   -0.00323
 "BEGLTB"              53.47287   -0.00706   -0.00323
 "LT.BHZ30"            53.99860   -0.00910    0.00289
 "DRIFT_48"            54.86818   -0.01178   -0.00305
 "LTB.DHZ10"           55.21204   -0.01277   -0.00301
 "LTB.DVT10"           55.21204   -0.01277   -0.00301
 "DRIFT_49"            55.47879   -0.01353   -0.00298
 "LTB.STP10"           55.74554   -0.01430   -0.00294
 "DRIFT_50"            55.93879   -0.01485   -0.00292
 "LTB.VVS10"           56.13204   -0.01541   -0.00289
 "DRIFT_51"            56.38079   -0.01612   -0.00286
 "LTB.VPI11"           56.62954   -0.01683   -0.00283
 "DRIFT_52"            57.39704   -0.01903   -0.00273
 "LTB.QFN10"           58.29204   -0.02457   -0.00433
 "DRIFT_19"            58.79204   -0.01860   -0.00333
 "LTB.QDN20"           59.29204   -0.02015   -0.00559
 "DRIFT_53"            59.57479   -0.01550   -0.00406
 "LTB.MSF30"           59.73004   -0.01530   -0.00409
 "DRIFT_54"            60.08379   -0.01483   -0.00415
 "LTB.BPM10"           60.43754   -0.01848   -0.00568
 "DRIFT_55"            60.62129   -0.01412   -0.00426
 "LTB.BCT49"           60.80504   -0.01387   -0.00429
 "DRIFT_56"            60.97354   -0.01365   -0.00433
 "LTB.DHZ20"           61.14204   -0.01343   -0.00436
 "LTB.DVT20"           61.14204   -0.01343   -0.00436
 "DRIFT_57"            62.60654   -0.01149   -0.00465
 "LTB.BCT50"           64.07104   -0.00955   -0.00493
 "DRIFT_58"            64.32604   -0.00921   -0.00498
 "LTB.BCT55"           64.58104   -0.00887   -0.00503
 "DRIFT_59"            66.11154   -0.00685   -0.00533
 "LTB.BPM20"           67.64204   -0.01140   -0.00437
 "DRIFT_60"            67.89204   -0.00449   -0.00567
 "LTB.DHZ30"           68.14204   -0.00416   -0.00572
 "LTB.DVT30"           68.14204   -0.00416   -0.00572
 "DRIFT_61"            68.47679   -0.00372   -0.00579
 "LTB.QFW30"           69.04204   -0.00968   -0.00448
 "DRIFT_62"            69.54204   -0.00116   -0.00653
 "LTB.QDW40"           70.04204   -0.00702   -0.00558
 "DRIFT_63"            72.59679    0.00433   -0.00614
 "LTB.BCT59"           74.92104    0.00782   -0.00529
 "DRIFT_64"            75.19254    0.00822   -0.00520
 "LTB.VPI12"           75.46404    0.00863   -0.00510
 "DRIFT_65"            75.68904    0.00897   -0.00502
 "LTB.VGR01"           75.91404    0.00931   -0.00493
 "DRIFT_66"            76.94704    0.01086   -0.00456
 "LTB.VPI13"           77.98004    0.01240   -0.00418
 "DRIFT_67"            78.24504    0.01280   -0.00408
 "LTB.MSF40"           78.51004    0.01320   -0.00399
 "DRIFT_68"            78.72604    0.01352   -0.00391
 "LTB.BCT60"           78.94204    0.01385   -0.00383
 "DRIFT_69"            79.15179    0.01416   -0.00375
 "LTB.QFW50"           79.59204    0.00378    0.00057
 "DRIFT_70"            80.24204    0.01493   -0.00323
 "LTB.QDW60"           80.89204    0.00390    0.00184
 "DRIFT_69"            81.33229    0.01584   -0.00293
 "LTB.DHZ40"           81.54204    0.01618   -0.00295
 "LTB.DVT40"           81.54204    0.01618   -0.00295
 "DRIFT_71"            81.79404    0.01659   -0.00297
 "LTB.BPM30"           82.04604    0.00526    0.00189
 "DRIFT_72"            82.37704    0.01753   -0.00302
 "ENDLTB"              82.70804    0.01807   -0.00305
 "LTB$END"             82.70804    0.01807   -0.00305
 "BI3$START"           82.70804    0.01807   -0.00305
 "BEGBI"               82.70804    0.01807   -0.00305
 "LTB.BHZ40"           83.15804    0.00846    0.00239
 "DRIFT_73"            83.94804    0.02007   -0.00316
 "BI.VPI11"            84.28804    0.02062   -0.00319
 "DRIFT_74"            86.78004    0.02464   -0.00341
 "BI.DHZ10"            89.27204    0.02867   -0.00363
 "BI.DVT10"            89.27204    0.02867   -0.00363
 "DRIFT_75"            89.51554    0.02906   -0.00366
 "BI.BPM00"            89.75904    0.02945   -0.00368
 "DRIFT_76"            90.21004    0.03018   -0.00372
 "BI.BTV10"            90.66104    0.03091   -0.00376
 "DRIFT_77"            90.94904    0.03138   -0.00378
 "BI.STPFA10"          91.23704    0.03184   -0.00381
 "DRIFT_78"            92.85004    0.03445   -0.00395
 "BI.STPSW10"          94.46304    0.03705   -0.00410
 "DRIFT_79"            94.83754    0.03766   -0.00413
 "BI.BPM10"            95.21204    0.03826   -0.00416
 "DRIFT_80"            95.45204    0.03865   -0.00418
 "BI.DHZ20"            95.69204    0.03904   -0.00421
 "BI.DVT20"            95.69204    0.03904   -0.00421
 "DRIFT_81"            95.89654    0.03937   -0.00422
 "BI.QNO10"            96.33204    0.03888   -0.00439
 "DRIFT_82"            96.83204    0.03080   -0.00545
 "BI.QNO20"            97.33204    0.02246   -0.00643
 "DRIFT_83"           100.98834    0.00420   -0.00150
 "BI.BPM20"           104.41364   -0.01222    0.00333
 "DRIFT_84"           104.63844   -0.01330    0.00364
 "BI.BCT10"           104.86324   -0.01437    0.00396
 "DRIFT_85"           105.05284   -0.01528    0.00423
 "BI.VVS10"           105.24244   -0.01619    0.00449
 "DRIFT_86"           105.28449   -0.01639    0.00455
 "BI.DVT30"           105.47404   -0.01730    0.00482
 "DRIFT_87"           105.74329   -0.01859    0.00520
 "BI.BTV20"           105.86504   -0.01918    0.00537
 "DRIFT_88"           106.15839   -0.02058    0.00578
 "BI.QNO30"           106.68274   -0.02266    0.00665
 "DRIFT_89"           107.10389   -0.02193    0.00805
 "BI.BPM30"           107.29405   -0.02140    0.00875
 "DRIFT_90"           107.49762   -0.02083    0.00949
 "BI.QNO40"           107.93220   -0.02014    0.01081
 "DRIFT_91"           108.29362   -0.02192    0.01066
 "BI.DIS0"            108.62405   -0.02404    0.01027
 "DRIFT_92"           108.82905   -0.02535    0.01002
 "BI3.DIS1"           109.03405   -0.02667    0.00978
 "DRIFT_92"           109.23905   -0.02799    0.00953
 "BI3.DIS2"           109.44405   -0.02930    0.00928
 "DRIFT_93"           109.64905   -0.03062    0.00904
 "BI3.DIS3"           109.85405   -0.03193    0.00880
 "DRIFT_94"           110.05905   -0.03325    0.00855
 "BI3.DIS4"           110.26405   -0.03456    0.00831
 "DRIFT_95"           110.55556   -0.03643    0.00795
 "BI3.DVT40"          110.81056   -0.03807    0.00763
 "DRIFT_96"           111.82481   -0.04457    0.00643
 "BI.VPI12"           112.67556   -0.05002    0.00541
 "DRIFT_97"           114.78456   -0.06354    0.00289
 "BI.BTV30"           116.89356   -0.07706    0.00036
 "DRIFT_98"           117.73881   -0.08248   -0.00065
 "BI.SMVHDP"          118.58406   -0.08790   -0.00166
 "DRIFT_99"           118.69306   -0.08860   -0.00179
 "BI3.SMV10"          119.28206   -0.09237   -0.00250
 "DRIFT_100"          120.54347   -0.10046   -0.00401
 "BI3.BVT10"          121.68406   -0.10777   -0.00537
 "DRIFT_101"          122.19715   -0.11106   -0.00599
 "BI3.QNO50"          122.58406   -0.10985   -0.00666
 "DRIFT_102"          122.95906   -0.09263   -0.00830
 "BI3.QNO60"          123.33406   -0.07488   -0.00984
 "DRIFT_103"          123.72956   -0.06904   -0.00981
 "BI3.DHZ50"          123.89206   -0.06769   -0.00964
 "BI3.DVT50"          123.89206   -0.06769   -0.00964
 "DRIFT_104"          124.17556   -0.06534   -0.00936
 "BI3.BPM40"          124.45906   -0.06300   -0.00908
 "DRIFT_105"          125.05006   -0.05810   -0.00849
 "BI3.BTV40"          125.64106   -0.05321   -0.00790
 "DRIFT_106"          125.91431   -0.05094   -0.00763
 "BI3.VPI14"          126.18756   -0.04868   -0.00736
 "DRIFT_107"          126.38681   -0.04703   -0.00716
 "BI3.BCT20"          126.58606   -0.04538   -0.00696
 "DRIFT_108"          126.80906   -0.04353   -0.00674
 "BI3.BPM50"          127.03206   -0.04169   -0.00652
 "DRIFT_109"          127.29306   -0.03952   -0.00626
 "BI3.VVS20"          127.55406   -0.03736   -0.00600
 "DRIFT_110"          128.75406   -0.02742   -0.00480
 "BI3.DHZ70"          129.95406   -0.01748   -0.00360
 "BI3.DVT70"          129.95406   -0.01748   -0.00360
 "DRIFT_111"          130.58266   -0.01228   -0.00298
 "BI3.INJPT"          131.21126   -0.00707   -0.00235
 "BI3$END"            131.21126   -0.00707   -0.00235
 "LTLTBBI$END"        131.21126   -0.00707   -0.00235
