@ NAME             %05s "TWISS"
@ TYPE             %05s "TWISS"
@ SEQUENCE         %07s "LTLTBBI"
@ PARTICLE         %06s "PROTON"
@ MASS             %le     0.93827
@ CHARGE           %le     1.00000
@ ENERGY           %le     0.98827
@ PC               %le     0.31037
@ GAMMA            %le     1.05329
@ KBUNCH           %le     1.00000
@ BCURRENT         %le     0.00000
@ SIGE             %le     0.00100
@ SIGT             %le     0.00000
@ NPART            %le     0.00000
@ EX               %le     0.00004
@ EY               %le     0.00002
@ ET               %le     1.00000
@ LENGTH           %le   131.21126
@ ALFA             %le     0.00000
@ ORBIT5           %le    -0.00000
@ GAMMATR          %le     0.00000
@ Q1               %le     2.86340
@ Q2               %le     2.69187
@ DQ1              %le     0.00000
@ DQ2              %le     0.00000
@ DXMAX            %le     8.80075
@ DYMAX            %le     1.39807
@ XCOMAX           %le     0.10309
@ YCOMAX           %le     0.02322
@ BETXMAX          %le   104.28540
@ BETYMAX          %le    80.38483
@ XCORMS           %le     0.02640
@ YCORMS           %le     0.00801
@ DXRMS            %le     3.00903
@ DYRMS            %le     0.45825
@ DELTAP           %le     0.00000
@ SYNCH_1          %le     0.00000
@ SYNCH_2          %le     0.00000
@ SYNCH_3          %le     0.00000
@ SYNCH_4          %le     0.00000
@ SYNCH_5          %le     0.00000
@ TITLE            %65s "LT-LTB-BI 2014 optics. Protons - 310.3662354 MeV/c (E_kin=50 MeV)"
@ ORIGIN           %16s "5.02.04 Linux 64"
@ DATE             %08s "07/04/15"
@ TIME             %08s "17.23.38"
* NAME                        S          X          Y 
$ %s                        %le        %le        %le 
 "LTLTBBI$START"        0.00000    0.00000    0.00000
 "LT$START"             0.00000    0.00000    0.00000
 "BEGLT"                0.00000    0.00000    0.00000
 "DRIFT_0"              0.02400    0.00000    0.00000
 "LT.VVS10"             0.04800    0.00000    0.00000
 "DRIFT_1"              0.22300    0.00000    0.00000
 "LT.DHZ10"             0.39800    0.00000    0.00000
 "LT.DVT10"             0.39800    0.00000    0.00000
 "DRIFT_2"              0.89900    0.00000    0.00000
 "LT.BPM10"             1.40000    0.00019   -0.00055
 "DRIFT_3"              1.62475    0.00000    0.00000
 "LT.QFN10"             1.97700    0.00126   -0.00430
 "DRIFT_4"              2.12575   -0.00020   -0.00068
 "LT.BEC1"              2.14700   -0.00023   -0.00078
 "DRIFT_5"              2.27850   -0.00041   -0.00144
 "LT.BCT10"             2.41000   -0.00060   -0.00209
 "DRIFT_6"              2.52975   -0.00077   -0.00268
 "LT.QDN12"             2.77700    0.00155   -0.00708
 "DRIFT_7"              2.99675   -0.00114   -0.00371
 "LT.BHZ10"             3.34200   -0.00116   -0.00331
 "DRIFT_8"              4.54000   -0.00123   -0.00191
 "LT.VPI11"             5.48500   -0.00128   -0.00080
 "DRIFT_9"              6.40975   -0.00133    0.00028
 "LT.QFN20"             7.46200    0.00156   -0.00159
 "DRIFT_10"             7.71825   -0.00159    0.00162
 "LT.BEC2"              7.84700   -0.00170    0.00167
 "DRIFT_11"             8.09075   -0.00189    0.00176
 "LT.QDN22"             8.46200    0.00013   -0.00116
 "DRIFT_12"            10.15585   -0.00350    0.00322
 "LT.DHZ20"            11.72220   -0.00470    0.00444
 "LT.DVT20"            11.72220   -0.00470    0.00444
 "DRIFT_13"            12.45835   -0.00527    0.00501
 "LT.QFN30"            13.32200   -0.00328    0.00382
 "DRIFT_14"            13.82700   -0.00606    0.00637
 "LT.QDN32"            14.33200   -0.00525    0.00537
 "DRIFT_15"            14.79575   -0.00683    0.00718
 "LT.VPI2"             15.13200   -0.00732    0.00723
 "DRIFT_16"            16.15475   -0.00882    0.00738
 "LT.BPM20"            17.17750   -0.01059    0.00855
 "DRIFT_17"            17.72975   -0.01113    0.00761
 "LT.VGP11"            18.28200   -0.01194    0.00770
 "DRIFT_18"            18.56325   -0.01235    0.00774
 "LT.QFN40"            18.97200   -0.01221    0.00712
 "DRIFT_19"            19.47200   -0.01100    0.00945
 "LT.QDN42"            19.97200   -0.00880    0.01036
 "DRIFT_20"            20.24575   -0.00902    0.01083
 "LT.DHZ30"            20.39200   -0.00898    0.01070
 "LT.DVT30"            20.39200   -0.00898    0.01070
 "DRIFT_21"            20.69350   -0.00888    0.01044
 "LT.BPM30"            20.99500   -0.00911    0.01322
 "DRIFT_22"            21.37100   -0.00867    0.00986
 "LT.CDB10"            21.74700   -0.00856    0.00954
 "DRIFT_23"            22.21975   -0.00841    0.00913
 "LT.BCT20"            22.69250   -0.00827    0.00873
 "DRIFT_24"            23.08843   -0.00814    0.00839
 "LT.BHZ20"            24.00857   -0.00598    0.00880
 "DRIFT_25"            24.89995   -0.00705    0.00684
 "LT.VGP12"            25.26713   -0.00677    0.00653
 "DRIFT_26"            25.69113   -0.00645    0.00617
 "LT.STP10"            26.11513   -0.00613    0.00580
 "DRIFT_27"            27.74013   -0.00491    0.00442
 "LT.BEC3"             29.36513   -0.00369    0.00303
 "DRIFT_28"            29.93638   -0.00326    0.00254
 "LT.QFN50"            30.63513   -0.00195    0.00262
 "DRIFT_29"            31.17388   -0.00200    0.00193
 "LT.VPI14"            31.58513   -0.00141    0.00196
 "DRIFT_30"            31.79513   -0.00111    0.00197
 "LT.BEC4"             32.00513   -0.00081    0.00198
 "DRIFT_31"            32.18563   -0.00055    0.00199
 "LT.BCT30"            32.36613   -0.00029    0.00201
 "DRIFT_32"            32.62563    0.00008    0.00202
 "LT.DHZ40"            32.88513    0.00045    0.00204
 "LT.DVT40"            32.88513    0.00045    0.00204
 "DRIFT_33"            33.46513    0.00128    0.00208
 "LT.BPM40"            34.04513    0.00194    0.00413
 "DRIFT_34"            34.37638    0.00259    0.00214
 "LT.QDN55"            34.83513    0.00476    0.00353
 "DRIFT_35"            35.07988    0.00383    0.00201
 "LT.VVS20"            35.19713    0.00412    0.00193
 "DRIFT_36"            37.38738    0.00939    0.00050
 "LT.QFN60"            39.70513    0.01612    0.00113
 "DRIFT_37"            40.65913    0.01455   -0.00144
 "LT.QDN65"            41.61313    0.01413   -0.00186
 "DRIFT_38"            41.87553    0.01459   -0.00190
 "LT.BHZ25"            42.21314    0.01528   -0.00193
 "DRIFT_39"            42.96299    0.01682   -0.00202
 "LT.VPI25"            43.51013    0.01795   -0.00208
 "DRIFT_40"            44.80814    0.02062   -0.00222
 "LT.VPI26"            46.10614    0.02328   -0.00236
 "DRIFT_41"            46.31014    0.02370   -0.00239
 "LT.QFW70"            46.74513    0.02419   -0.00274
 "DRIFT_42"            48.49188    0.01532   -0.00410
 "LT.QDN75"            50.13513    0.00489   -0.00652
 "DRIFT_43"            50.68389    0.00448   -0.00536
 "LT.DHZ50"            51.10514    0.00274   -0.00515
 "LT.DVT50"            51.10514    0.00274   -0.00515
 "DRIFT_44"            51.42214    0.00158   -0.00499
 "LT.BCT40"            51.73914    0.00043   -0.00483
 "DRIFT_45"            51.98314   -0.00046   -0.00470
 "LT.BPM50"            52.50514   -0.00259   -0.00526
 "DRIFT_46"            53.12800   -0.00462   -0.00412
 "ENDLT"               53.47286   -0.00588   -0.00395
 "LT$END"              53.47286   -0.00588   -0.00395
 "DRIFT_47"            53.47286   -0.00588   -0.00395
 "LTB$START"           53.47287   -0.00588   -0.00395
 "BEGLTB"              53.47287   -0.00588   -0.00395
 "LT.BHZ30"            53.99860   -0.00767    0.00237
 "DRIFT_48"            54.86818   -0.01007   -0.00325
 "LTB.DHZ10"           55.21204   -0.01095   -0.00307
 "LTB.DVT10"           55.21204   -0.01095   -0.00307
 "DRIFT_49"            55.47879   -0.01163   -0.00294
 "LTB.STP10"           55.74554   -0.01232   -0.00280
 "DRIFT_50"            55.93879   -0.01281   -0.00271
 "LTB.VVS10"           56.13204   -0.01331   -0.00261
 "DRIFT_51"            56.38079   -0.01395   -0.00248
 "LTB.VPI11"           56.62954   -0.01459   -0.00236
 "DRIFT_52"            57.39704   -0.01656   -0.00197
 "LTB.QFN10"           58.29204   -0.02186   -0.00324
 "DRIFT_19"            58.79204   -0.01620   -0.00186
 "LTB.QDN20"           59.29204   -0.01803   -0.00376
 "DRIFT_53"            59.57479   -0.01345   -0.00210
 "LTB.MSF30"           59.73004   -0.01328   -0.00208
 "DRIFT_54"            60.08379   -0.01287   -0.00202
 "LTB.BPM10"           60.43754   -0.01659   -0.00342
 "DRIFT_55"            60.62129   -0.01226   -0.00192
 "LTB.BCT49"           60.80504   -0.01205   -0.00189
 "DRIFT_56"            60.97354   -0.01186   -0.00186
 "LTB.DHZ20"           61.14204   -0.01166   -0.00183
 "LTB.DVT20"           61.14204   -0.01166   -0.00183
 "DRIFT_57"            62.60654   -0.00999   -0.00158
 "LTB.BCT50"           64.07104   -0.00832   -0.00132
 "DRIFT_58"            64.32604   -0.00803   -0.00128
 "LTB.BCT55"           64.58104   -0.00774   -0.00123
 "DRIFT_59"            66.11154   -0.00600   -0.00097
 "LTB.BPM20"           67.64204   -0.01083    0.00056
 "DRIFT_60"            67.89204   -0.00396   -0.00065
 "LTB.DHZ30"           68.14204   -0.00368   -0.00061
 "LTB.DVT30"           68.14204   -0.00368   -0.00061
 "DRIFT_61"            68.47679   -0.00330   -0.00055
 "LTB.QFW30"           69.04204   -0.00936    0.00103
 "DRIFT_62"            69.54204   -0.00097   -0.00025
 "LTB.QDW40"           70.04204   -0.00695    0.00134
 "DRIFT_63"            72.59679    0.00380    0.00002
 "LTB.BCT59"           74.92104    0.00674    0.00009
 "DRIFT_64"            75.19254    0.00708    0.00009
 "LTB.VPI12"           75.46404    0.00743    0.00010
 "DRIFT_65"            75.68904    0.00771    0.00011
 "LTB.VGR01"           75.91404    0.00799    0.00012
 "DRIFT_66"            76.94704    0.00930    0.00015
 "LTB.VPI13"           77.98004    0.01061    0.00018
 "DRIFT_67"            78.24504    0.01095    0.00019
 "LTB.MSF40"           78.51004    0.01128    0.00019
 "DRIFT_68"            78.72604    0.01155    0.00020
 "LTB.BCT60"           78.94204    0.01183    0.00021
 "DRIFT_69"            79.15179    0.01209    0.00021
 "LTB.QFW50"           79.59204    0.00166    0.00447
 "DRIFT_70"            80.24204    0.01310    0.00129
 "LTB.QDW60"           80.89204    0.00233    0.00687
 "DRIFT_69"            81.33229    0.01427    0.00183
 "LTB.DHZ40"           81.54204    0.01459    0.00165
 "LTB.DVT40"           81.54204    0.01459    0.00165
 "DRIFT_71"            81.79404    0.01497    0.00144
 "LTB.BPM30"           82.04604    0.00363    0.00613
 "DRIFT_72"            82.37704    0.01587    0.00094
 "ENDLTB"              82.70804    0.01638    0.00066
 "LTB$END"             82.70804    0.01638    0.00066
 "BI3$START"           82.70804    0.01638    0.00066
 "BEGBI"               82.70804    0.01638    0.00066
 "LTB.BHZ40"           83.15804    0.00673    0.00575
 "DRIFT_73"            83.94804    0.01828   -0.00040
 "BI.VPI11"            84.28804    0.01880   -0.00069
 "DRIFT_74"            86.78004    0.02263   -0.00282
 "BI.DHZ10"            89.27204    0.02646   -0.00495
 "BI.DVT10"            89.27204    0.02646   -0.00495
 "DRIFT_75"            89.51554    0.02683   -0.00516
 "BI.BPM00"            89.75904    0.02720   -0.00536
 "DRIFT_76"            90.21004    0.02790   -0.00575
 "BI.BTV10"            90.66104    0.02859   -0.00613
 "DRIFT_77"            90.94904    0.02903   -0.00638
 "BI.STPFA10"          91.23704    0.02947   -0.00663
 "DRIFT_78"            92.85004    0.03195   -0.00800
 "BI.STPSW10"          94.46304    0.03443   -0.00938
 "DRIFT_79"            94.83754    0.03500   -0.00970
 "BI.BPM10"            95.21204    0.03558   -0.01002
 "DRIFT_80"            95.45204    0.03595   -0.01023
 "BI.DHZ20"            95.69204    0.03631   -0.01043
 "BI.DVT20"            95.69204    0.03631   -0.01043
 "DRIFT_81"            95.89654    0.03663   -0.01060
 "BI.QNO10"            96.33204    0.03619   -0.01130
 "DRIFT_82"            96.83204    0.02868   -0.01434
 "BI.QNO20"            97.33204    0.02094   -0.01715
 "DRIFT_83"           100.98834    0.00413   -0.00546
 "BI.BPM20"           104.41364   -0.01097    0.00604
 "DRIFT_84"           104.63844   -0.01196    0.00680
 "BI.BCT10"           104.86324   -0.01295    0.00755
 "DRIFT_85"           105.05284   -0.01379    0.00819
 "BI.VVS10"           105.24244   -0.01463    0.00883
 "DRIFT_86"           105.28449   -0.01481    0.00897
 "BI.DVT30"           105.47404   -0.01565    0.00961
 "DRIFT_87"           105.74329   -0.01684    0.01051
 "BI.BTV20"           105.86504   -0.01737    0.01092
 "DRIFT_88"           106.15839   -0.01867    0.01191
 "BI.QNO30"           106.68274   -0.02058    0.01392
 "DRIFT_89"           107.10389   -0.01994    0.01704
 "BI.BPM30"           107.29405   -0.01947    0.01857
 "DRIFT_90"           107.49762   -0.01896    0.02022
 "BI.QNO40"           107.93220   -0.01836    0.02314
 "DRIFT_91"           108.29362   -0.02001    0.02291
 "BI.DIS0"            108.62405   -0.02196    0.02215
 "DRIFT_92"           108.82905   -0.02318    0.02167
 "BI3.DIS1"           109.03405   -0.02439    0.02119
 "DRIFT_92"           109.23905   -0.02560    0.02072
 "BI3.DIS2"           109.44405   -0.02681    0.02024
 "DRIFT_93"           109.64905   -0.02803    0.01977
 "BI3.DIS3"           109.85405   -0.02924    0.01929
 "DRIFT_94"           110.05905   -0.03045    0.01881
 "BI3.DIS4"           110.26405   -0.03167    0.01834
 "DRIFT_95"           110.55556   -0.03339    0.01766
 "BI3.DVT40"          110.81056   -0.03490    0.01706
 "DRIFT_96"           111.82481   -0.04089    0.01471
 "BI.VPI12"           112.67556   -0.04592    0.01274
 "DRIFT_97"           114.78456   -0.05838    0.00784
 "BI.BTV30"           116.89356   -0.07084    0.00294
 "DRIFT_98"           117.73881   -0.07584    0.00098
 "BI.SMVHDP"          118.58406   -0.08083   -0.00098
 "DRIFT_99"           118.69306   -0.08148   -0.00124
 "BI3.SMV10"          119.28206   -0.08496   -0.00260
 "DRIFT_100"          120.54347   -0.09241   -0.00553
 "BI3.BVT10"          121.68406   -0.09915   -0.00818
 "DRIFT_101"          122.19715   -0.10218   -0.00937
 "BI3.QNO50"          122.58406   -0.10107   -0.01060
 "DRIFT_102"          122.95906   -0.08523   -0.01337
 "BI3.QNO60"          123.33406   -0.06891   -0.01597
 "DRIFT_103"          123.72956   -0.06354   -0.01602
 "BI3.DHZ50"          123.89206   -0.06230   -0.01580
 "BI3.DVT50"          123.89206   -0.06230   -0.01580
 "DRIFT_104"          124.17556   -0.06015   -0.01541
 "BI3.BPM40"          124.45906   -0.05799   -0.01503
 "DRIFT_105"          125.05006   -0.05350   -0.01423
 "BI3.BTV40"          125.64106   -0.04900   -0.01343
 "DRIFT_106"          125.91431   -0.04692   -0.01306
 "BI3.VPI14"          126.18756   -0.04485   -0.01269
 "DRIFT_107"          126.38681   -0.04333   -0.01242
 "BI3.BCT20"          126.58606   -0.04182   -0.01215
 "DRIFT_108"          126.80906   -0.04012   -0.01185
 "BI3.BPM50"          127.03206   -0.03842   -0.01154
 "DRIFT_109"          127.29306   -0.03644   -0.01119
 "BI3.VVS20"          127.55406   -0.03445   -0.01084
 "DRIFT_110"          128.75406   -0.02533   -0.00921
 "BI3.DHZ70"          129.95406   -0.01620   -0.00759
 "BI3.DVT70"          129.95406   -0.01620   -0.00759
 "DRIFT_111"          130.58266   -0.01142   -0.00674
 "BI3.INJPT"          131.21126   -0.00664   -0.00589
 "BI3$END"            131.21126   -0.00664   -0.00589
 "LTLTBBI$END"        131.21126   -0.00664   -0.00589
