@ NAME             %05s "TWISS"
@ TYPE             %05s "TWISS"
@ SEQUENCE         %07s "LTLTBBI"
@ PARTICLE         %06s "PROTON"
@ MASS             %le     0.93827
@ CHARGE           %le     1.00000
@ ENERGY           %le     0.98827
@ PC               %le     0.31037
@ GAMMA            %le     1.05329
@ KBUNCH           %le     1.00000
@ BCURRENT         %le     0.00000
@ SIGE             %le     0.00100
@ SIGT             %le     0.00000
@ NPART            %le     0.00000
@ EX               %le     0.00004
@ EY               %le     0.00002
@ ET               %le     1.00000
@ LENGTH           %le   131.21126
@ ALFA             %le     0.00000
@ ORBIT5           %le    -0.00000
@ GAMMATR          %le     0.00000
@ Q1               %le     2.86350
@ Q2               %le     2.69224
@ DQ1              %le     0.00000
@ DQ2              %le     0.00000
@ DXMAX            %le     8.80075
@ DYMAX            %le     2.18471
@ XCOMAX           %le     0.11201
@ YCOMAX           %le     0.03561
@ BETXMAX          %le   104.30380
@ BETYMAX          %le    80.37009
@ XCORMS           %le     0.02867
@ YCORMS           %le     0.01151
@ DXRMS            %le     3.04111
@ DYRMS            %le     0.61364
@ DELTAP           %le     0.00000
@ SYNCH_1          %le     0.00000
@ SYNCH_2          %le     0.00000
@ SYNCH_3          %le     0.00000
@ SYNCH_4          %le     0.00000
@ SYNCH_5          %le     0.00000
@ TITLE            %65s "LT-LTB-BI 2014 optics. Protons - 310.3662354 MeV/c (E_kin=50 MeV)"
@ ORIGIN           %16s "5.02.04 Linux 64"
@ DATE             %08s "07/04/15"
@ TIME             %08s "17.23.39"
* NAME                        S          X          Y 
$ %s                        %le        %le        %le 
 "LTLTBBI$START"        0.00000    0.00000    0.00000
 "LT$START"             0.00000    0.00000    0.00000
 "BEGLT"                0.00000    0.00000    0.00000
 "DRIFT_0"              0.02400    0.00000    0.00000
 "LT.VVS10"             0.04800    0.00000    0.00000
 "DRIFT_1"              0.22300    0.00000    0.00000
 "LT.DHZ10"             0.39800    0.00000    0.00000
 "LT.DVT10"             0.39800    0.00000    0.00000
 "DRIFT_2"              0.89900    0.00000    0.00000
 "LT.BPM10"             1.40000    0.00019   -0.00055
 "DRIFT_3"              1.62475    0.00000    0.00000
 "LT.QFN10"             1.97700    0.00126   -0.00430
 "DRIFT_4"              2.12575   -0.00020   -0.00068
 "LT.BEC1"              2.14700   -0.00023   -0.00078
 "DRIFT_5"              2.27850   -0.00041   -0.00144
 "LT.BCT10"             2.41000   -0.00060   -0.00209
 "DRIFT_6"              2.52975   -0.00077   -0.00268
 "LT.QDN12"             2.77700    0.00155   -0.00708
 "DRIFT_7"              2.99675   -0.00114   -0.00371
 "LT.BHZ10"             3.34200   -0.00116   -0.00331
 "DRIFT_8"              4.54000   -0.00123   -0.00191
 "LT.VPI11"             5.48500   -0.00128   -0.00080
 "DRIFT_9"              6.40975   -0.00133    0.00028
 "LT.QFN20"             7.46200    0.00156   -0.00159
 "DRIFT_10"             7.71825   -0.00159    0.00162
 "LT.BEC2"              7.84700   -0.00170    0.00167
 "DRIFT_11"             8.09075   -0.00189    0.00176
 "LT.QDN22"             8.46200    0.00013   -0.00116
 "DRIFT_12"            10.15585   -0.00350    0.00322
 "LT.DHZ20"            11.72220   -0.00470    0.00444
 "LT.DVT20"            11.72220   -0.00470    0.00444
 "DRIFT_13"            12.45835   -0.00527    0.00464
 "LT.QFN30"            13.32200   -0.00328    0.00300
 "DRIFT_14"            13.82700   -0.00606    0.00525
 "LT.QDN32"            14.33200   -0.00525    0.00393
 "DRIFT_15"            14.79575   -0.00683    0.00560
 "LT.VPI2"             15.13200   -0.00732    0.00555
 "DRIFT_16"            16.15475   -0.00882    0.00539
 "LT.BPM20"            17.17750   -0.01059    0.00626
 "DRIFT_17"            17.72975   -0.01113    0.00516
 "LT.VGP11"            18.28200   -0.01194    0.00508
 "DRIFT_18"            18.56325   -0.01235    0.00503
 "LT.QFN40"            18.97200   -0.01221    0.00426
 "DRIFT_19"            19.47200   -0.01100    0.00584
 "LT.QDN42"            19.97200   -0.00880    0.00604
 "DRIFT_20"            20.24575   -0.00902    0.00650
 "LT.DHZ30"            20.39200   -0.00898    0.00640
 "LT.DVT30"            20.39200   -0.00898    0.00640
 "DRIFT_21"            20.69350   -0.00888    0.00619
 "LT.BPM30"            20.99500   -0.00911    0.00902
 "DRIFT_22"            21.37100   -0.00867    0.00572
 "LT.CDB10"            21.74700   -0.00856    0.00546
 "DRIFT_23"            22.21975   -0.00841    0.00514
 "LT.BCT20"            22.69250   -0.00827    0.00481
 "DRIFT_24"            23.08843   -0.00814    0.00454
 "LT.BHZ20"            24.00857   -0.00599    0.00510
 "DRIFT_25"            24.89995   -0.00705    0.00330
 "LT.VGP12"            25.26713   -0.00677    0.00304
 "DRIFT_26"            25.69113   -0.00645    0.00275
 "LT.STP10"            26.11513   -0.00613    0.00246
 "DRIFT_27"            27.74013   -0.00491    0.00135
 "LT.BEC3"             29.36513   -0.00369    0.00023
 "DRIFT_28"            29.93638   -0.00326   -0.00016
 "LT.QFN50"            30.63513   -0.00195    0.00001
 "DRIFT_29"            31.17388   -0.00200   -0.00101
 "LT.VPI14"            31.58513   -0.00141   -0.00129
 "DRIFT_30"            31.79513   -0.00111   -0.00143
 "LT.BEC4"             32.00513   -0.00080   -0.00158
 "DRIFT_31"            32.18563   -0.00055   -0.00170
 "LT.BCT30"            32.36613   -0.00029   -0.00182
 "DRIFT_32"            32.62563    0.00008   -0.00200
 "LT.DHZ40"            32.88513    0.00046   -0.00217
 "LT.DVT40"            32.88513    0.00046   -0.00217
 "DRIFT_33"            33.46513    0.00129   -0.00257
 "LT.BPM40"            34.04513    0.00194   -0.00096
 "DRIFT_34"            34.37638    0.00259   -0.00319
 "LT.QDN55"            34.83513    0.00476   -0.00211
 "DRIFT_35"            35.07988    0.00384   -0.00357
 "LT.VVS20"            35.19713    0.00412   -0.00360
 "DRIFT_36"            37.38738    0.00939   -0.00415
 "LT.QFN60"            39.70513    0.01612   -0.00261
 "DRIFT_37"            40.65913    0.01455   -0.00542
 "LT.QDN65"            41.61313    0.01413   -0.00607
 "DRIFT_38"            41.87553    0.01459   -0.00601
 "LT.BHZ25"            42.21314    0.01528   -0.00588
 "DRIFT_39"            42.96299    0.01682   -0.00560
 "LT.VPI25"            43.51013    0.01795   -0.00540
 "DRIFT_40"            44.80814    0.02062   -0.00491
 "LT.VPI26"            46.10614    0.02328   -0.00443
 "DRIFT_41"            46.31014    0.02370   -0.00435
 "LT.QFW70"            46.74513    0.02419   -0.00454
 "DRIFT_42"            48.49188    0.01532   -0.00597
 "LT.QDN75"            50.13513    0.00489   -0.00848
 "DRIFT_43"            50.68389    0.00448   -0.00712
 "LT.DHZ50"            51.10514    0.00274   -0.00675
 "LT.DVT50"            51.10514    0.00274   -0.00675
 "DRIFT_44"            51.42214    0.00142   -0.00647
 "LT.BCT40"            51.73914    0.00011   -0.00619
 "DRIFT_45"            51.98314   -0.00090   -0.00598
 "LT.BPM50"            52.50514   -0.00329   -0.00634
 "DRIFT_46"            53.12800   -0.00563   -0.00497
 "ENDLT"               53.47286   -0.00706   -0.00467
 "LT$END"              53.47286   -0.00706   -0.00467
 "DRIFT_47"            53.47286   -0.00706   -0.00467
 "LTB$START"           53.47287   -0.00706   -0.00467
 "BEGLTB"              53.47287   -0.00706   -0.00467
 "LT.BHZ30"            53.99860   -0.00910    0.00186
 "DRIFT_48"            54.86818   -0.01179   -0.00344
 "LTB.DHZ10"           55.21204   -0.01277   -0.00314
 "LTB.DVT10"           55.21204   -0.01277   -0.00314
 "DRIFT_49"            55.47879   -0.01354   -0.00290
 "LTB.STP10"           55.74554   -0.01430   -0.00267
 "DRIFT_50"            55.93879   -0.01485   -0.00250
 "LTB.VVS10"           56.13204   -0.01541   -0.00233
 "DRIFT_51"            56.38079   -0.01612   -0.00211
 "LTB.VPI11"           56.62954   -0.01683   -0.00189
 "DRIFT_52"            57.39704   -0.01903   -0.00122
 "LTB.QFN10"           58.29204   -0.02457   -0.00214
 "DRIFT_19"            58.79204   -0.01860   -0.00038
 "LTB.QDN20"           59.29204   -0.02015   -0.00193
 "DRIFT_53"            59.57479   -0.01550   -0.00015
 "LTB.MSF30"           59.73004   -0.01530   -0.00007
 "DRIFT_54"            60.08379   -0.01483    0.00012
 "LTB.BPM10"           60.43754   -0.01848   -0.00116
 "DRIFT_55"            60.62129   -0.01412    0.00041
 "LTB.BCT49"           60.80504   -0.01387    0.00051
 "DRIFT_56"            60.97354   -0.01365    0.00061
 "LTB.DHZ20"           61.14204   -0.01343    0.00070
 "LTB.DVT20"           61.14204   -0.01343    0.00070
 "DRIFT_57"            62.60654   -0.01149    0.00149
 "LTB.BCT50"           64.07104   -0.00955    0.00229
 "DRIFT_58"            64.32604   -0.00921    0.00243
 "LTB.BCT55"           64.58104   -0.00887    0.00256
 "DRIFT_59"            66.11154   -0.00685    0.00339
 "LTB.BPM20"           67.64204   -0.01140    0.00549
 "DRIFT_60"            67.89204   -0.00449    0.00436
 "LTB.DHZ30"           68.14204   -0.00416    0.00450
 "LTB.DVT30"           68.14204   -0.00416    0.00450
 "DRIFT_61"            68.47679   -0.00371    0.00468
 "LTB.QFW30"           69.04204   -0.00968    0.00653
 "DRIFT_62"            69.54204   -0.00115    0.00603
 "LTB.QDW40"           70.04204   -0.00702    0.00825
 "DRIFT_63"            72.59679    0.00434    0.00617
 "LTB.BCT59"           74.92104    0.00782    0.00546
 "DRIFT_64"            75.19254    0.00823    0.00538
 "LTB.VPI12"           75.46404    0.00864    0.00530
 "DRIFT_65"            75.68904    0.00898    0.00523
 "LTB.VGR01"           75.91404    0.00931    0.00516
 "DRIFT_66"            76.94704    0.01086    0.00485
 "LTB.VPI13"           77.98004    0.01241    0.00453
 "DRIFT_67"            78.24504    0.01281    0.00445
 "LTB.MSF40"           78.51004    0.01321    0.00437
 "DRIFT_68"            78.72604    0.01353    0.00431
 "LTB.BCT60"           78.94204    0.01386    0.00424
 "DRIFT_69"            79.15179    0.01417    0.00418
 "LTB.QFW50"           79.59204    0.00378    0.00838
 "DRIFT_70"            80.24204    0.01493    0.00581
 "LTB.QDW60"           80.89204    0.00390    0.01189
 "DRIFT_69"            81.33229    0.01585    0.00659
 "LTB.DHZ40"           81.54204    0.01619    0.00625
 "LTB.DVT40"           81.54204    0.01619    0.00625
 "DRIFT_71"            81.79404    0.01660    0.00584
 "LTB.BPM30"           82.04604    0.00526    0.01037
 "DRIFT_72"            82.37704    0.01754    0.00490
 "ENDLTB"              82.70804    0.01807    0.00436
 "LTB$END"             82.70804    0.01807    0.00436
 "BI3$START"           82.70804    0.01807    0.00436
 "BEGBI"               82.70804    0.01807    0.00436
 "LTB.BHZ40"           83.15804    0.00846    0.00911
 "DRIFT_73"            83.94804    0.02007    0.00236
 "BI.VPI11"            84.28804    0.02062    0.00181
 "DRIFT_74"            86.78004    0.02465   -0.00223
 "BI.DHZ10"            89.27204    0.02867   -0.00626
 "BI.DVT10"            89.27204    0.02867   -0.00626
 "DRIFT_75"            89.51554    0.02906   -0.00666
 "BI.BPM00"            89.75904    0.02946   -0.00705
 "DRIFT_76"            90.21004    0.03019   -0.00778
 "BI.BTV10"            90.66104    0.03091   -0.00851
 "DRIFT_77"            90.94904    0.03138   -0.00898
 "BI.STPFA10"          91.23704    0.03184   -0.00944
 "DRIFT_78"            92.85004    0.03445   -0.01205
 "BI.STPSW10"          94.46304    0.03705   -0.01466
 "DRIFT_79"            94.83754    0.03766   -0.01527
 "BI.BPM10"            95.21204    0.03826   -0.01587
 "DRIFT_80"            95.45204    0.03865   -0.01626
 "BI.DHZ20"            95.69204    0.03904   -0.01665
 "BI.DVT20"            95.69204    0.03904   -0.01665
 "DRIFT_81"            95.89654    0.03937   -0.01698
 "BI.QNO10"            96.33204    0.03888   -0.01821
 "DRIFT_82"            96.83204    0.03080   -0.02322
 "BI.QNO20"            97.33204    0.02246   -0.02787
 "DRIFT_83"           100.98834    0.00420   -0.00943
 "BI.BPM20"           104.41364   -0.01222    0.00876
 "DRIFT_84"           104.63844   -0.01330    0.00995
 "BI.BCT10"           104.86324   -0.01438    0.01115
 "DRIFT_85"           105.05284   -0.01529    0.01215
 "BI.VVS10"           105.24244   -0.01620    0.01316
 "DRIFT_86"           105.28449   -0.01640    0.01338
 "BI.DVT30"           105.47404   -0.01731    0.01439
 "DRIFT_87"           105.74329   -0.01860    0.01582
 "BI.BTV20"           105.86504   -0.01918    0.01646
 "DRIFT_88"           106.15839   -0.02059    0.01802
 "BI.QNO30"           106.68274   -0.02267    0.02119
 "DRIFT_89"           107.10389   -0.02193    0.02601
 "BI.BPM30"           107.29405   -0.02140    0.02839
 "DRIFT_90"           107.49762   -0.02083    0.03093
 "BI.QNO40"           107.93220   -0.02014    0.03547
 "DRIFT_91"           108.29362   -0.02192    0.03516
 "BI.DIS0"            108.62405   -0.02404    0.03402
 "DRIFT_92"           108.82905   -0.02536    0.03331
 "BI3.DIS1"           109.03405   -0.02667    0.03261
 "DRIFT_92"           109.23905   -0.02799    0.03190
 "BI3.DIS2"           109.44405   -0.02930    0.03119
 "DRIFT_93"           109.64905   -0.03062    0.03049
 "BI3.DIS3"           109.85405   -0.03193    0.02978
 "DRIFT_94"           110.05905   -0.03325    0.02907
 "BI3.DIS4"           110.26405   -0.03456    0.02837
 "DRIFT_95"           110.55556   -0.03643    0.02736
 "BI3.DVT40"          110.81056   -0.03807    0.02647
 "DRIFT_96"           111.82481   -0.04456    0.02299
 "BI.VPI12"           112.67556   -0.05002    0.02005
 "DRIFT_97"           114.78456   -0.06353    0.01278
 "BI.BTV30"           116.89356   -0.07704    0.00552
 "DRIFT_98"           117.73881   -0.08246    0.00260
 "BI.SMVHDP"          118.58406   -0.08788   -0.00031
 "DRIFT_99"           118.69306   -0.08858   -0.00069
 "BI3.SMV10"          119.28206   -0.09235   -0.00272
 "DRIFT_100"          120.54347   -0.10043   -0.00707
 "BI3.BVT10"          121.68406   -0.10774   -0.01100
 "DRIFT_101"          122.19715   -0.11103   -0.01277
 "BI3.QNO50"          122.58406   -0.10982   -0.01455
 "DRIFT_102"          122.95906   -0.09260   -0.01844
 "BI3.QNO60"          123.33406   -0.07486   -0.02210
 "DRIFT_103"          123.72956   -0.06902   -0.02223
 "BI3.DHZ50"          123.89206   -0.06767   -0.02195
 "BI3.DVT50"          123.89206   -0.06767   -0.02195
 "DRIFT_104"          124.17556   -0.06532   -0.02147
 "BI3.BPM40"          124.45906   -0.06298   -0.02098
 "DRIFT_105"          125.05006   -0.05808   -0.01997
 "BI3.BTV40"          125.64106   -0.05319   -0.01896
 "DRIFT_106"          125.91431   -0.05093   -0.01849
 "BI3.VPI14"          126.18756   -0.04866   -0.01802
 "DRIFT_107"          126.38681   -0.04701   -0.01768
 "BI3.BCT20"          126.58606   -0.04536   -0.01734
 "DRIFT_108"          126.80906   -0.04352   -0.01696
 "BI3.BPM50"          127.03206   -0.04167   -0.01657
 "DRIFT_109"          127.29306   -0.03951   -0.01613
 "BI3.VVS20"          127.55406   -0.03735   -0.01568
 "DRIFT_110"          128.75406   -0.02741   -0.01362
 "BI3.DHZ70"          129.95406   -0.01747   -0.01157
 "BI3.DVT70"          129.95406   -0.01747   -0.01157
 "DRIFT_111"          130.58266   -0.01227   -0.01049
 "BI3.INJPT"          131.21126   -0.00706   -0.00942
 "BI3$END"            131.21126   -0.00706   -0.00942
 "LTLTBBI$END"        131.21126   -0.00706   -0.00942
