@ NAME             %05s "TWISS"
@ TYPE             %05s "TWISS"
@ SEQUENCE         %07s "LTLTBBI"
@ PARTICLE         %06s "PROTON"
@ MASS             %le     0.93827
@ CHARGE           %le     1.00000
@ ENERGY           %le     0.98827
@ PC               %le     0.31037
@ GAMMA            %le     1.05329
@ KBUNCH           %le     1.00000
@ BCURRENT         %le     0.00000
@ SIGE             %le     0.00100
@ SIGT             %le     0.00000
@ NPART            %le     0.00000
@ EX               %le     0.00004
@ EY               %le     0.00002
@ ET               %le     1.00000
@ LENGTH           %le   131.21126
@ ALFA             %le     0.00000
@ ORBIT5           %le    -0.00000
@ GAMMATR          %le     0.00000
@ Q1               %le     2.86340
@ Q2               %le     2.69256
@ DQ1              %le     0.00000
@ DQ2              %le     0.00000
@ DXMAX            %le     8.82360
@ DYMAX            %le     1.40021
@ XCOMAX           %le     0.11591
@ YCOMAX           %le     0.02320
@ BETXMAX          %le   104.47208
@ BETYMAX          %le    80.39785
@ XCORMS           %le     0.02987
@ YCORMS           %le     0.00801
@ DXRMS            %le     3.16961
@ DYRMS            %le     0.45905
@ DELTAP           %le     0.00000
@ SYNCH_1          %le     0.00000
@ SYNCH_2          %le     0.00000
@ SYNCH_3          %le     0.00000
@ SYNCH_4          %le     0.00000
@ SYNCH_5          %le     0.00000
@ TITLE            %65s "LT-LTB-BI 2014 optics. Protons - 310.3662354 MeV/c (E_kin=50 MeV)"
@ ORIGIN           %16s "5.02.04 Linux 64"
@ DATE             %08s "07/04/15"
@ TIME             %08s "17.23.38"
* NAME                        S          X          Y 
$ %s                        %le        %le        %le 
 "LTLTBBI$START"        0.00000    0.00000    0.00000
 "LT$START"             0.00000    0.00000    0.00000
 "BEGLT"                0.00000    0.00000    0.00000
 "DRIFT_0"              0.02400    0.00000    0.00000
 "LT.VVS10"             0.04800    0.00000    0.00000
 "DRIFT_1"              0.22300    0.00000    0.00000
 "LT.DHZ10"             0.39800    0.00000    0.00000
 "LT.DVT10"             0.39800    0.00000    0.00000
 "DRIFT_2"              0.89900    0.00025    0.00000
 "LT.BPM10"             1.40000    0.00069   -0.00055
 "DRIFT_3"              1.62475    0.00061   -0.00000
 "LT.QFN10"             1.97700    0.00203   -0.00430
 "DRIFT_4"              2.12575    0.00055   -0.00068
 "LT.BEC1"              2.14700    0.00051   -0.00078
 "DRIFT_5"              2.27850    0.00027   -0.00144
 "LT.BCT10"             2.41000    0.00004   -0.00209
 "DRIFT_6"              2.52975   -0.00018   -0.00268
 "LT.QDN12"             2.77700    0.00207   -0.00708
 "DRIFT_7"              2.99675   -0.00062   -0.00371
 "LT.BHZ10"             3.34200   -0.00061   -0.00331
 "DRIFT_8"              4.54000   -0.00056   -0.00191
 "LT.VPI11"             5.48500   -0.00053   -0.00080
 "DRIFT_9"              6.40975   -0.00049    0.00028
 "LT.QFN20"             7.46200    0.00248   -0.00159
 "DRIFT_10"             7.71825   -0.00075    0.00162
 "LT.BEC2"              7.84700   -0.00090    0.00167
 "DRIFT_11"             8.09075   -0.00118    0.00176
 "LT.QDN22"             8.46200    0.00072   -0.00116
 "DRIFT_12"            10.15585   -0.00319    0.00322
 "LT.DHZ20"            11.72220   -0.00465    0.00444
 "LT.DVT20"            11.72220   -0.00465    0.00444
 "DRIFT_13"            12.45835   -0.00533    0.00501
 "LT.QFN30"            13.32200   -0.00348    0.00382
 "DRIFT_14"            13.82700   -0.00633    0.00637
 "LT.QDN32"            14.33200   -0.00559    0.00537
 "DRIFT_15"            14.79575   -0.00725    0.00718
 "LT.VPI2"             15.13200   -0.00781    0.00723
 "DRIFT_16"            16.15475   -0.00952    0.00738
 "LT.BPM20"            17.17750   -0.01150    0.00855
 "DRIFT_17"            17.72975   -0.01215    0.00761
 "LT.VGP11"            18.28200   -0.01307    0.00770
 "DRIFT_18"            18.56325   -0.01354    0.00774
 "LT.QFN40"            18.97200   -0.01347    0.00712
 "DRIFT_19"            19.47200   -0.01211    0.00945
 "LT.QDN42"            19.97200   -0.00974    0.01036
 "DRIFT_20"            20.24575   -0.00997    0.01083
 "LT.DHZ30"            20.39200   -0.00993    0.01070
 "LT.DVT30"            20.39200   -0.00993    0.01070
 "DRIFT_21"            20.69350   -0.00985    0.01044
 "LT.BPM30"            20.99500   -0.01008    0.01322
 "DRIFT_22"            21.37100   -0.00966    0.00986
 "LT.CDB10"            21.74700   -0.00956    0.00954
 "DRIFT_23"            22.21975   -0.00943    0.00913
 "LT.BCT20"            22.69250   -0.00930    0.00873
 "DRIFT_24"            23.08843   -0.00920    0.00839
 "LT.BHZ20"            24.00857   -0.00706    0.00880
 "DRIFT_25"            24.89995   -0.00810    0.00684
 "LT.VGP12"            25.26713   -0.00780    0.00653
 "DRIFT_26"            25.69113   -0.00747    0.00617
 "LT.STP10"            26.11513   -0.00713    0.00580
 "DRIFT_27"            27.74013   -0.00584    0.00442
 "LT.BEC3"             29.36513   -0.00455    0.00303
 "DRIFT_28"            29.93638   -0.00410    0.00254
 "LT.QFN50"            30.63513   -0.00275    0.00262
 "DRIFT_29"            31.17388   -0.00265    0.00193
 "LT.VPI14"            31.58513   -0.00193    0.00196
 "DRIFT_30"            31.79513   -0.00156    0.00197
 "LT.BEC4"             32.00513   -0.00119    0.00199
 "DRIFT_31"            32.18563   -0.00087    0.00200
 "LT.BCT30"            32.36613   -0.00056    0.00201
 "DRIFT_32"            32.62563   -0.00010    0.00203
 "LT.DHZ40"            32.88513    0.00035    0.00204
 "LT.DVT40"            32.88513    0.00035    0.00204
 "DRIFT_33"            33.46513    0.00137    0.00208
 "LT.BPM40"            34.04513    0.00221    0.00413
 "DRIFT_34"            34.37638    0.00296    0.00214
 "LT.QDN55"            34.83513    0.00529    0.00354
 "DRIFT_35"            35.07988    0.00446    0.00201
 "LT.VVS20"            35.19713    0.00479    0.00194
 "DRIFT_36"            37.38738    0.01100    0.00051
 "LT.QFN60"            39.70513    0.01872    0.00113
 "DRIFT_37"            40.65913    0.01712   -0.00144
 "LT.QDN65"            41.61313    0.01668   -0.00185
 "DRIFT_38"            41.87553    0.01723   -0.00189
 "LT.BHZ25"            42.21314    0.01807   -0.00193
 "DRIFT_39"            42.96299    0.01992   -0.00201
 "LT.VPI25"            43.51013    0.02128   -0.00207
 "DRIFT_40"            44.80814    0.02449   -0.00222
 "LT.VPI26"            46.10614    0.02770   -0.00236
 "DRIFT_41"            46.31014    0.02820   -0.00238
 "LT.QFW70"            46.74513    0.02878   -0.00274
 "DRIFT_42"            48.49188    0.01829   -0.00409
 "LT.QDN75"            50.13513    0.00630   -0.00652
 "DRIFT_43"            50.68389    0.00551   -0.00535
 "LT.DHZ50"            51.10514    0.00350   -0.00514
 "LT.DVT50"            51.10514    0.00350   -0.00514
 "DRIFT_44"            51.42214    0.00198   -0.00498
 "LT.BCT40"            51.73914    0.00046   -0.00482
 "DRIFT_45"            51.98314   -0.00070   -0.00470
 "LT.BPM50"            52.50514   -0.00344   -0.00526
 "DRIFT_46"            53.12800   -0.00618   -0.00412
 "ENDLT"               53.47286   -0.00784   -0.00395
 "LT$END"              53.47286   -0.00784   -0.00395
 "DRIFT_47"            53.47286   -0.00784   -0.00395
 "LTB$START"           53.47287   -0.00784   -0.00395
 "BEGLTB"              53.47287   -0.00784   -0.00395
 "LT.BHZ30"            53.99860   -0.01020    0.00238
 "DRIFT_48"            54.86818   -0.01334   -0.00325
 "LTB.DHZ10"           55.21204   -0.01450   -0.00307
 "LTB.DVT10"           55.21204   -0.01450   -0.00307
 "DRIFT_49"            55.47879   -0.01540   -0.00294
 "LTB.STP10"           55.74554   -0.01629   -0.00280
 "DRIFT_50"            55.93879   -0.01694   -0.00271
 "LTB.VVS10"           56.13204   -0.01759   -0.00261
 "DRIFT_51"            56.38079   -0.01843   -0.00248
 "LTB.VPI11"           56.62954   -0.01927   -0.00236
 "DRIFT_52"            57.39704   -0.02185   -0.00197
 "LTB.QFN10"           58.29204   -0.02778   -0.00324
 "DRIFT_19"            58.79204   -0.02153   -0.00186
 "LTB.QDN20"           59.29204   -0.02279   -0.00376
 "DRIFT_53"            59.57479   -0.01812   -0.00211
 "LTB.MSF30"           59.73004   -0.01790   -0.00208
 "DRIFT_54"            60.08379   -0.01742   -0.00202
 "LTB.BPM10"           60.43754   -0.02106   -0.00342
 "DRIFT_55"            60.62129   -0.01668   -0.00192
 "LTB.BCT49"           60.80504   -0.01643   -0.00189
 "DRIFT_56"            60.97354   -0.01620   -0.00186
 "LTB.DHZ20"           61.14204   -0.01597   -0.00183
 "LTB.DVT20"           61.14204   -0.01597   -0.00183
 "DRIFT_57"            62.60654   -0.01396   -0.00158
 "LTB.BCT50"           64.07104   -0.01195   -0.00132
 "DRIFT_58"            64.32604   -0.01160   -0.00128
 "LTB.BCT55"           64.58104   -0.01125   -0.00124
 "DRIFT_59"            66.11154   -0.00915   -0.00097
 "LTB.BPM20"           67.64204   -0.01362    0.00056
 "DRIFT_60"            67.89204   -0.00670   -0.00066
 "LTB.DHZ30"           68.14204   -0.00636   -0.00062
 "LTB.DVT30"           68.14204   -0.00636   -0.00062
 "DRIFT_61"            68.47679   -0.00590   -0.00056
 "LTB.QFW30"           69.04204   -0.01181    0.00102
 "DRIFT_62"            69.54204   -0.00304   -0.00025
 "LTB.QDW40"           70.04204   -0.00869    0.00133
 "DRIFT_63"            72.59679    0.00283    0.00001
 "LTB.BCT59"           74.92104    0.00644    0.00008
 "DRIFT_64"            75.19254    0.00686    0.00009
 "LTB.VPI12"           75.46404    0.00728    0.00010
 "DRIFT_65"            75.68904    0.00763    0.00010
 "LTB.VGR01"           75.91404    0.00798    0.00011
 "DRIFT_66"            76.94704    0.00958    0.00014
 "LTB.VPI13"           77.98004    0.01118    0.00017
 "DRIFT_67"            78.24504    0.01160    0.00018
 "LTB.MSF40"           78.51004    0.01201    0.00019
 "DRIFT_68"            78.72604    0.01234    0.00019
 "LTB.BCT60"           78.94204    0.01268    0.00020
 "DRIFT_69"            79.15179    0.01300    0.00021
 "LTB.QFW50"           79.59204    0.00266    0.00447
 "DRIFT_70"            80.24204    0.01409    0.00129
 "LTB.QDW60"           80.89204    0.00330    0.00686
 "DRIFT_69"            81.33229    0.01537    0.00183
 "LTB.DHZ40"           81.54204    0.01575    0.00165
 "LTB.DVT40"           81.54204    0.01575    0.00165
 "DRIFT_71"            81.79404    0.01621    0.00143
 "LTB.BPM30"           82.04604    0.00493    0.00613
 "DRIFT_72"            82.37704    0.01728    0.00093
 "ENDLTB"              82.70804    0.01788    0.00065
 "LTB$END"             82.70804    0.01788    0.00065
 "BI3$START"           82.70804    0.01788    0.00065
 "BEGBI"               82.70804    0.01788    0.00065
 "LTB.BHZ40"           83.15804    0.00837    0.00575
 "DRIFT_73"            83.94804    0.02016   -0.00041
 "BI.VPI11"            84.28804    0.02078   -0.00070
 "DRIFT_74"            86.78004    0.02534   -0.00282
 "BI.DHZ10"            89.27204    0.02991   -0.00495
 "BI.DVT10"            89.27204    0.02991   -0.00495
 "DRIFT_75"            89.51554    0.03035   -0.00515
 "BI.BPM00"            89.75904    0.03080   -0.00536
 "DRIFT_76"            90.21004    0.03162   -0.00575
 "BI.BTV10"            90.66104    0.03245   -0.00613
 "DRIFT_77"            90.94904    0.03298   -0.00638
 "BI.STPFA10"          91.23704    0.03350   -0.00662
 "DRIFT_78"            92.85004    0.03646   -0.00800
 "BI.STPSW10"          94.46304    0.03941   -0.00938
 "DRIFT_79"            94.83754    0.04010   -0.00969
 "BI.BPM10"            95.21204    0.04078   -0.01001
 "DRIFT_80"            95.45204    0.04122   -0.01022
 "BI.DHZ20"            95.69204    0.04166   -0.01042
 "BI.DVT20"            95.69204    0.04166   -0.01042
 "DRIFT_81"            95.89654    0.04204   -0.01060
 "BI.QNO10"            96.33204    0.04157   -0.01130
 "DRIFT_82"            96.83204    0.03298   -0.01433
 "BI.QNO20"            97.33204    0.02412   -0.01714
 "DRIFT_83"           100.98834    0.00522   -0.00546
 "BI.BPM20"           104.41364   -0.01175    0.00604
 "DRIFT_84"           104.63844   -0.01287    0.00680
 "BI.BCT10"           104.86324   -0.01398    0.00755
 "DRIFT_85"           105.05284   -0.01492    0.00819
 "BI.VVS10"           105.24244   -0.01586    0.00882
 "DRIFT_86"           105.28449   -0.01607    0.00896
 "BI.DVT30"           105.47404   -0.01701    0.00960
 "DRIFT_87"           105.74329   -0.01834    0.01051
 "BI.BTV20"           105.86504   -0.01894    0.01091
 "DRIFT_88"           106.15839   -0.02040    0.01190
 "BI.QNO30"           106.68274   -0.02256    0.01392
 "DRIFT_89"           107.10389   -0.02191    0.01703
 "BI.BPM30"           107.29405   -0.02141    0.01856
 "DRIFT_90"           107.49762   -0.02088    0.02021
 "BI.QNO40"           107.93220   -0.02028    0.02313
 "DRIFT_91"           108.29362   -0.02215    0.02290
 "BI.DIS0"            108.62405   -0.02436    0.02213
 "DRIFT_92"           108.82905   -0.02572    0.02166
 "BI3.DIS1"           109.03405   -0.02709    0.02118
 "DRIFT_92"           109.23905   -0.02846    0.02071
 "BI3.DIS2"           109.44405   -0.02983    0.02023
 "DRIFT_93"           109.64905   -0.03120    0.01975
 "BI3.DIS3"           109.85405   -0.03257    0.01928
 "DRIFT_94"           110.05905   -0.03394    0.01880
 "BI3.DIS4"           110.26405   -0.03531    0.01833
 "DRIFT_95"           110.55556   -0.03725    0.01765
 "BI3.DVT40"          110.81056   -0.03895    0.01704
 "DRIFT_96"           111.82481   -0.04571    0.01470
 "BI.VPI12"           112.67556   -0.05139    0.01273
 "DRIFT_97"           114.78456   -0.06545    0.00783
 "BI.BTV30"           116.89356   -0.07951    0.00294
 "DRIFT_98"           117.73881   -0.08515    0.00097
 "BI.SMVHDP"          118.58406   -0.09079   -0.00099
 "DRIFT_99"           118.69306   -0.09151   -0.00124
 "BI3.SMV10"          119.28206   -0.09544   -0.00261
 "DRIFT_100"          120.54347   -0.10385   -0.00554
 "BI3.BVT10"          121.68406   -0.11146   -0.00818
 "DRIFT_101"          122.19715   -0.11488   -0.00938
 "BI3.QNO50"          122.58406   -0.11364   -0.01060
 "DRIFT_102"          122.95906   -0.09584   -0.01337
 "BI3.QNO60"          123.33406   -0.07750   -0.01597
 "DRIFT_103"          123.72956   -0.07147   -0.01602
 "BI3.DHZ50"          123.89206   -0.07009   -0.01580
 "BI3.DVT50"          123.89206   -0.07009   -0.01580
 "DRIFT_104"          124.17556   -0.06767   -0.01541
 "BI3.BPM40"          124.45906   -0.06526   -0.01503
 "DRIFT_105"          125.05006   -0.06023   -0.01423
 "BI3.BTV40"          125.64106   -0.05520   -0.01343
 "DRIFT_106"          125.91431   -0.05287   -0.01306
 "BI3.VPI14"          126.18756   -0.05054   -0.01269
 "DRIFT_107"          126.38681   -0.04885   -0.01242
 "BI3.BCT20"          126.58606   -0.04715   -0.01215
 "DRIFT_108"          126.80906   -0.04525   -0.01184
 "BI3.BPM50"          127.03206   -0.04335   -0.01154
 "DRIFT_109"          127.29306   -0.04113   -0.01119
 "BI3.VVS20"          127.55406   -0.03891   -0.01084
 "DRIFT_110"          128.75406   -0.02869   -0.00921
 "BI3.DHZ70"          129.95406   -0.01848   -0.00758
 "BI3.DVT70"          129.95406   -0.01848   -0.00758
 "DRIFT_111"          130.58266   -0.01312   -0.00673
 "BI3.INJPT"          131.21126   -0.00777   -0.00588
 "BI3$END"            131.21126   -0.00777   -0.00588
 "LTLTBBI$END"        131.21126   -0.00777   -0.00588
