@ NAME             %05s "TWISS"
@ TYPE             %05s "TWISS"
@ SEQUENCE         %07s "LTLTBBI"
@ PARTICLE         %06s "PROTON"
@ MASS             %le     0.93827
@ CHARGE           %le     1.00000
@ ENERGY           %le     0.98827
@ PC               %le     0.31037
@ GAMMA            %le     1.05329
@ KBUNCH           %le     1.00000
@ BCURRENT         %le     0.00000
@ SIGE             %le     0.00100
@ SIGT             %le     0.00000
@ NPART            %le     0.00000
@ EX               %le     0.00004
@ EY               %le     0.00002
@ ET               %le     1.00000
@ LENGTH           %le   131.21126
@ ALFA             %le     0.00000
@ ORBIT5           %le    -0.00000
@ GAMMATR          %le     0.00000
@ Q1               %le     2.86345
@ Q2               %le     2.69224
@ DQ1              %le     0.00000
@ DQ2              %le     0.00000
@ DXMAX            %le     8.80077
@ DYMAX            %le     1.90166
@ XCOMAX           %le     0.11202
@ YCOMAX           %le     0.02870
@ BETXMAX          %le   104.33844
@ BETYMAX          %le    80.36899
@ XCORMS           %le     0.02867
@ YCORMS           %le     0.00968
@ DXRMS            %le     3.04147
@ DYRMS            %le     0.58129
@ DELTAP           %le     0.00000
@ SYNCH_1          %le     0.00000
@ SYNCH_2          %le     0.00000
@ SYNCH_3          %le     0.00000
@ SYNCH_4          %le     0.00000
@ SYNCH_5          %le     0.00000
@ TITLE            %65s "LT-LTB-BI 2014 optics. Protons - 310.3662354 MeV/c (E_kin=50 MeV)"
@ ORIGIN           %16s "5.02.04 Linux 64"
@ DATE             %08s "07/04/15"
@ TIME             %08s "17.23.39"
* NAME                        S          X          Y 
$ %s                        %le        %le        %le 
 "LTLTBBI$START"        0.00000    0.00000    0.00000
 "LT$START"             0.00000    0.00000    0.00000
 "BEGLT"                0.00000    0.00000    0.00000
 "DRIFT_0"              0.02400    0.00000    0.00000
 "LT.VVS10"             0.04800    0.00000    0.00000
 "DRIFT_1"              0.22300    0.00000    0.00000
 "LT.DHZ10"             0.39800    0.00000    0.00000
 "LT.DVT10"             0.39800    0.00000    0.00000
 "DRIFT_2"              0.89900    0.00000    0.00025
 "LT.BPM10"             1.40000    0.00019   -0.00005
 "DRIFT_3"              1.62475    0.00000    0.00061
 "LT.QFN10"             1.97700    0.00126   -0.00347
 "DRIFT_4"              2.12575   -0.00020    0.00031
 "LT.BEC1"              2.14700   -0.00023    0.00024
 "DRIFT_5"              2.27850   -0.00041   -0.00023
 "LT.BCT10"             2.41000   -0.00060   -0.00069
 "DRIFT_6"              2.52975   -0.00077   -0.00111
 "LT.QDN12"             2.77700    0.00155   -0.00518
 "DRIFT_7"              2.99675   -0.00114   -0.00180
 "LT.BHZ10"             3.34200   -0.00116   -0.00146
 "DRIFT_8"              4.54000   -0.00123   -0.00029
 "LT.VPI11"             5.48500   -0.00128    0.00063
 "DRIFT_9"              6.40975   -0.00133    0.00153
 "LT.QFN20"             7.46200    0.00156   -0.00052
 "DRIFT_10"             7.71825   -0.00159    0.00274
 "LT.BEC2"              7.84700   -0.00170    0.00284
 "DRIFT_11"             8.09075   -0.00189    0.00301
 "LT.QDN22"             8.46200    0.00013    0.00020
 "DRIFT_12"            10.15585   -0.00350    0.00439
 "LT.DHZ20"            11.72220   -0.00470    0.00542
 "LT.DVT20"            11.72220   -0.00470    0.00542
 "DRIFT_13"            12.45835   -0.00527    0.00590
 "LT.QFN30"            13.32200   -0.00328    0.00461
 "DRIFT_14"            13.82700   -0.00606    0.00716
 "LT.QDN32"            14.33200   -0.00525    0.00616
 "DRIFT_15"            14.79575   -0.00683    0.00790
 "LT.VPI2"             15.13200   -0.00732    0.00789
 "DRIFT_16"            16.15475   -0.00882    0.00786
 "LT.BPM20"            17.17750   -0.01059    0.00886
 "DRIFT_17"            17.72975   -0.01113    0.00782
 "LT.VGP11"            18.28200   -0.01194    0.00781
 "DRIFT_18"            18.56325   -0.01235    0.00780
 "LT.QFN40"            18.97200   -0.01221    0.00711
 "DRIFT_19"            19.47200   -0.01100    0.00935
 "LT.QDN42"            19.97200   -0.00880    0.01018
 "DRIFT_20"            20.24575   -0.00902    0.01061
 "LT.DHZ30"            20.39200   -0.00898    0.01047
 "LT.DVT30"            20.39200   -0.00898    0.01047
 "DRIFT_21"            20.69350   -0.00888    0.01018
 "LT.BPM30"            20.99500   -0.00911    0.01292
 "DRIFT_22"            21.37100   -0.00867    0.00952
 "LT.CDB10"            21.74700   -0.00856    0.00916
 "DRIFT_23"            22.21975   -0.00841    0.00871
 "LT.BCT20"            22.69250   -0.00827    0.00825
 "DRIFT_24"            23.08843   -0.00814    0.00787
 "LT.BHZ20"            24.00857   -0.00599    0.00819
 "DRIFT_25"            24.89995   -0.00705    0.00613
 "LT.VGP12"            25.26713   -0.00677    0.00578
 "DRIFT_26"            25.69113   -0.00645    0.00538
 "LT.STP10"            26.11513   -0.00613    0.00497
 "DRIFT_27"            27.74013   -0.00491    0.00341
 "LT.BEC3"             29.36513   -0.00369    0.00185
 "DRIFT_28"            29.93638   -0.00326    0.00130
 "LT.QFN50"            30.63513   -0.00195    0.00129
 "DRIFT_29"            31.17388   -0.00200    0.00033
 "LT.VPI14"            31.58513   -0.00141    0.00013
 "DRIFT_30"            31.79513   -0.00111    0.00002
 "LT.BEC4"             32.00513   -0.00081   -0.00009
 "DRIFT_31"            32.18563   -0.00055   -0.00018
 "LT.BCT30"            32.36613   -0.00029   -0.00027
 "DRIFT_32"            32.62563    0.00008   -0.00040
 "LT.DHZ40"            32.88513    0.00045   -0.00053
 "LT.DVT40"            32.88513    0.00045   -0.00053
 "DRIFT_33"            33.46513    0.00128   -0.00083
 "LT.BPM40"            34.04513    0.00194    0.00089
 "DRIFT_34"            34.37638    0.00259   -0.00129
 "LT.QDN55"            34.83513    0.00476   -0.00014
 "DRIFT_35"            35.07988    0.00383   -0.00164
 "LT.VVS20"            35.19713    0.00412   -0.00170
 "DRIFT_36"            37.38738    0.00939   -0.00275
 "LT.QFN60"            39.70513    0.01612   -0.00173
 "DRIFT_37"            40.65913    0.01455   -0.00460
 "LT.QDN65"            41.61313    0.01413   -0.00533
 "DRIFT_38"            41.87553    0.01459   -0.00532
 "LT.BHZ25"            42.21314    0.01528   -0.00526
 "DRIFT_39"            42.96299    0.01682   -0.00513
 "LT.VPI25"            43.51013    0.01795   -0.00503
 "DRIFT_40"            44.80814    0.02062   -0.00481
 "LT.VPI26"            46.10614    0.02328   -0.00458
 "DRIFT_41"            46.31014    0.02370   -0.00455
 "LT.QFW70"            46.74513    0.02419   -0.00482
 "DRIFT_42"            48.49188    0.01532   -0.00676
 "LT.QDN75"            50.13513    0.00489   -0.00973
 "DRIFT_43"            50.68389    0.00448   -0.00838
 "LT.DHZ50"            51.10514    0.00274   -0.00802
 "LT.DVT50"            51.10514    0.00274   -0.00802
 "DRIFT_44"            51.42214    0.00142   -0.00774
 "LT.BCT40"            51.73914    0.00011   -0.00747
 "DRIFT_45"            51.98314   -0.00090   -0.00726
 "LT.BPM50"            52.50514   -0.00329   -0.00763
 "DRIFT_46"            53.12800   -0.00563   -0.00626
 "ENDLT"               53.47286   -0.00706   -0.00596
 "LT$END"              53.47286   -0.00706   -0.00596
 "DRIFT_47"            53.47286   -0.00706   -0.00596
 "LTB$START"           53.47287   -0.00706   -0.00596
 "BEGLTB"              53.47287   -0.00706   -0.00596
 "LT.BHZ30"            53.99860   -0.00910    0.00056
 "DRIFT_48"            54.86818   -0.01178   -0.00475
 "LTB.DHZ10"           55.21204   -0.01277   -0.00445
 "LTB.DVT10"           55.21204   -0.01277   -0.00445
 "DRIFT_49"            55.47879   -0.01354   -0.00422
 "LTB.STP10"           55.74554   -0.01430   -0.00398
 "DRIFT_50"            55.93879   -0.01485   -0.00382
 "LTB.VVS10"           56.13204   -0.01541   -0.00365
 "DRIFT_51"            56.38079   -0.01612   -0.00343
 "LTB.VPI11"           56.62954   -0.01683   -0.00322
 "DRIFT_52"            57.39704   -0.01903   -0.00255
 "LTB.QFN10"           58.29204   -0.02457   -0.00350
 "DRIFT_19"            58.79204   -0.01860   -0.00197
 "LTB.QDN20"           59.29204   -0.02015   -0.00375
 "DRIFT_53"            59.57479   -0.01550   -0.00201
 "LTB.MSF30"           59.73004   -0.01530   -0.00194
 "DRIFT_54"            60.08379   -0.01483   -0.00178
 "LTB.BPM10"           60.43754   -0.01848   -0.00309
 "DRIFT_55"            60.62129   -0.01412   -0.00154
 "LTB.BCT49"           60.80504   -0.01387   -0.00146
 "DRIFT_56"            60.97354   -0.01365   -0.00139
 "LTB.DHZ20"           61.14204   -0.01343   -0.00131
 "LTB.DVT20"           61.14204   -0.01343   -0.00131
 "DRIFT_57"            62.60654   -0.01149   -0.00066
 "LTB.BCT50"           64.07104   -0.00955   -0.00001
 "DRIFT_58"            64.32604   -0.00921    0.00011
 "LTB.BCT55"           64.58104   -0.00887    0.00022
 "DRIFT_59"            66.11154   -0.00685    0.00090
 "LTB.BPM20"           67.64204   -0.01140    0.00284
 "DRIFT_60"            67.89204   -0.00449    0.00169
 "LTB.DHZ30"           68.14204   -0.00416    0.00180
 "LTB.DVT30"           68.14204   -0.00416    0.00180
 "DRIFT_61"            68.47679   -0.00371    0.00195
 "LTB.QFW30"           69.04204   -0.00968    0.00371
 "DRIFT_62"            69.54204   -0.00115    0.00286
 "LTB.QDW40"           70.04204   -0.00702    0.00479
 "DRIFT_63"            72.59679    0.00434    0.00328
 "LTB.BCT59"           74.92104    0.00782    0.00312
 "DRIFT_64"            75.19254    0.00823    0.00311
 "LTB.VPI12"           75.46404    0.00864    0.00309
 "DRIFT_65"            75.68904    0.00897    0.00307
 "LTB.VGR01"           75.91404    0.00931    0.00306
 "DRIFT_66"            76.94704    0.01086    0.00299
 "LTB.VPI13"           77.98004    0.01241    0.00292
 "DRIFT_67"            78.24504    0.01281    0.00290
 "LTB.MSF40"           78.51004    0.01321    0.00288
 "DRIFT_68"            78.72604    0.01353    0.00287
 "LTB.BCT60"           78.94204    0.01385    0.00285
 "DRIFT_69"            79.15179    0.01417    0.00284
 "LTB.QFW50"           79.59204    0.00378    0.00711
 "DRIFT_70"            80.24204    0.01493    0.00443
 "LTB.QDW60"           80.89204    0.00390    0.01042
 "DRIFT_69"            81.33229    0.01585    0.00524
 "LTB.DHZ40"           81.54204    0.01619    0.00497
 "LTB.DVT40"           81.54204    0.01619    0.00497
 "DRIFT_71"            81.79404    0.01659    0.00464
 "LTB.BPM30"           82.04604    0.00526    0.00924
 "DRIFT_72"            82.37704    0.01754    0.00389
 "ENDLTB"              82.70804    0.01807    0.00346
 "LTB$END"             82.70804    0.01807    0.00346
 "BI3$START"           82.70804    0.01807    0.00346
 "BEGBI"               82.70804    0.01807    0.00346
 "LTB.BHZ40"           83.15804    0.00846    0.00835
 "DRIFT_73"            83.94804    0.02007    0.00185
 "BI.VPI11"            84.28804    0.02062    0.00140
 "DRIFT_74"            86.78004    0.02465   -0.00183
 "BI.DHZ10"            89.27204    0.02867   -0.00507
 "BI.DVT10"            89.27204    0.02867   -0.00507
 "DRIFT_75"            89.51554    0.02906   -0.00539
 "BI.BPM00"            89.75904    0.02946   -0.00570
 "DRIFT_76"            90.21004    0.03018   -0.00629
 "BI.BTV10"            90.66104    0.03091   -0.00687
 "DRIFT_77"            90.94904    0.03138   -0.00725
 "BI.STPFA10"          91.23704    0.03184   -0.00762
 "DRIFT_78"            92.85004    0.03445   -0.00972
 "BI.STPSW10"          94.46304    0.03705   -0.01181
 "DRIFT_79"            94.83754    0.03766   -0.01230
 "BI.BPM10"            95.21204    0.03826   -0.01279
 "DRIFT_80"            95.45204    0.03865   -0.01310
 "BI.DHZ20"            95.69204    0.03904   -0.01341
 "BI.DVT20"            95.69204    0.03904   -0.01341
 "DRIFT_81"            95.89654    0.03937   -0.01367
 "BI.QNO10"            96.33204    0.03888   -0.01466
 "DRIFT_82"            96.83204    0.03080   -0.01869
 "BI.QNO20"            97.33204    0.02246   -0.02244
 "DRIFT_83"           100.98834    0.00420   -0.00758
 "BI.BPM20"           104.41364   -0.01222    0.00707
 "DRIFT_84"           104.63844   -0.01330    0.00803
 "BI.BCT10"           104.86324   -0.01438    0.00899
 "DRIFT_85"           105.05284   -0.01529    0.00980
 "BI.VVS10"           105.24244   -0.01620    0.01061
 "DRIFT_86"           105.28449   -0.01640    0.01079
 "BI.DVT30"           105.47404   -0.01731    0.01160
 "DRIFT_87"           105.74329   -0.01860    0.01275
 "BI.BTV20"           105.86504   -0.01918    0.01327
 "DRIFT_88"           106.15839   -0.02059    0.01453
 "BI.QNO30"           106.68274   -0.02267    0.01708
 "DRIFT_89"           107.10389   -0.02193    0.02097
 "BI.BPM30"           107.29405   -0.02140    0.02288
 "DRIFT_90"           107.49762   -0.02083    0.02493
 "BI.QNO40"           107.93220   -0.02014    0.02859
 "DRIFT_91"           108.29362   -0.02192    0.02834
 "BI.DIS0"            108.62405   -0.02404    0.02742
 "DRIFT_92"           108.82905   -0.02536    0.02685
 "BI3.DIS1"           109.03405   -0.02667    0.02628
 "DRIFT_92"           109.23905   -0.02799    0.02571
 "BI3.DIS2"           109.44405   -0.02930    0.02514
 "DRIFT_93"           109.64905   -0.03062    0.02457
 "BI3.DIS3"           109.85405   -0.03193    0.02400
 "DRIFT_94"           110.05905   -0.03325    0.02343
 "BI3.DIS4"           110.26405   -0.03456    0.02286
 "DRIFT_95"           110.55556   -0.03643    0.02204
 "BI3.DVT40"          110.81056   -0.03807    0.02132
 "DRIFT_96"           111.82481   -0.04457    0.01852
 "BI.VPI12"           112.67556   -0.05002    0.01615
 "DRIFT_97"           114.78456   -0.06353    0.01029
 "BI.BTV30"           116.89356   -0.07705    0.00443
 "DRIFT_98"           117.73881   -0.08247    0.00208
 "BI.SMVHDP"          118.58406   -0.08788   -0.00027
 "DRIFT_99"           118.69306   -0.08858   -0.00058
 "BI3.SMV10"          119.28206   -0.09236   -0.00222
 "DRIFT_100"          120.54347   -0.10044   -0.00572
 "BI3.BVT10"          121.68406   -0.10775   -0.00889
 "DRIFT_101"          122.19715   -0.11104   -0.01032
 "BI3.QNO50"          122.58406   -0.10983   -0.01176
 "DRIFT_102"          122.95906   -0.09261   -0.01490
 "BI3.QNO60"          123.33406   -0.07487   -0.01786
 "DRIFT_103"          123.72956   -0.06902   -0.01796
 "BI3.DHZ50"          123.89206   -0.06768   -0.01774
 "BI3.DVT50"          123.89206   -0.06768   -0.01774
 "DRIFT_104"          124.17556   -0.06533   -0.01735
 "BI3.BPM40"          124.45906   -0.06298   -0.01695
 "DRIFT_105"          125.05006   -0.05809   -0.01613
 "BI3.BTV40"          125.64106   -0.05319   -0.01531
 "DRIFT_106"          125.91431   -0.05093   -0.01493
 "BI3.VPI14"          126.18756   -0.04867   -0.01455
 "DRIFT_107"          126.38681   -0.04702   -0.01428
 "BI3.BCT20"          126.58606   -0.04537   -0.01400
 "DRIFT_108"          126.80906   -0.04352   -0.01369
 "BI3.BPM50"          127.03206   -0.04167   -0.01338
 "DRIFT_109"          127.29306   -0.03951   -0.01302
 "BI3.VVS20"          127.55406   -0.03735   -0.01266
 "DRIFT_110"          128.75406   -0.02741   -0.01099
 "BI3.DHZ70"          129.95406   -0.01748   -0.00933
 "BI3.DVT70"          129.95406   -0.01748   -0.00933
 "DRIFT_111"          130.58266   -0.01227   -0.00845
 "BI3.INJPT"          131.21126   -0.00706   -0.00758
 "BI3$END"            131.21126   -0.00706   -0.00758
 "LTLTBBI$END"        131.21126   -0.00706   -0.00758
