@ NAME             %05s "TWISS"
@ TYPE             %05s "TWISS"
@ SEQUENCE         %07s "LTLTBBI"
@ PARTICLE         %06s "PROTON"
@ MASS             %le     0.93827
@ CHARGE           %le     1.00000
@ ENERGY           %le     0.98827
@ PC               %le     0.31037
@ GAMMA            %le     1.05329
@ KBUNCH           %le     1.00000
@ BCURRENT         %le     0.00000
@ SIGE             %le     0.00100
@ SIGT             %le     0.00000
@ NPART            %le     0.00000
@ EX               %le     0.00015
@ EY               %le     0.00007
@ ET               %le     1.00000
@ LENGTH           %le   131.23083
@ ALFA             %le     0.00000
@ ORBIT5           %le    -0.00000
@ GAMMATR          %le     0.00000
@ Q1               %le     3.07673
@ Q2               %le     2.48422
@ DQ1              %le     0.00000
@ DQ2              %le     0.00000
@ DXMAX            %le    10.61851
@ DYMAX            %le     1.45491
@ XCOMAX           %le     0.01343
@ YCOMAX           %le     0.00001
@ BETXMAX          %le   113.62976
@ BETYMAX          %le   650.01806
@ XCORMS           %le     0.00387
@ YCORMS           %le     0.00000
@ DXRMS            %le     2.08118
@ DYRMS            %le     0.30321
@ DELTAP           %le     0.00000
@ SYNCH_1          %le     0.00000
@ SYNCH_2          %le     0.00000
@ SYNCH_3          %le     0.00000
@ SYNCH_4          %le     0.00000
@ SYNCH_5          %le     0.00000
@ TITLE            %65s "LT-LTB-BI 2014 optics. Protons - 310.3662354 MeV/c (E_kin=50 MeV)"
@ ORIGIN           %16s "5.02.05 Linux 64"
@ DATE             %08s "25/06/15"
@ TIME             %08s "10.09.11"
* NAME                        S          X          Y 
$ %s                        %le        %le        %le 
 "LTLTBBI$START"        0.00000    0.00000    0.00000
 "LT$START"             0.00000    0.00000    0.00000
 "BEGLT"                0.00000    0.00000    0.00000
 "DRIFT_0"              0.02400    0.00000    0.00000
 "LT.VVS10"             0.04800    0.00000    0.00000
 "DRIFT_1"              0.22300    0.00000    0.00000
 "LT.DHZ10"             0.39800    0.00000    0.00000
 "LT.DVT10"             0.39800    0.00000    0.00000
 "DRIFT_2"              0.89900    0.00000    0.00000
 "LT.BPM10"             1.40000    0.00000    0.00000
 "DRIFT_3"              1.62475    0.00000    0.00000
 "LT.QFN10"             1.97700    0.00000    0.00000
 "DRIFT_4"              2.12575    0.00000    0.00000
 "LT.BEC1"              2.14700    0.00000    0.00000
 "DRIFT_5"              2.27850    0.00000    0.00000
 "LT.BCT10"             2.41000    0.00000    0.00000
 "DRIFT_6"              2.52975    0.00000    0.00000
 "LT.QDN12"             2.77700    0.00000    0.00000
 "DRIFT_7"              2.99675    0.00000    0.00000
 "LT.BHZ10"             3.34200    0.00000    0.00000
 "DRIFT_8"              4.54000    0.00000    0.00000
 "LT.VPI11"             5.48500    0.00000    0.00000
 "DRIFT_9"              6.40975    0.00000    0.00000
 "LT.QFN20"             7.46200    0.00000    0.00000
 "DRIFT_10"             7.71825    0.00000    0.00000
 "LT.BEC2"              7.84700    0.00000    0.00000
 "DRIFT_11"             8.09075    0.00000    0.00000
 "LT.QDN22"             8.46200    0.00000    0.00000
 "DRIFT_12"            10.15585    0.00000    0.00000
 "LT.DHZ20"            11.72220    0.00000    0.00000
 "LT.DVT20"            11.72220    0.00000    0.00000
 "DRIFT_13"            12.45835    0.00000    0.00000
 "LT.QFN30"            13.32200    0.00000    0.00000
 "DRIFT_14"            13.82700    0.00000    0.00000
 "LT.QDN32"            14.33200    0.00000    0.00000
 "DRIFT_15"            14.79575    0.00000    0.00000
 "LT.VPI2"             15.13200    0.00000    0.00000
 "DRIFT_16"            16.15475    0.00000    0.00000
 "LT.BPM20"            17.17750    0.00000    0.00000
 "DRIFT_17"            17.72975    0.00000    0.00000
 "LT.VGP11"            18.28200    0.00000    0.00000
 "DRIFT_18"            18.56325    0.00000    0.00000
 "LT.QFN40"            18.97200    0.00000    0.00000
 "DRIFT_19"            19.47200    0.00000    0.00000
 "LT.QDN42"            19.97200    0.00000    0.00000
 "DRIFT_20"            20.24575    0.00000    0.00000
 "LT.DHZ30"            20.39200    0.00000    0.00000
 "LT.DVT30"            20.39200    0.00000    0.00000
 "DRIFT_21"            20.69350   -0.00015    0.00000
 "LT.BPM30"            20.99500   -0.00030    0.00000
 "DRIFT_22"            21.37100   -0.00049    0.00000
 "LT.CDB10"            21.74700   -0.00068    0.00000
 "DRIFT_23"            22.21975   -0.00091    0.00000
 "LT.BCT20"            22.69250   -0.00115    0.00000
 "DRIFT_24"            23.08843   -0.00135    0.00000
 "LT.BHZ20"            24.00857   -0.00179    0.00000
 "DRIFT_25"            24.89995   -0.00214    0.00000
 "LT.VGP12"            25.26713   -0.00227    0.00000
 "DRIFT_26"            25.69113   -0.00243    0.00000
 "LT.STP10"            26.11513   -0.00258    0.00000
 "DRIFT_27"            27.74013   -0.00318    0.00000
 "LT.BEC3"             29.36513   -0.00378    0.00000
 "DRIFT_28"            29.93638   -0.00399    0.00000
 "LT.QFN50"            30.63513   -0.00420    0.00000
 "DRIFT_29"            31.17388   -0.00363    0.00000
 "LT.VPI14"            31.58513   -0.00315    0.00000
 "DRIFT_30"            31.79513   -0.00291    0.00000
 "LT.BEC4"             32.00513   -0.00267    0.00000
 "DRIFT_31"            32.18563   -0.00247    0.00000
 "LT.BCT30"            32.36613   -0.00226    0.00000
 "DRIFT_32"            32.62563   -0.00196    0.00000
 "LT.DHZ40"            32.88513   -0.00166    0.00000
 "LT.DVT40"            32.88513   -0.00166    0.00000
 "DRIFT_33"            33.46513   -0.00100    0.00000
 "LT.BPM40"            34.04513   -0.00033    0.00000
 "DRIFT_34"            34.37638    0.00005    0.00000
 "LT.QDN55"            34.83513    0.00057    0.00000
 "DRIFT_35"            35.07988    0.00088    0.00000
 "LT.VVS20"            35.19713    0.00103    0.00000
 "DRIFT_36"            37.38738    0.00380    0.00000
 "LT.QFN60"            39.70513    0.00670    0.00000
 "DRIFT_37"            40.65913    0.00682    0.00000
 "LT.QDN65"            41.61313    0.00694    0.00000
 "DRIFT_38"            41.87553    0.00725    0.00000
 "LT.BHZ25"            42.21314    0.00769    0.00000
 "DRIFT_39"            42.96299    0.00868    0.00000
 "LT.VPI25"            43.51013    0.00940    0.00000
 "DRIFT_40"            44.80814    0.01110    0.00000
 "LT.VPI26"            46.10614    0.01281    0.00000
 "DRIFT_41"            46.31014    0.01307    0.00000
 "LT.QFW70"            46.74513    0.01343    0.00000
 "DRIFT_42"            48.49188    0.00934    0.00000
 "LT.QDN75"            50.13513    0.00532    0.00000
 "DRIFT_43"            50.68389    0.00442    0.00000
 "LT.DHZ50"            51.10514    0.00374    0.00000
 "LT.DVT50"            51.10514    0.00374    0.00000
 "DRIFT_44"            51.42214    0.00323    0.00000
 "LT.BCT40"            51.73914    0.00272    0.00000
 "DRIFT_45"            51.98314    0.00233    0.00000
 "LT.BPM50"            52.50514    0.00149    0.00000
 "DRIFT_46"            53.12800    0.00049    0.00000
 "ENDLT"               53.47286   -0.00007    0.00000
 "LT$END"              53.47286   -0.00007    0.00000
 "DRIFT_47"            53.47286   -0.00007    0.00000
 "LTB$START"           53.47287   -0.00007    0.00000
 "BEGLTB"              53.47287   -0.00007    0.00000
 "LT.BHZ30"            53.99860   -0.00091    0.00000
 "DRIFT_48"            54.86818   -0.00222    0.00000
 "LTB.DHZ10"           55.21204   -0.00273    0.00000
 "LTB.DVT10"           55.21204   -0.00273    0.00000
 "DRIFT_49"            55.47879   -0.00313    0.00000
 "LTB.STP10"           55.74554   -0.00352    0.00000
 "DRIFT_50"            55.93879   -0.00381    0.00000
 "LTB.VVS10"           56.13204   -0.00409    0.00000
 "DRIFT_51"            56.38079   -0.00446    0.00000
 "LTB.VPI11"           56.62954   -0.00483    0.00000
 "DRIFT_52"            57.39704   -0.00597    0.00000
 "LTB.QFN10"           58.29204   -0.00721    0.00000
 "DRIFT_19"            58.79204   -0.00673    0.00000
 "LTB.QDN20"           59.29204   -0.00620    0.00000
 "DRIFT_53"            59.57479   -0.00614    0.00000
 "LTB.MSF30"           59.73004   -0.00613    0.00000
 "DRIFT_54"            60.08379   -0.00610    0.00000
 "LTB.BPM10"           60.43754   -0.00606    0.00000
 "DRIFT_55"            60.62129   -0.00605    0.00000
 "LTB.BCT49"           60.80504   -0.00603    0.00000
 "DRIFT_56"            60.97354   -0.00602    0.00000
 "LTB.DHZ20"           61.14204   -0.00600    0.00000
 "LTB.DVT20"           61.14204   -0.00600    0.00000
 "DRIFT_57"            62.60654   -0.00586    0.00000
 "LTB.BCT50"           64.07104   -0.00573    0.00000
 "DRIFT_58"            64.32604   -0.00570    0.00000
 "LTB.BCT55"           64.58104   -0.00568    0.00000
 "DRIFT_59"            66.11154   -0.00554    0.00000
 "LTB.BPM20"           67.64204   -0.00540    0.00000
 "DRIFT_60"            67.89204   -0.00537    0.00000
 "LTB.DHZ30"           68.14204   -0.00535    0.00000
 "LTB.DVT30"           68.14204   -0.00535    0.00000
 "DRIFT_61"            68.47679   -0.00532    0.00000
 "LTB.QFW30"           69.04204   -0.00520    0.00000
 "DRIFT_62"            69.54204   -0.00464    0.00000
 "LTB.QDW40"           70.04204   -0.00408    0.00000
 "DRIFT_63"            72.59679   -0.00380    0.00000
 "LTB.BCT59"           74.92104   -0.00361    0.00000
 "DRIFT_64"            75.19254   -0.00359    0.00000
 "LTB.VPI12"           75.46404   -0.00357    0.00000
 "DRIFT_65"            75.68904   -0.00355    0.00000
 "LTB.VGR01"           75.91404   -0.00353    0.00000
 "DRIFT_66"            76.94704   -0.00344    0.00000
 "LTB.VPI13"           77.98004   -0.00336    0.00000
 "DRIFT_67"            78.24504   -0.00334    0.00000
 "LTB.MSF40"           78.51004   -0.00331    0.00000
 "DRIFT_68"            78.72604   -0.00330    0.00000
 "LTB.BCT60"           78.94204   -0.00328    0.00000
 "DRIFT_69"            79.15179   -0.00326    0.00000
 "LTB.QFW50"           79.59204   -0.00316    0.00000
 "DRIFT_70"            80.24204   -0.00246    0.00000
 "LTB.QDW60"           80.89204   -0.00173    0.00000
 "DRIFT_69"            81.33229   -0.00147    0.00000
 "LTB.DHZ40"           81.54204   -0.00136    0.00000
 "LTB.DVT40"           81.54204   -0.00136    0.00000
 "DRIFT_71"            81.79404   -0.00123    0.00000
 "LTB.BPM30"           82.04604   -0.00110    0.00000
 "DRIFT_72"            82.37704   -0.00092    0.00000
 "ENDLTB"              82.70804   -0.00075    0.00000
 "LTB$END"             82.70804   -0.00075    0.00000
 "BI4$START"           82.70804   -0.00075    0.00000
 "BEGBI"               82.70804   -0.00075    0.00000
 "LTB.BHZ40"           83.15804   -0.00052    0.00000
 "DRIFT_73"            83.94804   -0.00011    0.00000
 "BI.VPI11"            84.28804    0.00007    0.00000
 "DRIFT_74"            86.78004    0.00137    0.00000
 "BI.DHZ10"            89.27204    0.00267    0.00000
 "BI.DVT10"            89.27204    0.00267    0.00000
 "DRIFT_75"            89.51554    0.00280    0.00000
 "BI.BPM00"            89.75904    0.00292    0.00000
 "DRIFT_76"            90.21004    0.00316    0.00000
 "BI.BTV10"            90.66104    0.00339    0.00000
 "DRIFT_77"            90.94904    0.00354    0.00000
 "BI.STPFA10"          91.23704    0.00369    0.00000
 "DRIFT_78"            92.85004    0.00453    0.00000
 "BI.STPSW10"          94.46304    0.00537    0.00000
 "DRIFT_79"            94.83754    0.00557    0.00000
 "BI.BPM10"            95.21204    0.00576    0.00000
 "DRIFT_80"            95.45204    0.00589    0.00000
 "BI.DHZ20"            95.69204    0.00601    0.00000
 "BI.DVT20"            95.69204    0.00601    0.00000
 "DRIFT_81"            95.89654    0.00612    0.00000
 "BI.QNO10"            96.33204    0.00616    0.00000
 "DRIFT_82"            96.83204    0.00501    0.00000
 "BI.QNO20"            97.33204    0.00383    0.00000
 "DRIFT_83"           100.98834    0.00250    0.00000
 "BI.BPM20"           104.41364    0.00138    0.00000
 "DRIFT_84"           104.63844    0.00131    0.00000
 "BI.BCT10"           104.86324    0.00123    0.00000
 "DRIFT_85"           105.05284    0.00117    0.00000
 "BI.VVS10"           105.24244    0.00111    0.00000
 "DRIFT_86"           105.28449    0.00109    0.00000
 "BI.DVT30"           105.47404    0.00103   -0.00000
 "DRIFT_87"           105.74329    0.00094   -0.00000
 "BI.BTV20"           105.86504    0.00090   -0.00000
 "DRIFT_88"           106.12974    0.00082   -0.00000
 "BI.QNO30"           106.62544    0.00064   -0.00000
 "DRIFT_89"           107.07524    0.00041   -0.00000
 "BI.BPM30"           107.29405    0.00029   -0.00000
 "DRIFT_90"           107.49284    0.00018   -0.00000
 "BI.QNO40"           107.92264   -0.00005   -0.00000
 "DRIFT_91"           108.28885   -0.00026   -0.00000
 "BI.DIS0"            108.62405   -0.00045   -0.00000
 "DRIFT_92"           108.82905   -0.00056   -0.00000
 "BI4.DIS1"           109.03405   -0.00068   -0.00000
 "DRIFT_93"           109.23905   -0.00079   -0.00000
 "BI4.DIS2"           109.44405   -0.00091   -0.00000
 "DRIFT_93"           109.64905   -0.00103   -0.00000
 "BI4.DIS3"           109.85405   -0.00114   -0.00000
 "DRIFT_94"           110.05905   -0.00126   -0.00000
 "BI4.DIS4"           110.26405   -0.00137    0.00000
 "DRIFT_95"           110.55555   -0.00154   -0.00000
 "BI4.DVT40"          110.81055   -0.00168   -0.00000
 "DRIFT_96"           111.82481   -0.00226    0.00000
 "BI.VPI12"           112.67556   -0.00274    0.00000
 "DRIFT_97"           114.78458   -0.00393    0.00000
 "BI.BTV30"           116.89359   -0.00513    0.00000
 "DRIFT_98"           117.73495   -0.00560    0.00000
 "BI.SMVHDP"          118.57630   -0.00608    0.00000
 "DRIFT_99"           118.68920   -0.00614    0.00000
 "BI4.SMV10"          119.28361   -0.00648   -0.00000
 "DRIFT_100"          120.55368   -0.00720    0.00000
 "BI4.BVT10"          121.70254   -0.00782    0.00001
 "DRIFT_101"          122.21672   -0.00804    0.00000
 "BI4.QNO50"          122.60363   -0.00792    0.00000
 "DRIFT_102"          122.97863   -0.00667    0.00000
 "BI4.QNO60"          123.35363   -0.00538    0.00000
 "DRIFT_103"          123.74913   -0.00497    0.00000
 "BI4.DHZ50"          123.91163   -0.00487    0.00000
 "BI4.DVT50"          123.91163   -0.00487    0.00000
 "DRIFT_104"          124.19513   -0.00471    0.00000
 "BI4.BPM40"          124.47863   -0.00455    0.00000
 "DRIFT_105"          125.06963   -0.00421    0.00000
 "BI4.BTV40"          125.66063   -0.00388    0.00000
 "DRIFT_106"          125.93388   -0.00372    0.00000
 "BI4.VPI14"          126.20713   -0.00357    0.00000
 "DRIFT_107"          126.40638   -0.00345    0.00000
 "BI4.BCT20"          126.60563   -0.00334    0.00000
 "DRIFT_108"          126.82863   -0.00321    0.00000
 "BI4.BPM50"          127.05163   -0.00309    0.00000
 "DRIFT_109"          127.31263   -0.00294    0.00000
 "BI4.VVS20"          127.57363   -0.00279    0.00000
 "DRIFT_110"          128.77363   -0.00211    0.00000
 "BI4.DHZ70"          129.97363   -0.00142    0.00000
 "BI4.DVT70"          129.97363   -0.00142    0.00000
 "DRIFT_111"          130.60223   -0.00106    0.00000
 "BI4.INJPT"          131.23083   -0.00071    0.00000
 "BI4$END"            131.23083   -0.00071    0.00000
 "LTLTBBI$END"        131.23083   -0.00071    0.00000
