@ NAME             %05s "TWISS"
@ TYPE             %05s "TWISS"
@ SEQUENCE         %07s "LTLTBBI"
@ PARTICLE         %06s "PROTON"
@ MASS             %le     0.93827
@ CHARGE           %le     1.00000
@ ENERGY           %le     0.98827
@ PC               %le     0.31037
@ GAMMA            %le     1.05329
@ KBUNCH           %le     1.00000
@ BCURRENT         %le     0.00000
@ SIGE             %le     0.00100
@ SIGT             %le     0.00000
@ NPART            %le     0.00000
@ EX               %le     0.00004
@ EY               %le     0.00002
@ ET               %le     1.00000
@ LENGTH           %le   131.23082
@ ALFA             %le     0.00000
@ ORBIT5           %le    -0.00000
@ GAMMATR          %le     0.00000
@ Q1               %le     3.14346
@ Q2               %le     2.47766
@ DQ1              %le     0.00000
@ DQ2              %le     0.00000
@ DXMAX            %le    10.48986
@ DYMAX            %le     2.24027
@ XCOMAX           %le     0.00000
@ YCOMAX           %le     0.00575
@ BETXMAX          %le   113.64995
@ BETYMAX          %le   647.14901
@ XCORMS           %le     0.00000
@ YCORMS           %le     0.00188
@ DXRMS            %le     2.23282
@ DYRMS            %le     0.51465
@ DELTAP           %le     0.00000
@ SYNCH_1          %le     0.00000
@ SYNCH_2          %le     0.00000
@ SYNCH_3          %le     0.00000
@ SYNCH_4          %le     0.00000
@ SYNCH_5          %le     0.00000
@ TITLE            %65s "LT-LTB-BI 2014 optics. Protons - 310.3662354 MeV/c (E_kin=50 MeV)"
@ ORIGIN           %22s "MAD-X 5.02.00 Linux 32"
@ DATE             %08s "29/08/14"
@ TIME             %08s "14.29.23"
* NAME                        S          X          Y 
$ %s                        %le        %le        %le 
 "LTLTBBI$START"        0.00000    0.00000    0.00000
 "LT$START"             0.00000    0.00000    0.00000
 "BEGLT"                0.00000    0.00000    0.00000
 "DRIFT_0"              0.02400    0.00000    0.00000
 "LT.VVS10"             0.04800    0.00000    0.00000
 "DRIFT_1"              0.22300    0.00000    0.00000
 "LT.DHZ10"             0.39800    0.00000    0.00000
 "LT.DVT10"             0.39800    0.00000    0.00000
 "DRIFT_2"              0.89900    0.00000    0.00000
 "LT.BPM10"             1.40000    0.00000    0.00000
 "DRIFT_3"              1.62475    0.00000    0.00000
 "LT.QFN10"             1.97700    0.00000    0.00000
 "DRIFT_4"              2.12575    0.00000    0.00000
 "LT.BEC1"              2.14700    0.00000    0.00000
 "DRIFT_5"              2.27850    0.00000    0.00000
 "LT.BCT10"             2.41000    0.00000    0.00000
 "DRIFT_6"              2.52975    0.00000    0.00000
 "LT.QDN12"             2.77700    0.00000    0.00000
 "DRIFT_7"              2.99675    0.00000    0.00000
 "LT.BHZ10"             3.34200    0.00000    0.00000
 "DRIFT_8"              4.54000    0.00000    0.00000
 "LT.VPI11"             5.48500    0.00000    0.00000
 "DRIFT_9"              6.40975    0.00000    0.00000
 "LT.QFN20"             7.46200    0.00000    0.00000
 "DRIFT_10"             7.71825    0.00000    0.00000
 "LT.BEC2"              7.84700    0.00000    0.00000
 "DRIFT_11"             8.09075    0.00000    0.00000
 "LT.QDN22"             8.46200    0.00000    0.00000
 "DRIFT_12"            10.15585    0.00000    0.00000
 "LT.DHZ20"            11.72220    0.00000    0.00000
 "LT.DVT20"            11.72220    0.00000    0.00000
 "DRIFT_13"            12.45835    0.00000   -0.00022
 "LT.QFN30"            13.32200    0.00000   -0.00048
 "DRIFT_14"            13.82700    0.00000   -0.00067
 "LT.QDN32"            14.33200    0.00000   -0.00086
 "DRIFT_15"            14.79575    0.00000   -0.00095
 "LT.VPI2"             15.13200    0.00000   -0.00101
 "DRIFT_16"            16.15475    0.00000   -0.00120
 "LT.BPM20"            17.17750    0.00000   -0.00139
 "DRIFT_17"            17.72975    0.00000   -0.00149
 "LT.VGP11"            18.28200    0.00000   -0.00159
 "DRIFT_18"            18.56325    0.00000   -0.00165
 "LT.QFN40"            18.97200    0.00000   -0.00175
 "DRIFT_19"            19.47200    0.00000   -0.00220
 "LT.QDN42"            19.97200    0.00000   -0.00265
 "DRIFT_20"            20.24575    0.00000   -0.00268
 "LT.DHZ30"            20.39200    0.00000   -0.00267
 "LT.DVT30"            20.39200    0.00000   -0.00267
 "DRIFT_21"            20.69350    0.00000   -0.00266
 "LT.BPM30"            20.99500    0.00000   -0.00265
 "DRIFT_22"            21.37100    0.00000   -0.00264
 "LT.CDB10"            21.74700    0.00000   -0.00263
 "DRIFT_23"            22.21975    0.00000   -0.00261
 "LT.BCT20"            22.69250    0.00000   -0.00260
 "DRIFT_24"            23.08843    0.00000   -0.00258
 "LT.BHZ20"            24.00857    0.00000   -0.00255
 "DRIFT_25"            24.89995   -0.00000   -0.00252
 "LT.VGP12"            25.26713   -0.00000   -0.00251
 "DRIFT_26"            25.69113   -0.00000   -0.00250
 "LT.STP10"            26.11513   -0.00000   -0.00248
 "DRIFT_27"            27.74013   -0.00000   -0.00243
 "LT.BEC3"             29.36513   -0.00000   -0.00237
 "DRIFT_28"            29.93638   -0.00000   -0.00235
 "LT.QFN50"            30.63513   -0.00000   -0.00236
 "DRIFT_29"            31.17388   -0.00000   -0.00277
 "LT.VPI14"            31.58513   -0.00000   -0.00311
 "DRIFT_30"            31.79513   -0.00000   -0.00328
 "LT.BEC4"             32.00513   -0.00000   -0.00346
 "DRIFT_31"            32.18563   -0.00000   -0.00360
 "LT.BCT30"            32.36613   -0.00000   -0.00375
 "DRIFT_32"            32.62563   -0.00000   -0.00397
 "LT.DHZ40"            32.88513   -0.00000   -0.00418
 "LT.DVT40"            32.88513   -0.00000   -0.00418
 "DRIFT_33"            33.46513   -0.00000   -0.00466
 "LT.BPM40"            34.04513   -0.00000   -0.00513
 "DRIFT_34"            34.37638   -0.00000   -0.00541
 "LT.QDN55"            34.83513   -0.00000   -0.00575
 "DRIFT_35"            35.07989   -0.00000   -0.00570
 "LT.VVS20"            35.19714   -0.00000   -0.00565
 "DRIFT_36"            37.38739    0.00000   -0.00485
 "LT.QFN60"            39.70513    0.00000   -0.00403
 "DRIFT_37"            40.65914    0.00000   -0.00433
 "LT.QDN65"            41.61314    0.00000   -0.00464
 "DRIFT_38"            41.87553    0.00000   -0.00454
 "LT.BHZ25"            42.21314    0.00000   -0.00438
 "DRIFT_39"            42.96300    0.00000   -0.00403
 "LT.VPI25"            43.51014    0.00000   -0.00377
 "DRIFT_40"            44.80814    0.00000   -0.00316
 "LT.VPI26"            46.10614    0.00000   -0.00255
 "DRIFT_41"            46.31014    0.00000   -0.00246
 "LT.QFW70"            46.74514    0.00000   -0.00229
 "DRIFT_42"            48.49189    0.00000   -0.00257
 "LT.QDN75"            50.13514    0.00000   -0.00285
 "DRIFT_43"            50.68389    0.00000   -0.00272
 "LT.DHZ50"            51.10514    0.00000   -0.00260
 "LT.DVT50"            51.10514    0.00000   -0.00260
 "DRIFT_44"            51.42214    0.00000   -0.00251
 "LT.BCT40"            51.73914    0.00000   -0.00243
 "DRIFT_45"            51.98314    0.00000   -0.00236
 "LT.BPM50"            52.50514    0.00000   -0.00222
 "DRIFT_46"            53.12800    0.00000   -0.00204
 "ENDLT"               53.47286    0.00000   -0.00195
 "LT$END"              53.47286    0.00000   -0.00195
 "DRIFT_47"            53.47286    0.00000   -0.00195
 "LTB$START"           53.47287    0.00000   -0.00195
 "BEGLTB"              53.47287    0.00000   -0.00195
 "LT.BHZ30"            53.99860   -0.00000   -0.00180
 "DRIFT_48"            54.86818   -0.00000   -0.00157
 "LTB.DHZ10"           55.21204   -0.00000   -0.00147
 "LTB.DVT10"           55.21204   -0.00000   -0.00147
 "DRIFT_49"            55.47879   -0.00000   -0.00140
 "LTB.STP10"           55.74554   -0.00000   -0.00132
 "DRIFT_50"            55.93879   -0.00000   -0.00127
 "LTB.VVS10"           56.13204   -0.00000   -0.00122
 "DRIFT_51"            56.38079   -0.00000   -0.00115
 "LTB.VPI11"           56.62954   -0.00000   -0.00108
 "DRIFT_52"            57.39704   -0.00000   -0.00087
 "LTB.QFN10"           58.29204    0.00000   -0.00063
 "DRIFT_19"            58.79204    0.00000   -0.00060
 "LTB.QDN20"           59.29204    0.00000   -0.00058
 "DRIFT_53"            59.57479    0.00000   -0.00054
 "LTB.MSF30"           59.73004    0.00000   -0.00052
 "DRIFT_54"            60.08379    0.00000   -0.00047
 "LTB.BPM10"           60.43754    0.00000   -0.00042
 "DRIFT_55"            60.62129    0.00000   -0.00039
 "LTB.BCT49"           60.80504    0.00000   -0.00037
 "DRIFT_56"            60.97354    0.00000   -0.00034
 "LTB.DHZ20"           61.14204    0.00000   -0.00032
 "LTB.DVT20"           61.14204    0.00000   -0.00032
 "DRIFT_57"            62.60654    0.00000   -0.00011
 "LTB.BCT50"           64.07104    0.00000    0.00009
 "DRIFT_58"            64.32604    0.00000    0.00013
 "LTB.BCT55"           64.58104    0.00000    0.00016
 "DRIFT_59"            66.11154    0.00000    0.00038
 "LTB.BPM20"           67.64204    0.00000    0.00059
 "DRIFT_60"            67.89204    0.00000    0.00063
 "LTB.DHZ30"           68.14204    0.00000    0.00067
 "LTB.DVT30"           68.14204    0.00000    0.00067
 "DRIFT_61"            68.47679    0.00000    0.00071
 "LTB.QFW30"           69.04204    0.00000    0.00080
 "DRIFT_62"            69.54204    0.00000    0.00095
 "LTB.QDW40"           70.04204    0.00000    0.00109
 "DRIFT_63"            72.59679    0.00000    0.00114
 "LTB.BCT59"           74.92104    0.00000    0.00117
 "DRIFT_64"            75.19254    0.00000    0.00117
 "LTB.VPI12"           75.46404    0.00000    0.00117
 "DRIFT_65"            75.68904    0.00000    0.00118
 "LTB.VGR01"           75.91404    0.00000    0.00118
 "DRIFT_66"            76.94704    0.00000    0.00119
 "LTB.VPI13"           77.98004    0.00000    0.00120
 "DRIFT_67"            78.24504    0.00000    0.00120
 "LTB.MSF40"           78.51004    0.00000    0.00121
 "DRIFT_68"            78.72604    0.00000    0.00121
 "LTB.BCT60"           78.94204    0.00000    0.00121
 "DRIFT_69"            79.15179    0.00000    0.00121
 "LTB.QFW50"           79.59204    0.00000    0.00124
 "DRIFT_70"            80.24204    0.00000    0.00151
 "LTB.QDW60"           80.89204    0.00000    0.00176
 "DRIFT_69"            81.33229    0.00000    0.00171
 "LTB.DHZ40"           81.54204    0.00000    0.00166
 "LTB.DVT40"           81.54204    0.00000    0.00166
 "DRIFT_71"            81.79404    0.00000    0.00161
 "LTB.BPM30"           82.04604    0.00000    0.00156
 "DRIFT_72"            82.37704    0.00000    0.00149
 "ENDLTB"              82.70804    0.00000    0.00142
 "LTB$END"             82.70804    0.00000    0.00142
 "BI2$START"           82.70804    0.00000    0.00142
 "BEGBI"               82.70804    0.00000    0.00142
 "LTB.BHZ40"           83.15804    0.00000    0.00133
 "DRIFT_73"            83.94804    0.00000    0.00116
 "BI.VPI11"            84.28804    0.00000    0.00109
 "DRIFT_74"            86.78004    0.00000    0.00057
 "BI.DHZ10"            89.27204    0.00000    0.00005
 "BI.DVT10"            89.27204    0.00000    0.00005
 "DRIFT_75"            89.51554    0.00000    0.00000
 "BI.BPM00"            89.75904    0.00000   -0.00005
 "DRIFT_76"            90.21004    0.00000   -0.00014
 "BI.BTV10"            90.66104    0.00000   -0.00024
 "DRIFT_77"            90.94904    0.00000   -0.00030
 "BI.STPFA10"          91.23704    0.00000   -0.00036
 "DRIFT_78"            92.85004    0.00000   -0.00070
 "BI.STPSW10"          94.46304    0.00000   -0.00103
 "DRIFT_79"            94.83754    0.00000   -0.00111
 "BI.BPM10"            95.21204    0.00000   -0.00119
 "DRIFT_80"            95.45204    0.00000   -0.00124
 "BI.DHZ20"            95.69204    0.00000   -0.00129
 "BI.DVT20"            95.69204    0.00000   -0.00129
 "DRIFT_81"            95.89654    0.00000   -0.00133
 "BI.QNO10"            96.33204    0.00000   -0.00146
 "DRIFT_82"            96.83204    0.00000   -0.00191
 "BI.QNO20"            97.33204    0.00000   -0.00232
 "DRIFT_83"           100.98834   -0.00000   -0.00096
 "BI.BPM20"           104.41364   -0.00000    0.00039
 "DRIFT_84"           104.63844   -0.00000    0.00048
 "BI.BCT10"           104.86324   -0.00000    0.00056
 "DRIFT_85"           105.05284   -0.00000    0.00064
 "BI.VVS10"           105.24244   -0.00000    0.00071
 "DRIFT_86"           105.28449   -0.00000    0.00073
 "BI.DVT30"           105.47404   -0.00000    0.00080
 "DRIFT_87"           105.74329   -0.00000    0.00091
 "BI.BTV20"           105.86504   -0.00000    0.00096
 "DRIFT_88"           106.15839   -0.00000    0.00107
 "BI.QNO30"           106.68274   -0.00000    0.00130
 "DRIFT_89"           107.10389   -0.00000    0.00163
 "BI.BPM30"           107.29405   -0.00000    0.00179
 "DRIFT_90"           107.49762   -0.00000    0.00196
 "BI.QNO40"           107.93220   -0.00000    0.00226
 "DRIFT_91"           108.29362   -0.00000    0.00226
 "BI.DIS0"            108.62405   -0.00000    0.00220
 "DRIFT_92"           108.82905   -0.00000    0.00216
 "BI2.DIS1"           109.03405   -0.00000    0.00212
 "DRIFT_93"           109.23905   -0.00000    0.00208
 "BI2.DIS2"           109.44405   -0.00000    0.00205
 "DRIFT_94"           109.64905   -0.00000    0.00201
 "BI2.DIS3"           109.85405   -0.00000    0.00197
 "DRIFT_95"           110.05905   -0.00000    0.00193
 "BI2.DIS4"           110.26406   -0.00000    0.00190
 "DRIFT_96"           110.55557   -0.00000    0.00184
 "BI2.DVT40"          110.81058   -0.00000    0.00180
 "DRIFT_97"           111.82484   -0.00000    0.00161
 "BI.VPI12"           112.67560   -0.00000    0.00146
 "DRIFT_98"           114.78461   -0.00000    0.00108
 "BI.BTV30"           116.89362   -0.00000    0.00069
 "DRIFT_99"           117.73498   -0.00000    0.00054
 "BI.SMVHDP"          118.57634   -0.00000    0.00039
 "DRIFT_100"          118.68924   -0.00000    0.00037
 "BI2.SMV10"          119.28363   -0.00000    0.00026
 "DRIFT_101"          120.55369   -0.00000    0.00002
 "BI2.BVT10"          121.70253   -0.00000   -0.00019
 "DRIFT_102"          122.21672   -0.00000   -0.00029
 "BI2.QNO50"          122.60362   -0.00000   -0.00037
 "DRIFT_103"          122.97862   -0.00000   -0.00050
 "BI2.QNO60"          123.35362   -0.00000   -0.00063
 "DRIFT_104"          123.74912   -0.00000   -0.00066
 "BI2.DHZ50"          123.91162   -0.00000   -0.00066
 "BI2.DVT50"          123.91162   -0.00000   -0.00066
 "DRIFT_105"          124.19512   -0.00000   -0.00066
 "BI2.BPM40"          124.47862   -0.00000   -0.00067
 "DRIFT_106"          125.06962   -0.00000   -0.00068
 "BI2.BTV40"          125.66062   -0.00000   -0.00069
 "DRIFT_107"          125.93387   -0.00000   -0.00069
 "BI2.VPI14"          126.20712   -0.00000   -0.00069
 "DRIFT_108"          126.40637   -0.00000   -0.00070
 "BI2.BCT20"          126.60562   -0.00000   -0.00070
 "DRIFT_109"          126.82862   -0.00000   -0.00070
 "BI2.BPM50"          127.05162   -0.00000   -0.00070
 "DRIFT_110"          127.31262   -0.00000   -0.00071
 "BI2.VVS20"          127.57362   -0.00000   -0.00071
 "DRIFT_111"          128.77362    0.00000   -0.00073
 "BI2.DHZ70"          129.97362    0.00000   -0.00075
 "BI2.DVT70"          129.97362    0.00000   -0.00075
 "DRIFT_112"          130.60222    0.00000   -0.00075
 "BI2.INJPT"          131.23082    0.00000   -0.00076
 "BI2$END"            131.23082    0.00000   -0.00076
 "LTLTBBI$END"        131.23082    0.00000   -0.00076
