@ NAME             %05s "TWISS"
@ TYPE             %05s "TWISS"
@ SEQUENCE         %07s "LTLTBBI"
@ PARTICLE         %06s "PROTON"
@ MASS             %le     0.93827
@ CHARGE           %le     1.00000
@ ENERGY           %le     0.98827
@ PC               %le     0.31037
@ GAMMA            %le     1.05329
@ KBUNCH           %le     1.00000
@ BCURRENT         %le     0.00000
@ SIGE             %le     0.00100
@ SIGT             %le     0.00000
@ NPART            %le     0.00000
@ EX               %le     0.00004
@ EY               %le     0.00002
@ ET               %le     1.00000
@ LENGTH           %le   131.20453
@ ALFA             %le     0.00000
@ ORBIT5           %le    -0.00000
@ GAMMATR          %le     0.00000
@ Q1               %le     2.95207
@ Q2               %le     2.47534
@ DQ1              %le     0.00000
@ DQ2              %le     0.00000
@ DXMAX            %le    10.44034
@ DYMAX            %le     1.74267
@ XCOMAX           %le     0.00001
@ YCOMAX           %le     0.03491
@ BETXMAX          %le   109.82433
@ BETYMAX          %le   647.71054
@ XCORMS           %le     0.00000
@ YCORMS           %le     0.01095
@ DXRMS            %le     2.23408
@ DYRMS            %le     0.39959
@ DELTAP           %le     0.00000
@ SYNCH_1          %le     0.00000
@ SYNCH_2          %le     0.00000
@ SYNCH_3          %le     0.00000
@ SYNCH_4          %le     0.00000
@ SYNCH_5          %le     0.00000
@ TITLE            %08s "no-title"
@ ORIGIN           %22s "MAD-X 5.02.00 Linux 32"
@ DATE             %08s "29/08/14"
@ TIME             %08s "14.34.11"
* NAME                        S          X          Y 
$ %s                        %le        %le        %le 
 "LTLTBBI$START"        0.00000    0.00000    0.00000
 "LT$START"             0.00000    0.00000    0.00000
 "BEGLT"                0.00000    0.00000    0.00000
 "DRIFT_0"              0.02400    0.00000    0.00000
 "LT.VVS10"             0.04800    0.00000    0.00000
 "DRIFT_1"              0.21700    0.00000    0.00000
 "LT.DHZ10"             0.38600    0.00000    0.00000
 "LT.DVT10"             0.38600    0.00000    0.00000
 "DRIFT_2"              0.89300    0.00000    0.00000
 "LT.UMA10"             1.40000    0.00000    0.00000
 "DRIFT_3"              1.62475    0.00000    0.00000
 "LT.QFN10"             1.97700    0.00000    0.00000
 "DRIFT_4"              2.12575    0.00000    0.00000
 "LT.BEC1"              2.14700    0.00000    0.00000
 "DRIFT_5"              2.27850    0.00000    0.00000
 "LT.MTR10"             2.41000    0.00000    0.00000
 "DRIFT_6"              2.52975    0.00000    0.00000
 "LT.QDN12"             2.77700    0.00000    0.00000
 "DRIFT_7"              2.99675    0.00000    0.00000
 "LT.BHZ10"             3.34200    0.00000    0.00000
 "DRIFT_8"              4.54000    0.00000    0.00000
 "LT.VPI11"             5.48500    0.00000    0.00000
 "DRIFT_9"              6.40975    0.00000    0.00000
 "LT.QFN20"             7.46200    0.00000    0.00000
 "DRIFT_10"             7.71825    0.00000    0.00000
 "LT.BEC2"              7.84700    0.00000    0.00000
 "DRIFT_11"             8.09075    0.00000    0.00000
 "LT.QDN22"             8.46200    0.00000    0.00000
 "DRIFT_12"            10.15575    0.00000    0.00000
 "LT.DHZ20"            11.72200    0.00000    0.00000
 "LT.DVT20"            11.72200    0.00000    0.00000
 "DRIFT_13"            12.46325    0.00000    0.00000
 "LT.QFN30"            13.33200    0.00000    0.00000
 "DRIFT_14"            13.83200    0.00000    0.00000
 "LT.QDN32"            14.33200    0.00000    0.00000
 "DRIFT_15"            14.79575    0.00000    0.00000
 "LT.VPI2"             15.13200    0.00000    0.00000
 "DRIFT_16"            16.15500    0.00000    0.00000
 "LT.UMA20"            17.17800    0.00000    0.00000
 "DRIFT_17"            17.73000    0.00000    0.00000
 "LT.VPG11"            18.28200    0.00000    0.00000
 "DRIFT_18"            18.56325    0.00000    0.00000
 "LT.QFN40"            18.97200    0.00000    0.00000
 "DRIFT_14"            19.47200    0.00000    0.00000
 "LT.QDN42"            19.97200    0.00000    0.00000
 "DRIFT_19"            20.24575    0.00000    0.00000
 "LT.DHZ30"            20.39200    0.00000    0.00000
 "LT.DVT30"            20.39200    0.00000    0.00000
 "DRIFT_20"            20.69350    0.00000    0.00000
 "LT.UMA30"            20.99500    0.00000    0.00000
 "DRIFT_21"            21.37100    0.00000    0.00000
 "LT.CDB10"            21.74700    0.00000    0.00000
 "LT.VPI13"            21.74700    0.00000    0.00000
 "DRIFT_22"            22.17388    0.00000    0.00000
 "EBCT20"              22.60076    0.00000    0.00000
 "DRIFT_23"            22.64688    0.00000    0.00000
 "LT.BCT20"            22.69300    0.00000    0.00000
 "DRIFT_24"            23.12527    0.00000    0.00000
 "LT.BHZ20"            24.00900    0.00000    0.00000
 "DRIFT_25"            24.46063    0.00000    0.00000
 "SBHZ20"              24.46080    0.00000    0.00000
 "DRIFT_26"            24.86790    0.00000    0.00000
 "LT.VG12"             25.27500    0.00000    0.00000
 "DRIFT_27"            25.69550    0.00000    0.00000
 "LT.STP"              26.11600    0.00000    0.00000
 "DRIFT_28"            27.76750    0.00000    0.00000
 "LT.BEC3"             29.41900    0.00000    0.00000
 "DRIFT_29"            29.96375    0.00000    0.00000
 "LT.QFN50"            30.63600    0.00000    0.00000
 "DRIFT_30"            31.17475    0.00000    0.00000
 "LT.VPI14"            31.58600    0.00000    0.00000
 "DRIFT_31"            31.82250    0.00000    0.00000
 "LT.BEC4"             32.05900    0.00000    0.00000
 "DRIFT_32"            32.20100    0.00000    0.00000
 "LT.BCT30"            32.34300    0.00000    0.00000
 "DRIFT_33"            32.60700    0.00000    0.00000
 "LT.DHZ40"            32.87100    0.00000    0.00000
 "LT.DVT40"            32.87100    0.00000    0.00000
 "DRIFT_34"            33.44850    0.00000   -0.00017
 "LT.UMA40"            34.02600    0.00000   -0.00035
 "DRIFT_35"            34.35725    0.00000   -0.00045
 "LT.QDN55"            34.81600    0.00000   -0.00058
 "DRIFT_10"            35.07225    0.00000   -0.00063
 "LT.VVS20"            35.20100    0.00000   -0.00065
 "DRIFT_36"            37.38875    0.00000   -0.00105
 "LT.QFN60"            39.70400    0.00000   -0.00147
 "DRIFT_37"            40.66150    0.00000   -0.00188
 "LT.QDN65"            41.61900    0.00000   -0.00229
 "DRIFT_38"            41.84289    0.00000   -0.00231
 "LT.BHZ25"            42.14200    0.00000   -0.00233
 "DRIFT_39"            42.92836    0.00000   -0.00235
 "LT.VPI25"            43.51200    0.00000   -0.00238
 "DRIFT_40"            44.81000    0.00000   -0.00242
 "LT.VPI26"            46.10800    0.00000   -0.00247
 "DRIFT_41"            46.31450    0.00000   -0.00248
 "LT.QFW70"            46.75200    0.00000   -0.00254
 "DRIFT_42"            48.50225    0.00000   -0.00382
 "LT.QDN75"            50.14900    0.00000   -0.00504
 "DRIFT_43"            50.70425    0.00000   -0.00504
 "LT.DHZ50"            51.13200    0.00000   -0.00502
 "LT.DVT50"            51.13200    0.00000   -0.00502
 "DRIFT_44"            51.45550    0.00000   -0.00500
 "LT.BCT40"            51.77900    0.00000   -0.00499
 "DRIFT_45"            52.02050    0.00000   -0.00498
 "LT.UMA50"            52.54000    0.00000   -0.00495
 "DRIFT_46"            53.18298    0.00000   -0.00492
 "ENDLT"               53.54796    0.00000   -0.00490
 "LT$END"              53.54796    0.00000   -0.00490
 "LTB$START"           53.54796    0.00000   -0.00490
 "BEGLTB"              53.54796    0.00000   -0.00490
 "EBHZ30"              53.54796    0.00000   -0.00490
 "DRIFT_47"            53.54797    0.00000   -0.00490
 "LT.BHZ30"            54.00074   -0.00001   -0.00488
 "DRIFT_48"            54.45352    0.00000   -0.00486
 "LT.ENDOFBHZ30"       54.45352    0.00000   -0.00486
 "DRIFT_49"            54.84102    0.00000   -0.00484
 "LTB.DHZ10"           55.22852    0.00000   -0.00482
 "LTB.DVT10"           55.22852    0.00000   -0.00482
 "DRIFT_50"            55.48352    0.00000   -0.00481
 "LTB.STP"             55.73852    0.00000   -0.00480
 "DRIFT_51"            55.86453    0.00000   -0.00479
 "LTB.VVS10"           55.99053    0.00000   -0.00478
 "DRIFT_52"            57.07453    0.00000   -0.00473
 "LTB.QFN10"           58.28602    0.00000   -0.00473
 "DRIFT_53"            58.78852    0.00000   -0.00551
 "LTB.QDN20"           59.29102    0.00000   -0.00632
 "DRIFT_54"            59.56977    0.00000   -0.00653
 "LTB.MSF30"           59.72102    0.00000   -0.00662
 "DRIFT_55"            60.07877    0.00000   -0.00685
 "LTB.UMA10"           60.43652    0.00000   -0.00707
 "DRIFT_56"            60.70802    0.00000   -0.00724
 "LTB.BCT49"           60.97952    0.00000   -0.00741
 "DRIFT_57"            61.11452    0.00000   -0.00749
 "LTB.DHZ20"           61.24952    0.00000   -0.00758
 "LTB.DVT20"           61.24952    0.00000   -0.00758
 "DRIFT_58"            62.66452    0.00000   -0.00846
 "LTB.BCT50"           64.07952    0.00000   -0.00935
 "DRIFT_59"            64.33327    0.00000   -0.00951
 "LTB.BCT55"           64.58702    0.00000   -0.00967
 "DRIFT_60"            66.11727    0.00000   -0.01062
 "LTB.UMA20"           67.64752    0.00000   -0.01158
 "DRIFT_61"            67.89902    0.00000   -0.01174
 "LTB.DHZ30"           68.15052    0.00000   -0.01190
 "LTB.DVT30"           68.15052    0.00000   -0.01190
 "DRIFT_62"            68.48777    0.00000   -0.01211
 "LTB.QFW30"           69.05552    0.00000   -0.01262
 "DRIFT_63"            69.55052    0.00000   -0.01417
 "LTB.QDW40"           70.04552    0.00000   -0.01563
 "DRIFT_64"            72.38327    0.00000   -0.01365
 "LTB.SLH10"           74.49052    0.00000   -0.01162
 "DRIFT_65"            74.60552    0.00000   -0.01151
 "LTB.SLV10"           74.72052    0.00000   -0.01140
 "DRIFT_66"            74.81302    0.00000   -0.01131
 "LTB.BCT59"           74.90552    0.00000   -0.01122
 "DRIFT_67"            76.70802    0.00000   -0.00949
 "LTB.MSF40"           78.51052    0.00000   -0.00776
 "DRIFT_68"            78.72552    0.00000   -0.00756
 "LTB.BCT60"           78.94052    0.00000   -0.00735
 "DRIFT_69"            79.15277    0.00000   -0.00715
 "LTB.QFW50"           79.59552    0.00000   -0.00686
 "DRIFT_70"            80.24552    0.00000   -0.00766
 "LTB.QDW60"           80.89552    0.00000   -0.00842
 "DRIFT_71"            81.32827    0.00000   -0.00787
 "LTB.DHZ40"           81.53052    0.00000   -0.00752
 "LTB.DVT40"           81.53052    0.00000   -0.00752
 "DRIFT_72"            81.78952    0.00000   -0.00709
 "LTB.UMA30"           82.04852    0.00000   -0.00665
 "DRIFT_73"            82.37915    0.00000   -0.00609
 "ENDLTB"              82.70978    0.00000   -0.00553
 "LTB$END"             82.70978    0.00000   -0.00553
 "BI$START"            82.70978    0.00000   -0.00553
 "BEGBI"               82.70978    0.00000   -0.00553
 "EBHZ40"              82.70978    0.00000   -0.00553
 "LTB.BHZ40"           83.15978    0.00000   -0.00477
 "DRIFT_74"            86.44856    0.00000    0.00078
 "BI.DHZ10"            89.28733   -0.00000    0.00558
 "BI.DVT10"            89.28733   -0.00000    0.00558
 "DRIFT_75"            89.51908   -0.00000    0.00597
 "BI.UMA00"            89.75083   -0.00000    0.00636
 "DRIFT_76"            90.23058   -0.00000    0.00717
 "BI.MTV10"            90.71033   -0.00000    0.00798
 "DRIFT_77"            90.97333   -0.00000    0.00842
 "BI.STPFA"            91.23633   -0.00000    0.00887
 "DRIFT_78"            92.84958   -0.00000    0.01159
 "BI.STPSW"            94.46283   -0.00000    0.01432
 "DRIFT_79"            94.84058   -0.00000    0.01496
 "BI.UMA10"            95.21833   -0.00000    0.01559
 "DRIFT_80"            95.46433   -0.00000    0.01601
 "BI.DHZ20"            95.71033   -0.00000    0.01642
 "BI.DVT20"            95.71033   -0.00000    0.01642
 "DRIFT_81"            95.91658   -0.00000    0.01677
 "BI.QNO10"            96.35383   -0.00000    0.01803
 "DRIFT_82"            96.85383   -0.00000    0.02303
 "BI.QNO20"            97.35383   -0.00000    0.02768
 "DRIFT_83"           100.99693   -0.00000    0.00962
 "BI.UMA20"           104.40903   -0.00000   -0.00818
 "DRIFT_84"           104.63803   -0.00000   -0.00938
 "BI.BCT10"           104.86703   -0.00000   -0.01057
 "DRIFT_85"           105.05603   -0.00000   -0.01156
 "BI.VVS10"           105.24503   -0.00000   -0.01255
 "DRIFT_86"           105.36103   -0.00000   -0.01315
 "BI.DHZ30"           105.47703   -0.00000   -0.01376
 "BI.DVT30"           105.47703   -0.00000   -0.01376
 "DRIFT_87"           105.71403   -0.00000   -0.01499
 "BI.MTV20"           105.95103   -0.00000   -0.01623
 "DRIFT_11"           106.19478   -0.00000   -0.01750
 "BI.QNO30"           106.66953   -0.00000   -0.02036
 "DRIFT_88"           107.10228   -0.00000   -0.02518
 "BI.UMA30"           107.30403   -0.00000   -0.02762
 "DRIFT_89"           107.52128   -0.00000   -0.03025
 "BI.QNO40"           107.96953   -0.00000   -0.03481
 "DRIFT_90"           108.83553   -0.00000   -0.03267
 "BI.DIS"             109.47053   -0.00000   -0.03044
 "DRIFT_91"           109.93028   -0.00000   -0.02882
 "BI.DHZ40"           110.39003   -0.00000   -0.02720
 "BI.DVT40"           110.39003   -0.00000   -0.02720
 "DRIFT_92"           111.07378   -0.00000   -0.02479
 "BI.DIS2"            111.75753   -0.00000   -0.02238
 "DRIFT_93"           114.35978   -0.00000   -0.01321
 "BI.MTV30"           116.96203   -0.00000   -0.00405
 "DRIFT_94"           117.52768   -0.00000   -0.00205
 "BI.SMV"             118.59333   -0.00000    0.00170
 "DRIFT_95"           120.15243   -0.00000    0.00719
 "BI.BVT"             121.71153   -0.00000    0.01268
 "DRIFT_96"           122.29503   -0.00000    0.01474
 "BI.QNO50"           122.61153   -0.00000    0.01636
 "DRIFT_32"           122.98653   -0.00000    0.02060
 "BI.QNO60"           123.36153   -0.00000    0.02460
 "DRIFT_97"           123.74828   -0.00000    0.02468
 "BI.DHZ50"           123.90203   -0.00000    0.02435
 "BI.DVT50"           123.90203   -0.00000    0.02435
 "DRIFT_98"           124.18553   -0.00000    0.02375
 "BI.UMA40"           124.46903   -0.00000    0.02315
 "DRIFT_99"           124.66503   -0.00000    0.02273
 "BI3.SIEVE50"        124.86103   -0.00000    0.02231
 "DRIFT_100"          125.25503   -0.00000    0.02148
 "BI.MTV40"           125.64903   -0.00000    0.02064
 "DRIFT_101"          126.12188   -0.00000    0.01964
 "BI.BCT20"           126.59473   -0.00000    0.01863
 "DRIFT_102"          126.81733   -0.00000    0.01816
 "BI.UMA50"           127.03993   -0.00000    0.01769
 "DRIFT_103"          127.30193   -0.00000    0.01713
 "BI.VVS20"           127.56393   -0.00000    0.01657
 "DRIFT_104"          129.38423    0.00000    0.01271
 "BI.INJPT"           131.20453    0.00000    0.00884
 "BI$END"             131.20453    0.00000    0.00884
 "LTLTBBI$END"        131.20453    0.00000    0.00884
