@ NAME             %09s "PTC_TWISS"
@ TYPE             %05s "TWISS"
@ SEQUENCE         %07s "LTLTBBI"
@ PARTICLE         %06s "PROTON"
@ MASS             %le     0.93827
@ CHARGE           %le     1.00000
@ ENERGY           %le     0.98827
@ PC               %le     0.31037
@ GAMMA            %le     1.05329
@ KBUNCH           %le     1.00000
@ BCURRENT         %le     0.00000
@ SIGE             %le     0.00100
@ SIGT             %le     0.00000
@ NPART            %le     0.00000
@ EX               %le     0.00004
@ EY               %le     0.00002
@ ET               %le     1.00000
@ DELTAP           %le     0.00000
@ LENGTH           %le   131.26445
@ ALPHA_C          %le  -1000000.00000
@ ALPHA_C_P        %le  -1000000.00000
@ ALPHA_C_P2       %le  -1000000.00000
@ ALPHA_C_P3       %le  -1000000.00000
@ ETA_C            %le  -1000000.00000
@ GAMMA_TR         %le  -1000000.00000
@ Q1               %le     3.11439
@ Q2               %le     2.47648
@ DQ1              %le  -1000000.00000
@ DQ2              %le  -1000000.00000
@ QS               %le  -1000000.00000
@ BETA_X_MIN       %le     0.72590
@ BETA_X_MAX       %le   112.00711
@ BETA_Y_MIN       %le     1.79853
@ BETA_Y_MAX       %le  14146.43122
@ BETA11MIN        %le     0.72590
@ BETA11MAX        %le   112.00711
@ BETA12MIN        %le     0.00000
@ BETA12MAX        %le     0.00000
@ BETA13MIN        %le     0.00000
@ BETA13MAX        %le     0.00000
@ BETA21MIN        %le     0.00000
@ BETA21MAX        %le     0.00000
@ BETA22MIN        %le     1.79853
@ BETA22MAX        %le  14146.43122
@ BETA23MIN        %le     0.00000
@ BETA23MAX        %le     0.00000
@ BETA31MIN        %le     0.00000
@ BETA31MAX        %le     0.00000
@ BETA32MIN        %le     0.00000
@ BETA32MAX        %le     0.00000
@ BETA33MIN        %le     0.00000
@ BETA33MAX        %le     0.00000
@ DISP1MIN         %le   -10.39664
@ DISP1MAX         %le     5.70664
@ DISP2MIN         %le    -1.19765
@ DISP2MAX         %le     1.80724
@ DISP3MIN         %le    -1.54537
@ DISP3MAX         %le     2.98599
@ DISP4MIN         %le    -0.59278
@ DISP4MAX         %le     1.21236
@ ORBIT_X          %le     0.00000
@ ORBIT_PX         %le     0.00000
@ ORBIT_Y          %le     0.00000
@ ORBIT_PY         %le     0.00000
@ ORBIT_PT         %le     0.00000
@ ORBIT_-CT        %le     0.00000
@ XCORMS           %le     0.00000
@ PXCORMS          %le     0.00000
@ YCORMS           %le     0.00000
@ PYCORMS          %le     0.00000
@ TCORMS           %le     0.00000
@ PTCORMS          %le     0.00000
@ XCOMIN           %le    -0.00000
@ XCOMAX           %le     0.00000
@ PXCOMIN          %le    -0.00000
@ PXCOMAX          %le     0.00000
@ YCOMIN           %le    -0.00000
@ YCOMAX           %le     0.00000
@ PYCOMIN          %le    -0.00000
@ PYCOMAX          %le     0.00000
@ TCOMIN           %le     0.00000
@ TCOMAX           %le     0.00000
@ PTCOMIN          %le     0.00000
@ PTCOMAX          %le     0.00000
@ TITLE            %57s "LT-LTB-BI 2014 optics. Protons - 311 MeV/c (E_kin=50 MeV)"
@ ORIGIN           %22s "MAD-X 5.02.00 Linux 64"
@ DATE             %08s "05/08/14"
@ TIME             %08s "17.47.08"
* NAME                        S     BETA11     BETA22      DISP1      DISP2     ALFA11     ALFA22      DISP3      DISP4      DIMXC      DIMYC 
$ %s                        %le        %le        %le        %le        %le        %le        %le        %le        %le        %le        %le 
 "LTLTBBI$START"        0.00000    1.34200    2.48000    0.00000    0.00000   -0.19000    0.10300    0.00000    0.00000    0.02093    0.02012
 "LT$START"             0.00000    1.34200    2.48000    0.00000    0.00000   -0.19000    0.10300    0.00000    0.00000    0.02093    0.02012
 "BEGLT"                0.00000    1.34200    2.48000    0.00000    0.00000   -0.19000    0.10300    0.00000    0.00000    0.02093    0.02012
 "DRIFT_0"              0.04800    1.36202    2.47105    0.00000    0.00000   -0.22706    0.08344    0.00000    0.00000    0.02109    0.02008
 "LT.VVS10"             0.04800    1.36202    2.47105    0.00000    0.00000   -0.22706    0.08344    0.00000    0.00000    0.02109    0.02008
 "DRIFT_1"              0.39800    1.61554    2.46256    0.00000    0.00000   -0.49728   -0.05919    0.00000    0.00000    0.02297    0.02005
 "LT.DHZ10"             0.39800    1.61554    2.46256    0.00000    0.00000   -0.49728   -0.05919    0.00000    0.00000    0.02297    0.02005
 "LT.DVT10"             0.39800    1.61554    2.46256    0.00000    0.00000   -0.49728   -0.05919    0.00000    0.00000    0.02297    0.02005
 "DRIFT_2"              1.40000    3.38723    2.99031    0.00000    0.00000   -1.27088   -0.46751    0.00000    0.00000    0.03326    0.02209
 "LT.BPM10"             1.40000    3.38723    2.99031    0.00000    0.00000   -1.27088   -0.46751    0.00000    0.00000    0.03326    0.02209
 "DRIFT_3"              1.84950    4.68575    3.49293    0.00000    0.00000   -1.61792   -0.65068    0.00000    0.00000    0.03911    0.02388
 "LT.QFN10"             2.10450    4.16887    5.04133    0.00000    0.00000    3.44432   -5.99947    0.00000    0.00000    0.03689    0.02869
 "DRIFT_4"              2.14700    3.88167    5.56454    0.00000    0.00000    3.31319   -6.31134    0.00000    0.00000    0.03560    0.03014
 "LT.BEC1"              2.14700    3.88167    5.56454    0.00000    0.00000    3.31319   -6.31134    0.00000    0.00000    0.03560    0.03014
 "DRIFT_5"              2.41000    2.35236    9.39188    0.00000    0.00000    2.50168   -8.24125    0.00000    0.00000    0.02771    0.03916
 "LT.BCT10"             2.41000    2.35236    9.39188    0.00000    0.00000    2.50168   -8.24125    0.00000    0.00000    0.02771    0.03916
 "DRIFT_6"              2.64950    1.33105   13.76035    0.00000    0.00000    1.76268   -9.99872    0.00000    0.00000    0.02085    0.04740
 "LT.QDN12"             2.90450    0.82838   15.72274    0.00000    0.00000    0.35327    2.88514    0.00000    0.00000    0.01645    0.05066
 "DRIFT_7"              3.08900    0.74424   14.67831    0.00000    0.00000    0.10275    2.77572    0.00000    0.00000    0.01559    0.04895
 "LT.BHZ10"             3.59500    0.98791   12.02111    0.00000    0.00000   -0.58431    2.47565    0.00000    0.00000    0.01796    0.04430
 "DRIFT_8"              5.48500    8.04691    4.78150    0.00000    0.00000   -3.15061    1.35483    0.00000    0.00000    0.05126    0.02794
 "LT.VPI11"             5.48500    8.04691    4.78150    0.00000    0.00000   -3.15061    1.35483    0.00000    0.00000    0.05126    0.02794
 "DRIFT_9"              7.33450   24.34570    1.79853    0.00000    0.00000   -5.66192    0.25802    0.00000    0.00000    0.08916    0.01713
 "LT.QFN20"             7.58950   24.18494    1.92867    0.00000    0.00000    6.26603   -0.78933    0.00000    0.00000    0.08886    0.01774
 "DRIFT_10"             7.84700   21.06833    2.39097    0.00000    0.00000    5.83734   -1.00602    0.00000    0.00000    0.08294    0.01976
 "LT.BEC2"              7.84700   21.06833    2.39097    0.00000    0.00000    5.83734   -1.00602    0.00000    0.00000    0.08294    0.01976
 "DRIFT_11"             8.33450   15.77257    3.57184    0.00000    0.00000    5.02575   -1.41627    0.00000    0.00000    0.07176    0.02415
 "LT.QDN22"             8.58950   14.54368    4.01417    0.00000    0.00000   -0.07170   -0.26926    0.00000    0.00000    0.06891    0.02560
 "DRIFT_12"            11.72220   15.67115    8.32321    0.00000    0.00000   -0.28821   -1.10625    0.00000    0.00000    0.07153    0.03686
 "LT.DHZ20"            11.72220   15.67115    8.32321    0.00000    0.00000   -0.28821   -1.10625    0.00000    0.00000    0.07153    0.03686
 "LT.DVT20"            11.72220   15.67115    8.32321    0.00000    0.00000   -0.28821   -1.10625    0.00000    0.00000    0.07153    0.03686
 "DRIFT_13"            13.19450   16.66961   12.15982    0.00000    0.00000   -0.38996   -1.49961    0.00000    0.00000    0.07377    0.04455
 "LT.QFN30"            13.44950   16.16213   13.49362    0.00000    0.00000    2.35154   -3.80559    0.00000    0.00000    0.07264    0.04693
 "DRIFT_14"            14.20450   12.84160   19.89410    0.00000    0.00000    2.04651   -4.67187    0.00000    0.00000    0.06475    0.05699
 "LT.QDN32"            14.45950   12.55083   21.11457    0.00000    0.00000   -0.88406   -0.02044    0.00000    0.00000    0.06401    0.05871
 "DRIFT_15"            15.13200   13.80410   21.16349    0.00000    0.00000   -0.97952   -0.05230    0.00000    0.00000    0.06713    0.05878
 "LT.VPI2"             15.13200   13.80410   21.16349    0.00000    0.00000   -0.97952   -0.05230    0.00000    0.00000    0.06713    0.05878
 "DRIFT_16"            17.17750   18.40524   21.57568    0.00000    0.00000   -1.26988   -0.14922    0.00000    0.00000    0.07752    0.05935
 "LT.BPM20"            17.17750   18.40524   21.57568    0.00000    0.00000   -1.26988   -0.14922    0.00000    0.00000    0.07752    0.05935
 "DRIFT_17"            18.28200   21.38357   21.96310    0.00000    0.00000   -1.42666   -0.20155    0.00000    0.00000    0.08356    0.05988
 "LT.VGP11"            18.28200   21.38357   21.96310    0.00000    0.00000   -1.42666   -0.20155    0.00000    0.00000    0.08356    0.05988
 "DRIFT_18"            18.84450   23.03347   22.20483    0.00000    0.00000   -1.50650   -0.22820    0.00000    0.00000    0.08672    0.06021
 "LT.QFN40"            19.09950   21.23179   24.95617    0.00000    0.00000    8.30199  -10.96734    0.00000    0.00000    0.08326    0.06383
 "DRIFT_19"            19.84450   10.68970   43.99484    0.00000    0.00000    5.84847  -14.58791    0.00000    0.00000    0.05908    0.08475
 "LT.QDN42"            20.09950    8.79721   47.16263    0.00000    0.00000    1.81014    2.56719    0.00000    0.00000    0.05359    0.08775
 "DRIFT_20"            20.39200    7.77987   45.67459    0.00000    0.00000    1.66795    2.52012    0.00000    0.00000    0.05040    0.08635
 "LT.DHZ30"            20.39200    7.77987   45.67459    0.00000    0.00000    1.66795    2.52012    0.00000    0.00000    0.05040    0.08635
 "LT.DVT30"            20.39200    7.77987   45.67459    0.00000    0.00000    1.66795    2.52012    0.00000    0.00000    0.05040    0.08635
 "DRIFT_21"            20.99500    5.94509   42.69385    0.00000    0.00000    1.37481    2.42307    0.00000    0.00000    0.04406    0.08348
 "LT.BPM30"            20.99500    5.94509   42.69385    0.00000    0.00000    1.37481    2.42307    0.00000    0.00000    0.04406    0.08348
 "DRIFT_22"            21.74700    4.15228   39.14057    0.00000    0.00000    1.00924    2.30204    0.00000    0.00000    0.03682    0.07994
 "LT.CDB10"            21.74700    4.15228   39.14057    0.00000    0.00000    1.00924    2.30204    0.00000    0.00000    0.03682    0.07994
 "DRIFT_23"            22.69250    2.67840   34.93129    0.00000    0.00000    0.54960    2.14987    0.00000    0.00000    0.02957    0.07551
 "LT.BCT20"            22.69250    2.67840   34.93129    0.00000    0.00000    0.54960    2.14987    0.00000    0.00000    0.02957    0.07551
 "DRIFT_24"            23.48437    2.11281   31.62739    0.00000    0.00000    0.16465    2.02242    0.00000    0.00000    0.02626    0.07185
 "LT.BHZ20"            24.53277    2.14534   27.56366    0.46305    0.87761   -0.19486    1.85369    0.00000    0.00000    0.02648    0.06708
 "DRIFT_25"            25.26713    2.69247   24.92788    1.10754    0.87761   -0.55017    1.73550    0.00000    0.00000    0.02973    0.06379
 "LT.VGP12"            25.26713    2.69247   24.92788    1.10754    0.87761   -0.55017    1.73550    0.00000    0.00000    0.02973    0.06379
 "DRIFT_26"            26.11513    3.97348   22.10021    1.85175    0.87761   -0.96045    1.59902    0.00000    0.00000    0.03621    0.06007
 "LT.STP10"            26.11513    3.97348   22.10021    1.85175    0.87761   -0.96045    1.59902    0.00000    0.00000    0.03621    0.06007
 "DRIFT_27"            29.36513   15.32685   13.40653    4.70397    0.87761   -2.53289    1.07596    0.00000    0.00000    0.07136    0.04678
 "LT.BEC3"             29.36513   15.32685   13.40653    4.70397    0.87761   -2.53289    1.07596    0.00000    0.00000    0.07136    0.04678
 "DRIFT_28"            30.50763   21.74604   11.15805    5.70664    0.87761   -3.08566    0.89208    0.00000    0.00000    0.08503    0.04268
 "LT.QFN50"            30.76263   21.30793   11.74791    5.66551   -1.19765    4.75054   -3.27604    0.00000    0.00000    0.08417    0.04379
 "DRIFT_29"            31.58513   14.24154   17.81262    4.68045   -1.19765    3.84081   -4.09746    0.00000    0.00000    0.06883    0.05392
 "LT.VPI14"            31.58513   14.24154   17.81262    4.68045   -1.19765    3.84081   -4.09746    0.00000    0.00000    0.06883    0.05392
 "DRIFT_30"            32.00513   11.21037   21.43065    4.17743   -1.19765    3.37627   -4.51691    0.00000    0.00000    0.06107    0.05915
 "LT.BEC4"             32.00513   11.21037   21.43065    4.17743   -1.19765    3.37627   -4.51691    0.00000    0.00000    0.06107    0.05915
 "DRIFT_31"            32.36613    8.91684   24.82201    3.74508   -1.19765    2.97699   -4.87743    0.00000    0.00000    0.05447    0.06366
 "LT.BCT30"            32.36613    8.91684   24.82201    3.74508   -1.19765    2.97699   -4.87743    0.00000    0.00000    0.05447    0.06366
 "DRIFT_32"            32.88513    6.12465   30.15379    3.12350   -1.19765    2.40295   -5.39575    0.00000    0.00000    0.04515    0.07016
 "LT.DHZ40"            32.88513    6.12465   30.15379    3.12350   -1.19765    2.40295   -5.39575    0.00000    0.00000    0.04515    0.07016
 "LT.DVT40"            32.88513    6.12465   30.15379    3.12350   -1.19765    2.40295   -5.39575    0.00000    0.00000    0.04515    0.07016
 "DRIFT_33"            34.04513    2.03811   44.01576    1.73423   -1.19765    1.11993   -6.55422    0.00000    0.00000    0.02603    0.08477
 "LT.BPM40"            34.04513    2.03811   44.01576    1.73423   -1.19765    1.11993   -6.55422    0.00000    0.00000    0.02603    0.08477
 "DRIFT_34"            34.70763    1.03965   53.13843    0.94078   -1.19765    0.38717   -7.21585    0.00000    0.00000    0.01852    0.09314
 "LT.QDN55"            34.96263    0.96427   53.99501    0.65765   -1.03275   -0.08639    3.91612    0.00000    0.00000    0.01779    0.09389
 "DRIFT_35"            35.19713    1.06224   52.17499    0.41547   -1.03275   -0.33139    3.84517    0.00000    0.00000    0.01864    0.09229
 "LT.VVS20"            35.19713    1.06224   52.17499    0.41547   -1.03275   -0.33139    3.84517    0.00000    0.00000    0.01864    0.09229
 "DRIFT_36"            39.57763   24.01383   24.29295   -4.10848   -1.03275   -4.90810    2.51987    0.00000    0.00000    0.08893    0.06297
 "LT.QFN60"            39.83263   25.44747   24.09613   -4.27797   -0.29165   -0.62963   -1.73649    0.00000    0.00000    0.09155    0.06272
 "DRIFT_37"            41.48564   27.67897   30.29231   -4.76007   -0.29165   -0.72034   -2.01195    0.00000    0.00000    0.09554    0.07032
 "LT.QDN65"            41.74064   29.32253   29.95878   -4.94226   -1.14264   -5.82118    3.30029    0.00000    0.00000    0.09834    0.06993
 "DRIFT_38"            42.01042   32.55000   28.20696   -5.25052   -1.14264   -6.14215    3.19320    0.00000    0.00000    0.10362    0.06786
 "LT.BHZ25"            42.41586   37.72612   25.68291   -5.71379   -1.14264   -6.62452    3.03226    0.00000    0.00000    0.11157    0.06475
 "DRIFT_39"            43.51013   53.64892   19.52193   -6.96416   -1.14264   -7.92643    2.59790    0.00000    0.00000    0.13308    0.05645
 "LT.VPI25"            43.51013   53.64892   19.52193   -6.96416   -1.14264   -7.92643    2.59790    0.00000    0.00000    0.13308    0.05645
 "DRIFT_40"            46.10614  102.82083    8.70872   -9.93045   -1.14264  -11.01499    1.56744    0.00000    0.00000    0.18430    0.03771
 "LT.VPI26"            46.10614  102.82083    8.70872   -9.93045   -1.14264  -11.01499    1.56744    0.00000    0.00000    0.18430    0.03771
 "DRIFT_41"            46.51413  112.00711    7.49577  -10.39664   -1.14264  -11.50040    1.40548    0.00000    0.00000    0.19236    0.03498
 "LT.QFW70"            46.97613  107.96966    7.19205  -10.24143    1.80724   19.85559   -0.71970    0.00000    0.00000    0.18887    0.03426
 "DRIFT_42"            50.00764   21.22700   13.49527   -4.76279    1.80724    8.75818   -1.35954    0.00000    0.00000    0.08379    0.04694
 "LT.QDN75"            50.26264   17.75791   13.63968   -4.39640    1.07616    5.03084    0.80095    0.00000    0.00000    0.07665    0.04719
 "DRIFT_43"            51.10514   10.33257   12.37551   -3.48974    1.07616    3.78263    0.69956    0.00000    0.00000    0.05850    0.04495
 "LT.DHZ50"            51.10514   10.33257   12.37551   -3.48974    1.07616    3.78263    0.69956    0.00000    0.00000    0.05850    0.04495
 "LT.DVT50"            51.10514   10.33257   12.37551   -3.48974    1.07616    3.78263    0.69956    0.00000    0.00000    0.05850    0.04495
 "DRIFT_44"            51.73914    6.13172   11.53684   -2.80745    1.07616    2.84332    0.62326    0.00000    0.00000    0.04509    0.04340
 "LT.BCT40"            51.73914    6.13172   11.53684   -2.80745    1.07616    2.84332    0.62326    0.00000    0.00000    0.04509    0.04340
 "DRIFT_45"            52.22714    3.70946   10.95720   -2.28228    1.07616    2.12032    0.56453    0.00000    0.00000    0.03510    0.04229
 "LT.BPM50"            52.78314    1.80966   10.36666   -1.68394    1.07616    1.29658    0.49761    0.00000    0.00000    0.02454    0.04114
 "DRIFT_46"            53.47286    0.72591    9.73748   -0.94169    1.07616    0.27472    0.41460    0.00000    0.00000    0.01551    0.03987
 "ENDLT"               53.47286    0.72591    9.73748   -0.94169    1.07616    0.27472    0.41460    0.00000    0.00000    0.01551    0.03987
 "LT$END"              53.47286    0.72591    9.73748   -0.94169    1.07616    0.27472    0.41460    0.00000    0.00000    0.01551    0.03987
 "DRIFT_47"            53.47287    0.72590    9.73747   -0.94167    1.07616    0.27469    0.41460    0.00000    0.00000    0.01551    0.03987
 "LTB$START"           53.47287    0.72590    9.73747   -0.94167    1.07616    0.27469    0.41460    0.00000    0.00000    0.01551    0.03987
 "BEGLTB"              53.47287    0.72590    9.73747   -0.94167    1.07616    0.27469    0.41460    0.00000    0.00000    0.01551    0.03987
 "LT.BHZ30"            54.52432    1.66051    8.99865   -0.40406   -0.06615   -1.11946    0.28806    0.00000    0.00000    0.02330    0.03833
 "DRIFT_48"            55.21204    3.84204    8.65936   -0.44955   -0.06615   -2.05265    0.20530    0.00000    0.00000    0.03543    0.03760
 "LTB.DHZ10"           55.21204    3.84204    8.65936   -0.44955   -0.06615   -2.05265    0.20530    0.00000    0.00000    0.03543    0.03760
 "LTB.DVT10"           55.21204    3.84204    8.65936   -0.44955   -0.06615   -2.05265    0.20530    0.00000    0.00000    0.03543    0.03760
 "DRIFT_49"            55.74554    6.41843    8.47456   -0.48484   -0.06615   -2.77657    0.14109    0.00000    0.00000    0.04579    0.03719
 "LTB.STP10"           55.74554    6.41843    8.47456   -0.48484   -0.06615   -2.77657    0.14109    0.00000    0.00000    0.04579    0.03719
 "DRIFT_50"            56.13204    8.76743    8.38348   -0.51041   -0.06615   -3.30103    0.09457    0.00000    0.00000    0.05351    0.03699
 "LTB.VVS10"           56.13204    8.76743    8.38348   -0.51041   -0.06615   -3.30103    0.09457    0.00000    0.00000    0.05351    0.03699
 "DRIFT_51"            56.62954   12.38780    8.31917   -0.54332   -0.06615   -3.97610    0.03470    0.00000    0.00000    0.06361    0.03685
 "LTB.VPI11"           56.62954   12.38780    8.31917   -0.54332   -0.06615   -3.97610    0.03470    0.00000    0.00000    0.06361    0.03685
 "DRIFT_52"            58.16454   27.79165    8.49621   -0.64485   -0.06615   -6.05898   -0.15004    0.00000    0.00000    0.09527    0.03724
 "LTB.QFN10"           58.41954   28.28919    9.39558   -0.63188    0.16709    4.16834   -3.48494    0.00000    0.00000    0.09611    0.03916
 "DRIFT_19"            59.16454   22.43887   15.36464   -0.50740    0.16709    3.68443   -4.52722    0.00000    0.00000    0.08560    0.05008
 "LTB.QDN20"           59.41954   21.51153   17.05807   -0.47526    0.08590    0.00330   -2.01981    0.00000    0.00000    0.08381    0.05277
 "DRIFT_53"            59.73004   21.51396   18.34108   -0.44858    0.08590   -0.01113   -2.11227    0.00000    0.00000    0.08382    0.05472
 "LTB.MSF30"           59.73004   21.51396   18.34108   -0.44858    0.08590   -0.01113   -2.11227    0.00000    0.00000    0.08382    0.05472
 "DRIFT_54"            60.43754   21.55298   21.47901   -0.38781    0.08590   -0.04402   -2.32296    0.00000    0.00000    0.08389    0.05921
 "LTB.BPM10"           60.43754   21.55298   21.47901   -0.38781    0.08590   -0.04402   -2.32296    0.00000    0.00000    0.08389    0.05921
 "DRIFT_55"            60.80504   21.59162   23.22660   -0.35624    0.08590   -0.06111   -2.43239    0.00000    0.00000    0.08396    0.06158
 "LTB.BCT49"           60.80504   21.59162   23.22660   -0.35624    0.08590   -0.06111   -2.43239    0.00000    0.00000    0.08396    0.06158
 "DRIFT_56"            61.14204   21.63808   24.89985   -0.32729    0.08590   -0.07677   -2.53275    0.00000    0.00000    0.08405    0.06376
 "LTB.DHZ20"           61.14204   21.63808   24.89985   -0.32729    0.08590   -0.07677   -2.53275    0.00000    0.00000    0.08405    0.06376
 "LTB.DVT20"           61.14204   21.63808   24.89985   -0.32729    0.08590   -0.07677   -2.53275    0.00000    0.00000    0.08405    0.06376
 "DRIFT_57"            64.07104   22.48662   42.29139   -0.07569    0.08590   -0.21293   -3.40496    0.00000    0.00000    0.08568    0.08309
 "LTB.BCT50"           64.07104   22.48662   42.29139   -0.07569    0.08590   -0.21293   -3.40496    0.00000    0.00000    0.08568    0.08309
 "DRIFT_58"            64.58104   22.71591   45.84190   -0.03188    0.08590   -0.23664   -3.55683    0.00000    0.00000    0.08612    0.08651
 "LTB.BCT55"           64.58104   22.71591   45.84190   -0.03188    0.08590   -0.23664   -3.55683    0.00000    0.00000    0.08612    0.08651
 "DRIFT_59"            67.64204   24.60020   70.40697    0.23107    0.08590   -0.37894   -4.46835    0.00000    0.00000    0.08962    0.10721
 "LTB.BPM20"           67.64204   24.60020   70.40697    0.23107    0.08590   -0.37894   -4.46835    0.00000    0.00000    0.08962    0.10721
 "DRIFT_60"            68.14204   24.99076   74.94976    0.27402    0.08590   -0.40218   -4.61724    0.00000    0.00000    0.09033    0.11061
 "LTB.DHZ30"           68.14204   24.99076   74.94976    0.27402    0.08590   -0.40218   -4.61724    0.00000    0.00000    0.09033    0.11061
 "LTB.DVT30"           68.14204   24.99076   74.94976    0.27402    0.08590   -0.40218   -4.61724    0.00000    0.00000    0.09033    0.11061
 "DRIFT_61"            68.81154   25.55011   81.26573    0.33153    0.08590   -0.43331   -4.81661    0.00000    0.00000    0.09134    0.11518
 "LTB.QFW30"           69.27254   23.38672   94.75648    0.35350    0.00862    4.96369  -25.44660    0.00000    0.00000    0.08739    0.12437
 "DRIFT_62"            69.81154   18.35435  124.17629    0.35814    0.00862    4.37280  -29.13561    0.00000    0.00000    0.07742    0.14238
 "LTB.QDW40"           70.27254   16.71780  134.56172    0.38594    0.11329   -0.66898    7.60088    0.00000    0.00000    0.07388    0.14821
 "DRIFT_63"            74.92104   24.80835   73.33443    0.91257    0.11329   -1.07148    5.57053    0.00000    0.00000    0.09002    0.10942
 "LTB.BCT59"           74.92104   24.80835   73.33443    0.91257    0.11329   -1.07148    5.57053    0.00000    0.00000    0.09002    0.10942
 "DRIFT_64"            75.46404   25.99751   67.41362    0.97409    0.11329   -1.11850    5.33336    0.00000    0.00000    0.09215    0.10491
 "LTB.VPI12"           75.46404   25.99751   67.41362    0.97409    0.11329   -1.11850    5.33336    0.00000    0.00000    0.09215    0.10491
 "DRIFT_65"            75.91404   27.02169   62.70205    1.02507    0.11329   -1.15746    5.13681    0.00000    0.00000    0.09395    0.10117
 "LTB.VGR01"           75.91404   27.02169   62.70205    1.02507    0.11329   -1.15746    5.13681    0.00000    0.00000    0.09395    0.10117
 "DRIFT_66"            77.98004   32.17390   43.34108    1.25912    0.11329   -1.33635    4.23443    0.00000    0.00000    0.10252    0.08412
 "LTB.VPI13"           77.98004   32.17390   43.34108    1.25912    0.11329   -1.33635    4.23443    0.00000    0.00000    0.10252    0.08412
 "DRIFT_67"            78.51004   33.61476   38.97528    1.31917    0.11329   -1.38224    4.00293    0.00000    0.00000    0.10480    0.07977
 "LTB.MSF40"           78.51004   33.61476   38.97528    1.31917    0.11329   -1.38224    4.00293    0.00000    0.00000    0.10480    0.07977
 "DRIFT_68"            78.94204   34.82517   35.59825    1.36811    0.11329   -1.41965    3.81425    0.00000    0.00000    0.10667    0.07623
 "LTB.BCT60"           78.94204   34.82517   35.59825    1.36811    0.11329   -1.41965    3.81425    0.00000    0.00000    0.10667    0.07623
 "DRIFT_69"            79.36154   36.03149   32.47496    1.41563    0.11329   -1.45597    3.63102    0.00000    0.00000    0.10850    0.07281
 "LTB.QFW50"           79.82254   31.77428   34.35000    1.35443   -0.37526   10.19149   -7.91357    0.00000    0.00000    0.10189    0.07488
 "DRIFT_70"            80.66154   16.99615   48.93281    1.03958   -0.37526    7.42249   -9.46760    0.00000    0.00000    0.07452    0.08938
 "LTB.QDW60"           81.12254   13.18943   49.08203    0.95269   -0.00714    1.30530    9.16278    0.00000    0.00000    0.06565    0.08951
 "DRIFT_69"            81.54204   12.13036   41.69906    0.94969   -0.00714    1.21930    8.43666    0.00000    0.00000    0.06296    0.08251
 "LTB.DHZ40"           81.54204   12.13036   41.69906    0.94969   -0.00714    1.21930    8.43666    0.00000    0.00000    0.06296    0.08251
 "LTB.DVT40"           81.54204   12.13036   41.69906    0.94969   -0.00714    1.21930    8.43666    0.00000    0.00000    0.06296    0.08251
 "DRIFT_71"            82.04604   10.95338   33.63459    0.94609   -0.00714    1.11598    7.56428    0.00000    0.00000    0.05983    0.07410
 "LTB.BPM30"           82.04604   10.95338   33.63459    0.94609   -0.00714    1.11598    7.56428    0.00000    0.00000    0.05983    0.07410
 "DRIFT_72"            82.70804    9.56566   24.37803    0.94136   -0.00714    0.98027    6.41842    0.00000    0.00000    0.05592    0.06308
 "ENDLTB"              82.70804    9.56566   24.37803    0.94136   -0.00714    0.98027    6.41842    0.00000    0.00000    0.05592    0.06308
 "LTB$END"             82.70804    9.56566   24.37803    0.94136   -0.00714    0.98027    6.41842    0.00000    0.00000    0.05592    0.06308
 "BI1$START"           82.70804    9.56566   24.37803    0.94136   -0.00714    0.98027    6.41842    0.00000    0.00000    0.05592    0.06308
 "BEGBI"               82.70804    9.56566   24.37803    0.94136   -0.00714    0.98027    6.41842    0.00000    0.00000    0.05592    0.06308
 "LTB.BHZ40"           83.60804    7.96721   14.22691    0.93493   -0.00714    0.79578    4.86061    0.00000    0.00000    0.05104    0.04819
 "DRIFT_73"            84.28804    6.97975    8.41686    0.93007   -0.00714    0.65638    3.68359    0.00000    0.00000    0.04777    0.03707
 "BI.VPI11"            84.28804    6.97975    8.41686    0.93007   -0.00714    0.65638    3.68359    0.00000    0.00000    0.04777    0.03707
 "DRIFT_74"            89.27204    5.52917   14.69508    0.89446   -0.00714   -0.36533   -4.94326    0.00000    0.00000    0.04253    0.04898
 "BI.DHZ10"            89.27204    5.52917   14.69508    0.89446   -0.00714   -0.36533   -4.94326    0.00000    0.00000    0.04253    0.04898
 "BI.DVT10"            89.27204    5.52917   14.69508    0.89446   -0.00714   -0.36533   -4.94326    0.00000    0.00000    0.04253    0.04898
 "DRIFT_75"            89.75904    5.93362   19.92034    0.89099   -0.00714   -0.46516   -5.78622    0.00000    0.00000    0.04405    0.05703
 "BI.BPM00"            89.75904    5.93362   19.92034    0.89099   -0.00714   -0.46516   -5.78622    0.00000    0.00000    0.04405    0.05703
 "DRIFT_76"            90.66104    6.93956   31.76694    0.88454   -0.00714   -0.65007   -7.34750    0.00000    0.00000    0.04763    0.07201
 "BI.BTV10"            90.66104    6.93956   31.76694    0.88454   -0.00714   -0.65007   -7.34750    0.00000    0.00000    0.04763    0.07201
 "DRIFT_77"            91.23704    7.75646   40.80553    0.88043   -0.00714   -0.76815   -8.34450    0.00000    0.00000    0.05035    0.08162
 "BI.STPFA10"          91.23704    7.75646   40.80553    0.88043   -0.00714   -0.76815   -8.34450    0.00000    0.00000    0.05035    0.08162
 "DRIFT_78"            94.46304   14.84600  112.65794    0.85738   -0.00714   -1.42947  -13.92841    0.00000    0.00000    0.06964    0.13561
 "BI.STPSW10"          94.46304   14.84600  112.65794    0.85738   -0.00714   -1.42947  -13.92841    0.00000    0.00000    0.06964    0.13561
 "DRIFT_79"            95.21204   17.10235  134.49374    0.85203   -0.00714   -1.58302  -15.22486    0.00000    0.00000    0.07474    0.14818
 "BI.BPM10"            95.21204   17.10235  134.49374    0.85203   -0.00714   -1.58302  -15.22486    0.00000    0.00000    0.07474    0.14818
 "DRIFT_80"            95.69204   18.66928  149.50841    0.84860   -0.00714   -1.68142  -16.05570    0.00000    0.00000    0.07809    0.15623
 "BI.DHZ20"            95.69204   18.66928  149.50841    0.84860   -0.00714   -1.68142  -16.05570    0.00000    0.00000    0.07809    0.15623
 "BI.DVT20"            95.69204   18.66928  149.50841    0.84860   -0.00714   -1.68142  -16.05570    0.00000    0.00000    0.07809    0.15623
 "DRIFT_81"            96.10104   20.07897  162.93152    0.84568   -0.00714   -1.76526  -16.76364    0.00000    0.00000    0.08098    0.16309
 "BI.QNO10"            96.56304   17.05574  223.75928    0.74303   -0.42829    7.77692 -125.26730    0.00000    0.00000    0.07464    0.19112
 "DRIFT_82"            97.10104    9.73113  378.84645    0.51261   -0.42829    5.83760 -162.99883    0.00000    0.00000    0.05638    0.24869
 "BI.QNO20"            97.56304    7.07652  421.42972    0.37798   -0.16787    0.42818   79.47968    0.00000    0.00000    0.04807    0.26229
 "DRIFT_83"           104.41364    9.05774   36.04196   -0.77200   -0.16787   -0.71738  -23.22362    0.00000    0.00000    0.05440    0.07671
 "BI.BPM20"           104.41364    9.05774   36.04196   -0.77200   -0.16787   -0.71738  -23.22362    0.00000    0.00000    0.05440    0.07671
 "DRIFT_84"           104.86324    9.73661   59.95509   -0.84747   -0.16787   -0.79256  -29.96396    0.00000    0.00000    0.05641    0.09893
 "BI.BCT10"           104.86324    9.73661   59.95509   -0.84747   -0.16787   -0.79256  -29.96396    0.00000    0.00000    0.05641    0.09893
 "DRIFT_85"           105.24244   10.36173   84.83548   -0.91112   -0.16787   -0.85597  -35.64888    0.00000    0.00000    0.05819    0.11768
 "BI.VVS10"           105.24244   10.36173   84.83548   -0.91112   -0.16787   -0.85597  -35.64888    0.00000    0.00000    0.05819    0.11768
 "DRIFT_86"           105.32654   10.50689   90.93766   -0.92524   -0.16787   -0.87004  -36.90969    0.00000    0.00000    0.05860    0.12184
 "BI.DVT30"           105.62154   11.03476  114.01875   -0.97476   -0.16786   -0.91926  -41.33230   -0.00079   -0.00537    0.06006    0.13643
 "DRIFT_87"           105.86504   11.49236  135.03652   -1.01563   -0.16786   -0.95997  -44.98283   -0.00210   -0.00537    0.06129    0.14847
 "BI.BTV20"           105.86504   11.49236  135.03652   -1.01563   -0.16786   -0.95997  -44.98283   -0.00210   -0.00537    0.06129    0.14847
 "DRIFT_88"           106.45174   12.67633  192.97940   -1.11411   -0.16786   -1.05807  -53.77853   -0.00525   -0.00537    0.06437    0.17749
 "BI.QNO30"           106.91374   15.87386  212.19844   -1.28153   -0.56625   -6.21828   14.35847   -0.00788   -0.00585    0.07204    0.18612
 "DRIFT_89"           107.29405   20.96498  201.41841   -1.49688   -0.56625   -7.16862   13.98718   -0.01010   -0.00585    0.08279    0.18133
 "BI.BPM30"           107.29405   20.96498  201.41841   -1.49688   -0.56625   -7.16862   13.98718   -0.01010   -0.00585    0.08279    0.18133
 "DRIFT_90"           107.70120   27.21663  190.19048   -1.72743   -0.56625   -8.18604   13.58969   -0.01248   -0.00585    0.09433    0.17621
 "BI.QNO40"           108.16320   28.95038  218.73053   -1.80220    0.24822    4.69874  -79.61620   -0.01472   -0.00399    0.09729    0.18896
 "DRIFT_91"           108.42405   26.55328  262.23864   -1.73745    0.24822    4.49080  -87.17677   -0.01576   -0.00399    0.09318    0.20691
 "BI.DIS0"            108.82405   23.08818  336.61754   -1.63816    0.24822    4.17193  -98.77047   -0.01736   -0.00399    0.08688    0.23442
 "DRIFT_92"           108.83405   23.00483  338.59585   -1.63568    0.24822    4.16396  -99.06031   -0.01740   -0.00399    0.08673    0.23511
 "BI1.DIS1"           109.23405   19.80119  422.47582   -1.53639    0.24828    3.84585 -110.65410   -0.01651    0.00843    0.08046    0.26262
 "DRIFT_93"           109.24405   19.72436  424.69182   -1.53391    0.24828    3.83787 -110.94395   -0.01643    0.00843    0.08031    0.26331
 "BI1.DIS2"           109.64406   16.78210  518.06721   -1.43462    0.24832    3.51941 -122.53823   -0.01081    0.01966    0.07408    0.29082
 "DRIFT_94"           109.65406   16.71179  520.52094   -1.43214    0.24832    3.51144 -122.82809   -0.01061    0.01966    0.07392    0.29150
 "BI1.DIS3"           110.05407   14.03099  623.38688   -1.33284    0.24836    3.19284 -134.42330   -0.00041    0.03134    0.06774    0.31901
 "DRIFT_95"           110.06407   13.96721  626.07841   -1.33036    0.24836    3.18486 -134.71320   -0.00010    0.03134    0.06758    0.31970
 "BI1.DIS4"           110.46411   11.54766  738.44301   -1.23106    0.24838    2.86600 -146.30969    0.01441    0.04120    0.06145    0.34720
 "DRIFT_96"           110.64712   10.52532  792.96879   -1.18560    0.24838    2.71997 -151.61541    0.02195    0.04120    0.05867    0.35979
 "BI1.DVT40"          110.97414    8.82984  895.35392   -1.10426    0.24856    2.46025 -161.09498    0.03190    0.01966    0.05374    0.38232
 "DRIFT_97"           112.67569    2.76997 1527.49686   -0.68133    0.24856    1.10114 -210.41576    0.06535    0.01966    0.03010    0.49936
 "BI.VPI12"           112.67569    2.76997 1527.49686   -0.68133    0.24856    1.10114 -210.41576    0.06535    0.01966    0.03010    0.49936
 "DRIFT_98"           116.89381    7.69221 3818.34397    0.36711    0.24856   -2.26807 -332.68143    0.14826    0.01966    0.05012    0.78952
 "BI.BTV30"           116.89381    7.69221 3818.34397    0.36711    0.24856   -2.26807 -332.68143    0.14826    0.01966    0.05012    0.78952
 "DRIFT_99"           117.45632   10.49660 4201.79271    0.50692    0.24856   -2.71738 -348.98642    0.15932    0.01966    0.05855    0.82821
 "BI1.SMV10"          118.42137   16.40990 4800.83511    0.74533    0.24482   -3.39250 -267.83120    0.43086    0.54261    0.07321    0.88528
 "DRIFT_100"          118.59192   17.58930 4892.63075    0.78709    0.24482   -3.52251 -270.37968    0.52341    0.54261    0.07580    0.89371
 "BI.SMVHDP"          118.59192   17.58930 4892.63075    0.78709    0.24482   -3.52251 -270.37968    0.52341    0.54261    0.07580    0.89371
 "DRIFT_101"          121.37500   43.10038 6513.33746    1.46845    0.24482   -5.64401 -311.96463    2.03353    0.54261    0.11866    1.03117
 "BI1.BVT10"          122.09591   50.29258 6958.48194    1.62393    0.18003   -4.08467 -322.69068    2.22273   -0.01065    0.12818    1.06582
 "DRIFT_102"          122.40425   52.84502 7158.90713    1.67944    0.18003   -4.19310 -327.30497    2.21945   -0.01065    0.13140    1.08106
 "BI1.QNO50"          122.87025   44.20788 9437.15118    1.55692   -0.69501   21.17732 -4957.34437    2.49382    1.21236    0.12018    1.24122
 "DRIFT_103"          123.15425   32.99922 12462.95890    1.35953   -0.69501   18.28978 -5696.90813    2.83813    1.21236    0.10383    1.42639
 "BI1.QNO60"          123.62025   25.20154 14146.43122    1.21649    0.06673   -0.01219 2430.50730    2.98599   -0.59278    0.09074    1.51968
 "DRIFT_104"          123.94525   25.21366 12610.70911    1.23818    0.06673   -0.02509 2294.79150    2.79333   -0.59278    0.09077    1.43482
 "BI1.DHZ50"          123.94525   25.21366 12610.70911    1.23818    0.06673   -0.02509 2294.79150    2.79333   -0.59278    0.09077    1.43482
 "BI1.DVT50"          123.94525   25.21366 12610.70911    1.23818    0.06673   -0.02509 2294.79150    2.79333   -0.59278    0.09077    1.43482
 "DRIFT_105"          124.51225   25.25487 10142.66520    1.27601    0.06673   -0.04759 2058.01963    2.45722   -0.59278    0.09084    1.28678
 "BI1.BPM40"          124.51225   25.25487 10142.66520    1.27601    0.06673   -0.04759 2058.01963    2.45722   -0.59278    0.09084    1.28678
 "DRIFT_106"          125.69425   25.42283 5860.92770    1.35488    0.06673   -0.09450 1564.43172    1.75655   -0.59278    0.09115    0.97816
 "BI1.BTV40"          125.69425   25.42283 5860.92770    1.35488    0.06673   -0.09450 1564.43172    1.75655   -0.59278    0.09115    0.97816
 "DRIFT_107"          126.24075   25.53797 4275.72132    1.39135    0.06673   -0.11619 1336.22039    1.43260   -0.59278    0.09136    0.83547
 "BI1.VPI14"          126.24075   25.53797 4275.72132    1.39135    0.06673   -0.11619 1336.22039    1.43260   -0.59278    0.09136    0.83547
 "DRIFT_108"          126.63925   25.63688 3277.06744    1.41794    0.06673   -0.13201 1169.81194    1.19637   -0.59278    0.09153    0.73142
 "BI1.BCT20"          126.63925   25.63688 3277.06744    1.41794    0.06673   -0.13201 1169.81194    1.19637   -0.59278    0.09153    0.73142
 "DRIFT_109"          127.08525   25.76252 2316.65993    1.44770    0.06673   -0.14971  983.56811    0.93199   -0.59278    0.09176    0.61497
 "BI1.BPM50"          127.08525   25.76252 2316.65993    1.44770    0.06673   -0.14971  983.56811    0.93199   -0.59278    0.09176    0.61497
 "DRIFT_110"          127.60725   25.92963 1403.60062    1.48253    0.06673   -0.17042  765.58766    0.62256   -0.59278    0.09206    0.47868
 "BI1.VVS20"          127.60725   25.92963 1403.60062    1.48253    0.06673   -0.17042  765.58766    0.62256   -0.59278    0.09206    0.47868
 "DRIFT_111"          130.00725   26.97624  134.08135    1.64268    0.06673   -0.26567 -236.62130   -0.80012   -0.59278    0.09391    0.14796
 "BI1.DHZ70"          130.00725   26.97624  134.08135    1.64268    0.06673   -0.26567 -236.62130   -0.80012   -0.59278    0.09391    0.14796
 "BI1.DVT70"          130.00725   26.97624  134.08135    1.64268    0.06673   -0.26567 -236.62130   -0.80012   -0.59278    0.09391    0.14796
 "DRIFT_112"          131.26445   27.70696 1389.05996    1.72657    0.06673   -0.31556 -761.61176   -1.54537   -0.59278    0.09517    0.47620
 "BI1.INJPT"          131.26445   27.70696 1389.05996    1.72657    0.06673   -0.31556 -761.61176   -1.54537   -0.59278    0.09517    0.47620
 "BI1$END"            131.26445   27.70696 1389.05996    1.72657    0.06673   -0.31556 -761.61176   -1.54537   -0.59278    0.09517    0.47620
 "LTLTBBI$END"        131.26445   27.70696 1389.05996    1.72657    0.06673   -0.31556 -761.61176   -1.54537   -0.59278    0.09517    0.47620
