@ NAME             %09s "PTC_TWISS"
@ TYPE             %05s "TWISS"
@ SEQUENCE         %02s "PS"
@ PARTICLE         %06s "PROTON"
@ MASS             %le    0.93827201
@ CHARGE           %le    1.00000000
@ ENERGY           %le    2.33827200
@ PC               %le    2.14176600
@ GAMMA            %le    2.49210461
@ KBUNCH           %le    1.00000000
@ BCURRENT         %le    0.00000000
@ SIGE             %le    0.00000000
@ SIGT             %le    0.00000000
@ NPART            %le    0.00000000
@ EX               %le    1.00000000
@ EY               %le    1.00000000
@ ET               %le    1.00000000
@ DELTAP           %le    0.00000000
@ LENGTH           %le   17.90955592
@ ALPHA_C          %le  -1000000.00000000
@ ALPHA_C_P        %le  -1000000.00000000
@ ALPHA_C_P2       %le  -1000000.00000000
@ ALPHA_C_P3       %le  -1000000.00000000
@ ETA_C            %le  -1000000.00000000
@ GAMMA_TR         %le  -1000000.00000000
@ Q1               %le  -1000000.00000000
@ Q2               %le  -1000000.00000000
@ DQ1              %le  -1000000.00000000
@ DQ2              %le  -1000000.00000000
@ QS               %le  -1000000.00000000
@ BETA_X_MIN       %le  -1000000.00000000
@ BETA_X_MAX       %le  -1000000.00000000
@ BETA_Y_MIN       %le  -1000000.00000000
@ BETA_Y_MAX       %le  -1000000.00000000
@ ORBIT_X          %le  -1000000.00000000
@ ORBIT_PX         %le  -1000000.00000000
@ ORBIT_Y          %le  -1000000.00000000
@ ORBIT_PY         %le  -1000000.00000000
@ ORBIT_PT         %le  -1000000.00000000
@ ORBIT_-CT        %le  -1000000.00000000
@ XCORMS           %le  -1000000.00000000
@ PXCORMS          %le  -1000000.00000000
@ YCORMS           %le  -1000000.00000000
@ PYCORMS          %le  -1000000.00000000
@ XCOMAX           %le  -1000000.00000000
@ PXCOMAX          %le  -1000000.00000000
@ YCOMAX           %le  -1000000.00000000
@ PYCOMAX          %le  -1000000.00000000
@ TITLE            %48s "Transferline BTP to PS optics. Protons - 1.4 GeV"
@ ORIGIN           %19s "MAD-X 5.00.02 Linux"
@ DATE             %08s "20/04/11"
@ TIME             %08s "18.09.53"
* NAME                             S            X           PX        DISP1        DISP2       ALFA11       BETA11          MU1            Y           PY        DISP3        DISP4       ALFA22       BETA22          MU2 
$ %s                             %le          %le          %le          %le          %le          %le          %le          %le          %le          %le          %le          %le          %le          %le          %le 
 "POINTS"                 0.00000000   0.00000000   0.00000000   0.18586173   0.01305217  -0.20375011  11.29394656   0.00000000   0.00000000   0.00000000   0.03369782   0.00185654  -0.00777597  17.55530399   0.00000000
 "PR.QLSD42"              0.00000000   0.00000000   0.00000000   0.18586173   0.01305217  -0.20375011  11.29394656   0.00000000   0.00000000   0.00000000   0.03369782   0.00185654  -0.00777597  17.55530399   0.00000000
 "PR.BHZ42"               0.00000000   0.00000000   0.00000000   0.18586173   0.01305217  -0.20375011  11.29394656   0.00000000   0.00000000   0.00000000   0.03369782   0.00185654  -0.00777597  17.55530399   0.00000000
 "PS42$END"               0.00000000   0.00000000   0.00000000   0.18586173   0.01305217  -0.20375011  11.29394656   0.00000000   0.00000000   0.00000000   0.03369782   0.00185654  -0.00777597  17.55530399   0.00000000
 "PR.BHR000042$START"     0.00000000   0.00000000   0.00000000   0.18586173   0.01305217  -0.20375011  11.29394656   0.00000000   0.00000000   0.00000000   0.03369782   0.00185654  -0.00777597  17.55530399   0.00000000
 "PR.BHR000042.C1"        0.29857265   0.00000000   0.00000000   0.18975875   0.01305217  -0.23128412  11.42383589   0.00418400   0.00000000   0.00000000   0.03425213   0.00185654  -0.02478455  17.56502567   0.00270622
 "PR.BHR000042.CORR1"     0.29857265   0.00000000   0.00000000   0.18975875   0.01305217  -0.23128412  11.42383589   0.00418400   0.00000000   0.00000000   0.03425213   0.00185654  -0.02478455  17.56502567   0.00270622
 "PR.BHR000042.MPDE1"     0.29857265   0.00000000   0.00000000   0.18975875   0.01258632  -0.20323883  11.42383589   0.00418400   0.00000000   0.00000000   0.03425213   0.00194063  -0.06790633  17.56502567   0.00270622
 "PR.BHR000042.DEXDD1"    1.40097265  -0.00000000  -0.00000000   0.22011387   0.04281063  -1.11056420  12.83878781   0.01886457   0.00000000   0.00000000   0.03515118  -0.00031927   0.96522168  16.55160211   0.01288118
 "PR.BHR000042.CORR2"     1.40097265  -0.00000000  -0.00000000   0.22011387   0.04281063  -1.11056420  12.83878781   0.01886457   0.00000000   0.00000000   0.03515118  -0.00031927   0.96522168  16.55160211   0.01288118
 "PR.BHR000042.MPDM"      1.40097265  -0.00000000  -0.00000000   0.22011387   0.04281063  -1.11056420  12.83878781   0.01886457   0.00000000   0.00000000   0.03515118  -0.00031927   0.96522168  16.55160211   0.01288118
 "PR.BHR000042.DEXDD2"    2.50337265  -0.00000000  -0.00000000   0.28527040   0.07609760  -2.34137122  16.55648563   0.03105371   0.00000000   0.00000000   0.03355655  -0.00255652   1.72931006  13.50841115   0.02448615
 "PR.BHR000042.MPDE2"     2.50337265  -0.00000000  -0.00000000   0.28527040   0.07539727  -2.30072538  16.55648563   0.03105371   0.00000000   0.00000000   0.03355655  -0.00247414   1.69614718  13.50841115   0.02448615
 "PR.BHR000042.J1"        2.50587265  -0.00000000  -0.00000000   0.28545889   0.07539727  -2.30167567  16.56799163   0.03107774   0.00000000   0.00000000   0.03355036  -0.00247414   1.69542968  13.49993220   0.02451562
 "PR.BHR000042.CORR3"     2.50587265  -0.00000000  -0.00000000   0.28545889   0.07539727  -2.30167567  16.56799163   0.03107774   0.00000000   0.00000000   0.03355036  -0.00247414   1.69542968  13.49993220   0.02451562
 "PR.BHR000042.J2"        2.50837265  -0.00000000  -0.00000000   0.28564739   0.07539727  -2.30262595  16.57950238   0.03110174   0.00000000   0.00000000   0.03354418  -0.00247414   1.69471218  13.49145685   0.02454510
 "PR.BHR000042.MPFE1"     2.50837265  -0.00000000  -0.00000000   0.28564739   0.07610717  -2.34382949  16.57950238   0.03110174   0.00000000   0.00000000   0.03354418  -0.00255751   1.72824128  13.49145685   0.02454510
 "PR.BHR000042.FEXFF1"    3.60649265  -0.00000000  -0.00000000   0.36748925   0.07206728  -1.40582461  20.79745501   0.04040792   0.00000000   0.00000000   0.03189715  -0.00045989   0.72714591  10.85703821   0.03917732
 "PR.BHR000042.CORR4"     3.60649265  -0.00000000  -0.00000000   0.36748925   0.07206728  -1.40582461  20.79745501   0.04040792   0.00000000   0.00000000   0.03189715  -0.00045989   0.72714591  10.85703821   0.03917732
 "PR.BHR000042.MPFM"      3.60649265  -0.00000000  -0.00000000   0.36748925   0.07206728  -1.40582461  20.79745501   0.04040792   0.00000000   0.00000000   0.03189715  -0.00045989   0.72714591  10.85703821   0.03917732
 "PR.BHR000042.FEXFF2"    4.70461265  -0.00000000   0.00000000   0.44205662   0.06293672  -0.07761638  22.46616463   0.04840124   0.00000000   0.00000000   0.03252219   0.00160497  -0.06307950  10.14455224   0.05605941
 "PR.BHR000042.CORR5"     4.70461265  -0.00000000   0.00000000   0.44205662   0.06293672  -0.07761638  22.46616463   0.04840124   0.00000000   0.00000000   0.03252219   0.00160497  -0.06307950  10.14455224   0.05605941
 "PR.BHR000042.MPFE2"     4.70461265  -0.00000000   0.00000000   0.44205662   0.06403532  -0.13344951  22.46616463   0.04840124   0.00000000   0.00000000   0.03252219   0.00152415  -0.03786816  10.14455224   0.05605941
 "PR.BHR000042.C2"        5.00318531  -0.00000000   0.00000000   0.46117582   0.06403532  -0.14697607  22.54989204   0.05051252   0.00000000   0.00000000   0.03297725   0.00152415  -0.06734218  10.17596517   0.06073706
 "PR.BHR000042$END"       5.00318531  -0.00000000   0.00000000   0.46117582   0.06403532  -0.14697607  22.54989204   0.05051252   0.00000000   0.00000000   0.03297725   0.00152415  -0.06734218  10.17596517   0.06073706
 "PS43$START"             5.00318531  -0.00000000   0.00000000   0.46117582   0.06403532  -0.14697607  22.54989204   0.05051252   0.00000000   0.00000000   0.03297725   0.00152415  -0.06734218  10.17596517   0.06073706
 "PR.VPI43"               5.00318531  -0.00000000   0.00000000   0.46117582   0.06403532  -0.14697607  22.54989204   0.05051252   0.00000000   0.00000000   0.03297725   0.00152415  -0.06734218  10.17596517   0.06073706
 "PR.UHV43"               5.00318531  -0.00000000   0.00000000   0.46117582   0.06403532  -0.14697607  22.54989204   0.05051252   0.00000000   0.00000000   0.03297725   0.00152415  -0.06734218  10.17596517   0.06073706
 "DRIFT_59"               5.30318531  -0.00000000   0.00000000   0.48038641   0.06403532  -0.16056729  22.64215505   0.05262564   0.00000000   0.00000000   0.03343450   0.00152415  -0.09695711  10.22525495   0.06541850
 "PI.BSM43"               5.50318531  -0.00000000   0.00000000   0.49319348   0.06403532  -0.16962811  22.70819413   0.05402944   0.00000000   0.00000000   0.03373933   0.00152415  -0.11670040  10.26798646   0.06852519
 "DRIFT_58"               6.00318531  -0.00000000   0.00000000   0.52521114   0.06403532  -0.19228014  22.88914825   0.05752019   0.00000000   0.00000000   0.03450140   0.00152415  -0.16605861  10.40936596   0.07622544
 "PR.QLSF43"              6.00318531  -0.00000000   0.00000000   0.52521114   0.06403532  -0.19228014  22.88914825   0.05752019   0.00000000   0.00000000   0.03450140   0.00152415  -0.16605861  10.40936596   0.07622544
 "PR.BHZ43"               6.00318531  -0.00000000   0.00000000   0.52521114   0.06403532  -0.19228014  22.88914825   0.05752019   0.00000000   0.00000000   0.03450140   0.00152415  -0.16605861  10.40936596   0.07622544
 "PS43$END"               6.00318531  -0.00000000   0.00000000   0.52521114   0.06403532  -0.19228014  22.88914825   0.05752019   0.00000000   0.00000000   0.03450140   0.00152415  -0.16605861  10.40936596   0.07622544
 "PR.BHT000043$START"     6.00318531  -0.00000000   0.00000000   0.52521114   0.06403532  -0.19228014  22.88914825   0.05752019   0.00000000   0.00000000   0.03450140   0.00152415  -0.16605861  10.40936596   0.07622544
 "PR.BHT000043.C1"        6.30175796  -0.00000000   0.00000000   0.54433034   0.06403532  -0.20580670  23.00800610   0.05959094   0.00000000   0.00000000   0.03495647   0.00152415  -0.19553264  10.51732722   0.08076762
 "PR.BHT000043.CORR1"     6.30175796  -0.00000000   0.00000000   0.54433034   0.06403532  -0.20580670  23.00800610   0.05959094   0.00000000   0.00000000   0.03495647   0.00152415  -0.19553264  10.51732722   0.08076762
 "PR.BHT000043.MPFI1"     6.30175796  -0.00000000   0.00000000   0.54433034   0.06538810  -0.26298642  23.00800610   0.05959094   0.00000000   0.00000000   0.03495647   0.00143727  -0.16939488  10.51732722   0.08076762
 "PR.BHT000043.FINFF1"    7.39987796  -0.00000000   0.00000000   0.60540388   0.04518536   1.14414652  22.01679692   0.06726749   0.00000000   0.00000000   0.03779845   0.00376931  -1.01718566  11.79042578   0.09667466
 "PR.BHT000043.CORR2"     7.39987796  -0.00000000   0.00000000   0.60540388   0.04518536   1.14414652  22.01679692   0.06726749   0.00000000   0.00000000   0.03779845   0.00376931  -1.01718566  11.79042578   0.09667466
 "PR.BHT000043.MPFM"      7.39987796  -0.00000000   0.00000000   0.60540388   0.04518536   1.14414652  22.01679692   0.06726749   0.00000000   0.00000000   0.03779845   0.00376931  -1.01718566  11.79042578   0.09667466
 "PR.BHT000043.FINFF2"    8.49799796  -0.00000000   0.00000000   0.64239713   0.02179082   2.23370796  18.21707839   0.07589550   0.00000000   0.00000000   0.04333284   0.00636985  -2.15995701  15.19922579   0.10990003
 "PR.BHT000043.MPFI2"     8.49799796  -0.00000000   0.00000000   0.64239713   0.02338731   2.18843471  18.21707839   0.07589550   0.00000000   0.00000000   0.04333284   0.00626216  -2.12218375  15.19922579   0.10990003
 "PR.BHT000043.J1"        8.50049796  -0.00000000   0.00000000   0.64245560   0.02338731   2.18764022  18.20613820   0.07591735   0.00000000   0.00000000   0.04334849   0.00626216  -2.12308900  15.20983897   0.10992620
 "PR.BHT000043.CORR3"     8.50049796  -0.00000000   0.00000000   0.64245560   0.02338731   2.18764022  18.20613820   0.07591735   0.00000000   0.00000000   0.04334849   0.00626216  -2.12308900  15.20983897   0.10992620
 "PR.BHT000043.J2"        8.50299796  -0.00000000   0.00000000   0.64251407   0.02338731   2.18684574  18.19520199   0.07593921   0.00000000   0.00000000   0.04336415   0.00626216  -2.12399425  15.22045668   0.10995235
 "PR.BHT000043.MPDI1"     8.50299796  -0.00000000   0.00000000   0.64251407   0.02180995   2.23151460  18.19520199   0.07593921   0.00000000   0.00000000   0.04336415   0.00636862  -2.16136017  15.22045668   0.10995235
 "PR.BHT000043.DINDD1"    9.60539796  -0.00000000   0.00000000   0.69935326   0.08191946   0.94654967  14.77246050   0.08677663   0.00000000   0.00000000   0.04876354   0.00336877  -1.31255243  19.14387658   0.12011595
 "PR.BHT000043.CORR4"     9.60539796  -0.00000000   0.00000000   0.69935326   0.08191946   0.94654967  14.77246050   0.08677663   0.00000000   0.00000000   0.04876354   0.00336877  -1.31255243  19.14387658   0.12011595
 "PR.BHT000043.MPDM"      9.60539796  -0.00000000   0.00000000   0.69935326   0.08191946   0.94654967  14.77246050   0.08677663   0.00000000   0.00000000   0.04876354   0.00336877  -1.31255243  19.14387658   0.12011595
 "PR.BHT000043.DINDD2"   10.70779796  -0.00000000   0.00000000   0.82527853   0.14788946  -0.06270724  13.82057158   0.09921454   0.00000000   0.00000000   0.05070357   0.00012993  -0.09789235  20.73682601   0.12882182
 "PR.BHT000043.CORR5"    10.70779796  -0.00000000   0.00000000   0.82527853   0.14788946  -0.06270724  13.82057158   0.09921454   0.00000000   0.00000000   0.05070357   0.00012993  -0.09789235  20.73682601   0.12882182
 "PR.BHT000043.MPDI2"    10.70779796  -0.00000000   0.00000000   0.82527853   0.14586342  -0.02877802  13.82057158   0.09921454   0.00000000   0.00000000   0.05070357   0.00025441  -0.14880084  20.73682601   0.12882182
 "PR.BHT000043.C2"       11.00637061  -0.00000000   0.00000000   0.86882936   0.14586342  -0.05039941  13.84421180   0.10265017   0.00000000   0.00000000   0.05077953   0.00025441  -0.16351782  20.83007582   0.13110831
 "PR.BHT000043$END"      11.00637061  -0.00000000   0.00000000   0.86882936   0.14586342  -0.05039941  13.84421180   0.10265017   0.00000000   0.00000000   0.05077953   0.00025441  -0.16351782  20.83007582   0.13110831
 "PS44$START"            11.00637061  -0.00000000   0.00000000   0.86882936   0.14586342  -0.05039941  13.84421180   0.10265017   0.00000000   0.00000000   0.05077953   0.00025441  -0.16351782  20.83007582   0.13110831
 "PR.VPI44"              11.00637061  -0.00000000   0.00000000   0.86882936   0.14586342  -0.05039941  13.84421180   0.10265017   0.00000000   0.00000000   0.05077953   0.00025441  -0.16351782  20.83007582   0.13110831
 "DRIFT_58"              11.50637061  -0.00000000   0.00000000   0.94176107   0.14586342  -0.08660732  13.91271516   0.10838531   0.00000000   0.00000000   0.05090673   0.00025441  -0.18816339  21.00591643   0.13491296
 "PR.BCT44"              11.50637061  -0.00000000   0.00000000   0.94176107   0.14586342  -0.08660732  13.91271516   0.10838531   0.00000000   0.00000000   0.05090673   0.00025441  -0.18816339  21.00591643   0.13491296
 "DRIFT_36"              11.60637061  -0.00000000   0.00000000   0.95634741   0.14586342  -0.09384890  13.93076078   0.10952854   0.00000000   0.00000000   0.05093217   0.00025441  -0.19309250  21.04404202   0.13566994
 "PI.BSM44"              11.80637061  -0.00000000   0.00000000   0.98552009   0.14586342  -0.10833207  13.97119698   0.11181025   0.00000000   0.00000000   0.05098305   0.00025441  -0.20295073  21.12325066   0.13717972
 "DRIFT_37"              12.00637061  -0.00000000   0.00000000   1.01469278   0.14586342  -0.12281524  14.01742644   0.11408489   0.00000000   0.00000000   0.05103394   0.00025441  -0.21280896  21.20640260   0.13868370
 "PR.QNSD44"             12.00637061  -0.00000000   0.00000000   1.01469278   0.14586342  -0.12281524  14.01742644   0.11408489   0.00000000   0.00000000   0.05103394   0.00025441  -0.21280896  21.20640260   0.13868370
 "PR.DVT44"              12.00637061  -0.00000000   0.00000000   1.01469278   0.14586342  -0.12281524  14.01742644   0.11408489   0.00000000   0.00000000   0.05103394   0.00025441  -0.21280896  21.20640260   0.13868370
 "PR.BHZ44"              12.00637061  -0.00000000   0.00000000   1.01469278   0.14586342  -0.12281524  14.01742644   0.11408489   0.00000000   0.00000000   0.05103394   0.00025441  -0.21280896  21.20640260   0.13868370
 "PS44$END"              12.00637061  -0.00000000   0.00000000   1.01469278   0.14586342  -0.12281524  14.01742644   0.11408489   0.00000000   0.00000000   0.05103394   0.00025441  -0.21280896  21.20640260   0.13868370
 "PR.BHR000044$START"    12.00637061  -0.00000000   0.00000000   1.01469278   0.14586342  -0.12281524  14.01742644   0.11408489   0.00000000   0.00000000   0.05103394   0.00025441  -0.21280896  21.20640260   0.13868370
 "PR.BHR000044.C1"       12.30494327  -0.00000000   0.00000000   1.05824360   0.14586342  -0.14443662  14.09722054   0.11746556   0.00000000   0.00000000   0.05110989   0.00025441  -0.22752594  21.33787456   0.14091766
 "PR.BHR000044.CORR1"    12.30494327  -0.00000000   0.00000000   1.05824360   0.14586342  -0.14443662  14.09722054   0.11746556   0.00000000   0.00000000   0.05110989   0.00025441  -0.22752594  21.33787456   0.14091766
 "PR.BHR000044.MPDE1"    12.30494327  -0.00000000   0.00000000   1.05824360   0.14326545  -0.10982823  14.09722054   0.11746556   0.00000000   0.00000000   0.05110989   0.00037988  -0.27990999  21.33787456   0.14091766
 "PR.BHR000044.DEXDD1"   13.40734327  -0.00000000  -0.00000000   1.26543859   0.23485767  -1.16193747  15.46689870   0.12950040   0.00000000   0.00000000   0.04971080  -0.00290303   1.02254248  20.49914906   0.14921110
 "PR.BHR000044.CORR2"    13.40734327  -0.00000000  -0.00000000   1.26543859   0.23485767  -1.16193747  15.46689870   0.12950040   0.00000000   0.00000000   0.04971080  -0.00290303   1.02254248  20.49914906   0.14921110
 "PR.BHR000044.MPDM"     13.40734327  -0.00000000  -0.00000000   1.26543859   0.23485767  -1.16193747  15.46689870   0.12950040   0.00000000   0.00000000   0.04971080  -0.00290303   1.02254248  20.49914906   0.14921110
 "PR.BHR000044.DEXDD2"   14.50974327  -0.00000000  -0.00000000   1.58221724   0.34325154  -2.55249220  19.46730003   0.13973898   0.00000000   0.00000000   0.04478515  -0.00598000   2.03997811  17.04035328   0.15849264
 "PR.BHR000044.MPDE2"    14.50974327  -0.00000000  -0.00000000   1.58221724   0.33936723  -2.50470037  19.46730003   0.13973898   0.00000000   0.00000000   0.04478515  -0.00587005   1.99814438  17.04035328   0.15849264
 "PR.BHR000044.J1"       14.51224327  -0.00000000  -0.00000000   1.58306566   0.33936723  -2.50563444  19.47982587   0.13975942   0.00000000   0.00000000   0.04477047  -0.00587005   1.99741192  17.03036439   0.15851600
 "PR.BHR000044.CORR3"    14.51224327  -0.00000000  -0.00000000   1.58306566   0.33936723  -2.50563444  19.47982587   0.13975942   0.00000000   0.00000000   0.04477047  -0.00587005   1.99741192  17.03036439   0.15851600
 "PR.BHR000044.J2"       14.51474327  -0.00000000  -0.00000000   1.58391408   0.33936723  -2.50656851  19.49235637   0.13977984   0.00000000   0.00000000   0.04475580  -0.00587005   1.99667945  17.02037916   0.15853937
 "PR.BHR000044.MPFE1"    14.51474327  -0.00000000  -0.00000000   1.58391408   0.34330359  -2.55501110  19.49235637   0.13977984   0.00000000   0.00000000   0.04475580  -0.00598128   2.03897867  17.02037916   0.15853937
 "PR.BHR000044.FEXFF1"   15.61286327  -0.00000000  -0.00000000   1.90985370   0.24680913  -1.40230569  23.94390692   0.14777758   0.00000000   0.00000000   0.03970384  -0.00327406   0.83584261  13.93594393   0.17003170
 "PR.BHR000044.CORR4"    15.61286327  -0.00000000  -0.00000000   1.90985370   0.24680913  -1.40230569  23.94390692   0.14777758   0.00000000   0.00000000   0.03970384  -0.00327406   0.83584261  13.93594393   0.17003170
 "PR.BHR000044.MPFM"     15.61286327  -0.00000000  -0.00000000   1.90985370   0.24680913  -1.40230569  23.94390692   0.14777758   0.00000000   0.00000000   0.03970384  -0.00327406   0.83584261  13.93594393   0.17003170
 "PR.BHR000044.FEXFF2"   16.71098327  -0.00000000   0.00000000   2.11956944   0.13288059   0.13962635  25.36428371   0.15478803   0.00000000   0.00000000   0.03748002  -0.00080005  -0.12490178  13.17316575   0.18309817
 "PR.BHR000044.CORR5"    16.71098327  -0.00000000   0.00000000   2.11956944   0.13288059   0.13962635  25.36428371   0.15478803   0.00000000   0.00000000   0.03748002  -0.00080005  -0.12490178  13.17316575   0.18309817
 "PR.BHR000044.MPFE2"    16.71098327  -0.00000000   0.00000000   2.11956944   0.13814817   0.07659079  25.36428371   0.15478803   0.00000000   0.00000000   0.03748002  -0.00089320  -0.09216370  13.17316575   0.18309817
 "PR.BHR000044.C2"       17.00955592  -0.00000000   0.00000000   2.16081671   0.13814817   0.06475035  25.32208311   0.15666311   0.00000000   0.00000000   0.03721333  -0.00089320  -0.11502144  13.23502557   0.18669731
 "PR.BHR000044$END"      17.00955592  -0.00000000   0.00000000   2.16081671   0.13814817   0.06475035  25.32208311   0.15666311   0.00000000   0.00000000   0.03721333  -0.00089320  -0.11502144  13.23502557   0.18669731
 "PS45$START"            17.00955592  -0.00000000   0.00000000   2.16081671   0.13814817   0.06475035  25.32208311   0.15666311   0.00000000   0.00000000   0.03721333  -0.00089320  -0.11502144  13.23502557   0.18669731
 "PR.VPI45"              17.00955592  -0.00000000   0.00000000   2.16081671   0.13814817   0.06475035  25.32208311   0.15666311   0.00000000   0.00000000   0.03721333  -0.00089320  -0.11502144  13.23502557   0.18669731
 "PR.UHV45"              17.00955592  -0.00000000   0.00000000   2.16081671   0.13814817   0.06475035  25.32208311   0.15666311   0.00000000   0.00000000   0.03721333  -0.00089320  -0.11502144  13.23502557   0.18669731
 "DRIFT_36"              17.10955592  -0.00000000   0.00000000   2.17463152   0.13814817   0.06078467  25.30952961   0.15729179   0.00000000   0.00000000   0.03712401  -0.00089320  -0.12267711  13.25879542   0.18789878
 "PI.KFA45"              17.90955592  -0.00000000   0.00000000   2.28515006   0.13814817   0.02905924  25.23765448   0.16233046   0.00000000   0.00000000   0.03640945  -0.00089320  -0.18392247  13.50407509   0.19741982
 "POINTT"                17.90955592  -0.00000000   0.00000000   2.28515006   0.13814817   0.02905924  25.23765448   0.16233046   0.00000000   0.00000000   0.03640945  -0.00089320  -0.18392247  13.50407509   0.19741982
 "POINTE"                17.90955592  -0.00000000   0.00000000   2.28515006   0.13814817   0.02905924  25.23765448   0.16233046   0.00000000   0.00000000   0.03640945  -0.00089320  -0.18392247  13.50407509   0.19741982
