@ NAME             %09s "PTC_TWISS"
@ TYPE             %05s "TWISS"
@ SEQUENCE         %03s "BTP"
@ PARTICLE         %06s "PROTON"
@ MASS             %le    0.93827201
@ CHARGE           %le    1.00000000
@ ENERGY           %le    2.33827200
@ PC               %le    2.14176600
@ GAMMA            %le    2.49210461
@ KBUNCH           %le    1.00000000
@ BCURRENT         %le    0.00000000
@ SIGE             %le    0.00000000
@ SIGT             %le    0.00000000
@ NPART            %le    0.00000000
@ EX               %le    1.00000000
@ EY               %le    1.00000000
@ ET               %le    1.00000000
@ DELTAP           %le    0.00000000
@ LENGTH           %le   35.03788908
@ ALPHA_C          %le  -39878293683281588640545306415724252966226678169927860010990226284096253522750718541920306220903552209014354848592331859753738921213717028506648325678321256826024051681865743984182739275911059920762529120244200659896817663012061200712121745992059483259862950389937743076332183093899335932988396853809190535168.00000000
@ ALPHA_C_P        %le  -39878293683281588640545306415724252966226678169927860010990226284096253522750718541920306220903552209014354848592331859753738921213717028506648325678321256826024051681865743984182739275911059920762529120244200659896817663012061200712121745992059483259862950389937743076332183093899335932988396853809190535168.00000000
@ ALPHA_C_P2       %le  -39878293683281588640545306415724252966226678169927860010990226284096253522750718541920306220903552209014354848592331859753738921213717028506648325678321256826024051681865743984182739275911059920762529120244200659896817663012061200712121745992059483259862950389937743076332183093899335932988396853809190535168.00000000
@ ALPHA_C_P3       %le  -39878293683281588640545306415724252966226678169927860010990226284096253522750718541920306220903552209014354848592331859753738921213717028506648325678321256826024051681865743984182739275911059920762529120244200659896817663012061200712121745992059483259862950389937743076332183093899335932988396853809190535168.00000000
@ ETA_C            %le  -39878293683281588640545306415724252966226678169927860010990226284096253522750718541920306220903552209014354848592331859753738921213717028506648325678321256826024051681865743984182739275911059920762529120244200659896817663012061200712121745992059483259862950389937743076332183093899335932988396853809190535168.00000000
@ GAMMA_TR         %le  -39878293683281588640545306415724252966226678169927860010990226284096253522750718541920306220903552209014354848592331859753738921213717028506648325678321256826024051681865743984182739275911059920762529120244200659896817663012061200712121745992059483259862950389937743076332183093899335932988396853809190535168.00000000
@ Q1               %le  -39878293683281588640545306415724252966226678169927860010990226284096253522750718541920306220903552209014354848592331859753738921213717028506648325678321256826024051681865743984182739275911059920762529120244200659896817663012061200712121745992059483259862950389937743076332183093899335932988396853809190535168.00000000
@ Q2               %le  -39878293683281588640545306415724252966226678169927860010990226284096253522750718541920306220903552209014354848592331859753738921213717028506648325678321256826024051681865743984182739275911059920762529120244200659896817663012061200712121745992059483259862950389937743076332183093899335932988396853809190535168.00000000
@ DQ1              %le  -39878293683281588640545306415724252966226678169927860010990226284096253522750718541920306220903552209014354848592331859753738921213717028506648325678321256826024051681865743984182739275911059920762529120244200659896817663012061200712121745992059483259862950389937743076332183093899335932988396853809190535168.00000000
@ DQ2              %le  -39878293683281588640545306415724252966226678169927860010990226284096253522750718541920306220903552209014354848592331859753738921213717028506648325678321256826024051681865743984182739275911059920762529120244200659896817663012061200712121745992059483259862950389937743076332183093899335932988396853809190535168.00000000
@ QS               %le  -39878293683281588640545306415724252966226678169927860010990226284096253522750718541920306220903552209014354848592331859753738921213717028506648325678321256826024051681865743984182739275911059920762529120244200659896817663012061200712121745992059483259862950389937743076332183093899335932988396853809190535168.00000000
@ BETA_X_MIN       %le  -39878293683281588640545306415724252966226678169927860010990226284096253522750718541920306220903552209014354848592331859753738921213717028506648325678321256826024051681865743984182739275911059920762529120244200659896817663012061200712121745992059483259862950389937743076332183093899335932988396853809190535168.00000000
@ BETA_X_MAX       %le  -39878293683281588640545306415724252966226678169927860010990226284096253522750718541920306220903552209014354848592331859753738921213717028506648325678321256826024051681865743984182739275911059920762529120244200659896817663012061200712121745992059483259862950389937743076332183093899335932988396853809190535168.00000000
@ BETA_Y_MIN       %le  -39878293683281588640545306415724252966226678169927860010990226284096253522750718541920306220903552209014354848592331859753738921213717028506648325678321256826024051681865743984182739275911059920762529120244200659896817663012061200712121745992059483259862950389937743076332183093899335932988396853809190535168.00000000
@ BETA_Y_MAX       %le  -39878293683281588640545306415724252966226678169927860010990226284096253522750718541920306220903552209014354848592331859753738921213717028506648325678321256826024051681865743984182739275911059920762529120244200659896817663012061200712121745992059483259862950389937743076332183093899335932988396853809190535168.00000000
@ ORBIT_X          %le  -39878293683281588640545306415724252966226678169927860010990226284096253522750718541920306220903552209014354848592331859753738921213717028506648325678321256826024051681865743984182739275911059920762529120244200659896817663012061200712121745992059483259862950389937743076332183093899335932988396853809190535168.00000000
@ ORBIT_PX         %le  -39878293683281588640545306415724252966226678169927860010990226284096253522750718541920306220903552209014354848592331859753738921213717028506648325678321256826024051681865743984182739275911059920762529120244200659896817663012061200712121745992059483259862950389937743076332183093899335932988396853809190535168.00000000
@ ORBIT_Y          %le  -39878293683281588640545306415724252966226678169927860010990226284096253522750718541920306220903552209014354848592331859753738921213717028506648325678321256826024051681865743984182739275911059920762529120244200659896817663012061200712121745992059483259862950389937743076332183093899335932988396853809190535168.00000000
@ ORBIT_PY         %le  -39878293683281588640545306415724252966226678169927860010990226284096253522750718541920306220903552209014354848592331859753738921213717028506648325678321256826024051681865743984182739275911059920762529120244200659896817663012061200712121745992059483259862950389937743076332183093899335932988396853809190535168.00000000
@ ORBIT_PT         %le  -39878293683281588640545306415724252966226678169927860010990226284096253522750718541920306220903552209014354848592331859753738921213717028506648325678321256826024051681865743984182739275911059920762529120244200659896817663012061200712121745992059483259862950389937743076332183093899335932988396853809190535168.00000000
@ ORBIT_-CT        %le  -39878293683281588640545306415724252966226678169927860010990226284096253522750718541920306220903552209014354848592331859753738921213717028506648325678321256826024051681865743984182739275911059920762529120244200659896817663012061200712121745992059483259862950389937743076332183093899335932988396853809190535168.00000000
@ XCORMS           %le    0.00000000
@ PXCORMS          %le    0.00000000
@ YCORMS           %le    0.00000000
@ PYCORMS          %le    0.00000000
@ XCOMAX           %le    0.00000000
@ PXCOMAX          %le    0.00000000
@ YCOMAX           %le    0.00000000
@ PYCOMAX          %le    0.00000000
@ TITLE            %48s "Transferline BTP to PS optics. Protons - 1.4 GeV"
@ ORIGIN           %19s "MAD-X 5.00.01 Linux"
@ DATE             %08s "12/04/11"
@ TIME             %08s "13.39.37"
* NAME                             S            X           PX        DISP1        DISP2       ALFA11       BETA11          MU1            Y           PY        DISP3        DISP4       ALFA22       BETA22          MU2 
$ %s                             %le          %le          %le          %le          %le          %le          %le          %le          %le          %le          %le          %le          %le          %le          %le 
 "BTP$START"              0.00000000   0.00000000   0.00000000   0.34589000  -0.16973400   0.12347100   1.28785000   0.00000000   0.00000000   0.00000000  -0.04137838   0.00151000   0.00612029  27.93735436   0.00000000
 "BTP_BHZ10_1"            0.76713908   0.00000000   0.00000000   0.24763313  -0.08629861  -0.46999850   1.55423319   0.09110427   0.00000000   0.00000000  -0.04022000   0.00151000  -0.02134000  27.94903000   0.00436991
 "BTP_BHZ10_2"            1.53427816   0.00000000   0.00000000   0.21362012   0.00113605  -1.09609495   2.72413851   0.15184338   0.00000000   0.00000000  -0.03907521   0.00210813   0.38050517  28.02174488   0.00873324
 "M1"                     1.53427816   0.00000000   0.00000000   0.21362012   0.00113605  -1.09609495   2.72413851   0.15184338   0.00000000   0.00000000  -0.03907521   0.00210813   0.38050517  28.02174488   0.00873324
 "DRIFT_0"                3.66928908   0.00000000   0.00000000   0.21604560   0.00113605  -2.82143475  11.08810720   0.21534141   0.00000000   0.00000000  -0.03457434   0.00210813   0.29328267  26.58320048   0.02119596
 "BTP_UES00"              3.85428908   0.00000000   0.00000000   0.21625576   0.00113605  -2.97093650  12.15969588   0.21787724   0.00000000   0.00000000  -0.03418434   0.00210813   0.28572479  26.47608410   0.02230581
 "DRIFT_1"                4.61978908   0.00000000   0.00000000   0.21712541   0.00113605  -3.58955048  17.18174867   0.22631008   0.00000000   0.00000000  -0.03257057   0.00210813   0.25445149  26.06257917   0.02694446
 "BTP_DHZ10"              4.98178908   0.00000000   0.00000000   0.21753666   0.00113605  -3.88208904  19.88648217   0.22942713   0.00000000   0.00000000  -0.03180743   0.00210813   0.23966255  25.88370988   0.02916276
 "DRIFT_2"                5.09978908   0.00000000   0.00000000   0.21767071   0.00113605  -3.97744691  20.81390741   0.23035023   0.00000000   0.00000000  -0.03155867   0.00210813   0.23484185  25.82771836   0.02988911
 "BTP_DVT10"              5.46178908   0.00000000   0.00000000   0.21808196   0.00113605  -4.26998546  23.79947793   0.23293896   0.00000000   0.00000000  -0.03079552   0.00210813   0.22005291  25.66304646   0.03212704
 "DRIFT_3"                6.14468908   0.00000000   0.00000000   0.21885777   0.00113605  -4.82184894  30.00829164   0.23700639   0.00000000   0.00000000  -0.02935589   0.00210813   0.19215411  25.38155029   0.03638612
 "BTP_Q10"                6.61068908   0.00000000   0.00000000   0.21938717   0.00113605  -5.19843172  34.67774243   0.23930558   0.00000000   0.00000000  -0.02837350   0.00210813   0.17311641  25.21133423   0.03931819
 "DRIFT_4"               10.14728908   0.00000000   0.00000000   0.22340492   0.00113605  -8.05642025  81.55485191   0.24989755   0.00000000   0.00000000  -0.02091790   0.00210813   0.02863420  24.49782303   0.06204410
 "BTP_Q20"               10.61328908   0.00000000   0.00000000   0.21139812  -0.05218031  11.70110387  79.78929885   0.25079971   0.00000000   0.00000000  -0.02111207  -0.00294934  -6.39570121  27.35776367   0.06496347
 "DRIFT_5"               10.79928908   0.00000000   0.00000000   0.20169259  -0.05218031  11.37960281  75.49628741   0.25118113   0.00000000   0.00000000  -0.02166065  -0.00294934  -6.68060494  29.78995661   0.06600043
 "BTP_DHZ20"             11.16128908   0.00000000   0.00000000   0.18280332  -0.05218031  10.75388568  67.48396457   0.25198830   0.00000000   0.00000000  -0.02272831  -0.00294934  -7.23509499  34.82743999   0.06778915
 "DRIFT_6"               11.37078908   0.00000000   0.00000000   0.17187154  -0.05218031  10.39176485  63.05395079   0.25249945   0.00000000   0.00000000  -0.02334619  -0.00294934  -7.55599462  37.92617326   0.06870658
 "BTP_UES10"             11.55578908   0.00000000   0.00000000   0.16221818  -0.05218031  10.07199228  59.26815572   0.25298109   0.00000000   0.00000000  -0.02389182  -0.00294934  -7.83936661  40.77431509   0.06945532
 "DRIFT_7"               12.09928908   0.00000000   0.00000000   0.13385819  -0.05218031   9.13255234  48.83048572   0.25458904   0.00000000   0.00000000  -0.02549478  -0.00294934  -8.67186756  49.74817086   0.07137597
 "BTP_DVT20"             12.46128908   0.00000000   0.00000000   0.11496892  -0.05218031   8.50683521  42.44502743   0.25585457   0.00000000   0.00000000  -0.02656244  -0.00294934  -9.22635761  56.22732838   0.07246533
 "DRIFT_5"               12.64728908   0.00000000   0.00000000   0.10526338  -0.05218031   8.18533414  39.34028393   0.25657901   0.00000000   0.00000000  -0.02711102  -0.00294934  -9.51126134  59.71252550   0.07297622
 "BTP_Q30"               13.11328908   0.00000000   0.00000000   0.08610998  -0.03074330  -0.42070290  35.84385375   0.25858898   0.00000000   0.00000000  -0.02704631   0.00322461   4.32510017  62.21784902   0.07417177
 "DRIFT_8"               13.35178908   0.00000000   0.00000000   0.07877770  -0.03074330  -0.42853443  36.04639685   0.25964500   0.00000000   0.00000000  -0.02627724   0.00322461   4.24955917  60.17279277   0.07479215
 "BTP_VPI11"             13.35178908   0.00000000   0.00000000   0.07877770  -0.03074330  -0.42853443  36.04639685   0.25964500   0.00000000   0.00000000  -0.02627724   0.00322461   4.24955917  60.17279277   0.07479215
 "DRIFT_9"               14.68278908   0.00000000   0.00000000   0.03785836  -0.03074330  -0.47223997  37.24532759   0.26542765   0.00000000   0.00000000  -0.02198528   0.00322461   3.82798658  49.42157938   0.07867707
 "BTP_STP"               16.13978908   0.00000000   0.00000000  -0.00693464  -0.03074330  -0.52008292  38.69114205   0.27153770   0.00000000   0.00000000  -0.01728702   0.00322461   3.36650553  38.93920438   0.08396405
 "DRIFT_10"              17.94728908   0.00000000   0.00000000  -0.06250316  -0.03074330  -0.57943511  40.67852090   0.27879141   0.00000000   0.00000000  -0.01145853   0.00322461   2.79400931  27.80407380   0.09271126
 "BTP_Q40"               18.41328908   0.00000000   0.00000000  -0.07228080  -0.01074157  10.43479726  35.86449175   0.28068925   0.00000000   0.00000000  -0.01071369   0.00000843  -5.49005230  29.00613756   0.09538291
 "DRIFT_11"              18.54928908   0.00000000   0.00000000  -0.07374165  -0.01074157  10.01810770  33.08289667   0.28131764   0.00000000   0.00000000  -0.01071255   0.00000843  -5.63606042  30.51928889   0.09611040
 "BTP_DHZ30"             18.91128908   0.00000000   0.00000000  -0.07763010  -0.01074157   8.90897815  26.23129160   0.28327345   0.00000000   0.00000000  -0.01070950   0.00000843  -6.02469969  34.74048406   0.09787983
 "DRIFT_12"              19.31028908   0.00000000   0.00000000  -0.08191598  -0.01074157   7.68648452  19.60970199   0.28607353   0.00000000   0.00000000  -0.01070614   0.00000843  -6.45306176  39.71911088   0.09958938
 "BTP_UES20"             19.31028908   0.00000000   0.00000000  -0.08191598  -0.01074157   7.68648452  19.60970199   0.28607353   0.00000000   0.00000000  -0.01070614   0.00000843  -6.45306176  39.71911088   0.09958938
 "DRIFT_13"              19.77428908   0.00000000   0.00000000  -0.08690007  -0.01074157   6.26483780  13.13628844   0.29067532   0.00000000   0.00000000  -0.01070222   0.00000843  -6.95120712  45.93869163   0.10131824
 "BTP_DVT30"             20.13628908   0.00000000   0.00000000  -0.09078852  -0.01074157   5.15570824   9.00205077   0.29597442   0.00000000   0.00000000  -0.01069917   0.00000843  -7.33984639  51.11205300   0.10250724
 "DRIFT_14"              20.43728908   0.00000000   0.00000000  -0.09402173  -0.01074157   4.23347621   6.17590625   0.30240105   0.00000000   0.00000000  -0.01069664   0.00000843  -7.66299672  55.62790878   0.10340566
 "BTP_Q50"               20.90328908   0.00000000   0.00000000  -0.10465572  -0.03534016   2.05070890   3.35614548   0.31904006   0.00000000   0.00000000  -0.01007568   0.00263072   6.44488110  56.21867438   0.10470630
 "DRIFT_15"              24.21528908   0.00000000   0.00000000  -0.22170233  -0.03534016  -3.08622811   6.78578513   0.69695976   0.00000000   0.00000000  -0.00136275   0.00263072   3.93893687  21.82746927   0.11977645
 "BTP_VPI12"             24.21528908   0.00000000   0.00000000  -0.22170233  -0.03534016  -3.08622811   6.78578513   0.69695976   0.00000000   0.00000000  -0.00136275   0.00263072   3.93893687  21.82746927   0.11977645
 "DRIFT_16"              24.96188908   0.00000000   0.00000000  -0.24808730  -0.03534016  -4.24421035  12.25869048   0.71000260   0.00000000   0.00000000   0.00060135   0.00263072   3.37404014  16.36760064   0.12606466
 "BTP_TRA"               25.41068908   0.00000000   0.00000000  -0.26394796  -0.03534016  -4.94030254  16.38069987   0.71504408   0.00000000   0.00000000   0.00178201   0.00263072   3.03446654  13.49146284   0.13087214
 "DRIFT_17"              25.55728908   0.00000000   0.00000000  -0.26912883  -0.03534016  -5.16768025  17.86253015   0.71640810   0.00000000   0.00000000   0.00216767   0.00263072   2.92354521  12.61801832   0.13266043
 "BTP_DVT40"             25.91928908   0.00000000   0.00000000  -0.28192197  -0.03534016  -5.72914498  21.80718088   0.71932742   0.00000000   0.00000000   0.00311999   0.00263072   2.64964672  10.60052284   0.13764285
 "DRIFT_18"              26.13628908   0.00000000   0.00000000  -0.28959078  -0.03534016  -6.06571362  24.36666520   0.72082568   0.00000000   0.00000000   0.00369086   0.00263072   2.48545895   9.48620491   0.14108717
 "BTP_Q60"               26.60228908   0.00000000   0.00000000  -0.28488450   0.05529369   1.83881490  26.43765919   0.72367772   0.00000000   0.00000000   0.00521798   0.00400262  -0.39627339   8.55719605   0.14952364
 "DRIFT_19"              26.77928908   0.00000000   0.00000000  -0.27509752   0.05529369   1.80948252  25.79191054   0.72475652   0.00000000   0.00000000   0.00592645   0.00400262  -0.42020585   8.70171288   0.15278844
 "BTP_UES30"             26.96428908   0.00000000   0.00000000  -0.26486818   0.05529369   1.77882438  25.12807377   0.72591310   0.00000000   0.00000000   0.00666694   0.00400262  -0.44522000   8.86181666   0.15614164
 "DRIFT_20"              27.38678908   0.00000000   0.00000000  -0.24150660   0.05529369   1.70880782  23.65454916   0.72867134   0.00000000   0.00000000   0.00835804   0.00400262  -0.50234693   9.26216369   0.16356648
 "BTP_MTV10"             27.70278908   0.00000000   0.00000000  -0.22403379   0.05529369   1.65644040  22.59113072   0.73084701   0.00000000   0.00000000   0.00962287   0.00400262  -0.54507381   9.59314864   0.16890292
 "BTP_VVS20"             27.70278908   0.00000000   0.00000000  -0.22403379   0.05529369   1.65644040  22.59113072   0.73084701   0.00000000   0.00000000   0.00962287   0.00400262  -0.54507381   9.59314864   0.16890292
 "DRIFT_21"              28.42778908   0.00000000   0.00000000  -0.18394586   0.05529369   1.53629364  20.27639854   0.73623935   0.00000000   0.00000000   0.01252478   0.00400262  -0.64310225  10.45457629   0.18043491
 "BTP_DHZ40"             28.78978908   0.00000000   0.00000000  -0.16392955   0.05529369   1.47630312  19.18583851   0.73916059   0.00000000   0.00000000   0.01397373   0.00400262  -0.69204887  10.93790099   0.18582371
 "DRIFT_22"              28.81478908   0.00000000   0.00000000  -0.16254721   0.05529369   1.47216013  19.11212693   0.73936837   0.00000000   0.00000000   0.01407379   0.00400262  -0.69542916  10.97258794   0.18618690
 "BTP_DVT50"             29.17678908   0.00000000   0.00000000  -0.14253089   0.05529369   1.41216960  18.06799957   0.74246898   0.00000000   0.00000000   0.01552274   0.00400262  -0.74437578  11.49379733   0.19131809
 "DRIFT_23"              29.19778908   0.00000000   0.00000000  -0.14136972   0.05529369   1.40868949  18.00876153   0.74265427   0.00000000   0.00000000   0.01560680   0.00400262  -0.74721522  11.52512074   0.19160848
 "STRAY1"                29.19778908   0.00000000   0.00000000  -0.14136972   0.05529329   1.40866011  18.00876153   0.74265427   0.00000000   0.00000000   0.01560680   0.00400260  -0.74719642  11.52512074   0.19160848
 "DRIFT_23"              29.21878908   0.00000000   0.00000000  -0.14020856   0.05529329   1.40518009  17.94967088   0.74284016   0.00000000   0.00000000   0.01569085   0.00400260  -0.75003581  11.55656262   0.19189808
 "STRAY2"                29.21878908   0.00000000   0.00000000  -0.14020856   0.05529285   1.40513787  17.94967088   0.74284016   0.00000000   0.00000000   0.01569085   0.00400256  -0.75000863  11.55656262   0.19189808
 "DRIFT_23"              29.23978908   0.00000000   0.00000000  -0.13904741   0.05529285   1.40165800  17.89072817   0.74302667   0.00000000   0.00000000   0.01577491   0.00400256  -0.75284795  11.58812261   0.19218690
 "STRAY3"                29.23978908   0.00000000   0.00000000  -0.13904741   0.05529235   1.40160038  17.89072817   0.74302667   0.00000000   0.00000000   0.01577491   0.00400251  -0.75281063  11.58812261   0.19218690
 "DRIFT_23"              29.26078908   0.00000000   0.00000000  -0.13788627   0.05529235   1.39812069  17.83193403   0.74321379   0.00000000   0.00000000   0.01585896   0.00400251  -0.75564985  11.61980028   0.19247492
 "STRAY4"                29.26078908   0.00000000   0.00000000  -0.13788627   0.05529180   1.39804498  17.83193403   0.74321379   0.00000000   0.00000000   0.01585896   0.00400244  -0.75560052  11.61980028   0.19247492
 "DRIFT_23"              29.28178908   0.00000000   0.00000000  -0.13672514   0.05529180   1.39456555  17.77328921   0.74340153   0.00000000   0.00000000   0.01594301   0.00400244  -0.75843960  11.65159512   0.19276216
 "STRAY5"                29.28178908   0.00000000   0.00000000  -0.13672514   0.05529118   1.39446904  17.77328921   0.74340153   0.00000000   0.00000000   0.01594301   0.00400236  -0.75837633  11.65159512   0.19276216
 "DRIFT_23"              29.30278908   0.00000000   0.00000000  -0.13556403   0.05529118   1.39098992  17.71479457   0.74358989   0.00000000   0.00000000   0.01602706   0.00400236  -0.76121524  11.68350654   0.19304862
 "STRAY6"                29.30278908   0.00000000   0.00000000  -0.13556403   0.05529048   1.39087000  17.71479457   0.74358989   0.00000000   0.00000000   0.01602706   0.00400225  -0.76113615  11.68350654   0.19304862
 "DRIFT_23"              29.32378908   0.00000000   0.00000000  -0.13440293   0.05529048   1.38739127  17.65645108   0.74377887   0.00000000   0.00000000   0.01611111   0.00400225  -0.76397484  11.71553387   0.19333430
 "STRAY7"                29.32378908   0.00000000   0.00000000  -0.13440293   0.05528971   1.38724555  17.65645108   0.74377887   0.00000000   0.00000000   0.01611111   0.00400212  -0.76387816  11.71553387   0.19333430
 "DRIFT_23"              29.34478908   0.00000000   0.00000000  -0.13324185   0.05528971   1.38376731  17.59825981   0.74396848   0.00000000   0.00000000   0.01619515   0.00400212  -0.76671658  11.74767636   0.19361919
 "STRAY8"                29.34478908   0.00000000   0.00000000  -0.13324185   0.05528886   1.38359374  17.59825981   0.74396848   0.00000000   0.00000000   0.01619515   0.00400196  -0.76660072  11.74767636   0.19361919
 "DRIFT_23"              29.36578908   0.00000000   0.00000000  -0.13208078   0.05528886   1.38011607  17.54022191   0.74415871   0.00000000   0.00000000   0.01627919   0.00400196  -0.76943883  11.77993319   0.19390330
 "STRAY9"                29.36578908   0.00000000   0.00000000  -0.13208078   0.05528792   1.37991303  17.54022191   0.74415871   0.00000000   0.00000000   0.01627919   0.00400177  -0.76930247  11.77993319   0.19390330
 "DRIFT_23"              29.38678908   0.00000000   0.00000000  -0.13091973   0.05528792   1.37643603  17.48233857   0.74434958   0.00000000   0.00000000   0.01636323   0.00400177  -0.77214021  11.81230349   0.19418664
 "STRAY10"               29.38678908   0.00000000   0.00000000  -0.13091973   0.05528691   1.37620235  17.48233857   0.74434958   0.00000000   0.00000000   0.01636323   0.00400155  -0.77198232  11.81230349   0.19418664
 "DRIFT_23"              29.40778908   0.00000000   0.00000000  -0.12975871   0.05528691   1.37272612  17.42461108   0.74454107   0.00000000   0.00000000   0.01644726   0.00400155  -0.77481962  11.84478633   0.19446920
 "STRAY11"               29.40778908   0.00000000   0.00000000  -0.12975871   0.05528582   1.37246108  17.42461108   0.74454107   0.00000000   0.00000000   0.01644726   0.00400130  -0.77463945  11.84478633   0.19446920
 "DRIFT_23"              29.42878908   0.00000000   0.00000000  -0.12859771   0.05528582   1.36898573  17.36704069   0.74473320   0.00000000   0.00000000   0.01653129   0.00400130  -0.77747626  11.87738076   0.19475098
 "STRAY12"               29.42878908   0.00000000   0.00000000  -0.12859771   0.05528465   1.36868902  17.36704069   0.74473320   0.00000000   0.00000000   0.01653129   0.00400102  -0.77727334  11.87738076   0.19475098
 "DRIFT_23"              29.44978908   0.00000000   0.00000000  -0.12743673   0.05528465   1.36521466  17.30962872   0.74492597   0.00000000   0.00000000   0.01661531   0.00400102  -0.78010959  11.91008580   0.19503199
 "STRAY13"               29.44978908   0.00000000   0.00000000  -0.12743673   0.05528343   1.36488634  17.30962872   0.74492597   0.00000000   0.00000000   0.01661531   0.00400070  -0.77988369  11.91008580   0.19503199
 "DRIFT_23"              29.47078908   0.00000000   0.00000000  -0.12627578   0.05528343   1.36141306  17.25237643   0.74511938   0.00000000   0.00000000   0.01669933   0.00400070  -0.78271932  11.94290047   0.19531223
 "STRAY14"               29.47078908   0.00000000   0.00000000  -0.12627578   0.05528214   1.36105346  17.25237643   0.74511938   0.00000000   0.00000000   0.01669933   0.00400035  -0.78247039  11.94290047   0.19531223
 "DRIFT_23"              29.49178908   0.00000000   0.00000000  -0.12511485   0.05528214   1.35758137  17.19528510   0.74531342   0.00000000   0.00000000   0.01678333   0.00400035  -0.78530533  11.97582376   0.19559170
 "STRAY15"               29.49178908   0.00000000   0.00000000  -0.12511485   0.05528080   1.35719102  17.19528510   0.74531342   0.00000000   0.00000000   0.01678333   0.00399997  -0.78503347  11.97582376   0.19559170
 "DRIFT_23"              29.51278908   0.00000000   0.00000000  -0.12395395   0.05528080   1.35372022  17.13835596   0.74550812   0.00000000   0.00000000   0.01686733   0.00399997  -0.78786767  12.00885468   0.19587040
 "STRAY16"               29.51278908   0.00000000   0.00000000  -0.12395395   0.05527942   1.35329980  17.13835596   0.74550812   0.00000000   0.00000000   0.01686733   0.00399956  -0.78757307  12.00885468   0.19587040
 "DRIFT_23"              29.53378908   0.00000000   0.00000000  -0.12279309   0.05527942   1.34983039  17.08159023   0.74570346   0.00000000   0.00000000   0.01695132   0.00399956  -0.79040646  12.04199225   0.19614833
 "STRAY17"               29.53378908   0.00000000   0.00000000  -0.12279309   0.05527799   1.34938063  17.08159023   0.74570346   0.00000000   0.00000000   0.01695132   0.00399911  -0.79008939  12.04199225   0.19614833
 "DRIFT_23"              29.55478908   0.00000000   0.00000000  -0.12163225   0.05527799   1.34591273  17.02498907   0.74589945   0.00000000   0.00000000   0.01703530   0.00399911  -0.79292190  12.07523549   0.19642550
 "STRAY18"               29.55478908   0.00000000   0.00000000  -0.12163225   0.05527654   1.34543439  17.02498907   0.74589945   0.00000000   0.00000000   0.01703530   0.00399863  -0.79258263  12.07523549   0.19642550
 "DRIFT_23"              29.57578908   0.00000000   0.00000000  -0.12047144   0.05527654   1.34196806  16.96855362   0.74609609   0.00000000   0.00000000   0.01711928   0.00399863  -0.79541420  12.10858342   0.19670190
 "STRAY19"               29.57578908   0.00000000   0.00000000  -0.12047144   0.05527506   1.34146186  16.96855362   0.74609609   0.00000000   0.00000000   0.01711928   0.00399812  -0.79505298  12.10858342   0.19670190
 "DRIFT_23"              29.59678908   0.00000000   0.00000000  -0.11931067   0.05527506   1.33799722  16.91228498   0.74629338   0.00000000   0.00000000   0.01720324   0.00399812  -0.79788356  12.14203509   0.19697755
 "STRAY20"               29.59678908   0.00000000   0.00000000  -0.11931067   0.05527356   1.33746378  16.91228498   0.74629338   0.00000000   0.00000000   0.01720324   0.00399758  -0.79750058  12.14203509   0.19697755
 "DRIFT_24"              29.63958908   0.00000000   0.00000000  -0.11694496   0.05527356   1.33040613  16.79810014   0.74669752   0.00000000   0.00000000   0.01737433   0.00399758  -0.80326741  12.21054796   0.19753698
 "STRAY21"               29.63958908   0.00000000   0.00000000  -0.11694496   0.05527055   1.32926842  16.79810014   0.74669752   0.00000000   0.00000000   0.01737433   0.00399640  -0.80244041  12.21054796   0.19753698
 "DRIFT_25"              29.68228908   0.00000000   0.00000000  -0.11458490   0.05527055   1.32223494  16.68488095   0.74710346   0.00000000   0.00000000   0.01754498   0.00399640  -0.80818913  12.27932184   0.19809199
 "STRAY22"               29.68228908   0.00000000   0.00000000  -0.11458490   0.05526751   1.32099332  16.68488095   0.74710346   0.00000000   0.00000000   0.01754498   0.00399510  -0.80727535  12.27932184   0.19809199
 "DRIFT_24"              29.72508908   0.00000000   0.00000000  -0.11221945   0.05526751   1.31395180  16.57210530   0.74751311   0.00000000   0.00000000   0.01771597   0.00399510  -0.81303239  12.34867101   0.19864517
 "STRAY23"               29.72508908   0.00000000   0.00000000  -0.11221945   0.05526446   1.31260744  16.57210530   0.74751311   0.00000000   0.00000000   0.01771597   0.00399366  -0.81203064  12.34867101   0.19864517
 "DRIFT_24"              29.76788908   0.00000000   0.00000000  -0.10985414   0.05526446   1.30557503  16.46004709   0.74792555   0.00000000   0.00000000   0.01788690   0.00399366  -0.81778203  12.41842699   0.19919524
 "STRAY24"               29.76788908   0.00000000   0.00000000  -0.10985414   0.05526140   1.30412653  16.46004709   0.74792555   0.00000000   0.00000000   0.01788690   0.00399209  -0.81668919  12.41842699   0.19919524
 "DRIFT_25"              29.81058908   0.00000000   0.00000000  -0.10749447   0.05526140   1.29712036  16.34897385   0.74833982   0.00000000   0.00000000   0.01805736   0.00399209  -0.82242101  12.48841700   0.19974095
 "STRAY25"               29.81058908   0.00000000   0.00000000  -0.10749447   0.05525835   1.29556408  16.34897385   0.74833982   0.00000000   0.00000000   0.01805736   0.00399037  -0.82123222  12.48841700   0.19974095
 "DRIFT_24"              29.85338908   0.00000000   0.00000000  -0.10512942   0.05525835   1.28855207  16.23837368   0.74875789   0.00000000   0.00000000   0.01822815   0.00399037  -0.82697076  12.55896009   0.20028487
 "STRAY26"               29.85338908   0.00000000   0.00000000  -0.10512942   0.05525531   1.28688262  16.23837368   0.74875789   0.00000000   0.00000000   0.01822815   0.00398849  -0.82567959  12.55896009   0.20028487
 "DRIFT_25"              29.89608908   0.00000000   0.00000000  -0.10277001   0.05525531   1.27989830  16.12877213   0.74917782   0.00000000   0.00000000   0.01839846   0.00398849  -0.83139747  12.62971728   0.20082447
 "STRAY27"               29.89608908   0.00000000   0.00000000  -0.10277001   0.05525229   1.27810876  16.12877213   0.74917782   0.00000000   0.00000000   0.01839846   0.00398645  -0.82999616  12.62971728   0.20082447
 "DRIFT_24"              29.93888908   0.00000000   0.00000000  -0.10040522   0.05525229   1.27112022  16.01966513   0.74960160   0.00000000   0.00000000   0.01856908   0.00398645  -0.83571953  12.70100991   0.20136231
 "STRAY28"               29.93888908   0.00000000   0.00000000  -0.10040522   0.05524929   1.26920252  16.01966513   0.74960160   0.00000000   0.00000000   0.01856908   0.00398423  -0.83419910  12.70100991   0.20136231
 "DRIFT_25"              29.98158908   0.00000000   0.00000000  -0.09804607   0.05524929   1.26224330  15.91157239   0.75002726   0.00000000   0.00000000   0.01873920   0.00398423  -0.83990057  12.77249397   0.20189588
 "STRAY29"               29.98158908   0.00000000   0.00000000  -0.09804607   0.05524632   1.26018830  15.91157239   0.75002726   0.00000000   0.00000000   0.01873920   0.00398181  -0.83825099  12.77249397   0.20189588
 "DRIFT_24"              30.02438908   0.00000000   0.00000000  -0.09568153   0.05524632   1.25322673  15.80399823   0.75045682   0.00000000   0.00000000   0.01890963   0.00398181  -0.84395654  12.84449245   0.20242770
 "STRAY30"               30.02438908   0.00000000   0.00000000  -0.09568153   0.05524342   1.25102452  15.80399823   0.75045682   0.00000000   0.00000000   0.01890963   0.00397917  -0.84216672  12.84449245   0.20242770
 "DRIFT_25"              30.06708908   0.00000000   0.00000000  -0.09332264   0.05524342   1.24409411  15.69745667   0.75088829   0.00000000   0.00000000   0.01907954   0.00397917  -0.84784890  12.91665611   0.20295532
 "STRAY31"               30.06708908   0.00000000   0.00000000  -0.09332264   0.05524058   1.24173382  15.69745667   0.75088829   0.00000000   0.00000000   0.01907954   0.00397631  -0.84590673  12.91665611   0.20295532
 "DRIFT_25"              30.10978908   0.00000000   0.00000000  -0.09096386   0.05524058   1.23481937  15.59170784   0.75132269   0.00000000   0.00000000   0.01924932   0.00397631  -0.85157804  12.98913871   0.20347998
 "STRAY32"               30.10978908   0.00000000   0.00000000  -0.09096386   0.05523786   1.23230001  15.59170784   0.75132269   0.00000000   0.00000000   0.01924932   0.00397320  -0.84947922  12.98913871   0.20347998
 "DRIFT_24"              30.15258908   0.00000000   0.00000000  -0.08859968   0.05523786   1.22538643  15.48651886   0.75176106   0.00000000   0.00000000   0.01941938   0.00397320  -0.85515204  13.06209693   0.20400294
 "STRAY33"               30.15258908   0.00000000   0.00000000  -0.08859968   0.05523529   1.22269731  15.48651886   0.75176106   0.00000000   0.00000000   0.01941938   0.00396982  -0.85288391  13.06209693   0.20400294
 "DRIFT_25"              30.19528908   0.00000000   0.00000000  -0.08624114   0.05523529   1.21581804  15.38239426   0.75220137   0.00000000   0.00000000   0.01958889   0.00396982  -0.85853081  13.13517434   0.20452177
 "STRAY34"               30.19528908   0.00000000   0.00000000  -0.08624114   0.05523292   1.21294780  15.38239426   0.75220137   0.00000000   0.00000000   0.01958889   0.00396617  -0.85607989  13.13517434   0.20452177
 "DRIFT_25"              30.23798908   0.00000000   0.00000000  -0.08388269   0.05523292   1.20608788  15.27910144   0.75264466   0.00000000   0.00000000   0.01975824   0.00396617  -0.86171314  13.20852410   0.20503772
 "STRAY35"               30.23798908   0.00000000   0.00000000  -0.08388269   0.05523080   1.20302469  15.27910144   0.75264466   0.00000000   0.00000000   0.01975824   0.00396221  -0.85906507  13.20852410   0.20503772
 "DRIFT_25"              30.28068908   0.00000000   0.00000000  -0.08152433   0.05523080   1.19618539  15.17665516   0.75309094   0.00000000   0.00000000   0.01992743   0.00396221  -0.86468358  13.28212817   0.20555080
 "STRAY36"               30.28068908   0.00000000   0.00000000  -0.08152433   0.05522897   1.19291695  15.17665516   0.75309094   0.00000000   0.00000000   0.01992743   0.00395792  -0.86182314  13.28212817   0.20555080
 "DRIFT_24"              30.32348908   0.00000000   0.00000000  -0.07916054   0.05522897   1.18608365  15.07483394   0.75354129   0.00000000   0.00000000   0.02009683   0.00395792  -0.86743890  13.35614059   0.20606223
 "STRAY37"               30.32348908   0.00000000   0.00000000  -0.07916054   0.05522750   1.18259730  15.07483394   0.75354129   0.00000000   0.00000000   0.02009683   0.00395327  -0.86435003  13.35614059   0.20606223
 "DRIFT_25"              30.36618908   0.00000000   0.00000000  -0.07680232   0.05522750   1.17580336  14.97413023   0.75399362   0.00000000   0.00000000   0.02026563   0.00395327  -0.86993556  13.43019458   0.20656965
 "STRAY38"               30.36618908   0.00000000   0.00000000  -0.07680232   0.05522648   1.17208613  14.97413023   0.75399362   0.00000000   0.00000000   0.02026563   0.00394824  -0.86660161  13.43019458   0.20656965
 "DRIFT_25"              30.40888908   0.00000000   0.00000000  -0.07444415   0.05522648   1.16531708  14.87432311   0.75444898   0.00000000   0.00000000   0.02043422   0.00394824  -0.87216874  13.50444007   0.20707428
 "STRAY39"               30.40888908   0.00000000   0.00000000  -0.07444415   0.05522599   1.16135602  14.87432311   0.75444898   0.00000000   0.00000000   0.02043422   0.00394280  -0.86857248  13.50444007   0.20707428
 "DRIFT_25"              30.45158908   0.00000000   0.00000000  -0.07208600   0.05522599   1.15461342  14.77543122   0.75490740   0.00000000   0.00000000   0.02060258   0.00394280  -0.87411981  13.57885304   0.20757614
 "STRAY40"               30.45158908   0.00000000   0.00000000  -0.07208600   0.05522612   1.15039566  14.77543122   0.75490740   0.00000000   0.00000000   0.02060258   0.00393691  -0.87024362  13.57885304   0.20757614
 "DRIFT_25"              30.49428908   0.00000000   0.00000000  -0.06972784   0.05522612   1.14368116  14.67747414   0.75536888   0.00000000   0.00000000   0.02077069   0.00393691  -0.87576969  13.65340780   0.20807525
 "STRAY41"               30.49428908   0.00000000   0.00000000  -0.06972784   0.05522698   1.13919405  14.67747414   0.75536888   0.00000000   0.00000000   0.02077069   0.00393056  -0.87159565  13.65340780   0.20807525
 "DRIFT_25"              30.53698908   0.00000000   0.00000000  -0.06736965   0.05522698   1.13250935  14.58047240   0.75583344   0.00000000   0.00000000   0.02093852   0.00393056  -0.87709892  13.72807706   0.20857164
 "STRAY42"               30.53698908   0.00000000   0.00000000  -0.06736965   0.05522870   1.12775901  14.58047240   0.75583344   0.00000000   0.00000000   0.02093852   0.00392374  -0.87262629  13.72807706   0.20857164
 "DRIFT_25"              30.57968908   0.00000000   0.00000000  -0.06501139   0.05522870   1.12110575  14.48444588   0.75630108   0.00000000   0.00000000   0.02110607   0.00392374  -0.87810521  13.80283330   0.20906533
 "STRAY43"               30.57968908   0.00000000   0.00000000  -0.06501139   0.05523140   1.11608204  14.48444588   0.75630108   0.00000000   0.00000000   0.02110607   0.00391642  -0.87331790  13.80283330   0.20906533
 "DRIFT_25"              30.62238908   0.00000000   0.00000000  -0.06265301   0.05523140   1.10946192  14.38941515   0.75677181   0.00000000   0.00000000   0.02127330   0.00391642  -0.87877088  13.87764749   0.20955636
 "STRAY44"               30.62238908   0.00000000   0.00000000  -0.06265301   0.05523524   1.10415527  14.38941515   0.75677181   0.00000000   0.00000000   0.02127330   0.00390858  -0.87365297  13.87764749   0.20955636
 "DRIFT_25"              30.66508908   0.00000000   0.00000000  -0.06029446   0.05523524   1.09757000  14.29540148   0.75724565   0.00000000   0.00000000   0.02144019   0.00390858  -0.87907835  13.95248912   0.21004475
 "STRAY45"               30.66508908   0.00000000   0.00000000  -0.06029446   0.05524038   1.09197147  14.29540148   0.75724565   0.00000000   0.00000000   0.02144019   0.00390018  -0.87361412  13.95248912   0.21004475
 "DRIFT_25"              30.70778908   0.00000000   0.00000000  -0.05793570   0.05524038   1.08542282  14.20242675   0.75772259   0.00000000   0.00000000   0.02160673   0.00390018  -0.87901020  14.02732617   0.21053052
 "STRAY46"               30.70778908   0.00000000   0.00000000  -0.05793570   0.05524697   1.07952411  14.20242675   0.75772259   0.00000000   0.00000000   0.02160673   0.00389121  -0.87318420  14.02732617   0.21053052
 "DRIFT_25"              30.75048908   0.00000000   0.00000000  -0.05557665   0.05524697   1.07301385  14.11051337   0.75820265   0.00000000   0.00000000   0.02177289   0.00389121  -0.87854921  14.10212519   0.21101372
 "STRAY47"               30.75048908   0.00000000   0.00000000  -0.05557665   0.05525521   1.06680735  14.11051337   0.75820265   0.00000000   0.00000000   0.02177289   0.00388163  -0.87234639  14.10212519   0.21101372
 "DRIFT_25"              30.79318908   0.00000000   0.00000000  -0.05321725   0.05525521   1.06033729  14.01968430   0.75868583   0.00000000   0.00000000   0.02193863   0.00388163  -0.87767851  14.17685125   0.21149435
 "STRAY48"               30.79318908   0.00000000   0.00000000  -0.05321725   0.05526529   1.05381627  14.01968430   0.75868583   0.00000000   0.00000000   0.02193863   0.00387143  -0.87108439  14.17685125   0.21149435
 "DRIFT_25"              30.83588908   0.00000000   0.00000000  -0.05085743   0.05526529   1.04738819  13.92996287   0.75917213   0.00000000   0.00000000   0.02210394   0.00387143  -0.87638177  14.25146806   0.21197246
 "STRAY49"               30.83588908   0.00000000   0.00000000  -0.05085743   0.05527742   1.04054693  13.92996287   0.75917213   0.00000000   0.00000000   0.02210394   0.00386057  -0.86938261  14.25146806   0.21197246
 "DRIFT_25"              30.87858908   0.00000000   0.00000000  -0.04849708   0.05527742   1.03416264  13.84137277   0.75966156   0.00000000   0.00000000   0.02226879   0.00386057  -0.87464339  14.32593797   0.21244808
 "STRAY50"               30.87858908   0.00000000   0.00000000  -0.04849708   0.05529181   1.02699635  13.84137277   0.75966156   0.00000000   0.00000000   0.02226879   0.00384904  -0.86722622  14.32593797   0.21244808
 "DRIFT_25"              30.92128908   0.00000000   0.00000000  -0.04613612   0.05529181   1.02065763  13.75393794   0.76015410   0.00000000   0.00000000   0.02243314   0.00384904  -0.87244849  14.40022208   0.21292123
 "STRAY51"               30.92128908   0.00000000   0.00000000  -0.04613612   0.05530867   1.01316232  13.75393794   0.76015410   0.00000000   0.00000000   0.02243314   0.00383681  -0.86460097  14.40022208   0.21292123
 "DRIFT_25"              30.96398908   0.00000000   0.00000000  -0.04377444   0.05530867   1.00687092  13.66768253   0.76064976   0.00000000   0.00000000   0.02259697   0.00383681  -0.86978282  14.47428027   0.21339196
 "STRAY52"               30.96398908   0.00000000   0.00000000  -0.04377444   0.05532817   0.99906630  13.66768253   0.76064976   0.00000000   0.00000000   0.02259697   0.00382391  -0.86151761  14.47428027   0.21339196
 "DRIFT_26"              31.00658908   0.00000000   0.00000000  -0.04141746   0.05532817   0.99283844  13.58282738   0.76114737   0.00000000   0.00000000   0.02275987   0.00382391  -0.86664521  14.54790000   0.21385919
 "STRAY53"               31.00658908   0.00000000   0.00000000  -0.04141746   0.05535051   0.98472194  13.58282738   0.76114737   0.00000000   0.00000000   0.02275987   0.00381031  -0.85795202  14.54790000   0.21385919
 "DRIFT_25"              31.04928908   0.00000000   0.00000000  -0.03905399   0.05535051   0.97852991  13.49899653   0.76164926   0.00000000   0.00000000   0.02292257   0.00381031  -0.86304765  14.62138669   0.21432515
 "STRAY54"               31.04928908   0.00000000   0.00000000  -0.03905399   0.05537594   0.97009932  13.49899653   0.76164926   0.00000000   0.00000000   0.02292257   0.00379600  -0.85391609  14.62138669   0.21432515
 "DRIFT_25"              31.09198908   0.00000000   0.00000000  -0.03668944   0.05537594   0.96395926  13.41641223   0.76215424   0.00000000   0.00000000   0.02308466   0.00379600  -0.85896593  14.69452675   0.21478879
 "STRAY55"               31.09198908   0.00000000   0.00000000  -0.03668944   0.05540467   0.95521213  13.41641223   0.76215424   0.00000000   0.00000000   0.02308466   0.00378094  -0.84938551  14.69452675   0.21478879
 "DRIFT_25"              31.13468908   0.00000000   0.00000000  -0.03432366   0.05540467   0.94912550  13.33509701   0.76266232   0.00000000   0.00000000   0.02324611   0.00378094  -0.85438779  14.76727787   0.21525013
 "STRAY56"               31.13468908   0.00000000   0.00000000  -0.03432366   0.05543693   0.94005878  13.33509701   0.76266232   0.00000000   0.00000000   0.02324611   0.00376514  -0.84434731  14.76727787   0.21525013
 "DRIFT_26"              31.17728908   0.00000000   0.00000000  -0.03196205   0.05543693   0.93404112  13.25526035   0.76317229   0.00000000   0.00000000   0.02340650   0.00376514  -0.84928868  14.83942676   0.21570814
 "STRAY57"               31.17728908   0.00000000   0.00000000  -0.03196205   0.05547296   0.92465083  13.25526035   0.76317229   0.00000000   0.00000000   0.02340650   0.00374856  -0.83877613  14.83942676   0.21570814
 "DRIFT_25"              31.21998908   0.00000000   0.00000000  -0.02959335   0.05547296   0.91867527  13.17655033   0.76368651   0.00000000   0.00000000   0.02356657   0.00374856  -0.84367803  14.91126756   0.21616499
 "STRAY58"               31.21998908   0.00000000   0.00000000  -0.02959335   0.05551299   0.90895716  13.17655033   0.76368651   0.00000000   0.00000000   0.02356657   0.00373118  -0.83268051  14.91126756   0.21616499
 "DRIFT_25"              31.26268908   0.00000000   0.00000000  -0.02722295   0.05551299   0.90303916  13.09917809   0.76420379   0.00000000   0.00000000   0.02372589   0.00373118  -0.83752962  14.98258553   0.21661967
 "STRAY59"               31.26268908   0.00000000   0.00000000  -0.02722295   0.05555722   0.89298877  13.09917809   0.76420379   0.00000000   0.00000000   0.02372589   0.00371297  -0.82603418  14.98258553   0.21661967
 "DRIFT_25"              31.30538908   0.00000000   0.00000000  -0.02485066   0.05555722   0.88712961  13.02316703   0.76472411   0.00000000   0.00000000   0.02388443   0.00371297  -0.83082879  15.05333358   0.21707219
 "STRAY60"               31.30538908   0.00000000   0.00000000  -0.02485066   0.05560587   0.87674290  13.02316703   0.76472411   0.00000000   0.00000000   0.02388443   0.00369392  -0.81882291  15.05333358   0.21707219
 "DRIFT_27"              31.32728908   0.00000000   0.00000000  -0.02363289   0.05560587   0.87376866  12.98483083   0.76499214   0.00000000   0.00000000   0.02396533   0.00369392  -0.82125315  15.08925124   0.21730345
 "STRAY61"               31.32728908   0.00000000   0.00000000  -0.02363289   0.05563273   0.86823623  12.98483083   0.76499214   0.00000000   0.00000000   0.02396533   0.00368371  -0.81482410  15.08925124   0.21730345
 "DRIFT_27"              31.34918908   0.00000000   0.00000000  -0.02241453   0.05563273   0.86527824  12.94686686   0.76526096   0.00000000   0.00000000   0.02404600   0.00368371  -0.81723908  15.12499343   0.21753417
 "STRAY62"               31.34918908   0.00000000   0.00000000  -0.02241453   0.05566078   0.85966214  12.94686686   0.76526096   0.00000000   0.00000000   0.02404600   0.00367328  -0.81067815  15.12499343   0.21753417
 "DRIFT_28"              31.37118908   0.00000000   0.00000000  -0.02118999   0.05566078   0.85670711  12.90910674   0.76553180   0.00000000   0.00000000   0.02412681   0.00367328  -0.81308862  15.16071630   0.21776540
 "STRAY63"               31.37118908   0.00000000   0.00000000  -0.02118999   0.05569001   0.85100942  12.90910674   0.76553180   0.00000000   0.00000000   0.02412681   0.00366263  -0.80639714  15.16071630   0.21776540
 "DRIFT_27"              31.39308908   0.00000000   0.00000000  -0.01997038   0.05569001   0.84808432  12.87189659   0.76580220   0.00000000   0.00000000   0.02420702   0.00366263  -0.80878100  15.19608870   0.21799503
 "STRAY64"               31.39308908   0.00000000   0.00000000  -0.01997038   0.05572041   0.84230905  12.87189659   0.76580220   0.00000000   0.00000000   0.02420702   0.00365177  -0.80196293  15.19608870   0.21799503
 "DRIFT_28"              31.41508908   0.00000000   0.00000000  -0.01874453   0.05572041   0.83938729  12.83489927   0.76607461   0.00000000   0.00000000   0.02428736   0.00365177  -0.80434178  15.23142740   0.21822518
 "STRAY65"               31.41508908   0.00000000   0.00000000  -0.01874453   0.05575196   0.83354207  12.83489927   0.76607461   0.00000000   0.00000000   0.02428736   0.00364071  -0.79740514  15.23142740   0.21822518
 "DRIFT_27"              31.43698908   0.00000000   0.00000000  -0.01752356   0.05575196   0.83065027  12.79845345   0.76634656   0.00000000   0.00000000   0.02436710   0.00364071  -0.79975720  15.26640526   0.21845376
 "STRAY66"               31.43698908   0.00000000   0.00000000  -0.01752356   0.05578461   0.82474804  12.79845345   0.76634656   0.00000000   0.00000000   0.02436710   0.00362947  -0.79271684  15.26640526   0.21845376
 "DRIFT_27"              31.45888908   0.00000000   0.00000000  -0.01630188   0.05578461   0.82187296  12.76239245   0.76661928   0.00000000   0.00000000   0.02444658   0.00362947  -0.79505281  15.30117741   0.21868181
 "STRAY67"               31.45888908   0.00000000   0.00000000  -0.01630188   0.05581830   0.81593472  12.76239245   0.76661928   0.00000000   0.00000000   0.02444658   0.00361810  -0.78793329  15.30117741   0.21868181
 "DRIFT_28"              31.48088908   0.00000000   0.00000000  -0.01507388   0.05581830   0.81306327  12.72655450   0.76689402   0.00000000   0.00000000   0.02452618   0.00361810  -0.79026373  15.33589775   0.21891038
 "STRAY68"               31.48088908   0.00000000   0.00000000  -0.01507388   0.05585294   0.80712052  12.72655450   0.76689402   0.00000000   0.00000000   0.02452618   0.00360665  -0.78310253  15.33589775   0.21891038
 "DRIFT_27"              31.50278908   0.00000000   0.00000000  -0.01385070   0.05585294   0.80427870  12.69126486   0.76716828   0.00000000   0.00000000   0.02460516   0.00360665  -0.78540628  15.37024809   0.21913740
 "STRAY69"               31.50278908   0.00000000   0.00000000  -0.01385070   0.05588842   0.79837407  12.69126486   0.76716828   0.00000000   0.00000000   0.02460516   0.00359520  -0.77825525  15.37024809   0.21913740
 "DRIFT_28"              31.52478908   0.00000000   0.00000000  -0.01262115   0.05588842   0.79553567  12.65619884   0.76744455   0.00000000   0.00000000   0.02468426   0.00359520  -0.78055352  15.40454188   0.21936495
 "STRAY70"               31.52478908   0.00000000   0.00000000  -0.01262115   0.05592461   0.78972000  12.65619884   0.76744455   0.00000000   0.00000000   0.02468426   0.00358386  -0.77347495  15.40454188   0.21936495
 "DRIFT_27"              31.54668908   0.00000000   0.00000000  -0.01139641   0.05592461   0.78691046  12.62167063   0.76772032   0.00000000   0.00000000   0.02476275   0.00358386  -0.77574714  15.43846985   0.21959097
 "STRAY71"               31.54668908   0.00000000   0.00000000  -0.01139641   0.05596136   0.78123619  12.62167063   0.76772032   0.00000000   0.00000000   0.02476275   0.00357272  -0.76880653  15.43846985   0.21959097
 "DRIFT_27"              31.56858908   0.00000000   0.00000000  -0.01017085   0.05596136   0.77844209  12.58751368   0.76799685   0.00000000   0.00000000   0.02484099   0.00357272  -0.77106351  15.47219300   0.21981649
 "STRAY72"               31.56858908   0.00000000   0.00000000  -0.01017085   0.05599861   0.77294398  12.58751368   0.76799685   0.00000000   0.00000000   0.02484099   0.00356187  -0.76430540  15.47219300   0.21981649
 "DRIFT_28"              31.59058908   0.00000000   0.00000000  -0.00893888   0.05599861   0.77015203  12.55356557   0.76827539   0.00000000   0.00000000   0.02491935   0.00356187  -0.76655793  15.50587199   0.22004255
 "STRAY73"               31.59058908   0.00000000   0.00000000  -0.00893888   0.05603622   0.76484700  12.55356557   0.76827539   0.00000000   0.00000000   0.02491935   0.00355134  -0.76000529  15.50587199   0.22004255
 "DRIFT_27"              31.61248908   0.00000000   0.00000000  -0.00771169   0.05603622   0.76208195  12.52012582   0.76855341   0.00000000   0.00000000   0.02499712   0.00355134  -0.76223345  15.53920902   0.22026709
 "STRAY74"               31.61248908   0.00000000   0.00000000  -0.00771169   0.05607419   0.75695844  12.52012582   0.76855341   0.00000000   0.00000000   0.02499712   0.00354111  -0.75587447  15.53920902   0.22026709
 "DRIFT_27"              31.63438908   0.00000000   0.00000000  -0.00648366   0.05607419   0.75420700  12.48703130   0.76883217   0.00000000   0.00000000   0.02507467   0.00354111  -0.75808902  15.57236482   0.22049116
 "STRAY75"               31.63438908   0.00000000   0.00000000  -0.00648366   0.05611255   0.74923548  12.48703130   0.76883217   0.00000000   0.00000000   0.02507467   0.00353113  -0.75188913  15.57236482   0.22049116
 "DRIFT_28"              31.65638908   0.00000000   0.00000000  -0.00524919   0.05611255   0.74648465  12.45412546   0.76911295   0.00000000   0.00000000   0.02515236   0.00353113  -0.75410058  15.60549660   0.22071577
 "STRAY76"               31.65638908   0.00000000   0.00000000  -0.00524919   0.05615139   0.74162768  12.45412546   0.76911295   0.00000000   0.00000000   0.02515236   0.00352132  -0.74801462  15.60549660   0.22071577
 "DRIFT_27"              31.67828908   0.00000000   0.00000000  -0.00401947   0.05615139   0.73890206  12.42170186   0.76939318   0.00000000   0.00000000   0.02522948   0.00352132  -0.75020318  15.63830756   0.22093888
 "STRAY77"               31.67828908   0.00000000   0.00000000  -0.00401947   0.05619082   0.73412262  12.42170186   0.76939318   0.00000000   0.00000000   0.02522948   0.00351161  -0.74418610  15.63830756   0.22093888
 "DRIFT_27"              31.70018908   0.00000000   0.00000000  -0.00278889   0.05619082   0.73140941  12.38960670   0.76967414   0.00000000   0.00000000   0.02530638   0.00351161  -0.74636207  15.67095057   0.22116153
 "STRAY78"               31.70018908   0.00000000   0.00000000  -0.00278889   0.05623097   0.72667591  12.38960670   0.76967414   0.00000000   0.00000000   0.02530638   0.00350195  -0.74037492  15.67095057   0.22116153
 "DRIFT_28"              31.72218908   0.00000000   0.00000000  -0.00155181   0.05623097   0.72396256  12.35769266   0.76995711   0.00000000   0.00000000   0.02538342   0.00350195  -0.74254833  15.70357488   0.22138473
 "STRAY79"               31.72218908   0.00000000   0.00000000  -0.00155181   0.05627194   0.71925049  12.35769266   0.76995711   0.00000000   0.00000000   0.02538342   0.00349227  -0.73656045  15.70357488   0.22138473
 "DRIFT_27"              31.74408908   0.00000000   0.00000000  -0.00031946   0.05627194   0.71656153  12.32624838   0.77023952   0.00000000   0.00000000   0.02545990   0.00349227  -0.73871163  15.73588334   0.22160646
 "STRAY80"               31.74408908   0.00000000   0.00000000  -0.00031946   0.05631385   0.71185290  12.32624838   0.77023952   0.00000000   0.00000000   0.02545990   0.00348254  -0.73270052  15.73588334   0.22160646
 "DRIFT_24"              31.78688908   0.00000000   0.00000000   0.00209078   0.05631385   0.70662112  12.26553769   0.77079352   0.00000000   0.00000000   0.02560896   0.00348254  -0.73688059  15.79878141   0.22203848
 "STRAY81"               31.78688908   0.00000000   0.00000000   0.00209078   0.05639854   0.69743032  12.26553769   0.77079352   0.00000000   0.00000000   0.02560896   0.00346335  -0.72504227  15.79878141   0.22203848
 "DRIFT_29"              31.82978908   0.00000000   0.00000000   0.00451027   0.05639854   0.69223145  12.20592120   0.77135154   0.00000000   0.00000000   0.02575753   0.00346335  -0.72918512  15.86116777   0.22246980
 "STRAY82"               31.82978908   0.00000000   0.00000000   0.00451027   0.05648737   0.68297248  12.20592120   0.77135154   0.00000000   0.00000000   0.02575753   0.00344381  -0.71715341  15.86116777   0.22246980
 "DRIFT_24"              31.87258908   0.00000000   0.00000000   0.00692793   0.05648737   0.67783038  12.14767883   0.77191095   0.00000000   0.00000000   0.02590493   0.00344381  -0.72123964  15.92273099   0.22289844
 "STRAY83"               31.87258908   0.00000000   0.00000000   0.00692793   0.05658071   0.66847562  12.14767883   0.77191095   0.00000000   0.00000000   0.02590493   0.00342386  -0.70897777  15.92273099   0.22289844
 "DRIFT_24"              31.91538908   0.00000000   0.00000000   0.00934959   0.05658071   0.66337789  12.09067550   0.77247302   0.00000000   0.00000000   0.02605147   0.00342386  -0.71301686  15.98359236   0.22332543
 "STRAY84"               31.91538908   0.00000000   0.00000000   0.00934959   0.05667885   0.65391656  12.09067550   0.77247302   0.00000000   0.00000000   0.02605147   0.00340348  -0.70050921  15.98359236   0.22332543
 "DRIFT_24"              31.95818908   0.00000000   0.00000000   0.01177544   0.05667885   0.64886295  12.03491654   0.77303772   0.00000000   0.00000000   0.02619714   0.00340348  -0.70450096  16.04372679   0.22375081
 "STRAY85"               31.95818908   0.00000000   0.00000000   0.01177544   0.05678199   0.63929093  12.03491654   0.77303772   0.00000000   0.00000000   0.02619714   0.00338264  -0.69174052  16.04372679   0.22375081
 "DRIFT_29"              32.00108908   0.00000000   0.00000000   0.01421139   0.05678199   0.63426947  11.98028080   0.77360635   0.00000000   0.00000000   0.02634225   0.00338264  -0.69569396  16.10324773   0.22417559
 "STRAY86"               32.00108908   0.00000000   0.00000000   0.01421139   0.05689031   0.62458455  11.98028080   0.77360635   0.00000000   0.00000000   0.02634225   0.00336135  -0.68267601  16.10324773   0.22417559
 "DRIFT_24"              32.04388908   0.00000000   0.00000000   0.01664629   0.05689031   0.61961834  11.92702892   0.77417620   0.00000000   0.00000000   0.02648612   0.00336135  -0.68657254  16.16185157   0.22459783
 "STRAY87"               32.04388908   0.00000000   0.00000000   0.01664629   0.05700395   0.60981818  11.92702892   0.77417620   0.00000000   0.00000000   0.02648612   0.00333958  -0.67329272  16.16185157   0.22459783
 "DRIFT_24"              32.08668908   0.00000000   0.00000000   0.01908606   0.05700395   0.60489521  11.87503918   0.77474858   0.00000000   0.00000000   0.02662905   0.00333958  -0.67714143  16.21965015   0.22501856
 "STRAY88"               32.08668908   0.00000000   0.00000000   0.01908606   0.05712307   0.59497787  11.87503918   0.77474858   0.00000000   0.00000000   0.02662905   0.00331734  -0.66359572  16.21965015   0.22501856
 "DRIFT_24"              32.12948908   0.00000000   0.00000000   0.02153093   0.05712307   0.59009779  11.82431795   0.77532343   0.00000000   0.00000000   0.02677104   0.00331734  -0.66739650  16.27661662   0.22543780
 "STRAY89"               32.12948908   0.00000000   0.00000000   0.02153093   0.05724779   0.58006201  11.82431795   0.77532343   0.00000000   0.00000000   0.02677104   0.00329462  -0.65358187  16.27661662   0.22543780
 "DRIFT_24"              32.17228908   0.00000000   0.00000000   0.02398114   0.05724779   0.57522443  11.77487169   0.77590073   0.00000000   0.00000000   0.02691205   0.00329462  -0.65733467  16.33272385   0.22585558
 "STRAY90"               32.17228908   0.00000000   0.00000000   0.02398114   0.05737826   0.56506927  11.77487169   0.77590073   0.00000000   0.00000000   0.02691205   0.00327141  -0.64324862  16.33272385   0.22585558
 "DRIFT_29"              32.21518908   0.00000000   0.00000000   0.02644266   0.05737826   0.56026259  11.72659495   0.77648178   0.00000000   0.00000000   0.02705239   0.00327141  -0.64696206  16.38807389   0.22627292
 "STRAY91"               32.21518908   0.00000000   0.00000000   0.02644266   0.05751456   0.54998690  11.72659495   0.77648178   0.00000000   0.00000000   0.02705239   0.00324771  -0.63260165  16.38807389   0.22627292
 "DRIFT_24"              32.25798908   0.00000000   0.00000000   0.02890429   0.05751456   0.54523305  11.67971953   0.77706383   0.00000000   0.00000000   0.02719139   0.00324771  -0.63625845  16.44238110   0.22668789
 "STRAY92"               32.25798908   0.00000000   0.00000000   0.02890429   0.05765663   0.53484447  11.67971953   0.77706383   0.00000000   0.00000000   0.02719139   0.00322352  -0.62163369  16.44238110   0.22668789
 "DRIFT_24"              32.30078908   0.00000000   0.00000000   0.03137199   0.05765663   0.53013175  11.63413855   0.77764820   0.00000000   0.00000000   0.02732936   0.00322352  -0.62524261  16.49574740   0.22710150
 "STRAY93"               32.30078908   0.00000000   0.00000000   0.03137199   0.05780460   0.51962875  11.63413855   0.77764820   0.00000000   0.00000000   0.02732936   0.00319885  -0.61035068  16.49574740   0.22710150
 "DRIFT_24"              32.34358908   0.00000000   0.00000000   0.03384603   0.05780460   0.51495659  11.58985830   0.77823482   0.00000000   0.00000000   0.02746627   0.00319885  -0.61391185  16.54814584   0.22751379
 "STRAY94"               32.34358908   0.00000000   0.00000000   0.03384603   0.05795859   0.50433801  11.58985830   0.77823482   0.00000000   0.00000000   0.02746627   0.00317368  -0.59875051  16.54814584   0.22751379
 "DRIFT_24"              32.38638908   0.00000000   0.00000000   0.03632665   0.05795859   0.49970581  11.54688522   0.77882365   0.00000000   0.00000000   0.02760210   0.00317368  -0.60226413  16.59954927   0.22792479
 "STRAY95"               32.38638908   0.00000000   0.00000000   0.03632665   0.05811872   0.48896995  11.54688522   0.77882365   0.00000000   0.00000000   0.02760210   0.00314802  -0.58683049  16.59954927   0.22792479
 "DRIFT_24"              32.42918908   0.00000000   0.00000000   0.03881414   0.05811872   0.48437710  11.50522597   0.77941465   0.00000000   0.00000000   0.02773684   0.00314802  -0.59029679  16.64993031   0.22833453
 "STRAY96"               32.42918908   0.00000000   0.00000000   0.03881414   0.05828513   0.47351979  11.50522597   0.77941465   0.00000000   0.00000000   0.02773684   0.00312185  -0.57458450  16.64993031   0.22833453
 "DRIFT_24"              32.47198908   0.00000000   0.00000000   0.04130874   0.05828513   0.46896563  11.46488759   0.78000775   0.00000000   0.00000000   0.02787045   0.00312185  -0.57800375  16.69926109   0.22874305
 "STRAY97"               32.47198908   0.00000000   0.00000000   0.04130874   0.05845800   0.45798024  11.46488759   0.78000775   0.00000000   0.00000000   0.02787045   0.00309514  -0.56200291  16.69926109   0.22874305
 "DRIFT_24"              32.51478908   0.00000000   0.00000000   0.04381074   0.05845800   0.45346410  11.42587778   0.78060292   0.00000000   0.00000000   0.02800293   0.00309514  -0.56537541  16.74751288   0.22915038
 "STRAY98"               32.51478908   0.00000000   0.00000000   0.04381074   0.05863748   0.44234421  11.42587778   0.78060292   0.00000000   0.00000000   0.02800293   0.00306789  -0.54907641  16.74751288   0.22915038
 "DRIFT_24"              32.55758908   0.00000000   0.00000000   0.04632043   0.05863748   0.43786538  11.38820481   0.78120008   0.00000000   0.00000000   0.02813423   0.00306789  -0.55240249  16.79465618   0.22955654
 "STRAY99"               32.55758908   0.00000000   0.00000000   0.04632043   0.05882374   0.42660645  11.38820481   0.78120008   0.00000000   0.00000000   0.02813423   0.00304007  -0.53579849  16.79465618   0.22955654
 "DRIFT_24"              32.60038908   0.00000000   0.00000000   0.04883808   0.05882374   0.42216420  11.35187742   0.78179919   0.00000000   0.00000000   0.02826435   0.00304007  -0.53907852  16.84066092   0.22996158
 "STRAY100"              32.60038908   0.00000000   0.00000000   0.04883808   0.05901692   0.41076232  11.35187742   0.78179919   0.00000000   0.00000000   0.02826435   0.00301169  -0.52216369  16.84066092   0.22996158
 "DRIFT_24"              32.64318908   0.00000000   0.00000000   0.05136401   0.05901692   0.40635587  11.31690476   0.78240018   0.00000000   0.00000000   0.02839325   0.00301169  -0.52539810  16.88549656   0.23036553
 "STRAY101"              32.64318908   0.00000000   0.00000000   0.05136401   0.05921711   0.39480631  11.31690476   0.78240018   0.00000000   0.00000000   0.02839325   0.00298271  -0.50816546  16.88549656   0.23036553
 "DRIFT_24"              32.68598908   0.00000000   0.00000000   0.05389850   0.05921711   0.39043485  11.28329644   0.78300299   0.00000000   0.00000000   0.02852091   0.00298271  -0.51135472  16.92913203   0.23076843
 "STRAY102"              32.68598908   0.00000000   0.00000000   0.05389850   0.05942410   0.37874995  11.28329644   0.78300299   0.00000000   0.00000000   0.02852091   0.00295317  -0.49382303  16.92913203   0.23076843
 "DRIFT_24"              32.72878908   0.00000000   0.00000000   0.05644185   0.05942410   0.37441259  11.25106109   0.78360756   0.00000000   0.00000000   0.02864730   0.00295317  -0.49696774  16.97153787   0.23117030
 "STRAY103"              32.72878908   0.00000000   0.00000000   0.05644185   0.05963806   0.36258754  11.25106109   0.78360756   0.00000000   0.00000000   0.02864730   0.00292306  -0.47913038  16.97153787   0.23117030
 "DRIFT_24"              32.77158908   0.00000000   0.00000000   0.05899436   0.05963806   0.35828333  11.22020781   0.78421384   0.00000000   0.00000000   0.02877241   0.00292306  -0.48223118  17.01268415   0.23157118
 "STRAY104"              32.77158908   0.00000000   0.00000000   0.05899436   0.05985912   0.34631400  11.22020781   0.78421384   0.00000000   0.00000000   0.02877241   0.00289237  -0.46408264  17.01268415   0.23157118
 "DRIFT_25"              32.81428908   0.00000000   0.00000000   0.06155034   0.05985912   0.34205194  11.19081459   0.78482032   0.00000000   0.00000000   0.02889591   0.00289237  -0.46713309  17.05244706   0.23197018
 "STRAY105"              32.81428908   0.00000000   0.00000000   0.06155034   0.06008746   0.32993344  11.19081459   0.78482032   0.00000000   0.00000000   0.02889591   0.00286108  -0.44866705  17.05244706   0.23197018
 "DRIFT_24"              32.85708908   0.00000000   0.00000000   0.06412209   0.06008746   0.32569255  11.16275379   0.78542978   0.00000000   0.00000000   0.02901837   0.00286108  -0.45168220  17.09098200   0.23236919
 "STRAY106"              32.85708908   0.00000000   0.00000000   0.06412209   0.06032327   0.31341528  11.16275379   0.78542978   0.00000000   0.00000000   0.02901837   0.00282916  -0.43288481  17.09098200   0.23236919
 "DRIFT_24"              32.89988908   0.00000000   0.00000000   0.06670392   0.06032327   0.30920447  11.13610567   0.78604074   0.00000000   0.00000000   0.02913946   0.00282916  -0.43585832  17.12816421   0.23276732
 "STRAY107"              32.89988908   0.00000000   0.00000000   0.06670392   0.06056683   0.29675444  11.13610567   0.78604074   0.00000000   0.00000000   0.02913946   0.00279659  -0.41670924  17.12816421   0.23276732
 "DRIFT_24"              32.94268908   0.00000000   0.00000000   0.06929618   0.06056683   0.29257263  11.11088247   0.78665313   0.00000000   0.00000000   0.02925915   0.00279659  -0.41964196  17.16396004   0.23316460
 "STRAY108"              32.94268908   0.00000000   0.00000000   0.06929618   0.06081839   0.27993751  11.11088247   0.78665313   0.00000000   0.00000000   0.02925915   0.00276331  -0.40012338  17.16396004   0.23316460
 "DRIFT_24"              32.98548908   0.00000000   0.00000000   0.07189921   0.06081839   0.27578356  11.08709761   0.78726686   0.00000000   0.00000000   0.02937742   0.00276331  -0.40301620  17.19833442   0.23356107
 "STRAY109"              32.98548908   0.00000000   0.00000000   0.07189921   0.06107816   0.26295536  11.08709761   0.78726686   0.00000000   0.00000000   0.02937742   0.00272932  -0.38311705  17.19833442   0.23356107
 "DRIFT_24"              33.02828908   0.00000000   0.00000000   0.07451336   0.06107816   0.25882809  11.06476528   0.78788188   0.00000000   0.00000000   0.02949423   0.00272932  -0.38597094  17.23125138   0.23395677
 "STRAY110"              33.02828908   0.00000000   0.00000000   0.07451336   0.06134637   0.24579929  11.06476528   0.78788188   0.00000000   0.00000000   0.02949423   0.00269459  -0.36568109  17.23125138   0.23395677
 "DRIFT_25"              33.07098908   0.00000000   0.00000000   0.07713285   0.06134637   0.24170704  11.04394876   0.78849665   0.00000000   0.00000000   0.02960929   0.00269459  -0.36849052  17.26260051   0.23435081
 "STRAY111"              33.07098908   0.00000000   0.00000000   0.07713285   0.06162317   0.22846766  11.04394876   0.78849665   0.00000000   0.00000000   0.02960929   0.00265910  -0.34779627  17.26260051   0.23435081
 "DRIFT_24"              33.11378908   0.00000000   0.00000000   0.07977032   0.06162317   0.22438994  11.02456645   0.78911399   0.00000000   0.00000000   0.02972310   0.00265910  -0.35057553  17.29249082   0.23474507
 "STRAY112"              33.11378908   0.00000000   0.00000000   0.07977032   0.06190841   0.21095008  11.02456645   0.78911399   0.00000000   0.00000000   0.02972310   0.00262286  -0.32949455  17.29249082   0.23474507
 "DRIFT_25"              33.15648908   0.00000000   0.00000000   0.08241381   0.06190841   0.20690456  11.00672406   0.78973092   0.00000000   0.00000000   0.02983510   0.00262286  -0.33223191  17.32074654   0.23513775
 "STRAY113"              33.15648908   0.00000000   0.00000000   0.08241381   0.06220231   0.19325526  11.00672406   0.78973092   0.00000000   0.00000000   0.02983510   0.00258586  -0.31075267  17.32074654   0.23513775
 "DRIFT_24"              33.19928908   0.00000000   0.00000000   0.08507606   0.06220231   0.18922150  10.99035405   0.79035026   0.00000000   0.00000000   0.02994577   0.00258586  -0.31346232  17.34746294   0.23553072
 "STRAY114"              33.19928908   0.00000000   0.00000000   0.08507606   0.06250507   0.17535755  10.99035405   0.79035026   0.00000000   0.00000000   0.02994577   0.00254809  -0.29157908  17.34746294   0.23553072
 "DRIFT_24"              33.24208908   0.00000000   0.00000000   0.08775128   0.06250507   0.17134347  10.97551525   0.79097049   0.00000000   0.00000000   0.03005483   0.00254809  -0.29425606  17.37253669   0.23592311
 "STRAY115"              33.24208908   0.00000000   0.00000000   0.08775128   0.06281690   0.15725981  10.97551525   0.79097049   0.00000000   0.00000000   0.03005483   0.00250952  -0.27196382  17.37253669   0.23592311
 "DRIFT_25"              33.28478908   0.00000000   0.00000000   0.09043356   0.06281690   0.15327312  10.96225549   0.79159005   0.00000000   0.00000000   0.03016199   0.00250952  -0.27460352  17.39587511   0.23631403
 "STRAY116"              33.28478908   0.00000000   0.00000000   0.09043356   0.06313813   0.13895357  10.96225549   0.79159005   0.00000000   0.00000000   0.03016199   0.00247012  -0.25187999  17.39587511   0.23631403
 "DRIFT_24"              33.32758908   0.00000000   0.00000000   0.09313588   0.06313813   0.13497388  10.95053140   0.79221177   0.00000000   0.00000000   0.03026771   0.00247012  -0.25449644  17.41754802   0.23670537
 "STRAY117"              33.32758908   0.00000000   0.00000000   0.09313588   0.06346921   0.12039380  10.95053140   0.79221177   0.00000000   0.00000000   0.03026771   0.00242982  -0.23130585  17.41754802   0.23670537
 "DRIFT_24"              33.37038908   0.00000000   0.00000000   0.09585236   0.06346921   0.11642866  10.94039540   0.79283412   0.00000000   0.00000000   0.03037171   0.00242982  -0.23389462  17.43745860   0.23709623
 "STRAY118"              33.37038908   0.00000000   0.00000000   0.09585236   0.06381056   0.10156708  10.94039540   0.79283412   0.00000000   0.00000000   0.03037171   0.00238857  -0.21020734  17.43745860   0.23709623
 "DRIFT_25"              33.41308908   0.00000000   0.00000000   0.09857707   0.06381056   0.09762385  10.93188994   0.79345554   0.00000000   0.00000000   0.03047370   0.00238857  -0.21276429  17.45551949   0.23748576
 "STRAY119"              33.41308908   0.00000000   0.00000000   0.09857707   0.06416245   0.08246833  10.93188994   0.79345554   0.00000000   0.00000000   0.03047370   0.00234632  -0.18856467  17.45551949   0.23748576
 "DRIFT_24"              33.45588908   0.00000000   0.00000000   0.10132322   0.06416245   0.07852655  10.92499936   0.79407885   0.00000000   0.00000000   0.03057412   0.00234632  -0.19110380  17.47176930   0.23787582
 "STRAY120"              33.45588908   0.00000000   0.00000000   0.10132322   0.06452516   0.06306200  10.92499936   0.79407885   0.00000000   0.00000000   0.03057412   0.00230304  -0.16637218  17.47176930   0.23787582
 "DRIFT_30"              33.47678908   0.00000000   0.00000000   0.10267180   0.06452516   0.06114135  10.92240351   0.79438336   0.00000000   0.00000000   0.03062225   0.00230304  -0.16760150  17.47874935   0.23806617
 "STRAY121"              33.47678908   0.00000000   0.00000000   0.10267180   0.06470678   0.05342060  10.92240351   0.79438336   0.00000000   0.00000000   0.03062225   0.00228139  -0.15524625  17.47874935   0.23806617
 "DRIFT_30"              33.49768908   0.00000000   0.00000000   0.10402417   0.06470678   0.05150164  10.92021064   0.79468793   0.00000000   0.00000000   0.03066994   0.00228139  -0.15647081  17.48526424   0.23825644
 "STRAY122"              33.49768908   0.00000000   0.00000000   0.10402417   0.06489100   0.04369873  10.92021064   0.79468793   0.00000000   0.00000000   0.03066994   0.00225948  -0.14397692  17.48526424   0.23825644
 "DRIFT_30"              33.51858908   0.00000000   0.00000000   0.10538039   0.06489100   0.04178120  10.91842411   0.79499256   0.00000000   0.00000000   0.03071716   0.00225948  -0.14519699  17.49130797   0.23844664
 "STRAY123"              33.51858908   0.00000000   0.00000000   0.10538039   0.06507781   0.03389158  10.91842411   0.79499256   0.00000000   0.00000000   0.03071716   0.00223728  -0.13255783  17.49130797   0.23844664
 "DRIFT_30"              33.53948908   0.00000000   0.00000000   0.10674052   0.06507781   0.03197519  10.91704749   0.79529723   0.00000000   0.00000000   0.03076392   0.00223728  -0.13377371  17.49687430   0.23863678
 "STRAY124"              33.53948908   0.00000000   0.00000000   0.10674052   0.06526717   0.02399467  10.91704749   0.79529723   0.00000000   0.00000000   0.03076392   0.00221479  -0.12098324  17.49687430   0.23863678
 "DRIFT_30"              33.56038908   0.00000000   0.00000000   0.10810460   0.06526717   0.02207913  10.91608455   0.79560194   0.00000000   0.00000000   0.03081021   0.00221479  -0.12219522  17.50195673   0.23882687
 "STRAY125"              33.56038908   0.00000000   0.00000000   0.10810460   0.06545892   0.01400588  10.91608455   0.79560194   0.00000000   0.00000000   0.03081021   0.00219201  -0.10925124  17.50195673   0.23882687
 "DRIFT_31"              33.58118908   0.00000000   0.00000000   0.10946615   0.06545892   0.01210006  10.91554155   0.79590521   0.00000000   0.00000000   0.03085580   0.00219201  -0.11045386  17.50652660   0.23901599
 "STRAY126"              33.58118908   0.00000000   0.00000000   0.10946615   0.06565273   0.00394004  10.91554155   0.79590521   0.00000000   0.00000000   0.03085580   0.00216894  -0.09736669  17.50652660   0.23901599
 "DRIFT_30"              33.60208908   0.00000000   0.00000000   0.11083829   0.06565273   0.00202531  10.91541687   0.79620994   0.00000000   0.00000000   0.03090113   0.00216894  -0.09857184  17.51062171   0.23920597
 "STRAY127"              33.60208908   0.00000000   0.00000000   0.11083829   0.06584789  -0.00619613  10.91541687   0.79620994   0.00000000   0.00000000   0.03090113   0.00214567  -0.08538293  17.51062171   0.23920597
 "DRIFT_30"              33.62298908   0.00000000   0.00000000   0.11221451   0.06584789  -0.00811092  10.91571589   0.79651468   0.00000000   0.00000000   0.03094598   0.00214567  -0.08658519  17.51421585   0.23939591
 "STRAY128"              33.62298908   0.00000000   0.00000000   0.11221451   0.06604298  -0.01632958  10.91571589   0.79651468   0.00000000   0.00000000   0.03094598   0.00212237  -0.07339840  17.51421585   0.23939591
 "DRIFT_30"              33.64388908   0.00000000   0.00000000   0.11359481   0.06604298  -0.01824476  10.91643849   0.79681940   0.00000000   0.00000000   0.03099033   0.00212237  -0.07459815  17.51730898   0.23958582
 "STRAY129"              33.64388908   0.00000000   0.00000000   0.11359481   0.06623554  -0.02633014  10.91643849   0.79681940   0.00000000   0.00000000   0.03099033   0.00209941  -0.06162375  17.51730898   0.23958582
 "DRIFT_30"              33.66478908   0.00000000   0.00000000   0.11497913   0.06623554  -0.02824601  10.91757913   0.79712409   0.00000000   0.00000000   0.03103421   0.00209941  -0.06282139  17.51990988   0.23977569
 "STRAY130"              33.66478908   0.00000000   0.00000000   0.11497913   0.06642164  -0.03597071  10.91757913   0.79712409   0.00000000   0.00000000   0.03103421   0.00207745  -0.05042524  17.51990988   0.23977569
 "DRIFT_32"              33.70658908   0.00000000   0.00000000   0.11775555   0.06642164  -0.03980435  10.92074653   0.79773336   0.00000000   0.00000000   0.03112105   0.00207745  -0.05281716  17.52422541   0.24015537
 "STRAY131"              33.70658908   0.00000000   0.00000000   0.11775555   0.06677235  -0.05390376  10.92074653   0.79773336   0.00000000   0.00000000   0.03112105   0.00203728  -0.03019222  17.52422541   0.24015537
 "DRIFT_32"              33.74838908   0.00000000   0.00000000   0.12054664   0.06677235  -0.05774246  10.92541334   0.79834241   0.00000000   0.00000000   0.03120621   0.00203728  -0.03257967  17.52684928   0.24053497
 "STRAY132"              33.74838908   0.00000000   0.00000000   0.12054664   0.06705121  -0.06775036  10.92541334   0.79834241   0.00000000   0.00000000   0.03120621   0.00200869  -0.01652470  17.52684928   0.24053497
 "DRIFT_33"              33.79008908   0.00000000   0.00000000   0.12334267   0.06705121  -0.07158467  10.93122361   0.79894971   0.00000000   0.00000000   0.03128997   0.00200869  -0.01890456  17.52832668   0.24091361
 "STRAY133"              33.79008908   0.00000000   0.00000000   0.12334267   0.06725724  -0.07793974  10.93122361   0.79894971   0.00000000   0.00000000   0.03128997   0.00199050  -0.00871415  17.52832668   0.24091361
 "DRIFT_32"              33.83188908   0.00000000   0.00000000   0.12615403   0.06725724  -0.08178688  10.93790019   0.79955812   0.00000000   0.00000000   0.03137317   0.00199050  -0.01109904  17.52915487   0.24129314
 "STRAY134"              33.83188908   0.00000000   0.00000000   0.12615403   0.06740620  -0.08587004  10.93790019   0.79955812   0.00000000   0.00000000   0.03137317   0.00197879  -0.00455534  17.52915487   0.24129314
 "DRIFT_32"              33.87368908   0.00000000   0.00000000   0.12897161   0.06740620  -0.08971979  10.94523984   0.80016614   0.00000000   0.00000000   0.03145589   0.00197879  -0.00693999  17.52963537   0.24167266
 "STRAY135"              33.87368908   0.00000000   0.00000000   0.12897161   0.06751064  -0.09242815  10.94523984   0.80016614   0.00000000   0.00000000   0.03145589   0.00197100  -0.00260235  17.52963537   0.24167266
 "DRIFT_32"              33.91548908   0.00000000   0.00000000   0.13179355   0.06751064  -0.09627979  10.95312783   0.80077374   0.00000000   0.00000000   0.03153827   0.00197100  -0.00498690  17.52995260   0.24205217
 "STRAY136"              33.91548908   0.00000000   0.00000000   0.13179355   0.06757938  -0.09808702  10.95312783   0.80077374   0.00000000   0.00000000   0.03153827   0.00196580  -0.00209451  17.52995260   0.24205217
 "DRIFT_32"              33.95728908   0.00000000   0.00000000   0.13461837   0.06757938  -0.10193999  10.96148896   0.80138088   0.00000000   0.00000000   0.03162044   0.00196580  -0.00447901  17.53022738   0.24243167
 "STRAY137"              33.95728908   0.00000000   0.00000000   0.13461837   0.06761977  -0.10307956  10.96148896   0.80138088   0.00000000   0.00000000   0.03162044   0.00196251  -0.00265655  17.53022738   0.24243167
 "DRIFT_33"              33.99898908   0.00000000   0.00000000   0.13743811   0.06761977  -0.10692421  10.97024612   0.80198610   0.00000000   0.00000000   0.03170228   0.00196251  -0.00503532  17.53054813   0.24281025
 "STRAY138"              33.99898908   0.00000000   0.00000000   0.13743811   0.06763985  -0.10754833  10.97024612   0.80198610   0.00000000   0.00000000   0.03170228   0.00196071  -0.00403797  17.53054813   0.24281025
 "DRIFT_32"              34.04078908   0.00000000   0.00000000   0.14026546   0.06763985  -0.11140271  10.97939827   0.80259228   0.00000000   0.00000000   0.03178424   0.00196071  -0.00642242  17.53098537   0.24318974
 "STRAY139"              34.04078908   0.00000000   0.00000000   0.14026546   0.06764823  -0.11169879  10.97939827   0.80259228   0.00000000   0.00000000   0.03178424   0.00195985  -0.00594966  17.53098537   0.24318974
 "DRIFT_32"              34.08258908   0.00000000   0.00000000   0.14309316   0.06764823  -0.11555342  10.98889741   0.80319794   0.00000000   0.00000000   0.03186616   0.00195985  -0.00833410  17.53158243   0.24356921
 "STRAY140"              34.08258908   0.00000000   0.00000000   0.14309316   0.06765103  -0.11568423  10.98889741   0.80319794   0.00000000   0.00000000   0.03186616   0.00195947  -0.00812539  17.53158243   0.24356921
 "DRIFT_34"              34.23774741   0.00000000   0.00000000   0.15358978   0.06765103  -0.12999275  11.02701624   0.80544133   0.00000000   0.00000000   0.03217019   0.00195947  -0.01697620  17.53547716   0.24497763
 "SEPTUM42"              35.03783075   0.00000000   0.00000000   0.18586097   0.01305217  -0.20374473  11.29392279   0.81685684   0.00000000   0.00000000   0.03369771   0.00185654  -0.00777265  17.55530308   0.25223774
 "DRIFT_35"              35.03788908   0.00000000   0.00000000   0.18586173   0.01305217  -0.20375011  11.29394656   0.81685766   0.00000000   0.00000000   0.03369782   0.00185654  -0.00777597  17.55530399   0.25223827
 "POINTS"                35.03788908   0.00000000   0.00000000   0.18586173   0.01305217  -0.20375011  11.29394656   0.81685766   0.00000000   0.00000000   0.03369782   0.00185654  -0.00777597  17.55530399   0.25223827
 "BTP$END"               35.03788908   0.00000000   0.00000000   0.18586173   0.01305217  -0.20375011  11.29394656   0.81685766   0.00000000   0.00000000   0.03369782   0.00185654  -0.00777597  17.55530399   0.25223827
