@ NAME             %09s "PTC_TWISS"
@ TYPE             %05s "TWISS"
@ SEQUENCE         %03s "BTP"
@ PARTICLE         %06s "PROTON"
@ MASS             %le    0.93827201
@ CHARGE           %le    1.00000000
@ ENERGY           %le    2.33827203
@ PC               %le    2.14176603
@ GAMMA            %le    2.49210463
@ KBUNCH           %le    1.00000000
@ BCURRENT         %le    0.00000000
@ SIGE             %le    0.00000000
@ SIGT             %le    0.00000000
@ NPART            %le    0.00000000
@ EX               %le    1.00000000
@ EY               %le    1.00000000
@ ET               %le    1.00000000
@ DELTAP           %le    0.00000000
@ LENGTH           %le   35.08530297
@ ALPHA_C          %le  -1000000.00000000
@ ALPHA_C_P        %le  -1000000.00000000
@ ALPHA_C_P2       %le  -1000000.00000000
@ ALPHA_C_P3       %le  -1000000.00000000
@ ETA_C            %le  -1000000.00000000
@ GAMMA_TR         %le  -1000000.00000000
@ Q1               %le    0.76846348
@ Q2               %le    0.16715276
@ DQ1              %le  -1000000.00000000
@ DQ2              %le  -1000000.00000000
@ QS               %le  -1000000.00000000
@ BETA_X_MIN       %le  -1000000.00000000
@ BETA_X_MAX       %le  -1000000.00000000
@ BETA_Y_MIN       %le  -1000000.00000000
@ BETA_Y_MAX       %le  -1000000.00000000
@ ORBIT_X          %le  -1000000.00000000
@ ORBIT_PX         %le  -1000000.00000000
@ ORBIT_Y          %le  -1000000.00000000
@ ORBIT_PY         %le  -1000000.00000000
@ ORBIT_PT         %le  -1000000.00000000
@ ORBIT_-CT        %le  -1000000.00000000
@ XCORMS           %le  -1000000.00000000
@ PXCORMS          %le  -1000000.00000000
@ YCORMS           %le  -1000000.00000000
@ PYCORMS          %le  -1000000.00000000
@ XCOMAX           %le  -1000000.00000000
@ PXCOMAX          %le  -1000000.00000000
@ YCOMAX           %le  -1000000.00000000
@ PYCOMAX          %le  -1000000.00000000
@ TITLE            %42s "Transferline BTP optics. Protons - 1.4 GeV"
@ ORIGIN           %19s "MAD-X 5.00.09 Linux"
@ DATE             %08s "14/12/11"
@ TIME             %08s "21.47.52"
* NAME                             S            X           PX        DISP1        DISP2       ALFA11       BETA11          MU1            Y           PY        DISP3        DISP4       ALFA22       BETA22          MU2 
$ %s                             %le          %le          %le          %le          %le          %le          %le          %le          %le          %le          %le          %le          %le          %le          %le 
 "BTP$START"              0.00000000   0.00000000   0.00000000   0.34589000  -0.16973400   0.12347100   1.28785000   0.00000000   0.00000000   0.00000000  -0.04137838   0.00151000   0.00612029  27.93735436   0.00000000
 "BTP.BHZ10"              1.53902000   0.00000000   0.00000000   0.20215264  -0.01340165  -1.09986414   2.73438081   0.15211536   0.00000000   0.00000000  -0.03908234   0.00210600   0.37941631  28.04095533   0.00875577
 "DRIFT_0"                2.07289900   0.00000000   0.00000000   0.19499778  -0.01340165  -1.53130113   4.13910470   0.17747951   0.00000000   0.00000000  -0.03795800   0.00210600   0.35763622  27.64745846   0.01180764
 "BTP.STP"                3.52989900   0.00000000   0.00000000   0.17547158  -0.01340165  -2.70872841  10.31682774   0.21326600   0.00000000   0.00000000  -0.03488956   0.00210600   0.29819656  26.69191009   0.02034789
 "DRIFT_1"                3.99039900   0.00000000   0.00000000   0.16930012  -0.01340165  -3.08086654  12.98293621   0.21960039   0.00000000   0.00000000  -0.03391974   0.00210600   0.27941004  26.42592226   0.02310762
 "BTP.UES00"              4.17539900   0.00000000   0.00000000   0.16682082  -0.01340165  -3.23036829  14.15051465   0.22177276   0.00000000   0.00000000  -0.03353013   0.00210600   0.27186279  26.32393678   0.02422398
 "DRIFT_2"                4.61939900   0.00000000   0.00000000   0.16087048  -0.01340165  -3.58917248  17.17839075   0.22630574   0.00000000   0.00000000  -0.03259507   0.00210600   0.25374940  26.09056497   0.02692052
 "BTP.DHZ10"              4.98139900   0.00000000   0.00000000   0.15601909  -0.01340165  -3.88171103  19.88285058   0.22942338   0.00000000   0.00000000  -0.03183270   0.00210600   0.23898127  25.91219647   0.02913642
 "DRIFT_3"                5.09939900   0.00000000   0.00000000   0.15443769  -0.01340165  -3.97706890  20.81018661   0.23034665   0.00000000   0.00000000  -0.03158419   0.00210600   0.23416735  25.85636493   0.02986197
 "BTP.DVT10"              5.46139900   0.00000000   0.00000000   0.14958630  -0.01340165  -4.26960746  23.79548346   0.23293583   0.00000000   0.00000000  -0.03082182   0.00210600   0.21939923  25.69217383   0.03209738
 "DRIFT_4"                6.16574900   0.00000000   0.00000000   0.14014685  -0.01340165  -4.83880506  30.21099381   0.23711730   0.00000000   0.00000000  -0.02933846   0.00210600   0.19066462  25.40334536   0.03648590
 "BTP.QNO10"              6.56574900   0.00000000   0.00000000   0.13478619  -0.01340165  -5.16205208  34.21133666   0.23909757   0.00000000   0.00000000  -0.02849606   0.00210600   0.17434625  25.25734101   0.03899929
 "DRIFT_5"               11.16574900   0.00000000   0.00000000   0.07313860  -0.01340165  -8.87939282  98.80198317   0.25170319   0.00000000   0.00000000  -0.01880846   0.00210600  -0.01331501  24.51659732   0.06859025
 "BTP.QNO20"             11.56574900   0.00000000   0.00000000   0.06482312  -0.02788636  11.73109213  97.62849445   0.25234242   0.00000000   0.00000000  -0.01874416  -0.00178225  -5.43408599  26.63693198   0.07111633
 "DRIFT_6"               11.79739900   0.00000000   0.00000000   0.05836325  -0.02788636  11.40218220  92.26967146   0.25273087   0.00000000   0.00000000  -0.01915702  -0.00178225  -5.69958616  29.21604713   0.07243794
 "BTP.DHZ20"             12.15939900   0.00000000   0.00000000   0.04826839  -0.02788636  10.88819389  84.20055531   0.25338452   0.00000000   0.00000000  -0.01980219  -0.00178225  -6.11448391  33.49274050   0.07427978
 "DRIFT_7"               12.36889900   0.00000000   0.00000000   0.04242619  -0.02788636  10.59073380  79.70071996   0.25379154   0.00000000   0.00000000  -0.02017557  -0.00178225  -6.35459739  36.10501303   0.07523862
 "BTP.UES10"             12.55389900   0.00000000   0.00000000   0.03726722  -0.02788636  10.32806022  75.83074307   0.25417027   0.00000000   0.00000000  -0.02050529  -0.00178225  -6.56663077  38.49544024   0.07602840
 "DRIFT_8"               13.09739900   0.00000000   0.00000000   0.02211098  -0.02788636   9.55636782  65.02355643   0.25540215   0.00000000   0.00000000  -0.02147394  -0.00178225  -7.18955046  45.97192474   0.07808468
 "BTP.DVT20"             13.45939900   0.00000000   0.00000000   0.01201612  -0.02788636   9.04237951  58.29080990   0.25633797   0.00000000   0.00000000  -0.02211912  -0.00178225  -7.60444821  51.32735226   0.07927075
 "DRIFT_9"               13.66574900   0.00000000   0.00000000   0.00626177  -0.02788636   8.74939197  54.61947785   0.25692001   0.00000000   0.00000000  -0.02248689  -0.00178225  -7.84095139  54.51451047   0.07989161
 "BTP.QNO30"             14.06574900   0.00000000   0.00000000  -0.00479307  -0.02774482  -1.60728319  51.83430314   0.25813202   0.00000000   0.00000000  -0.02232379   0.00259244   2.94617265  56.52468626   0.08102369
 "DRIFT_10"              14.96839900   0.00000000   0.00000000  -0.02983693  -0.02774482  -1.66968432  54.79225786   0.26082784   0.00000000   0.00000000  -0.01998372   0.00259244   2.79159255  51.34549251   0.08369049
 "BTP.VPI11"             14.96839900   0.00000000   0.00000000  -0.02983693  -0.02774482  -1.66968432  54.79225786   0.26082784   0.00000000   0.00000000  -0.01998372   0.00259244   2.79159255  51.34549251   0.08369049
 "DRIFT_11"              18.96574900   0.00000000   0.00000000  -0.14074267  -0.02774482  -1.94602528  69.24551463   0.27116360   0.00000000   0.00000000  -0.00962083   0.00259244   2.10704065  31.76394111   0.09946971
 "BTP.QNO40"             19.36574900   0.00000000   0.00000000  -0.14462524   0.00849517  14.69898039  63.96583737   0.27210418   0.00000000   0.00000000  -0.00905504   0.00026021  -6.07518865  33.29996340   0.10146025
 "DRIFT_12"              19.54939900   0.00000000   0.00000000  -0.14306510   0.00849517  14.07578721  58.68135130   0.27258126   0.00000000   0.00000000  -0.00900725   0.00026021  -6.28425161  35.56977460   0.10230953
 "BTP.DHZ30"             19.91139900   0.00000000   0.00000000  -0.13998985   0.00849517  12.84738573  48.93516269   0.27365641   0.00000000   0.00000000  -0.00891305   0.00026021  -6.69634413  40.26875026   0.10383187
 "DRIFT_13"              20.15689900   0.00000000   0.00000000  -0.13790429   0.00849517  12.01431236  42.83161581   0.27450987   0.00000000   0.00000000  -0.00884917   0.00026021  -6.97581572  43.62526551   0.10476409
 "BTP.UES20"             20.15689900   0.00000000   0.00000000  -0.13790429   0.00849517  12.01431236  42.83161581   0.27450987   0.00000000   0.00000000  -0.00884917   0.00026021  -6.97581572  43.62526551   0.10476409
 "DRIFT_14"              20.78439900   0.00000000   0.00000000  -0.13257357   0.00849517   9.88497003  29.08981611   0.27733933   0.00000000   0.00000000  -0.00868589   0.00026021  -7.69014738  52.82815735   0.10684448
 "BTP.DVT30"             21.14639900   0.00000000   0.00000000  -0.12949831   0.00849517   8.65656856  22.37777915   0.27959754   0.00000000   0.00000000  -0.00859169   0.00026021  -8.10223990  58.54500155   0.10788047
 "DRIFT_15"              21.45574900   0.00000000   0.00000000  -0.12687033   0.00849517   7.60682824  17.34669735   0.28209657   0.00000000   0.00000000  -0.00851120   0.00026021  -8.45439687  63.66679713   0.10868690
 "BTP.QNO50"             21.85574900   0.00000000   0.00000000  -0.12890808  -0.01875671   3.57471482  12.99781665   0.28639773   0.00000000   0.00000000  -0.00804588   0.00204970   5.42134286  64.91596999   0.10966306
 "DRIFT_16"              25.22539900   0.00000000   0.00000000  -0.19211163  -0.01875671   0.00265240   0.94334122   0.49256289   0.00000000   0.00000000  -0.00113909   0.00204970   3.84381282  33.69563816   0.12113980
 "BTP.VPI12"             25.22539900   0.00000000   0.00000000  -0.19211163  -0.01875671   0.00265240   0.94334122   0.49256289   0.00000000   0.00000000  -0.00113909   0.00204970   3.84381282  33.69563816   0.12113980
 "DRIFT_17"              25.97199900   0.00000000   0.00000000  -0.20611539  -0.01875671  -0.78879532   1.53027552   0.59928006   0.00000000   0.00000000   0.00039122   0.00204970   3.49428573  28.21701378   0.12499377
 "BTP.BCT10"             26.42079900   0.00000000   0.00000000  -0.21453341  -0.01875671  -1.26455441   2.45181888   0.63649426   0.00000000   0.00000000   0.00131113   0.00204970   3.28417623  25.17484005   0.12767390
 "DRIFT_18"              26.56739900   0.00000000   0.00000000  -0.21728314  -0.01875671  -1.41996056   2.84536878   0.64533246   0.00000000   0.00000000   0.00161161   0.00204970   3.21554421  24.22198103   0.12861876
 "BTP.DVT40"             26.92939900   0.00000000   0.00000000  -0.22407307  -0.01875671  -1.80370564   4.01233594   0.66241668   0.00000000   0.00000000   0.00235361   0.00204970   3.04607086  21.95527638   0.13111722
 "DRIFT_19"              27.15474900   0.00000000   0.00000000  -0.22829989  -0.01875671  -2.04259225   4.87909917   0.67052624   0.00000000   0.00000000   0.00281551   0.00204970   2.94057135  20.60618656   0.13280345
 "BTP.QNO60"             27.55474900   0.00000000   0.00000000  -0.22356125   0.04223824  -0.80088847   6.05888326   0.68203737   0.00000000   0.00000000   0.00380210   0.00292720  -2.52341584  20.44503285   0.13596089
 "DRIFT_20"              27.78989900   0.00000000   0.00000000  -0.21362893   0.04223824  -0.86459336   6.45052131   0.68802526   0.00000000   0.00000000   0.00449043   0.00292720  -2.60815513  21.65172177   0.13773972
 "BTP.UES30"             27.97489900   0.00000000   0.00000000  -0.20581485   0.04223824  -0.91471202   6.77969280   0.69247820   0.00000000   0.00000000   0.00503197   0.00292720  -2.67482224  22.62907258   0.13906992
 "DRIFT_21"              28.35339900   0.00000000   0.00000000  -0.18982768   0.04223824  -1.01725210   7.51094122   0.70092394   0.00000000   0.00000000   0.00613991   0.00292720  -2.81121952  24.70553939   0.14161777
 "BTP.MTV10"             28.62339900   0.00000000   0.00000000  -0.17842336   0.04223824  -1.09039826   8.08000682   0.70644112   0.00000000   0.00000000   0.00693025   0.00292720  -2.90851746  26.24986837   0.14330522
 "DRIFT_22"              28.67429900   0.00000000   0.00000000  -0.17627343   0.04223824  -1.10418766   8.19171124   0.70743687   0.00000000   0.00000000   0.00707925   0.00292720  -2.92685992  26.54688908   0.14361210
 "BTP.VVS20"             28.67429900   0.00000000   0.00000000  -0.17627343   0.04223824  -1.10418766   8.19171124   0.70743687   0.00000000   0.00000000   0.00707925   0.00292720  -2.92685992  26.54688908   0.14361210
 "DRIFT_23"              28.80039900   0.00000000   0.00000000  -0.17094719   0.04223824  -1.13834963   8.47449519   0.70984571   0.00000000   0.00000000   0.00744837   0.00292720  -2.97230166  27.29077335   0.14435773
 "BTP.DHZ40"             29.09239900   0.00000000   0.00000000  -0.15861362   0.04223824  -1.21745584   9.16239039   0.71512069   0.00000000   0.00000000   0.00830311   0.00292720  -3.07752757  29.05732349   0.14600807
 "DRIFT_24"              29.18739900   0.00000000   0.00000000  -0.15460099   0.04223824  -1.24319245   9.39615198   0.71675026   0.00000000   0.00000000   0.00858119   0.00292720  -3.11176203  29.64530600   0.14652323
 "BTP.DVT50"             29.47939900   0.00000000   0.00000000  -0.14226742   0.04223824  -1.32229867  10.14527538   0.72151085   0.00000000   0.00000000   0.00943593   0.00292720  -3.21698794  31.49330099   0.14804421
 "DRIFT_25"              29.52440000   0.00000000   0.00000000  -0.14036666   0.04223824  -1.33448997  10.26483353   0.72221268   0.00000000   0.00000000   0.00956766   0.00292720  -3.23320462  31.78356610   0.14827058
 "STRAY1"                29.52440000   0.00000000   0.00000000  -0.14036666   0.04223786  -1.33450671  10.26483353   0.72221268   0.00000000   0.00000000   0.00956766   0.00292718  -3.23315276  31.78356610   0.14827058
 "DRIFT_26"              29.54540000   0.00000000   0.00000000  -0.13947967   0.04223786  -1.34019595  10.32100229   0.72253740   0.00000000   0.00000000   0.00962913   0.00292718  -3.24072016  31.91951743   0.14837552
 "STRAY2"                29.54540000   0.00000000   0.00000000  -0.13947967   0.04223742  -1.34022023  10.32100229   0.72253740   0.00000000   0.00000000   0.00962913   0.00292716  -3.24064508  31.91951743   0.14837552
 "DRIFT_26"              29.56640000   0.00000000   0.00000000  -0.13859268   0.04223742  -1.34590960  10.37741101   0.72286035   0.00000000   0.00000000   0.00969060   0.00292716  -3.24821216  32.05578344   0.14848000
 "STRAY3"                29.56640000   0.00000000   0.00000000  -0.13859268   0.04223693  -1.34594302  10.37741101   0.72286035   0.00000000   0.00000000   0.00969060   0.00292713  -3.24810892  32.05578344   0.14848000
 "DRIFT_26"              29.58740000   0.00000000   0.00000000  -0.13770570   0.04223693  -1.35163257  10.43406010   0.72318154   0.00000000   0.00000000   0.00975207   0.00292713  -3.25567556  32.19236291   0.14858405
 "STRAY4"                29.58740000   0.00000000   0.00000000  -0.13770570   0.04223638  -1.35167687  10.43406010   0.72318154   0.00000000   0.00000000   0.00975207   0.00292709  -3.25553888  32.19236291   0.14858405
 "DRIFT_26"              29.60840000   0.00000000   0.00000000  -0.13681874   0.04223638  -1.35736666  10.49095001   0.72350099   0.00000000   0.00000000   0.00981354   0.00292709  -3.26310494  32.32925443   0.14868765
 "STRAY5"                29.60840000   0.00000000   0.00000000  -0.13681874   0.04223575  -1.35742362  10.49095001   0.72350099   0.00000000   0.00000000   0.00981354   0.00292703  -3.26292939  32.32925443   0.14868765
 "DRIFT_26"              29.62940000   0.00000000   0.00000000  -0.13593179   0.04223575  -1.36311373  10.54808130   0.72381872   0.00000000   0.00000000   0.00987501   0.00292703  -3.27049470  32.46645634   0.14879081
 "STRAY6"                29.62940000   0.00000000   0.00000000  -0.13593179   0.04223503  -1.36318513  10.54808130   0.72381872   0.00000000   0.00000000   0.00987501   0.00292697  -3.27027492  32.46645634   0.14879081
 "DRIFT_26"              29.65040000   0.00000000   0.00000000  -0.13504485   0.04223503  -1.36887562  10.60545457   0.72413472   0.00000000   0.00000000   0.00993647   0.00292697  -3.27783930  32.60396674   0.14889354
 "STRAY7"                29.65040000   0.00000000   0.00000000  -0.13504485   0.04223422  -1.36896315  10.60545457   0.72413472   0.00000000   0.00000000   0.00993647   0.00292688  -3.27757022  32.60396674   0.14889354
 "DRIFT_26"              29.67140000   0.00000000   0.00000000  -0.13415793   0.04223422  -1.37465411  10.66307054   0.72444901   0.00000000   0.00000000   0.00999794   0.00292688  -3.28513347  32.74178351   0.14899583
 "STRAY8"                29.67140000   0.00000000   0.00000000  -0.13415793   0.04223332  -1.37475928  10.66307054   0.72444901   0.00000000   0.00000000   0.00999794   0.00292678  -3.28481055  32.74178351   0.14899583
 "DRIFT_26"              29.69240000   0.00000000   0.00000000  -0.13327104   0.04223332  -1.38045081  10.72092995   0.72476160   0.00000000   0.00000000   0.01005940   0.00292678  -3.29237244  32.87990436   0.14909770
 "STRAY9"                29.69240000   0.00000000   0.00000000  -0.13327104   0.04223232  -1.38057491  10.72092995   0.72476160   0.00000000   0.00000000   0.01005940   0.00292667  -3.29199183  32.87990436   0.14909770
 "DRIFT_26"              29.71340000   0.00000000   0.00000000  -0.13238416   0.04223232  -1.38626712  10.77903363   0.72507251   0.00000000   0.00000000   0.01012086   0.00292667  -3.29955211  33.01832678   0.14919913
 "STRAY10"               29.71340000   0.00000000   0.00000000  -0.13238416   0.04223123  -1.38641120  10.77903363   0.72507251   0.00000000   0.00000000   0.01012086   0.00292653  -3.29911076  33.01832678   0.14919913
 "DRIFT_26"              29.73440000   0.00000000   0.00000000  -0.13149730   0.04223123  -1.39210418  10.83738245   0.72538175   0.00000000   0.00000000   0.01018232   0.00292653  -3.30666920  33.15704816   0.14930015
 "STRAY11"               29.73440000   0.00000000   0.00000000  -0.13149730   0.04223004  -1.39226903  10.83738245   0.72538175   0.00000000   0.00000000   0.01018232   0.00292638  -3.30616485  33.15704816   0.14930015
 "DRIFT_26"              29.75540000   0.00000000   0.00000000  -0.13061047   0.04223004  -1.39796290  10.89597732   0.72568932   0.00000000   0.00000000   0.01024377   0.00292638  -3.31372117  33.29606576   0.14940074
 "STRAY12"               29.75540000   0.00000000   0.00000000  -0.13061047   0.04222875  -1.39814905  10.89597732   0.72568932   0.00000000   0.00000000   0.01024377   0.00292620  -3.31315233  33.29606576   0.14940074
 "DRIFT_26"              29.77640000   0.00000000   0.00000000  -0.12972367   0.04222875  -1.40384393  10.95481918   0.72599523   0.00000000   0.00000000   0.01030522   0.00292620  -3.32070627  33.43537679   0.14950091
 "STRAY13"               29.77640000   0.00000000   0.00000000  -0.12972367   0.04222738  -1.40405171  10.95481918   0.72599523   0.00000000   0.00000000   0.01030522   0.00292601  -3.32007209  33.43537679   0.14950091
 "DRIFT_26"              29.79740000   0.00000000   0.00000000  -0.12883689   0.04222738  -1.40974770  11.01390896   0.72629951   0.00000000   0.00000000   0.01036667   0.00292601  -3.32762339  33.57497840   0.14960066
 "STRAY14"               29.79740000   0.00000000   0.00000000  -0.12883689   0.04222593  -1.40997727  11.01390896   0.72629951   0.00000000   0.00000000   0.01036667   0.00292579  -3.32692357  33.57497840   0.14960066
 "DRIFT_26"              29.81840000   0.00000000   0.00000000  -0.12795015   0.04222593  -1.41567450  11.07324765   0.72660215   0.00000000   0.00000000   0.01042811   0.00292579  -3.33447195  33.71486771   0.14970000
 "STRAY15"               29.81840000   0.00000000   0.00000000  -0.12795015   0.04222440  -1.41592587  11.07324765   0.72660215   0.00000000   0.00000000   0.01042811   0.00292556  -3.33370659  33.71486771   0.14970000
 "DRIFT_26"              29.83940000   0.00000000   0.00000000  -0.12706343   0.04222440  -1.42162445  11.13283621   0.72690318   0.00000000   0.00000000   0.01048955   0.00292556  -3.34125180  33.85504183   0.14979893
 "STRAY16"               29.83940000   0.00000000   0.00000000  -0.12706343   0.04222280  -1.42189755  11.13283621   0.72690318   0.00000000   0.00000000   0.01048955   0.00292530  -3.34042129  33.85504183   0.14979893
 "DRIFT_26"              29.86040000   0.00000000   0.00000000  -0.12617676   0.04222280  -1.42759760  11.19267561   0.72720259   0.00000000   0.00000000   0.01055098   0.00292530  -3.34796305  33.99549790   0.14989744
 "STRAY17"               29.86040000   0.00000000   0.00000000  -0.12617676   0.04222113  -1.42789230  11.19267561   0.72720259   0.00000000   0.00000000   0.01055098   0.00292502  -3.34706794  33.99549790   0.14989744
 "DRIFT_26"              29.88140000   0.00000000   0.00000000  -0.12529011   0.04222113  -1.43359392  11.25276682   0.72750040   0.00000000   0.00000000   0.01061240   0.00292502  -3.35460600  34.13623306   0.14999556
 "STRAY18"               29.88140000   0.00000000   0.00000000  -0.12529011   0.04221941  -1.43391009  11.25276682   0.72750040   0.00000000   0.00000000   0.01061240   0.00292472  -3.35364690  34.13623306   0.14999556
 "DRIFT_26"              29.90240000   0.00000000   0.00000000  -0.12440350   0.04221941  -1.43961340  11.31311081   0.72779662   0.00000000   0.00000000   0.01067382   0.00292472  -3.36118100  34.27724444   0.15009326
 "STRAY19"               29.90240000   0.00000000   0.00000000  -0.12440350   0.04221764  -1.43995089  11.31311081   0.72779662   0.00000000   0.00000000   0.01067382   0.00292440  -3.36015845  34.27724444   0.15009326
 "DRIFT_26"              29.92340000   0.00000000   0.00000000  -0.12351693   0.04221764  -1.44565601  11.37370855   0.72809127   0.00000000   0.00000000   0.01073523   0.00292440  -3.36768834  34.41852922   0.15019057
 "STRAY20"               29.92340000   0.00000000   0.00000000  -0.12351693   0.04221582  -1.44601476  11.37370855   0.72809127   0.00000000   0.00000000   0.01073523   0.00292406  -3.36660272  34.41852922   0.15019057
 "DRIFT_27"              29.96620000   0.00000000   0.00000000  -0.12171010   0.04221582  -1.45764623  11.49798524   0.72868693   0.00000000   0.00000000   0.01086038   0.00292406  -3.38194027  34.70736686   0.15038766
 "STRAY21"               29.96620000   0.00000000   0.00000000  -0.12171010   0.04221207  -1.45842497  11.49798524   0.72868693   0.00000000   0.00000000   0.01086038   0.00292333  -3.37958959  34.70736686   0.15038766
 "DRIFT_28"              30.00890000   0.00000000   0.00000000  -0.11990764   0.04221207  -1.47003771  11.62303060   0.72927480   0.00000000   0.00000000   0.01098521   0.00292333  -3.39487175  34.99663636   0.15058265
 "STRAY22"               30.00890000   0.00000000   0.00000000  -0.11990764   0.04220817  -1.47090265  11.62303060   0.72927480   0.00000000   0.00000000   0.01098521   0.00292251  -3.39226744  34.99663636   0.15058265
 "DRIFT_27"              30.05170000   0.00000000   0.00000000  -0.11810113   0.04220817  -1.48255194  11.74943846   0.72985770   0.00000000   0.00000000   0.01111029   0.00292251  -3.40756377  35.28766914   0.15077649
 "STRAY23"               30.05170000   0.00000000   0.00000000  -0.11810113   0.04220413  -1.48350508  11.74943846   0.72985770   0.00000000   0.00000000   0.01111029   0.00292161  -3.40470116  35.28766914   0.15077649
 "DRIFT_27"              30.09450000   0.00000000   0.00000000  -0.11629479   0.04220413  -1.49516468  11.87692552   0.73043434   0.00000000   0.00000000   0.01123534   0.00292161  -3.41997384  35.57976523   0.15096873
 "STRAY24"               30.09450000   0.00000000   0.00000000  -0.11629479   0.04219996  -1.49620986  11.87692552   0.73043434   0.00000000   0.00000000   0.01123534   0.00292062  -3.41684278  35.57976523   0.15096873
 "DRIFT_28"              30.13720000   0.00000000   0.00000000  -0.11449286   0.04219996  -1.50785345  12.00519903   0.73100347   0.00000000   0.00000000   0.01136005   0.00292062  -3.43205408  35.87221312   0.15115896
 "STRAY25"               30.13720000   0.00000000   0.00000000  -0.11449286   0.04219564  -1.50899624  12.00519903   0.73100347   0.00000000   0.00000000   0.01136005   0.00291954  -3.42863937  35.87221312   0.15115896
 "DRIFT_27"              30.18000000   0.00000000   0.00000000  -0.11268688   0.04219564  -1.52067939  12.13486914   0.73156784   0.00000000   0.00000000   0.01148501   0.00291954  -3.44385834  36.16635603   0.15134808
 "STRAY26"               30.18000000   0.00000000   0.00000000  -0.11268688   0.04219117  -1.52192697  12.13486914   0.73156784   0.00000000   0.00000000   0.01148501   0.00291836  -3.44014013  36.16635603   0.15134808
 "DRIFT_28"              30.22270000   0.00000000   0.00000000  -0.11088532   0.04219117  -1.53359618  12.26533998   0.73212489   0.00000000   0.00000000   0.01160962   0.00291836  -3.45529332  36.46079103   0.15153522
 "STRAY27"               30.22270000   0.00000000   0.00000000  -0.11088532   0.04218654  -1.53495706  12.26533998   0.73212489   0.00000000   0.00000000   0.01160962   0.00291707  -3.45124787  36.46079103   0.15153522
 "DRIFT_27"              30.26550000   0.00000000   0.00000000  -0.10907974   0.04218654  -1.54666818  12.39723354   0.73267730   0.00000000   0.00000000   0.01173447   0.00291707  -3.46640375  36.75686652   0.15172130
 "STRAY28"               30.26550000   0.00000000   0.00000000  -0.10907974   0.04218174  -1.54815224  12.39723354   0.73267730   0.00000000   0.00000000   0.01173447   0.00291567  -3.46200360  36.75686652   0.15172130
 "DRIFT_28"              30.30820000   0.00000000   0.00000000  -0.10727858   0.04218174  -1.55985181  12.52994532   0.73322257   0.00000000   0.00000000   0.01185897   0.00291567  -3.47708866  37.05316576   0.15190544
 "STRAY29"               30.30820000   0.00000000   0.00000000  -0.10727858   0.04217677  -1.56147007  12.52994532   0.73322257   0.00000000   0.00000000   0.01185897   0.00291414  -3.47230321  37.05316576   0.15190544
 "DRIFT_27"              30.35100000   0.00000000   0.00000000  -0.10547341   0.04217677  -1.57321429  12.66410981   0.73376333   0.00000000   0.00000000   0.01198369   0.00291414  -3.48738519  37.35104043   0.15208855
 "STRAY30"               30.35100000   0.00000000   0.00000000  -0.10547341   0.04217162  -1.57497897  12.66410981   0.73376333   0.00000000   0.00000000   0.01198369   0.00291247  -3.48218050  37.35104043   0.15208855
 "DRIFT_28"              30.39370000   0.00000000   0.00000000  -0.10367268   0.04217162  -1.58671449  12.79911412   0.73429712   0.00000000   0.00000000   0.01210806   0.00291247  -3.49718576  37.64905937   0.15226977
 "STRAY31"               30.39370000   0.00000000   0.00000000  -0.10367268   0.04216629  -1.58863898  12.79911412   0.73429712   0.00000000   0.00000000   0.01210806   0.00291064  -3.49152480  37.64905937   0.15226977
 "DRIFT_28"              30.43640000   0.00000000   0.00000000  -0.10187218   0.04216629  -1.60039489  12.93528586   0.73482529   0.00000000   0.00000000   0.01223234   0.00291064  -3.50648519  37.94787439   0.15244957
 "STRAY32"               30.43640000   0.00000000   0.00000000  -0.10187218   0.04216080  -1.60248501  12.93528586   0.73482529   0.00000000   0.00000000   0.01223234   0.00290867  -3.50035346  37.94787439   0.15244957
 "DRIFT_27"              30.47920000   0.00000000   0.00000000  -0.10006770   0.04216080  -1.61429059  13.07296386   0.73534912   0.00000000   0.00000000   0.01235683   0.00290867  -3.51530044  38.24814438   0.15262837
 "STRAY33"               30.47920000   0.00000000   0.00000000  -0.10006770   0.04215516  -1.61656062  13.07296386   0.73534912   0.00000000   0.00000000   0.01235683   0.00290652  -3.50865893  38.24814438   0.15262837
 "DRIFT_28"              30.52190000   0.00000000   0.00000000  -0.09826767   0.04215516  -1.62836257  13.21152208   0.73586623   0.00000000   0.00000000   0.01248094   0.00290652  -3.52351890  38.54841837   0.15280535
 "STRAY34"               30.52190000   0.00000000   0.00000000  -0.09826767   0.04214940  -1.63082774  13.21152208   0.73586623   0.00000000   0.00000000   0.01248094   0.00290419  -3.51632606  38.54841837   0.15280535
 "DRIFT_28"              30.56460000   0.00000000   0.00000000  -0.09646790   0.04214940  -1.64265567  13.35129982   0.73637792   0.00000000   0.00000000   0.01260495   0.00290419  -3.53112994  38.84934474   0.15298097
 "STRAY35"               30.56460000   0.00000000   0.00000000  -0.09646790   0.04214351  -1.64533236  13.35129982   0.73637792   0.00000000   0.00000000   0.01260495   0.00290167  -3.52334135  38.84934474   0.15298097
 "DRIFT_28"              30.60730000   0.00000000   0.00000000  -0.09466837   0.04214351  -1.65718843  13.49231746   0.73688426   0.00000000   0.00000000   0.01272885   0.00290167  -3.53808484  39.15086764   0.15315522
 "STRAY36"               30.60730000   0.00000000   0.00000000  -0.09466837   0.04213753  -1.66009414  13.49231746   0.73688426   0.00000000   0.00000000   0.01272885   0.00289893  -3.52965330  39.15086764   0.15315522
 "DRIFT_27"              30.65010000   0.00000000   0.00000000  -0.09286488   0.04213753  -1.67200856  13.63493145   0.73738649   0.00000000   0.00000000   0.01285292   0.00289893  -3.54436617  39.45363568   0.15332854
 "STRAY37"               30.65010000   0.00000000   0.00000000  -0.09286488   0.04213148  -1.67516190  13.63493145   0.73738649   0.00000000   0.00000000   0.01285292   0.00289595  -3.53524175  39.45363568   0.15332854
 "DRIFT_28"              30.69280000   0.00000000   0.00000000  -0.09106587   0.04213148  -1.68708153  13.77849925   0.73788230   0.00000000   0.00000000   0.01297658   0.00289595  -3.54985033  39.75616911   0.15350014
 "STRAY38"               30.69280000   0.00000000   0.00000000  -0.09106587   0.04212540  -1.69050195  13.77849925   0.73788230   0.00000000   0.00000000   0.01297658   0.00289273  -3.53998114  39.75616911   0.15350014
 "DRIFT_28"              30.73550000   0.00000000   0.00000000  -0.08926711   0.04212540  -1.70245738  13.92337861   0.73837296   0.00000000   0.00000000   0.01310010   0.00289273  -3.55451457  40.05910407   0.15367043
 "STRAY39"               30.73550000   0.00000000   0.00000000  -0.08926711   0.04211934  -1.70616521  13.92337861   0.73837296   0.00000000   0.00000000   0.01310010   0.00288924  -3.54384673  40.05910407   0.15367043
 "DRIFT_28"              30.77820000   0.00000000   0.00000000  -0.08746862   0.04211934  -1.71815940  14.06959727   0.73885851   0.00000000   0.00000000   0.01322347   0.00288924  -3.55829945  40.36236572   0.15383944
 "STRAY40"               30.77820000   0.00000000   0.00000000  -0.08746862   0.04211334  -1.72217568  14.06959727   0.73885851   0.00000000   0.00000000   0.01322347   0.00288547  -3.54677769  40.36236572   0.15383944
 "DRIFT_28"              30.82090000   0.00000000   0.00000000  -0.08567038   0.04211334  -1.73421181  14.21718502   0.73933902   0.00000000   0.00000000   0.01334668   0.00288547  -3.56114380  40.66587396   0.15400718
 "STRAY41"               30.82090000   0.00000000   0.00000000  -0.08567038   0.04210746  -1.73855821  14.21718502   0.73933902   0.00000000   0.00000000   0.01334668   0.00288139  -3.54871167  40.66587396   0.15400718
 "DRIFT_28"              30.86360000   0.00000000   0.00000000  -0.08387239   0.04210746  -1.75063967  14.36617377   0.73981454   0.00000000   0.00000000   0.01346972   0.00288139  -3.56298497  40.96954341   0.15417367
 "STRAY42"               30.86360000   0.00000000   0.00000000  -0.08387239   0.04210181  -1.75532019  14.36617377   0.73981454   0.00000000   0.00000000   0.01346972   0.00287700  -3.54963703  40.96954341   0.15417367
 "DRIFT_28"              30.90630000   0.00000000   0.00000000  -0.08207464   0.04210181  -1.76745042  14.51659607   0.74028513   0.00000000   0.00000000   0.01359256   0.00287700  -3.56381138  41.27328766   0.15433894
 "STRAY43"               30.90630000   0.00000000   0.00000000  -0.08207464   0.04209648  -1.77248529  14.51659607   0.74028513   0.00000000   0.00000000   0.01359256   0.00287228  -3.54949636  41.27328766   0.15433894
 "DRIFT_28"              30.94900000   0.00000000   0.00000000  -0.08027712   0.04209648  -1.78466795  14.66848652   0.74075085   0.00000000   0.00000000   0.01371521   0.00287228  -3.56356536  41.57701539   0.15450299
 "STRAY44"               30.94900000   0.00000000   0.00000000  -0.08027712   0.04209155  -1.79007752  14.66848652   0.74075085   0.00000000   0.00000000   0.01371521   0.00286723  -3.54823224  41.57701539   0.15450299
 "DRIFT_28"              30.99170000   0.00000000   0.00000000  -0.07847981   0.04209155  -1.80231647  14.82188174   0.74121175   0.00000000   0.00000000   0.01383764   0.00286723  -3.56218925  41.88063039   0.15466585
 "STRAY45"               30.99170000   0.00000000   0.00000000  -0.07847981   0.04208715  -1.80812119  14.82188174   0.74121175   0.00000000   0.00000000   0.01383764   0.00286181  -3.54578747  41.88063039   0.15466585
 "DRIFT_28"              31.03440000   0.00000000   0.00000000  -0.07668269   0.04208715  -1.82042052  14.97682047   0.74166788   0.00000000   0.00000000   0.01395984   0.00286181  -3.55962562  42.18403153   0.15482754
 "STRAY46"               31.03440000   0.00000000   0.00000000  -0.07668269   0.04208338  -1.82664087  14.97682047   0.74166788   0.00000000   0.00000000   0.01395984   0.00285601  -3.54210525  42.18403153   0.15482754
 "DRIFT_28"              31.07710000   0.00000000   0.00000000  -0.07488573   0.04208338  -1.83900487  15.13334354   0.74211929   0.00000000   0.00000000   0.01408179   0.00285601  -3.55581746  42.48711283   0.15498806
 "STRAY47"               31.07710000   0.00000000   0.00000000  -0.07488573   0.04208038  -1.84566127  15.13334354   0.74211929   0.00000000   0.00000000   0.01408179   0.00284982  -3.53712952  42.48711283   0.15498806
 "DRIFT_28"              31.11980000   0.00000000   0.00000000  -0.07308890   0.04208038  -1.85809448  15.29149391   0.74256603   0.00000000   0.00000000   0.01420348   0.00284982  -3.55070850  42.78976351   0.15514745
 "STRAY48"               31.11980000   0.00000000   0.00000000  -0.07308890   0.04207829  -1.86520706  15.29149391   0.74256603   0.00000000   0.00000000   0.01420348   0.00284321  -3.53080557  42.78976351   0.15514745
 "DRIFT_28"              31.16250000   0.00000000   0.00000000  -0.07129216   0.04207829  -1.87771422  15.45131665   0.74300815   0.00000000   0.00000000   0.01432488   0.00284321  -3.54424391  43.09186813   0.15530571
 "STRAY49"               31.16250000   0.00000000   0.00000000  -0.07129216   0.04207726  -1.88530265  15.45131665   0.74300815   0.00000000   0.00000000   0.01432488   0.00283617  -3.52308069  43.09186813   0.15530571
 "DRIFT_28"              31.20520000   0.00000000   0.00000000  -0.06949546   0.04207726  -1.89788873  15.61285893   0.74344570   0.00000000   0.00000000   0.01444599   0.00283617  -3.53637082  43.39330671   0.15546287
 "STRAY50"               31.20520000   0.00000000   0.00000000  -0.06949546   0.04207746  -1.90597219  15.61285893   0.74344570   0.00000000   0.00000000   0.01444599   0.00282869  -3.51390420  43.39330671   0.15546287
 "DRIFT_28"              31.24790000   0.00000000   0.00000000  -0.06769875   0.04207746  -1.91864236  15.77616997   0.74387871   0.00000000   0.00000000   0.01456677   0.00282869  -3.52703847  43.69395496   0.15561895
 "STRAY51"               31.24790000   0.00000000   0.00000000  -0.06769875   0.04207904  -1.92723971  15.77616997   0.74387871   0.00000000   0.00000000   0.01456677   0.00282076  -3.50322710  43.69395496   0.15561895
 "DRIFT_28"              31.29060000   0.00000000   0.00000000  -0.06590197   0.04207904  -1.93999937  15.94130107   0.74430725   0.00000000   0.00000000   0.01468722   0.00282076  -3.51619778  43.99368440   0.15577395
 "STRAY52"               31.29060000   0.00000000   0.00000000  -0.06590197   0.04208216  -1.94910228  15.94130107   0.74430725   0.00000000   0.00000000   0.01468722   0.00281237  -3.49107619  43.99368440   0.15577395
 "DRIFT_29"              31.33320000   0.00000000   0.00000000  -0.06410927   0.04208216  -1.96192667  16.10791091   0.74473035   0.00000000   0.00000000   0.01480703   0.00281237  -3.50384603  44.29166809   0.15592754
 "STRAY53"               31.33320000   0.00000000   0.00000000  -0.06410927   0.04208699  -1.97155205  16.10791091   0.74473035   0.00000000   0.00000000   0.01480703   0.00280352  -3.47737927  44.29166809   0.15592754
 "DRIFT_28"              31.37590000   0.00000000   0.00000000  -0.06231216   0.04208699  -1.98450691  16.27683463   0.74515006   0.00000000   0.00000000   0.01492674   0.00280352  -3.49000095  44.58917522   0.15608047
 "STRAY54"               31.37590000   0.00000000   0.00000000  -0.06231216   0.04209371  -1.99467235  16.27683463   0.74515006   0.00000000   0.00000000   0.01492674   0.00279420  -3.46215349  44.58917522   0.15608047
 "DRIFT_28"              31.41860000   0.00000000   0.00000000  -0.06051476   0.04209371  -2.00773332  16.44773735   0.74556541   0.00000000   0.00000000   0.01504605   0.00279420  -3.47458977  44.88537416   0.15623237
 "STRAY55"               31.41860000   0.00000000   0.00000000  -0.06051476   0.04210248  -2.01845679  16.44773735   0.74556541   0.00000000   0.00000000   0.01504605   0.00278439  -3.44532575  44.88537416   0.15623237
 "DRIFT_28"              31.46130000   0.00000000   0.00000000  -0.05871698   0.04210248  -2.03162984  16.62067605   0.74597643   0.00000000   0.00000000   0.01516494   0.00278439  -3.45756940  45.18012778   0.15638329
 "STRAY56"               31.46130000   0.00000000   0.00000000  -0.05871698   0.04211349  -2.04293047  16.62067605   0.74597643   0.00000000   0.00000000   0.01516494   0.00277408  -3.42685080  45.18012778   0.15638329
 "DRIFT_29"              31.50390000   0.00000000   0.00000000  -0.05692295   0.04211349  -2.05619069  16.79529861   0.74638223   0.00000000   0.00000000   0.01528312   0.00277408  -3.43886637  45.47260733   0.15653287
 "STRAY57"               31.50390000   0.00000000   0.00000000  -0.05692295   0.04212690  -2.06808882  16.79529861   0.74638223   0.00000000   0.00000000   0.01528312   0.00276325  -3.40665266  45.47260733   0.15653287
 "DRIFT_28"              31.54660000   0.00000000   0.00000000  -0.05512413   0.04212690  -2.08150493  16.97248626   0.74678475   0.00000000   0.00000000   0.01540111   0.00276325  -3.41848936  45.76404090   0.15668184
 "STRAY58"               31.54660000   0.00000000   0.00000000  -0.05512413   0.04214290  -2.09402266  16.97248626   0.74678475   0.00000000   0.00000000   0.01540111   0.00275189  -3.38473697  45.76404090   0.15668184
 "DRIFT_28"              31.58930000   0.00000000   0.00000000  -0.05332463   0.04214290  -2.10757026  17.15189428   0.74718306   0.00000000   0.00000000   0.01551862   0.00275189  -3.39635942  46.05359371   0.15682987
 "STRAY59"               31.58930000   0.00000000   0.00000000  -0.05332463   0.04216163  -2.12073011  17.15189428   0.74718306   0.00000000   0.00000000   0.01551862   0.00273999  -3.36102465  46.05359371   0.15682987
 "DRIFT_28"              31.63200000   0.00000000   0.00000000  -0.05152433   0.04216163  -2.13441624  17.33358903   0.74757720   0.00000000   0.00000000   0.01563561   0.00273999  -3.37242571  46.34111204   0.15697698
 "STRAY60"               31.63200000   0.00000000   0.00000000  -0.05152433   0.04218325  -2.14824075  17.33358903   0.74757720   0.00000000   0.00000000   0.01563561   0.00272752  -3.33546607  46.34111204   0.15697698
 "DRIFT_30"              31.65390000   0.00000000   0.00000000  -0.05060051   0.04218325  -2.15533491  17.42783734   0.74777773   0.00000000   0.00000000   0.01569535   0.00272752  -3.34119629  46.48733095   0.15705208
 "STRAY61"               31.65390000   0.00000000   0.00000000  -0.05060051   0.04219552  -2.16276036  17.42783734   0.74777773   0.00000000   0.00000000   0.01569535   0.00272083  -3.32138951  46.48733095   0.15705208
 "DRIFT_30"              31.67580000   0.00000000   0.00000000  -0.04967643   0.04219552  -2.16989480  17.52272248   0.74797719   0.00000000   0.00000000   0.01575493   0.00272083  -3.32705757  46.63293194   0.15712694
 "STRAY62"               31.67580000   0.00000000   0.00000000  -0.04967643   0.04220857  -2.17749582  17.52272248   0.74797719   0.00000000   0.00000000   0.01575493   0.00271399  -3.30682910  46.63293194   0.15712694
 "DRIFT_31"              31.69780000   0.00000000   0.00000000  -0.04874784   0.04220857  -2.18470433  17.61869089   0.74817646   0.00000000   0.00000000   0.01581464   0.00271399  -3.31245972  46.77855630   0.15720190
 "STRAY63"               31.69780000   0.00000000   0.00000000  -0.04874784   0.04222239  -2.19248070  17.61869089   0.74817646   0.00000000   0.00000000   0.01581464   0.00270701  -3.29181307  46.77855630   0.15720190
 "DRIFT_30"              31.71970000   0.00000000   0.00000000  -0.04782317   0.04222239  -2.19969875  17.71487962   0.74837376   0.00000000   0.00000000   0.01587392   0.00270701  -3.29735426  46.92285906   0.15727630
 "STRAY64"               31.71970000   0.00000000   0.00000000  -0.04782317   0.04223699  -2.20764693  17.71487962   0.74837376   0.00000000   0.00000000   0.01587392   0.00269989  -3.27630126  46.92285906   0.15727630
 "DRIFT_31"              31.74170000   0.00000000   0.00000000  -0.04689396   0.04223699  -2.21494145  17.81217656   0.74857087   0.00000000   0.00000000   0.01593332   0.00269989  -3.28180287  47.06713735   0.15735081
 "STRAY65"               31.74170000   0.00000000   0.00000000  -0.04689396   0.04225235  -2.22305340  17.81217656   0.74857087   0.00000000   0.00000000   0.01593332   0.00269264  -3.26036776  47.06713735   0.15735081
 "DRIFT_30"              31.76360000   0.00000000   0.00000000  -0.04596863   0.04225235  -2.23035902  17.90970629   0.74876601   0.00000000   0.00000000   0.01599229   0.00269264  -3.26577911  47.21005997   0.15742475
 "STRAY66"               31.76360000   0.00000000   0.00000000  -0.04596863   0.04226846  -2.23861839  17.90970629   0.74876601   0.00000000   0.00000000   0.01599229   0.00268526  -3.24400737  47.21005997   0.15742475
 "DRIFT_30"              31.78550000   0.00000000   0.00000000  -0.04504295   0.04226846  -2.24596915  18.00791876   0.74896010   0.00000000   0.00000000   0.01605110   0.00268526  -3.24935298  47.35226456   0.15749847
 "STRAY67"               31.78550000   0.00000000   0.00000000  -0.04504295   0.04228531  -2.25434811  18.00791876   0.74896010   0.00000000   0.00000000   0.01605110   0.00267779  -3.22732032  47.35226456   0.15749847
 "DRIFT_31"              31.80750000   0.00000000   0.00000000  -0.04411267   0.04228531  -2.26177850  18.10727355   0.74915400   0.00000000   0.00000000   0.01611001   0.00267779  -3.23262404  47.49438333   0.15757230
 "STRAY68"               31.80750000   0.00000000   0.00000000  -0.04411267   0.04230289  -2.27023381  18.10727355   0.74915400   0.00000000   0.00000000   0.01611001   0.00267027  -3.21044622  47.49438333   0.15757230
 "DRIFT_30"              31.82940000   0.00000000   0.00000000  -0.04318624   0.04230289  -2.27767677  18.20687279   0.74934597   0.00000000   0.00000000   0.01616849   0.00267027  -3.21565995  47.63511506   0.15764558
 "STRAY69"               31.82940000   0.00000000   0.00000000  -0.04318624   0.04232120  -2.28614755  18.20687279   0.74934597   0.00000000   0.00000000   0.01616849   0.00266275  -3.19349763  47.63511506   0.15764558
 "DRIFT_31"              31.85140000   0.00000000   0.00000000  -0.04225518   0.04232120  -2.29367121  18.30762880   0.74953775   0.00000000   0.00000000   0.01622707   0.00266275  -3.19866955  47.77574274   0.15771897
 "STRAY70"               31.85140000   0.00000000   0.00000000  -0.04225518   0.04234024  -2.30208378  18.30762880   0.74953775   0.00000000   0.00000000   0.01622707   0.00265529  -3.17671604  47.77574274   0.15771897
 "DRIFT_30"              31.87330000   0.00000000   0.00000000  -0.04132792   0.04234024  -2.30961949  18.40862510   0.74972761   0.00000000   0.00000000   0.01628522   0.00265529  -3.18180031  47.91499425   0.15779182
 "STRAY71"               31.87330000   0.00000000   0.00000000  -0.04132792   0.04236001  -2.31789538  18.40862510   0.74972761   0.00000000   0.00000000   0.01628522   0.00264797  -3.16025936  47.91499425   0.15779182
 "DRIFT_30"              31.89520000   0.00000000   0.00000000  -0.04040024   0.04236001  -2.32547665  18.51031495   0.74991643   0.00000000   0.00000000   0.01634321   0.00264797  -3.16528118  48.05352358   0.15786446
 "STRAY72"               31.89520000   0.00000000   0.00000000  -0.04040024   0.04238055  -2.33356178  18.51031495   0.74991643   0.00000000   0.00000000   0.01634321   0.00264083  -3.14429186  48.05352358   0.15786446
 "DRIFT_31"              31.91720000   0.00000000   0.00000000  -0.03946787   0.04238055  -2.34122244  18.61316020   0.75010507   0.00000000   0.00000000   0.01640131   0.00264083  -3.14927598  48.19198208   0.15793722
 "STRAY73"               31.91720000   0.00000000   0.00000000  -0.03946787   0.04240179  -2.34908820  18.61316020   0.75010507   0.00000000   0.00000000   0.01640131   0.00263390  -3.12891047  48.19198208   0.15793722
 "DRIFT_30"              31.93910000   0.00000000   0.00000000  -0.03853927   0.04240179  -2.35675745  18.71621822   0.75029181   0.00000000   0.00000000   0.01645899   0.00263390  -3.13381384  48.32913574   0.15800944
 "STRAY74"               31.93910000   0.00000000   0.00000000  -0.03853927   0.04242368  -2.36441653  18.71621822   0.75029181   0.00000000   0.00000000   0.01645899   0.00262716  -3.11403650  48.32913574   0.15800944
 "DRIFT_30"              31.96100000   0.00000000   0.00000000  -0.03761019   0.04242368  -2.37212809  18.81994855   0.75047752   0.00000000   0.00000000   0.01651653   0.00262716  -3.11888387  48.46563669   0.15808146
 "STRAY75"               31.96100000   0.00000000   0.00000000  -0.03761019   0.04244621  -2.37962096  18.81994855   0.75047752   0.00000000   0.00000000   0.01651653   0.00262059  -3.09958804  48.46563669   0.15808146
 "DRIFT_31"              31.98300000   0.00000000   0.00000000  -0.03667637   0.04244621  -2.38740935  18.92482322   0.75066306   0.00000000   0.00000000   0.01657418   0.00262059  -3.10440307  48.60212450   0.15815361
 "STRAY76"               31.98300000   0.00000000   0.00000000  -0.03667637   0.04246936  -2.39478980  18.92482322   0.75066306   0.00000000   0.00000000   0.01657418   0.00261413  -3.08544882  48.60212450   0.15815361
 "DRIFT_30"              32.00490000   0.00000000   0.00000000  -0.03574629   0.04246936  -2.40258364  19.02988569   0.75084672   0.00000000   0.00000000   0.01663143   0.00261413  -3.09018910  48.73737097   0.15822522
 "STRAY77"               32.00490000   0.00000000   0.00000000  -0.03574629   0.04249314  -2.40990568  19.02988569   0.75084672   0.00000000   0.00000000   0.01663143   0.00260773  -3.07143665  48.73737097   0.15822522
 "DRIFT_30"              32.02680000   0.00000000   0.00000000  -0.03481569   0.04249314  -2.41774006  19.13561114   0.75102937   0.00000000   0.00000000   0.01668854   0.00260773  -3.07612501  48.87200257   0.15829664
 "STRAY78"               32.02680000   0.00000000   0.00000000  -0.03481569   0.04251759  -2.42505090  19.13561114   0.75102937   0.00000000   0.00000000   0.01668854   0.00260135  -3.05745326  48.87200257   0.15829664
 "DRIFT_31"              32.04880000   0.00000000   0.00000000  -0.03388031   0.04251759  -2.43296176  19.24248741   0.75121184   0.00000000   0.00000000   0.01674577   0.00260135  -3.06211148  49.00663299   0.15836818
 "STRAY79"               32.04880000   0.00000000   0.00000000  -0.03388031   0.04254274  -2.44029906  19.24248741   0.75121184   0.00000000   0.00000000   0.01674577   0.00259496  -3.04342491  49.00663299   0.15836818
 "DRIFT_30"              32.07070000   0.00000000   0.00000000  -0.03294862   0.04254274  -2.44821466  19.34954586   0.75139248   0.00000000   0.00000000   0.01680260   0.00259496  -3.04801097  49.14003544   0.15843921
 "STRAY80"               32.07070000   0.00000000   0.00000000  -0.03294862   0.04256865  -2.45560618  19.34954586   0.75139248   0.00000000   0.00000000   0.01680260   0.00258855  -3.02923947  49.14003544   0.15843921
 "DRIFT_27"              32.11350000   0.00000000   0.00000000  -0.03112668   0.04256865  -2.47115611  19.56041129   0.75174262   0.00000000   0.00000000   0.01691339   0.00258855  -3.03810282  49.39971769   0.15857747
 "STRAY81"               32.11350000   0.00000000   0.00000000  -0.03112668   0.04262147  -2.48581310  19.56041129   0.75174262   0.00000000   0.00000000   0.01691339   0.00257587  -3.00108668  49.39971769   0.15857747
 "DRIFT_32"              32.15640000   0.00000000   0.00000000  -0.02929822   0.04262147  -2.50155871  19.77436954   0.75208978   0.00000000   0.00000000   0.01702389   0.00257587  -3.00977660  49.65758372   0.15871532
 "STRAY82"               32.15640000   0.00000000   0.00000000  -0.02929822   0.04267747  -2.51655883  19.77436954   0.75208978   0.00000000   0.00000000   0.01702389   0.00256296  -2.97210816  49.65758372   0.15871532
 "DRIFT_27"              32.19920000   0.00000000   0.00000000  -0.02747163   0.04267747  -2.53243065  19.99046629   0.75243239   0.00000000   0.00000000   0.01713359   0.00256296  -2.98058361  49.91235893   0.15885215
 "STRAY83"               32.19920000   0.00000000   0.00000000  -0.02747163   0.04273693  -2.54782503  19.99046629   0.75243239   0.00000000   0.00000000   0.01713359   0.00254976  -2.94214679  49.91235893   0.15885215
 "DRIFT_27"              32.24200000   0.00000000   0.00000000  -0.02564249   0.04273693  -2.56386430  20.20924659   0.75277130   0.00000000   0.00000000   0.01724272   0.00254976  -2.95042704  50.16456109   0.15898828
 "STRAY84"               32.24200000   0.00000000   0.00000000  -0.02564249   0.04280005  -2.57967866  20.20924659   0.75277130   0.00000000   0.00000000   0.01724272   0.00253627  -2.91117173  50.16456109   0.15898828
 "DRIFT_27"              32.28480000   0.00000000   0.00000000  -0.02381064   0.04280005  -2.59589019  20.43076094   0.75310653   0.00000000   0.00000000   0.01735127   0.00253627  -2.91925566  50.41410338   0.15912373
 "STRAY85"               32.28480000   0.00000000   0.00000000  -0.02381064   0.04286701  -2.61213988  20.43076094   0.75310653   0.00000000   0.00000000   0.01735127   0.00252247  -2.87915861  50.41410338   0.15912373
 "DRIFT_32"              32.32770000   0.00000000   0.00000000  -0.02197165   0.04286701  -2.62856699  20.65558727   0.75343890   0.00000000   0.00000000   0.01745948   0.00252247  -2.88706358  50.66147432   0.15925884
 "STRAY86"               32.32770000   0.00000000   0.00000000  -0.02197165   0.04293794  -2.64526508  20.65558727   0.75343890   0.00000000   0.00000000   0.01745948   0.00250836  -2.84610858  50.66147432   0.15925884
 "DRIFT_27"              32.37050000   0.00000000   0.00000000  -0.02013391   0.04293794  -2.66183637  20.88273121   0.75376688   0.00000000   0.00000000   0.01756684   0.00250836  -2.85379676  50.90543026   0.15939297
 "STRAY87"               32.37050000   0.00000000   0.00000000  -0.02013391   0.04301296  -2.67899523  20.88273121   0.75376688   0.00000000   0.00000000   0.01756684   0.00249392  -2.81196896  50.90543026   0.15939297
 "DRIFT_27"              32.41330000   0.00000000   0.00000000  -0.01829295   0.04301296  -2.69575435  21.11277049   0.75409129   0.00000000   0.00000000   0.01767358   0.00249392  -2.81945788  51.14645533   0.15952647
 "STRAY88"               32.41330000   0.00000000   0.00000000  -0.01829295   0.04309218  -2.71338652  21.11277049   0.75409129   0.00000000   0.00000000   0.01767358   0.00247916  -2.77674331  51.14645533   0.15952647
 "DRIFT_27"              32.45610000   0.00000000   0.00000000  -0.01644861   0.04309218  -2.73033898  21.34576194   0.75441217   0.00000000   0.00000000   0.01777969   0.00247916  -2.78403221  51.38445653   0.15965934
 "STRAY89"               32.45610000   0.00000000   0.00000000  -0.01644861   0.04317573  -2.74845600  21.34576194   0.75441217   0.00000000   0.00000000   0.01777969   0.00246407  -2.74042012  51.38445653   0.15965934
 "DRIFT_27"              32.49890000   0.00000000   0.00000000  -0.01460068   0.04317573  -2.76560749  21.58176386   0.75472954   0.00000000   0.00000000   0.01788515   0.00246407  -2.74750833  51.61933986   0.15979161
 "STRAY90"               32.49890000   0.00000000   0.00000000  -0.01460068   0.04326370  -2.78422054  21.58176386   0.75472954   0.00000000   0.00000000   0.01788515   0.00244865  -2.70298957  51.61933986   0.15979161
 "DRIFT_32"              32.54180000   0.00000000   0.00000000  -0.01274467   0.04326370  -2.80161745  21.82139631   0.75504416   0.00000000   0.00000000   0.01799020   0.00244865  -2.70989268  51.85155251   0.15992358
 "STRAY91"               32.54180000   0.00000000   0.00000000  -0.01274467   0.04335615  -2.82073893  21.82139631   0.75504416   0.00000000   0.00000000   0.01799020   0.00243288  -2.66445660  51.85155251   0.15992358
 "DRIFT_27"              32.58460000   0.00000000   0.00000000  -0.01088903   0.04335615  -2.83830614  22.06360344   0.75535461   0.00000000   0.00000000   0.01809432   0.00243288  -2.67114206  52.07991613   0.16005466
 "STRAY92"               32.58460000   0.00000000   0.00000000  -0.01088903   0.04345305  -2.85793072  22.06360344   0.75535461   0.00000000   0.00000000   0.01809432   0.00241679  -2.62481933  52.07991613   0.16005466
 "DRIFT_27"              32.62740000   0.00000000   0.00000000  -0.00902924   0.04345305  -2.87571478  22.30900346   0.75566164   0.00000000   0.00000000   0.01819776   0.00241679  -2.63130317  52.30487818   0.16018518
 "STRAY93"               32.62740000   0.00000000   0.00000000  -0.00902924   0.04355449  -2.89585476  22.30900346   0.75566164   0.00000000   0.00000000   0.01819776   0.00240036  -2.58408371  52.30487818   0.16018518
 "DRIFT_27"              32.67020000   0.00000000   0.00000000  -0.00716511   0.04355449  -2.91386183  22.55765933   0.75596529   0.00000000   0.00000000   0.01830050   0.00240036  -2.59036604  52.52634463   0.16031514
 "STRAY94"               32.67020000   0.00000000   0.00000000  -0.00716511   0.04366057  -2.93452906  22.55765933   0.75596529   0.00000000   0.00000000   0.01830050   0.00238359  -2.54224162  52.52634463   0.16031514
 "DRIFT_27"              32.71300000   0.00000000   0.00000000  -0.00529643   0.04366057  -2.95276546  22.80963554   0.75626560   0.00000000   0.00000000   0.01840252   0.00238359  -2.54832268  52.74422078   0.16044455
 "STRAY95"               32.71300000   0.00000000   0.00000000  -0.00529643   0.04377138  -2.97397302  22.80963554   0.75626560   0.00000000   0.00000000   0.01840252   0.00236648  -2.49928306  52.74422078   0.16044455
 "DRIFT_27"              32.75580000   0.00000000   0.00000000  -0.00342302   0.04377138  -2.99244527  23.06499824   0.75656258   0.00000000   0.00000000   0.01850380   0.00236648  -2.50516326  52.95841108   0.16057344
 "STRAY96"               32.75580000   0.00000000   0.00000000  -0.00342302   0.04388703  -3.01421135  23.06499824   0.75656258   0.00000000   0.00000000   0.01850380   0.00234902  -2.45518722  52.95841108   0.16057344
 "DRIFT_27"              32.79860000   0.00000000   0.00000000  -0.00154465   0.04388703  -3.03292621  23.32381573   0.75685627   0.00000000   0.00000000   0.01860434   0.00234902  -2.46086707  53.16881820   0.16070181
 "STRAY97"               32.79860000   0.00000000   0.00000000  -0.00154465   0.04400763  -3.05527454  23.32381573   0.75685627   0.00000000   0.00000000   0.01860434   0.00233120  -2.40992195  53.16881820   0.16070181
 "DRIFT_27"              32.84140000   0.00000000   0.00000000   0.00033887   0.04400763  -3.07423908  23.58615891   0.75714669   0.00000000   0.00000000   0.01870412   0.00233120  -2.41540206  53.37534207   0.16082968
 "STRAY98"               32.84140000   0.00000000   0.00000000   0.00033887   0.04413331  -3.09719358  23.58615891   0.75714669   0.00000000   0.00000000   0.01870412   0.00231299  -2.36345615  53.37534207   0.16082968
 "DRIFT_27"              32.88420000   0.00000000   0.00000000   0.00222778   0.04413331  -3.11641518  23.85210137   0.75743388   0.00000000   0.00000000   0.01880311   0.00231299  -2.36873719  53.57787995   0.16095706
 "STRAY99"               32.88420000   0.00000000   0.00000000   0.00222778   0.04426417  -3.13999650  23.85210137   0.75743388   0.00000000   0.00000000   0.01880311   0.00229440  -2.31576754  53.57787995   0.16095706
 "DRIFT_27"              32.92700000   0.00000000   0.00000000   0.00412229   0.04426417  -3.15948283  24.12171908   0.75771787   0.00000000   0.00000000   0.01890131   0.00229440  -2.32085036  53.77632719   0.16108396
 "STRAY100"              32.92700000   0.00000000   0.00000000   0.00412229   0.04440032  -3.18371080  24.12171908   0.75771787   0.00000000   0.00000000   0.01890131   0.00227542  -2.26683717  53.77632719   0.16108396
 "DRIFT_27"              32.96980000   0.00000000   0.00000000   0.00602262   0.04440032  -3.20346982  24.39509041   0.75799868   0.00000000   0.00000000   0.01899870   0.00227542  -2.27172278  53.97057756   0.16121041
 "STRAY101"              32.96980000   0.00000000   0.00000000   0.00602262   0.04454182  -3.22836644  24.39509041   0.75799868   0.00000000   0.00000000   0.01899870   0.00225603  -2.21664263  53.97057756   0.16121041
 "DRIFT_27"              33.01260000   0.00000000   0.00000000   0.00792901   0.04454182  -3.24840640  24.67229629   0.75827633   0.00000000   0.00000000   0.01909526   0.00225603  -2.22133218  54.16052288   0.16133640
 "STRAY102"              33.01260000   0.00000000   0.00000000   0.00792901   0.04468850  -3.27395685  24.67229629   0.75827633   0.00000000   0.00000000   0.01909526   0.00223625  -2.16524393  54.16052288   0.16133640
 "DRIFT_27"              33.05540000   0.00000000   0.00000000   0.00984168   0.04468850  -3.29428591  24.95341708   0.75855087   0.00000000   0.00000000   0.01919097   0.00223625  -2.16973906  54.34606015   0.16146195
 "STRAY103"              33.05540000   0.00000000   0.00000000   0.00984168   0.04484049  -3.32051236  24.95341708   0.75855087   0.00000000   0.00000000   0.01919097   0.00221608  -2.11262044  54.34606015   0.16146195
 "DRIFT_27"              33.09820000   0.00000000   0.00000000   0.01176085   0.04484049  -3.34113897  25.23853576   0.75882230   0.00000000   0.00000000   0.01928582   0.00221608  -2.11692293  54.52708461   0.16158709
 "STRAY104"              33.09820000   0.00000000   0.00000000   0.01176085   0.04499788  -3.36806257  25.23853576   0.75882230   0.00000000   0.00000000   0.01928582   0.00219551  -2.05875532  54.52708461   0.16158709
 "DRIFT_28"              33.14090000   0.00000000   0.00000000   0.01368226   0.04499788  -3.38894659  25.52706005   0.75909004   0.00000000   0.00000000   0.01937957   0.00219551  -2.06285756  54.70307748   0.16171152
 "STRAY105"              33.14090000   0.00000000   0.00000000   0.01368226   0.04516078  -3.41658977  25.52706005   0.75909004   0.00000000   0.00000000   0.01937957   0.00217452  -2.00361976  54.70307748   0.16171152
 "DRIFT_27"              33.18370000   0.00000000   0.00000000   0.01561514   0.04516078  -3.43783813  25.82042956   0.75935537   0.00000000   0.00000000   0.01947264   0.00217452  -2.00754312  54.87475525   0.16183585
 "STRAY106"              33.18370000   0.00000000   0.00000000   0.01561514   0.04532936  -3.46623654  25.82042956   0.75935537   0.00000000   0.00000000   0.01947264   0.00215311  -1.94718952  54.87475525   0.16183585
 "DRIFT_27"              33.22650000   0.00000000   0.00000000   0.01755524   0.04532936  -3.48780989  26.11806275   0.75961768   0.00000000   0.00000000   0.01956479   0.00215311  -1.95092673  55.04159463   0.16195980
 "STRAY107"              33.22650000   0.00000000   0.00000000   0.01755524   0.04550377  -3.51700956  26.11806275   0.75961768   0.00000000   0.00000000   0.01956479   0.00213123  -1.88939091  55.04159463   0.16195980
 "DRIFT_27"              33.26930000   0.00000000   0.00000000   0.01950280   0.04550377  -3.53891809  26.42005645   0.75987699   0.00000000   0.00000000   0.01965601   0.00213123  -1.89294436  55.20347857   0.16208337
 "STRAY108"              33.26930000   0.00000000   0.00000000   0.01950280   0.04568418  -3.56896256  26.42005645   0.75987699   0.00000000   0.00000000   0.01965601   0.00210888  -1.83016784  55.20347857   0.16208337
 "DRIFT_27"              33.31210000   0.00000000   0.00000000   0.02145808   0.04568418  -3.59121705  26.72651214   0.76013334   0.00000000   0.00000000   0.01974627   0.00210888  -1.83354007  55.36028527   0.16220659
 "STRAY109"              33.31210000   0.00000000   0.00000000   0.02145808   0.04587076  -3.62214067  26.72651214   0.76013334   0.00000000   0.00000000   0.01974627   0.00208603  -1.76948604  55.36028527   0.16220659
 "DRIFT_27"              33.35490000   0.00000000   0.00000000   0.02342135   0.04587076  -3.64475237  27.03753516   0.76038674   0.00000000   0.00000000   0.01983555   0.00208603  -1.77267985  55.51188997   0.16232947
 "STRAY110"              33.35490000   0.00000000   0.00000000   0.02342135   0.04606364  -3.67658915  27.03753516   0.76038674   0.00000000   0.00000000   0.01983555   0.00206268  -1.70731445  55.51188997   0.16232947
 "DRIFT_28"              33.39760000   0.00000000   0.00000000   0.02538827   0.04606364  -3.69951613  27.35249486   0.76063664   0.00000000   0.00000000   0.01992362   0.00206268  -1.71032583  55.65782321   0.16245173
 "STRAY111"              33.39760000   0.00000000   0.00000000   0.02538827   0.04626292  -3.73230605  27.35249486   0.76063664   0.00000000   0.00000000   0.01992362   0.00203879  -1.64360374  55.65782321   0.16245173
 "DRIFT_27"              33.44040000   0.00000000   0.00000000   0.02736832   0.04626292  -3.75566803  27.67298015   0.76088423   0.00000000   0.00000000   0.02001088   0.00203879  -1.64645008  55.79863752   0.16257396
 "STRAY112"              33.44040000   0.00000000   0.00000000   0.02736832   0.04646848  -3.78940369  27.67298015   0.76088423   0.00000000   0.00000000   0.02001088   0.00201440  -1.57842692  55.79863752   0.16257396
 "DRIFT_28"              33.48310000   0.00000000   0.00000000   0.02935252   0.04646848  -3.81310385  27.99760722   0.76112839   0.00000000   0.00000000   0.02009690   0.00201440  -1.58109875  55.93354926   0.16269561
 "STRAY113"              33.48310000   0.00000000   0.00000000   0.02935252   0.04668046  -3.84782333  27.99760722   0.76112839   0.00000000   0.00000000   0.02009690   0.00198948  -1.51173625  55.93354926   0.16269561
 "DRIFT_27"              33.52590000   0.00000000   0.00000000   0.03135045   0.04668046  -3.87198560  28.32801504   0.76137026   0.00000000   0.00000000   0.02018205   0.00198948  -1.51425018  56.06306148   0.16281726
 "STRAY114"              33.52590000   0.00000000   0.00000000   0.03135045   0.04689903  -3.90772043  28.32801504   0.76137026   0.00000000   0.00000000   0.02018205   0.00196402  -1.44352855  56.06306148   0.16281726
 "DRIFT_27"              33.56870000   0.00000000   0.00000000   0.03335773   0.04689903  -3.93230273  28.66356804   0.76160931   0.00000000   0.00000000   0.02026611   0.00196402  -1.44588278  56.18672829   0.16293862
 "STRAY115"              33.56870000   0.00000000   0.00000000   0.03335773   0.04712432  -3.96908351  28.66356804   0.76160931   0.00000000   0.00000000   0.02026611   0.00193801  -1.37378459  56.18672829   0.16293862
 "DRIFT_28"              33.61140000   0.00000000   0.00000000   0.03536993   0.04712432  -3.99404131  29.00359347   0.76184501   0.00000000   0.00000000   0.02034886   0.00193801  -1.37597883  56.30414319   0.16305945
 "STRAY116"              33.61140000   0.00000000   0.00000000   0.03536993   0.04735655  -4.03192753  29.00359347   0.76184501   0.00000000   0.00000000   0.02034886   0.00191143  -1.30243101  56.30414319   0.16305945
 "DRIFT_27"              33.65420000   0.00000000   0.00000000   0.03739679   0.04735655  -4.05739250  29.34981636   0.76207849   0.00000000   0.00000000   0.02043067   0.00191143  -1.30448064  56.41571900   0.16318031
 "STRAY117"              33.65420000   0.00000000   0.00000000   0.03739679   0.04759602  -4.09647029  29.34981636   0.76207849   0.00000000   0.00000000   0.02043067   0.00188423  -1.22936597  56.41571900   0.16318031
 "DRIFT_27"              33.69700000   0.00000000   0.00000000   0.03943390   0.04759602  -4.12239992  29.70158401   0.76230920   0.00000000   0.00000000   0.02051132   0.00188423  -1.23127121  56.52103428   0.16330094
 "STRAY118"              33.69700000   0.00000000   0.00000000   0.03943390   0.04784298  -4.16274694  29.70158401   0.76230920   0.00000000   0.00000000   0.02051132   0.00185637  -1.15449228  56.52103428   0.16330094
 "DRIFT_28"              33.73970000   0.00000000   0.00000000   0.04147680   0.04784298  -4.18909656  30.05820773   0.76253664   0.00000000   0.00000000   0.02059058   0.00185637  -1.15625468  56.61970317   0.16342108
 "STRAY119"              33.73970000   0.00000000   0.00000000   0.04147680   0.04809762  -4.23076804  30.05820773   0.76253664   0.00000000   0.00000000   0.02059058   0.00182782  -1.07775943  56.61970317   0.16342108
 "DRIFT_27"              33.78250000   0.00000000   0.00000000   0.04353538   0.04809762  -4.25767897  30.42151326   0.76276191   0.00000000   0.00000000   0.02066881   0.00182782  -1.07939340  56.71202931   0.16354129
 "STRAY120"              33.78250000   0.00000000   0.00000000   0.04353538   0.04836010  -4.30074120  30.42151326   0.76276191   0.00000000   0.00000000   0.02066881   0.00179856  -0.99911643  56.71202931   0.16354129
 "DRIFT_33"              33.80340000   0.00000000   0.00000000   0.04454610   0.04836010  -4.31413548  30.60156418   0.76287093   0.00000000   0.00000000   0.02070640   0.00179856  -0.99985284  56.75380777   0.16359992
 "STRAY121"              33.80340000   0.00000000   0.00000000   0.04454610   0.04849148  -4.33576689  30.60156418   0.76287093   0.00000000   0.00000000   0.02070640   0.00178393  -0.95973513  56.75380777   0.16359992
 "DRIFT_33"              33.82430000   0.00000000   0.00000000   0.04555958   0.04849148  -4.34928896  30.78308185   0.76297930   0.00000000   0.00000000   0.02074369   0.00178393  -0.96044258  56.79393948   0.16365851
 "STRAY122"              33.82430000   0.00000000   0.00000000   0.04555958   0.04862468  -4.37128465  30.78308185   0.76297930   0.00000000   0.00000000   0.02074369   0.00176911  -0.91986114  56.79393948   0.16365851
 "DRIFT_33"              33.84520000   0.00000000   0.00000000   0.04657583   0.04862468  -4.38493695  30.96608688   0.76308704   0.00000000   0.00000000   0.02078066   0.00176911  -0.92054051  56.83240388   0.16371706
 "STRAY123"              33.84520000   0.00000000   0.00000000   0.04657583   0.04875970  -4.40731293  30.96608688   0.76308704   0.00000000   0.00000000   0.02078066   0.00175409  -0.87947363  56.83240388   0.16371706
 "DRIFT_33"              33.86610000   0.00000000   0.00000000   0.04759491   0.04875970  -4.42109801  31.15060067   0.76319414   0.00000000   0.00000000   0.02081732   0.00175409  -0.88012582  56.86917951   0.16377557
 "STRAY124"              33.86610000   0.00000000   0.00000000   0.04759491   0.04889646  -4.44386955  31.15060067   0.76319414   0.00000000   0.00000000   0.02081732   0.00173887  -0.83855363  56.86917951   0.16377557
 "DRIFT_33"              33.88700000   0.00000000   0.00000000   0.04861685   0.04889646  -4.45779008  31.33664535   0.76330061   0.00000000   0.00000000   0.02085367   0.00173887  -0.83917956  56.90424413   0.16383404
 "STRAY125"              33.88700000   0.00000000   0.00000000   0.04861685   0.04903483  -4.48096583  31.33664535   0.76330061   0.00000000   0.00000000   0.02085367   0.00172345  -0.79709469  56.90424413   0.16383404
 "DRIFT_34"              33.90780000   0.00000000   0.00000000   0.04963677   0.04903483  -4.49495726  31.52334455   0.76340593   0.00000000   0.00000000   0.02088951   0.00172345  -0.79769246  56.93741570   0.16389220
 "STRAY126"              33.90780000   0.00000000   0.00000000   0.04963677   0.04917450  -4.51852285  31.52334455   0.76340593   0.00000000   0.00000000   0.02088951   0.00170783  -0.75512833  56.93741570   0.16389220
 "DRIFT_33"              33.92870000   0.00000000   0.00000000   0.05066452   0.04917450  -4.53272236  31.71251558   0.76351114   0.00000000   0.00000000   0.02092521   0.00170783  -0.75570471  56.96899211   0.16395060
 "STRAY127"              33.92870000   0.00000000   0.00000000   0.05066452   0.04931495  -4.55660808  31.71251558   0.76351114   0.00000000   0.00000000   0.02092521   0.00169207  -0.71279594  56.96899211   0.16395060
 "DRIFT_33"              33.94960000   0.00000000   0.00000000   0.05169520   0.04931495  -4.57095068  31.90328156   0.76361572   0.00000000   0.00000000   0.02096057   0.00169207  -0.71334920  56.99879855   0.16400898
 "STRAY128"              33.94960000   0.00000000   0.00000000   0.05169520   0.04945518  -4.59497127  31.90328156   0.76361572   0.00000000   0.00000000   0.02096057   0.00167629  -0.67043371  56.99879855   0.16400898
 "DRIFT_33"              33.97050000   0.00000000   0.00000000   0.05272881   0.04945518  -4.60945811  32.09565413   0.76371967   0.00000000   0.00000000   0.02099561   0.00167629  -0.67096520  57.02683378   0.16406732
 "STRAY129"              33.97050000   0.00000000   0.00000000   0.05272881   0.04959354  -4.63323012  32.09565413   0.76371967   0.00000000   0.00000000   0.02099561   0.00166074  -0.62872762  57.02683378   0.16406732
 "DRIFT_33"              33.99140000   0.00000000   0.00000000   0.05376532   0.04959354  -4.64786004  32.28962891   0.76382299   0.00000000   0.00000000   0.02103032   0.00166074  -0.62923898  57.05312529   0.16412564
 "STRAY130"              33.99140000   0.00000000   0.00000000   0.05376532   0.04972753  -4.67070644  32.28962891   0.76382299   0.00000000   0.00000000   0.02103032   0.00164586  -0.58887126  57.05312529   0.16412564
 "DRIFT_35"              34.03320000   0.00000000   0.00000000   0.05584393   0.04972753  -4.70024187  32.68133455   0.76402778   0.00000000   0.00000000   0.02109911   0.00164586  -0.58985797  57.10239617   0.16424219
 "STRAY131"              34.03320000   0.00000000   0.00000000   0.05584393   0.04998161  -4.74243564  32.68133455   0.76402778   0.00000000   0.00000000   0.02109911   0.00161862  -0.51613498  57.10239617   0.16424219
 "DRIFT_35"              34.07500000   0.00000000   0.00000000   0.05793316   0.04998161  -4.77248065  33.07905806   0.76423012   0.00000000   0.00000000   0.02116677   0.00161862  -0.51706200  57.14558380   0.16435865
 "STRAY132"              34.07500000   0.00000000   0.00000000   0.05793316   0.05018897  -4.80278177  33.07905806   0.76423012   0.00000000   0.00000000   0.02116677   0.00159923  -0.46471545  57.14558380   0.16435865
 "DRIFT_36"              34.11670000   0.00000000   0.00000000   0.06002604   0.05018897  -4.83312066  33.48087519   0.76442955   0.00000000   0.00000000   0.02123346   0.00159923  -0.46560275  57.18437807   0.16447475
 "STRAY133"              34.11670000   0.00000000   0.00000000   0.06002604   0.05034689  -4.85258538  33.48087519   0.76442955   0.00000000   0.00000000   0.02123346   0.00158689  -0.43235757  57.18437807   0.16447475
 "DRIFT_35"              34.15850000   0.00000000   0.00000000   0.06213054   0.05034689  -4.88323240  33.88783237   0.76462705   0.00000000   0.00000000   0.02129979   0.00158689  -0.43322518  57.22055943   0.16459105
 "STRAY134"              34.15850000   0.00000000   0.00000000   0.06213054   0.05046339  -4.89588285  33.88783237   0.76462705   0.00000000   0.00000000   0.02129979   0.00157893  -0.41186453  57.22055943   0.16459105
 "DRIFT_35"              34.20030000   0.00000000   0.00000000   0.06423991   0.05046339  -4.92668246  34.29841560   0.76482219   0.00000000   0.00000000   0.02136579   0.00157893  -0.41271896  57.25502702   0.16470728
 "STRAY135"              34.20030000   0.00000000   0.00000000   0.06423991   0.05054572  -4.93516948  34.29841560   0.76482219   0.00000000   0.00000000   0.02136579   0.00157365  -0.39855141  57.25502702   0.16470728
 "DRIFT_35"              34.24210000   0.00000000   0.00000000   0.06635272   0.05054572  -4.96607110  34.71228745   0.76501499   0.00000000   0.00000000   0.02143157   0.00157365  -0.39939745  57.28838128   0.16482344
 "STRAY136"              34.24210000   0.00000000   0.00000000   0.06635272   0.05059972  -4.97179851  34.71228745   0.76501499   0.00000000   0.00000000   0.02143157   0.00157011  -0.38994505  57.28838128   0.16482344
 "DRIFT_35"              34.28390000   0.00000000   0.00000000   0.06846779   0.05059972  -5.00276867  35.12922436   0.76520550   0.00000000   0.00000000   0.02149720   0.00157011  -0.39078564  57.32101582   0.16493953
 "STRAY137"              34.28390000   0.00000000   0.00000000   0.06846779   0.05063100  -5.00642074  35.12922436   0.76520550   0.00000000   0.00000000   0.02149720   0.00156788  -0.38482649  57.32101582   0.16493953
 "DRIFT_36"              34.32560000   0.00000000   0.00000000   0.07057910   0.05063100  -5.03736020  35.54805003   0.76539331   0.00000000   0.00000000   0.02156258   0.00156788  -0.38566170  57.35314518   0.16505528
 "STRAY138"              34.32560000   0.00000000   0.00000000   0.07057910   0.05064626  -5.03938258  35.54805003   0.76539331   0.00000000   0.00000000   0.02156258   0.00156665  -0.38239879  57.35314518   0.16505528
 "DRIFT_35"              34.36740000   0.00000000   0.00000000   0.07269612   0.05064626  -5.07042020  35.97063978   0.76557935   0.00000000   0.00000000   0.02162806   0.00156665  -0.38323418  57.38514864   0.16517124
 "STRAY139"              34.36740000   0.00000000   0.00000000   0.07269612   0.05065243  -5.07139022  35.97063978   0.76557935   0.00000000   0.00000000   0.02162806   0.00156607  -0.38168667  57.38514864   0.16517124
 "DRIFT_35"              34.40920000   0.00000000   0.00000000   0.07481339   0.05065243  -5.10243927  36.39590586   0.76576322   0.00000000   0.00000000   0.02169353   0.00156607  -0.38252120  57.41709253   0.16528714
 "STRAY140"              34.40920000   0.00000000   0.00000000   0.07481339   0.05065432  -5.10287254  36.39590586   0.76576322   0.00000000   0.00000000   0.02169353   0.00156581  -0.38183768  57.41709253   0.16528714
 "DRIFT_37"              35.08530297   0.00000000   0.00000000   0.10906092   0.05065432  -5.60516411  43.63564123   0.76846348   0.00000000   0.00000000   0.02275217   0.00156581  -0.39532981  57.94253778   0.16715276
 "POINTS"                35.08530297   0.00000000   0.00000000   0.10906092   0.05065432  -5.60516411  43.63564123   0.76846348   0.00000000   0.00000000   0.02275217   0.00156581  -0.39532981  57.94253778   0.16715276
 "BTP$END"               35.08530297   0.00000000   0.00000000   0.10906092   0.05065432  -5.60516411  43.63564123   0.76846348   0.00000000   0.00000000   0.02275217   0.00156581  -0.39532981  57.94253778   0.16715276
