@ NAME             %09s "PTC_TWISS"
@ TYPE             %05s "TWISS"
@ SEQUENCE         %03s "BT1"
@ PARTICLE         %08s "POSITRON"
@ MASS             %le       0.00051099891
@ CHARGE           %le                   1
@ ENERGY           %le                   1
@ PC               %le        0.9999998694
@ GAMMA            %le         1956.951337
@ KBUNCH           %le                   1
@ BCURRENT         %le                   0
@ SIGE             %le                   0
@ SIGT             %le                   0
@ NPART            %le                   0
@ EX               %le                   1
@ EY               %le                   1
@ ET               %le                   1
@ DELTAP           %le                   0
@ LENGTH           %le             34.5805
@ ALPHA_C          %le            -1000000
@ ALPHA_C_P        %le            -1000000
@ ALPHA_C_P2       %le            -1000000
@ ALPHA_C_P3       %le            -1000000
@ ETA_C            %le            -1000000
@ GAMMA_TR         %le            -1000000
@ Q1               %le        0.7644718926
@ Q2               %le        0.4141024776
@ DQ1              %le            -1000000
@ DQ2              %le            -1000000
@ QS               %le            -1000000
@ BETA_X_MIN       %le            -1000000
@ BETA_X_MAX       %le            -1000000
@ BETA_Y_MIN       %le            -1000000
@ BETA_Y_MAX       %le            -1000000
@ ORBIT_X          %le            -1000000
@ ORBIT_PX         %le            -1000000
@ ORBIT_Y          %le            -1000000
@ ORBIT_PY         %le            -1000000
@ ORBIT_PT         %le            -1000000
@ ORBIT_-CT        %le            -1000000
@ XCORMS           %le            -1000000
@ PXCORMS          %le            -1000000
@ YCORMS           %le            -1000000
@ PYCORMS          %le            -1000000
@ XCOMAX           %le            -1000000
@ PXCOMAX          %le            -1000000
@ YCOMAX           %le            -1000000
@ PYCOMAX          %le            -1000000
@ TITLE            %94s "Transferline BT1 - from exit of the BOOSTER to entry of the BT.BHZ10 magnet. Protons - 1.4 GeV"
@ ORIGIN           %19s "MAD-X 5.00.10 Linux"
@ DATE             %08s "21/12/11"
@ TIME             %08s "16.45.16"
* NAME                                S                  Y                 PY             ALFA11             BETA11             ALFA22             BETA22 
$ %s                                %le                %le                %le                %le                %le                %le                %le 
 "BT1$START"                          0                  0                  0        -6.7605e-05            5.77861         0.00568053               4.22
 "DRIFT_32"                 2.887128162                  0                  0      -0.4996909012        7.221476858      -0.6784951395        6.162502007
 "BT1.BVT10"                3.793951838                  0                  0      -0.6032835047        8.224651137      -0.8931772263        7.586325854
 "DRIFT_33"                     3.94854                  0                  0      -0.6289199327        8.415135202      -0.9298106743        7.868138204
 "BT1.UES00"                    4.45654                  0                  0      -0.7131650988        9.096914398       -1.050193706        8.873980429
 "DRIFT_2"                       4.6372                  0                  0      -0.7431252006        9.360007804       -1.093005514          9.2611708
 "BT1.DHZ10"                     4.9722                  0                  0      -0.7986805759        9.876512739       -1.172391962        10.02007895
 "DRIFT_3"                      5.01663                  0                  0      -0.8060487112        9.947810861       -1.182920737         10.1247255
 "BT1.VVS10"                    5.11663                  0                  0      -0.8226324053        10.11067897       -1.206618184        10.36367939
 "DRIFT_34"                 6.624146985                  0                  0       -1.072634411        12.96782589       -1.563861225        14.54022415
 "BT1.SMV10"                7.624373015                  0                  0       -1.156367981        15.20339757       -1.800675049        17.90247958
 "DRIFT_35"                     7.81232                  0                  0       -1.185260682        15.64349962       -1.845213686        18.58771338
 "BT2.MTV10"                    7.81232                  0                  0       -1.185260682        15.64349962       -1.845213686        18.58771338
 "DRIFT_6"                      8.49233                  0                  0       -1.289797215        17.32656374       -2.006358697        21.20682112
 "BT.VPG11"                     8.49233                  0                  0       -1.289797215        17.32656374       -2.006358697        21.20682112
 "DRIFT_7"                      9.04985                  0                  0       -1.375503613        18.81252226       -2.138476704        23.51764975
 "BT2.UES10"                    9.23485                  0                  0       -1.403943281        19.32671993       -2.182316981        24.31699658
 "DRIFT_8"                  9.479355571                  0                  0       -1.441530617        20.02245415       -2.240258559        25.39834094
 "BT2.QNO10"                9.945364429    3.552713679e-15    1.094610513e-15        4.551862696        18.49829783       -11.73000283        31.61080183
 "DRIFT_9"                      11.0935    4.809474945e-15    1.094610513e-15        3.203799326        9.593746389       -16.76383637        64.32559216
 "BT2.VVS30"                    11.1935    4.918935997e-15    1.094610513e-15        3.086386069        8.964727849       -17.20227184        67.72220298
 "DRIFT_10"                 11.47949961    5.231994172e-15    1.094610513e-15        2.750584615        7.295356532       -18.45619554        77.92051061
 "BT2.QNO20"                11.94550039    5.734681046e-63    1.095044194e-15       0.5932029089        5.804656454        5.411885295        84.29317755
 "DRIFT_11"                     13.8581    2.094381095e-15    1.095044194e-15       0.1477633361        4.387484705        4.724643699        64.90605619
 "BT.VGP21"                     13.8581    2.094381095e-15    1.095044194e-15       0.1477633361        4.387484705        4.724643699        64.90605619
 "BT.VGR21"                     13.8581    2.094381095e-15    1.095044194e-15       0.1477633361        4.387484705        4.724643699        64.90605619
 "BT.VPI22"                     13.8581    2.094381095e-15    1.095044194e-15       0.1477633361        4.387484705        4.724643699        64.90605619
 "BT.VPI22A"                    13.8581    2.094381095e-15    1.095044194e-15       0.1477633361        4.387484705        4.724643699        64.90605619
 "DRIFT_36"                 14.28269764    2.559334277e-15    1.095044194e-15      0.04887562767        4.303992265        4.572075875        60.95869098
 "BT1.KFA10"                15.84270236    1.147605572e-62    1.094610513e-15      -0.3142392425        4.717975773        4.011536616        47.56837693
 "DRIFT_37"                     16.2502    4.460512031e-16    1.094610513e-15      -0.4091393752        5.012750854        3.865113219         44.3586607
 "BT.MTV20"                     16.2502    4.460512031e-16    1.094610513e-15      -0.4091393752        5.012750854        3.865113219         44.3586607
 "DRIFT_38"                 16.50729476    7.274698321e-16    1.094610513e-15      -0.4690129167        5.238519209        3.772733082        42.39501043
 "BT2.BVT20"                17.42110524    1.325807498e-62    1.103284131e-15      -0.6444817599         6.25886398        3.444682143        35.80573591
 "DRIFT_39"                     17.6422    2.439303419e-16    1.103284131e-15      -0.6944793253        6.554901262        3.365237645        34.30009832
 "BT2.UES20"                    17.8272    4.480379061e-16    1.103284131e-15      -0.7363145525        6.819598129        3.298762835        33.06725823
 "DRIFT_16"                     19.1033    1.855938785e-15    1.103284131e-15       -1.024887166        9.067067642        2.840230376        25.23328899
 "BT2.DVT40"                    19.4383    2.225538969e-15    1.103284131e-15       -1.100642847        9.779120196        2.719857071         23.3706597
 "DRIFT_17"                     20.3331    3.212757609e-15    1.103284131e-15       -1.302989665        11.92989057        2.398334585         18.7909018
 "BT.VPI23"                     20.5181    3.416865173e-15    1.103284131e-15       -1.344824892        12.41973626        2.331859776        17.91581585
 "DRIFT_40"                 20.64369273    3.555429641e-15    1.103284131e-15       -1.373225976        12.76110369        2.286731381        17.33575437
 "BT2.SMV20"                21.64390727    3.552713679e-15    1.124100812e-15       -1.519245153         15.6616648         1.92763929        13.12409542
 "DRIFT_41"                     21.8143    3.744252286e-15    1.124100812e-15       -1.555236039        16.18553405        1.866413212        12.47761645
 "BT.MTV30"                     21.8143    3.744252286e-15    1.124100812e-15       -1.555236039        16.18553405        1.866413212        12.47761645
 "BT.VPI23B"                    21.8143    3.744252286e-15    1.124100812e-15       -1.555236039        16.18553405        1.866413212        12.47761645
 "DRIFT_20"                 22.41234531    4.416515505e-15    1.124100812e-15        -1.68155704        18.12128297          1.6515216        10.37373204
 "BT.QNO30"                 22.87845469    3.552713679e-15    1.602884492e-15       0.7734316903        18.55370111       0.2406113039        9.509750517
 "DRIFT_21"                      25.944    8.466428714e-15    1.602884492e-15       0.5093687952        14.62121809      -0.1004093537        9.079955086
 "BT.UES30"                      26.262    8.976145983e-15    1.602884492e-15       0.4819766049        14.30597026      -0.1357846486        9.155064779
 "DRIFT_22"                      26.511    9.375264221e-15    1.602884492e-15        0.460528003        14.07128661      -0.1634841719        9.229582715
 "BT.BCT10"                      26.825    9.878569952e-15    1.602884492e-15       0.4334803685        13.79056798      -0.1984144944        9.343218897
 "DRIFT_23"                      27.039    1.022158723e-14    1.602884492e-15       0.4150466304         13.6089832      -0.2222205105        9.433234788
 "BT.DVT50"                      27.475    1.092044487e-14    1.602884492e-15       0.3774900424        13.26343721       -0.270722487        9.648157935
 "DRIFT_24"                     28.2492    1.216139804e-14    1.602884492e-15       0.3108012569        12.73056209      -0.3568468683        10.13402213
 "BT.VGP23"                     28.2492    1.216139804e-14    1.602884492e-15       0.3108012569        12.73056209      -0.3568468683        10.13402213
 "BT.VPG22"                     28.2492    1.216139804e-14    1.602884492e-15       0.3108012569        12.73056209      -0.3568468683        10.13402213
 "DRIFT_25"                 29.24549903    1.375835031e-14    1.602884492e-15       0.2249810911        12.19676265      -0.4676782268        10.95549568
 "BT2.KFA20"                30.80550097    7.588197066e-63    1.603318173e-15      0.09082545813        11.70409649      -0.6412167633        12.68536543
 "DRIFT_26"                      31.213    6.533506044e-16    1.603318173e-15      0.05572145844        11.64437877      -0.6865482049        13.22642837
 "BT.MTV40"                      31.213    6.533506044e-16    1.603318173e-15      0.05572145844        11.64437877      -0.6865482049        13.22642837
 "DRIFT_27"                     31.3625    8.930466712e-16    1.603318173e-15      0.04284278259        11.62964341      -0.7031790432         13.4341926
 "BT.DVT60"                     31.7985    1.592093394e-15    1.603318173e-15     0.005283567381        11.60866033      -0.7516810198        14.06851158
 "DRIFT_28"                    31.83745    1.654542637e-15    1.603318173e-15     0.001928220059        11.60837943      -0.7560139372         14.1272363
 "BT.QNO40"                    32.30355    2.598244753e-15    2.514327077e-15        4.366165538        9.422408427       -8.165807994        18.02535302
 "DRIFT_29"                     32.4855    3.055726564e-15    2.514327077e-15        3.978734242        7.904053912        -8.84898199        21.12119406
 "BT.UES40"                     32.6705    3.520877074e-15    2.514327077e-15        3.584808495        6.504798506       -9.543607928        24.52382319
 "DRIFT_30"                     33.2356    4.941723305e-15    2.514327077e-15        2.381525038        3.133223426       -11.66540856        36.50903841
 "BT.QNO50"                     33.6454    5.649405624e-15    9.038939619e-16        1.024907538        1.791963145       -0.212517723        41.58712799
 "DRIFT_31"                     34.5805    6.494636868e-15    9.038939619e-16     -0.04507105214        0.875718048      -0.2360185681        42.00655427
 "BT1.END"                      34.5805    6.494636868e-15    9.038939619e-16     -0.04507105214        0.875718048      -0.2360185681        42.00655427
 "BT1$END"                      34.5805    6.494636868e-15    9.038939619e-16     -0.04507105214        0.875718048      -0.2360185681        42.00655427
