@ NAME             %05s "TWISS"
@ TYPE             %05s "TWISS"
@ SEQUENCE         %07s "LTLTBBI"
@ PARTICLE         %06s "PROTON"
@ MASS             %le     0.93827
@ CHARGE           %le     1.00000
@ ENERGY           %le     0.98827
@ PC               %le     0.31037
@ GAMMA            %le     1.05329
@ KBUNCH           %le     1.00000
@ BCURRENT         %le     0.00000
@ SIGE             %le     0.00100
@ SIGT             %le     0.00000
@ NPART            %le     0.00000
@ EX               %le     0.00015
@ EY               %le     0.00007
@ ET               %le     1.00000
@ LENGTH           %le   131.26337
@ ALFA             %le     0.00000
@ ORBIT5           %le    -0.00000
@ GAMMATR          %le     0.00000
@ Q1               %le     3.06709
@ Q2               %le     2.87431
@ DQ1              %le     0.00000
@ DQ2              %le     0.00000
@ DXMAX            %le    10.65134
@ DYMAX            %le     1.62976
@ XCOMAX           %le     0.00000
@ YCOMAX           %le     0.02992
@ BETXMAX          %le   130.88450
@ BETYMAX          %le   120.20968
@ XCORMS           %le     0.00000
@ YCORMS           %le     0.00998
@ DXRMS            %le     2.26685
@ DYRMS            %le     0.39442
@ DELTAP           %le     0.00000
@ SYNCH_1          %le     0.00000
@ SYNCH_2          %le     0.00000
@ SYNCH_3          %le     0.00000
@ SYNCH_4          %le     0.00000
@ SYNCH_5          %le     0.00000
@ TITLE            %65s "LT-LTB-BI 2014 optics. Protons - 310.3662354 MeV/c (E_kin=50 MeV)"
@ ORIGIN           %16s "5.02.06 Linux 64"
@ DATE             %08s "08/07/15"
@ TIME             %08s "13.59.09"
* NAME                        S          X          Y 
$ %s                        %le        %le        %le 
 "LTLTBBI$START"        0.00000    0.00000    0.00000
 "LT$START"             0.00000    0.00000    0.00000
 "BEGLT"                0.00000    0.00000    0.00000
 "DRIFT_0"              0.02400    0.00000    0.00000
 "LT.VVS10"             0.04800    0.00000    0.00000
 "DRIFT_1"              0.22300    0.00000    0.00000
 "LT.DHZ10"             0.39800    0.00000    0.00000
 "LT.DVT10"             0.39800    0.00000    0.00000
 "DRIFT_2"              0.89900    0.00000    0.00000
 "LT.BPM10"             1.40000    0.00000    0.00000
 "DRIFT_3"              1.62475    0.00000    0.00000
 "LT.QFN10"             1.97700    0.00000    0.00000
 "DRIFT_4"              2.12575    0.00000    0.00000
 "LT.BEC1"              2.14700    0.00000    0.00000
 "DRIFT_5"              2.27850    0.00000    0.00000
 "LT.BCT10"             2.41000    0.00000    0.00000
 "DRIFT_6"              2.52975    0.00000    0.00000
 "LT.QDN12"             2.77700    0.00000    0.00000
 "DRIFT_7"              2.99675    0.00000    0.00000
 "LT.BHZ10"             3.34200    0.00000    0.00000
 "DRIFT_8"              4.54000    0.00000    0.00000
 "LT.VPI11"             5.48500    0.00000    0.00000
 "DRIFT_9"              6.40975    0.00000    0.00000
 "LT.QFN20"             7.46200    0.00000    0.00000
 "DRIFT_10"             7.71825    0.00000    0.00000
 "LT.BEC2"              7.84700    0.00000    0.00000
 "DRIFT_11"             8.09075    0.00000    0.00000
 "LT.QDN22"             8.46200    0.00000    0.00000
 "DRIFT_12"            10.15585    0.00000    0.00000
 "LT.DHZ20"            11.72220    0.00000    0.00000
 "LT.DVT20"            11.72220    0.00000    0.00000
 "DRIFT_13"            12.45835    0.00000    0.00000
 "LT.QFN30"            13.32200    0.00000    0.00000
 "DRIFT_14"            13.82700    0.00000    0.00000
 "LT.QDN32"            14.33200    0.00000    0.00000
 "DRIFT_15"            14.79575    0.00000    0.00000
 "LT.VPI2"             15.13200    0.00000    0.00000
 "DRIFT_16"            16.15475    0.00000    0.00000
 "LT.BPM20"            17.17750    0.00000    0.00000
 "DRIFT_17"            17.72975    0.00000    0.00000
 "LT.VGP11"            18.28200    0.00000    0.00000
 "DRIFT_18"            18.56325    0.00000    0.00000
 "LT.QFN40"            18.97200    0.00000    0.00000
 "DRIFT_19"            19.47200    0.00000    0.00000
 "LT.QDN42"            19.97200    0.00000    0.00000
 "DRIFT_20"            20.24575    0.00000    0.00000
 "LT.DHZ30"            20.39200    0.00000    0.00000
 "LT.DVT30"            20.39200    0.00000    0.00000
 "DRIFT_21"            20.69350    0.00000    0.00000
 "LT.BPM30"            20.99500    0.00000    0.00000
 "DRIFT_22"            21.37100    0.00000    0.00000
 "LT.CDB10"            21.74700    0.00000    0.00000
 "DRIFT_23"            22.21975    0.00000    0.00000
 "LT.BCT20"            22.69250    0.00000    0.00000
 "DRIFT_24"            23.08843    0.00000    0.00000
 "LT.BHZ20"            24.00857    0.00000    0.00000
 "DRIFT_25"            24.89995    0.00000    0.00000
 "LT.VGP12"            25.26713    0.00000    0.00000
 "DRIFT_26"            25.69113    0.00000    0.00000
 "LT.STP10"            26.11513    0.00000    0.00000
 "DRIFT_27"            27.74013    0.00000    0.00000
 "LT.BEC3"             29.36513    0.00000    0.00000
 "DRIFT_28"            29.93638    0.00000    0.00000
 "LT.QFN50"            30.63513    0.00000    0.00000
 "DRIFT_29"            31.17388    0.00000    0.00000
 "LT.VPI14"            31.58513    0.00000    0.00000
 "DRIFT_30"            31.79513    0.00000    0.00000
 "LT.BEC4"             32.00513    0.00000    0.00000
 "DRIFT_31"            32.18563    0.00000    0.00000
 "LT.BCT30"            32.36613    0.00000    0.00000
 "DRIFT_32"            32.62563    0.00000    0.00000
 "LT.DHZ40"            32.88513    0.00000    0.00000
 "LT.DVT40"            32.88513    0.00000    0.00000
 "DRIFT_33"            33.46513    0.00000    0.00000
 "LT.BPM40"            34.04513    0.00000    0.00000
 "DRIFT_34"            34.37638    0.00000    0.00000
 "LT.QDN55"            34.83513    0.00000    0.00000
 "DRIFT_35"            35.07988    0.00000    0.00000
 "LT.VVS20"            35.19713    0.00000    0.00000
 "DRIFT_36"            37.38738    0.00000    0.00000
 "LT.QFN60"            39.70513    0.00000    0.00000
 "DRIFT_37"            40.65913    0.00000    0.00000
 "LT.QDN65"            41.61313    0.00000    0.00000
 "DRIFT_38"            41.87553    0.00000    0.00000
 "LT.BHZ25"            42.21314    0.00000    0.00000
 "DRIFT_39"            42.96299    0.00000    0.00000
 "LT.VPI25"            43.51013    0.00000    0.00000
 "DRIFT_40"            44.80814    0.00000    0.00000
 "LT.VPI26"            46.10614    0.00000    0.00000
 "DRIFT_41"            46.31014    0.00000    0.00000
 "LT.QFW70"            46.74513    0.00000    0.00000
 "DRIFT_42"            48.49188    0.00000    0.00000
 "LT.QDN75"            50.13513    0.00000    0.00000
 "DRIFT_43"            50.68389    0.00000    0.00000
 "LT.DHZ50"            51.10514    0.00000    0.00000
 "LT.DVT50"            51.10514    0.00000    0.00000
 "DRIFT_44"            51.42214    0.00000   -0.00016
 "LT.BCT40"            51.73914    0.00000   -0.00032
 "DRIFT_45"            51.98314    0.00000   -0.00044
 "LT.BPM50"            52.50514    0.00000   -0.00070
 "DRIFT_46"            53.12800    0.00000   -0.00101
 "ENDLT"               53.47286    0.00000   -0.00118
 "LT$END"              53.47286    0.00000   -0.00118
 "DRIFT_47"            53.47286    0.00000   -0.00118
 "LTB$START"           53.47287    0.00000   -0.00118
 "BEGLTB"              53.47287    0.00000   -0.00118
 "LT.BHZ30"            53.99860   -0.00000   -0.00141
 "DRIFT_48"            54.86818    0.00000   -0.00174
 "LTB.DHZ10"           55.21204    0.00000   -0.00185
 "LTB.DVT10"           55.21204    0.00000   -0.00185
 "DRIFT_49"            55.47879    0.00000   -0.00193
 "LTB.STP10"           55.74554    0.00000   -0.00202
 "DRIFT_50"            55.93879    0.00000   -0.00208
 "LTB.VVS10"           56.13204    0.00000   -0.00214
 "DRIFT_51"            56.38079    0.00000   -0.00222
 "LTB.VPI11"           56.62954    0.00000   -0.00230
 "DRIFT_52"            57.39704    0.00000   -0.00254
 "LTB.QFN10"           58.29204    0.00000   -0.00286
 "DRIFT_19"            58.79204    0.00000   -0.00350
 "LTB.QDN20"           59.29204    0.00000   -0.00416
 "DRIFT_53"            59.57479    0.00000   -0.00437
 "LTB.MSF30"           59.73004    0.00000   -0.00447
 "DRIFT_54"            60.08379    0.00000   -0.00471
 "LTB.BPM10"           60.43754    0.00000   -0.00495
 "DRIFT_55"            60.62129    0.00000   -0.00507
 "LTB.BCT49"           60.80504    0.00000   -0.00519
 "DRIFT_56"            60.97354    0.00000   -0.00531
 "LTB.DHZ20"           61.14204    0.00000   -0.00542
 "LTB.DVT20"           61.14204    0.00000   -0.00542
 "DRIFT_57"            62.60654    0.00000   -0.00640
 "LTB.BCT50"           64.07104    0.00000   -0.00738
 "DRIFT_58"            64.32604   -0.00000   -0.00755
 "LTB.BCT55"           64.58104   -0.00000   -0.00772
 "DRIFT_59"            66.11154   -0.00000   -0.00874
 "LTB.BPM20"           67.64204   -0.00000   -0.00977
 "DRIFT_60"            67.89204   -0.00000   -0.00993
 "LTB.DHZ30"           68.14204   -0.00000   -0.01010
 "LTB.DVT30"           68.14204   -0.00000   -0.01010
 "DRIFT_61"            68.47679   -0.00000   -0.01032
 "LTB.QFW30"           69.04204   -0.00000   -0.01084
 "DRIFT_62"            69.54204   -0.00000   -0.01225
 "LTB.QDW40"           70.04204   -0.00000   -0.01358
 "DRIFT_63"            72.59679   -0.00000   -0.01192
 "LTB.BCT59"           74.92104   -0.00000   -0.01021
 "DRIFT_64"            75.19254   -0.00000   -0.01001
 "LTB.VPI12"           75.46404   -0.00000   -0.00981
 "DRIFT_65"            75.68904   -0.00000   -0.00964
 "LTB.VGR01"           75.91404   -0.00000   -0.00947
 "DRIFT_66"            76.94704   -0.00000   -0.00871
 "LTB.VPI13"           77.98004   -0.00000   -0.00795
 "DRIFT_67"            78.24504   -0.00000   -0.00775
 "LTB.MSF40"           78.51004   -0.00000   -0.00756
 "DRIFT_68"            78.72604   -0.00000   -0.00740
 "LTB.BCT60"           78.94204   -0.00000   -0.00724
 "DRIFT_69"            79.15179   -0.00000   -0.00708
 "LTB.QFW50"           79.59204   -0.00000   -0.00690
 "DRIFT_70"            80.24204   -0.00000   -0.00785
 "LTB.QDW60"           80.89204   -0.00000   -0.00875
 "DRIFT_69"            81.33229   -0.00000   -0.00825
 "LTB.DHZ40"           81.54204   -0.00000   -0.00791
 "LTB.DVT40"           81.54204   -0.00000   -0.00791
 "DRIFT_71"            81.79404   -0.00000   -0.00752
 "LTB.BPM30"           82.04604   -0.00000   -0.00712
 "DRIFT_72"            82.37704   -0.00000   -0.00660
 "ENDLTB"              82.70804   -0.00000   -0.00607
 "LTB$END"             82.70804   -0.00000   -0.00607
 "BI1$START"           82.70804   -0.00000   -0.00607
 "BEGBI"               82.70804   -0.00000   -0.00607
 "LTB.BHZ40"           83.15804   -0.00000   -0.00536
 "DRIFT_73"            83.94804   -0.00000   -0.00412
 "BI.VPI11"            84.28804   -0.00000   -0.00358
 "DRIFT_74"            86.78004   -0.00000    0.00035
 "BI.DHZ10"            89.27204   -0.00000    0.00429
 "BI.DVT10"            89.27204   -0.00000    0.00429
 "DRIFT_75"            89.51554   -0.00000    0.00467
 "BI.BPM00"            89.75904   -0.00000    0.00506
 "DRIFT_76"            90.21004   -0.00000    0.00577
 "BI.BTV10"            90.66104   -0.00000    0.00648
 "DRIFT_77"            90.94904   -0.00000    0.00693
 "BI.STPFA10"          91.23704   -0.00000    0.00739
 "DRIFT_78"            92.85004   -0.00000    0.00993
 "BI.STPSW10"          94.46304   -0.00000    0.01248
 "DRIFT_79"            94.83754   -0.00000    0.01307
 "BI.BPM10"            95.21204   -0.00000    0.01366
 "DRIFT_80"            95.45204   -0.00000    0.01404
 "BI.DHZ20"            95.69204   -0.00000    0.01442
 "BI.DVT20"            95.69204   -0.00000    0.01442
 "DRIFT_81"            95.89654   -0.00000    0.01474
 "BI.QNO10"            96.33204   -0.00000    0.01589
 "DRIFT_82"            96.83204   -0.00000    0.02034
 "BI.QNO20"            97.33204   -0.00000    0.02448
 "DRIFT_83"           100.98834    0.00000    0.00865
 "BI.BPM20"           104.41364    0.00000   -0.00697
 "DRIFT_84"           104.63844    0.00000   -0.00799
 "BI.BCT10"           104.86324    0.00000   -0.00902
 "DRIFT_85"           105.05284    0.00000   -0.00988
 "BI.VVS10"           105.24244    0.00000   -0.01075
 "DRIFT_86"           105.28449    0.00000   -0.01094
 "BI.DVT30"           105.47404    0.00000   -0.01180
 "DRIFT_87"           105.74329    0.00000   -0.01303
 "BI.BTV20"           105.86504    0.00000   -0.01359
 "DRIFT_88"           106.12974    0.00000   -0.01479
 "BI.QNO30"           106.62544    0.00000   -0.01737
 "DRIFT_89"           107.07524    0.00000   -0.02171
 "BI.BPM30"           107.29405    0.00000   -0.02400
 "DRIFT_90"           107.49284    0.00000   -0.02608
 "BI.QNO40"           107.92264    0.00000   -0.02981
 "DRIFT_91"           108.28885    0.00000   -0.02952
 "BI.DIS0"            108.62405    0.00000   -0.02853
 "DRIFT_92"           108.82905    0.00000   -0.02793
 "BI1.DIS1"           109.03405    0.00000   -0.02732
 "DRIFT_93"           109.23905    0.00000   -0.02672
 "BI1.DIS2"           109.44405    0.00000   -0.02611
 "DRIFT_94"           109.64905    0.00000   -0.02551
 "BI1.DIS3"           109.85406    0.00000   -0.02490
 "DRIFT_95"           110.05907    0.00000   -0.02430
 "BI1.DIS4"           110.26408    0.00000   -0.02369
 "DRIFT_96"           110.55560    0.00000   -0.02283
 "BI1.DVT40"          110.81062    0.00000   -0.02208
 "DRIFT_97"           111.82489    0.00000   -0.01909
 "BI.VPI12"           112.67565    0.00000   -0.01659
 "DRIFT_98"           114.78469    0.00000   -0.01037
 "BI.BTV30"           116.89373    0.00000   -0.00415
 "DRIFT_99"           117.17495    0.00000   -0.00332
 "BI1.SMV10"          117.93869    0.00000   -0.00107
 "DRIFT_100"          118.50643    0.00000    0.00062
 "BI.SMVHDP"          118.59166    0.00000    0.00087
 "DRIFT_101"          119.98280    0.00000    0.00501
 "BI1.BVT10"          121.73440    0.00000    0.01024
 "DRIFT_102"          122.24901    0.00000    0.01172
 "BI1.QNO50"          122.63617    0.00000    0.01326
 "DRIFT_103"          123.01117    0.00000    0.01658
 "BI1.QNO60"          123.38617    0.00000    0.01970
 "DRIFT_104"          123.78167    0.00000    0.01973
 "BI1.DHZ50"          123.94417    0.00000    0.01945
 "BI1.DVT50"          123.94417    0.00000    0.01945
 "DRIFT_105"          124.22767    0.00000    0.01896
 "BI1.BPM40"          124.51117    0.00000    0.01847
 "DRIFT_106"          125.10217    0.00000    0.01746
 "BI1.BTV40"          125.69317    0.00000    0.01644
 "DRIFT_107"          125.96642    0.00000    0.01598
 "BI1.VPI14"          126.23967    0.00000    0.01551
 "DRIFT_108"          126.43892    0.00000    0.01516
 "BI1.BCT20"          126.63817    0.00000    0.01482
 "DRIFT_109"          126.86117    0.00000    0.01444
 "BI1.BPM50"          127.08417    0.00000    0.01406
 "DRIFT_110"          127.34517    0.00000    0.01361
 "BI1.VVS20"          127.60617    0.00000    0.01316
 "DRIFT_111"          128.80617    0.00000    0.01110
 "BI1.DHZ70"          130.00617   -0.00000    0.00904
 "BI1.DVT70"          130.00617   -0.00000    0.00904
 "DRIFT_112"          130.63477   -0.00000    0.00796
 "BI1.INJPT"          131.26337   -0.00000    0.00688
 "BI1$END"            131.26337   -0.00000    0.00688
 "LTLTBBI$END"        131.26337   -0.00000    0.00688
