@ NAME             %05s "TWISS"
@ TYPE             %05s "TWISS"
@ SEQUENCE         %07s "LTLTBBI"
@ PARTICLE         %06s "PROTON"
@ MASS             %le     0.93827
@ CHARGE           %le     1.00000
@ ENERGY           %le     0.98827
@ PC               %le     0.31037
@ GAMMA            %le     1.05329
@ KBUNCH           %le     1.00000
@ BCURRENT         %le     0.00000
@ SIGE             %le     0.00100
@ SIGT             %le     0.00000
@ NPART            %le     0.00000
@ EX               %le     0.00015
@ EY               %le     0.00007
@ ET               %le     1.00000
@ LENGTH           %le   131.26337
@ ALFA             %le     0.00000
@ ORBIT5           %le    -0.00000
@ GAMMATR          %le     0.00000
@ Q1               %le     3.06713
@ Q2               %le     2.87437
@ DQ1              %le     0.00000
@ DQ2              %le     0.00000
@ DXMAX            %le    10.65134
@ DYMAX            %le     2.59654
@ XCOMAX           %le     0.00002
@ YCOMAX           %le     0.00841
@ BETXMAX          %le   130.88450
@ BETYMAX          %le   120.21735
@ XCORMS           %le     0.00001
@ YCORMS           %le     0.00304
@ DXRMS            %le     2.26666
@ DYRMS            %le     0.59092
@ DELTAP           %le     0.00000
@ SYNCH_1          %le     0.00000
@ SYNCH_2          %le     0.00000
@ SYNCH_3          %le     0.00000
@ SYNCH_4          %le     0.00000
@ SYNCH_5          %le     0.00000
@ TITLE            %65s "LT-LTB-BI 2014 optics. Protons - 310.3662354 MeV/c (E_kin=50 MeV)"
@ ORIGIN           %16s "5.02.06 Linux 64"
@ DATE             %08s "08/07/15"
@ TIME             %08s "13.59.09"
* NAME                        S          X          Y 
$ %s                        %le        %le        %le 
 "LTLTBBI$START"        0.00000    0.00000    0.00000
 "LT$START"             0.00000    0.00000    0.00000
 "BEGLT"                0.00000    0.00000    0.00000
 "DRIFT_0"              0.02400    0.00000    0.00000
 "LT.VVS10"             0.04800    0.00000    0.00000
 "DRIFT_1"              0.22300    0.00000    0.00000
 "LT.DHZ10"             0.39800    0.00000    0.00000
 "LT.DVT10"             0.39800    0.00000    0.00000
 "DRIFT_2"              0.89900    0.00000    0.00000
 "LT.BPM10"             1.40000    0.00000    0.00000
 "DRIFT_3"              1.62475    0.00000    0.00000
 "LT.QFN10"             1.97700    0.00000    0.00000
 "DRIFT_4"              2.12575    0.00000    0.00000
 "LT.BEC1"              2.14700    0.00000    0.00000
 "DRIFT_5"              2.27850    0.00000    0.00000
 "LT.BCT10"             2.41000    0.00000    0.00000
 "DRIFT_6"              2.52975    0.00000    0.00000
 "LT.QDN12"             2.77700    0.00000    0.00000
 "DRIFT_7"              2.99675    0.00000    0.00000
 "LT.BHZ10"             3.34200    0.00000    0.00000
 "DRIFT_8"              4.54000    0.00000    0.00000
 "LT.VPI11"             5.48500    0.00000    0.00000
 "DRIFT_9"              6.40975    0.00000    0.00000
 "LT.QFN20"             7.46200    0.00000    0.00000
 "DRIFT_10"             7.71825    0.00000    0.00000
 "LT.BEC2"              7.84700    0.00000    0.00000
 "DRIFT_11"             8.09075    0.00000    0.00000
 "LT.QDN22"             8.46200    0.00000    0.00000
 "DRIFT_12"            10.15585    0.00000    0.00000
 "LT.DHZ20"            11.72220    0.00000    0.00000
 "LT.DVT20"            11.72220    0.00000    0.00000
 "DRIFT_13"            12.45835    0.00000    0.00000
 "LT.QFN30"            13.32200    0.00000    0.00000
 "DRIFT_14"            13.82700    0.00000    0.00000
 "LT.QDN32"            14.33200    0.00000    0.00000
 "DRIFT_15"            14.79575    0.00000    0.00000
 "LT.VPI2"             15.13200    0.00000    0.00000
 "DRIFT_16"            16.15475    0.00000    0.00000
 "LT.BPM20"            17.17750    0.00000    0.00000
 "DRIFT_17"            17.72975    0.00000    0.00000
 "LT.VGP11"            18.28200    0.00000    0.00000
 "DRIFT_18"            18.56325    0.00000    0.00000
 "LT.QFN40"            18.97200    0.00000    0.00000
 "DRIFT_19"            19.47200    0.00000    0.00000
 "LT.QDN42"            19.97200    0.00000    0.00000
 "DRIFT_20"            20.24575    0.00000    0.00000
 "LT.DHZ30"            20.39200    0.00000    0.00000
 "LT.DVT30"            20.39200    0.00000    0.00000
 "DRIFT_21"            20.69350    0.00000    0.00000
 "LT.BPM30"            20.99500    0.00000    0.00000
 "DRIFT_22"            21.37100    0.00000    0.00000
 "LT.CDB10"            21.74700    0.00000    0.00000
 "DRIFT_23"            22.21975    0.00000    0.00000
 "LT.BCT20"            22.69250    0.00000    0.00000
 "DRIFT_24"            23.08843    0.00000    0.00000
 "LT.BHZ20"            24.00857    0.00000    0.00000
 "DRIFT_25"            24.89995    0.00000    0.00000
 "LT.VGP12"            25.26713    0.00000    0.00000
 "DRIFT_26"            25.69113    0.00000    0.00000
 "LT.STP10"            26.11513    0.00000    0.00000
 "DRIFT_27"            27.74013    0.00000    0.00000
 "LT.BEC3"             29.36513    0.00000    0.00000
 "DRIFT_28"            29.93638    0.00000    0.00000
 "LT.QFN50"            30.63513    0.00000    0.00000
 "DRIFT_29"            31.17388    0.00000    0.00000
 "LT.VPI14"            31.58513    0.00000    0.00000
 "DRIFT_30"            31.79513    0.00000    0.00000
 "LT.BEC4"             32.00513    0.00000    0.00000
 "DRIFT_31"            32.18563    0.00000    0.00000
 "LT.BCT30"            32.36613    0.00000    0.00000
 "DRIFT_32"            32.62563    0.00000    0.00000
 "LT.DHZ40"            32.88513    0.00000    0.00000
 "LT.DVT40"            32.88513    0.00000    0.00000
 "DRIFT_33"            33.46513    0.00000    0.00029
 "LT.BPM40"            34.04513    0.00000    0.00058
 "DRIFT_34"            34.37638    0.00000    0.00075
 "LT.QDN55"            34.83513    0.00000    0.00097
 "DRIFT_35"            35.07988    0.00000    0.00105
 "LT.VVS20"            35.19713    0.00000    0.00108
 "DRIFT_36"            37.38738    0.00000    0.00174
 "LT.QFN60"            39.70513    0.00000    0.00245
 "DRIFT_37"            40.65913    0.00000    0.00313
 "LT.QDN65"            41.61313    0.00000    0.00381
 "DRIFT_38"            41.87553    0.00000    0.00385
 "LT.BHZ25"            42.21314    0.00000    0.00387
 "DRIFT_39"            42.96299    0.00000    0.00391
 "LT.VPI25"            43.51013    0.00000    0.00395
 "DRIFT_40"            44.80814    0.00000    0.00403
 "LT.VPI26"            46.10614    0.00000    0.00411
 "DRIFT_41"            46.31014    0.00000    0.00412
 "LT.QFW70"            46.74513    0.00000    0.00422
 "DRIFT_42"            48.49188    0.00000    0.00635
 "LT.QDN75"            50.13513    0.00000    0.00838
 "DRIFT_43"            50.68389    0.00000    0.00838
 "LT.DHZ50"            51.10514    0.00000    0.00835
 "LT.DVT50"            51.10514    0.00000    0.00835
 "DRIFT_44"            51.42214    0.00000    0.00832
 "LT.BCT40"            51.73914    0.00000    0.00830
 "DRIFT_45"            51.98314    0.00000    0.00828
 "LT.BPM50"            52.50514    0.00000    0.00823
 "DRIFT_46"            53.12800    0.00000    0.00819
 "ENDLT"               53.47286    0.00000    0.00816
 "LT$END"              53.47286    0.00000    0.00816
 "DRIFT_47"            53.47286    0.00000    0.00816
 "LTB$START"           53.47287    0.00000    0.00816
 "BEGLTB"              53.47287    0.00000    0.00816
 "LT.BHZ30"            53.99860   -0.00001    0.00784
 "DRIFT_48"            54.86818   -0.00000    0.00714
 "LTB.DHZ10"           55.21204   -0.00000    0.00676
 "LTB.DVT10"           55.21204   -0.00000    0.00676
 "DRIFT_49"            55.47879   -0.00000    0.00647
 "LTB.STP10"           55.74554   -0.00000    0.00618
 "DRIFT_50"            55.93879   -0.00000    0.00597
 "LTB.VVS10"           56.13204   -0.00000    0.00576
 "DRIFT_51"            56.38079   -0.00000    0.00548
 "LTB.VPI11"           56.62954   -0.00000    0.00521
 "DRIFT_52"            57.39704   -0.00000    0.00437
 "LTB.QFN10"           58.29204   -0.00000    0.00343
 "DRIFT_19"            58.79204   -0.00000    0.00346
 "LTB.QDN20"           59.29204   -0.00000    0.00352
 "DRIFT_53"            59.57479   -0.00000    0.00342
 "LTB.MSF30"           59.73004   -0.00000    0.00335
 "DRIFT_54"            60.08379   -0.00000    0.00320
 "LTB.BPM10"           60.43754   -0.00000    0.00304
 "DRIFT_55"            60.62129   -0.00000    0.00297
 "LTB.BCT49"           60.80504   -0.00000    0.00289
 "DRIFT_56"            60.97354    0.00000    0.00281
 "LTB.DHZ20"           61.14204    0.00000    0.00274
 "LTB.DVT20"           61.14204    0.00000    0.00274
 "DRIFT_57"            62.60654    0.00000    0.00211
 "LTB.BCT50"           64.07104    0.00000    0.00148
 "DRIFT_58"            64.32604    0.00000    0.00137
 "LTB.BCT55"           64.58104    0.00000    0.00126
 "DRIFT_59"            66.11154    0.00000    0.00059
 "LTB.BPM20"           67.64204    0.00000   -0.00007
 "DRIFT_60"            67.89204    0.00000   -0.00017
 "LTB.DHZ30"           68.14204    0.00000   -0.00028
 "LTB.DVT30"           68.14204    0.00000   -0.00028
 "DRIFT_61"            68.47679    0.00000   -0.00043
 "LTB.QFW30"           69.04204    0.00000   -0.00068
 "DRIFT_62"            69.54204    0.00000   -0.00096
 "LTB.QDW40"           70.04204    0.00000   -0.00123
 "DRIFT_63"            72.59679    0.00001   -0.00186
 "LTB.BCT59"           74.92104    0.00001   -0.00240
 "DRIFT_64"            75.19254    0.00001   -0.00247
 "LTB.VPI12"           75.46404    0.00001   -0.00253
 "DRIFT_65"            75.68904    0.00001   -0.00258
 "LTB.VGR01"           75.91404    0.00001   -0.00264
 "DRIFT_66"            76.94704    0.00001   -0.00288
 "LTB.VPI13"           77.98004    0.00001   -0.00312
 "DRIFT_67"            78.24504    0.00001   -0.00318
 "LTB.MSF40"           78.51004    0.00001   -0.00325
 "DRIFT_68"            78.72604    0.00001   -0.00330
 "LTB.BCT60"           78.94204    0.00001   -0.00335
 "DRIFT_69"            79.15179    0.00001   -0.00340
 "LTB.QFW50"           79.59204    0.00001   -0.00357
 "DRIFT_70"            80.24204    0.00001   -0.00446
 "LTB.QDW60"           80.89204    0.00001   -0.00532
 "DRIFT_69"            81.33229    0.00001   -0.00521
 "LTB.DHZ40"           81.54204    0.00001   -0.00511
 "LTB.DVT40"           81.54204    0.00001   -0.00511
 "DRIFT_71"            81.79404    0.00001   -0.00499
 "LTB.BPM30"           82.04604    0.00001   -0.00486
 "DRIFT_72"            82.37704    0.00001   -0.00470
 "ENDLTB"              82.70804    0.00001   -0.00454
 "LTB$END"             82.70804    0.00001   -0.00454
 "BI1$START"           82.70804    0.00001   -0.00454
 "BEGBI"               82.70804    0.00001   -0.00454
 "LTB.BHZ40"           83.15804    0.00001   -0.00432
 "DRIFT_73"            83.94804    0.00001   -0.00393
 "BI.VPI11"            84.28804    0.00001   -0.00376
 "DRIFT_74"            86.78004    0.00001   -0.00253
 "BI.DHZ10"            89.27204    0.00000   -0.00131
 "BI.DVT10"            89.27204    0.00000   -0.00131
 "DRIFT_75"            89.51554    0.00000   -0.00119
 "BI.BPM00"            89.75904    0.00000   -0.00107
 "DRIFT_76"            90.21004    0.00000   -0.00084
 "BI.BTV10"            90.66104    0.00000   -0.00062
 "DRIFT_77"            90.94904    0.00000   -0.00048
 "BI.STPFA10"          91.23704    0.00000   -0.00034
 "DRIFT_78"            92.85004    0.00000    0.00045
 "BI.STPSW10"          94.46304    0.00000    0.00125
 "DRIFT_79"            94.83754    0.00000    0.00143
 "BI.BPM10"            95.21204    0.00000    0.00162
 "DRIFT_80"            95.45204    0.00000    0.00174
 "BI.DHZ20"            95.69204    0.00000    0.00185
 "BI.DVT20"            95.69204    0.00000    0.00185
 "DRIFT_81"            95.89654    0.00000    0.00195
 "BI.QNO10"            96.33204    0.00000    0.00223
 "DRIFT_82"            96.83204    0.00000    0.00299
 "BI.QNO20"            97.33204    0.00000    0.00370
 "DRIFT_83"           100.98834   -0.00000    0.00191
 "BI.BPM20"           104.41364   -0.00001    0.00011
 "DRIFT_84"           104.63844   -0.00001   -0.00000
 "BI.BCT10"           104.86324   -0.00001   -0.00012
 "DRIFT_85"           105.05284   -0.00001   -0.00022
 "BI.VVS10"           105.24244   -0.00001   -0.00032
 "DRIFT_86"           105.28449   -0.00001   -0.00034
 "BI.DVT30"           105.47404   -0.00001   -0.00044
 "DRIFT_87"           105.74329   -0.00001   -0.00058
 "BI.BTV20"           105.86504   -0.00001   -0.00065
 "DRIFT_88"           106.12974   -0.00001   -0.00079
 "BI.QNO30"           106.62544   -0.00001   -0.00107
 "DRIFT_89"           107.07524   -0.00001   -0.00144
 "BI.BPM30"           107.29405   -0.00001   -0.00163
 "DRIFT_90"           107.49284   -0.00001   -0.00181
 "BI.QNO40"           107.92264   -0.00001   -0.00214
 "DRIFT_91"           108.28885   -0.00001   -0.00217
 "BI.DIS0"            108.62405   -0.00001   -0.00214
 "DRIFT_92"           108.82905   -0.00001   -0.00213
 "BI1.DIS1"           109.03405   -0.00001   -0.00211
 "DRIFT_93"           109.23905   -0.00001   -0.00210
 "BI1.DIS2"           109.44405   -0.00001   -0.00208
 "DRIFT_94"           109.64905   -0.00001   -0.00207
 "BI1.DIS3"           109.85406   -0.00001   -0.00205
 "DRIFT_95"           110.05907   -0.00001   -0.00203
 "BI1.DIS4"           110.26408   -0.00001   -0.00202
 "DRIFT_96"           110.55560   -0.00001   -0.00200
 "BI1.DVT40"          110.81062   -0.00001   -0.00198
 "DRIFT_97"           111.82489   -0.00001   -0.00190
 "BI.VPI12"           112.67565   -0.00001   -0.00184
 "DRIFT_98"           114.78469   -0.00001   -0.00168
 "BI.BTV30"           116.89373   -0.00001   -0.00152
 "DRIFT_99"           117.17495   -0.00002   -0.00150
 "BI1.SMV10"          117.93869   -0.00002   -0.00144
 "DRIFT_100"          118.50643   -0.00002   -0.00138
 "BI.SMVHDP"          118.59166   -0.00002   -0.00137
 "DRIFT_101"          119.98280   -0.00002   -0.00122
 "BI1.BVT10"          121.73440   -0.00002   -0.00104
 "DRIFT_102"          122.24901   -0.00002   -0.00098
 "BI1.QNO50"          122.63617   -0.00002   -0.00097
 "DRIFT_103"          123.01117   -0.00002   -0.00109
 "BI1.QNO60"          123.38617   -0.00001   -0.00120
 "DRIFT_104"          123.78167   -0.00001   -0.00112
 "BI1.DHZ50"          123.94417   -0.00001   -0.00107
 "BI1.DVT50"          123.94417   -0.00001   -0.00107
 "DRIFT_105"          124.22767   -0.00001   -0.00098
 "BI1.BPM40"          124.51117   -0.00001   -0.00089
 "DRIFT_106"          125.10217   -0.00001   -0.00071
 "BI1.BTV40"          125.69317   -0.00001   -0.00053
 "DRIFT_107"          125.96642   -0.00001   -0.00045
 "BI1.VPI14"          126.23967   -0.00001   -0.00036
 "DRIFT_108"          126.43892   -0.00001   -0.00030
 "BI1.BCT20"          126.63817   -0.00001   -0.00024
 "DRIFT_109"          126.86117   -0.00001   -0.00017
 "BI1.BPM50"          127.08417   -0.00000   -0.00010
 "DRIFT_110"          127.34517   -0.00000   -0.00002
 "BI1.VVS20"          127.60617   -0.00000    0.00006
 "DRIFT_111"          128.80617   -0.00000    0.00043
 "BI1.DHZ70"          130.00617    0.00000    0.00080
 "BI1.DVT70"          130.00617    0.00000    0.00080
 "DRIFT_112"          130.63477    0.00000    0.00100
 "BI1.INJPT"          131.26337    0.00000    0.00119
 "BI1$END"            131.26337    0.00000    0.00119
 "LTLTBBI$END"        131.26337    0.00000    0.00119
