@ NAME             %05s "TWISS"
@ TYPE             %05s "TWISS"
@ SEQUENCE         %07s "LTLTBBI"
@ PARTICLE         %06s "PROTON"
@ MASS             %le     0.93827
@ CHARGE           %le     1.00000
@ ENERGY           %le     0.98827
@ PC               %le     0.31037
@ GAMMA            %le     1.05329
@ KBUNCH           %le     1.00000
@ BCURRENT         %le     0.00000
@ SIGE             %le     0.00100
@ SIGT             %le     0.00000
@ NPART            %le     0.00000
@ EX               %le     0.00004
@ EY               %le     0.00002
@ ET               %le     1.00000
@ LENGTH           %le   131.20453
@ ALFA             %le     0.00000
@ ORBIT5           %le    -0.00000
@ GAMMATR          %le     0.00000
@ Q1               %le     3.44005
@ Q2               %le     2.55151
@ DQ1              %le     0.00000
@ DQ2              %le     0.00000
@ DXMAX            %le    16.04615
@ DYMAX            %le     0.00000
@ XCOMAX           %le     0.03329
@ YCOMAX           %le     0.00000
@ BETXMAX          %le  1105.79208
@ BETYMAX          %le  3088.39196
@ XCORMS           %le     0.00833
@ YCORMS           %le     0.00000
@ DXRMS            %le     4.51327
@ DYRMS            %le     0.00000
@ DELTAP           %le     0.00000
@ SYNCH_1          %le     0.00000
@ SYNCH_2          %le     0.00000
@ SYNCH_3          %le     0.00000
@ SYNCH_4          %le     0.00000
@ SYNCH_5          %le     0.00000
@ TITLE            %08s "no-title"
@ ORIGIN           %22s "MAD-X 5.02.00 Linux 32"
@ DATE             %08s "22/08/14"
@ TIME             %08s "16.41.47"
* NAME                        S          X          Y 
$ %s                        %le        %le        %le 
 "LTLTBBI$START"        0.00000    0.00000    0.00000
 "LT$START"             0.00000    0.00000    0.00000
 "BEGLT"                0.00000    0.00000    0.00000
 "DRIFT_0"              0.02400    0.00000    0.00000
 "LT.VVS10"             0.04800    0.00000    0.00000
 "DRIFT_1"              0.21700    0.00000    0.00000
 "LT.DHZ10"             0.38600    0.00000    0.00000
 "LT.DVT10"             0.38600    0.00000    0.00000
 "DRIFT_2"              0.89300    0.00000    0.00000
 "LT.UMA10"             1.40000    0.00000    0.00000
 "DRIFT_3"              1.62475    0.00000    0.00000
 "LT.QFN10"             1.97700    0.00000    0.00000
 "DRIFT_4"              2.12575    0.00000    0.00000
 "LT.BEC1"              2.14700    0.00000    0.00000
 "DRIFT_5"              2.27850    0.00000    0.00000
 "LT.MTR10"             2.41000    0.00000    0.00000
 "DRIFT_6"              2.52975    0.00000    0.00000
 "LT.QDN12"             2.77700    0.00000    0.00000
 "DRIFT_7"              2.99675    0.00000    0.00000
 "LT.BHZ10"             3.34200    0.00000    0.00000
 "DRIFT_8"              4.54000    0.00000    0.00000
 "LT.VPI11"             5.48500    0.00000    0.00000
 "DRIFT_9"              6.40975    0.00000    0.00000
 "LT.QFN20"             7.46200    0.00000    0.00000
 "DRIFT_10"             7.71825    0.00000    0.00000
 "LT.BEC2"              7.84700    0.00000    0.00000
 "DRIFT_11"             8.09075    0.00000    0.00000
 "LT.QDN22"             8.46200    0.00000    0.00000
 "DRIFT_12"            10.15575    0.00000    0.00000
 "LT.DHZ20"            11.72200    0.00000    0.00000
 "LT.DVT20"            11.72200    0.00000    0.00000
 "DRIFT_13"            12.46325    0.00000    0.00000
 "LT.QFN30"            13.33200    0.00000    0.00000
 "DRIFT_14"            13.83200    0.00000    0.00000
 "LT.QDN32"            14.33200    0.00000    0.00000
 "DRIFT_15"            14.79575    0.00000    0.00000
 "LT.VPI2"             15.13200    0.00000    0.00000
 "DRIFT_16"            16.15500    0.00000    0.00000
 "LT.UMA20"            17.17800    0.00000    0.00000
 "DRIFT_17"            17.73000    0.00000    0.00000
 "LT.VPG11"            18.28200    0.00000    0.00000
 "DRIFT_18"            18.56325    0.00000    0.00000
 "LT.QFN40"            18.97200    0.00000    0.00000
 "DRIFT_14"            19.47200    0.00000    0.00000
 "LT.QDN42"            19.97200    0.00000    0.00000
 "DRIFT_19"            20.24575    0.00000    0.00000
 "LT.DHZ30"            20.39200    0.00000    0.00000
 "LT.DVT30"            20.39200    0.00000    0.00000
 "DRIFT_20"            20.69350   -0.00015    0.00000
 "LT.UMA30"            20.99500   -0.00030    0.00000
 "DRIFT_21"            21.37100   -0.00049    0.00000
 "LT.CDB10"            21.74700   -0.00068    0.00000
 "LT.VPI13"            21.74700   -0.00068    0.00000
 "DRIFT_22"            22.17388   -0.00089    0.00000
 "EBCT20"              22.60076   -0.00110    0.00000
 "DRIFT_23"            22.64688   -0.00113    0.00000
 "LT.BCT20"            22.69300   -0.00115    0.00000
 "DRIFT_24"            23.12527   -0.00137    0.00000
 "LT.BHZ20"            24.00900   -0.00179    0.00000
 "DRIFT_25"            24.46063   -0.00197    0.00000
 "SBHZ20"              24.46080   -0.00197    0.00000
 "DRIFT_26"            24.86790   -0.00211    0.00000
 "LT.VG12"             25.27500   -0.00225    0.00000
 "DRIFT_27"            25.69550   -0.00239    0.00000
 "LT.STP"              26.11600   -0.00254    0.00000
 "DRIFT_28"            27.76750   -0.00311    0.00000
 "LT.BEC3"             29.41900   -0.00368    0.00000
 "DRIFT_29"            29.96375   -0.00387    0.00000
 "LT.QFN50"            30.63600   -0.00405    0.00000
 "DRIFT_30"            31.17475   -0.00347    0.00000
 "LT.VPI14"            31.58600   -0.00299    0.00000
 "DRIFT_31"            31.82250   -0.00271    0.00000
 "LT.BEC4"             32.05900   -0.00243    0.00000
 "DRIFT_32"            32.20100   -0.00227    0.00000
 "LT.BCT30"            32.34300   -0.00210    0.00000
 "DRIFT_33"            32.60700   -0.00179    0.00000
 "LT.DHZ40"            32.87100   -0.00148    0.00000
 "LT.DVT40"            32.87100   -0.00148    0.00000
 "DRIFT_34"            33.44850   -0.00081    0.00000
 "LT.UMA40"            34.02600   -0.00013    0.00000
 "DRIFT_35"            34.35725    0.00026    0.00000
 "LT.QDN55"            34.81600    0.00080    0.00000
 "DRIFT_10"            35.07225    0.00114    0.00000
 "LT.VVS20"            35.20100    0.00131    0.00000
 "DRIFT_36"            37.38875    0.00425    0.00000
 "LT.QFN60"            39.70400    0.00732    0.00000
 "DRIFT_37"            40.66150    0.00737    0.00000
 "LT.QDN65"            41.61900    0.00742    0.00000
 "DRIFT_38"            41.84289    0.00769    0.00000
 "LT.BHZ25"            42.14200    0.00810    0.00000
 "DRIFT_39"            42.92836    0.00917    0.00000
 "LT.VPI25"            43.51200    0.00997    0.00000
 "DRIFT_40"            44.81000    0.01174    0.00000
 "LT.VPI26"            46.10800    0.01352    0.00000
 "DRIFT_41"            46.31450    0.01380    0.00000
 "LT.QFW70"            46.75200    0.01416    0.00000
 "DRIFT_42"            48.50225    0.00954    0.00000
 "LT.QDN75"            50.14900    0.00500    0.00000
 "DRIFT_43"            50.70425    0.00390    0.00000
 "LT.DHZ50"            51.13200    0.00307    0.00000
 "LT.DVT50"            51.13200    0.00307    0.00000
 "DRIFT_44"            51.45550    0.00245    0.00000
 "LT.BCT40"            51.77900    0.00182    0.00000
 "DRIFT_45"            52.02050    0.00135    0.00000
 "LT.UMA50"            52.54000    0.00035    0.00000
 "DRIFT_46"            53.18298   -0.00090    0.00000
 "ENDLT"               53.54796   -0.00161    0.00000
 "LT$END"              53.54796   -0.00161    0.00000
 "LTB$START"           53.54796   -0.00161    0.00000
 "BEGLTB"              53.54796   -0.00161    0.00000
 "EBHZ30"              53.54796   -0.00161    0.00000
 "DRIFT_47"            53.54797   -0.00161    0.00000
 "LT.BHZ30"            54.00074   -0.00245    0.00000
 "DRIFT_48"            54.45352   -0.00320    0.00000
 "LT.ENDOFBHZ30"       54.45352   -0.00320    0.00000
 "DRIFT_49"            54.84102   -0.00380    0.00000
 "LTB.DHZ10"           55.22852   -0.00439    0.00000
 "LTB.DVT10"           55.22852   -0.00439    0.00000
 "DRIFT_50"            55.48352   -0.00479    0.00000
 "LTB.STP"             55.73852   -0.00518    0.00000
 "DRIFT_51"            55.86453   -0.00537    0.00000
 "LTB.VVS10"           55.99053   -0.00557    0.00000
 "DRIFT_52"            57.07453   -0.00724    0.00000
 "LTB.QFN10"           58.28602   -0.00899    0.00000
 "DRIFT_53"            58.78852   -0.00818    0.00000
 "LTB.QDN20"           59.29102   -0.00730    0.00000
 "DRIFT_54"            59.56977   -0.00710    0.00000
 "LTB.MSF30"           59.72102   -0.00701    0.00000
 "DRIFT_55"            60.07877   -0.00681    0.00000
 "LTB.UMA10"           60.43652   -0.00660    0.00000
 "DRIFT_56"            60.70802   -0.00644    0.00000
 "LTB.BCT49"           60.97952   -0.00629    0.00000
 "DRIFT_57"            61.11452   -0.00621    0.00000
 "LTB.DHZ20"           61.24952   -0.00613    0.00000
 "LTB.DVT20"           61.24952   -0.00613    0.00000
 "DRIFT_58"            62.66452   -0.00532    0.00000
 "LTB.BCT50"           64.07952   -0.00451    0.00000
 "DRIFT_59"            64.33327   -0.00436    0.00000
 "LTB.BCT55"           64.58702   -0.00422    0.00000
 "DRIFT_60"            66.11727   -0.00334    0.00000
 "LTB.UMA20"           67.64752   -0.00246    0.00000
 "DRIFT_61"            67.89902   -0.00232    0.00000
 "LTB.DHZ30"           68.15052   -0.00217    0.00000
 "LTB.DVT30"           68.15052   -0.00217    0.00000
 "DRIFT_62"            68.48777   -0.00198    0.00000
 "LTB.QFW30"           69.05552   -0.00163    0.00000
 "DRIFT_63"            69.55052   -0.00118    0.00000
 "LTB.QDW40"           70.04552   -0.00072    0.00000
 "DRIFT_64"            72.38327    0.00101    0.00000
 "LTB.SLH10"           74.49052    0.00256    0.00000
 "DRIFT_65"            74.60552    0.00265    0.00000
 "LTB.SLV10"           74.72052    0.00273    0.00000
 "DRIFT_66"            74.81302    0.00280    0.00000
 "LTB.BCT59"           74.90552    0.00287    0.00000
 "DRIFT_67"            76.70802    0.00420    0.00000
 "LTB.MSF40"           78.51052    0.00552    0.00000
 "DRIFT_68"            78.72552    0.00568    0.00000
 "LTB.BCT60"           78.94052    0.00584    0.00000
 "DRIFT_69"            79.15277    0.00600    0.00000
 "LTB.QFW50"           79.59552    0.00620    0.00000
 "DRIFT_70"            80.24552    0.00541    0.00000
 "LTB.QDW60"           80.89552    0.00461    0.00000
 "DRIFT_71"            81.32827    0.00468    0.00000
 "LTB.DHZ40"           81.53052    0.00476    0.00000
 "LTB.DVT40"           81.53052    0.00476    0.00000
 "DRIFT_72"            81.78952    0.00486    0.00000
 "LTB.UMA30"           82.04852    0.00497    0.00000
 "DRIFT_73"            82.37915    0.00510    0.00000
 "ENDLTB"              82.70978    0.00523    0.00000
 "LTB$END"             82.70978    0.00523    0.00000
 "BI$START"            82.70978    0.00523    0.00000
 "BEGBI"               82.70978    0.00523    0.00000
 "EBHZ40"              82.70978    0.00523    0.00000
 "LTB.BHZ40"           83.15978    0.00541    0.00000
 "DRIFT_74"            86.44856    0.00673    0.00000
 "BI.DHZ10"            89.28733    0.00787    0.00000
 "BI.DVT10"            89.28733    0.00787    0.00000
 "DRIFT_75"            89.51908    0.00796    0.00000
 "BI.UMA00"            89.75083    0.00805    0.00000
 "DRIFT_76"            90.23058    0.00825    0.00000
 "BI.MTV10"            90.71033    0.00844    0.00000
 "DRIFT_77"            90.97333    0.00854    0.00000
 "BI.STPFA"            91.23633    0.00865    0.00000
 "DRIFT_78"            92.84958    0.00929    0.00000
 "BI.STPSW"            94.46283    0.00994    0.00000
 "DRIFT_79"            94.84058    0.01009    0.00000
 "BI.UMA10"            95.21833    0.01024    0.00000
 "DRIFT_80"            95.46433    0.01034    0.00000
 "BI.DHZ20"            95.71033    0.01044    0.00000
 "BI.DVT20"            95.71033    0.01044    0.00000
 "DRIFT_81"            95.91658    0.01052    0.00000
 "BI.QNO10"            96.35383    0.01037    0.00000
 "DRIFT_82"            96.85383    0.00811    0.00000
 "BI.QNO20"            97.35383    0.00577    0.00000
 "DRIFT_83"           100.99693    0.00017    0.00000
 "BI.UMA20"           104.40903   -0.00489    0.00000
 "DRIFT_84"           104.63803   -0.00523    0.00000
 "BI.BCT10"           104.86703   -0.00557    0.00000
 "DRIFT_85"           105.05603   -0.00585    0.00000
 "BI.VVS10"           105.24503   -0.00613    0.00000
 "DRIFT_86"           105.36103   -0.00630    0.00000
 "BI.DHZ30"           105.47703   -0.00647    0.00000
 "BI.DVT30"           105.47703   -0.00647    0.00000
 "DRIFT_87"           105.71403   -0.00682    0.00000
 "BI.MTV20"           105.95103   -0.00717    0.00000
 "DRIFT_11"           106.19478   -0.00754    0.00000
 "BI.QNO30"           106.66953   -0.00808    0.00000
 "DRIFT_88"           107.10228   -0.00767    0.00000
 "BI.UMA30"           107.30403   -0.00740    0.00000
 "DRIFT_89"           107.52128   -0.00711    0.00000
 "BI.QNO40"           107.96953   -0.00670    0.00000
 "DRIFT_90"           108.83553   -0.00812    0.00000
 "BI.DIS"             109.47053   -0.00930    0.00000
 "DRIFT_91"           109.93028   -0.01016    0.00000
 "BI.DHZ40"           110.39003   -0.01101    0.00000
 "BI.DVT40"           110.39003   -0.01101    0.00000
 "DRIFT_92"           111.07378   -0.01228    0.00000
 "BI.DIS2"            111.75753   -0.01355    0.00000
 "DRIFT_93"           114.35978   -0.01839    0.00000
 "BI.MTV30"           116.96203   -0.02323    0.00000
 "DRIFT_94"           117.52768   -0.02428    0.00000
 "BI.SMV"             118.59333   -0.02626    0.00000
 "DRIFT_95"           120.15243   -0.02915    0.00000
 "BI.BVT"             121.71153   -0.03205    0.00000
 "DRIFT_96"           122.29503   -0.03314    0.00000
 "BI.QNO50"           122.61153   -0.03258    0.00000
 "DRIFT_32"           122.98653   -0.02719    0.00000
 "BI.QNO60"           123.36153   -0.02162    0.00000
 "DRIFT_97"           123.74828   -0.01968    0.00000
 "BI.DHZ50"           123.90203   -0.01922    0.00000
 "BI.DVT50"           123.90203   -0.01922    0.00000
 "DRIFT_98"           124.18553   -0.01837    0.00000
 "BI.UMA40"           124.46903   -0.01751    0.00000
 "DRIFT_99"           124.66503   -0.01692    0.00000
 "BI3.SIEVE50"        124.86103   -0.01633    0.00000
 "DRIFT_100"          125.25503   -0.01515    0.00000
 "BI.MTV40"           125.64903   -0.01396    0.00000
 "DRIFT_101"          126.12188   -0.01254    0.00000
 "BI.BCT20"           126.59473   -0.01111    0.00000
 "DRIFT_102"          126.81733   -0.01044    0.00000
 "BI.UMA50"           127.03993   -0.00977    0.00000
 "DRIFT_103"          127.30193   -0.00898    0.00000
 "BI.VVS20"           127.56393   -0.00819    0.00000
 "DRIFT_104"          129.38423   -0.00271    0.00000
 "BI.INJPT"           131.20453    0.00277    0.00000
 "BI$END"             131.20453    0.00277    0.00000
 "LTLTBBI$END"        131.20453    0.00277    0.00000
