@ NAME             %05s "TWISS"
@ TYPE             %05s "TWISS"
@ SEQUENCE         %07s "LTLTBBI"
@ PARTICLE         %06s "PROTON"
@ MASS             %le     0.93827
@ CHARGE           %le     1.00000
@ ENERGY           %le     0.98827
@ PC               %le     0.31037
@ GAMMA            %le     1.05329
@ KBUNCH           %le     1.00000
@ BCURRENT         %le     0.00000
@ SIGE             %le     0.00100
@ SIGT             %le     0.00000
@ NPART            %le     0.00000
@ EX               %le     0.00015
@ EY               %le     0.00007
@ ET               %le     1.00000
@ LENGTH           %le   131.23083
@ ALFA             %le     0.00000
@ ORBIT5           %le    -0.00000
@ GAMMATR          %le     0.00000
@ Q1               %le     3.03194
@ Q2               %le     2.84154
@ DQ1              %le     0.00000
@ DQ2              %le     0.00000
@ DXMAX            %le    10.65134
@ DYMAX            %le     1.07782
@ XCOMAX           %le     0.00002
@ YCOMAX           %le     0.00841
@ BETXMAX          %le   130.88450
@ BETYMAX          %le    80.65493
@ XCORMS           %le     0.00001
@ YCORMS           %le     0.00302
@ DXRMS            %le     2.27683
@ DYRMS            %le     0.30420
@ DELTAP           %le     0.00000
@ SYNCH_1          %le     0.00000
@ SYNCH_2          %le     0.00000
@ SYNCH_3          %le     0.00000
@ SYNCH_4          %le     0.00000
@ SYNCH_5          %le     0.00000
@ TITLE            %65s "LT-LTB-BI 2014 optics. Protons - 310.3662354 MeV/c (E_kin=50 MeV)"
@ ORIGIN           %16s "5.02.06 Linux 64"
@ DATE             %08s "08/07/15"
@ TIME             %08s "13.59.45"
* NAME                        S          X          Y 
$ %s                        %le        %le        %le 
 "LTLTBBI$START"        0.00000    0.00000    0.00000
 "LT$START"             0.00000    0.00000    0.00000
 "BEGLT"                0.00000    0.00000    0.00000
 "DRIFT_0"              0.02400    0.00000    0.00000
 "LT.VVS10"             0.04800    0.00000    0.00000
 "DRIFT_1"              0.22300    0.00000    0.00000
 "LT.DHZ10"             0.39800    0.00000    0.00000
 "LT.DVT10"             0.39800    0.00000    0.00000
 "DRIFT_2"              0.89900    0.00000    0.00000
 "LT.BPM10"             1.40000    0.00000    0.00000
 "DRIFT_3"              1.62475    0.00000    0.00000
 "LT.QFN10"             1.97700    0.00000    0.00000
 "DRIFT_4"              2.12575    0.00000    0.00000
 "LT.BEC1"              2.14700    0.00000    0.00000
 "DRIFT_5"              2.27850    0.00000    0.00000
 "LT.BCT10"             2.41000    0.00000    0.00000
 "DRIFT_6"              2.52975    0.00000    0.00000
 "LT.QDN12"             2.77700    0.00000    0.00000
 "DRIFT_7"              2.99675    0.00000    0.00000
 "LT.BHZ10"             3.34200    0.00000    0.00000
 "DRIFT_8"              4.54000    0.00000    0.00000
 "LT.VPI11"             5.48500    0.00000    0.00000
 "DRIFT_9"              6.40975    0.00000    0.00000
 "LT.QFN20"             7.46200    0.00000    0.00000
 "DRIFT_10"             7.71825    0.00000    0.00000
 "LT.BEC2"              7.84700    0.00000    0.00000
 "DRIFT_11"             8.09075    0.00000    0.00000
 "LT.QDN22"             8.46200    0.00000    0.00000
 "DRIFT_12"            10.15585    0.00000    0.00000
 "LT.DHZ20"            11.72220    0.00000    0.00000
 "LT.DVT20"            11.72220    0.00000    0.00000
 "DRIFT_13"            12.45835    0.00000    0.00000
 "LT.QFN30"            13.32200    0.00000    0.00000
 "DRIFT_14"            13.82700    0.00000    0.00000
 "LT.QDN32"            14.33200    0.00000    0.00000
 "DRIFT_15"            14.79575    0.00000    0.00000
 "LT.VPI2"             15.13200    0.00000    0.00000
 "DRIFT_16"            16.15475    0.00000    0.00000
 "LT.BPM20"            17.17750    0.00000    0.00000
 "DRIFT_17"            17.72975    0.00000    0.00000
 "LT.VGP11"            18.28200    0.00000    0.00000
 "DRIFT_18"            18.56325    0.00000    0.00000
 "LT.QFN40"            18.97200    0.00000    0.00000
 "DRIFT_19"            19.47200    0.00000    0.00000
 "LT.QDN42"            19.97200    0.00000    0.00000
 "DRIFT_20"            20.24575    0.00000    0.00000
 "LT.DHZ30"            20.39200    0.00000    0.00000
 "LT.DVT30"            20.39200    0.00000    0.00000
 "DRIFT_21"            20.69350    0.00000    0.00000
 "LT.BPM30"            20.99500    0.00000    0.00000
 "DRIFT_22"            21.37100    0.00000    0.00000
 "LT.CDB10"            21.74700    0.00000    0.00000
 "DRIFT_23"            22.21975    0.00000    0.00000
 "LT.BCT20"            22.69250    0.00000    0.00000
 "DRIFT_24"            23.08843    0.00000    0.00000
 "LT.BHZ20"            24.00857    0.00000    0.00000
 "DRIFT_25"            24.89995    0.00000    0.00000
 "LT.VGP12"            25.26713    0.00000    0.00000
 "DRIFT_26"            25.69113    0.00000    0.00000
 "LT.STP10"            26.11513    0.00000    0.00000
 "DRIFT_27"            27.74013    0.00000    0.00000
 "LT.BEC3"             29.36513    0.00000    0.00000
 "DRIFT_28"            29.93638    0.00000    0.00000
 "LT.QFN50"            30.63513    0.00000    0.00000
 "DRIFT_29"            31.17388    0.00000    0.00000
 "LT.VPI14"            31.58513    0.00000    0.00000
 "DRIFT_30"            31.79513    0.00000    0.00000
 "LT.BEC4"             32.00513    0.00000    0.00000
 "DRIFT_31"            32.18563    0.00000    0.00000
 "LT.BCT30"            32.36613    0.00000    0.00000
 "DRIFT_32"            32.62563    0.00000    0.00000
 "LT.DHZ40"            32.88513    0.00000    0.00000
 "LT.DVT40"            32.88513    0.00000    0.00000
 "DRIFT_33"            33.46513    0.00000   -0.00029
 "LT.BPM40"            34.04513    0.00000   -0.00058
 "DRIFT_34"            34.37638    0.00000   -0.00075
 "LT.QDN55"            34.83513    0.00000   -0.00097
 "DRIFT_35"            35.07988    0.00000   -0.00105
 "LT.VVS20"            35.19713    0.00000   -0.00108
 "DRIFT_36"            37.38738    0.00000   -0.00174
 "LT.QFN60"            39.70513    0.00000   -0.00245
 "DRIFT_37"            40.65913    0.00000   -0.00313
 "LT.QDN65"            41.61313    0.00000   -0.00381
 "DRIFT_38"            41.87553    0.00000   -0.00385
 "LT.BHZ25"            42.21314    0.00000   -0.00387
 "DRIFT_39"            42.96299    0.00000   -0.00391
 "LT.VPI25"            43.51013    0.00000   -0.00395
 "DRIFT_40"            44.80814    0.00000   -0.00403
 "LT.VPI26"            46.10614    0.00000   -0.00411
 "DRIFT_41"            46.31014    0.00000   -0.00412
 "LT.QFW70"            46.74513    0.00000   -0.00422
 "DRIFT_42"            48.49188    0.00000   -0.00635
 "LT.QDN75"            50.13513    0.00000   -0.00838
 "DRIFT_43"            50.68389    0.00000   -0.00838
 "LT.DHZ50"            51.10514    0.00000   -0.00835
 "LT.DVT50"            51.10514    0.00000   -0.00835
 "DRIFT_44"            51.42214    0.00000   -0.00832
 "LT.BCT40"            51.73914    0.00000   -0.00830
 "DRIFT_45"            51.98314    0.00000   -0.00828
 "LT.BPM50"            52.50514    0.00000   -0.00823
 "DRIFT_46"            53.12800    0.00000   -0.00819
 "ENDLT"               53.47286    0.00000   -0.00816
 "LT$END"              53.47286    0.00000   -0.00816
 "DRIFT_47"            53.47286    0.00000   -0.00816
 "LTB$START"           53.47287    0.00000   -0.00816
 "BEGLTB"              53.47287    0.00000   -0.00816
 "LT.BHZ30"            53.99860   -0.00001   -0.00786
 "DRIFT_48"            54.86818   -0.00000   -0.00720
 "LTB.DHZ10"           55.21204   -0.00000   -0.00685
 "LTB.DVT10"           55.21204   -0.00000   -0.00685
 "DRIFT_49"            55.47879   -0.00000   -0.00658
 "LTB.STP10"           55.74554   -0.00000   -0.00630
 "DRIFT_50"            55.93879   -0.00000   -0.00610
 "LTB.VVS10"           56.13204   -0.00000   -0.00591
 "DRIFT_51"            56.38079   -0.00000   -0.00565
 "LTB.VPI11"           56.62954   -0.00000   -0.00539
 "DRIFT_52"            57.39704   -0.00000   -0.00460
 "LTB.QFN10"           58.29204   -0.00000   -0.00373
 "DRIFT_19"            58.79204   -0.00000   -0.00385
 "LTB.QDN20"           59.29204   -0.00000   -0.00399
 "DRIFT_53"            59.57479   -0.00000   -0.00392
 "LTB.MSF30"           59.73004   -0.00000   -0.00387
 "DRIFT_54"            60.08379   -0.00000   -0.00375
 "LTB.BPM10"           60.43754   -0.00000   -0.00363
 "DRIFT_55"            60.62129   -0.00000   -0.00357
 "LTB.BCT49"           60.80504   -0.00000   -0.00351
 "DRIFT_56"            60.97354    0.00000   -0.00346
 "LTB.DHZ20"           61.14204    0.00000   -0.00340
 "LTB.DVT20"           61.14204    0.00000   -0.00340
 "DRIFT_57"            62.60654    0.00000   -0.00291
 "LTB.BCT50"           64.07104    0.00000   -0.00243
 "DRIFT_58"            64.32604    0.00000   -0.00234
 "LTB.BCT55"           64.58104    0.00000   -0.00226
 "DRIFT_59"            66.11154    0.00000   -0.00175
 "LTB.BPM20"           67.64204    0.00000   -0.00124
 "DRIFT_60"            67.89204    0.00000   -0.00116
 "LTB.DHZ30"           68.14204    0.00000   -0.00108
 "LTB.DVT30"           68.14204    0.00000   -0.00108
 "DRIFT_61"            68.47679    0.00000   -0.00096
 "LTB.QFW30"           69.04204    0.00000   -0.00079
 "DRIFT_62"            69.54204    0.00000   -0.00070
 "LTB.QDW40"           70.04204    0.00000   -0.00061
 "DRIFT_63"            72.59679    0.00001    0.00022
 "LTB.BCT59"           74.92104    0.00001    0.00098
 "DRIFT_64"            75.19254    0.00001    0.00107
 "LTB.VPI12"           75.46404    0.00001    0.00116
 "DRIFT_65"            75.68904    0.00001    0.00123
 "LTB.VGR01"           75.91404    0.00001    0.00131
 "DRIFT_66"            76.94704    0.00001    0.00165
 "LTB.VPI13"           77.98004    0.00001    0.00198
 "DRIFT_67"            78.24504    0.00001    0.00207
 "LTB.MSF40"           78.51004    0.00001    0.00216
 "DRIFT_68"            78.72604    0.00001    0.00223
 "LTB.BCT60"           78.94204    0.00001    0.00230
 "DRIFT_69"            79.15179    0.00001    0.00237
 "LTB.QFW50"           79.59204    0.00001    0.00256
 "DRIFT_70"            80.24204    0.00001    0.00331
 "LTB.QDW60"           80.89204    0.00001    0.00402
 "DRIFT_69"            81.33229    0.00001    0.00399
 "LTB.DHZ40"           81.54204    0.00001    0.00393
 "LTB.DVT40"           81.54204    0.00001    0.00393
 "DRIFT_71"            81.79404    0.00001    0.00386
 "LTB.BPM30"           82.04604    0.00001    0.00380
 "DRIFT_72"            82.37704    0.00001    0.00371
 "ENDLTB"              82.70804    0.00001    0.00362
 "LTB$END"             82.70804    0.00001    0.00362
 "BI4$START"           82.70804    0.00001    0.00362
 "BEGBI"               82.70804    0.00001    0.00362
 "LTB.BHZ40"           83.15804    0.00001    0.00350
 "DRIFT_73"            83.94804    0.00001    0.00328
 "BI.VPI11"            84.28804    0.00001    0.00319
 "DRIFT_74"            86.78004    0.00000    0.00252
 "BI.DHZ10"            89.27204    0.00000    0.00185
 "BI.DVT10"            89.27204    0.00000    0.00185
 "DRIFT_75"            89.51554    0.00000    0.00178
 "BI.BPM00"            89.75904    0.00000    0.00172
 "DRIFT_76"            90.21004    0.00000    0.00160
 "BI.BTV10"            90.66104    0.00000    0.00147
 "DRIFT_77"            90.94904    0.00000    0.00140
 "BI.STPFA10"          91.23704    0.00000    0.00132
 "DRIFT_78"            92.85004    0.00000    0.00088
 "BI.STPSW10"          94.46304    0.00000    0.00045
 "DRIFT_79"            94.83754    0.00000    0.00035
 "BI.BPM10"            95.21204    0.00000    0.00025
 "DRIFT_80"            95.45204    0.00000    0.00018
 "BI.DHZ20"            95.69204    0.00000    0.00012
 "BI.DVT20"            95.69204    0.00000    0.00012
 "DRIFT_81"            95.89654    0.00000    0.00006
 "BI.QNO10"            96.33204    0.00000   -0.00005
 "DRIFT_82"            96.83204    0.00000   -0.00020
 "BI.QNO20"            97.33204    0.00000   -0.00034
 "DRIFT_83"           100.98834   -0.00000   -0.00071
 "BI.BPM20"           104.41364   -0.00001   -0.00104
 "DRIFT_84"           104.63844   -0.00001   -0.00106
 "BI.BCT10"           104.86324   -0.00001   -0.00109
 "DRIFT_85"           105.05284   -0.00001   -0.00111
 "BI.VVS10"           105.24244   -0.00001   -0.00112
 "DRIFT_86"           105.28449   -0.00001   -0.00113
 "BI.DVT30"           105.47404   -0.00001   -0.00115
 "DRIFT_87"           105.74329   -0.00001   -0.00117
 "BI.BTV20"           105.86504   -0.00001   -0.00118
 "DRIFT_88"           106.12974   -0.00001   -0.00121
 "BI.QNO30"           106.62544   -0.00001   -0.00128
 "DRIFT_89"           107.07524   -0.00001   -0.00150
 "BI.BPM30"           107.29405   -0.00001   -0.00161
 "DRIFT_90"           107.49284   -0.00001   -0.00172
 "BI.QNO40"           107.92264   -0.00001   -0.00190
 "DRIFT_91"           108.28885   -0.00001   -0.00183
 "BI.DIS0"            108.62405   -0.00001   -0.00172
 "DRIFT_92"           108.82905   -0.00001   -0.00166
 "BI4.DIS1"           109.03405   -0.00001   -0.00159
 "DRIFT_93"           109.23905   -0.00001   -0.00153
 "BI4.DIS2"           109.44405   -0.00001   -0.00146
 "DRIFT_93"           109.64905   -0.00001   -0.00140
 "BI4.DIS3"           109.85405   -0.00001   -0.00133
 "DRIFT_94"           110.05905   -0.00001   -0.00126
 "BI4.DIS4"           110.26405   -0.00001   -0.00120
 "DRIFT_95"           110.55555   -0.00001   -0.00110
 "BI4.DVT40"          110.81055   -0.00001   -0.00102
 "DRIFT_96"           111.82481   -0.00001   -0.00070
 "BI.VPI12"           112.67556   -0.00001   -0.00042
 "DRIFT_97"           114.78458   -0.00001    0.00025
 "BI.BTV30"           116.89359   -0.00001    0.00093
 "DRIFT_98"           117.73495   -0.00001    0.00120
 "BI.SMVHDP"          118.57630   -0.00002    0.00147
 "DRIFT_99"           118.68920   -0.00002    0.00151
 "BI4.SMV10"          119.28361   -0.00002    0.00169
 "DRIFT_100"          120.55368   -0.00002    0.00207
 "BI4.BVT10"          121.70254   -0.00002    0.00241
 "DRIFT_101"          122.21672   -0.00002    0.00255
 "BI4.QNO50"          122.60363   -0.00002    0.00275
 "DRIFT_102"          122.97863   -0.00002    0.00334
 "BI4.QNO60"          123.35363   -0.00001    0.00389
 "DRIFT_103"          123.74913   -0.00001    0.00381
 "BI4.DHZ50"          123.91163   -0.00001    0.00371
 "BI4.DVT50"          123.91163   -0.00001    0.00371
 "DRIFT_104"          124.19513   -0.00001    0.00354
 "BI4.BPM40"          124.47863   -0.00001    0.00338
 "DRIFT_105"          125.06963   -0.00001    0.00303
 "BI4.BTV40"          125.66063   -0.00001    0.00269
 "DRIFT_106"          125.93388   -0.00001    0.00253
 "BI4.VPI14"          126.20713   -0.00001    0.00237
 "DRIFT_107"          126.40638   -0.00001    0.00225
 "BI4.BCT20"          126.60563   -0.00001    0.00213
 "DRIFT_108"          126.82863   -0.00001    0.00200
 "BI4.BPM50"          127.05163   -0.00001    0.00187
 "DRIFT_109"          127.31263   -0.00000    0.00172
 "BI4.VVS20"          127.57363   -0.00000    0.00157
 "DRIFT_110"          128.77363   -0.00000    0.00086
 "BI4.DHZ70"          129.97363    0.00000    0.00016
 "BI4.DVT70"          129.97363    0.00000    0.00016
 "DRIFT_111"          130.60223    0.00000   -0.00021
 "BI4.INJPT"          131.23083    0.00000   -0.00058
 "BI4$END"            131.23083    0.00000   -0.00058
 "LTLTBBI$END"        131.23083    0.00000   -0.00058
