@ NAME             %05s "TWISS"
@ TYPE             %05s "TWISS"
@ SEQUENCE         %06s "BT4BTP"
@ PARTICLE         %06s "PROTON"
@ MASS             %le     0.93827
@ CHARGE           %le     1.00000
@ ENERGY           %le     2.33665
@ PC               %le     2.14000
@ GAMMA            %le     2.49038
@ KBUNCH           %le     1.00000
@ BCURRENT         %le     0.00000
@ SIGE             %le     0.00000
@ SIGT             %le     0.00000
@ NPART            %le     0.00000
@ EX               %le     1.00000
@ EY               %le     1.00000
@ ET               %le     1.00000
@ LENGTH           %le    69.70659
@ ALFA             %le     0.00000
@ ORBIT5           %le    -0.00000
@ GAMMATR          %le     0.00000
@ Q1               %le     1.40570
@ Q2               %le     0.78111
@ DQ1              %le     0.00000
@ DQ2              %le     0.00000
@ DXMAX            %le     2.40647
@ DYMAX            %le     0.84253
@ XCOMAX           %le     0.00000
@ YCOMAX           %le     0.00264
@ BETXMAX          %le    78.24363
@ BETYMAX          %le    80.18813
@ XCORMS           %le     0.00000
@ YCORMS           %le     0.00128
@ DXRMS            %le     1.05808
@ DYRMS            %le     0.21732
@ DELTAP           %le     0.00000
@ SYNCH_1          %le     0.00000
@ SYNCH_2          %le     0.00000
@ SYNCH_3          %le     0.00000
@ SYNCH_4          %le     0.00000
@ SYNCH_5          %le     0.00000
@ TITLE            %39s "BT line and BTP line. Protons - 1.4 GeV"
@ ORIGIN           %22s "MAD-X 5.02.00 Linux 32"
@ DATE             %08s "29/09/14"
@ TIME             %08s "14.35.14"
* NAME                        S          X          Y 
$ %s                        %le        %le        %le 
 "BT4BTP$START"         0.00000    0.00000    0.00000
 "BT4$START"            0.00000    0.00000    0.00000
 "BT4.START"            0.00000    0.00000    0.00000
 "DRIFT_0"              1.27448    0.00000    0.00000
 "BT4.BVT10"            3.00238    0.00000    0.00000
 "DRIFT_1"              3.53324    0.00000    0.00000
 "BT4.BPM00"            3.86470    0.00000    0.00000
 "DRIFT_2"              4.20883    0.00000    0.00000
 "BT4.DHZ10"            4.46647    0.00000    0.00000
 "DRIFT_3"              4.65611    0.00000    0.00000
 "BT4.VVS10"            4.72824    0.00000    0.00000
 "DRIFT_4"              5.57637    0.00000    0.00000
 "BT4.SMV10"            6.87290    0.00000    0.00000
 "DRIFT_5"              7.42221    0.00000    0.00000
 "BT3.BTV10"            7.47312    0.00000    0.00000
 "DRIFT_6"              7.81312    0.00000    0.00000
 "BT.VPG11"             8.15312    0.00000    0.00000
 "DRIFT_7"              8.43187    0.00000    0.00000
 "BT3.BPM10"            8.80312    0.00000    0.00000
 "DRIFT_8"              9.01788    0.00000    0.00000
 "BT4.QNO10"            9.37314    0.00000    0.00000
 "DRIFT_9"              9.78316    0.00000    0.00000
 "BT3.VVS20"           10.01018    0.00000    0.00000
 "DRIFT_10"            10.40721    0.00000    0.00000
 "BT3.VVS30"           10.80425    0.00000    0.00000
 "DRIFT_11"            10.99726    0.00000    0.00000
 "BT4.QNO20"           11.37329    0.00000    0.00000
 "DRIFT_12"            12.56259    0.00000    0.00000
 "BT.VGP21"            13.51887    0.00000    0.00000
 "BT.VGR21"            13.51887    0.00000    0.00000
 "BT.VPI22"            13.51887    0.00000    0.00000
 "BT.VPI22A"           13.51887    0.00000    0.00000
 "DRIFT_13"            13.73113    0.00000    0.00000
 "BT4.KFA10"           14.72340    0.00000    0.00000
 "DRIFT_14"            15.70716    0.00000    0.00000
 "BT.BTV20"            15.91091    0.00000    0.00000
 "DRIFT_15"            16.05841    0.00000    0.00000
 "BT3.DVT30"           16.37341    0.00000    0.00000
 "DRIFT_16"            16.92666    0.00000    0.00000
 "BT3.BPM20"           17.40491    0.00000    0.00000
 "DRIFT_17"            18.35941    0.00000    0.00000
 "BT3.DVT40"           19.42332    0.00000    0.00000
 "DRIFT_18"            19.85027    0.00000    0.00000
 "BT.VPI23"            20.07532    0.00000    0.00000
 "DRIFT_19"            20.21037    0.00000    0.00000
 "BT3.SMV20"           20.87742    0.00000    0.00000
 "DRIFT_20"            21.43592    0.00000    0.00000
 "BT3.BTV30"           21.46243    0.00000    0.00000
 "BT.VPI23B"           21.46243    0.00000    0.00000
 "DRIFT_21"            21.76143    0.00000    0.00000
 "BT3.QNO30"           22.29343    0.00000    0.00000
 "DRIFT_22"            24.05968    0.00000    0.00000
 "BT.BPM30"            25.75393    0.00000    0.00000
 "DRIFT_23"            26.03693    0.00000    0.00000
 "BT.BCT10"            26.31593    0.00000    0.00000
 "DRIFT_24"            26.57993    0.00000    0.00000
 "BT.DVT50"            26.90493    0.00000   -0.00001
 "DRIFT_25"            27.51003    0.00000   -0.00006
 "BT.VGP23"            27.89713    0.00000   -0.00010
 "BT.VPG22"            27.89713    0.00000   -0.00010
 "DRIFT_26"            28.39528    0.00000   -0.00015
 "BT3.KFA20"           29.67343    0.00000   -0.00028
 "DRIFT_27"            30.65718    0.00000   -0.00038
 "BT.BTV40"            30.86093    0.00000   -0.00040
 "DRIFT_28"            30.93568    0.00000   -0.00040
 "BT.DVT60"            31.22843    0.00000   -0.00043
 "DRIFT_29"            31.46590    0.00000   -0.00046
 "BT.QNO40"            31.71843    0.00000   -0.00049
 "DRIFT_30"            32.07745    0.00000   -0.00059
 "BT.BPM40"            32.29593    0.00000   -0.00066
 "DRIFT_31"            32.64143    0.00000   -0.00077
 "BT.QNO50"            33.08843    0.00000   -0.00090
 "DRIFT_32"            33.76130    0.00000   -0.00095
 "BT4.END"             34.24016    0.00000   -0.00098
 "BT4$END"             34.24016    0.00000   -0.00098
 "BTP$START"           34.24016    0.00000   -0.00098
 "BT.BHZ10"            35.00686    0.00000   -0.00102
 "DRIFT_33"            35.98542   -0.00000   -0.00108
 "BTP.VVS10"           36.19728   -0.00000   -0.00109
 "DRIFT_34"            36.33803   -0.00000   -0.00109
 "BTP.STP10"           37.20728   -0.00000   -0.00113
 "DRIFT_35"            38.07603   -0.00000   -0.00117
 "BTP.BPM00"           38.30878   -0.00000   -0.00118
 "DRIFT_36"            38.60478   -0.00000   -0.00119
 "BTP.DHZ10"           39.02628   -0.00000   -0.00121
 "DRIFT_37"            39.26628   -0.00000   -0.00122
 "BTP.DVT10"           39.50628   -0.00000   -0.00123
 "DRIFT_38"            40.05003   -0.00000   -0.00125
 "BTP.QNO10"           40.60828   -0.00000   -0.00128
 "DRIFT_39"            43.10628   -0.00000   -0.00138
 "BTP.QNO20"           45.60428   -0.00000   -0.00151
 "DRIFT_28"            45.91153   -0.00000   -0.00162
 "BTP.DHZ20"           46.20428   -0.00000   -0.00174
 "DRIFT_40"            46.50853   -0.00000   -0.00186
 "BTP.BPM10"           46.68728   -0.00000   -0.00194
 "DRIFT_41"            47.03303   -0.00000   -0.00208
 "BTP.DVT20"           47.50428   -0.00000   -0.00227
 "DRIFT_28"            47.79703   -0.00000   -0.00239
 "BTP.QNO30"           48.10428   -0.00000   -0.00249
 "DRIFT_42"            48.76553   -0.00000   -0.00242
 "BTP.VPI11"           49.19428   -0.00000   -0.00236
 "DRIFT_43"            51.18403   -0.00000   -0.00207
 "BTP.QNO40"           53.40628    0.00000   -0.00177
 "DRIFT_44"            53.68853    0.00000   -0.00184
 "BTP.DHZ30"           53.95628    0.00000   -0.00194
 "DRIFT_45"            54.27853    0.00000   -0.00207
 "BTP.BPM20"           54.38278    0.00000   -0.00210
 "DRIFT_46"            54.67803    0.00000   -0.00221
 "BTP.DVT30"           55.19128    0.00000   -0.00241
 "DRIFT_47"            55.54153    0.00000   -0.00254
 "BTP.QNO50"           55.90628    0.00000   -0.00264
 "DRIFT_48"            57.79503    0.00000   -0.00214
 "BTP.VPI12"           59.45128    0.00000   -0.00168
 "DRIFT_49"            59.82458    0.00000   -0.00158
 "BTP.BCT10"           60.42228    0.00000   -0.00141
 "DRIFT_50"            60.70148    0.00000   -0.00133
 "BTP.DVT40"           60.97428    0.00000   -0.00125
 "DRIFT_51"            61.28253    0.00000   -0.00117
 "BTP.QNO60"           61.60528    0.00000   -0.00110
 "DRIFT_52"            61.92678    0.00000   -0.00110
 "BTP.BPM30"           62.10828    0.00000   -0.00111
 "DRIFT_53"            62.39003    0.00000   -0.00113
 "BTP.BTV10"           62.71428    0.00000   -0.00115
 "DRIFT_54"            62.87428    0.00000   -0.00116
 "BTP.VVS20"           62.89928    0.00000   -0.00116
 "DRIFT_55"            63.03578    0.00000   -0.00117
 "BTP.DHZ40"           63.17228    0.00000   -0.00117
 "DRIFT_56"            63.36578    0.00000   -0.00119
 "BTP.DVT50"           63.55928    0.00000   -0.00120
 "DRIFT_57"            63.70110    0.00000   -0.00121
 "STRAY$START"         63.84292    0.00000   -0.00122
 "STRAY1"              63.84292    0.00000   -0.00122
 "DRIFT_58"            63.85292    0.00000   -0.00122
 "STRAY2"              63.86292    0.00000   -0.00122
 "DRIFT_58"            63.87292    0.00000   -0.00122
 "STRAY3"              63.88292    0.00000   -0.00122
 "DRIFT_58"            63.89292    0.00000   -0.00122
 "STRAY4"              63.90292    0.00000   -0.00122
 "DRIFT_58"            63.91292    0.00000   -0.00122
 "STRAY5"              63.92292    0.00000   -0.00122
 "DRIFT_58"            63.93292    0.00000   -0.00122
 "STRAY6"              63.94292    0.00000   -0.00122
 "DRIFT_58"            63.95292    0.00000   -0.00122
 "STRAY7"              63.96292    0.00000   -0.00122
 "DRIFT_58"            63.97292    0.00000   -0.00122
 "STRAY8"              63.98292    0.00000   -0.00122
 "DRIFT_58"            63.99292    0.00000   -0.00123
 "STRAY9"              64.00292    0.00000   -0.00123
 "DRIFT_58"            64.01292    0.00000   -0.00123
 "STRAY10"             64.02292    0.00000   -0.00123
 "DRIFT_58"            64.03292    0.00000   -0.00123
 "STRAY11"             64.04292    0.00000   -0.00123
 "DRIFT_58"            64.05292    0.00000   -0.00123
 "STRAY12"             64.06292    0.00000   -0.00123
 "DRIFT_58"            64.07292    0.00000   -0.00123
 "STRAY13"             64.08292    0.00000   -0.00123
 "DRIFT_58"            64.09292    0.00000   -0.00123
 "STRAY14"             64.10292    0.00000   -0.00123
 "DRIFT_58"            64.11292    0.00000   -0.00123
 "STRAY15"             64.12292    0.00000   -0.00123
 "DRIFT_58"            64.13292    0.00000   -0.00123
 "STRAY16"             64.14292    0.00000   -0.00123
 "DRIFT_58"            64.15292    0.00000   -0.00124
 "STRAY17"             64.16292    0.00000   -0.00124
 "DRIFT_58"            64.17292    0.00000   -0.00124
 "STRAY18"             64.18292    0.00000   -0.00124
 "DRIFT_58"            64.19292    0.00000   -0.00124
 "STRAY19"             64.20292    0.00000   -0.00124
 "DRIFT_58"            64.21292    0.00000   -0.00124
 "STRAY20"             64.22292    0.00000   -0.00124
 "DRIFT_58"            64.23292    0.00000   -0.00124
 "STRAY21"             64.24292    0.00000   -0.00124
 "DRIFT_58"            64.25292    0.00000   -0.00124
 "STRAY22"             64.26292    0.00000   -0.00124
 "DRIFT_58"            64.27292    0.00000   -0.00124
 "STRAY23"             64.28292    0.00000   -0.00124
 "DRIFT_58"            64.29292    0.00000   -0.00124
 "STRAY24"             64.30292    0.00000   -0.00124
 "DRIFT_58"            64.31292    0.00000   -0.00124
 "STRAY25"             64.32292    0.00000   -0.00125
 "DRIFT_58"            64.33292    0.00000   -0.00125
 "STRAY26"             64.34292    0.00000   -0.00125
 "DRIFT_58"            64.35292    0.00000   -0.00125
 "STRAY27"             64.36292    0.00000   -0.00125
 "DRIFT_58"            64.37292    0.00000   -0.00125
 "STRAY28"             64.38292    0.00000   -0.00125
 "DRIFT_58"            64.39292    0.00000   -0.00125
 "STRAY29"             64.40292    0.00000   -0.00125
 "DRIFT_58"            64.41292    0.00000   -0.00125
 "STRAY30"             64.42292    0.00000   -0.00125
 "DRIFT_58"            64.43292    0.00000   -0.00125
 "STRAY31"             64.44292    0.00000   -0.00125
 "DRIFT_58"            64.45292    0.00000   -0.00125
 "STRAY32"             64.46292    0.00000   -0.00125
 "DRIFT_58"            64.47292    0.00000   -0.00125
 "STRAY33"             64.48292    0.00000   -0.00126
 "DRIFT_58"            64.49292    0.00000   -0.00126
 "STRAY34"             64.50292    0.00000   -0.00126
 "DRIFT_58"            64.51292    0.00000   -0.00126
 "STRAY35"             64.52292    0.00000   -0.00126
 "DRIFT_58"            64.53292    0.00000   -0.00126
 "STRAY36"             64.54292    0.00000   -0.00126
 "DRIFT_58"            64.55292    0.00000   -0.00126
 "STRAY37"             64.56292    0.00000   -0.00126
 "DRIFT_58"            64.57292    0.00000   -0.00126
 "STRAY38"             64.58292    0.00000   -0.00126
 "DRIFT_58"            64.59292    0.00000   -0.00126
 "STRAY39"             64.60292    0.00000   -0.00126
 "DRIFT_58"            64.61292    0.00000   -0.00126
 "STRAY40"             64.62292    0.00000   -0.00126
 "DRIFT_58"            64.63292    0.00000   -0.00126
 "STRAY41"             64.64292    0.00000   -0.00127
 "DRIFT_58"            64.65292    0.00000   -0.00127
 "STRAY42"             64.66292    0.00000   -0.00127
 "DRIFT_58"            64.67292    0.00000   -0.00127
 "STRAY43"             64.68292    0.00000   -0.00127
 "DRIFT_58"            64.69292    0.00000   -0.00127
 "STRAY44"             64.70292    0.00000   -0.00127
 "DRIFT_58"            64.71292    0.00000   -0.00127
 "STRAY45"             64.72292    0.00000   -0.00127
 "DRIFT_58"            64.73292    0.00000   -0.00127
 "STRAY46"             64.74292    0.00000   -0.00127
 "DRIFT_58"            64.75292    0.00000   -0.00127
 "STRAY47"             64.76292    0.00000   -0.00127
 "DRIFT_58"            64.77292    0.00000   -0.00127
 "STRAY48"             64.78292    0.00000   -0.00127
 "DRIFT_58"            64.79292    0.00000   -0.00127
 "STRAY49"             64.80292    0.00000   -0.00127
 "DRIFT_58"            64.81292    0.00000   -0.00128
 "STRAY50"             64.82292    0.00000   -0.00128
 "DRIFT_58"            64.83292    0.00000   -0.00128
 "STRAY51"             64.84292    0.00000   -0.00128
 "DRIFT_58"            64.85292    0.00000   -0.00128
 "STRAY52"             64.86292    0.00000   -0.00128
 "DRIFT_58"            64.87292    0.00000   -0.00128
 "STRAY53"             64.88292    0.00000   -0.00128
 "DRIFT_58"            64.89292    0.00000   -0.00128
 "STRAY54"             64.90292    0.00000   -0.00128
 "DRIFT_58"            64.91292    0.00000   -0.00128
 "STRAY55"             64.92292    0.00000   -0.00128
 "DRIFT_58"            64.93292    0.00000   -0.00128
 "STRAY56"             64.94292    0.00000   -0.00128
 "DRIFT_58"            64.95292    0.00000   -0.00128
 "STRAY57"             64.96292    0.00000   -0.00128
 "DRIFT_58"            64.97292    0.00000   -0.00128
 "STRAY58"             64.98292    0.00000   -0.00129
 "DRIFT_58"            64.99292    0.00000   -0.00129
 "STRAY59"             65.00292    0.00000   -0.00129
 "DRIFT_58"            65.01292    0.00000   -0.00129
 "STRAY60"             65.02292    0.00000   -0.00129
 "DRIFT_58"            65.03292    0.00000   -0.00129
 "STRAY61"             65.04292    0.00000   -0.00129
 "DRIFT_58"            65.05292    0.00000   -0.00129
 "STRAY62"             65.06292    0.00000   -0.00129
 "DRIFT_58"            65.07292    0.00000   -0.00129
 "STRAY63"             65.08292    0.00000   -0.00129
 "DRIFT_58"            65.09292    0.00000   -0.00129
 "STRAY64"             65.10292    0.00000   -0.00129
 "DRIFT_58"            65.11292    0.00000   -0.00129
 "STRAY65"             65.12292    0.00000   -0.00129
 "DRIFT_58"            65.13292    0.00000   -0.00129
 "STRAY66"             65.14292    0.00000   -0.00129
 "DRIFT_58"            65.15292    0.00000   -0.00130
 "STRAY67"             65.16292    0.00000   -0.00130
 "DRIFT_58"            65.17292    0.00000   -0.00130
 "STRAY68"             65.18292    0.00000   -0.00130
 "DRIFT_58"            65.19292    0.00000   -0.00130
 "STRAY69"             65.20292    0.00000   -0.00130
 "DRIFT_58"            65.21292    0.00000   -0.00130
 "STRAY70"             65.22292    0.00000   -0.00130
 "DRIFT_58"            65.23292    0.00000   -0.00130
 "STRAY71"             65.24292    0.00000   -0.00130
 "DRIFT_58"            65.25292    0.00000   -0.00130
 "STRAY72"             65.26292    0.00000   -0.00130
 "DRIFT_58"            65.27292    0.00000   -0.00130
 "STRAY73"             65.28292    0.00000   -0.00130
 "DRIFT_58"            65.29292    0.00000   -0.00130
 "STRAY74"             65.30292    0.00000   -0.00130
 "DRIFT_58"            65.31292    0.00000   -0.00130
 "STRAY75"             65.32292    0.00000   -0.00130
 "DRIFT_58"            65.33292    0.00000   -0.00131
 "STRAY76"             65.34292    0.00000   -0.00131
 "DRIFT_58"            65.35292    0.00000   -0.00131
 "STRAY77"             65.36292    0.00000   -0.00131
 "DRIFT_58"            65.37292    0.00000   -0.00131
 "STRAY78"             65.38292    0.00000   -0.00131
 "DRIFT_58"            65.39292    0.00000   -0.00131
 "STRAY79"             65.40292    0.00000   -0.00131
 "DRIFT_58"            65.41292    0.00000   -0.00131
 "STRAY80"             65.42292    0.00000   -0.00131
 "DRIFT_58"            65.43292    0.00000   -0.00131
 "STRAY81"             65.44292    0.00000   -0.00131
 "DRIFT_58"            65.45292    0.00000   -0.00131
 "STRAY82"             65.46292    0.00000   -0.00131
 "DRIFT_58"            65.47292    0.00000   -0.00131
 "STRAY83"             65.48292    0.00000   -0.00131
 "DRIFT_58"            65.49292    0.00000   -0.00131
 "STRAY84"             65.50292    0.00000   -0.00131
 "DRIFT_58"            65.51292    0.00000   -0.00132
 "STRAY85"             65.52292    0.00000   -0.00132
 "DRIFT_58"            65.53292    0.00000   -0.00132
 "STRAY86"             65.54292    0.00000   -0.00132
 "DRIFT_58"            65.55292    0.00000   -0.00132
 "STRAY87"             65.56292    0.00000   -0.00132
 "DRIFT_58"            65.57292    0.00000   -0.00132
 "STRAY88"             65.58292    0.00000   -0.00132
 "DRIFT_58"            65.59292    0.00000   -0.00132
 "STRAY89"             65.60292    0.00000   -0.00132
 "DRIFT_58"            65.61292    0.00000   -0.00132
 "STRAY90"             65.62292    0.00000   -0.00132
 "DRIFT_58"            65.63292    0.00000   -0.00132
 "STRAY91"             65.64292    0.00000   -0.00132
 "DRIFT_58"            65.65292    0.00000   -0.00132
 "STRAY92"             65.66292    0.00000   -0.00132
 "DRIFT_58"            65.67292    0.00000   -0.00132
 "STRAY93"             65.68292    0.00000   -0.00132
 "DRIFT_58"            65.69292    0.00000   -0.00132
 "STRAY94"             65.70292    0.00000   -0.00132
 "DRIFT_58"            65.71292    0.00000   -0.00133
 "STRAY95"             65.72292    0.00000   -0.00133
 "DRIFT_58"            65.73292    0.00000   -0.00133
 "STRAY96"             65.74292    0.00000   -0.00133
 "DRIFT_58"            65.75292    0.00000   -0.00133
 "STRAY97"             65.76292    0.00000   -0.00133
 "DRIFT_58"            65.77292    0.00000   -0.00133
 "STRAY98"             65.78292    0.00000   -0.00133
 "DRIFT_58"            65.79292    0.00000   -0.00133
 "STRAY99"             65.80292    0.00000   -0.00133
 "DRIFT_58"            65.81292    0.00000   -0.00133
 "STRAY100"            65.82292    0.00000   -0.00133
 "DRIFT_58"            65.83292    0.00000   -0.00133
 "STRAY101"            65.84292    0.00000   -0.00133
 "DRIFT_58"            65.85292    0.00000   -0.00133
 "STRAY102"            65.86292    0.00000   -0.00133
 "DRIFT_58"            65.87292    0.00000   -0.00133
 "STRAY103"            65.88292    0.00000   -0.00133
 "DRIFT_58"            65.89292    0.00000   -0.00133
 "STRAY104"            65.90292    0.00000   -0.00133
 "DRIFT_58"            65.91292    0.00000   -0.00133
 "STRAY105"            65.92292    0.00000   -0.00134
 "DRIFT_58"            65.93292    0.00000   -0.00134
 "STRAY106"            65.94292    0.00000   -0.00134
 "DRIFT_58"            65.95292    0.00000   -0.00134
 "STRAY107"            65.96292    0.00000   -0.00134
 "DRIFT_58"            65.97292    0.00000   -0.00134
 "STRAY108"            65.98292    0.00000   -0.00134
 "DRIFT_58"            65.99292    0.00000   -0.00134
 "STRAY109"            66.00292    0.00000   -0.00134
 "DRIFT_58"            66.01292    0.00000   -0.00134
 "STRAY110"            66.02292    0.00000   -0.00134
 "DRIFT_58"            66.03292    0.00000   -0.00134
 "STRAY111"            66.04292    0.00000   -0.00134
 "DRIFT_58"            66.05292    0.00000   -0.00134
 "STRAY112"            66.06292    0.00000   -0.00134
 "DRIFT_58"            66.07292    0.00000   -0.00134
 "STRAY113"            66.08292    0.00000   -0.00134
 "DRIFT_58"            66.09292    0.00000   -0.00134
 "STRAY114"            66.10292    0.00000   -0.00134
 "DRIFT_58"            66.11292    0.00000   -0.00134
 "STRAY115"            66.12292    0.00000   -0.00134
 "DRIFT_58"            66.13292    0.00000   -0.00134
 "STRAY116"            66.14292    0.00000   -0.00134
 "DRIFT_58"            66.15292    0.00000   -0.00134
 "STRAY117"            66.16292    0.00000   -0.00134
 "DRIFT_58"            66.17292    0.00000   -0.00135
 "STRAY118"            66.18292    0.00000   -0.00135
 "DRIFT_58"            66.19292    0.00000   -0.00135
 "STRAY119"            66.20292    0.00000   -0.00135
 "DRIFT_58"            66.21292    0.00000   -0.00135
 "STRAY120"            66.22292    0.00000   -0.00135
 "DRIFT_58"            66.23292    0.00000   -0.00135
 "STRAY121"            66.24292    0.00000   -0.00135
 "DRIFT_58"            66.25292    0.00000   -0.00135
 "STRAY122"            66.26292    0.00000   -0.00135
 "DRIFT_58"            66.27292    0.00000   -0.00135
 "STRAY123"            66.28292    0.00000   -0.00135
 "DRIFT_58"            66.29292    0.00000   -0.00135
 "STRAY124"            66.30292    0.00000   -0.00135
 "DRIFT_58"            66.31292    0.00000   -0.00135
 "STRAY125"            66.32292    0.00000   -0.00135
 "DRIFT_58"            66.33292    0.00000   -0.00135
 "STRAY126"            66.34292    0.00000   -0.00135
 "DRIFT_58"            66.35292    0.00000   -0.00135
 "STRAY127"            66.36292    0.00000   -0.00135
 "DRIFT_58"            66.37292    0.00000   -0.00135
 "STRAY128"            66.38292    0.00000   -0.00135
 "DRIFT_58"            66.39292    0.00000   -0.00135
 "STRAY129"            66.40292    0.00000   -0.00135
 "DRIFT_58"            66.41292    0.00000   -0.00135
 "STRAY130"            66.42292    0.00000   -0.00135
 "DRIFT_58"            66.43292    0.00000   -0.00135
 "STRAY131"            66.44292    0.00000   -0.00135
 "DRIFT_58"            66.45292    0.00000   -0.00135
 "STRAY132"            66.46292    0.00000   -0.00135
 "DRIFT_58"            66.47292    0.00000   -0.00136
 "STRAY133"            66.48292    0.00000   -0.00136
 "DRIFT_58"            66.49292    0.00000   -0.00136
 "STRAY134"            66.50292    0.00000   -0.00136
 "DRIFT_58"            66.51292    0.00000   -0.00136
 "STRAY135"            66.52292    0.00000   -0.00136
 "DRIFT_58"            66.53292    0.00000   -0.00136
 "STRAY136"            66.54292    0.00000   -0.00136
 "DRIFT_58"            66.55292    0.00000   -0.00136
 "STRAY137"            66.56292    0.00000   -0.00136
 "DRIFT_58"            66.57292    0.00000   -0.00136
 "STRAY138"            66.58292    0.00000   -0.00136
 "DRIFT_58"            66.59292    0.00000   -0.00136
 "STRAY139"            66.60292    0.00000   -0.00136
 "DRIFT_58"            66.61292    0.00000   -0.00136
 "STRAY140"            66.62292    0.00000   -0.00136
 "DRIFT_58"            66.63292    0.00000   -0.00136
 "STRAY141"            66.64292    0.00000   -0.00136
 "DRIFT_58"            66.65292    0.00000   -0.00136
 "STRAY142"            66.66292    0.00000   -0.00136
 "DRIFT_58"            66.67292    0.00000   -0.00136
 "STRAY143"            66.68292    0.00000   -0.00136
 "DRIFT_58"            66.69292    0.00000   -0.00136
 "STRAY144"            66.70292    0.00000   -0.00136
 "DRIFT_58"            66.71292    0.00000   -0.00136
 "STRAY145"            66.72292    0.00000   -0.00136
 "DRIFT_58"            66.73292    0.00000   -0.00136
 "STRAY146"            66.74292    0.00000   -0.00136
 "DRIFT_58"            66.75292    0.00000   -0.00136
 "STRAY147"            66.76292    0.00000   -0.00136
 "DRIFT_58"            66.77292    0.00000   -0.00136
 "STRAY148"            66.78292    0.00000   -0.00136
 "DRIFT_58"            66.79292    0.00000   -0.00136
 "STRAY149"            66.80292    0.00000   -0.00136
 "DRIFT_58"            66.81292    0.00000   -0.00136
 "STRAY150"            66.82292    0.00000   -0.00136
 "DRIFT_58"            66.83292    0.00000   -0.00136
 "STRAY151"            66.84292    0.00000   -0.00136
 "DRIFT_58"            66.85292    0.00000   -0.00136
 "STRAY152"            66.86292    0.00000   -0.00136
 "DRIFT_58"            66.87292    0.00000   -0.00136
 "STRAY153"            66.88292    0.00000   -0.00136
 "DRIFT_58"            66.89292    0.00000   -0.00137
 "STRAY154"            66.90292    0.00000   -0.00137
 "DRIFT_58"            66.91292    0.00000   -0.00137
 "STRAY155"            66.92292    0.00000   -0.00137
 "DRIFT_58"            66.93292    0.00000   -0.00137
 "STRAY156"            66.94292    0.00000   -0.00137
 "DRIFT_58"            66.95292    0.00000   -0.00137
 "STRAY157"            66.96292    0.00000   -0.00137
 "DRIFT_58"            66.97292    0.00000   -0.00137
 "STRAY158"            66.98292    0.00000   -0.00137
 "DRIFT_58"            66.99292    0.00000   -0.00137
 "STRAY159"            67.00292    0.00000   -0.00137
 "DRIFT_58"            67.01292    0.00000   -0.00137
 "STRAY160"            67.02292    0.00000   -0.00137
 "DRIFT_58"            67.03292    0.00000   -0.00137
 "STRAY161"            67.04292    0.00000   -0.00137
 "DRIFT_58"            67.05292    0.00000   -0.00137
 "STRAY162"            67.06292    0.00000   -0.00137
 "DRIFT_58"            67.07292    0.00000   -0.00137
 "STRAY163"            67.08292    0.00000   -0.00137
 "DRIFT_58"            67.09292    0.00000   -0.00137
 "STRAY164"            67.10292    0.00000   -0.00137
 "DRIFT_58"            67.11292    0.00000   -0.00137
 "STRAY165"            67.12292    0.00000   -0.00137
 "DRIFT_58"            67.13292    0.00000   -0.00137
 "STRAY166"            67.14292    0.00000   -0.00137
 "DRIFT_58"            67.15292    0.00000   -0.00137
 "STRAY167"            67.16292    0.00000   -0.00137
 "DRIFT_58"            67.17292    0.00000   -0.00137
 "STRAY168"            67.18292    0.00000   -0.00137
 "DRIFT_58"            67.19292    0.00000   -0.00137
 "STRAY169"            67.20292    0.00000   -0.00137
 "DRIFT_58"            67.21292    0.00000   -0.00137
 "STRAY170"            67.22292    0.00000   -0.00137
 "DRIFT_58"            67.23292    0.00000   -0.00137
 "STRAY171"            67.24292    0.00000   -0.00137
 "DRIFT_58"            67.25292    0.00000   -0.00137
 "STRAY172"            67.26292    0.00000   -0.00137
 "DRIFT_58"            67.27292    0.00000   -0.00137
 "STRAY173"            67.28292    0.00000   -0.00137
 "DRIFT_58"            67.29292    0.00000   -0.00137
 "STRAY174"            67.30292    0.00000   -0.00137
 "DRIFT_58"            67.31292    0.00000   -0.00137
 "STRAY175"            67.32292    0.00000   -0.00137
 "DRIFT_58"            67.33292    0.00000   -0.00137
 "STRAY176"            67.34292    0.00000   -0.00137
 "DRIFT_58"            67.35292    0.00000   -0.00137
 "STRAY177"            67.36292    0.00000   -0.00137
 "DRIFT_58"            67.37292    0.00000   -0.00137
 "STRAY178"            67.38292    0.00000   -0.00137
 "DRIFT_58"            67.39292    0.00000   -0.00137
 "STRAY179"            67.40292    0.00000   -0.00137
 "DRIFT_58"            67.41292    0.00000   -0.00137
 "STRAY180"            67.42292    0.00000   -0.00137
 "DRIFT_58"            67.43292    0.00000   -0.00137
 "STRAY181"            67.44292    0.00000   -0.00137
 "DRIFT_58"            67.45292    0.00000   -0.00137
 "STRAY182"            67.46292    0.00000   -0.00137
 "DRIFT_58"            67.47292    0.00000   -0.00137
 "STRAY183"            67.48292    0.00000   -0.00137
 "DRIFT_58"            67.49292    0.00000   -0.00137
 "STRAY184"            67.50292    0.00000   -0.00137
 "DRIFT_58"            67.51292    0.00000   -0.00137
 "STRAY185"            67.52292    0.00000   -0.00137
 "DRIFT_58"            67.53292    0.00000   -0.00137
 "STRAY186"            67.54292    0.00000   -0.00137
 "DRIFT_58"            67.55292    0.00000   -0.00137
 "STRAY187"            67.56292    0.00000   -0.00137
 "DRIFT_58"            67.57292    0.00000   -0.00137
 "STRAY188"            67.58292    0.00000   -0.00137
 "DRIFT_58"            67.59292    0.00000   -0.00137
 "STRAY189"            67.60292    0.00000   -0.00137
 "DRIFT_58"            67.61292    0.00000   -0.00137
 "STRAY190"            67.62292    0.00000   -0.00137
 "DRIFT_58"            67.63292    0.00000   -0.00137
 "STRAY191"            67.64292    0.00000   -0.00137
 "DRIFT_58"            67.65292    0.00000   -0.00137
 "STRAY192"            67.66292    0.00000   -0.00137
 "DRIFT_58"            67.67292    0.00000   -0.00137
 "STRAY193"            67.68292    0.00000   -0.00137
 "DRIFT_58"            67.69292    0.00000   -0.00137
 "STRAY194"            67.70292    0.00000   -0.00137
 "DRIFT_58"            67.71292    0.00000   -0.00137
 "STRAY195"            67.72292    0.00000   -0.00137
 "DRIFT_58"            67.73292    0.00000   -0.00137
 "STRAY196"            67.74292    0.00000   -0.00137
 "DRIFT_58"            67.75292    0.00000   -0.00137
 "STRAY197"            67.76292    0.00000   -0.00137
 "DRIFT_58"            67.77292    0.00000   -0.00137
 "STRAY198"            67.78292    0.00000   -0.00137
 "DRIFT_58"            67.79292    0.00000   -0.00137
 "STRAY199"            67.80292    0.00000   -0.00137
 "DRIFT_58"            67.81292    0.00000   -0.00137
 "STRAY200"            67.82292    0.00000   -0.00137
 "DRIFT_58"            67.83292    0.00000   -0.00137
 "STRAY201"            67.84292    0.00000   -0.00137
 "DRIFT_58"            67.85292    0.00000   -0.00137
 "STRAY202"            67.86292    0.00000   -0.00137
 "DRIFT_58"            67.87292    0.00000   -0.00137
 "STRAY203"            67.88292    0.00000   -0.00137
 "DRIFT_58"            67.89292    0.00000   -0.00137
 "STRAY204"            67.90292    0.00000   -0.00137
 "DRIFT_58"            67.91292    0.00000   -0.00137
 "STRAY205"            67.92292    0.00000   -0.00137
 "DRIFT_58"            67.93292    0.00000   -0.00137
 "STRAY206"            67.94292    0.00000   -0.00137
 "DRIFT_58"            67.95292    0.00000   -0.00137
 "STRAY207"            67.96292    0.00000   -0.00137
 "DRIFT_58"            67.97292    0.00000   -0.00137
 "STRAY208"            67.98292    0.00000   -0.00136
 "DRIFT_58"            67.99292    0.00000   -0.00136
 "STRAY209"            68.00292    0.00000   -0.00136
 "DRIFT_58"            68.01292    0.00000   -0.00136
 "STRAY210"            68.02292    0.00000   -0.00136
 "DRIFT_58"            68.03292    0.00000   -0.00136
 "STRAY211"            68.04292    0.00000   -0.00136
 "DRIFT_58"            68.05292    0.00000   -0.00136
 "STRAY212"            68.06292    0.00000   -0.00136
 "DRIFT_58"            68.07292    0.00000   -0.00136
 "STRAY213"            68.08292    0.00000   -0.00136
 "DRIFT_58"            68.09292    0.00000   -0.00136
 "STRAY214"            68.10292    0.00000   -0.00136
 "DRIFT_58"            68.11292    0.00000   -0.00136
 "STRAY215"            68.12292    0.00000   -0.00136
 "DRIFT_58"            68.13292    0.00000   -0.00136
 "STRAY216"            68.14292    0.00000   -0.00136
 "DRIFT_58"            68.15292    0.00000   -0.00136
 "STRAY217"            68.16292    0.00000   -0.00136
 "DRIFT_58"            68.17292    0.00000   -0.00136
 "STRAY218"            68.18292    0.00000   -0.00136
 "DRIFT_58"            68.19292    0.00000   -0.00136
 "STRAY219"            68.20292    0.00000   -0.00136
 "DRIFT_58"            68.21292    0.00000   -0.00136
 "STRAY220"            68.22292    0.00000   -0.00136
 "DRIFT_58"            68.23292    0.00000   -0.00136
 "STRAY221"            68.24292    0.00000   -0.00136
 "DRIFT_58"            68.25292    0.00000   -0.00136
 "STRAY222"            68.26292    0.00000   -0.00136
 "DRIFT_58"            68.27292    0.00000   -0.00136
 "STRAY223"            68.28292    0.00000   -0.00136
 "DRIFT_58"            68.29292    0.00000   -0.00136
 "STRAY224"            68.30292    0.00000   -0.00136
 "DRIFT_58"            68.31292    0.00000   -0.00136
 "STRAY225"            68.32292    0.00000   -0.00136
 "DRIFT_58"            68.33292    0.00000   -0.00135
 "STRAY226"            68.34292    0.00000   -0.00135
 "DRIFT_58"            68.35292    0.00000   -0.00135
 "STRAY227"            68.36292    0.00000   -0.00135
 "DRIFT_58"            68.37292    0.00000   -0.00135
 "STRAY228"            68.38292    0.00000   -0.00135
 "DRIFT_58"            68.39292    0.00000   -0.00135
 "STRAY229"            68.40292    0.00000   -0.00135
 "DRIFT_58"            68.41292    0.00000   -0.00135
 "STRAY230"            68.42292    0.00000   -0.00135
 "DRIFT_58"            68.43292    0.00000   -0.00135
 "STRAY231"            68.44292    0.00000   -0.00135
 "DRIFT_58"            68.45292    0.00000   -0.00135
 "STRAY232"            68.46292    0.00000   -0.00135
 "DRIFT_58"            68.47292    0.00000   -0.00135
 "STRAY233"            68.48292    0.00000   -0.00135
 "DRIFT_58"            68.49292    0.00000   -0.00135
 "STRAY234"            68.50292    0.00000   -0.00135
 "DRIFT_58"            68.51292    0.00000   -0.00135
 "STRAY235"            68.52292    0.00000   -0.00135
 "DRIFT_58"            68.53292    0.00000   -0.00135
 "STRAY236"            68.54292    0.00000   -0.00135
 "DRIFT_58"            68.55292    0.00000   -0.00135
 "STRAY237"            68.56292    0.00000   -0.00135
 "DRIFT_58"            68.57292    0.00000   -0.00135
 "STRAY238"            68.58292    0.00000   -0.00134
 "DRIFT_58"            68.59292    0.00000   -0.00134
 "STRAY239"            68.60292    0.00000   -0.00134
 "DRIFT_58"            68.61292    0.00000   -0.00134
 "STRAY240"            68.62292    0.00000   -0.00134
 "DRIFT_58"            68.63292    0.00000   -0.00134
 "STRAY241"            68.64292    0.00000   -0.00134
 "DRIFT_58"            68.65292    0.00000   -0.00134
 "STRAY242"            68.66292    0.00000   -0.00134
 "DRIFT_58"            68.67292    0.00000   -0.00134
 "STRAY243"            68.68292    0.00000   -0.00134
 "DRIFT_58"            68.69292    0.00000   -0.00134
 "STRAY244"            68.70292    0.00000   -0.00134
 "STRAY$END"           68.70292    0.00000   -0.00134
 "DRIFT_59"            68.84723    0.00000   -0.00133
 "PI.SMH42"            69.30153    0.00000   -0.00132
 "DRIFT_60"            69.65906    0.00000   -0.00130
 "POINTS"              69.70659    0.00000   -0.00130
 "BTP$END"             69.70659    0.00000   -0.00130
 "BT4BTP$END"          69.70659    0.00000   -0.00130
