@ NAME             %05s "TWISS"
@ TYPE             %05s "TWISS"
@ SEQUENCE         %06s "BT2BTP"
@ PARTICLE         %06s "PROTON"
@ MASS             %le     0.93827
@ CHARGE           %le     1.00000
@ ENERGY           %le     2.33665
@ PC               %le     2.14000
@ GAMMA            %le     2.49038
@ KBUNCH           %le     1.00000
@ BCURRENT         %le     0.00000
@ SIGE             %le     0.00000
@ SIGT             %le     0.00000
@ NPART            %le     0.00000
@ EX               %le     1.00000
@ EY               %le     1.00000
@ ET               %le     1.00000
@ LENGTH           %le    69.70686
@ ALFA             %le     0.00000
@ ORBIT5           %le    -0.00000
@ GAMMATR          %le     0.00000
@ Q1               %le     1.42417
@ Q2               %le     0.78170
@ DQ1              %le     0.00000
@ DQ2              %le     0.00000
@ DXMAX            %le     2.31426
@ DYMAX            %le     0.92334
@ XCOMAX           %le     0.00000
@ YCOMAX           %le     0.00191
@ BETXMAX          %le    67.20155
@ BETYMAX          %le    79.58012
@ XCORMS           %le     0.00000
@ YCORMS           %le     0.00117
@ DXRMS            %le     0.96855
@ DYRMS            %le     0.52228
@ DELTAP           %le     0.00000
@ SYNCH_1          %le     0.00000
@ SYNCH_2          %le     0.00000
@ SYNCH_3          %le     0.00000
@ SYNCH_4          %le     0.00000
@ SYNCH_5          %le     0.00000
@ TITLE            %39s "BT line and BTP line. Protons - 1.4 GeV"
@ ORIGIN           %22s "MAD-X 5.02.00 Linux 32"
@ DATE             %08s "26/09/14"
@ TIME             %08s "15.32.35"
* NAME                        S          X          Y 
$ %s                        %le        %le        %le 
 "BT2BTP$START"         0.00000    0.00000    0.00000
 "BT2$START"            0.00000    0.00000    0.00000
 "BT2.START"            0.00000    0.00000    0.00000
 "DRIFT_0"              1.30035    0.00000    0.00000
 "BT2.DVT10"            2.80260    0.00000    0.00000
 "DRIFT_1"              3.32656    0.00000    0.00000
 "BT2.BPM00"            3.90261    0.00000    0.00000
 "DRIFT_2"              4.22586    0.00000    0.00000
 "BT2.DHZ10"            4.46262    0.00000    0.00000
 "DRIFT_3"              4.72737    0.00000    0.00000
 "BT2.VVS10"            4.87462    0.00000    0.00000
 "DRIFT_4"              5.19067    0.00000    0.00000
 "BT2.DVT20"            5.65863    0.00000    0.00000
 "DRIFT_5"              6.09559    0.00000    0.00000
 "BT2.SMV10"            6.86265    0.00000    0.00000
 "DRIFT_6"              7.42865    0.00000    0.00000
 "BT2.BTV10"            7.46266    0.00000    0.00000
 "DRIFT_7"              7.80266    0.00000    0.00000
 "BT.VPG11"             8.14267    0.00000    0.00000
 "DRIFT_8"              8.42142    0.00000    0.00000
 "BT2.BPM10"            8.79268    0.00000    0.00000
 "DRIFT_9"              9.00743    0.00000    0.00000
 "BT2.QNO10"            9.36269    0.00000    0.00000
 "DRIFT_10"            10.16969    0.00000    0.00000
 "BT2.VVS30"           10.79370    0.00000    0.00000
 "DRIFT_11"            10.98670    0.00000    0.00000
 "BT2.QNO20"           11.36270    0.00000    0.00000
 "DRIFT_12"            12.55195    0.00000    0.00000
 "BT.VGP21"            13.50820    0.00000    0.00000
 "BT.VGR21"            13.50820    0.00000    0.00000
 "BT.VPI22"            13.50820    0.00000    0.00000
 "BT.VPI22A"           13.50820    0.00000    0.00000
 "DRIFT_13"            13.72045    0.00000    0.00000
 "BT2.KFA10"           14.71270    0.00000    0.00000
 "DRIFT_14"            15.69645    0.00000    0.00000
 "BT.BTV20"            15.90020    0.00000    0.00000
 "DRIFT_15"            16.02839    0.00000    0.00000
 "BT2.BVT20"           16.61349    0.00000    0.00000
 "DRIFT_16"            17.21610    0.00000    0.00000
 "BT2.BPM20"           17.45429    0.00000    0.00000
 "DRIFT_17"            18.14961    0.00000    0.00000
 "BT2.DVT40"           18.91992    0.00000    0.00000
 "DRIFT_18"            19.58056    0.00000    0.00000
 "BT.VPI23"            20.07370    0.00000    0.00000
 "DRIFT_19"            20.22625    0.00000    0.00000
 "BT2.SMV20"           20.87723    0.00000    0.00000
 "DRIFT_20"            21.41912    0.00000    0.00000
 "BT2.BTV30"           21.46259    0.00000    0.00000
 "BT.VPI23B"           21.46259    0.00000    0.00000
 "DRIFT_21"            21.76159    0.00000    0.00000
 "BT2.QNO30"           22.29359    0.00000    0.00000
 "DRIFT_22"            24.05987    0.00000    0.00000
 "BT.BPM30"            25.75414    0.00000    0.00000
 "DRIFT_23"            26.03714    0.00000    0.00000
 "BT.BCT10"            26.31615    0.00000    0.00000
 "DRIFT_24"            26.58015    0.00000    0.00000
 "BT.DVT50"            26.90516    0.00000    0.00000
 "DRIFT_25"            27.51026    0.00000    0.00000
 "BT.VGP23"            27.89737    0.00000    0.00000
 "BT.VPG22"            27.89737    0.00000    0.00000
 "DRIFT_26"            28.39553    0.00000    0.00000
 "BT2.KFA20"           29.67369    0.00000    0.00000
 "DRIFT_27"            30.65744    0.00000    0.00000
 "BT.BTV40"            30.86119    0.00000    0.00000
 "DRIFT_28"            30.93594    0.00000    0.00000
 "BT.DVT60"            31.22869    0.00000   -0.00001
 "DRIFT_29"            31.46617    0.00000   -0.00002
 "BT.QNO40"            31.71869    0.00000   -0.00005
 "DRIFT_30"            32.07772    0.00000   -0.00009
 "BT.BPM40"            32.29619    0.00000   -0.00012
 "DRIFT_31"            32.64169    0.00000   -0.00016
 "BT.QNO50"            33.08869    0.00000   -0.00021
 "DRIFT_32"            33.76156    0.00000   -0.00026
 "BT2.END"             34.24043    0.00000   -0.00029
 "BT2$END"             34.24043    0.00000   -0.00029
 "BTP$START"           34.24043    0.00000   -0.00029
 "BT.BHZ10"            35.00713    0.00000   -0.00033
 "DRIFT_33"            35.98569   -0.00000   -0.00039
 "BTP.VVS10"           36.19755   -0.00000   -0.00040
 "DRIFT_34"            36.33830   -0.00000   -0.00041
 "BTP.STP10"           37.20755   -0.00000   -0.00046
 "DRIFT_35"            38.07630   -0.00000   -0.00051
 "BTP.BPM00"           38.30905   -0.00000   -0.00052
 "DRIFT_36"            38.60505   -0.00000   -0.00054
 "BTP.DHZ10"           39.02655   -0.00000   -0.00056
 "DRIFT_37"            39.26655   -0.00000   -0.00057
 "BTP.DVT10"           39.50655   -0.00000   -0.00059
 "DRIFT_38"            40.05030   -0.00000   -0.00062
 "BTP.QNO10"           40.60855   -0.00000   -0.00065
 "DRIFT_39"            43.10655   -0.00000   -0.00079
 "BTP.QNO20"           45.60455   -0.00000   -0.00094
 "DRIFT_28"            45.91180   -0.00000   -0.00101
 "BTP.DHZ20"           46.20455   -0.00000   -0.00110
 "DRIFT_40"            46.50880   -0.00000   -0.00118
 "BTP.BPM10"           46.68755   -0.00000   -0.00123
 "DRIFT_41"            47.03330   -0.00000   -0.00133
 "BTP.DVT20"           47.50455   -0.00000   -0.00147
 "DRIFT_28"            47.79730   -0.00000   -0.00155
 "BTP.QNO30"           48.10455   -0.00000   -0.00162
 "DRIFT_42"            48.76580   -0.00000   -0.00159
 "BTP.VPI11"           49.19455   -0.00000   -0.00155
 "DRIFT_43"            51.18430   -0.00000   -0.00140
 "BTP.QNO40"           53.40655   -0.00000   -0.00124
 "DRIFT_44"            53.68880   -0.00000   -0.00130
 "BTP.DHZ30"           53.95655   -0.00000   -0.00138
 "DRIFT_45"            54.27880    0.00000   -0.00147
 "BTP.BPM20"           54.38305    0.00000   -0.00150
 "DRIFT_46"            54.67830    0.00000   -0.00159
 "BTP.DVT30"           55.19155    0.00000   -0.00173
 "DRIFT_47"            55.54180    0.00000   -0.00184
 "BTP.QNO50"           55.90655    0.00000   -0.00191
 "DRIFT_48"            57.79530    0.00000   -0.00159
 "BTP.VPI12"           59.45155    0.00000   -0.00128
 "DRIFT_49"            59.82485    0.00000   -0.00121
 "BTP.BCT10"           60.42255    0.00000   -0.00109
 "DRIFT_50"            60.70175    0.00000   -0.00104
 "BTP.DVT40"           60.97455    0.00000   -0.00099
 "DRIFT_51"            61.28280    0.00000   -0.00093
 "BTP.QNO60"           61.60555    0.00000   -0.00089
 "DRIFT_52"            61.92705    0.00000   -0.00090
 "BTP.BPM30"           62.10855    0.00000   -0.00092
 "DRIFT_53"            62.39030    0.00000   -0.00094
 "BTP.BTV10"           62.71455    0.00000   -0.00097
 "DRIFT_54"            62.87455    0.00000   -0.00099
 "BTP.VVS20"           62.89955    0.00000   -0.00099
 "DRIFT_55"            63.03605    0.00000   -0.00100
 "BTP.DHZ40"           63.17255    0.00000   -0.00102
 "DRIFT_56"            63.36605    0.00000   -0.00103
 "BTP.DVT50"           63.55955    0.00000   -0.00105
 "DRIFT_57"            63.70137    0.00000   -0.00106
 "STRAY$START"         63.84319    0.00000   -0.00108
 "STRAY1"              63.84319    0.00000   -0.00108
 "DRIFT_58"            63.85319    0.00000   -0.00108
 "STRAY2"              63.86319    0.00000   -0.00108
 "DRIFT_58"            63.87319    0.00000   -0.00108
 "STRAY3"              63.88319    0.00000   -0.00108
 "DRIFT_58"            63.89319    0.00000   -0.00108
 "STRAY4"              63.90319    0.00000   -0.00108
 "DRIFT_58"            63.91319    0.00000   -0.00108
 "STRAY5"              63.92319    0.00000   -0.00108
 "DRIFT_58"            63.93319    0.00000   -0.00108
 "STRAY6"              63.94319    0.00000   -0.00109
 "DRIFT_58"            63.95319    0.00000   -0.00109
 "STRAY7"              63.96319    0.00000   -0.00109
 "DRIFT_58"            63.97319    0.00000   -0.00109
 "STRAY8"              63.98319    0.00000   -0.00109
 "DRIFT_58"            63.99319    0.00000   -0.00109
 "STRAY9"              64.00319    0.00000   -0.00109
 "DRIFT_58"            64.01319    0.00000   -0.00109
 "STRAY10"             64.02319    0.00000   -0.00109
 "DRIFT_58"            64.03319    0.00000   -0.00109
 "STRAY11"             64.04319    0.00000   -0.00109
 "DRIFT_58"            64.05319    0.00000   -0.00110
 "STRAY12"             64.06319    0.00000   -0.00110
 "DRIFT_58"            64.07319    0.00000   -0.00110
 "STRAY13"             64.08319    0.00000   -0.00110
 "DRIFT_58"            64.09319    0.00000   -0.00110
 "STRAY14"             64.10319    0.00000   -0.00110
 "DRIFT_58"            64.11319    0.00000   -0.00110
 "STRAY15"             64.12319    0.00000   -0.00110
 "DRIFT_58"            64.13319    0.00000   -0.00110
 "STRAY16"             64.14319    0.00000   -0.00110
 "DRIFT_58"            64.15319    0.00000   -0.00110
 "STRAY17"             64.16319    0.00000   -0.00111
 "DRIFT_58"            64.17319    0.00000   -0.00111
 "STRAY18"             64.18319    0.00000   -0.00111
 "DRIFT_58"            64.19319    0.00000   -0.00111
 "STRAY19"             64.20319    0.00000   -0.00111
 "DRIFT_58"            64.21319    0.00000   -0.00111
 "STRAY20"             64.22319    0.00000   -0.00111
 "DRIFT_58"            64.23319    0.00000   -0.00111
 "STRAY21"             64.24319    0.00000   -0.00111
 "DRIFT_58"            64.25319    0.00000   -0.00111
 "STRAY22"             64.26319    0.00000   -0.00111
 "DRIFT_58"            64.27319    0.00000   -0.00111
 "STRAY23"             64.28319    0.00000   -0.00112
 "DRIFT_58"            64.29319    0.00000   -0.00112
 "STRAY24"             64.30319    0.00000   -0.00112
 "DRIFT_58"            64.31319    0.00000   -0.00112
 "STRAY25"             64.32319    0.00000   -0.00112
 "DRIFT_58"            64.33319    0.00000   -0.00112
 "STRAY26"             64.34319    0.00000   -0.00112
 "DRIFT_58"            64.35319    0.00000   -0.00112
 "STRAY27"             64.36319    0.00000   -0.00112
 "DRIFT_58"            64.37319    0.00000   -0.00112
 "STRAY28"             64.38319    0.00000   -0.00112
 "DRIFT_58"            64.39319    0.00000   -0.00113
 "STRAY29"             64.40319    0.00000   -0.00113
 "DRIFT_58"            64.41319    0.00000   -0.00113
 "STRAY30"             64.42319    0.00000   -0.00113
 "DRIFT_58"            64.43319    0.00000   -0.00113
 "STRAY31"             64.44319    0.00000   -0.00113
 "DRIFT_58"            64.45319    0.00000   -0.00113
 "STRAY32"             64.46319    0.00000   -0.00113
 "DRIFT_58"            64.47319    0.00000   -0.00113
 "STRAY33"             64.48319    0.00000   -0.00113
 "DRIFT_58"            64.49319    0.00000   -0.00113
 "STRAY34"             64.50319    0.00000   -0.00114
 "DRIFT_58"            64.51319    0.00000   -0.00114
 "STRAY35"             64.52319    0.00000   -0.00114
 "DRIFT_58"            64.53319    0.00000   -0.00114
 "STRAY36"             64.54319    0.00000   -0.00114
 "DRIFT_58"            64.55319    0.00000   -0.00114
 "STRAY37"             64.56319    0.00000   -0.00114
 "DRIFT_58"            64.57319    0.00000   -0.00114
 "STRAY38"             64.58319    0.00000   -0.00114
 "DRIFT_58"            64.59319    0.00000   -0.00114
 "STRAY39"             64.60319    0.00000   -0.00114
 "DRIFT_58"            64.61319    0.00000   -0.00115
 "STRAY40"             64.62319    0.00000   -0.00115
 "DRIFT_58"            64.63319    0.00000   -0.00115
 "STRAY41"             64.64319    0.00000   -0.00115
 "DRIFT_58"            64.65319    0.00000   -0.00115
 "STRAY42"             64.66319    0.00000   -0.00115
 "DRIFT_58"            64.67319    0.00000   -0.00115
 "STRAY43"             64.68319    0.00000   -0.00115
 "DRIFT_58"            64.69319    0.00000   -0.00115
 "STRAY44"             64.70319    0.00000   -0.00115
 "DRIFT_58"            64.71319    0.00000   -0.00115
 "STRAY45"             64.72319    0.00000   -0.00116
 "DRIFT_58"            64.73319    0.00000   -0.00116
 "STRAY46"             64.74319    0.00000   -0.00116
 "DRIFT_58"            64.75319    0.00000   -0.00116
 "STRAY47"             64.76319    0.00000   -0.00116
 "DRIFT_58"            64.77319    0.00000   -0.00116
 "STRAY48"             64.78319    0.00000   -0.00116
 "DRIFT_58"            64.79319    0.00000   -0.00116
 "STRAY49"             64.80319    0.00000   -0.00116
 "DRIFT_58"            64.81319    0.00000   -0.00116
 "STRAY50"             64.82319    0.00000   -0.00116
 "DRIFT_58"            64.83319    0.00000   -0.00117
 "STRAY51"             64.84319    0.00000   -0.00117
 "DRIFT_58"            64.85319    0.00000   -0.00117
 "STRAY52"             64.86319    0.00000   -0.00117
 "DRIFT_58"            64.87319    0.00000   -0.00117
 "STRAY53"             64.88319    0.00000   -0.00117
 "DRIFT_58"            64.89319    0.00000   -0.00117
 "STRAY54"             64.90319    0.00000   -0.00117
 "DRIFT_58"            64.91319    0.00000   -0.00117
 "STRAY55"             64.92319    0.00000   -0.00117
 "DRIFT_58"            64.93319    0.00000   -0.00117
 "STRAY56"             64.94319    0.00000   -0.00117
 "DRIFT_58"            64.95319    0.00000   -0.00118
 "STRAY57"             64.96319    0.00000   -0.00118
 "DRIFT_58"            64.97319    0.00000   -0.00118
 "STRAY58"             64.98319    0.00000   -0.00118
 "DRIFT_58"            64.99319    0.00000   -0.00118
 "STRAY59"             65.00319    0.00000   -0.00118
 "DRIFT_58"            65.01319    0.00000   -0.00118
 "STRAY60"             65.02319    0.00000   -0.00118
 "DRIFT_58"            65.03319    0.00000   -0.00118
 "STRAY61"             65.04319    0.00000   -0.00118
 "DRIFT_58"            65.05319    0.00000   -0.00118
 "STRAY62"             65.06319    0.00000   -0.00119
 "DRIFT_58"            65.07319    0.00000   -0.00119
 "STRAY63"             65.08319    0.00000   -0.00119
 "DRIFT_58"            65.09319    0.00000   -0.00119
 "STRAY64"             65.10319    0.00000   -0.00119
 "DRIFT_58"            65.11319    0.00000   -0.00119
 "STRAY65"             65.12319    0.00000   -0.00119
 "DRIFT_58"            65.13319    0.00000   -0.00119
 "STRAY66"             65.14319    0.00000   -0.00119
 "DRIFT_58"            65.15319    0.00000   -0.00119
 "STRAY67"             65.16319    0.00000   -0.00119
 "DRIFT_58"            65.17319    0.00000   -0.00119
 "STRAY68"             65.18319    0.00000   -0.00120
 "DRIFT_58"            65.19319    0.00000   -0.00120
 "STRAY69"             65.20319    0.00000   -0.00120
 "DRIFT_58"            65.21319    0.00000   -0.00120
 "STRAY70"             65.22319    0.00000   -0.00120
 "DRIFT_58"            65.23319    0.00000   -0.00120
 "STRAY71"             65.24319    0.00000   -0.00120
 "DRIFT_58"            65.25319    0.00000   -0.00120
 "STRAY72"             65.26319    0.00000   -0.00120
 "DRIFT_58"            65.27319    0.00000   -0.00120
 "STRAY73"             65.28319    0.00000   -0.00120
 "DRIFT_58"            65.29319    0.00000   -0.00121
 "STRAY74"             65.30319    0.00000   -0.00121
 "DRIFT_58"            65.31319    0.00000   -0.00121
 "STRAY75"             65.32319    0.00000   -0.00121
 "DRIFT_58"            65.33319    0.00000   -0.00121
 "STRAY76"             65.34319    0.00000   -0.00121
 "DRIFT_58"            65.35319    0.00000   -0.00121
 "STRAY77"             65.36319    0.00000   -0.00121
 "DRIFT_58"            65.37319    0.00000   -0.00121
 "STRAY78"             65.38319    0.00000   -0.00121
 "DRIFT_58"            65.39319    0.00000   -0.00121
 "STRAY79"             65.40319    0.00000   -0.00121
 "DRIFT_58"            65.41319    0.00000   -0.00122
 "STRAY80"             65.42319    0.00000   -0.00122
 "DRIFT_58"            65.43319    0.00000   -0.00122
 "STRAY81"             65.44319    0.00000   -0.00122
 "DRIFT_58"            65.45319    0.00000   -0.00122
 "STRAY82"             65.46319    0.00000   -0.00122
 "DRIFT_58"            65.47319    0.00000   -0.00122
 "STRAY83"             65.48319    0.00000   -0.00122
 "DRIFT_58"            65.49319    0.00000   -0.00122
 "STRAY84"             65.50319    0.00000   -0.00122
 "DRIFT_58"            65.51319    0.00000   -0.00122
 "STRAY85"             65.52319    0.00000   -0.00122
 "DRIFT_58"            65.53319    0.00000   -0.00122
 "STRAY86"             65.54319    0.00000   -0.00123
 "DRIFT_58"            65.55319    0.00000   -0.00123
 "STRAY87"             65.56319    0.00000   -0.00123
 "DRIFT_58"            65.57319    0.00000   -0.00123
 "STRAY88"             65.58319    0.00000   -0.00123
 "DRIFT_58"            65.59319    0.00000   -0.00123
 "STRAY89"             65.60319    0.00000   -0.00123
 "DRIFT_58"            65.61319    0.00000   -0.00123
 "STRAY90"             65.62319    0.00000   -0.00123
 "DRIFT_58"            65.63319    0.00000   -0.00123
 "STRAY91"             65.64319    0.00000   -0.00123
 "DRIFT_58"            65.65319    0.00000   -0.00123
 "STRAY92"             65.66319    0.00000   -0.00124
 "DRIFT_58"            65.67319    0.00000   -0.00124
 "STRAY93"             65.68319    0.00000   -0.00124
 "DRIFT_58"            65.69319    0.00000   -0.00124
 "STRAY94"             65.70319    0.00000   -0.00124
 "DRIFT_58"            65.71319    0.00000   -0.00124
 "STRAY95"             65.72319    0.00000   -0.00124
 "DRIFT_58"            65.73319    0.00000   -0.00124
 "STRAY96"             65.74319    0.00000   -0.00124
 "DRIFT_58"            65.75319    0.00000   -0.00124
 "STRAY97"             65.76319    0.00000   -0.00124
 "DRIFT_58"            65.77319    0.00000   -0.00124
 "STRAY98"             65.78319    0.00000   -0.00124
 "DRIFT_58"            65.79319    0.00000   -0.00125
 "STRAY99"             65.80319    0.00000   -0.00125
 "DRIFT_58"            65.81319    0.00000   -0.00125
 "STRAY100"            65.82319    0.00000   -0.00125
 "DRIFT_58"            65.83319    0.00000   -0.00125
 "STRAY101"            65.84319    0.00000   -0.00125
 "DRIFT_58"            65.85319    0.00000   -0.00125
 "STRAY102"            65.86319    0.00000   -0.00125
 "DRIFT_58"            65.87319    0.00000   -0.00125
 "STRAY103"            65.88319    0.00000   -0.00125
 "DRIFT_58"            65.89319    0.00000   -0.00125
 "STRAY104"            65.90319    0.00000   -0.00125
 "DRIFT_58"            65.91319    0.00000   -0.00125
 "STRAY105"            65.92319    0.00000   -0.00126
 "DRIFT_58"            65.93319    0.00000   -0.00126
 "STRAY106"            65.94319    0.00000   -0.00126
 "DRIFT_58"            65.95319    0.00000   -0.00126
 "STRAY107"            65.96319    0.00000   -0.00126
 "DRIFT_58"            65.97319    0.00000   -0.00126
 "STRAY108"            65.98319    0.00000   -0.00126
 "DRIFT_58"            65.99319    0.00000   -0.00126
 "STRAY109"            66.00319    0.00000   -0.00126
 "DRIFT_58"            66.01319    0.00000   -0.00126
 "STRAY110"            66.02319    0.00000   -0.00126
 "DRIFT_58"            66.03319    0.00000   -0.00126
 "STRAY111"            66.04319    0.00000   -0.00126
 "DRIFT_58"            66.05319    0.00000   -0.00126
 "STRAY112"            66.06319    0.00000   -0.00127
 "DRIFT_58"            66.07319    0.00000   -0.00127
 "STRAY113"            66.08319    0.00000   -0.00127
 "DRIFT_58"            66.09319    0.00000   -0.00127
 "STRAY114"            66.10319    0.00000   -0.00127
 "DRIFT_58"            66.11319    0.00000   -0.00127
 "STRAY115"            66.12319    0.00000   -0.00127
 "DRIFT_58"            66.13319    0.00000   -0.00127
 "STRAY116"            66.14319    0.00000   -0.00127
 "DRIFT_58"            66.15319    0.00000   -0.00127
 "STRAY117"            66.16319    0.00000   -0.00127
 "DRIFT_58"            66.17319    0.00000   -0.00127
 "STRAY118"            66.18319    0.00000   -0.00127
 "DRIFT_58"            66.19319    0.00000   -0.00127
 "STRAY119"            66.20319    0.00000   -0.00127
 "DRIFT_58"            66.21319    0.00000   -0.00128
 "STRAY120"            66.22319    0.00000   -0.00128
 "DRIFT_58"            66.23319    0.00000   -0.00128
 "STRAY121"            66.24319    0.00000   -0.00128
 "DRIFT_58"            66.25319    0.00000   -0.00128
 "STRAY122"            66.26319    0.00000   -0.00128
 "DRIFT_58"            66.27319    0.00000   -0.00128
 "STRAY123"            66.28319    0.00000   -0.00128
 "DRIFT_58"            66.29319    0.00000   -0.00128
 "STRAY124"            66.30319    0.00000   -0.00128
 "DRIFT_58"            66.31319    0.00000   -0.00128
 "STRAY125"            66.32319    0.00000   -0.00128
 "DRIFT_58"            66.33319    0.00000   -0.00128
 "STRAY126"            66.34319    0.00000   -0.00128
 "DRIFT_58"            66.35319    0.00000   -0.00128
 "STRAY127"            66.36319    0.00000   -0.00129
 "DRIFT_58"            66.37319    0.00000   -0.00129
 "STRAY128"            66.38319    0.00000   -0.00129
 "DRIFT_58"            66.39319    0.00000   -0.00129
 "STRAY129"            66.40319    0.00000   -0.00129
 "DRIFT_58"            66.41319    0.00000   -0.00129
 "STRAY130"            66.42319    0.00000   -0.00129
 "DRIFT_58"            66.43319    0.00000   -0.00129
 "STRAY131"            66.44319    0.00000   -0.00129
 "DRIFT_58"            66.45319    0.00000   -0.00129
 "STRAY132"            66.46319    0.00000   -0.00129
 "DRIFT_58"            66.47319    0.00000   -0.00129
 "STRAY133"            66.48319    0.00000   -0.00129
 "DRIFT_58"            66.49319    0.00000   -0.00129
 "STRAY134"            66.50319    0.00000   -0.00129
 "DRIFT_58"            66.51319    0.00000   -0.00129
 "STRAY135"            66.52319    0.00000   -0.00129
 "DRIFT_58"            66.53319    0.00000   -0.00130
 "STRAY136"            66.54319    0.00000   -0.00130
 "DRIFT_58"            66.55319    0.00000   -0.00130
 "STRAY137"            66.56319    0.00000   -0.00130
 "DRIFT_58"            66.57319    0.00000   -0.00130
 "STRAY138"            66.58319    0.00000   -0.00130
 "DRIFT_58"            66.59319    0.00000   -0.00130
 "STRAY139"            66.60319    0.00000   -0.00130
 "DRIFT_58"            66.61319    0.00000   -0.00130
 "STRAY140"            66.62319    0.00000   -0.00130
 "DRIFT_58"            66.63319    0.00000   -0.00130
 "STRAY141"            66.64319    0.00000   -0.00130
 "DRIFT_58"            66.65319    0.00000   -0.00130
 "STRAY142"            66.66319    0.00000   -0.00130
 "DRIFT_58"            66.67319    0.00000   -0.00130
 "STRAY143"            66.68319    0.00000   -0.00130
 "DRIFT_58"            66.69319    0.00000   -0.00130
 "STRAY144"            66.70319    0.00000   -0.00131
 "DRIFT_58"            66.71319    0.00000   -0.00131
 "STRAY145"            66.72319    0.00000   -0.00131
 "DRIFT_58"            66.73319    0.00000   -0.00131
 "STRAY146"            66.74319    0.00000   -0.00131
 "DRIFT_58"            66.75319    0.00000   -0.00131
 "STRAY147"            66.76319    0.00000   -0.00131
 "DRIFT_58"            66.77319    0.00000   -0.00131
 "STRAY148"            66.78319    0.00000   -0.00131
 "DRIFT_58"            66.79319    0.00000   -0.00131
 "STRAY149"            66.80319    0.00000   -0.00131
 "DRIFT_58"            66.81319    0.00000   -0.00131
 "STRAY150"            66.82319    0.00000   -0.00131
 "DRIFT_58"            66.83319    0.00000   -0.00131
 "STRAY151"            66.84319    0.00000   -0.00131
 "DRIFT_58"            66.85319    0.00000   -0.00131
 "STRAY152"            66.86319    0.00000   -0.00131
 "DRIFT_58"            66.87319    0.00000   -0.00131
 "STRAY153"            66.88319    0.00000   -0.00131
 "DRIFT_58"            66.89319    0.00000   -0.00131
 "STRAY154"            66.90319    0.00000   -0.00132
 "DRIFT_58"            66.91319    0.00000   -0.00132
 "STRAY155"            66.92319    0.00000   -0.00132
 "DRIFT_58"            66.93319    0.00000   -0.00132
 "STRAY156"            66.94319    0.00000   -0.00132
 "DRIFT_58"            66.95319    0.00000   -0.00132
 "STRAY157"            66.96319    0.00000   -0.00132
 "DRIFT_58"            66.97319    0.00000   -0.00132
 "STRAY158"            66.98319    0.00000   -0.00132
 "DRIFT_58"            66.99319    0.00000   -0.00132
 "STRAY159"            67.00319    0.00000   -0.00132
 "DRIFT_58"            67.01319    0.00000   -0.00132
 "STRAY160"            67.02319    0.00000   -0.00132
 "DRIFT_58"            67.03319    0.00000   -0.00132
 "STRAY161"            67.04319    0.00000   -0.00132
 "DRIFT_58"            67.05319    0.00000   -0.00132
 "STRAY162"            67.06319    0.00000   -0.00132
 "DRIFT_58"            67.07319    0.00000   -0.00132
 "STRAY163"            67.08319    0.00000   -0.00132
 "DRIFT_58"            67.09319    0.00000   -0.00132
 "STRAY164"            67.10319    0.00000   -0.00132
 "DRIFT_58"            67.11319    0.00000   -0.00132
 "STRAY165"            67.12319    0.00000   -0.00133
 "DRIFT_58"            67.13319    0.00000   -0.00133
 "STRAY166"            67.14319    0.00000   -0.00133
 "DRIFT_58"            67.15319    0.00000   -0.00133
 "STRAY167"            67.16319    0.00000   -0.00133
 "DRIFT_58"            67.17319    0.00000   -0.00133
 "STRAY168"            67.18319    0.00000   -0.00133
 "DRIFT_58"            67.19319    0.00000   -0.00133
 "STRAY169"            67.20319    0.00000   -0.00133
 "DRIFT_58"            67.21319    0.00000   -0.00133
 "STRAY170"            67.22319    0.00000   -0.00133
 "DRIFT_58"            67.23319    0.00000   -0.00133
 "STRAY171"            67.24319    0.00000   -0.00133
 "DRIFT_58"            67.25319    0.00000   -0.00133
 "STRAY172"            67.26319    0.00000   -0.00133
 "DRIFT_58"            67.27319    0.00000   -0.00133
 "STRAY173"            67.28319    0.00000   -0.00133
 "DRIFT_58"            67.29319    0.00000   -0.00133
 "STRAY174"            67.30319    0.00000   -0.00133
 "DRIFT_58"            67.31319    0.00000   -0.00133
 "STRAY175"            67.32319    0.00000   -0.00133
 "DRIFT_58"            67.33319    0.00000   -0.00133
 "STRAY176"            67.34319    0.00000   -0.00133
 "DRIFT_58"            67.35319    0.00000   -0.00133
 "STRAY177"            67.36319    0.00000   -0.00133
 "DRIFT_58"            67.37319    0.00000   -0.00133
 "STRAY178"            67.38319    0.00000   -0.00134
 "DRIFT_58"            67.39319    0.00000   -0.00134
 "STRAY179"            67.40319    0.00000   -0.00134
 "DRIFT_58"            67.41319    0.00000   -0.00134
 "STRAY180"            67.42319    0.00000   -0.00134
 "DRIFT_58"            67.43319    0.00000   -0.00134
 "STRAY181"            67.44319    0.00000   -0.00134
 "DRIFT_58"            67.45319    0.00000   -0.00134
 "STRAY182"            67.46319    0.00000   -0.00134
 "DRIFT_58"            67.47319    0.00000   -0.00134
 "STRAY183"            67.48319    0.00000   -0.00134
 "DRIFT_58"            67.49319    0.00000   -0.00134
 "STRAY184"            67.50319    0.00000   -0.00134
 "DRIFT_58"            67.51319    0.00000   -0.00134
 "STRAY185"            67.52319    0.00000   -0.00134
 "DRIFT_58"            67.53319    0.00000   -0.00134
 "STRAY186"            67.54319    0.00000   -0.00134
 "DRIFT_58"            67.55319    0.00000   -0.00134
 "STRAY187"            67.56319    0.00000   -0.00134
 "DRIFT_58"            67.57319    0.00000   -0.00134
 "STRAY188"            67.58319    0.00000   -0.00134
 "DRIFT_58"            67.59319    0.00000   -0.00134
 "STRAY189"            67.60319    0.00000   -0.00134
 "DRIFT_58"            67.61319    0.00000   -0.00134
 "STRAY190"            67.62319    0.00000   -0.00134
 "DRIFT_58"            67.63319    0.00000   -0.00134
 "STRAY191"            67.64319    0.00000   -0.00134
 "DRIFT_58"            67.65319    0.00000   -0.00134
 "STRAY192"            67.66319    0.00000   -0.00134
 "DRIFT_58"            67.67319    0.00000   -0.00134
 "STRAY193"            67.68319    0.00000   -0.00134
 "DRIFT_58"            67.69319    0.00000   -0.00134
 "STRAY194"            67.70319    0.00000   -0.00134
 "DRIFT_58"            67.71319    0.00000   -0.00134
 "STRAY195"            67.72319    0.00000   -0.00134
 "DRIFT_58"            67.73319    0.00000   -0.00134
 "STRAY196"            67.74319    0.00000   -0.00135
 "DRIFT_58"            67.75319    0.00000   -0.00135
 "STRAY197"            67.76319    0.00000   -0.00135
 "DRIFT_58"            67.77319    0.00000   -0.00135
 "STRAY198"            67.78319    0.00000   -0.00135
 "DRIFT_58"            67.79319    0.00000   -0.00135
 "STRAY199"            67.80319    0.00000   -0.00135
 "DRIFT_58"            67.81319    0.00000   -0.00135
 "STRAY200"            67.82319    0.00000   -0.00135
 "DRIFT_58"            67.83319    0.00000   -0.00135
 "STRAY201"            67.84319    0.00000   -0.00135
 "DRIFT_58"            67.85319    0.00000   -0.00135
 "STRAY202"            67.86319    0.00000   -0.00135
 "DRIFT_58"            67.87319    0.00000   -0.00135
 "STRAY203"            67.88319    0.00000   -0.00135
 "DRIFT_58"            67.89319    0.00000   -0.00135
 "STRAY204"            67.90319    0.00000   -0.00135
 "DRIFT_58"            67.91319    0.00000   -0.00135
 "STRAY205"            67.92319    0.00000   -0.00135
 "DRIFT_58"            67.93319    0.00000   -0.00135
 "STRAY206"            67.94319    0.00000   -0.00135
 "DRIFT_58"            67.95319    0.00000   -0.00135
 "STRAY207"            67.96319    0.00000   -0.00135
 "DRIFT_58"            67.97319    0.00000   -0.00135
 "STRAY208"            67.98319    0.00000   -0.00135
 "DRIFT_58"            67.99319    0.00000   -0.00135
 "STRAY209"            68.00319    0.00000   -0.00135
 "DRIFT_58"            68.01319    0.00000   -0.00135
 "STRAY210"            68.02319    0.00000   -0.00135
 "DRIFT_58"            68.03319    0.00000   -0.00135
 "STRAY211"            68.04319    0.00000   -0.00135
 "DRIFT_58"            68.05319    0.00000   -0.00135
 "STRAY212"            68.06319    0.00000   -0.00135
 "DRIFT_58"            68.07319    0.00000   -0.00135
 "STRAY213"            68.08319    0.00000   -0.00135
 "DRIFT_58"            68.09319    0.00000   -0.00135
 "STRAY214"            68.10319    0.00000   -0.00135
 "DRIFT_58"            68.11319    0.00000   -0.00135
 "STRAY215"            68.12319    0.00000   -0.00135
 "DRIFT_58"            68.13319    0.00000   -0.00135
 "STRAY216"            68.14319    0.00000   -0.00135
 "DRIFT_58"            68.15319    0.00000   -0.00135
 "STRAY217"            68.16319    0.00000   -0.00135
 "DRIFT_58"            68.17319    0.00000   -0.00135
 "STRAY218"            68.18319    0.00000   -0.00135
 "DRIFT_58"            68.19319    0.00000   -0.00135
 "STRAY219"            68.20319    0.00000   -0.00135
 "DRIFT_58"            68.21319    0.00000   -0.00135
 "STRAY220"            68.22319    0.00000   -0.00135
 "DRIFT_58"            68.23319    0.00000   -0.00135
 "STRAY221"            68.24319    0.00000   -0.00135
 "DRIFT_58"            68.25319    0.00000   -0.00135
 "STRAY222"            68.26319    0.00000   -0.00135
 "DRIFT_58"            68.27319    0.00000   -0.00135
 "STRAY223"            68.28319    0.00000   -0.00135
 "DRIFT_58"            68.29319    0.00000   -0.00135
 "STRAY224"            68.30319    0.00000   -0.00135
 "DRIFT_58"            68.31319    0.00000   -0.00135
 "STRAY225"            68.32319    0.00000   -0.00135
 "DRIFT_58"            68.33319    0.00000   -0.00135
 "STRAY226"            68.34319    0.00000   -0.00135
 "DRIFT_58"            68.35319    0.00000   -0.00135
 "STRAY227"            68.36319    0.00000   -0.00135
 "DRIFT_58"            68.37319    0.00000   -0.00135
 "STRAY228"            68.38319    0.00000   -0.00135
 "DRIFT_58"            68.39319    0.00000   -0.00135
 "STRAY229"            68.40319    0.00000   -0.00135
 "DRIFT_58"            68.41319    0.00000   -0.00135
 "STRAY230"            68.42319    0.00000   -0.00135
 "DRIFT_58"            68.43319    0.00000   -0.00135
 "STRAY231"            68.44319    0.00000   -0.00135
 "DRIFT_58"            68.45319    0.00000   -0.00135
 "STRAY232"            68.46319    0.00000   -0.00135
 "DRIFT_58"            68.47319    0.00000   -0.00135
 "STRAY233"            68.48319    0.00000   -0.00135
 "DRIFT_58"            68.49319    0.00000   -0.00135
 "STRAY234"            68.50319    0.00000   -0.00135
 "DRIFT_58"            68.51319    0.00000   -0.00135
 "STRAY235"            68.52319    0.00000   -0.00135
 "DRIFT_58"            68.53319    0.00000   -0.00135
 "STRAY236"            68.54319    0.00000   -0.00135
 "DRIFT_58"            68.55319    0.00000   -0.00135
 "STRAY237"            68.56319    0.00000   -0.00135
 "DRIFT_58"            68.57319    0.00000   -0.00135
 "STRAY238"            68.58319    0.00000   -0.00135
 "DRIFT_58"            68.59319    0.00000   -0.00135
 "STRAY239"            68.60319    0.00000   -0.00135
 "DRIFT_58"            68.61319    0.00000   -0.00135
 "STRAY240"            68.62319    0.00000   -0.00135
 "DRIFT_58"            68.63319    0.00000   -0.00135
 "STRAY241"            68.64319    0.00000   -0.00135
 "DRIFT_58"            68.65319    0.00000   -0.00135
 "STRAY242"            68.66319    0.00000   -0.00135
 "DRIFT_58"            68.67319    0.00000   -0.00135
 "STRAY243"            68.68319    0.00000   -0.00135
 "DRIFT_58"            68.69319    0.00000   -0.00135
 "STRAY244"            68.70319    0.00000   -0.00135
 "STRAY$END"           68.70319    0.00000   -0.00135
 "DRIFT_59"            68.84749    0.00000   -0.00135
 "PI.SMH42"            69.30180    0.00000   -0.00134
 "DRIFT_60"            69.65933    0.00000   -0.00134
 "POINTS"              69.70686    0.00000   -0.00134
 "BTP$END"             69.70686    0.00000   -0.00134
 "BT2BTP$END"          69.70686    0.00000   -0.00134
