@ NAME             %05s "TWISS"
@ TYPE             %05s "TWISS"
@ SEQUENCE         %06s "BT3BTP"
@ PARTICLE         %06s "PROTON"
@ MASS             %le     0.93827
@ CHARGE           %le     1.00000
@ ENERGY           %le     2.33665
@ PC               %le     2.14000
@ GAMMA            %le     2.49038
@ KBUNCH           %le     1.00000
@ BCURRENT         %le     0.00000
@ SIGE             %le     0.00000
@ SIGT             %le     0.00000
@ NPART            %le     0.00000
@ EX               %le     1.00000
@ EY               %le     1.00000
@ ET               %le     1.00000
@ LENGTH           %le    69.69589
@ ALFA             %le     0.00000
@ ORBIT5           %le    -0.00000
@ GAMMATR          %le     0.00000
@ Q1               %le     1.38795
@ Q2               %le     0.78077
@ DQ1              %le     0.00000
@ DQ2              %le     0.00000
@ DXMAX            %le     2.26341
@ DYMAX            %le     0.04702
@ XCOMAX           %le     0.00000
@ YCOMAX           %le     0.00191
@ BETXMAX          %le    80.91778
@ BETYMAX          %le    79.88716
@ XCORMS           %le     0.00000
@ YCORMS           %le     0.00117
@ DXRMS            %le     0.93123
@ DYRMS            %le     0.03205
@ DELTAP           %le     0.00000
@ SYNCH_1          %le     0.00000
@ SYNCH_2          %le     0.00000
@ SYNCH_3          %le     0.00000
@ SYNCH_4          %le     0.00000
@ SYNCH_5          %le     0.00000
@ TITLE            %39s "BT line and BTP line. Protons - 1.4 GeV"
@ ORIGIN           %22s "MAD-X 5.02.00 Linux 32"
@ DATE             %08s "29/09/14"
@ TIME             %08s "14.32.39"
* NAME                        S          X          Y 
$ %s                        %le        %le        %le 
 "BT3BTP$START"         0.00000    0.00000    0.00000
 "BT3$START"            0.00000    0.00000    0.00000
 "BT3.START"            0.00000    0.00000    0.00000
 "DRIFT_0"              1.30035    0.00000    0.00000
 "BT3.DVT10"            2.80260    0.00000    0.00000
 "DRIFT_1"              3.32656    0.00000    0.00000
 "BT3.BPM00"            3.90261    0.00000    0.00000
 "DRIFT_2"              4.22586    0.00000    0.00000
 "BT3.DHZ10"            4.46262    0.00000    0.00000
 "DRIFT_3"              4.72737    0.00000    0.00000
 "BT3.VVS10"            4.87462    0.00000    0.00000
 "DRIFT_4"              5.19067    0.00000    0.00000
 "BT3.DVT20"            5.65863    0.00000    0.00000
 "DRIFT_5"              6.09559    0.00000    0.00000
 "BT3.SMV10"            6.86265    0.00000    0.00000
 "DRIFT_6"              7.42865    0.00000    0.00000
 "BT3.BTV10"            7.46266    0.00000    0.00000
 "DRIFT_7"              7.80266    0.00000    0.00000
 "BT.VPG11"             8.14267    0.00000    0.00000
 "DRIFT_8"              8.42142    0.00000    0.00000
 "BT3.BPM10"            8.79268    0.00000    0.00000
 "DRIFT_9"              9.00743    0.00000    0.00000
 "BT3.QNO10"            9.36269    0.00000    0.00000
 "DRIFT_10"             9.77269    0.00000    0.00000
 "BT3.VVS20"            9.99969    0.00000    0.00000
 "DRIFT_11"            10.39669    0.00000    0.00000
 "BT3.VVS30"           10.79370    0.00000    0.00000
 "DRIFT_12"            10.98670    0.00000    0.00000
 "BT3.QNO20"           11.36270    0.00000    0.00000
 "DRIFT_13"            12.55195    0.00000    0.00000
 "BT.VGP21"            13.50820    0.00000    0.00000
 "BT.VGR21"            13.50820    0.00000    0.00000
 "BT.VPI22"            13.50820    0.00000    0.00000
 "BT.VPI22A"           13.50820    0.00000    0.00000
 "DRIFT_14"            13.72045    0.00000    0.00000
 "BT3.KFA10"           14.71270    0.00000    0.00000
 "DRIFT_15"            15.69645    0.00000    0.00000
 "BT.BTV20"            15.90020    0.00000    0.00000
 "DRIFT_16"            16.04770    0.00000    0.00000
 "BT3.DVT30"           16.36270    0.00000    0.00000
 "DRIFT_17"            16.91595    0.00000    0.00000
 "BT3.BPM20"           17.39420    0.00000    0.00000
 "DRIFT_18"            18.34871    0.00000    0.00000
 "BT3.DVT40"           19.41261    0.00000    0.00000
 "DRIFT_19"            19.83956    0.00000    0.00000
 "BT.VPI23"            20.06461    0.00000    0.00000
 "DRIFT_20"            20.19967    0.00000    0.00000
 "BT3.SMV20"           20.86672    0.00000    0.00000
 "DRIFT_21"            21.42522    0.00000    0.00000
 "BT3.BTV30"           21.45172    0.00000    0.00000
 "BT.VPI23B"           21.45172    0.00000    0.00000
 "DRIFT_22"            21.75072    0.00000    0.00000
 "BT3.QNO30"           22.28272    0.00000    0.00000
 "DRIFT_23"            24.04897    0.00000    0.00000
 "BT.BPM30"            25.74322    0.00000    0.00000
 "DRIFT_24"            26.02622    0.00000    0.00000
 "BT.BCT10"            26.30522    0.00000    0.00000
 "DRIFT_25"            26.56922    0.00000    0.00000
 "BT.DVT50"            26.89422    0.00000    0.00000
 "DRIFT_26"            27.49932    0.00000    0.00000
 "BT.VGP23"            27.88642    0.00000    0.00000
 "BT.VPG22"            27.88642    0.00000    0.00000
 "DRIFT_27"            28.38457    0.00000    0.00000
 "BT3.KFA20"           29.66272    0.00000    0.00000
 "DRIFT_15"            30.64647    0.00000    0.00000
 "BT.BTV40"            30.85022    0.00000    0.00000
 "DRIFT_28"            30.92497    0.00000    0.00000
 "BT.DVT60"            31.21772    0.00000    0.00001
 "DRIFT_29"            31.45520    0.00000    0.00002
 "BT.QNO40"            31.70772    0.00000    0.00005
 "DRIFT_30"            32.06675    0.00000    0.00009
 "BT.BPM40"            32.28522    0.00000    0.00012
 "DRIFT_31"            32.63072    0.00000    0.00016
 "BT.QNO50"            33.07772    0.00000    0.00021
 "DRIFT_32"            33.75059    0.00000    0.00026
 "BT3.END"             34.22946    0.00000    0.00029
 "BT3$END"             34.22946    0.00000    0.00029
 "BTP$START"           34.22946    0.00000    0.00029
 "BT.BHZ10"            34.99616    0.00000    0.00033
 "DRIFT_33"            35.97472   -0.00000    0.00039
 "BTP.VVS10"           36.18658   -0.00000    0.00040
 "DRIFT_34"            36.32733   -0.00000    0.00041
 "BTP.STP10"           37.19658   -0.00000    0.00046
 "DRIFT_35"            38.06533   -0.00000    0.00051
 "BTP.BPM00"           38.29808   -0.00000    0.00052
 "DRIFT_36"            38.59408   -0.00000    0.00054
 "BTP.DHZ10"           39.01558   -0.00000    0.00056
 "DRIFT_37"            39.25558   -0.00000    0.00057
 "BTP.DVT10"           39.49558   -0.00000    0.00059
 "DRIFT_38"            40.03933   -0.00000    0.00062
 "BTP.QNO10"           40.59758   -0.00000    0.00065
 "DRIFT_39"            43.09558   -0.00000    0.00079
 "BTP.QNO20"           45.59358   -0.00000    0.00094
 "DRIFT_28"            45.90083   -0.00000    0.00101
 "BTP.DHZ20"           46.19358   -0.00000    0.00110
 "DRIFT_40"            46.49783   -0.00000    0.00118
 "BTP.BPM10"           46.67658   -0.00000    0.00123
 "DRIFT_41"            47.02233   -0.00000    0.00133
 "BTP.DVT20"           47.49358   -0.00000    0.00147
 "DRIFT_28"            47.78633   -0.00000    0.00155
 "BTP.QNO30"           48.09358   -0.00000    0.00162
 "DRIFT_42"            48.75483   -0.00000    0.00159
 "BTP.VPI11"           49.18358   -0.00000    0.00155
 "DRIFT_43"            51.17333   -0.00000    0.00140
 "BTP.QNO40"           53.39558   -0.00000    0.00124
 "DRIFT_44"            53.67783   -0.00000    0.00130
 "BTP.DHZ30"           53.94558   -0.00000    0.00138
 "DRIFT_45"            54.26783    0.00000    0.00147
 "BTP.BPM20"           54.37208    0.00000    0.00150
 "DRIFT_46"            54.66733    0.00000    0.00159
 "BTP.DVT30"           55.18058    0.00000    0.00173
 "DRIFT_47"            55.53083    0.00000    0.00184
 "BTP.QNO50"           55.89558    0.00000    0.00191
 "DRIFT_48"            57.78433    0.00000    0.00159
 "BTP.VPI12"           59.44058    0.00000    0.00128
 "DRIFT_49"            59.81388    0.00000    0.00121
 "BTP.BCT10"           60.41158    0.00000    0.00109
 "DRIFT_50"            60.69078    0.00000    0.00104
 "BTP.DVT40"           60.96358    0.00000    0.00099
 "DRIFT_51"            61.27183    0.00000    0.00093
 "BTP.QNO60"           61.59458    0.00000    0.00089
 "DRIFT_52"            61.91608    0.00000    0.00090
 "BTP.BPM30"           62.09758    0.00000    0.00092
 "DRIFT_53"            62.37933    0.00000    0.00094
 "BTP.BTV10"           62.70358    0.00000    0.00097
 "DRIFT_54"            62.86358    0.00000    0.00099
 "BTP.VVS20"           62.88858    0.00000    0.00099
 "DRIFT_55"            63.02508    0.00000    0.00100
 "BTP.DHZ40"           63.16158    0.00000    0.00102
 "DRIFT_56"            63.35508    0.00000    0.00103
 "BTP.DVT50"           63.54858    0.00000    0.00105
 "DRIFT_57"            63.69040    0.00000    0.00106
 "STRAY$START"         63.83222    0.00000    0.00108
 "STRAY1"              63.83222    0.00000    0.00108
 "DRIFT_58"            63.84222    0.00000    0.00108
 "STRAY2"              63.85222    0.00000    0.00108
 "DRIFT_58"            63.86222    0.00000    0.00108
 "STRAY3"              63.87222    0.00000    0.00108
 "DRIFT_58"            63.88222    0.00000    0.00108
 "STRAY4"              63.89222    0.00000    0.00108
 "DRIFT_58"            63.90222    0.00000    0.00108
 "STRAY5"              63.91222    0.00000    0.00108
 "DRIFT_58"            63.92222    0.00000    0.00108
 "STRAY6"              63.93222    0.00000    0.00109
 "DRIFT_58"            63.94222    0.00000    0.00109
 "STRAY7"              63.95222    0.00000    0.00109
 "DRIFT_58"            63.96222    0.00000    0.00109
 "STRAY8"              63.97222    0.00000    0.00109
 "DRIFT_58"            63.98222    0.00000    0.00109
 "STRAY9"              63.99222    0.00000    0.00109
 "DRIFT_58"            64.00222    0.00000    0.00109
 "STRAY10"             64.01222    0.00000    0.00109
 "DRIFT_58"            64.02222    0.00000    0.00109
 "STRAY11"             64.03222    0.00000    0.00109
 "DRIFT_58"            64.04222    0.00000    0.00110
 "STRAY12"             64.05222    0.00000    0.00110
 "DRIFT_58"            64.06222    0.00000    0.00110
 "STRAY13"             64.07222    0.00000    0.00110
 "DRIFT_58"            64.08222    0.00000    0.00110
 "STRAY14"             64.09222    0.00000    0.00110
 "DRIFT_58"            64.10222    0.00000    0.00110
 "STRAY15"             64.11222    0.00000    0.00110
 "DRIFT_58"            64.12222    0.00000    0.00110
 "STRAY16"             64.13222    0.00000    0.00110
 "DRIFT_58"            64.14222    0.00000    0.00110
 "STRAY17"             64.15222    0.00000    0.00111
 "DRIFT_58"            64.16222    0.00000    0.00111
 "STRAY18"             64.17222    0.00000    0.00111
 "DRIFT_58"            64.18222    0.00000    0.00111
 "STRAY19"             64.19222    0.00000    0.00111
 "DRIFT_58"            64.20222    0.00000    0.00111
 "STRAY20"             64.21222    0.00000    0.00111
 "DRIFT_58"            64.22222    0.00000    0.00111
 "STRAY21"             64.23222    0.00000    0.00111
 "DRIFT_58"            64.24222    0.00000    0.00111
 "STRAY22"             64.25222    0.00000    0.00111
 "DRIFT_58"            64.26222    0.00000    0.00111
 "STRAY23"             64.27222    0.00000    0.00112
 "DRIFT_58"            64.28222    0.00000    0.00112
 "STRAY24"             64.29222    0.00000    0.00112
 "DRIFT_58"            64.30222    0.00000    0.00112
 "STRAY25"             64.31222    0.00000    0.00112
 "DRIFT_58"            64.32222    0.00000    0.00112
 "STRAY26"             64.33222    0.00000    0.00112
 "DRIFT_58"            64.34222    0.00000    0.00112
 "STRAY27"             64.35222    0.00000    0.00112
 "DRIFT_58"            64.36222    0.00000    0.00112
 "STRAY28"             64.37222    0.00000    0.00112
 "DRIFT_58"            64.38222    0.00000    0.00113
 "STRAY29"             64.39222    0.00000    0.00113
 "DRIFT_58"            64.40222    0.00000    0.00113
 "STRAY30"             64.41222    0.00000    0.00113
 "DRIFT_58"            64.42222    0.00000    0.00113
 "STRAY31"             64.43222    0.00000    0.00113
 "DRIFT_58"            64.44222    0.00000    0.00113
 "STRAY32"             64.45222    0.00000    0.00113
 "DRIFT_58"            64.46222    0.00000    0.00113
 "STRAY33"             64.47222    0.00000    0.00113
 "DRIFT_58"            64.48222    0.00000    0.00113
 "STRAY34"             64.49222    0.00000    0.00114
 "DRIFT_58"            64.50222    0.00000    0.00114
 "STRAY35"             64.51222    0.00000    0.00114
 "DRIFT_58"            64.52222    0.00000    0.00114
 "STRAY36"             64.53222    0.00000    0.00114
 "DRIFT_58"            64.54222    0.00000    0.00114
 "STRAY37"             64.55222    0.00000    0.00114
 "DRIFT_58"            64.56222    0.00000    0.00114
 "STRAY38"             64.57222    0.00000    0.00114
 "DRIFT_58"            64.58222    0.00000    0.00114
 "STRAY39"             64.59222    0.00000    0.00114
 "DRIFT_58"            64.60222    0.00000    0.00115
 "STRAY40"             64.61222    0.00000    0.00115
 "DRIFT_58"            64.62222    0.00000    0.00115
 "STRAY41"             64.63222    0.00000    0.00115
 "DRIFT_58"            64.64222    0.00000    0.00115
 "STRAY42"             64.65222    0.00000    0.00115
 "DRIFT_58"            64.66222    0.00000    0.00115
 "STRAY43"             64.67222    0.00000    0.00115
 "DRIFT_58"            64.68222    0.00000    0.00115
 "STRAY44"             64.69222    0.00000    0.00115
 "DRIFT_58"            64.70222    0.00000    0.00115
 "STRAY45"             64.71222    0.00000    0.00116
 "DRIFT_58"            64.72222    0.00000    0.00116
 "STRAY46"             64.73222    0.00000    0.00116
 "DRIFT_58"            64.74222    0.00000    0.00116
 "STRAY47"             64.75222    0.00000    0.00116
 "DRIFT_58"            64.76222    0.00000    0.00116
 "STRAY48"             64.77222    0.00000    0.00116
 "DRIFT_58"            64.78222    0.00000    0.00116
 "STRAY49"             64.79222    0.00000    0.00116
 "DRIFT_58"            64.80222    0.00000    0.00116
 "STRAY50"             64.81222    0.00000    0.00116
 "DRIFT_58"            64.82222    0.00000    0.00117
 "STRAY51"             64.83222    0.00000    0.00117
 "DRIFT_58"            64.84222    0.00000    0.00117
 "STRAY52"             64.85222    0.00000    0.00117
 "DRIFT_58"            64.86222    0.00000    0.00117
 "STRAY53"             64.87222    0.00000    0.00117
 "DRIFT_58"            64.88222    0.00000    0.00117
 "STRAY54"             64.89222    0.00000    0.00117
 "DRIFT_58"            64.90222    0.00000    0.00117
 "STRAY55"             64.91222    0.00000    0.00117
 "DRIFT_58"            64.92222    0.00000    0.00117
 "STRAY56"             64.93222    0.00000    0.00117
 "DRIFT_58"            64.94222    0.00000    0.00118
 "STRAY57"             64.95222    0.00000    0.00118
 "DRIFT_58"            64.96222    0.00000    0.00118
 "STRAY58"             64.97222    0.00000    0.00118
 "DRIFT_58"            64.98222    0.00000    0.00118
 "STRAY59"             64.99222    0.00000    0.00118
 "DRIFT_58"            65.00222    0.00000    0.00118
 "STRAY60"             65.01222    0.00000    0.00118
 "DRIFT_58"            65.02222    0.00000    0.00118
 "STRAY61"             65.03222    0.00000    0.00118
 "DRIFT_58"            65.04222    0.00000    0.00118
 "STRAY62"             65.05222    0.00000    0.00119
 "DRIFT_58"            65.06222    0.00000    0.00119
 "STRAY63"             65.07222    0.00000    0.00119
 "DRIFT_58"            65.08222    0.00000    0.00119
 "STRAY64"             65.09222    0.00000    0.00119
 "DRIFT_58"            65.10222    0.00000    0.00119
 "STRAY65"             65.11222    0.00000    0.00119
 "DRIFT_58"            65.12222    0.00000    0.00119
 "STRAY66"             65.13222    0.00000    0.00119
 "DRIFT_58"            65.14222    0.00000    0.00119
 "STRAY67"             65.15222    0.00000    0.00119
 "DRIFT_58"            65.16222    0.00000    0.00119
 "STRAY68"             65.17222    0.00000    0.00120
 "DRIFT_58"            65.18222    0.00000    0.00120
 "STRAY69"             65.19222    0.00000    0.00120
 "DRIFT_58"            65.20222    0.00000    0.00120
 "STRAY70"             65.21222    0.00000    0.00120
 "DRIFT_58"            65.22222    0.00000    0.00120
 "STRAY71"             65.23222    0.00000    0.00120
 "DRIFT_58"            65.24222    0.00000    0.00120
 "STRAY72"             65.25222    0.00000    0.00120
 "DRIFT_58"            65.26222    0.00000    0.00120
 "STRAY73"             65.27222    0.00000    0.00120
 "DRIFT_58"            65.28222    0.00000    0.00121
 "STRAY74"             65.29222    0.00000    0.00121
 "DRIFT_58"            65.30222    0.00000    0.00121
 "STRAY75"             65.31222    0.00000    0.00121
 "DRIFT_58"            65.32222    0.00000    0.00121
 "STRAY76"             65.33222    0.00000    0.00121
 "DRIFT_58"            65.34222    0.00000    0.00121
 "STRAY77"             65.35222    0.00000    0.00121
 "DRIFT_58"            65.36222    0.00000    0.00121
 "STRAY78"             65.37222    0.00000    0.00121
 "DRIFT_58"            65.38222    0.00000    0.00121
 "STRAY79"             65.39222    0.00000    0.00121
 "DRIFT_58"            65.40222    0.00000    0.00122
 "STRAY80"             65.41222    0.00000    0.00122
 "DRIFT_58"            65.42222    0.00000    0.00122
 "STRAY81"             65.43222    0.00000    0.00122
 "DRIFT_58"            65.44222    0.00000    0.00122
 "STRAY82"             65.45222    0.00000    0.00122
 "DRIFT_58"            65.46222    0.00000    0.00122
 "STRAY83"             65.47222    0.00000    0.00122
 "DRIFT_58"            65.48222    0.00000    0.00122
 "STRAY84"             65.49222    0.00000    0.00122
 "DRIFT_58"            65.50222    0.00000    0.00122
 "STRAY85"             65.51222    0.00000    0.00122
 "DRIFT_58"            65.52222    0.00000    0.00122
 "STRAY86"             65.53222    0.00000    0.00123
 "DRIFT_58"            65.54222    0.00000    0.00123
 "STRAY87"             65.55222    0.00000    0.00123
 "DRIFT_58"            65.56222    0.00000    0.00123
 "STRAY88"             65.57222    0.00000    0.00123
 "DRIFT_58"            65.58222    0.00000    0.00123
 "STRAY89"             65.59222    0.00000    0.00123
 "DRIFT_58"            65.60222    0.00000    0.00123
 "STRAY90"             65.61222    0.00000    0.00123
 "DRIFT_58"            65.62222    0.00000    0.00123
 "STRAY91"             65.63222    0.00000    0.00123
 "DRIFT_58"            65.64222    0.00000    0.00123
 "STRAY92"             65.65222    0.00000    0.00124
 "DRIFT_58"            65.66222    0.00000    0.00124
 "STRAY93"             65.67222    0.00000    0.00124
 "DRIFT_58"            65.68222    0.00000    0.00124
 "STRAY94"             65.69222    0.00000    0.00124
 "DRIFT_58"            65.70222    0.00000    0.00124
 "STRAY95"             65.71222    0.00000    0.00124
 "DRIFT_58"            65.72222    0.00000    0.00124
 "STRAY96"             65.73222    0.00000    0.00124
 "DRIFT_58"            65.74222    0.00000    0.00124
 "STRAY97"             65.75222    0.00000    0.00124
 "DRIFT_58"            65.76222    0.00000    0.00124
 "STRAY98"             65.77222    0.00000    0.00124
 "DRIFT_58"            65.78222    0.00000    0.00125
 "STRAY99"             65.79222    0.00000    0.00125
 "DRIFT_58"            65.80222    0.00000    0.00125
 "STRAY100"            65.81222    0.00000    0.00125
 "DRIFT_58"            65.82222    0.00000    0.00125
 "STRAY101"            65.83222    0.00000    0.00125
 "DRIFT_58"            65.84222    0.00000    0.00125
 "STRAY102"            65.85222    0.00000    0.00125
 "DRIFT_58"            65.86222    0.00000    0.00125
 "STRAY103"            65.87222    0.00000    0.00125
 "DRIFT_58"            65.88222    0.00000    0.00125
 "STRAY104"            65.89222    0.00000    0.00125
 "DRIFT_58"            65.90222    0.00000    0.00125
 "STRAY105"            65.91222    0.00000    0.00126
 "DRIFT_58"            65.92222    0.00000    0.00126
 "STRAY106"            65.93222    0.00000    0.00126
 "DRIFT_58"            65.94222    0.00000    0.00126
 "STRAY107"            65.95222    0.00000    0.00126
 "DRIFT_58"            65.96222    0.00000    0.00126
 "STRAY108"            65.97222    0.00000    0.00126
 "DRIFT_58"            65.98222    0.00000    0.00126
 "STRAY109"            65.99222    0.00000    0.00126
 "DRIFT_58"            66.00222    0.00000    0.00126
 "STRAY110"            66.01222    0.00000    0.00126
 "DRIFT_58"            66.02222    0.00000    0.00126
 "STRAY111"            66.03222    0.00000    0.00126
 "DRIFT_58"            66.04222    0.00000    0.00126
 "STRAY112"            66.05222    0.00000    0.00127
 "DRIFT_58"            66.06222    0.00000    0.00127
 "STRAY113"            66.07222    0.00000    0.00127
 "DRIFT_58"            66.08222    0.00000    0.00127
 "STRAY114"            66.09222    0.00000    0.00127
 "DRIFT_58"            66.10222    0.00000    0.00127
 "STRAY115"            66.11222    0.00000    0.00127
 "DRIFT_58"            66.12222    0.00000    0.00127
 "STRAY116"            66.13222    0.00000    0.00127
 "DRIFT_58"            66.14222    0.00000    0.00127
 "STRAY117"            66.15222    0.00000    0.00127
 "DRIFT_58"            66.16222    0.00000    0.00127
 "STRAY118"            66.17222    0.00000    0.00127
 "DRIFT_58"            66.18222    0.00000    0.00127
 "STRAY119"            66.19222    0.00000    0.00127
 "DRIFT_58"            66.20222    0.00000    0.00128
 "STRAY120"            66.21222    0.00000    0.00128
 "DRIFT_58"            66.22222    0.00000    0.00128
 "STRAY121"            66.23222    0.00000    0.00128
 "DRIFT_58"            66.24222    0.00000    0.00128
 "STRAY122"            66.25222    0.00000    0.00128
 "DRIFT_58"            66.26222    0.00000    0.00128
 "STRAY123"            66.27222    0.00000    0.00128
 "DRIFT_58"            66.28222    0.00000    0.00128
 "STRAY124"            66.29222    0.00000    0.00128
 "DRIFT_58"            66.30222    0.00000    0.00128
 "STRAY125"            66.31222    0.00000    0.00128
 "DRIFT_58"            66.32222    0.00000    0.00128
 "STRAY126"            66.33222    0.00000    0.00128
 "DRIFT_58"            66.34222    0.00000    0.00128
 "STRAY127"            66.35222    0.00000    0.00129
 "DRIFT_58"            66.36222    0.00000    0.00129
 "STRAY128"            66.37222    0.00000    0.00129
 "DRIFT_58"            66.38222    0.00000    0.00129
 "STRAY129"            66.39222    0.00000    0.00129
 "DRIFT_58"            66.40222    0.00000    0.00129
 "STRAY130"            66.41222    0.00000    0.00129
 "DRIFT_58"            66.42222    0.00000    0.00129
 "STRAY131"            66.43222    0.00000    0.00129
 "DRIFT_58"            66.44222    0.00000    0.00129
 "STRAY132"            66.45222    0.00000    0.00129
 "DRIFT_58"            66.46222    0.00000    0.00129
 "STRAY133"            66.47222    0.00000    0.00129
 "DRIFT_58"            66.48222    0.00000    0.00129
 "STRAY134"            66.49222    0.00000    0.00129
 "DRIFT_58"            66.50222    0.00000    0.00129
 "STRAY135"            66.51222    0.00000    0.00129
 "DRIFT_58"            66.52222    0.00000    0.00130
 "STRAY136"            66.53222    0.00000    0.00130
 "DRIFT_58"            66.54222    0.00000    0.00130
 "STRAY137"            66.55222    0.00000    0.00130
 "DRIFT_58"            66.56222    0.00000    0.00130
 "STRAY138"            66.57222    0.00000    0.00130
 "DRIFT_58"            66.58222    0.00000    0.00130
 "STRAY139"            66.59222    0.00000    0.00130
 "DRIFT_58"            66.60222    0.00000    0.00130
 "STRAY140"            66.61222    0.00000    0.00130
 "DRIFT_58"            66.62222    0.00000    0.00130
 "STRAY141"            66.63222    0.00000    0.00130
 "DRIFT_58"            66.64222    0.00000    0.00130
 "STRAY142"            66.65222    0.00000    0.00130
 "DRIFT_58"            66.66222    0.00000    0.00130
 "STRAY143"            66.67222    0.00000    0.00130
 "DRIFT_58"            66.68222    0.00000    0.00130
 "STRAY144"            66.69222    0.00000    0.00131
 "DRIFT_58"            66.70222    0.00000    0.00131
 "STRAY145"            66.71222    0.00000    0.00131
 "DRIFT_58"            66.72222    0.00000    0.00131
 "STRAY146"            66.73222    0.00000    0.00131
 "DRIFT_58"            66.74222    0.00000    0.00131
 "STRAY147"            66.75222    0.00000    0.00131
 "DRIFT_58"            66.76222    0.00000    0.00131
 "STRAY148"            66.77222    0.00000    0.00131
 "DRIFT_58"            66.78222    0.00000    0.00131
 "STRAY149"            66.79222    0.00000    0.00131
 "DRIFT_58"            66.80222    0.00000    0.00131
 "STRAY150"            66.81222    0.00000    0.00131
 "DRIFT_58"            66.82222    0.00000    0.00131
 "STRAY151"            66.83222    0.00000    0.00131
 "DRIFT_58"            66.84222    0.00000    0.00131
 "STRAY152"            66.85222    0.00000    0.00131
 "DRIFT_58"            66.86222    0.00000    0.00131
 "STRAY153"            66.87222    0.00000    0.00131
 "DRIFT_58"            66.88222    0.00000    0.00131
 "STRAY154"            66.89222    0.00000    0.00132
 "DRIFT_58"            66.90222    0.00000    0.00132
 "STRAY155"            66.91222    0.00000    0.00132
 "DRIFT_58"            66.92222    0.00000    0.00132
 "STRAY156"            66.93222    0.00000    0.00132
 "DRIFT_58"            66.94222    0.00000    0.00132
 "STRAY157"            66.95222    0.00000    0.00132
 "DRIFT_58"            66.96222    0.00000    0.00132
 "STRAY158"            66.97222    0.00000    0.00132
 "DRIFT_58"            66.98222    0.00000    0.00132
 "STRAY159"            66.99222    0.00000    0.00132
 "DRIFT_58"            67.00222    0.00000    0.00132
 "STRAY160"            67.01222    0.00000    0.00132
 "DRIFT_58"            67.02222    0.00000    0.00132
 "STRAY161"            67.03222    0.00000    0.00132
 "DRIFT_58"            67.04222    0.00000    0.00132
 "STRAY162"            67.05222    0.00000    0.00132
 "DRIFT_58"            67.06222    0.00000    0.00132
 "STRAY163"            67.07222    0.00000    0.00132
 "DRIFT_58"            67.08222    0.00000    0.00132
 "STRAY164"            67.09222    0.00000    0.00132
 "DRIFT_58"            67.10222    0.00000    0.00132
 "STRAY165"            67.11222    0.00000    0.00133
 "DRIFT_58"            67.12222    0.00000    0.00133
 "STRAY166"            67.13222    0.00000    0.00133
 "DRIFT_58"            67.14222    0.00000    0.00133
 "STRAY167"            67.15222    0.00000    0.00133
 "DRIFT_58"            67.16222    0.00000    0.00133
 "STRAY168"            67.17222    0.00000    0.00133
 "DRIFT_58"            67.18222    0.00000    0.00133
 "STRAY169"            67.19222    0.00000    0.00133
 "DRIFT_58"            67.20222    0.00000    0.00133
 "STRAY170"            67.21222    0.00000    0.00133
 "DRIFT_58"            67.22222    0.00000    0.00133
 "STRAY171"            67.23222    0.00000    0.00133
 "DRIFT_58"            67.24222    0.00000    0.00133
 "STRAY172"            67.25222    0.00000    0.00133
 "DRIFT_58"            67.26222    0.00000    0.00133
 "STRAY173"            67.27222    0.00000    0.00133
 "DRIFT_58"            67.28222    0.00000    0.00133
 "STRAY174"            67.29222    0.00000    0.00133
 "DRIFT_58"            67.30222    0.00000    0.00133
 "STRAY175"            67.31222    0.00000    0.00133
 "DRIFT_58"            67.32222    0.00000    0.00133
 "STRAY176"            67.33222    0.00000    0.00133
 "DRIFT_58"            67.34222    0.00000    0.00133
 "STRAY177"            67.35222    0.00000    0.00133
 "DRIFT_58"            67.36222    0.00000    0.00133
 "STRAY178"            67.37222    0.00000    0.00134
 "DRIFT_58"            67.38222    0.00000    0.00134
 "STRAY179"            67.39222    0.00000    0.00134
 "DRIFT_58"            67.40222    0.00000    0.00134
 "STRAY180"            67.41222    0.00000    0.00134
 "DRIFT_58"            67.42222    0.00000    0.00134
 "STRAY181"            67.43222    0.00000    0.00134
 "DRIFT_58"            67.44222    0.00000    0.00134
 "STRAY182"            67.45222    0.00000    0.00134
 "DRIFT_58"            67.46222    0.00000    0.00134
 "STRAY183"            67.47222    0.00000    0.00134
 "DRIFT_58"            67.48222    0.00000    0.00134
 "STRAY184"            67.49222    0.00000    0.00134
 "DRIFT_58"            67.50222    0.00000    0.00134
 "STRAY185"            67.51222    0.00000    0.00134
 "DRIFT_58"            67.52222    0.00000    0.00134
 "STRAY186"            67.53222    0.00000    0.00134
 "DRIFT_58"            67.54222    0.00000    0.00134
 "STRAY187"            67.55222    0.00000    0.00134
 "DRIFT_58"            67.56222    0.00000    0.00134
 "STRAY188"            67.57222    0.00000    0.00134
 "DRIFT_58"            67.58222    0.00000    0.00134
 "STRAY189"            67.59222    0.00000    0.00134
 "DRIFT_58"            67.60222    0.00000    0.00134
 "STRAY190"            67.61222    0.00000    0.00134
 "DRIFT_58"            67.62222    0.00000    0.00134
 "STRAY191"            67.63222    0.00000    0.00134
 "DRIFT_58"            67.64222    0.00000    0.00134
 "STRAY192"            67.65222    0.00000    0.00134
 "DRIFT_58"            67.66222    0.00000    0.00134
 "STRAY193"            67.67222    0.00000    0.00134
 "DRIFT_58"            67.68222    0.00000    0.00134
 "STRAY194"            67.69222    0.00000    0.00134
 "DRIFT_58"            67.70222    0.00000    0.00134
 "STRAY195"            67.71222    0.00000    0.00134
 "DRIFT_58"            67.72222    0.00000    0.00134
 "STRAY196"            67.73222    0.00000    0.00135
 "DRIFT_58"            67.74222    0.00000    0.00135
 "STRAY197"            67.75222    0.00000    0.00135
 "DRIFT_58"            67.76222    0.00000    0.00135
 "STRAY198"            67.77222    0.00000    0.00135
 "DRIFT_58"            67.78222    0.00000    0.00135
 "STRAY199"            67.79222    0.00000    0.00135
 "DRIFT_58"            67.80222    0.00000    0.00135
 "STRAY200"            67.81222    0.00000    0.00135
 "DRIFT_58"            67.82222    0.00000    0.00135
 "STRAY201"            67.83222    0.00000    0.00135
 "DRIFT_58"            67.84222    0.00000    0.00135
 "STRAY202"            67.85222    0.00000    0.00135
 "DRIFT_58"            67.86222    0.00000    0.00135
 "STRAY203"            67.87222    0.00000    0.00135
 "DRIFT_58"            67.88222    0.00000    0.00135
 "STRAY204"            67.89222    0.00000    0.00135
 "DRIFT_58"            67.90222    0.00000    0.00135
 "STRAY205"            67.91222    0.00000    0.00135
 "DRIFT_58"            67.92222    0.00000    0.00135
 "STRAY206"            67.93222    0.00000    0.00135
 "DRIFT_58"            67.94222    0.00000    0.00135
 "STRAY207"            67.95222    0.00000    0.00135
 "DRIFT_58"            67.96222    0.00000    0.00135
 "STRAY208"            67.97222    0.00000    0.00135
 "DRIFT_58"            67.98222    0.00000    0.00135
 "STRAY209"            67.99222    0.00000    0.00135
 "DRIFT_58"            68.00222    0.00000    0.00135
 "STRAY210"            68.01222    0.00000    0.00135
 "DRIFT_58"            68.02222    0.00000    0.00135
 "STRAY211"            68.03222    0.00000    0.00135
 "DRIFT_58"            68.04222    0.00000    0.00135
 "STRAY212"            68.05222    0.00000    0.00135
 "DRIFT_58"            68.06222    0.00000    0.00135
 "STRAY213"            68.07222    0.00000    0.00135
 "DRIFT_58"            68.08222    0.00000    0.00135
 "STRAY214"            68.09222    0.00000    0.00135
 "DRIFT_58"            68.10222    0.00000    0.00135
 "STRAY215"            68.11222    0.00000    0.00135
 "DRIFT_58"            68.12222    0.00000    0.00135
 "STRAY216"            68.13222    0.00000    0.00135
 "DRIFT_58"            68.14222    0.00000    0.00135
 "STRAY217"            68.15222    0.00000    0.00135
 "DRIFT_58"            68.16222    0.00000    0.00135
 "STRAY218"            68.17222    0.00000    0.00135
 "DRIFT_58"            68.18222    0.00000    0.00135
 "STRAY219"            68.19222    0.00000    0.00135
 "DRIFT_58"            68.20222    0.00000    0.00135
 "STRAY220"            68.21222    0.00000    0.00135
 "DRIFT_58"            68.22222    0.00000    0.00135
 "STRAY221"            68.23222    0.00000    0.00135
 "DRIFT_58"            68.24222    0.00000    0.00135
 "STRAY222"            68.25222    0.00000    0.00135
 "DRIFT_58"            68.26222    0.00000    0.00135
 "STRAY223"            68.27222    0.00000    0.00135
 "DRIFT_58"            68.28222    0.00000    0.00135
 "STRAY224"            68.29222    0.00000    0.00135
 "DRIFT_58"            68.30222    0.00000    0.00135
 "STRAY225"            68.31222    0.00000    0.00135
 "DRIFT_58"            68.32222    0.00000    0.00135
 "STRAY226"            68.33222    0.00000    0.00135
 "DRIFT_58"            68.34222    0.00000    0.00135
 "STRAY227"            68.35222    0.00000    0.00135
 "DRIFT_58"            68.36222    0.00000    0.00135
 "STRAY228"            68.37222    0.00000    0.00135
 "DRIFT_58"            68.38222    0.00000    0.00135
 "STRAY229"            68.39222    0.00000    0.00135
 "DRIFT_58"            68.40222    0.00000    0.00135
 "STRAY230"            68.41222    0.00000    0.00135
 "DRIFT_58"            68.42222    0.00000    0.00135
 "STRAY231"            68.43222    0.00000    0.00135
 "DRIFT_58"            68.44222    0.00000    0.00135
 "STRAY232"            68.45222    0.00000    0.00135
 "DRIFT_58"            68.46222    0.00000    0.00135
 "STRAY233"            68.47222    0.00000    0.00135
 "DRIFT_58"            68.48222    0.00000    0.00135
 "STRAY234"            68.49222    0.00000    0.00135
 "DRIFT_58"            68.50222    0.00000    0.00135
 "STRAY235"            68.51222    0.00000    0.00135
 "DRIFT_58"            68.52222    0.00000    0.00135
 "STRAY236"            68.53222    0.00000    0.00135
 "DRIFT_58"            68.54222    0.00000    0.00135
 "STRAY237"            68.55222    0.00000    0.00135
 "DRIFT_58"            68.56222    0.00000    0.00135
 "STRAY238"            68.57222    0.00000    0.00135
 "DRIFT_58"            68.58222    0.00000    0.00135
 "STRAY239"            68.59222    0.00000    0.00135
 "DRIFT_58"            68.60222    0.00000    0.00135
 "STRAY240"            68.61222    0.00000    0.00135
 "DRIFT_58"            68.62222    0.00000    0.00135
 "STRAY241"            68.63222    0.00000    0.00135
 "DRIFT_58"            68.64222    0.00000    0.00135
 "STRAY242"            68.65222    0.00000    0.00135
 "DRIFT_58"            68.66222    0.00000    0.00135
 "STRAY243"            68.67222    0.00000    0.00135
 "DRIFT_58"            68.68222    0.00000    0.00135
 "STRAY244"            68.69222    0.00000    0.00135
 "STRAY$END"           68.69222    0.00000    0.00135
 "DRIFT_59"            68.83652    0.00000    0.00135
 "PI.SMH42"            69.29083    0.00000    0.00134
 "DRIFT_60"            69.64836    0.00000    0.00134
 "POINTS"              69.69589    0.00000    0.00134
 "BTP$END"             69.69589    0.00000    0.00134
 "BT3BTP$END"          69.69589    0.00000    0.00134
