@ NAME             %05s "TWISS"
@ TYPE             %05s "TWISS"
@ SEQUENCE         %06s "BT1BTP"
@ PARTICLE         %06s "PROTON"
@ MASS             %le     0.93827
@ CHARGE           %le     1.00000
@ ENERGY           %le     2.33665
@ PC               %le     2.14000
@ GAMMA            %le     2.49038
@ KBUNCH           %le     1.00000
@ BCURRENT         %le     0.00000
@ SIGE             %le     0.00000
@ SIGT             %le     0.00000
@ NPART            %le     0.00000
@ EX               %le     1.00000
@ EY               %le     1.00000
@ ET               %le     1.00000
@ LENGTH           %le    69.71756
@ ALFA             %le     0.00000
@ ORBIT5           %le    -0.00000
@ GAMMATR          %le     0.00000
@ Q1               %le     1.43963
@ Q2               %le     0.78204
@ DQ1              %le     0.00000
@ DQ2              %le     0.00000
@ DXMAX            %le     2.43744
@ DYMAX            %le     1.62933
@ XCOMAX           %le     0.00000
@ YCOMAX           %le     0.00256
@ BETXMAX          %le    64.42901
@ BETYMAX          %le    79.86911
@ XCORMS           %le     0.00000
@ YCORMS           %le     0.00090
@ DXRMS            %le     1.08353
@ DYRMS            %le     0.66633
@ DELTAP           %le     0.00000
@ SYNCH_1          %le     0.00000
@ SYNCH_2          %le     0.00000
@ SYNCH_3          %le     0.00000
@ SYNCH_4          %le     0.00000
@ SYNCH_5          %le     0.00000
@ TITLE            %39s "BT line and BTP line. Protons - 1.4 GeV"
@ ORIGIN           %22s "MAD-X 5.02.00 Linux 32"
@ DATE             %08s "26/09/14"
@ TIME             %08s "15.32.31"
* NAME                        S          X          Y 
$ %s                        %le        %le        %le 
 "BT1BTP$START"         0.00000    0.00000    0.00000
 "BT1$START"            0.00000    0.00000    0.00000
 "BT1.START"            0.00000    0.00000    0.00000
 "DRIFT_0"              1.27448    0.00000    0.00000
 "BT1.BVT10"            3.00238    0.00000    0.00000
 "DRIFT_1"              3.53324    0.00000    0.00000
 "BT1.BPM00"            3.86470    0.00000    0.00000
 "DRIFT_2"              4.20883    0.00000    0.00000
 "BT1.DHZ10"            4.46647    0.00000    0.00000
 "DRIFT_3"              4.65611    0.00000    0.00000
 "BT1.VVS10"            4.72824    0.00000    0.00000
 "DRIFT_4"              5.57637    0.00000    0.00000
 "BT1.SMV10"            6.87290    0.00000    0.00000
 "DRIFT_5"              7.42221    0.00000    0.00000
 "BT2.BTV10"            7.47312    0.00000    0.00000
 "DRIFT_6"              7.81312    0.00000    0.00000
 "BT.VPG11"             8.15312    0.00000    0.00000
 "DRIFT_7"              8.43187    0.00000    0.00000
 "BT2.BPM10"            8.80312    0.00000    0.00000
 "DRIFT_8"              9.01788    0.00000    0.00000
 "BT1.QNO10"            9.37314    0.00000    0.00000
 "DRIFT_9"             10.18020    0.00000    0.00000
 "BT2.VVS30"           10.80425    0.00000    0.00000
 "DRIFT_10"            10.99726    0.00000    0.00000
 "BT1.QNO20"           11.37329    0.00000    0.00000
 "DRIFT_11"            12.56259    0.00000    0.00000
 "BT.VGP21"            13.51887    0.00000    0.00000
 "BT.VGR21"            13.51887    0.00000    0.00000
 "BT.VPI22"            13.51887    0.00000    0.00000
 "BT.VPI22A"           13.51887    0.00000    0.00000
 "DRIFT_12"            13.73113    0.00000    0.00000
 "BT1.KFA10"           14.72340    0.00000    0.00000
 "DRIFT_13"            15.70716    0.00000    0.00000
 "BT.BTV20"            15.91091    0.00000    0.00000
 "DRIFT_14"            16.03910    0.00000    0.00000
 "BT2.BVT20"           16.62420    0.00000    0.00000
 "DRIFT_15"            17.22680    0.00000    0.00000
 "BT2.BPM20"           17.46500    0.00000    0.00000
 "DRIFT_16"            18.16032    0.00000    0.00000
 "BT2.DVT40"           18.93063    0.00000   -0.00001
 "DRIFT_17"            19.59127    0.00000   -0.00007
 "BT.VPI23"            20.08440    0.00000   -0.00012
 "DRIFT_18"            20.23696    0.00000   -0.00013
 "BT2.SMV20"           20.88794   -0.00000   -0.00020
 "DRIFT_19"            21.42983   -0.00000   -0.00025
 "BT2.BTV30"           21.47329   -0.00000   -0.00025
 "DRIFT_20"            21.77229   -0.00000   -0.00028
 "BT2.QNO30"           22.30430    0.00000   -0.00033
 "DRIFT_21"            24.07057    0.00000   -0.00043
 "BT.BPM30"            25.76485    0.00000   -0.00053
 "DRIFT_22"            26.04785    0.00000   -0.00054
 "BT.BCT10"            26.32686    0.00000   -0.00056
 "DRIFT_23"            26.59086    0.00000   -0.00057
 "BT.DVT50"            26.91586    0.00000   -0.00059
 "DRIFT_24"            27.52097    0.00000   -0.00062
 "BT.VGP23"            27.90808    0.00000   -0.00065
 "BT.VPG22"            27.90808    0.00000   -0.00065
 "DRIFT_25"            28.40624    0.00000   -0.00067
 "BT2.KFA20"           29.68440    0.00000   -0.00074
 "DRIFT_26"            30.66815    0.00000   -0.00080
 "BT.BTV40"            30.87190    0.00000   -0.00081
 "DRIFT_27"            30.94665    0.00000   -0.00081
 "BT.DVT60"            31.23940    0.00000   -0.00083
 "DRIFT_28"            31.47688    0.00000   -0.00084
 "BT.QNO40"            31.72940    0.00000   -0.00088
 "DRIFT_29"            32.08843    0.00000   -0.00101
 "BT.BPM40"            32.30690    0.00000   -0.00111
 "DRIFT_30"            32.65240    0.00000   -0.00126
 "BT.QNO50"            33.09940    0.00000   -0.00143
 "DRIFT_31"            33.77227    0.00000   -0.00147
 "BT1.END"             34.25114    0.00000   -0.00149
 "BT1$END"             34.25114    0.00000   -0.00149
 "BTP$START"           34.25114    0.00000   -0.00149
 "BT.BHZ10"            35.01784    0.00000   -0.00151
 "DRIFT_32"            35.99639   -0.00000   -0.00153
 "BTP.VVS10"           36.20825   -0.00000   -0.00154
 "DRIFT_33"            36.34900   -0.00000   -0.00154
 "BTP.STP10"           37.21825   -0.00000   -0.00154
 "DRIFT_34"            38.08700   -0.00000   -0.00155
 "BTP.BPM00"           38.31975   -0.00000   -0.00155
 "DRIFT_35"            38.61575   -0.00000   -0.00155
 "BTP.DHZ10"           39.03725   -0.00000   -0.00155
 "DRIFT_36"            39.27725   -0.00000   -0.00156
 "BTP.DVT10"           39.51725   -0.00000   -0.00156
 "DRIFT_37"            40.06100   -0.00000   -0.00156
 "BTP.QNO10"           40.61925   -0.00000   -0.00156
 "DRIFT_38"            43.11725   -0.00000   -0.00158
 "BTP.QNO20"           45.61525   -0.00000   -0.00162
 "DRIFT_27"            45.92250   -0.00000   -0.00172
 "BTP.DHZ20"           46.21525   -0.00000   -0.00183
 "DRIFT_39"            46.51950   -0.00000   -0.00195
 "BTP.BPM10"           46.69825   -0.00000   -0.00203
 "DRIFT_40"            47.04400   -0.00000   -0.00216
 "BTP.DVT20"           47.51525   -0.00000   -0.00235
 "DRIFT_27"            47.80800   -0.00000   -0.00247
 "BTP.QNO30"           48.11525   -0.00000   -0.00256
 "DRIFT_41"            48.77650   -0.00000   -0.00248
 "BTP.VPI11"           49.20525   -0.00000   -0.00240
 "DRIFT_42"            51.19500    0.00000   -0.00205
 "BTP.QNO40"           53.41725    0.00000   -0.00169
 "DRIFT_43"            53.69950    0.00000   -0.00176
 "BTP.DHZ30"           53.96725    0.00000   -0.00184
 "DRIFT_44"            54.28950    0.00000   -0.00195
 "BTP.BPM20"           54.39375    0.00000   -0.00198
 "DRIFT_45"            54.68900    0.00000   -0.00208
 "BTP.DVT30"           55.20225    0.00000   -0.00224
 "DRIFT_46"            55.55250    0.00000   -0.00236
 "BTP.QNO50"           55.91725    0.00000   -0.00244
 "DRIFT_47"            57.80600    0.00000   -0.00194
 "BTP.VPI12"           59.46225    0.00000   -0.00148
 "DRIFT_48"            59.83555    0.00000   -0.00137
 "BTP.BCT10"           60.43325    0.00000   -0.00120
 "DRIFT_49"            60.71245    0.00000   -0.00112
 "BTP.DVT40"           60.98525    0.00000   -0.00105
 "DRIFT_50"            61.29350    0.00000   -0.00096
 "BTP.QNO60"           61.61625    0.00000   -0.00089
 "DRIFT_51"            61.93775    0.00000   -0.00087
 "BTP.BPM30"           62.11925    0.00000   -0.00087
 "DRIFT_52"            62.40100    0.00000   -0.00087
 "BTP.BTV10"           62.72525    0.00000   -0.00087
 "DRIFT_53"            62.88525    0.00000   -0.00086
 "BTP.VVS20"           62.91025    0.00000   -0.00086
 "DRIFT_54"            63.04675    0.00000   -0.00086
 "BTP.DHZ40"           63.18325    0.00000   -0.00086
 "DRIFT_55"            63.37675    0.00000   -0.00086
 "BTP.DVT50"           63.57025    0.00000   -0.00086
 "DRIFT_56"            63.71208    0.00000   -0.00086
 "STRAY$START"         63.85390    0.00000   -0.00086
 "STRAY1"              63.85390    0.00000   -0.00086
 "DRIFT_57"            63.86390    0.00000   -0.00086
 "STRAY2"              63.87390    0.00000   -0.00086
 "DRIFT_57"            63.88390    0.00000   -0.00086
 "STRAY3"              63.89390    0.00000   -0.00086
 "DRIFT_57"            63.90390    0.00000   -0.00086
 "STRAY4"              63.91390    0.00000   -0.00086
 "DRIFT_57"            63.92390    0.00000   -0.00086
 "STRAY5"              63.93390    0.00000   -0.00086
 "DRIFT_57"            63.94390    0.00000   -0.00086
 "STRAY6"              63.95390    0.00000   -0.00086
 "DRIFT_57"            63.96390    0.00000   -0.00086
 "STRAY7"              63.97390    0.00000   -0.00086
 "DRIFT_57"            63.98390    0.00000   -0.00086
 "STRAY8"              63.99390    0.00000   -0.00086
 "DRIFT_57"            64.00390    0.00000   -0.00086
 "STRAY9"              64.01390    0.00000   -0.00086
 "DRIFT_57"            64.02390    0.00000   -0.00086
 "STRAY10"             64.03390    0.00000   -0.00086
 "DRIFT_57"            64.04390    0.00000   -0.00086
 "STRAY11"             64.05390    0.00000   -0.00086
 "DRIFT_57"            64.06390    0.00000   -0.00086
 "STRAY12"             64.07390    0.00000   -0.00086
 "DRIFT_57"            64.08390    0.00000   -0.00086
 "STRAY13"             64.09390    0.00000   -0.00086
 "DRIFT_57"            64.10390    0.00000   -0.00086
 "STRAY14"             64.11390    0.00000   -0.00086
 "DRIFT_57"            64.12390    0.00000   -0.00086
 "STRAY15"             64.13390    0.00000   -0.00086
 "DRIFT_57"            64.14390    0.00000   -0.00086
 "STRAY16"             64.15390    0.00000   -0.00086
 "DRIFT_57"            64.16390    0.00000   -0.00086
 "STRAY17"             64.17390    0.00000   -0.00086
 "DRIFT_57"            64.18390    0.00000   -0.00086
 "STRAY18"             64.19390    0.00000   -0.00086
 "DRIFT_57"            64.20390    0.00000   -0.00086
 "STRAY19"             64.21390    0.00000   -0.00086
 "DRIFT_57"            64.22390    0.00000   -0.00086
 "STRAY20"             64.23390    0.00000   -0.00086
 "DRIFT_57"            64.24390    0.00000   -0.00086
 "STRAY21"             64.25390    0.00000   -0.00086
 "DRIFT_57"            64.26390    0.00000   -0.00086
 "STRAY22"             64.27390    0.00000   -0.00086
 "DRIFT_57"            64.28390    0.00000   -0.00086
 "STRAY23"             64.29390    0.00000   -0.00086
 "DRIFT_57"            64.30390    0.00000   -0.00086
 "STRAY24"             64.31390    0.00000   -0.00086
 "DRIFT_57"            64.32390    0.00000   -0.00086
 "STRAY25"             64.33390    0.00000   -0.00086
 "DRIFT_57"            64.34390    0.00000   -0.00086
 "STRAY26"             64.35390    0.00000   -0.00086
 "DRIFT_57"            64.36390    0.00000   -0.00086
 "STRAY27"             64.37390    0.00000   -0.00086
 "DRIFT_57"            64.38390    0.00000   -0.00086
 "STRAY28"             64.39390    0.00000   -0.00086
 "DRIFT_57"            64.40390    0.00000   -0.00086
 "STRAY29"             64.41390    0.00000   -0.00086
 "DRIFT_57"            64.42390    0.00000   -0.00086
 "STRAY30"             64.43390    0.00000   -0.00086
 "DRIFT_57"            64.44390    0.00000   -0.00086
 "STRAY31"             64.45390    0.00000   -0.00086
 "DRIFT_57"            64.46390    0.00000   -0.00086
 "STRAY32"             64.47390    0.00000   -0.00086
 "DRIFT_57"            64.48390    0.00000   -0.00086
 "STRAY33"             64.49390    0.00000   -0.00086
 "DRIFT_57"            64.50390    0.00000   -0.00086
 "STRAY34"             64.51390    0.00000   -0.00086
 "DRIFT_57"            64.52390    0.00000   -0.00086
 "STRAY35"             64.53390    0.00000   -0.00086
 "DRIFT_57"            64.54390    0.00000   -0.00086
 "STRAY36"             64.55390    0.00000   -0.00086
 "DRIFT_57"            64.56390    0.00000   -0.00086
 "STRAY37"             64.57390    0.00000   -0.00086
 "DRIFT_57"            64.58390    0.00000   -0.00086
 "STRAY38"             64.59390    0.00000   -0.00086
 "DRIFT_57"            64.60390    0.00000   -0.00086
 "STRAY39"             64.61390    0.00000   -0.00086
 "DRIFT_57"            64.62390    0.00000   -0.00086
 "STRAY40"             64.63390    0.00000   -0.00086
 "DRIFT_57"            64.64390    0.00000   -0.00086
 "STRAY41"             64.65390    0.00000   -0.00086
 "DRIFT_57"            64.66390    0.00000   -0.00086
 "STRAY42"             64.67390    0.00000   -0.00086
 "DRIFT_57"            64.68390    0.00000   -0.00086
 "STRAY43"             64.69390    0.00000   -0.00086
 "DRIFT_57"            64.70390    0.00000   -0.00086
 "STRAY44"             64.71390    0.00000   -0.00086
 "DRIFT_57"            64.72390    0.00000   -0.00086
 "STRAY45"             64.73390    0.00000   -0.00086
 "DRIFT_57"            64.74390    0.00000   -0.00086
 "STRAY46"             64.75390    0.00000   -0.00086
 "DRIFT_57"            64.76390    0.00000   -0.00086
 "STRAY47"             64.77390    0.00000   -0.00086
 "DRIFT_57"            64.78390    0.00000   -0.00086
 "STRAY48"             64.79390    0.00000   -0.00086
 "DRIFT_57"            64.80390    0.00000   -0.00086
 "STRAY49"             64.81390    0.00000   -0.00086
 "DRIFT_57"            64.82390    0.00000   -0.00086
 "STRAY50"             64.83390    0.00000   -0.00086
 "DRIFT_57"            64.84390    0.00000   -0.00086
 "STRAY51"             64.85390    0.00000   -0.00086
 "DRIFT_57"            64.86390    0.00000   -0.00086
 "STRAY52"             64.87390    0.00000   -0.00086
 "DRIFT_57"            64.88390    0.00000   -0.00086
 "STRAY53"             64.89390    0.00000   -0.00086
 "DRIFT_57"            64.90390    0.00000   -0.00086
 "STRAY54"             64.91390    0.00000   -0.00085
 "DRIFT_57"            64.92390    0.00000   -0.00085
 "STRAY55"             64.93390    0.00000   -0.00085
 "DRIFT_57"            64.94390    0.00000   -0.00085
 "STRAY56"             64.95390    0.00000   -0.00085
 "DRIFT_57"            64.96390    0.00000   -0.00085
 "STRAY57"             64.97390    0.00000   -0.00085
 "DRIFT_57"            64.98390    0.00000   -0.00085
 "STRAY58"             64.99390    0.00000   -0.00085
 "DRIFT_57"            65.00390    0.00000   -0.00085
 "STRAY59"             65.01390    0.00000   -0.00085
 "DRIFT_57"            65.02390    0.00000   -0.00085
 "STRAY60"             65.03390    0.00000   -0.00085
 "DRIFT_57"            65.04390    0.00000   -0.00085
 "STRAY61"             65.05390    0.00000   -0.00085
 "DRIFT_57"            65.06390    0.00000   -0.00085
 "STRAY62"             65.07390    0.00000   -0.00085
 "DRIFT_57"            65.08390    0.00000   -0.00085
 "STRAY63"             65.09390    0.00000   -0.00085
 "DRIFT_57"            65.10390    0.00000   -0.00085
 "STRAY64"             65.11390    0.00000   -0.00085
 "DRIFT_57"            65.12390    0.00000   -0.00085
 "STRAY65"             65.13390    0.00000   -0.00085
 "DRIFT_57"            65.14390    0.00000   -0.00085
 "STRAY66"             65.15390    0.00000   -0.00085
 "DRIFT_57"            65.16390    0.00000   -0.00085
 "STRAY67"             65.17390    0.00000   -0.00085
 "DRIFT_57"            65.18390    0.00000   -0.00085
 "STRAY68"             65.19390    0.00000   -0.00085
 "DRIFT_57"            65.20390    0.00000   -0.00085
 "STRAY69"             65.21390    0.00000   -0.00085
 "DRIFT_57"            65.22390    0.00000   -0.00085
 "STRAY70"             65.23390    0.00000   -0.00085
 "DRIFT_57"            65.24390    0.00000   -0.00085
 "STRAY71"             65.25390    0.00000   -0.00085
 "DRIFT_57"            65.26390    0.00000   -0.00085
 "STRAY72"             65.27390    0.00000   -0.00085
 "DRIFT_57"            65.28390    0.00000   -0.00085
 "STRAY73"             65.29390    0.00000   -0.00085
 "DRIFT_57"            65.30390    0.00000   -0.00085
 "STRAY74"             65.31390    0.00000   -0.00085
 "DRIFT_57"            65.32390    0.00000   -0.00085
 "STRAY75"             65.33390    0.00000   -0.00085
 "DRIFT_57"            65.34390    0.00000   -0.00085
 "STRAY76"             65.35390    0.00000   -0.00085
 "DRIFT_57"            65.36390    0.00000   -0.00085
 "STRAY77"             65.37390    0.00000   -0.00085
 "DRIFT_57"            65.38390    0.00000   -0.00085
 "STRAY78"             65.39390    0.00000   -0.00085
 "DRIFT_57"            65.40390    0.00000   -0.00085
 "STRAY79"             65.41390    0.00000   -0.00085
 "DRIFT_57"            65.42390    0.00000   -0.00085
 "STRAY80"             65.43390    0.00000   -0.00085
 "DRIFT_57"            65.44390    0.00000   -0.00085
 "STRAY81"             65.45390    0.00000   -0.00085
 "DRIFT_57"            65.46390    0.00000   -0.00085
 "STRAY82"             65.47390    0.00000   -0.00085
 "DRIFT_57"            65.48390    0.00000   -0.00085
 "STRAY83"             65.49390    0.00000   -0.00085
 "DRIFT_57"            65.50390    0.00000   -0.00085
 "STRAY84"             65.51390    0.00000   -0.00085
 "DRIFT_57"            65.52390    0.00000   -0.00085
 "STRAY85"             65.53390    0.00000   -0.00085
 "DRIFT_57"            65.54390    0.00000   -0.00085
 "STRAY86"             65.55390    0.00000   -0.00085
 "DRIFT_57"            65.56390    0.00000   -0.00085
 "STRAY87"             65.57390    0.00000   -0.00085
 "DRIFT_57"            65.58390    0.00000   -0.00085
 "STRAY88"             65.59390    0.00000   -0.00085
 "DRIFT_57"            65.60390    0.00000   -0.00085
 "STRAY89"             65.61390    0.00000   -0.00085
 "DRIFT_57"            65.62390    0.00000   -0.00085
 "STRAY90"             65.63390    0.00000   -0.00085
 "DRIFT_57"            65.64390    0.00000   -0.00085
 "STRAY91"             65.65390    0.00000   -0.00085
 "DRIFT_57"            65.66390    0.00000   -0.00085
 "STRAY92"             65.67390    0.00000   -0.00085
 "DRIFT_57"            65.68390    0.00000   -0.00085
 "STRAY93"             65.69390    0.00000   -0.00085
 "DRIFT_57"            65.70390    0.00000   -0.00085
 "STRAY94"             65.71390    0.00000   -0.00085
 "DRIFT_57"            65.72390    0.00000   -0.00085
 "STRAY95"             65.73390    0.00000   -0.00085
 "DRIFT_57"            65.74390    0.00000   -0.00085
 "STRAY96"             65.75390    0.00000   -0.00085
 "DRIFT_57"            65.76390    0.00000   -0.00085
 "STRAY97"             65.77390    0.00000   -0.00085
 "DRIFT_57"            65.78390    0.00000   -0.00085
 "STRAY98"             65.79390    0.00000   -0.00085
 "DRIFT_57"            65.80390    0.00000   -0.00085
 "STRAY99"             65.81390    0.00000   -0.00085
 "DRIFT_57"            65.82390    0.00000   -0.00085
 "STRAY100"            65.83390    0.00000   -0.00085
 "DRIFT_57"            65.84390    0.00000   -0.00085
 "STRAY101"            65.85390    0.00000   -0.00085
 "DRIFT_57"            65.86390    0.00000   -0.00085
 "STRAY102"            65.87390    0.00000   -0.00085
 "DRIFT_57"            65.88390    0.00000   -0.00084
 "STRAY103"            65.89390    0.00000   -0.00084
 "DRIFT_57"            65.90390    0.00000   -0.00084
 "STRAY104"            65.91390    0.00000   -0.00084
 "DRIFT_57"            65.92390    0.00000   -0.00084
 "STRAY105"            65.93390    0.00000   -0.00084
 "DRIFT_57"            65.94390    0.00000   -0.00084
 "STRAY106"            65.95390    0.00000   -0.00084
 "DRIFT_57"            65.96390    0.00000   -0.00084
 "STRAY107"            65.97390    0.00000   -0.00084
 "DRIFT_57"            65.98390    0.00000   -0.00084
 "STRAY108"            65.99390    0.00000   -0.00084
 "DRIFT_57"            66.00390    0.00000   -0.00084
 "STRAY109"            66.01390    0.00000   -0.00084
 "DRIFT_57"            66.02390    0.00000   -0.00084
 "STRAY110"            66.03390    0.00000   -0.00084
 "DRIFT_57"            66.04390    0.00000   -0.00084
 "STRAY111"            66.05390    0.00000   -0.00084
 "DRIFT_57"            66.06390    0.00000   -0.00084
 "STRAY112"            66.07390    0.00000   -0.00084
 "DRIFT_57"            66.08390    0.00000   -0.00084
 "STRAY113"            66.09390    0.00000   -0.00084
 "DRIFT_57"            66.10390    0.00000   -0.00084
 "STRAY114"            66.11390    0.00000   -0.00084
 "DRIFT_57"            66.12390    0.00000   -0.00084
 "STRAY115"            66.13390    0.00000   -0.00084
 "DRIFT_57"            66.14390    0.00000   -0.00084
 "STRAY116"            66.15390    0.00000   -0.00084
 "DRIFT_57"            66.16390    0.00000   -0.00084
 "STRAY117"            66.17390    0.00000   -0.00084
 "DRIFT_57"            66.18390    0.00000   -0.00084
 "STRAY118"            66.19390    0.00000   -0.00084
 "DRIFT_57"            66.20390    0.00000   -0.00084
 "STRAY119"            66.21390    0.00000   -0.00084
 "DRIFT_57"            66.22390    0.00000   -0.00084
 "STRAY120"            66.23390    0.00000   -0.00084
 "DRIFT_57"            66.24390    0.00000   -0.00084
 "STRAY121"            66.25390    0.00000   -0.00084
 "DRIFT_57"            66.26390    0.00000   -0.00084
 "STRAY122"            66.27390    0.00000   -0.00084
 "DRIFT_57"            66.28390    0.00000   -0.00084
 "STRAY123"            66.29390    0.00000   -0.00084
 "DRIFT_57"            66.30390    0.00000   -0.00084
 "STRAY124"            66.31390    0.00000   -0.00084
 "DRIFT_57"            66.32390    0.00000   -0.00084
 "STRAY125"            66.33390    0.00000   -0.00084
 "DRIFT_57"            66.34390    0.00000   -0.00084
 "STRAY126"            66.35390    0.00000   -0.00084
 "DRIFT_57"            66.36390    0.00000   -0.00084
 "STRAY127"            66.37390    0.00000   -0.00084
 "DRIFT_57"            66.38390    0.00000   -0.00083
 "STRAY128"            66.39390    0.00000   -0.00083
 "DRIFT_57"            66.40390    0.00000   -0.00083
 "STRAY129"            66.41390    0.00000   -0.00083
 "DRIFT_57"            66.42390    0.00000   -0.00083
 "STRAY130"            66.43390    0.00000   -0.00083
 "DRIFT_57"            66.44390    0.00000   -0.00083
 "STRAY131"            66.45390    0.00000   -0.00083
 "DRIFT_57"            66.46390    0.00000   -0.00083
 "STRAY132"            66.47390    0.00000   -0.00083
 "DRIFT_57"            66.48390    0.00000   -0.00083
 "STRAY133"            66.49390    0.00000   -0.00083
 "DRIFT_57"            66.50390    0.00000   -0.00083
 "STRAY134"            66.51390    0.00000   -0.00083
 "DRIFT_57"            66.52390    0.00000   -0.00083
 "STRAY135"            66.53390    0.00000   -0.00083
 "DRIFT_57"            66.54390    0.00000   -0.00083
 "STRAY136"            66.55390    0.00000   -0.00083
 "DRIFT_57"            66.56390    0.00000   -0.00083
 "STRAY137"            66.57390    0.00000   -0.00083
 "DRIFT_57"            66.58390    0.00000   -0.00083
 "STRAY138"            66.59390    0.00000   -0.00083
 "DRIFT_57"            66.60390    0.00000   -0.00083
 "STRAY139"            66.61390    0.00000   -0.00083
 "DRIFT_57"            66.62390    0.00000   -0.00083
 "STRAY140"            66.63390    0.00000   -0.00083
 "DRIFT_57"            66.64390    0.00000   -0.00083
 "STRAY141"            66.65390    0.00000   -0.00083
 "DRIFT_57"            66.66390    0.00000   -0.00083
 "STRAY142"            66.67390    0.00000   -0.00083
 "DRIFT_57"            66.68390    0.00000   -0.00083
 "STRAY143"            66.69390    0.00000   -0.00083
 "DRIFT_57"            66.70390    0.00000   -0.00083
 "STRAY144"            66.71390    0.00000   -0.00083
 "DRIFT_57"            66.72390    0.00000   -0.00083
 "STRAY145"            66.73390    0.00000   -0.00083
 "DRIFT_57"            66.74390    0.00000   -0.00083
 "STRAY146"            66.75390    0.00000   -0.00082
 "DRIFT_57"            66.76390    0.00000   -0.00082
 "STRAY147"            66.77390    0.00000   -0.00082
 "DRIFT_57"            66.78390    0.00000   -0.00082
 "STRAY148"            66.79390    0.00000   -0.00082
 "DRIFT_57"            66.80390    0.00000   -0.00082
 "STRAY149"            66.81390    0.00000   -0.00082
 "DRIFT_57"            66.82390    0.00000   -0.00082
 "STRAY150"            66.83390    0.00000   -0.00082
 "DRIFT_57"            66.84390    0.00000   -0.00082
 "STRAY151"            66.85390    0.00000   -0.00082
 "DRIFT_57"            66.86390    0.00000   -0.00082
 "STRAY152"            66.87390    0.00000   -0.00082
 "DRIFT_57"            66.88390    0.00000   -0.00082
 "STRAY153"            66.89390    0.00000   -0.00082
 "DRIFT_57"            66.90390    0.00000   -0.00082
 "STRAY154"            66.91390    0.00000   -0.00082
 "DRIFT_57"            66.92390    0.00000   -0.00082
 "STRAY155"            66.93390    0.00000   -0.00082
 "DRIFT_57"            66.94390    0.00000   -0.00082
 "STRAY156"            66.95390    0.00000   -0.00082
 "DRIFT_57"            66.96390    0.00000   -0.00082
 "STRAY157"            66.97390    0.00000   -0.00082
 "DRIFT_57"            66.98390    0.00000   -0.00082
 "STRAY158"            66.99390    0.00000   -0.00082
 "DRIFT_57"            67.00390    0.00000   -0.00082
 "STRAY159"            67.01390    0.00000   -0.00082
 "DRIFT_57"            67.02390    0.00000   -0.00082
 "STRAY160"            67.03390    0.00000   -0.00082
 "DRIFT_57"            67.04390    0.00000   -0.00082
 "STRAY161"            67.05390    0.00000   -0.00082
 "DRIFT_57"            67.06390    0.00000   -0.00081
 "STRAY162"            67.07390    0.00000   -0.00081
 "DRIFT_57"            67.08390    0.00000   -0.00081
 "STRAY163"            67.09390    0.00000   -0.00081
 "DRIFT_57"            67.10390    0.00000   -0.00081
 "STRAY164"            67.11390    0.00000   -0.00081
 "DRIFT_57"            67.12390    0.00000   -0.00081
 "STRAY165"            67.13390    0.00000   -0.00081
 "DRIFT_57"            67.14390    0.00000   -0.00081
 "STRAY166"            67.15390    0.00000   -0.00081
 "DRIFT_57"            67.16390    0.00000   -0.00081
 "STRAY167"            67.17390    0.00000   -0.00081
 "DRIFT_57"            67.18390    0.00000   -0.00081
 "STRAY168"            67.19390    0.00000   -0.00081
 "DRIFT_57"            67.20390    0.00000   -0.00081
 "STRAY169"            67.21390    0.00000   -0.00081
 "DRIFT_57"            67.22390    0.00000   -0.00081
 "STRAY170"            67.23390    0.00000   -0.00081
 "DRIFT_57"            67.24390    0.00000   -0.00081
 "STRAY171"            67.25390    0.00000   -0.00081
 "DRIFT_57"            67.26390    0.00000   -0.00081
 "STRAY172"            67.27390    0.00000   -0.00081
 "DRIFT_57"            67.28390    0.00000   -0.00081
 "STRAY173"            67.29390    0.00000   -0.00081
 "DRIFT_57"            67.30390    0.00000   -0.00081
 "STRAY174"            67.31390    0.00000   -0.00081
 "DRIFT_57"            67.32390    0.00000   -0.00081
 "STRAY175"            67.33390    0.00000   -0.00080
 "DRIFT_57"            67.34390    0.00000   -0.00080
 "STRAY176"            67.35390    0.00000   -0.00080
 "DRIFT_57"            67.36390    0.00000   -0.00080
 "STRAY177"            67.37390    0.00000   -0.00080
 "DRIFT_57"            67.38390    0.00000   -0.00080
 "STRAY178"            67.39390    0.00000   -0.00080
 "DRIFT_57"            67.40390    0.00000   -0.00080
 "STRAY179"            67.41390    0.00000   -0.00080
 "DRIFT_57"            67.42390    0.00000   -0.00080
 "STRAY180"            67.43390    0.00000   -0.00080
 "DRIFT_57"            67.44390    0.00000   -0.00080
 "STRAY181"            67.45390    0.00000   -0.00080
 "DRIFT_57"            67.46390    0.00000   -0.00080
 "STRAY182"            67.47390    0.00000   -0.00080
 "DRIFT_57"            67.48390    0.00000   -0.00080
 "STRAY183"            67.49390    0.00000   -0.00080
 "DRIFT_57"            67.50390    0.00000   -0.00080
 "STRAY184"            67.51390    0.00000   -0.00080
 "DRIFT_57"            67.52390    0.00000   -0.00080
 "STRAY185"            67.53390    0.00000   -0.00080
 "DRIFT_57"            67.54390    0.00000   -0.00080
 "STRAY186"            67.55390    0.00000   -0.00080
 "DRIFT_57"            67.56390    0.00000   -0.00079
 "STRAY187"            67.57390    0.00000   -0.00079
 "DRIFT_57"            67.58390    0.00000   -0.00079
 "STRAY188"            67.59390    0.00000   -0.00079
 "DRIFT_57"            67.60390    0.00000   -0.00079
 "STRAY189"            67.61390    0.00000   -0.00079
 "DRIFT_57"            67.62390    0.00000   -0.00079
 "STRAY190"            67.63390    0.00000   -0.00079
 "DRIFT_57"            67.64390    0.00000   -0.00079
 "STRAY191"            67.65390    0.00000   -0.00079
 "DRIFT_57"            67.66390    0.00000   -0.00079
 "STRAY192"            67.67390    0.00000   -0.00079
 "DRIFT_57"            67.68390    0.00000   -0.00079
 "STRAY193"            67.69390    0.00000   -0.00079
 "DRIFT_57"            67.70390    0.00000   -0.00079
 "STRAY194"            67.71390    0.00000   -0.00079
 "DRIFT_57"            67.72390    0.00000   -0.00079
 "STRAY195"            67.73390    0.00000   -0.00079
 "DRIFT_57"            67.74390    0.00000   -0.00079
 "STRAY196"            67.75390    0.00000   -0.00079
 "DRIFT_57"            67.76390    0.00000   -0.00079
 "STRAY197"            67.77390    0.00000   -0.00078
 "DRIFT_57"            67.78390    0.00000   -0.00078
 "STRAY198"            67.79390    0.00000   -0.00078
 "DRIFT_57"            67.80390    0.00000   -0.00078
 "STRAY199"            67.81390    0.00000   -0.00078
 "DRIFT_57"            67.82390    0.00000   -0.00078
 "STRAY200"            67.83390    0.00000   -0.00078
 "DRIFT_57"            67.84390    0.00000   -0.00078
 "STRAY201"            67.85390    0.00000   -0.00078
 "DRIFT_57"            67.86390    0.00000   -0.00078
 "STRAY202"            67.87390    0.00000   -0.00078
 "DRIFT_57"            67.88390    0.00000   -0.00078
 "STRAY203"            67.89390    0.00000   -0.00078
 "DRIFT_57"            67.90390    0.00000   -0.00078
 "STRAY204"            67.91390    0.00000   -0.00078
 "DRIFT_57"            67.92390    0.00000   -0.00078
 "STRAY205"            67.93390    0.00000   -0.00078
 "DRIFT_57"            67.94390    0.00000   -0.00078
 "STRAY206"            67.95390    0.00000   -0.00078
 "DRIFT_57"            67.96390    0.00000   -0.00077
 "STRAY207"            67.97390    0.00000   -0.00077
 "DRIFT_57"            67.98390    0.00000   -0.00077
 "STRAY208"            67.99390    0.00000   -0.00077
 "DRIFT_57"            68.00390    0.00000   -0.00077
 "STRAY209"            68.01390    0.00000   -0.00077
 "DRIFT_57"            68.02390    0.00000   -0.00077
 "STRAY210"            68.03390    0.00000   -0.00077
 "DRIFT_57"            68.04390    0.00000   -0.00077
 "STRAY211"            68.05390    0.00000   -0.00077
 "DRIFT_57"            68.06390    0.00000   -0.00077
 "STRAY212"            68.07390    0.00000   -0.00077
 "DRIFT_57"            68.08390    0.00000   -0.00077
 "STRAY213"            68.09390    0.00000   -0.00077
 "DRIFT_57"            68.10390    0.00000   -0.00077
 "STRAY214"            68.11390    0.00000   -0.00077
 "DRIFT_57"            68.12390    0.00000   -0.00077
 "STRAY215"            68.13390    0.00000   -0.00077
 "DRIFT_57"            68.14390    0.00000   -0.00076
 "STRAY216"            68.15390    0.00000   -0.00076
 "DRIFT_57"            68.16390    0.00000   -0.00076
 "STRAY217"            68.17390    0.00000   -0.00076
 "DRIFT_57"            68.18390    0.00000   -0.00076
 "STRAY218"            68.19390    0.00000   -0.00076
 "DRIFT_57"            68.20390    0.00000   -0.00076
 "STRAY219"            68.21390    0.00000   -0.00076
 "DRIFT_57"            68.22390    0.00000   -0.00076
 "STRAY220"            68.23390    0.00000   -0.00076
 "DRIFT_57"            68.24390    0.00000   -0.00076
 "STRAY221"            68.25390    0.00000   -0.00076
 "DRIFT_57"            68.26390    0.00000   -0.00076
 "STRAY222"            68.27390    0.00000   -0.00076
 "DRIFT_57"            68.28390    0.00000   -0.00076
 "STRAY223"            68.29390    0.00000   -0.00076
 "DRIFT_57"            68.30390    0.00000   -0.00075
 "STRAY224"            68.31390    0.00000   -0.00075
 "DRIFT_57"            68.32390    0.00000   -0.00075
 "STRAY225"            68.33390    0.00000   -0.00075
 "DRIFT_57"            68.34390    0.00000   -0.00075
 "STRAY226"            68.35390    0.00000   -0.00075
 "DRIFT_57"            68.36390    0.00000   -0.00075
 "STRAY227"            68.37390    0.00000   -0.00075
 "DRIFT_57"            68.38390    0.00000   -0.00075
 "STRAY228"            68.39390    0.00000   -0.00075
 "DRIFT_57"            68.40390    0.00000   -0.00075
 "STRAY229"            68.41390    0.00000   -0.00075
 "DRIFT_57"            68.42390    0.00000   -0.00075
 "STRAY230"            68.43390    0.00000   -0.00075
 "DRIFT_57"            68.44390    0.00000   -0.00075
 "STRAY231"            68.45390    0.00000   -0.00075
 "DRIFT_57"            68.46390    0.00000   -0.00074
 "STRAY232"            68.47390    0.00000   -0.00074
 "DRIFT_57"            68.48390    0.00000   -0.00074
 "STRAY233"            68.49390    0.00000   -0.00074
 "DRIFT_57"            68.50390    0.00000   -0.00074
 "STRAY234"            68.51390    0.00000   -0.00074
 "DRIFT_57"            68.52390    0.00000   -0.00074
 "STRAY235"            68.53390    0.00000   -0.00074
 "DRIFT_57"            68.54390    0.00000   -0.00074
 "STRAY236"            68.55390    0.00000   -0.00074
 "DRIFT_57"            68.56390    0.00000   -0.00074
 "STRAY237"            68.57390    0.00000   -0.00074
 "DRIFT_57"            68.58390    0.00000   -0.00074
 "STRAY238"            68.59390    0.00000   -0.00074
 "DRIFT_57"            68.60390    0.00000   -0.00074
 "STRAY239"            68.61390    0.00000   -0.00073
 "DRIFT_57"            68.62390    0.00000   -0.00073
 "STRAY240"            68.63390    0.00000   -0.00073
 "DRIFT_57"            68.64390    0.00000   -0.00073
 "STRAY241"            68.65390    0.00000   -0.00073
 "DRIFT_57"            68.66390    0.00000   -0.00073
 "STRAY242"            68.67390    0.00000   -0.00073
 "DRIFT_57"            68.68390    0.00000   -0.00073
 "STRAY243"            68.69390    0.00000   -0.00073
 "DRIFT_57"            68.70390    0.00000   -0.00073
 "STRAY244"            68.71390    0.00000   -0.00073
 "STRAY$END"           68.71390    0.00000   -0.00073
 "DRIFT_58"            68.85820    0.00000   -0.00072
 "PI.SMH42"            69.31251    0.00000   -0.00069
 "DRIFT_59"            69.67004    0.00000   -0.00066
 "POINTS"              69.71756    0.00000   -0.00066
 "BTP$END"             69.71756    0.00000   -0.00066
 "BT1BTP$END"          69.71756    0.00000   -0.00066
