@ NAME             %05s "TWISS"
@ TYPE             %05s "TWISS"
@ SEQUENCE         %07s "LTLTBBI"
@ PARTICLE         %06s "PROTON"
@ MASS             %le     0.93827
@ CHARGE           %le     1.00000
@ ENERGY           %le     0.98827
@ PC               %le     0.31037
@ GAMMA            %le     1.05329
@ KBUNCH           %le     1.00000
@ BCURRENT         %le     0.00000
@ SIGE             %le     0.00100
@ SIGT             %le     0.00000
@ NPART            %le     0.00000
@ EX               %le     0.00015
@ EY               %le     0.00007
@ ET               %le     1.00000
@ LENGTH           %le   131.26337
@ ALFA             %le     0.00000
@ ORBIT5           %le    -0.00000
@ GAMMATR          %le     0.00000
@ Q1               %le     3.06706
@ Q2               %le     2.85816
@ DQ1              %le     0.00000
@ DQ2              %le     0.00000
@ DXMAX            %le    10.65135
@ DYMAX            %le     1.55973
@ XCOMAX           %le     0.00004
@ YCOMAX           %le     0.03268
@ BETXMAX          %le   130.88450
@ BETYMAX          %le   101.86451
@ XCORMS           %le     0.00001
@ YCORMS           %le     0.01173
@ DXRMS            %le     2.26697
@ DYRMS            %le     0.47791
@ DELTAP           %le     0.00000
@ SYNCH_1          %le     0.00000
@ SYNCH_2          %le     0.00000
@ SYNCH_3          %le     0.00000
@ SYNCH_4          %le     0.00000
@ SYNCH_5          %le     0.00000
@ TITLE            %65s "LT-LTB-BI 2014 optics. Protons - 310.3662354 MeV/c (E_kin=50 MeV)"
@ ORIGIN           %16s "5.02.06 Linux 64"
@ DATE             %08s "08/07/15"
@ TIME             %08s "13.58.18"
* NAME                        S          X          Y 
$ %s                        %le        %le        %le 
 "LTLTBBI$START"        0.00000    0.00000    0.00000
 "LT$START"             0.00000    0.00000    0.00000
 "BEGLT"                0.00000    0.00000    0.00000
 "DRIFT_0"              0.02400    0.00000    0.00000
 "LT.VVS10"             0.04800    0.00000    0.00000
 "DRIFT_1"              0.22300    0.00000    0.00000
 "LT.DHZ10"             0.39800    0.00000    0.00000
 "LT.DVT10"             0.39800    0.00000    0.00000
 "DRIFT_2"              0.89900    0.00000    0.00000
 "LT.BPM10"             1.40000    0.00000    0.00000
 "DRIFT_3"              1.62475    0.00000    0.00000
 "LT.QFN10"             1.97700    0.00000    0.00000
 "DRIFT_4"              2.12575    0.00000    0.00000
 "LT.BEC1"              2.14700    0.00000    0.00000
 "DRIFT_5"              2.27850    0.00000    0.00000
 "LT.BCT10"             2.41000    0.00000    0.00000
 "DRIFT_6"              2.52975    0.00000    0.00000
 "LT.QDN12"             2.77700    0.00000    0.00000
 "DRIFT_7"              2.99675    0.00000    0.00000
 "LT.BHZ10"             3.34200    0.00000    0.00000
 "DRIFT_8"              4.54000    0.00000    0.00000
 "LT.VPI11"             5.48500    0.00000    0.00000
 "DRIFT_9"              6.40975    0.00000    0.00000
 "LT.QFN20"             7.46200    0.00000    0.00000
 "DRIFT_10"             7.71825    0.00000    0.00000
 "LT.BEC2"              7.84700    0.00000    0.00000
 "DRIFT_11"             8.09075    0.00000    0.00000
 "LT.QDN22"             8.46200    0.00000    0.00000
 "DRIFT_12"            10.15585    0.00000    0.00000
 "LT.DHZ20"            11.72220    0.00000    0.00000
 "LT.DVT20"            11.72220    0.00000    0.00000
 "DRIFT_13"            12.45835    0.00000    0.00000
 "LT.QFN30"            13.32200    0.00000    0.00000
 "DRIFT_14"            13.82700    0.00000    0.00000
 "LT.QDN32"            14.33200    0.00000    0.00000
 "DRIFT_15"            14.79575    0.00000    0.00000
 "LT.VPI2"             15.13200    0.00000    0.00000
 "DRIFT_16"            16.15475    0.00000    0.00000
 "LT.BPM20"            17.17750    0.00000    0.00000
 "DRIFT_17"            17.72975    0.00000    0.00000
 "LT.VGP11"            18.28200    0.00000    0.00000
 "DRIFT_18"            18.56325    0.00000    0.00000
 "LT.QFN40"            18.97200    0.00000    0.00000
 "DRIFT_19"            19.47200    0.00000    0.00000
 "LT.QDN42"            19.97200    0.00000    0.00000
 "DRIFT_20"            20.24575    0.00000    0.00000
 "LT.DHZ30"            20.39200    0.00000    0.00000
 "LT.DVT30"            20.39200    0.00000    0.00000
 "DRIFT_21"            20.69350    0.00000    0.00015
 "LT.BPM30"            20.99500    0.00000    0.00030
 "DRIFT_22"            21.37100    0.00000    0.00049
 "LT.CDB10"            21.74700    0.00000    0.00068
 "DRIFT_23"            22.21975    0.00000    0.00091
 "LT.BCT20"            22.69250    0.00000    0.00115
 "DRIFT_24"            23.08843    0.00000    0.00135
 "LT.BHZ20"            24.00857    0.00000    0.00178
 "DRIFT_25"            24.89995   -0.00000    0.00216
 "LT.VGP12"            25.26713   -0.00000    0.00230
 "DRIFT_26"            25.69113   -0.00000    0.00246
 "LT.STP10"            26.11513   -0.00000    0.00262
 "DRIFT_27"            27.74013   -0.00000    0.00324
 "LT.BEC3"             29.36513   -0.00000    0.00385
 "DRIFT_28"            29.93638   -0.00000    0.00407
 "LT.QFN50"            30.63513   -0.00000    0.00439
 "DRIFT_29"            31.17388   -0.00000    0.00540
 "LT.VPI14"            31.58513   -0.00000    0.00621
 "DRIFT_30"            31.79513   -0.00000    0.00663
 "LT.BEC4"             32.00513   -0.00000    0.00704
 "DRIFT_31"            32.18563   -0.00000    0.00740
 "LT.BCT30"            32.36613   -0.00000    0.00775
 "DRIFT_32"            32.62563   -0.00000    0.00827
 "LT.DHZ40"            32.88513   -0.00000    0.00878
 "LT.DVT40"            32.88513   -0.00000    0.00878
 "DRIFT_33"            33.46513   -0.00000    0.00993
 "LT.BPM40"            34.04513   -0.00000    0.01107
 "DRIFT_34"            34.37638    0.00000    0.01173
 "LT.QDN55"            34.83513    0.00000    0.01255
 "DRIFT_35"            35.07988    0.00000    0.01248
 "LT.VVS20"            35.19713    0.00000    0.01241
 "DRIFT_36"            37.38738    0.00000    0.01105
 "LT.QFN60"            39.70513    0.00000    0.00967
 "DRIFT_37"            40.65913    0.00000    0.01065
 "LT.QDN65"            41.61313    0.00000    0.01162
 "DRIFT_38"            41.87553    0.00000    0.01144
 "LT.BHZ25"            42.21314    0.00000    0.01111
 "DRIFT_39"            42.96299    0.00000    0.01040
 "LT.VPI25"            43.51013    0.00000    0.00987
 "DRIFT_40"            44.80814    0.00000    0.00863
 "LT.VPI26"            46.10614    0.00000    0.00739
 "DRIFT_41"            46.31014    0.00000    0.00720
 "LT.QFW70"            46.74513    0.00000    0.00689
 "DRIFT_42"            48.49188    0.00000    0.00853
 "LT.QDN75"            50.13513    0.00000    0.01013
 "DRIFT_43"            50.68389    0.00000    0.00984
 "LT.DHZ50"            51.10514    0.00000    0.00958
 "LT.DVT50"            51.10514    0.00000    0.00958
 "DRIFT_44"            51.42214    0.00000    0.00939
 "LT.BCT40"            51.73914    0.00000    0.00919
 "DRIFT_45"            51.98314    0.00000    0.00904
 "LT.BPM50"            52.50514    0.00000    0.00872
 "DRIFT_46"            53.12800    0.00000    0.00833
 "ENDLT"               53.47286   -0.00000    0.00812
 "LT$END"              53.47286   -0.00000    0.00812
 "DRIFT_47"            53.47286   -0.00000    0.00812
 "LTB$START"           53.47287   -0.00000    0.00812
 "BEGLTB"              53.47287   -0.00000    0.00812
 "LT.BHZ30"            53.99860   -0.00001    0.00753
 "DRIFT_48"            54.86818   -0.00000    0.00639
 "LTB.DHZ10"           55.21204   -0.00000    0.00585
 "LTB.DVT10"           55.21204   -0.00000    0.00585
 "DRIFT_49"            55.47879   -0.00000    0.00543
 "LTB.STP10"           55.74554   -0.00000    0.00501
 "DRIFT_50"            55.93879   -0.00000    0.00471
 "LTB.VVS10"           56.13204   -0.00000    0.00441
 "DRIFT_51"            56.38079   -0.00000    0.00402
 "LTB.VPI11"           56.62954   -0.00000    0.00362
 "DRIFT_52"            57.39704   -0.00000    0.00242
 "LTB.QFN10"           58.29204   -0.00000    0.00103
 "DRIFT_19"            58.79204   -0.00000    0.00042
 "LTB.QDN20"           59.29204   -0.00000   -0.00018
 "DRIFT_53"            59.57479   -0.00000   -0.00051
 "LTB.MSF30"           59.73004   -0.00000   -0.00069
 "DRIFT_54"            60.08379   -0.00000   -0.00111
 "LTB.BPM10"           60.43754   -0.00000   -0.00152
 "DRIFT_55"            60.62129   -0.00000   -0.00174
 "LTB.BCT49"           60.80504   -0.00000   -0.00195
 "DRIFT_56"            60.97354   -0.00000   -0.00215
 "LTB.DHZ20"           61.14204   -0.00000   -0.00234
 "LTB.DVT20"           61.14204   -0.00000   -0.00234
 "DRIFT_57"            62.60654    0.00000   -0.00405
 "LTB.BCT50"           64.07104    0.00000   -0.00576
 "DRIFT_58"            64.32604    0.00000   -0.00606
 "LTB.BCT55"           64.58104    0.00000   -0.00636
 "DRIFT_59"            66.11154    0.00000   -0.00814
 "LTB.BPM20"           67.64204    0.00001   -0.00993
 "DRIFT_60"            67.89204    0.00001   -0.01022
 "LTB.DHZ30"           68.14204    0.00001   -0.01052
 "LTB.DVT30"           68.14204    0.00001   -0.01052
 "DRIFT_61"            68.47679    0.00001   -0.01091
 "LTB.QFW30"           69.04204    0.00001   -0.01171
 "DRIFT_62"            69.54204    0.00001   -0.01346
 "LTB.QDW40"           70.04204    0.00001   -0.01511
 "DRIFT_63"            72.59679    0.00001   -0.01415
 "LTB.BCT59"           74.92104    0.00001   -0.01304
 "DRIFT_64"            75.19254    0.00001   -0.01291
 "LTB.VPI12"           75.46404    0.00001   -0.01278
 "DRIFT_65"            75.68904    0.00001   -0.01267
 "LTB.VGR01"           75.91404    0.00001   -0.01257
 "DRIFT_66"            76.94704    0.00001   -0.01208
 "LTB.VPI13"           77.98004    0.00002   -0.01158
 "DRIFT_67"            78.24504    0.00002   -0.01146
 "LTB.MSF40"           78.51004    0.00002   -0.01133
 "DRIFT_68"            78.72604    0.00002   -0.01123
 "LTB.BCT60"           78.94204    0.00002   -0.01113
 "DRIFT_69"            79.15179    0.00002   -0.01103
 "LTB.QFW50"           79.59204    0.00002   -0.01103
 "DRIFT_70"            80.24204    0.00001   -0.01301
 "LTB.QDW60"           80.89204    0.00001   -0.01490
 "DRIFT_69"            81.33229    0.00001   -0.01427
 "LTB.DHZ40"           81.54204    0.00001   -0.01382
 "LTB.DVT40"           81.54204    0.00001   -0.01382
 "DRIFT_71"            81.79404    0.00001   -0.01327
 "LTB.BPM30"           82.04604    0.00001   -0.01273
 "DRIFT_72"            82.37704    0.00001   -0.01202
 "ENDLTB"              82.70804    0.00001   -0.01131
 "LTB$END"             82.70804    0.00001   -0.01131
 "BI1$START"           82.70804    0.00001   -0.01131
 "BEGBI"               82.70804    0.00001   -0.01131
 "LTB.BHZ40"           83.15804    0.00001   -0.01034
 "DRIFT_73"            83.94804    0.00001   -0.00863
 "BI.VPI11"            84.28804    0.00001   -0.00790
 "DRIFT_74"            86.78004    0.00001   -0.00253
 "BI.DHZ10"            89.27204    0.00001    0.00284
 "BI.DVT10"            89.27204    0.00001    0.00284
 "DRIFT_75"            89.51554    0.00001    0.00336
 "BI.BPM00"            89.75904    0.00001    0.00389
 "DRIFT_76"            90.21004    0.00001    0.00486
 "BI.BTV10"            90.66104    0.00001    0.00583
 "DRIFT_77"            90.94904    0.00001    0.00645
 "BI.STPFA10"          91.23704    0.00001    0.00707
 "DRIFT_78"            92.85004    0.00001    0.01055
 "BI.STPSW10"          94.46304    0.00001    0.01402
 "DRIFT_79"            94.83754    0.00001    0.01483
 "BI.BPM10"            95.21204    0.00001    0.01563
 "DRIFT_80"            95.45204    0.00001    0.01615
 "BI.DHZ20"            95.69204    0.00001    0.01667
 "BI.DVT20"            95.69204    0.00001    0.01667
 "DRIFT_81"            95.89654    0.00001    0.01711
 "BI.QNO10"            96.33204    0.00001    0.01858
 "DRIFT_82"            96.83204    0.00000    0.02394
 "BI.QNO20"            97.33204    0.00000    0.02893
 "DRIFT_83"           100.98834   -0.00000    0.01091
 "BI.BPM20"           104.41364   -0.00001   -0.00690
 "DRIFT_84"           104.63844   -0.00001   -0.00807
 "BI.BCT10"           104.86324   -0.00001   -0.00924
 "DRIFT_85"           105.05284   -0.00001   -0.01023
 "BI.VVS10"           105.24244   -0.00001   -0.01121
 "DRIFT_86"           105.28449   -0.00001   -0.01143
 "BI.DVT30"           105.47404   -0.00001   -0.01242
 "DRIFT_87"           105.74329   -0.00001   -0.01382
 "BI.BTV20"           105.86504   -0.00001   -0.01445
 "DRIFT_88"           106.12974   -0.00001   -0.01583
 "BI.QNO30"           106.62544   -0.00001   -0.01875
 "DRIFT_89"           107.07524   -0.00001   -0.02356
 "BI.BPM30"           107.29405   -0.00001   -0.02609
 "DRIFT_90"           107.49284   -0.00001   -0.02838
 "BI.QNO40"           107.92264   -0.00001   -0.03253
 "DRIFT_91"           108.28885   -0.00001   -0.03227
 "BI.DIS0"            108.62405   -0.00001   -0.03124
 "DRIFT_92"           108.82905   -0.00001   -0.03061
 "BI1.DIS1"           109.03405   -0.00001   -0.02998
 "DRIFT_93"           109.23905   -0.00001   -0.02936
 "BI1.DIS2"           109.44405   -0.00001   -0.02873
 "DRIFT_94"           109.64905   -0.00001   -0.02810
 "BI1.DIS3"           109.85406   -0.00001   -0.02747
 "DRIFT_95"           110.05907   -0.00001   -0.02685
 "BI1.DIS4"           110.26408   -0.00001   -0.02622
 "DRIFT_96"           110.55560   -0.00002   -0.02532
 "BI1.DVT40"          110.81062   -0.00002   -0.02454
 "DRIFT_97"           111.82489   -0.00002   -0.02144
 "BI.VPI12"           112.67565   -0.00002   -0.01884
 "DRIFT_98"           114.78469   -0.00002   -0.01238
 "BI.BTV30"           116.89373   -0.00003   -0.00592
 "DRIFT_99"           117.17495   -0.00003   -0.00506
 "BI1.SMV10"          117.93869   -0.00003   -0.00272
 "DRIFT_100"          118.50643   -0.00003   -0.00095
 "BI.SMVHDP"          118.59166   -0.00003   -0.00069
 "DRIFT_101"          119.98280   -0.00003    0.00366
 "BI1.BVT10"          121.73440   -0.00004    0.00915
 "DRIFT_102"          122.24901   -0.00004    0.01071
 "BI1.QNO50"          122.63617   -0.00004    0.01228
 "DRIFT_103"          123.01117   -0.00003    0.01550
 "BI1.QNO60"          123.38617   -0.00002    0.01851
 "DRIFT_104"          123.78167   -0.00002    0.01863
 "BI1.DHZ50"          123.94417   -0.00002    0.01841
 "BI1.DVT50"          123.94417   -0.00002    0.01841
 "DRIFT_105"          124.22767   -0.00002    0.01802
 "BI1.BPM40"          124.51117   -0.00002    0.01762
 "DRIFT_106"          125.10217   -0.00002    0.01681
 "BI1.BTV40"          125.69317   -0.00001    0.01599
 "DRIFT_107"          125.96642   -0.00001    0.01561
 "BI1.VPI14"          126.23967   -0.00001    0.01524
 "DRIFT_108"          126.43892   -0.00001    0.01496
 "BI1.BCT20"          126.63817   -0.00001    0.01469
 "DRIFT_109"          126.86117   -0.00001    0.01438
 "BI1.BPM50"          127.08417   -0.00001    0.01407
 "DRIFT_110"          127.34517   -0.00001    0.01371
 "BI1.VVS20"          127.60617   -0.00001    0.01335
 "DRIFT_111"          128.80617   -0.00000    0.01169
 "BI1.DHZ70"          130.00617    0.00000    0.01004
 "BI1.DVT70"          130.00617    0.00000    0.01004
 "DRIFT_112"          130.63477    0.00000    0.00917
 "BI1.INJPT"          131.26337    0.00001    0.00830
 "BI1$END"            131.26337    0.00001    0.00830
 "LTLTBBI$END"        131.26337    0.00001    0.00830
