@ NAME             %05s "TWISS"
@ TYPE             %05s "TWISS"
@ SEQUENCE         %07s "LTLTBBI"
@ PARTICLE         %06s "PROTON"
@ MASS             %le     0.93827
@ CHARGE           %le     1.00000
@ ENERGY           %le     0.98827
@ PC               %le     0.31037
@ GAMMA            %le     1.05329
@ KBUNCH           %le     1.00000
@ BCURRENT         %le     0.00000
@ SIGE             %le     0.00100
@ SIGT             %le     0.00000
@ NPART            %le     0.00000
@ EX               %le     0.00015
@ EY               %le     0.00007
@ ET               %le     1.00000
@ LENGTH           %le   131.23083
@ ALFA             %le     0.00000
@ ORBIT5           %le    -0.00000
@ GAMMATR          %le     0.00000
@ Q1               %le     3.03200
@ Q2               %le     2.87479
@ DQ1              %le     0.00000
@ DQ2              %le     0.00000
@ DXMAX            %le    10.65134
@ DYMAX            %le     0.72794
@ XCOMAX           %le     0.00000
@ YCOMAX           %le     0.03016
@ BETXMAX          %le   130.88450
@ BETYMAX          %le   101.87962
@ XCORMS           %le     0.00000
@ YCORMS           %le     0.00995
@ DXRMS            %le     2.27659
@ DYRMS            %le     0.20528
@ DELTAP           %le     0.00000
@ SYNCH_1          %le     0.00000
@ SYNCH_2          %le     0.00000
@ SYNCH_3          %le     0.00000
@ SYNCH_4          %le     0.00000
@ SYNCH_5          %le     0.00000
@ TITLE            %65s "LT-LTB-BI 2014 optics. Protons - 310.3662354 MeV/c (E_kin=50 MeV)"
@ ORIGIN           %16s "5.02.06 Linux 64"
@ DATE             %08s "08/07/15"
@ TIME             %08s "13.58.21"
* NAME                        S          X          Y 
$ %s                        %le        %le        %le 
 "LTLTBBI$START"        0.00000    0.00000    0.00000
 "LT$START"             0.00000    0.00000    0.00000
 "BEGLT"                0.00000    0.00000    0.00000
 "DRIFT_0"              0.02400    0.00000    0.00000
 "LT.VVS10"             0.04800    0.00000    0.00000
 "DRIFT_1"              0.22300    0.00000    0.00000
 "LT.DHZ10"             0.39800    0.00000    0.00000
 "LT.DVT10"             0.39800    0.00000    0.00000
 "DRIFT_2"              0.89900    0.00000    0.00000
 "LT.BPM10"             1.40000    0.00000    0.00000
 "DRIFT_3"              1.62475    0.00000    0.00000
 "LT.QFN10"             1.97700    0.00000    0.00000
 "DRIFT_4"              2.12575    0.00000    0.00000
 "LT.BEC1"              2.14700    0.00000    0.00000
 "DRIFT_5"              2.27850    0.00000    0.00000
 "LT.BCT10"             2.41000    0.00000    0.00000
 "DRIFT_6"              2.52975    0.00000    0.00000
 "LT.QDN12"             2.77700    0.00000    0.00000
 "DRIFT_7"              2.99675    0.00000    0.00000
 "LT.BHZ10"             3.34200    0.00000    0.00000
 "DRIFT_8"              4.54000    0.00000    0.00000
 "LT.VPI11"             5.48500    0.00000    0.00000
 "DRIFT_9"              6.40975    0.00000    0.00000
 "LT.QFN20"             7.46200    0.00000    0.00000
 "DRIFT_10"             7.71825    0.00000    0.00000
 "LT.BEC2"              7.84700    0.00000    0.00000
 "DRIFT_11"             8.09075    0.00000    0.00000
 "LT.QDN22"             8.46200    0.00000    0.00000
 "DRIFT_12"            10.15585    0.00000    0.00000
 "LT.DHZ20"            11.72220    0.00000    0.00000
 "LT.DVT20"            11.72220    0.00000    0.00000
 "DRIFT_13"            12.45835    0.00000    0.00000
 "LT.QFN30"            13.32200    0.00000    0.00000
 "DRIFT_14"            13.82700    0.00000    0.00000
 "LT.QDN32"            14.33200    0.00000    0.00000
 "DRIFT_15"            14.79575    0.00000    0.00000
 "LT.VPI2"             15.13200    0.00000    0.00000
 "DRIFT_16"            16.15475    0.00000    0.00000
 "LT.BPM20"            17.17750    0.00000    0.00000
 "DRIFT_17"            17.72975    0.00000    0.00000
 "LT.VGP11"            18.28200    0.00000    0.00000
 "DRIFT_18"            18.56325    0.00000    0.00000
 "LT.QFN40"            18.97200    0.00000    0.00000
 "DRIFT_19"            19.47200    0.00000    0.00000
 "LT.QDN42"            19.97200    0.00000    0.00000
 "DRIFT_20"            20.24575    0.00000    0.00000
 "LT.DHZ30"            20.39200    0.00000    0.00000
 "LT.DVT30"            20.39200    0.00000    0.00000
 "DRIFT_21"            20.69350    0.00000    0.00000
 "LT.BPM30"            20.99500    0.00000    0.00000
 "DRIFT_22"            21.37100    0.00000    0.00000
 "LT.CDB10"            21.74700    0.00000    0.00000
 "DRIFT_23"            22.21975    0.00000    0.00000
 "LT.BCT20"            22.69250    0.00000    0.00000
 "DRIFT_24"            23.08843    0.00000    0.00000
 "LT.BHZ20"            24.00857    0.00000    0.00000
 "DRIFT_25"            24.89995    0.00000    0.00000
 "LT.VGP12"            25.26713    0.00000    0.00000
 "DRIFT_26"            25.69113    0.00000    0.00000
 "LT.STP10"            26.11513    0.00000    0.00000
 "DRIFT_27"            27.74013    0.00000    0.00000
 "LT.BEC3"             29.36513    0.00000    0.00000
 "DRIFT_28"            29.93638    0.00000    0.00000
 "LT.QFN50"            30.63513    0.00000    0.00000
 "DRIFT_29"            31.17388    0.00000    0.00000
 "LT.VPI14"            31.58513    0.00000    0.00000
 "DRIFT_30"            31.79513    0.00000    0.00000
 "LT.BEC4"             32.00513    0.00000    0.00000
 "DRIFT_31"            32.18563    0.00000    0.00000
 "LT.BCT30"            32.36613    0.00000    0.00000
 "DRIFT_32"            32.62563    0.00000    0.00000
 "LT.DHZ40"            32.88513    0.00000    0.00000
 "LT.DVT40"            32.88513    0.00000    0.00000
 "DRIFT_33"            33.46513    0.00000    0.00000
 "LT.BPM40"            34.04513    0.00000    0.00000
 "DRIFT_34"            34.37638    0.00000    0.00000
 "LT.QDN55"            34.83513    0.00000    0.00000
 "DRIFT_35"            35.07988    0.00000    0.00000
 "LT.VVS20"            35.19713    0.00000    0.00000
 "DRIFT_36"            37.38738    0.00000    0.00000
 "LT.QFN60"            39.70513    0.00000    0.00000
 "DRIFT_37"            40.65913    0.00000    0.00000
 "LT.QDN65"            41.61313    0.00000    0.00000
 "DRIFT_38"            41.87553    0.00000    0.00000
 "LT.BHZ25"            42.21314    0.00000    0.00000
 "DRIFT_39"            42.96299    0.00000    0.00000
 "LT.VPI25"            43.51013    0.00000    0.00000
 "DRIFT_40"            44.80814    0.00000    0.00000
 "LT.VPI26"            46.10614    0.00000    0.00000
 "DRIFT_41"            46.31014    0.00000    0.00000
 "LT.QFW70"            46.74513    0.00000    0.00000
 "DRIFT_42"            48.49188    0.00000    0.00000
 "LT.QDN75"            50.13513    0.00000    0.00000
 "DRIFT_43"            50.68389    0.00000    0.00000
 "LT.DHZ50"            51.10514    0.00000    0.00000
 "LT.DVT50"            51.10514    0.00000    0.00000
 "DRIFT_44"            51.42214    0.00000    0.00016
 "LT.BCT40"            51.73914    0.00000    0.00032
 "DRIFT_45"            51.98314    0.00000    0.00044
 "LT.BPM50"            52.50514    0.00000    0.00070
 "DRIFT_46"            53.12800    0.00000    0.00101
 "ENDLT"               53.47286    0.00000    0.00118
 "LT$END"              53.47286    0.00000    0.00118
 "DRIFT_47"            53.47286    0.00000    0.00118
 "LTB$START"           53.47287    0.00000    0.00118
 "BEGLTB"              53.47287    0.00000    0.00118
 "LT.BHZ30"            53.99860   -0.00000    0.00141
 "DRIFT_48"            54.86818    0.00000    0.00174
 "LTB.DHZ10"           55.21204    0.00000    0.00185
 "LTB.DVT10"           55.21204    0.00000    0.00185
 "DRIFT_49"            55.47879    0.00000    0.00194
 "LTB.STP10"           55.74554    0.00000    0.00202
 "DRIFT_50"            55.93879    0.00000    0.00209
 "LTB.VVS10"           56.13204    0.00000    0.00215
 "DRIFT_51"            56.38079    0.00000    0.00223
 "LTB.VPI11"           56.62954    0.00000    0.00231
 "DRIFT_52"            57.39704    0.00000    0.00255
 "LTB.QFN10"           58.29204    0.00000    0.00287
 "DRIFT_19"            58.79204    0.00000    0.00352
 "LTB.QDN20"           59.29204    0.00000    0.00419
 "DRIFT_53"            59.57479    0.00000    0.00440
 "LTB.MSF30"           59.73004    0.00000    0.00450
 "DRIFT_54"            60.08379    0.00000    0.00474
 "LTB.BPM10"           60.43754    0.00000    0.00498
 "DRIFT_55"            60.62129    0.00000    0.00511
 "LTB.BCT49"           60.80504    0.00000    0.00523
 "DRIFT_56"            60.97354    0.00000    0.00534
 "LTB.DHZ20"           61.14204    0.00000    0.00546
 "LTB.DVT20"           61.14204    0.00000    0.00546
 "DRIFT_57"            62.60654    0.00000    0.00645
 "LTB.BCT50"           64.07104    0.00000    0.00743
 "DRIFT_58"            64.32604   -0.00000    0.00761
 "LTB.BCT55"           64.58104   -0.00000    0.00778
 "DRIFT_59"            66.11154   -0.00000    0.00881
 "LTB.BPM20"           67.64204   -0.00000    0.00984
 "DRIFT_60"            67.89204   -0.00000    0.01001
 "LTB.DHZ30"           68.14204   -0.00000    0.01018
 "LTB.DVT30"           68.14204   -0.00000    0.01018
 "DRIFT_61"            68.47679   -0.00000    0.01041
 "LTB.QFW30"           69.04204   -0.00000    0.01093
 "DRIFT_62"            69.54204   -0.00000    0.01235
 "LTB.QDW40"           70.04204   -0.00000    0.01369
 "DRIFT_63"            72.59679   -0.00000    0.01202
 "LTB.BCT59"           74.92104   -0.00000    0.01029
 "DRIFT_64"            75.19254   -0.00000    0.01009
 "LTB.VPI12"           75.46404   -0.00000    0.00989
 "DRIFT_65"            75.68904   -0.00000    0.00972
 "LTB.VGR01"           75.91404   -0.00000    0.00955
 "DRIFT_66"            76.94704   -0.00000    0.00878
 "LTB.VPI13"           77.98004   -0.00000    0.00802
 "DRIFT_67"            78.24504   -0.00000    0.00782
 "LTB.MSF40"           78.51004   -0.00000    0.00762
 "DRIFT_68"            78.72604   -0.00000    0.00746
 "LTB.BCT60"           78.94204   -0.00000    0.00730
 "DRIFT_69"            79.15179   -0.00000    0.00715
 "LTB.QFW50"           79.59204   -0.00000    0.00696
 "DRIFT_70"            80.24204   -0.00000    0.00792
 "LTB.QDW60"           80.89204   -0.00000    0.00883
 "DRIFT_69"            81.33229   -0.00000    0.00832
 "LTB.DHZ40"           81.54204   -0.00000    0.00798
 "LTB.DVT40"           81.54204   -0.00000    0.00798
 "DRIFT_71"            81.79404   -0.00000    0.00758
 "LTB.BPM30"           82.04604   -0.00000    0.00718
 "DRIFT_72"            82.37704   -0.00000    0.00666
 "ENDLTB"              82.70804   -0.00000    0.00613
 "LTB$END"             82.70804   -0.00000    0.00613
 "BI4$START"           82.70804   -0.00000    0.00613
 "BEGBI"               82.70804   -0.00000    0.00613
 "LTB.BHZ40"           83.15804   -0.00000    0.00541
 "DRIFT_73"            83.94804   -0.00000    0.00415
 "BI.VPI11"            84.28804   -0.00000    0.00361
 "DRIFT_74"            86.78004   -0.00000   -0.00035
 "BI.DHZ10"            89.27204   -0.00000   -0.00432
 "BI.DVT10"            89.27204   -0.00000   -0.00432
 "DRIFT_75"            89.51554   -0.00000   -0.00471
 "BI.BPM00"            89.75904   -0.00000   -0.00509
 "DRIFT_76"            90.21004   -0.00000   -0.00581
 "BI.BTV10"            90.66104   -0.00000   -0.00653
 "DRIFT_77"            90.94904   -0.00000   -0.00699
 "BI.STPFA10"          91.23704   -0.00000   -0.00745
 "DRIFT_78"            92.85004   -0.00000   -0.01001
 "BI.STPSW10"          94.46304   -0.00000   -0.01258
 "DRIFT_79"            94.83754   -0.00000   -0.01318
 "BI.BPM10"            95.21204   -0.00000   -0.01377
 "DRIFT_80"            95.45204   -0.00000   -0.01416
 "BI.DHZ20"            95.69204   -0.00000   -0.01454
 "BI.DVT20"            95.69204   -0.00000   -0.01454
 "DRIFT_81"            95.89654   -0.00000   -0.01486
 "BI.QNO10"            96.33204   -0.00000   -0.01602
 "DRIFT_82"            96.83204   -0.00000   -0.02050
 "BI.QNO20"            97.33204   -0.00000   -0.02468
 "DRIFT_83"           100.98834    0.00000   -0.00872
 "BI.BPM20"           104.41364    0.00000    0.00702
 "DRIFT_84"           104.63844    0.00000    0.00806
 "BI.BCT10"           104.86324    0.00000    0.00909
 "DRIFT_85"           105.05284    0.00000    0.00996
 "BI.VVS10"           105.24244    0.00000    0.01083
 "DRIFT_86"           105.28449    0.00000    0.01103
 "BI.DVT30"           105.47404    0.00000    0.01190
 "DRIFT_87"           105.74329    0.00000    0.01314
 "BI.BTV20"           105.86504    0.00000    0.01370
 "DRIFT_88"           106.12974    0.00000    0.01491
 "BI.QNO30"           106.62544    0.00000    0.01751
 "DRIFT_89"           107.07524    0.00000    0.02189
 "BI.BPM30"           107.29405    0.00000    0.02419
 "DRIFT_90"           107.49284    0.00000    0.02629
 "BI.QNO40"           107.92264    0.00000    0.03005
 "DRIFT_91"           108.28885    0.00000    0.02976
 "BI.DIS0"            108.62405    0.00000    0.02876
 "DRIFT_92"           108.82905    0.00000    0.02815
 "BI4.DIS1"           109.03405    0.00000    0.02754
 "DRIFT_93"           109.23905    0.00000    0.02693
 "BI4.DIS2"           109.44405    0.00000    0.02632
 "DRIFT_93"           109.64905    0.00000    0.02571
 "BI4.DIS3"           109.85405    0.00000    0.02511
 "DRIFT_94"           110.05905    0.00000    0.02450
 "BI4.DIS4"           110.26405    0.00000    0.02389
 "DRIFT_95"           110.55555    0.00000    0.02302
 "BI4.DVT40"          110.81055    0.00000    0.02226
 "DRIFT_96"           111.82481    0.00000    0.01925
 "BI.VPI12"           112.67556    0.00000    0.01672
 "DRIFT_97"           114.78458    0.00000    0.01045
 "BI.BTV30"           116.89359    0.00000    0.00418
 "DRIFT_98"           117.73495    0.00000    0.00168
 "BI.SMVHDP"          118.57630    0.00000   -0.00082
 "DRIFT_99"           118.68920    0.00000   -0.00115
 "BI4.SMV10"          119.28361    0.00000   -0.00292
 "DRIFT_100"          120.55368    0.00000   -0.00663
 "BI4.BVT10"          121.70254    0.00000   -0.01000
 "DRIFT_101"          122.21672    0.00000   -0.01147
 "BI4.QNO50"          122.60363    0.00000   -0.01300
 "DRIFT_102"          122.97863    0.00000   -0.01638
 "BI4.QNO60"          123.35363    0.00000   -0.01955
 "DRIFT_103"          123.74913    0.00000   -0.01951
 "BI4.DHZ50"          123.91163    0.00000   -0.01920
 "BI4.DVT50"          123.91163    0.00000   -0.01920
 "DRIFT_104"          124.19513    0.00000   -0.01866
 "BI4.BPM40"          124.47863    0.00000   -0.01811
 "DRIFT_105"          125.06963    0.00000   -0.01697
 "BI4.BTV40"          125.66063    0.00000   -0.01584
 "DRIFT_106"          125.93388    0.00000   -0.01531
 "BI4.VPI14"          126.20713    0.00000   -0.01479
 "DRIFT_107"          126.40638    0.00000   -0.01440
 "BI4.BCT20"          126.60563    0.00000   -0.01402
 "DRIFT_108"          126.82863    0.00000   -0.01359
 "BI4.BPM50"          127.05163    0.00000   -0.01316
 "DRIFT_109"          127.31263    0.00000   -0.01266
 "BI4.VVS20"          127.57363    0.00000   -0.01216
 "DRIFT_110"          128.77363    0.00000   -0.00985
 "BI4.DHZ70"          129.97363    0.00000   -0.00754
 "BI4.DVT70"          129.97363    0.00000   -0.00754
 "DRIFT_111"          130.60223   -0.00000   -0.00633
 "BI4.INJPT"          131.23083   -0.00000   -0.00513
 "BI4$END"            131.23083   -0.00000   -0.00513
 "LTLTBBI$END"        131.23083   -0.00000   -0.00513
