@ NAME             %05s "TWISS"
@ TYPE             %05s "TWISS"
@ SEQUENCE         %07s "LTLTBBI"
@ PARTICLE         %06s "PROTON"
@ MASS             %le     0.93827
@ CHARGE           %le     1.00000
@ ENERGY           %le     0.98827
@ PC               %le     0.31037
@ GAMMA            %le     1.05329
@ KBUNCH           %le     1.00000
@ BCURRENT         %le     0.00000
@ SIGE             %le     0.00100
@ SIGT             %le     0.00000
@ NPART            %le     0.00000
@ EX               %le     0.00004
@ EY               %le     0.00002
@ ET               %le     1.00000
@ LENGTH           %le   131.20453
@ ALFA             %le     0.00000
@ ORBIT5           %le    -0.00000
@ GAMMATR          %le     0.00000
@ Q1               %le     2.95207
@ Q2               %le     2.47534
@ DQ1              %le     0.00000
@ DQ2              %le     0.00000
@ DXMAX            %le    10.44035
@ DYMAX            %le     0.62891
@ XCOMAX           %le     0.00000
@ YCOMAX           %le     0.00650
@ BETXMAX          %le   109.82433
@ BETYMAX          %le   647.71057
@ XCORMS           %le     0.00000
@ YCORMS           %le     0.00244
@ DXRMS            %le     2.23407
@ DYRMS            %le     0.19028
@ DELTAP           %le     0.00000
@ SYNCH_1          %le     0.00000
@ SYNCH_2          %le     0.00000
@ SYNCH_3          %le     0.00000
@ SYNCH_4          %le     0.00000
@ SYNCH_5          %le     0.00000
@ TITLE            %08s "no-title"
@ ORIGIN           %22s "MAD-X 5.02.00 Linux 32"
@ DATE             %08s "22/08/14"
@ TIME             %08s "17.00.34"
* NAME                        S          X          Y 
$ %s                        %le        %le        %le 
 "LTLTBBI$START"        0.00000    0.00000    0.00000
 "LT$START"             0.00000    0.00000    0.00000
 "BEGLT"                0.00000    0.00000    0.00000
 "DRIFT_0"              0.02400    0.00000    0.00000
 "LT.VVS10"             0.04800    0.00000    0.00000
 "DRIFT_1"              0.21700    0.00000    0.00000
 "LT.DHZ10"             0.38600    0.00000    0.00000
 "LT.DVT10"             0.38600    0.00000    0.00000
 "DRIFT_2"              0.89300    0.00000    0.00025
 "LT.UMA10"             1.40000    0.00000    0.00051
 "DRIFT_3"              1.62475    0.00000    0.00062
 "LT.QFN10"             1.97700    0.00000    0.00082
 "DRIFT_4"              2.12575    0.00000    0.00101
 "LT.BEC1"              2.14700    0.00000    0.00104
 "DRIFT_5"              2.27850    0.00000    0.00123
 "LT.MTR10"             2.41000    0.00000    0.00142
 "DRIFT_6"              2.52975    0.00000    0.00159
 "LT.QDN12"             2.77700    0.00000    0.00190
 "DRIFT_7"              2.99675    0.00000    0.00191
 "LT.BHZ10"             3.34200    0.00000    0.00184
 "DRIFT_8"              4.54000    0.00000    0.00160
 "LT.VPI11"             5.48500    0.00000    0.00142
 "DRIFT_9"              6.40975    0.00000    0.00123
 "LT.QFN20"             7.46200    0.00000    0.00104
 "DRIFT_10"             7.71825    0.00000    0.00110
 "LT.BEC2"              7.84700    0.00000    0.00114
 "DRIFT_11"             8.09075    0.00000    0.00122
 "LT.QDN22"             8.46200    0.00000    0.00132
 "DRIFT_12"            10.15575    0.00000    0.00112
 "LT.DHZ20"            11.72200    0.00000    0.00093
 "LT.DVT20"            11.72200    0.00000    0.00093
 "DRIFT_13"            12.46325    0.00000    0.00083
 "LT.QFN30"            13.33200    0.00000    0.00073
 "DRIFT_14"            13.83200    0.00000    0.00072
 "LT.QDN32"            14.33200    0.00000    0.00072
 "DRIFT_15"            14.79575    0.00000    0.00064
 "LT.VPI2"             15.13200    0.00000    0.00059
 "DRIFT_16"            16.15500    0.00000    0.00042
 "LT.UMA20"            17.17800    0.00000    0.00025
 "DRIFT_17"            17.73000    0.00000    0.00015
 "LT.VPG11"            18.28200    0.00000    0.00006
 "DRIFT_18"            18.56325    0.00000    0.00002
 "LT.QFN40"            18.97200    0.00000   -0.00005
 "DRIFT_14"            19.47200    0.00000   -0.00015
 "LT.QDN42"            19.97200    0.00000   -0.00024
 "DRIFT_19"            20.24575    0.00000   -0.00027
 "LT.DHZ30"            20.39200    0.00000   -0.00028
 "LT.DVT30"            20.39200    0.00000   -0.00028
 "DRIFT_20"            20.69350    0.00000   -0.00031
 "LT.UMA30"            20.99500    0.00000   -0.00034
 "DRIFT_21"            21.37100    0.00000   -0.00038
 "LT.CDB10"            21.74700    0.00000   -0.00042
 "LT.VPI13"            21.74700    0.00000   -0.00042
 "DRIFT_22"            22.17388    0.00000   -0.00046
 "EBCT20"              22.60076    0.00000   -0.00051
 "DRIFT_23"            22.64688    0.00000   -0.00051
 "LT.BCT20"            22.69300    0.00000   -0.00051
 "DRIFT_24"            23.12527    0.00000   -0.00056
 "LT.BHZ20"            24.00900    0.00000   -0.00065
 "DRIFT_25"            24.46063   -0.00000   -0.00069
 "SBHZ20"              24.46080   -0.00000   -0.00069
 "DRIFT_26"            24.86790   -0.00000   -0.00073
 "LT.VG12"             25.27500   -0.00000   -0.00077
 "DRIFT_27"            25.69550   -0.00000   -0.00082
 "LT.STP"              26.11600   -0.00000   -0.00086
 "DRIFT_28"            27.76750   -0.00000   -0.00102
 "LT.BEC3"             29.41900   -0.00000   -0.00119
 "DRIFT_29"            29.96375   -0.00000   -0.00124
 "LT.QFN50"            30.63600   -0.00000   -0.00133
 "DRIFT_30"            31.17475   -0.00000   -0.00162
 "LT.VPI14"            31.58600   -0.00000   -0.00186
 "DRIFT_31"            31.82250   -0.00000   -0.00200
 "LT.BEC4"             32.05900   -0.00000   -0.00214
 "DRIFT_32"            32.20100   -0.00000   -0.00222
 "LT.BCT30"            32.34300   -0.00000   -0.00230
 "DRIFT_33"            32.60700   -0.00000   -0.00246
 "LT.DHZ40"            32.87100   -0.00000   -0.00261
 "LT.DVT40"            32.87100   -0.00000   -0.00261
 "DRIFT_34"            33.44850   -0.00000   -0.00295
 "LT.UMA40"            34.02600   -0.00000   -0.00328
 "DRIFT_35"            34.35725   -0.00000   -0.00347
 "LT.QDN55"            34.81600    0.00000   -0.00372
 "DRIFT_10"            35.07225    0.00000   -0.00369
 "LT.VVS20"            35.20100    0.00000   -0.00367
 "DRIFT_36"            37.38875    0.00000   -0.00326
 "LT.QFN60"            39.70400    0.00000   -0.00284
 "DRIFT_37"            40.66150    0.00000   -0.00313
 "LT.QDN65"            41.61900    0.00000   -0.00341
 "DRIFT_38"            41.84289    0.00000   -0.00337
 "LT.BHZ25"            42.14200    0.00000   -0.00328
 "DRIFT_39"            42.92836    0.00000   -0.00306
 "LT.VPI25"            43.51200    0.00000   -0.00289
 "DRIFT_40"            44.81000    0.00000   -0.00252
 "LT.VPI26"            46.10800    0.00000   -0.00215
 "DRIFT_41"            46.31450    0.00000   -0.00209
 "LT.QFW70"            46.75200    0.00000   -0.00200
 "DRIFT_42"            48.50225    0.00000   -0.00247
 "LT.QDN75"            50.14900    0.00000   -0.00292
 "DRIFT_43"            50.70425    0.00000   -0.00284
 "LT.DHZ50"            51.13200    0.00000   -0.00276
 "LT.DVT50"            51.13200    0.00000   -0.00276
 "DRIFT_44"            51.45550    0.00000   -0.00270
 "LT.BCT40"            51.77900    0.00000   -0.00264
 "DRIFT_45"            52.02050    0.00000   -0.00260
 "LT.UMA50"            52.54000    0.00000   -0.00250
 "DRIFT_46"            53.18298    0.00000   -0.00238
 "ENDLT"               53.54796    0.00000   -0.00232
 "LT$END"              53.54796    0.00000   -0.00232
 "LTB$START"           53.54796    0.00000   -0.00232
 "BEGLTB"              53.54796    0.00000   -0.00232
 "EBHZ30"              53.54796    0.00000   -0.00232
 "DRIFT_47"            53.54797    0.00000   -0.00232
 "LT.BHZ30"            54.00074   -0.00000   -0.00223
 "DRIFT_48"            54.45352   -0.00000   -0.00215
 "LT.ENDOFBHZ30"       54.45352   -0.00000   -0.00215
 "DRIFT_49"            54.84102   -0.00000   -0.00208
 "LTB.DHZ10"           55.22852    0.00000   -0.00201
 "LTB.DVT10"           55.22852    0.00000   -0.00201
 "DRIFT_50"            55.48352    0.00000   -0.00196
 "LTB.STP"             55.73852    0.00000   -0.00192
 "DRIFT_51"            55.86453    0.00000   -0.00189
 "LTB.VVS10"           55.99053    0.00000   -0.00187
 "DRIFT_52"            57.07453    0.00000   -0.00167
 "LTB.QFN10"           58.28602    0.00000   -0.00147
 "DRIFT_53"            58.78852    0.00000   -0.00163
 "LTB.QDN20"           59.29102    0.00000   -0.00180
 "DRIFT_54"            59.56977    0.00000   -0.00182
 "LTB.MSF30"           59.72102    0.00000   -0.00183
 "DRIFT_55"            60.07877    0.00000   -0.00185
 "LTB.UMA10"           60.43652    0.00000   -0.00187
 "DRIFT_56"            60.70802    0.00000   -0.00188
 "LTB.BCT49"           60.97952    0.00000   -0.00190
 "DRIFT_57"            61.11452    0.00000   -0.00190
 "LTB.DHZ20"           61.24952    0.00000   -0.00191
 "LTB.DVT20"           61.24952    0.00000   -0.00191
 "DRIFT_58"            62.66452    0.00000   -0.00199
 "LTB.BCT50"           64.07952    0.00000   -0.00207
 "DRIFT_59"            64.33327    0.00000   -0.00208
 "LTB.BCT55"           64.58702    0.00000   -0.00209
 "DRIFT_60"            66.11727    0.00000   -0.00218
 "LTB.UMA20"           67.64752    0.00000   -0.00226
 "DRIFT_61"            67.89902    0.00000   -0.00228
 "LTB.DHZ30"           68.15052    0.00000   -0.00229
 "LTB.DVT30"           68.15052    0.00000   -0.00229
 "DRIFT_62"            68.48777    0.00000   -0.00231
 "LTB.QFW30"           69.05552    0.00000   -0.00237
 "DRIFT_63"            69.55052    0.00000   -0.00263
 "LTB.QDW40"           70.04552    0.00000   -0.00287
 "DRIFT_64"            72.38327    0.00000   -0.00239
 "LTB.SLH10"           74.49052    0.00000   -0.00192
 "DRIFT_65"            74.60552    0.00000   -0.00189
 "LTB.SLV10"           74.72052    0.00000   -0.00186
 "DRIFT_66"            74.81302    0.00000   -0.00184
 "LTB.BCT59"           74.90552    0.00000   -0.00182
 "DRIFT_67"            76.70802    0.00000   -0.00142
 "LTB.MSF40"           78.51052    0.00000   -0.00101
 "DRIFT_68"            78.72552    0.00000   -0.00096
 "LTB.BCT60"           78.94052    0.00000   -0.00091
 "DRIFT_69"            79.15277    0.00000   -0.00086
 "LTB.QFW50"           79.59552    0.00000   -0.00078
 "DRIFT_70"            80.24552    0.00000   -0.00080
 "LTB.QDW60"           80.89552    0.00000   -0.00081
 "DRIFT_71"            81.32827    0.00000   -0.00072
 "LTB.DHZ40"           81.53052    0.00000   -0.00067
 "LTB.DVT40"           81.53052    0.00000   -0.00067
 "DRIFT_72"            81.78952    0.00000   -0.00060
 "LTB.UMA30"           82.04852    0.00000   -0.00053
 "DRIFT_73"            82.37915    0.00000   -0.00045
 "ENDLTB"              82.70978    0.00000   -0.00037
 "LTB$END"             82.70978    0.00000   -0.00037
 "BI$START"            82.70978    0.00000   -0.00037
 "BEGBI"               82.70978    0.00000   -0.00037
 "EBHZ40"              82.70978    0.00000   -0.00037
 "LTB.BHZ40"           83.15978    0.00000   -0.00025
 "DRIFT_74"            86.44856    0.00000    0.00058
 "BI.DHZ10"            89.28733    0.00000    0.00130
 "BI.DVT10"            89.28733    0.00000    0.00130
 "DRIFT_75"            89.51908    0.00000    0.00136
 "BI.UMA00"            89.75083    0.00000    0.00142
 "DRIFT_76"            90.23058    0.00000    0.00154
 "BI.MTV10"            90.71033    0.00000    0.00166
 "DRIFT_77"            90.97333    0.00000    0.00173
 "BI.STPFA"            91.23633    0.00000    0.00179
 "DRIFT_78"            92.84958    0.00000    0.00220
 "BI.STPSW"            94.46283   -0.00000    0.00261
 "DRIFT_79"            94.84058   -0.00000    0.00271
 "BI.UMA10"            95.21833   -0.00000    0.00280
 "DRIFT_80"            95.46433   -0.00000    0.00287
 "BI.DHZ20"            95.71033   -0.00000    0.00293
 "BI.DVT20"            95.71033   -0.00000    0.00293
 "DRIFT_81"            95.91658   -0.00000    0.00298
 "BI.QNO10"            96.35383   -0.00000    0.00318
 "DRIFT_82"            96.85383   -0.00000    0.00404
 "BI.QNO20"            97.35383   -0.00000    0.00484
 "DRIFT_83"           100.99693   -0.00000    0.00158
 "BI.UMA20"           104.40903   -0.00000   -0.00162
 "DRIFT_84"           104.63803   -0.00000   -0.00184
 "BI.BCT10"           104.86703   -0.00000   -0.00206
 "DRIFT_85"           105.05603   -0.00000   -0.00223
 "BI.VVS10"           105.24503   -0.00000   -0.00241
 "DRIFT_86"           105.36103   -0.00000   -0.00252
 "BI.DHZ30"           105.47703   -0.00000   -0.00263
 "BI.DVT30"           105.47703   -0.00000   -0.00263
 "DRIFT_87"           105.71403   -0.00000   -0.00285
 "BI.MTV20"           105.95103   -0.00000   -0.00307
 "DRIFT_11"           106.19478   -0.00000   -0.00330
 "BI.QNO30"           106.66953   -0.00000   -0.00382
 "DRIFT_88"           107.10228   -0.00000   -0.00471
 "BI.UMA30"           107.30403   -0.00000   -0.00516
 "DRIFT_89"           107.52128   -0.00000   -0.00565
 "BI.QNO40"           107.96953   -0.00000   -0.00648
 "DRIFT_90"           108.83553   -0.00000   -0.00607
 "BI.DIS"             109.47053   -0.00000   -0.00564
 "DRIFT_91"           109.93028   -0.00000   -0.00532
 "BI.DHZ40"           110.39003   -0.00000   -0.00501
 "BI.DVT40"           110.39003   -0.00000   -0.00501
 "DRIFT_92"           111.07378   -0.00000   -0.00455
 "BI.DIS2"            111.75753   -0.00000   -0.00409
 "DRIFT_93"           114.35978   -0.00000   -0.00232
 "BI.MTV30"           116.96203   -0.00000   -0.00056
 "DRIFT_94"           117.52768   -0.00000   -0.00017
 "BI.SMV"             118.59333   -0.00000    0.00055
 "DRIFT_95"           120.15243   -0.00000    0.00161
 "BI.BVT"             121.71153   -0.00000    0.00266
 "DRIFT_96"           122.29503   -0.00000    0.00306
 "BI.QNO50"           122.61153   -0.00000    0.00338
 "DRIFT_32"           122.98653   -0.00000    0.00424
 "BI.QNO60"           123.36153   -0.00000    0.00504
 "DRIFT_97"           123.74828   -0.00000    0.00505
 "BI.DHZ50"           123.90203   -0.00000    0.00498
 "BI.DVT50"           123.90203   -0.00000    0.00498
 "DRIFT_98"           124.18553   -0.00000    0.00484
 "BI.UMA40"           124.46903   -0.00000    0.00471
 "DRIFT_99"           124.66503   -0.00000    0.00462
 "BI3.SIEVE50"        124.86103   -0.00000    0.00453
 "DRIFT_100"          125.25503   -0.00000    0.00435
 "BI.MTV40"           125.64903   -0.00000    0.00416
 "DRIFT_101"          126.12188   -0.00000    0.00394
 "BI.BCT20"           126.59473   -0.00000    0.00372
 "DRIFT_102"          126.81733   -0.00000    0.00362
 "BI.UMA50"           127.03993   -0.00000    0.00351
 "DRIFT_103"          127.30193   -0.00000    0.00339
 "BI.VVS20"           127.56393   -0.00000    0.00327
 "DRIFT_104"          129.38423   -0.00000    0.00242
 "BI.INJPT"           131.20453    0.00000    0.00157
 "BI$END"             131.20453    0.00000    0.00157
 "LTLTBBI$END"        131.20453    0.00000    0.00157
