@ NAME             %05s "TWISS"
@ TYPE             %05s "TWISS"
@ SEQUENCE         %07s "LTLTBBI"
@ PARTICLE         %06s "PROTON"
@ MASS             %le     0.93827
@ CHARGE           %le     1.00000
@ ENERGY           %le     0.98827
@ PC               %le     0.31037
@ GAMMA            %le     1.05329
@ KBUNCH           %le     1.00000
@ BCURRENT         %le     0.00000
@ SIGE             %le     0.00100
@ SIGT             %le     0.00000
@ NPART            %le     0.00000
@ EX               %le     0.00004
@ EY               %le     0.00002
@ ET               %le     1.00000
@ LENGTH           %le   131.20453
@ ALFA             %le     0.00000
@ ORBIT5           %le    -0.00000
@ GAMMATR          %le     0.00000
@ Q1               %le     2.95207
@ Q2               %le     2.47534
@ DQ1              %le     0.00000
@ DQ2              %le     0.00000
@ DXMAX            %le    10.44036
@ DYMAX            %le     1.28464
@ XCOMAX           %le     0.00003
@ YCOMAX           %le     0.03235
@ BETXMAX          %le   109.82433
@ BETYMAX          %le   647.71113
@ XCORMS           %le     0.00001
@ YCORMS           %le     0.01143
@ DXRMS            %le     2.23423
@ DYRMS            %le     0.39815
@ DELTAP           %le     0.00000
@ SYNCH_1          %le     0.00000
@ SYNCH_2          %le     0.00000
@ SYNCH_3          %le     0.00000
@ SYNCH_4          %le     0.00000
@ SYNCH_5          %le     0.00000
@ TITLE            %08s "no-title"
@ ORIGIN           %22s "MAD-X 5.02.00 Linux 32"
@ DATE             %08s "22/08/14"
@ TIME             %08s "17.00.34"
* NAME                        S          X          Y 
$ %s                        %le        %le        %le 
 "LTLTBBI$START"        0.00000    0.00000    0.00000
 "LT$START"             0.00000    0.00000    0.00000
 "BEGLT"                0.00000    0.00000    0.00000
 "DRIFT_0"              0.02400    0.00000    0.00000
 "LT.VVS10"             0.04800    0.00000    0.00000
 "DRIFT_1"              0.21700    0.00000    0.00000
 "LT.DHZ10"             0.38600    0.00000    0.00000
 "LT.DVT10"             0.38600    0.00000    0.00000
 "DRIFT_2"              0.89300    0.00000    0.00000
 "LT.UMA10"             1.40000    0.00000    0.00000
 "DRIFT_3"              1.62475    0.00000    0.00000
 "LT.QFN10"             1.97700    0.00000    0.00000
 "DRIFT_4"              2.12575    0.00000    0.00000
 "LT.BEC1"              2.14700    0.00000    0.00000
 "DRIFT_5"              2.27850    0.00000    0.00000
 "LT.MTR10"             2.41000    0.00000    0.00000
 "DRIFT_6"              2.52975    0.00000    0.00000
 "LT.QDN12"             2.77700    0.00000    0.00000
 "DRIFT_7"              2.99675    0.00000    0.00000
 "LT.BHZ10"             3.34200    0.00000    0.00000
 "DRIFT_8"              4.54000    0.00000    0.00000
 "LT.VPI11"             5.48500    0.00000    0.00000
 "DRIFT_9"              6.40975    0.00000    0.00000
 "LT.QFN20"             7.46200    0.00000    0.00000
 "DRIFT_10"             7.71825    0.00000    0.00000
 "LT.BEC2"              7.84700    0.00000    0.00000
 "DRIFT_11"             8.09075    0.00000    0.00000
 "LT.QDN22"             8.46200    0.00000    0.00000
 "DRIFT_12"            10.15575    0.00000    0.00000
 "LT.DHZ20"            11.72200    0.00000    0.00000
 "LT.DVT20"            11.72200    0.00000    0.00000
 "DRIFT_13"            12.46325    0.00000    0.00000
 "LT.QFN30"            13.33200    0.00000    0.00000
 "DRIFT_14"            13.83200    0.00000    0.00000
 "LT.QDN32"            14.33200    0.00000    0.00000
 "DRIFT_15"            14.79575    0.00000    0.00000
 "LT.VPI2"             15.13200    0.00000    0.00000
 "DRIFT_16"            16.15500    0.00000    0.00000
 "LT.UMA20"            17.17800    0.00000    0.00000
 "DRIFT_17"            17.73000    0.00000    0.00000
 "LT.VPG11"            18.28200    0.00000    0.00000
 "DRIFT_18"            18.56325    0.00000    0.00000
 "LT.QFN40"            18.97200    0.00000    0.00000
 "DRIFT_14"            19.47200    0.00000    0.00000
 "LT.QDN42"            19.97200    0.00000    0.00000
 "DRIFT_19"            20.24575    0.00000    0.00000
 "LT.DHZ30"            20.39200    0.00000    0.00000
 "LT.DVT30"            20.39200    0.00000    0.00000
 "DRIFT_20"            20.69350    0.00000    0.00015
 "LT.UMA30"            20.99500    0.00000    0.00030
 "DRIFT_21"            21.37100    0.00000    0.00049
 "LT.CDB10"            21.74700    0.00000    0.00068
 "LT.VPI13"            21.74700    0.00000    0.00068
 "DRIFT_22"            22.17388    0.00000    0.00089
 "EBCT20"              22.60076    0.00000    0.00110
 "DRIFT_23"            22.64688    0.00000    0.00113
 "LT.BCT20"            22.69300    0.00000    0.00115
 "DRIFT_24"            23.12527    0.00000    0.00137
 "LT.BHZ20"            24.00900    0.00000    0.00181
 "DRIFT_25"            24.46063   -0.00000    0.00203
 "SBHZ20"              24.46080   -0.00000    0.00203
 "DRIFT_26"            24.86790   -0.00000    0.00224
 "LT.VG12"             25.27500   -0.00000    0.00244
 "DRIFT_27"            25.69550   -0.00000    0.00265
 "LT.STP"              26.11600   -0.00000    0.00286
 "DRIFT_28"            27.76750   -0.00000    0.00369
 "LT.BEC3"             29.41900   -0.00000    0.00451
 "DRIFT_29"            29.96375   -0.00000    0.00479
 "LT.QFN50"            30.63600   -0.00000    0.00518
 "DRIFT_30"            31.17475   -0.00000    0.00640
 "LT.VPI14"            31.58600   -0.00000    0.00738
 "DRIFT_31"            31.82250   -0.00000    0.00795
 "LT.BEC4"             32.05900   -0.00000    0.00851
 "DRIFT_32"            32.20100   -0.00000    0.00885
 "LT.BCT30"            32.34300   -0.00000    0.00919
 "DRIFT_33"            32.60700   -0.00000    0.00982
 "LT.DHZ40"            32.87100   -0.00000    0.01045
 "LT.DVT40"            32.87100   -0.00000    0.01045
 "DRIFT_34"            33.44850   -0.00000    0.01182
 "LT.UMA40"            34.02600   -0.00000    0.01320
 "DRIFT_35"            34.35725   -0.00000    0.01399
 "LT.QDN55"            34.81600    0.00000    0.01498
 "DRIFT_10"            35.07225    0.00000    0.01490
 "LT.VVS20"            35.20100    0.00000    0.01481
 "DRIFT_36"            37.38875    0.00000    0.01324
 "LT.QFN60"            39.70400    0.00000    0.01165
 "DRIFT_37"            40.66150    0.00000    0.01287
 "LT.QDN65"            41.61900    0.00000    0.01408
 "DRIFT_38"            41.84289    0.00000    0.01390
 "LT.BHZ25"            42.14200    0.00000    0.01356
 "DRIFT_39"            42.92836    0.00000    0.01267
 "LT.VPI25"            43.51200    0.00000    0.01201
 "DRIFT_40"            44.81000    0.00000    0.01054
 "LT.VPI26"            46.10800    0.00000    0.00907
 "DRIFT_41"            46.31450    0.00000    0.00884
 "LT.QFW70"            46.75200    0.00000    0.00848
 "DRIFT_42"            48.50225    0.00000    0.01057
 "LT.QDN75"            50.14900    0.00000    0.01261
 "DRIFT_43"            50.70425    0.00000    0.01227
 "LT.DHZ50"            51.13200    0.00000    0.01195
 "LT.DVT50"            51.13200    0.00000    0.01195
 "DRIFT_44"            51.45550    0.00000    0.01171
 "LT.BCT40"            51.77900    0.00000    0.01147
 "DRIFT_45"            52.02050    0.00000    0.01129
 "LT.UMA50"            52.54000    0.00000    0.01091
 "DRIFT_46"            53.18298    0.00000    0.01043
 "ENDLT"               53.54796   -0.00000    0.01016
 "LT$END"              53.54796   -0.00000    0.01016
 "LTB$START"           53.54796   -0.00000    0.01016
 "BEGLTB"              53.54796   -0.00000    0.01016
 "EBHZ30"              53.54796   -0.00000    0.01016
 "DRIFT_47"            53.54797   -0.00000    0.01016
 "LT.BHZ30"            54.00074   -0.00002    0.00983
 "DRIFT_48"            54.45352   -0.00000    0.00949
 "LT.ENDOFBHZ30"       54.45352   -0.00000    0.00949
 "DRIFT_49"            54.84102   -0.00000    0.00921
 "LTB.DHZ10"           55.22852    0.00000    0.00892
 "LTB.DVT10"           55.22852    0.00000    0.00892
 "DRIFT_50"            55.48352    0.00000    0.00873
 "LTB.STP"             55.73852    0.00000    0.00854
 "DRIFT_51"            55.86453    0.00000    0.00845
 "LTB.VVS10"           55.99053    0.00000    0.00836
 "DRIFT_52"            57.07453    0.00001    0.00756
 "LTB.QFN10"           58.28602    0.00001    0.00674
 "DRIFT_53"            58.78852    0.00001    0.00752
 "LTB.QDN20"           59.29102    0.00001    0.00834
 "DRIFT_54"            59.56977    0.00001    0.00847
 "LTB.MSF30"           59.72102    0.00001    0.00852
 "DRIFT_55"            60.07877    0.00001    0.00864
 "LTB.UMA10"           60.43652    0.00001    0.00876
 "DRIFT_56"            60.70802    0.00001    0.00885
 "LTB.BCT49"           60.97952    0.00001    0.00894
 "DRIFT_57"            61.11452    0.00001    0.00899
 "LTB.DHZ20"           61.24952    0.00001    0.00903
 "LTB.DVT20"           61.24952    0.00001    0.00903
 "DRIFT_58"            62.66452    0.00001    0.00950
 "LTB.BCT50"           64.07952    0.00002    0.00997
 "DRIFT_59"            64.33327    0.00002    0.01006
 "LTB.BCT55"           64.58702    0.00002    0.01014
 "DRIFT_60"            66.11727    0.00002    0.01065
 "LTB.UMA20"           67.64752    0.00002    0.01116
 "DRIFT_61"            67.89902    0.00002    0.01124
 "LTB.DHZ30"           68.15052    0.00002    0.01132
 "LTB.DVT30"           68.15052    0.00002    0.01132
 "DRIFT_62"            68.48777    0.00002    0.01144
 "LTB.QFW30"           69.05552    0.00002    0.01177
 "DRIFT_63"            69.55052    0.00002    0.01309
 "LTB.QDW40"           70.04552    0.00002    0.01433
 "DRIFT_64"            72.38327    0.00002    0.01205
 "LTB.SLH10"           74.49052    0.00002    0.00978
 "DRIFT_65"            74.60552    0.00002    0.00966
 "LTB.SLV10"           74.72052    0.00002    0.00953
 "DRIFT_66"            74.81302    0.00002    0.00943
 "LTB.BCT59"           74.90552    0.00002    0.00933
 "DRIFT_67"            76.70802    0.00003    0.00739
 "LTB.MSF40"           78.51052    0.00003    0.00545
 "DRIFT_68"            78.72552    0.00003    0.00522
 "LTB.BCT60"           78.94052    0.00003    0.00499
 "DRIFT_69"            79.15277    0.00003    0.00476
 "LTB.QFW50"           79.59552    0.00003    0.00437
 "DRIFT_70"            80.24552    0.00003    0.00458
 "LTB.QDW60"           80.89552    0.00002    0.00477
 "DRIFT_71"            81.32827    0.00002    0.00430
 "LTB.DHZ40"           81.53052    0.00002    0.00403
 "LTB.DVT40"           81.53052    0.00002    0.00403
 "DRIFT_72"            81.78952    0.00002    0.00369
 "LTB.UMA30"           82.04852    0.00002    0.00335
 "DRIFT_73"            82.37915    0.00002    0.00291
 "ENDLTB"              82.70978    0.00002    0.00247
 "LTB$END"             82.70978    0.00002    0.00247
 "BI$START"            82.70978    0.00002    0.00247
 "BEGBI"               82.70978    0.00002    0.00247
 "EBHZ40"              82.70978    0.00002    0.00247
 "LTB.BHZ40"           83.15978    0.00002    0.00188
 "DRIFT_74"            86.44856    0.00001   -0.00247
 "BI.DHZ10"            89.28733    0.00001   -0.00622
 "BI.DVT10"            89.28733    0.00001   -0.00622
 "DRIFT_75"            89.51908    0.00001   -0.00652
 "BI.UMA00"            89.75083    0.00001   -0.00683
 "DRIFT_76"            90.23058    0.00000   -0.00746
 "BI.MTV10"            90.71033    0.00000   -0.00810
 "DRIFT_77"            90.97333    0.00000   -0.00845
 "BI.STPFA"            91.23633    0.00000   -0.00879
 "DRIFT_78"            92.84958    0.00000   -0.01092
 "BI.STPSW"            94.46283   -0.00000   -0.01306
 "DRIFT_79"            94.84058   -0.00000   -0.01355
 "BI.UMA10"            95.21833   -0.00000   -0.01405
 "DRIFT_80"            95.46433   -0.00000   -0.01438
 "BI.DHZ20"            95.71033   -0.00000   -0.01470
 "BI.DVT20"            95.71033   -0.00000   -0.01470
 "DRIFT_81"            95.91658   -0.00001   -0.01498
 "BI.QNO10"            96.35383   -0.00001   -0.01602
 "DRIFT_82"            96.85383   -0.00001   -0.02037
 "BI.QNO20"            97.35383   -0.00000   -0.02442
 "DRIFT_83"           100.99693   -0.00001   -0.00809
 "BI.UMA20"           104.40903   -0.00002    0.00799
 "DRIFT_84"           104.63803   -0.00002    0.00907
 "BI.BCT10"           104.86703   -0.00002    0.01015
 "DRIFT_85"           105.05603   -0.00002    0.01104
 "BI.VVS10"           105.24503   -0.00002    0.01193
 "DRIFT_86"           105.36103   -0.00002    0.01248
 "BI.DHZ30"           105.47703   -0.00002    0.01302
 "BI.DVT30"           105.47703   -0.00002    0.01302
 "DRIFT_87"           105.71403   -0.00002    0.01414
 "BI.MTV20"           105.95103   -0.00002    0.01526
 "DRIFT_11"           106.19478   -0.00002    0.01641
 "BI.QNO30"           106.66953   -0.00002    0.01899
 "DRIFT_88"           107.10228   -0.00002    0.02342
 "BI.UMA30"           107.30403   -0.00002    0.02567
 "DRIFT_89"           107.52128   -0.00002    0.02810
 "BI.QNO40"           107.96953   -0.00001    0.03228
 "DRIFT_90"           108.83553   -0.00001    0.03022
 "BI.DIS"             109.47053   -0.00002    0.02809
 "DRIFT_91"           109.93028   -0.00002    0.02655
 "BI.DHZ40"           110.39003   -0.00002    0.02501
 "BI.DVT40"           110.39003   -0.00002    0.02501
 "DRIFT_92"           111.07378   -0.00002    0.02271
 "BI.DIS2"            111.75753   -0.00002    0.02042
 "DRIFT_93"           114.35978   -0.00002    0.01169
 "BI.MTV30"           116.96203   -0.00003    0.00296
 "DRIFT_94"           117.52768   -0.00003    0.00107
 "BI.SMV"             118.59333   -0.00003   -0.00251
 "DRIFT_95"           120.15243   -0.00003   -0.00774
 "BI.BVT"             121.71153   -0.00003   -0.01297
 "DRIFT_96"           122.29503   -0.00003   -0.01492
 "BI.QNO50"           122.61153   -0.00003   -0.01650
 "DRIFT_32"           122.98653   -0.00003   -0.02070
 "BI.QNO60"           123.36153   -0.00002   -0.02466
 "DRIFT_97"           123.74828   -0.00002   -0.02469
 "BI.DHZ50"           123.90203   -0.00002   -0.02435
 "BI.DVT50"           123.90203   -0.00002   -0.02435
 "DRIFT_98"           124.18553   -0.00002   -0.02371
 "BI.UMA40"           124.46903   -0.00002   -0.02307
 "DRIFT_99"           124.66503   -0.00002   -0.02263
 "BI3.SIEVE50"        124.86103   -0.00002   -0.02219
 "DRIFT_100"          125.25503   -0.00002   -0.02130
 "BI.MTV40"           125.64903   -0.00001   -0.02041
 "DRIFT_101"          126.12188   -0.00001   -0.01935
 "BI.BCT20"           126.59473   -0.00001   -0.01828
 "DRIFT_102"          126.81733   -0.00001   -0.01778
 "BI.UMA50"           127.03993   -0.00001   -0.01728
 "DRIFT_103"          127.30193   -0.00001   -0.01669
 "BI.VVS20"           127.56393   -0.00001   -0.01610
 "DRIFT_104"          129.38423   -0.00000   -0.01200
 "BI.INJPT"           131.20453    0.00000   -0.00790
 "BI$END"             131.20453    0.00000   -0.00790
 "LTLTBBI$END"        131.20453    0.00000   -0.00790
