@ NAME             %09s "PTC_TWISS"
@ TYPE             %05s "TWISS"
@ SEQUENCE         %07s "LTLTBBI"
@ PARTICLE         %06s "PROTON"
@ MASS             %le     0.93827
@ CHARGE           %le     1.00000
@ ENERGY           %le     0.98827
@ PC               %le     0.31037
@ GAMMA            %le     1.05329
@ KBUNCH           %le     1.00000
@ BCURRENT         %le     0.00000
@ SIGE             %le     0.00100
@ SIGT             %le     0.00000
@ NPART            %le     0.00000
@ EX               %le     0.00004
@ EY               %le     0.00002
@ ET               %le     1.00000
@ DELTAP           %le     0.00000
@ LENGTH           %le   131.26445
@ ALPHA_C          %le  -1000000.00000
@ ALPHA_C_P        %le  -1000000.00000
@ ALPHA_C_P2       %le  -1000000.00000
@ ALPHA_C_P3       %le  -1000000.00000
@ ETA_C            %le  -1000000.00000
@ GAMMA_TR         %le  -1000000.00000
@ Q1               %le     3.10974
@ Q2               %le     2.47931
@ DQ1              %le  -1000000.00000
@ DQ2              %le  -1000000.00000
@ QS               %le  -1000000.00000
@ BETA_X_MIN       %le     0.72590
@ BETA_X_MAX       %le   112.00711
@ BETA_Y_MIN       %le     0.27753
@ BETA_Y_MAX       %le   647.14552
@ BETA11MIN        %le     0.72590
@ BETA11MAX        %le   112.00711
@ BETA12MIN        %le     0.00000
@ BETA12MAX        %le     0.00000
@ BETA13MIN        %le     0.00000
@ BETA13MAX        %le     0.00000
@ BETA21MIN        %le     0.00000
@ BETA21MAX        %le     0.00000
@ BETA22MIN        %le     0.27753
@ BETA22MAX        %le   647.14552
@ BETA23MIN        %le     0.00000
@ BETA23MAX        %le     0.00000
@ BETA31MIN        %le     0.00000
@ BETA31MAX        %le     0.00000
@ BETA32MIN        %le     0.00000
@ BETA32MAX        %le     0.00000
@ BETA33MIN        %le     0.00000
@ BETA33MAX        %le     0.00000
@ DISP1MIN         %le   -10.39664
@ DISP1MAX         %le     5.70664
@ DISP2MIN         %le    -1.19765
@ DISP2MAX         %le     1.85088
@ DISP3MIN         %le    -1.59206
@ DISP3MAX         %le     3.16873
@ DISP4MIN         %le    -0.62280
@ DISP4MAX         %le     1.29195
@ ORBIT_X          %le     0.00000
@ ORBIT_PX         %le     0.00000
@ ORBIT_Y          %le     0.00000
@ ORBIT_PY         %le     0.00000
@ ORBIT_PT         %le     0.00000
@ ORBIT_-CT        %le     0.00000
@ XCORMS           %le     0.00000
@ PXCORMS          %le     0.00000
@ YCORMS           %le     0.00000
@ PYCORMS          %le     0.00000
@ TCORMS           %le     0.00000
@ PTCORMS          %le     0.00000
@ XCOMIN           %le    -0.00000
@ XCOMAX           %le     0.00000
@ PXCOMIN          %le    -0.00000
@ PXCOMAX          %le     0.00000
@ YCOMIN           %le    -0.00000
@ YCOMAX           %le     0.00000
@ PYCOMIN          %le    -0.00000
@ PYCOMAX          %le     0.00000
@ TCOMIN           %le     0.00000
@ TCOMAX           %le     0.00000
@ PTCOMIN          %le     0.00000
@ PTCOMAX          %le     0.00000
@ TITLE            %65s "LT-LTB-BI 2014 optics. Protons - 310.3662354 MeV/c (E_kin=50 MeV)"
@ ORIGIN           %22s "MAD-X 5.02.00 Linux 32"
@ DATE             %08s "19/09/14"
@ TIME             %08s "14.34.51"
* NAME                        S          L     ALFA11     BETA11      DISP1      DIMXC     ALFA22     BETA22      DIMYC 
$ %s                        %le        %le        %le        %le        %le        %le        %le        %le        %le 
 "LTLTBBI$START"        0.00000    0.00000   -0.19000    1.34200    0.00000    0.02093    0.10300    2.48000    0.02012
 "LT$START"             0.00000    0.00000   -0.19000    1.34200    0.00000    0.02093    0.10300    2.48000    0.02012
 "BEGLT"                0.00000    0.00000   -0.19000    1.34200    0.00000    0.02093    0.10300    2.48000    0.02012
 "DRIFT_0"              0.04800    0.04800   -0.22706    1.36202    0.00000    0.02109    0.08344    2.47105    0.02008
 "LT.VVS10"             0.04800    0.00000   -0.22706    1.36202    0.00000    0.02109    0.08344    2.47105    0.02008
 "DRIFT_1"              0.39800    0.35000   -0.49728    1.61554    0.00000    0.02297   -0.05919    2.46256    0.02005
 "LT.DHZ10"             0.39800    0.00000   -0.49728    1.61554    0.00000    0.02297   -0.05919    2.46256    0.02005
 "LT.DVT10"             0.39800    0.00000   -0.49728    1.61554    0.00000    0.02297   -0.05919    2.46256    0.02005
 "DRIFT_2"              1.40000    1.00200   -1.27088    3.38723    0.00000    0.03326   -0.46751    2.99031    0.02209
 "LT.BPM10"             1.40000    0.00000   -1.27088    3.38723    0.00000    0.03326   -0.46751    2.99031    0.02209
 "DRIFT_3"              1.84950    0.44950   -1.61792    4.68575    0.00000    0.03911   -0.65068    3.49293    0.02388
 "LT.QFN10"             2.10450    0.25500    3.44432    4.16887    0.00000    0.03689   -5.99947    5.04133    0.02869
 "DRIFT_4"              2.14700    0.04250    3.31319    3.88167    0.00000    0.03560   -6.31134    5.56454    0.03014
 "LT.BEC1"              2.14700    0.00000    3.31319    3.88167    0.00000    0.03560   -6.31134    5.56454    0.03014
 "DRIFT_5"              2.41000    0.26300    2.50168    2.35236    0.00000    0.02771   -8.24125    9.39188    0.03916
 "LT.BCT10"             2.41000    0.00000    2.50168    2.35236    0.00000    0.02771   -8.24125    9.39188    0.03916
 "DRIFT_6"              2.64950    0.23950    1.76268    1.33105    0.00000    0.02085   -9.99872   13.76035    0.04740
 "LT.QDN12"             2.90450    0.25500    0.35327    0.82838    0.00000    0.01645    2.88514   15.72274    0.05066
 "DRIFT_7"              3.08900    0.18450    0.10275    0.74424    0.00000    0.01559    2.77572   14.67831    0.04895
 "LT.BHZ10"             3.59500    0.50600   -0.58431    0.98791    0.00000    0.01796    2.47565   12.02111    0.04430
 "DRIFT_8"              5.48500    1.89000   -3.15061    8.04691    0.00000    0.05126    1.35483    4.78150    0.02794
 "LT.VPI11"             5.48500    0.00000   -3.15061    8.04691    0.00000    0.05126    1.35483    4.78150    0.02794
 "DRIFT_9"              7.33450    1.84950   -5.66192   24.34570    0.00000    0.08916    0.25802    1.79853    0.01713
 "LT.QFN20"             7.58950    0.25500    6.26603   24.18494    0.00000    0.08886   -0.78933    1.92867    0.01774
 "DRIFT_10"             7.84700    0.25750    5.83734   21.06833    0.00000    0.08294   -1.00602    2.39097    0.01976
 "LT.BEC2"              7.84700    0.00000    5.83734   21.06833    0.00000    0.08294   -1.00602    2.39097    0.01976
 "DRIFT_11"             8.33450    0.48750    5.02575   15.77257    0.00000    0.07176   -1.41627    3.57184    0.02415
 "LT.QDN22"             8.58950    0.25500   -0.07170   14.54368    0.00000    0.06891   -0.26926    4.01417    0.02560
 "DRIFT_12"            11.72220    3.13270   -0.28821   15.67115    0.00000    0.07153   -1.10625    8.32321    0.03686
 "LT.DHZ20"            11.72220    0.00000   -0.28821   15.67115    0.00000    0.07153   -1.10625    8.32321    0.03686
 "LT.DVT20"            11.72220    0.00000   -0.28821   15.67115    0.00000    0.07153   -1.10625    8.32321    0.03686
 "DRIFT_13"            13.19450    1.47230   -0.38996   16.66961    0.00000    0.07377   -1.49961   12.15982    0.04455
 "LT.QFN30"            13.44950    0.25500    2.35154   16.16213    0.00000    0.07264   -3.80559   13.49362    0.04693
 "DRIFT_14"            14.20450    0.75500    2.04651   12.84160    0.00000    0.06475   -4.67187   19.89410    0.05699
 "LT.QDN32"            14.45950    0.25500   -0.88406   12.55083    0.00000    0.06401   -0.02044   21.11457    0.05871
 "DRIFT_15"            15.13200    0.67250   -0.97952   13.80410    0.00000    0.06713   -0.05230   21.16349    0.05878
 "LT.VPI2"             15.13200    0.00000   -0.97952   13.80410    0.00000    0.06713   -0.05230   21.16349    0.05878
 "DRIFT_16"            17.17750    2.04550   -1.26988   18.40524    0.00000    0.07752   -0.14922   21.57568    0.05935
 "LT.BPM20"            17.17750    0.00000   -1.26988   18.40524    0.00000    0.07752   -0.14922   21.57568    0.05935
 "DRIFT_17"            18.28200    1.10450   -1.42666   21.38357    0.00000    0.08356   -0.20155   21.96310    0.05988
 "LT.VGP11"            18.28200    0.00000   -1.42666   21.38357    0.00000    0.08356   -0.20155   21.96310    0.05988
 "DRIFT_18"            18.84450    0.56250   -1.50650   23.03347    0.00000    0.08672   -0.22820   22.20483    0.06021
 "LT.QFN40"            19.09950    0.25500    8.30199   21.23179    0.00000    0.08326  -10.96734   24.95617    0.06383
 "DRIFT_19"            19.84450    0.74500    5.84847   10.68970    0.00000    0.05908  -14.58791   43.99484    0.08475
 "LT.QDN42"            20.09950    0.25500    1.81014    8.79721    0.00000    0.05359    2.56719   47.16263    0.08775
 "DRIFT_20"            20.39200    0.29250    1.66795    7.77987    0.00000    0.05040    2.52012   45.67459    0.08635
 "LT.DHZ30"            20.39200    0.00000    1.66795    7.77987    0.00000    0.05040    2.52012   45.67459    0.08635
 "LT.DVT30"            20.39200    0.00000    1.66795    7.77987    0.00000    0.05040    2.52012   45.67459    0.08635
 "DRIFT_21"            20.99500    0.60300    1.37481    5.94509    0.00000    0.04406    2.42307   42.69385    0.08348
 "LT.BPM30"            20.99500    0.00000    1.37481    5.94509    0.00000    0.04406    2.42307   42.69385    0.08348
 "DRIFT_22"            21.74700    0.75200    1.00924    4.15228    0.00000    0.03682    2.30204   39.14057    0.07994
 "LT.CDB10"            21.74700    0.00000    1.00924    4.15228    0.00000    0.03682    2.30204   39.14057    0.07994
 "DRIFT_23"            22.69250    0.94550    0.54960    2.67840    0.00000    0.02957    2.14987   34.93129    0.07551
 "LT.BCT20"            22.69250    0.00000    0.54960    2.67840    0.00000    0.02957    2.14987   34.93129    0.07551
 "DRIFT_24"            23.48437    0.79187    0.16465    2.11281    0.00000    0.02626    2.02242   31.62739    0.07185
 "LT.BHZ20"            24.53277    1.04840   -0.19486    2.14534    0.46305    0.02648    1.85369   27.56366    0.06708
 "DRIFT_25"            25.26713    0.73437   -0.55017    2.69247    1.10754    0.02973    1.73550   24.92788    0.06379
 "LT.VGP12"            25.26713    0.00000   -0.55017    2.69247    1.10754    0.02973    1.73550   24.92788    0.06379
 "DRIFT_26"            26.11513    0.84800   -0.96045    3.97348    1.85175    0.03621    1.59902   22.10021    0.06007
 "LT.STP10"            26.11513    0.00000   -0.96045    3.97348    1.85175    0.03621    1.59902   22.10021    0.06007
 "DRIFT_27"            29.36513    3.25000   -2.53289   15.32685    4.70397    0.07136    1.07596   13.40653    0.04678
 "LT.BEC3"             29.36513    0.00000   -2.53289   15.32685    4.70397    0.07136    1.07596   13.40653    0.04678
 "DRIFT_28"            30.50763    1.14250   -3.08566   21.74604    5.70664    0.08503    0.89208   11.15805    0.04268
 "LT.QFN50"            30.76263    0.25500    4.75054   21.30793    5.66551    0.08417   -3.27604   11.74791    0.04379
 "DRIFT_29"            31.58513    0.82250    3.84081   14.24154    4.68045    0.06883   -4.09746   17.81262    0.05392
 "LT.VPI14"            31.58513    0.00000    3.84081   14.24154    4.68045    0.06883   -4.09746   17.81262    0.05392
 "DRIFT_30"            32.00513    0.42000    3.37627   11.21037    4.17743    0.06107   -4.51691   21.43065    0.05915
 "LT.BEC4"             32.00513    0.00000    3.37627   11.21037    4.17743    0.06107   -4.51691   21.43065    0.05915
 "DRIFT_31"            32.36613    0.36100    2.97699    8.91684    3.74508    0.05447   -4.87743   24.82201    0.06366
 "LT.BCT30"            32.36613    0.00000    2.97699    8.91684    3.74508    0.05447   -4.87743   24.82201    0.06366
 "DRIFT_32"            32.88513    0.51900    2.40295    6.12465    3.12350    0.04515   -5.39575   30.15379    0.07016
 "LT.DHZ40"            32.88513    0.00000    2.40295    6.12465    3.12350    0.04515   -5.39575   30.15379    0.07016
 "LT.DVT40"            32.88513    0.00000    2.40295    6.12465    3.12350    0.04515   -5.39575   30.15379    0.07016
 "DRIFT_33"            34.04513    1.16000    1.11993    2.03811    1.73423    0.02603   -6.55422   44.01576    0.08477
 "LT.BPM40"            34.04513    0.00000    1.11993    2.03811    1.73423    0.02603   -6.55422   44.01576    0.08477
 "DRIFT_34"            34.70763    0.66250    0.38717    1.03965    0.94078    0.01852   -7.21585   53.13843    0.09314
 "LT.QDN55"            34.96263    0.25500   -0.08639    0.96427    0.65765    0.01779    3.91612   53.99501    0.09389
 "DRIFT_35"            35.19714    0.23450   -0.33139    1.06224    0.41547    0.01864    3.84517   52.17499    0.09229
 "LT.VVS20"            35.19714    0.00000   -0.33139    1.06224    0.41547    0.01864    3.84517   52.17499    0.09229
 "DRIFT_36"            39.57764    4.38050   -4.90810   24.01383   -4.10848    0.08893    2.51987   24.29295    0.06297
 "LT.QFN60"            39.83264    0.25500   -0.62963   25.44747   -4.27797    0.09155   -1.73649   24.09613    0.06272
 "DRIFT_37"            41.48564    1.65300   -0.72034   27.67897   -4.76007    0.09554   -2.01195   30.29231    0.07032
 "LT.QDN65"            41.74064    0.25500   -5.82118   29.32253   -4.94226    0.09834    3.30029   29.95878    0.06993
 "DRIFT_38"            42.01042    0.26978   -6.14215   32.55000   -5.25052    0.10362    3.19320   28.20696    0.06786
 "LT.BHZ25"            42.41586    0.40544   -6.62452   37.72612   -5.71379    0.11157    3.03226   25.68291    0.06475
 "DRIFT_39"            43.51014    1.09428   -7.92643   53.64892   -6.96416    0.13308    2.59790   19.52193    0.05645
 "LT.VPI25"            43.51014    0.00000   -7.92643   53.64892   -6.96416    0.13308    2.59790   19.52193    0.05645
 "DRIFT_40"            46.10614    2.59600  -11.01499  102.82083   -9.93045    0.18430    1.56744    8.70872    0.03771
 "LT.VPI26"            46.10614    0.00000  -11.01499  102.82083   -9.93045    0.18430    1.56744    8.70872    0.03771
 "DRIFT_41"            46.51414    0.40800  -11.50040  112.00711  -10.39664    0.19236    1.40548    7.49577    0.03498
 "LT.QFW70"            46.97614    0.46200   19.85559  107.96966  -10.24143    0.18887   -0.71970    7.19205    0.03426
 "DRIFT_42"            50.00764    3.03150    8.75818   21.22700   -4.76279    0.08379   -1.35954   13.49527    0.04694
 "LT.QDN75"            50.26264    0.25500    5.03084   17.75791   -4.39640    0.07665    0.80095   13.63968    0.04719
 "DRIFT_43"            51.10514    0.84250    3.78263   10.33257   -3.48974    0.05850    0.69956   12.37551    0.04495
 "LT.DHZ50"            51.10514    0.00000    3.78263   10.33257   -3.48974    0.05850    0.69956   12.37551    0.04495
 "LT.DVT50"            51.10514    0.00000    3.78263   10.33257   -3.48974    0.05850    0.69956   12.37551    0.04495
 "DRIFT_44"            51.73914    0.63400    2.84332    6.13172   -2.80745    0.04509    0.62326   11.53684    0.04340
 "LT.BCT40"            51.73914    0.00000    2.84332    6.13172   -2.80745    0.04509    0.62326   11.53684    0.04340
 "DRIFT_45"            52.22714    0.48800    2.12032    3.70946   -2.28228    0.03510    0.56453   10.95720    0.04229
 "LT.BPM50"            52.78314    0.55600    1.29658    1.80966   -1.68394    0.02454    0.49761   10.36666    0.04114
 "DRIFT_46"            53.47286    0.68972    0.27472    0.72591   -0.94169    0.01551    0.41460    9.73748    0.03987
 "ENDLT"               53.47286    0.00000    0.27472    0.72591   -0.94169    0.01551    0.41460    9.73748    0.03987
 "LT$END"              53.47286    0.00000    0.27472    0.72591   -0.94169    0.01551    0.41460    9.73748    0.03987
 "DRIFT_47"            53.47287    0.00002    0.27469    0.72590   -0.94167    0.01551    0.41460    9.73747    0.03987
 "LTB$START"           53.47287    0.00000    0.27469    0.72590   -0.94167    0.01551    0.41460    9.73747    0.03987
 "BEGLTB"              53.47287    0.00000    0.27469    0.72590   -0.94167    0.01551    0.41460    9.73747    0.03987
 "LT.BHZ30"            54.52432    1.05145   -1.11946    1.66051   -0.40406    0.02330    0.28806    8.99865    0.03833
 "DRIFT_48"            55.21204    0.68772   -2.05265    3.84204   -0.44955    0.03543    0.20530    8.65936    0.03760
 "LTB.DHZ10"           55.21204    0.00000   -2.05265    3.84204   -0.44955    0.03543    0.20530    8.65936    0.03760
 "LTB.DVT10"           55.21204    0.00000   -2.05265    3.84204   -0.44955    0.03543    0.20530    8.65936    0.03760
 "DRIFT_49"            55.74554    0.53350   -2.77657    6.41843   -0.48484    0.04579    0.14109    8.47456    0.03719
 "LTB.STP10"           55.74554    0.00000   -2.77657    6.41843   -0.48484    0.04579    0.14109    8.47456    0.03719
 "DRIFT_50"            56.13204    0.38650   -3.30103    8.76743   -0.51041    0.05351    0.09457    8.38348    0.03699
 "LTB.VVS10"           56.13204    0.00000   -3.30103    8.76743   -0.51041    0.05351    0.09457    8.38348    0.03699
 "DRIFT_51"            56.62954    0.49750   -3.97610   12.38780   -0.54332    0.06361    0.03470    8.31917    0.03685
 "LTB.VPI11"           56.62954    0.00000   -3.97610   12.38780   -0.54332    0.06361    0.03470    8.31917    0.03685
 "DRIFT_52"            58.16454    1.53500   -6.05898   27.79165   -0.64485    0.09527   -0.15004    8.49621    0.03724
 "LTB.QFN10"           58.41954    0.25500    4.16834   28.28919   -0.63188    0.09611   -3.48494    9.39558    0.03916
 "DRIFT_19"            59.16454    0.74500    3.68443   22.43887   -0.50740    0.08560   -4.52722   15.36464    0.05008
 "LTB.QDN20"           59.41954    0.25500    0.00330   21.51153   -0.47526    0.08381   -2.01981   17.05807    0.05277
 "DRIFT_53"            59.73004    0.31050   -0.01113   21.51396   -0.44858    0.08382   -2.11227   18.34108    0.05472
 "LTB.MSF30"           59.73004    0.00000   -0.01113   21.51396   -0.44858    0.08382   -2.11227   18.34108    0.05472
 "DRIFT_54"            60.43754    0.70750   -0.04402   21.55298   -0.38781    0.08389   -2.32296   21.47901    0.05921
 "LTB.BPM10"           60.43754    0.00000   -0.04402   21.55298   -0.38781    0.08389   -2.32296   21.47901    0.05921
 "DRIFT_55"            60.80504    0.36750   -0.06111   21.59162   -0.35624    0.08396   -2.43239   23.22660    0.06158
 "LTB.BCT49"           60.80504    0.00000   -0.06111   21.59162   -0.35624    0.08396   -2.43239   23.22660    0.06158
 "DRIFT_56"            61.14204    0.33700   -0.07677   21.63808   -0.32729    0.08405   -2.53275   24.89985    0.06376
 "LTB.DHZ20"           61.14204    0.00000   -0.07677   21.63808   -0.32729    0.08405   -2.53275   24.89985    0.06376
 "LTB.DVT20"           61.14204    0.00000   -0.07677   21.63808   -0.32729    0.08405   -2.53275   24.89985    0.06376
 "DRIFT_57"            64.07104    2.92900   -0.21293   22.48662   -0.07569    0.08568   -3.40496   42.29139    0.08309
 "LTB.BCT50"           64.07104    0.00000   -0.21293   22.48662   -0.07569    0.08568   -3.40496   42.29139    0.08309
 "DRIFT_58"            64.58104    0.51000   -0.23664   22.71591   -0.03188    0.08612   -3.55683   45.84190    0.08651
 "LTB.BCT55"           64.58104    0.00000   -0.23664   22.71591   -0.03188    0.08612   -3.55683   45.84190    0.08651
 "DRIFT_59"            67.64204    3.06100   -0.37894   24.60020    0.23107    0.08962   -4.46835   70.40697    0.10721
 "LTB.BPM20"           67.64204    0.00000   -0.37894   24.60020    0.23107    0.08962   -4.46835   70.40697    0.10721
 "DRIFT_60"            68.14204    0.50000   -0.40218   24.99076    0.27402    0.09033   -4.61724   74.94976    0.11061
 "LTB.DHZ30"           68.14204    0.00000   -0.40218   24.99076    0.27402    0.09033   -4.61724   74.94976    0.11061
 "LTB.DVT30"           68.14204    0.00000   -0.40218   24.99076    0.27402    0.09033   -4.61724   74.94976    0.11061
 "DRIFT_61"            68.81154    0.66950   -0.43331   25.55011    0.33153    0.09134   -4.81661   81.26573    0.11518
 "LTB.QFW30"           69.27254    0.46100    4.96369   23.38672    0.35350    0.08739  -25.44660   94.75648    0.12437
 "DRIFT_62"            69.81154    0.53900    4.37280   18.35435    0.35814    0.07742  -29.13561  124.17629    0.14238
 "LTB.QDW40"           70.27254    0.46100   -0.66898   16.71780    0.38594    0.07388    7.60088  134.56172    0.14821
 "DRIFT_63"            74.92104    4.64850   -1.07148   24.80835    0.91257    0.09002    5.57053   73.33443    0.10942
 "LTB.BCT59"           74.92104    0.00000   -1.07148   24.80835    0.91257    0.09002    5.57053   73.33443    0.10942
 "DRIFT_64"            75.46404    0.54300   -1.11850   25.99751    0.97409    0.09215    5.33336   67.41362    0.10491
 "LTB.VPI12"           75.46404    0.00000   -1.11850   25.99751    0.97409    0.09215    5.33336   67.41362    0.10491
 "DRIFT_65"            75.91404    0.45000   -1.15746   27.02169    1.02507    0.09395    5.13681   62.70205    0.10117
 "LTB.VGR01"           75.91404    0.00000   -1.15746   27.02169    1.02507    0.09395    5.13681   62.70205    0.10117
 "DRIFT_66"            77.98004    2.06600   -1.33635   32.17390    1.25912    0.10252    4.23443   43.34108    0.08412
 "LTB.VPI13"           77.98004    0.00000   -1.33635   32.17390    1.25912    0.10252    4.23443   43.34108    0.08412
 "DRIFT_67"            78.51004    0.53000   -1.38224   33.61476    1.31917    0.10480    4.00293   38.97528    0.07977
 "LTB.MSF40"           78.51004    0.00000   -1.38224   33.61476    1.31917    0.10480    4.00293   38.97528    0.07977
 "DRIFT_68"            78.94204    0.43200   -1.41965   34.82517    1.36811    0.10667    3.81425   35.59825    0.07623
 "LTB.BCT60"           78.94204    0.00000   -1.41965   34.82517    1.36811    0.10667    3.81425   35.59825    0.07623
 "DRIFT_69"            79.36154    0.41950   -1.45597   36.03149    1.41563    0.10850    3.63102   32.47496    0.07281
 "LTB.QFW50"           79.82254    0.46100   10.19149   31.77428    1.35443    0.10189   -7.91357   34.35000    0.07488
 "DRIFT_70"            80.66154    0.83900    7.42249   16.99615    1.03958    0.07452   -9.46760   48.93281    0.08938
 "LTB.QDW60"           81.12254    0.46100    1.30530   13.18943    0.95269    0.06565    9.16278   49.08203    0.08951
 "DRIFT_69"            81.54204    0.41950    1.21930   12.13036    0.94969    0.06296    8.43666   41.69906    0.08251
 "LTB.DHZ40"           81.54204    0.00000    1.21930   12.13036    0.94969    0.06296    8.43666   41.69906    0.08251
 "LTB.DVT40"           81.54204    0.00000    1.21930   12.13036    0.94969    0.06296    8.43666   41.69906    0.08251
 "DRIFT_71"            82.04604    0.50400    1.11598   10.95338    0.94609    0.05983    7.56428   33.63459    0.07410
 "LTB.BPM30"           82.04604    0.00000    1.11598   10.95338    0.94609    0.05983    7.56428   33.63459    0.07410
 "DRIFT_72"            82.70804    0.66200    0.98027    9.56566    0.94136    0.05592    6.41842   24.37803    0.06308
 "ENDLTB"              82.70804    0.00000    0.98027    9.56566    0.94136    0.05592    6.41842   24.37803    0.06308
 "LTB$END"             82.70804    0.00000    0.98027    9.56566    0.94136    0.05592    6.41842   24.37803    0.06308
 "BI1$START"           82.70804    0.00000    0.98027    9.56566    0.94136    0.05592    6.41842   24.37803    0.06308
 "BEGBI"               82.70804    0.00000    0.98027    9.56566    0.94136    0.05592    6.41842   24.37803    0.06308
 "LTB.BHZ40"           83.60804    0.90000    0.79578    7.96721    0.93493    0.05104    4.86061   14.22691    0.04819
 "DRIFT_73"            84.28804    0.68000    0.65638    6.97975    0.93007    0.04777    3.68359    8.41686    0.03707
 "BI.VPI11"            84.28804    0.00000    0.65638    6.97975    0.93007    0.04777    3.68359    8.41686    0.03707
 "DRIFT_74"            89.27204    4.98400   -0.36533    5.52917    0.89446    0.04253   -4.94326   14.69508    0.04898
 "BI.DHZ10"            89.27204    0.00000   -0.36533    5.52917    0.89446    0.04253   -4.94326   14.69508    0.04898
 "BI.DVT10"            89.27204    0.00000   -0.36533    5.52917    0.89446    0.04253   -4.94326   14.69508    0.04898
 "DRIFT_75"            89.75904    0.48700   -0.46516    5.93362    0.89099    0.04405   -5.78622   19.92034    0.05703
 "BI.BPM00"            89.75904    0.00000   -0.46516    5.93362    0.89099    0.04405   -5.78622   19.92034    0.05703
 "DRIFT_76"            90.66104    0.90200   -0.65007    6.93956    0.88454    0.04763   -7.34750   31.76694    0.07201
 "BI.BTV10"            90.66104    0.00000   -0.65007    6.93956    0.88454    0.04763   -7.34750   31.76694    0.07201
 "DRIFT_77"            91.23704    0.57600   -0.76815    7.75646    0.88043    0.05035   -8.34450   40.80553    0.08162
 "BI.STPFA10"          91.23704    0.00000   -0.76815    7.75646    0.88043    0.05035   -8.34450   40.80553    0.08162
 "DRIFT_78"            94.46304    3.22600   -1.42947   14.84600    0.85738    0.06964  -13.92841  112.65794    0.13561
 "BI.STPSW10"          94.46304    0.00000   -1.42947   14.84600    0.85738    0.06964  -13.92841  112.65794    0.13561
 "DRIFT_79"            95.21204    0.74900   -1.58302   17.10235    0.85203    0.07474  -15.22486  134.49374    0.14818
 "BI.BPM10"            95.21204    0.00000   -1.58302   17.10235    0.85203    0.07474  -15.22486  134.49374    0.14818
 "DRIFT_80"            95.69204    0.48000   -1.68142   18.66928    0.84860    0.07809  -16.05570  149.50841    0.15623
 "BI.DHZ20"            95.69204    0.00000   -1.68142   18.66928    0.84860    0.07809  -16.05570  149.50841    0.15623
 "BI.DVT20"            95.69204    0.00000   -1.68142   18.66928    0.84860    0.07809  -16.05570  149.50841    0.15623
 "DRIFT_81"            96.10104    0.40900   -1.76526   20.07897    0.84568    0.08098  -16.76364  162.93152    0.16309
 "BI.QNO10"            96.56304    0.46200    7.77692   17.05574    0.74303    0.07464 -125.26730  223.75928    0.19112
 "DRIFT_82"            97.10104    0.53800    5.83760    9.73113    0.51261    0.05638 -162.99883  378.84645    0.24869
 "BI.QNO20"            97.56304    0.46200    0.42818    7.07652    0.37798    0.04807   79.47968  421.42972    0.26229
 "DRIFT_83"           104.41364    6.85060   -0.71738    9.05774   -0.77200    0.05440  -23.22362   36.04196    0.07671
 "BI.BPM20"           104.41364    0.00000   -0.71738    9.05774   -0.77200    0.05440  -23.22362   36.04196    0.07671
 "DRIFT_84"           104.86324    0.44960   -0.79256    9.73661   -0.84747    0.05641  -29.96396   59.95509    0.09893
 "BI.BCT10"           104.86324    0.00000   -0.79256    9.73661   -0.84747    0.05641  -29.96396   59.95509    0.09893
 "DRIFT_85"           105.24244    0.37920   -0.85597   10.36173   -0.91112    0.05819  -35.64888   84.83548    0.11768
 "BI.VVS10"           105.24244    0.00000   -0.85597   10.36173   -0.91112    0.05819  -35.64888   84.83548    0.11768
 "DRIFT_86"           105.32654    0.08410   -0.87004   10.50689   -0.92524    0.05860  -36.90969   90.93766    0.12184
 "BI.DVT30"           105.62154    0.29500   -0.91926   11.03476   -0.97476    0.06006  -41.33230  114.01875    0.13643
 "DRIFT_87"           105.86504    0.24350   -0.95997   11.49236   -1.01563    0.06129  -44.98283  135.03652    0.14847
 "BI.BTV20"           105.86504    0.00000   -0.95997   11.49236   -1.01563    0.06129  -44.98283  135.03652    0.14847
 "DRIFT_88"           106.45174    0.58670   -1.05807   12.67633   -1.11411    0.06437  -53.77853  192.97940    0.17749
 "BI.QNO30"           106.91374    0.46200    3.02627   11.71676   -1.10408    0.06189 -151.04963  282.98719    0.21494
 "DRIFT_89"           107.29405    0.38031    2.69655    9.54033   -1.02394    0.05585 -181.71337  409.53903    0.25857
 "BI.BPM30"           107.29405    0.00000    2.69655    9.54033   -1.02394    0.05585 -181.71337  409.53903    0.25857
 "DRIFT_90"           107.70120    0.40715    2.34355    7.48825   -0.93814    0.04948 -214.54151  570.87433    0.30528
 "BI.QNO40"           108.16320    0.46200   -0.95252    6.88696   -0.93733    0.04746   61.15236  647.14552    0.32503
 "DRIFT_91"           108.42405    0.26085   -1.02476    7.40273   -0.99137    0.04920   59.64460  615.63551    0.31702
 "BI.DIS0"            108.82405    0.40000   -1.13553    8.26685   -1.07423    0.05200   57.33253  568.84465    0.30473
 "DRIFT_92"           108.83405    0.01000   -1.13830    8.28958   -1.07631    0.05207   57.27473  567.69858    0.30443
 "BI1.DIS1"           109.23405    0.40000   -1.24873    9.24454   -1.15917    0.05499   54.96265  522.79533    0.29214
 "DRIFT_93"           109.24405    0.01000   -1.25150    9.26954   -1.16124    0.05506   54.90484  521.69665    0.29183
 "BI1.DIS2"           109.64406    0.40001   -1.36191   10.31532   -1.24411    0.05809   52.59266  478.67704    0.27954
 "DRIFT_94"           109.65406    0.01000   -1.36468   10.34259   -1.24618    0.05816   52.53485  477.62574    0.27923
 "BI1.DIS3"           110.05407    0.40002   -1.47500   11.47926   -1.32905    0.06128   50.22248  436.49006    0.26694
 "DRIFT_95"           110.06407    0.01000   -1.47777   11.50879   -1.33112    0.06136   50.16467  435.48613    0.26663
 "BI1.DIS4"           110.46411    0.40003   -1.58812   12.73620   -1.41398    0.06455   47.85204  396.24380    0.25433
 "DRIFT_96"           110.64712    0.18302   -1.63874   13.32677   -1.45186    0.06603   46.79395  378.92184    0.24871
 "BI1.DVT40"          110.97414    0.32702   -1.72716   14.42548   -1.51941    0.06870   44.90350  348.98841    0.23869
 "DRIFT_97"           112.67569    1.70155   -2.19698   21.10260   -1.87128    0.08309   35.06772  212.91363    0.18643
 "BI.VPI12"           112.67569    0.00000   -2.19698   21.10260   -1.87128    0.08309   35.06772  212.91363    0.18643
 "DRIFT_98"           116.89381    4.21812   -3.36167   44.54963   -2.74356    0.12073   10.68494   19.92357    0.05703
 "BI.BTV30"           116.89381    0.00000   -3.36167   44.54963   -2.74356    0.12073   10.68494   19.92357    0.05703
 "DRIFT_99"           117.45632    0.56252   -3.51699   48.41898   -2.85989    0.12586    7.43333    9.73176    0.03986
 "BI1.SMV10"          118.42137    0.96504   -3.45500   55.16665   -3.05123    0.13435    1.83603    0.72953    0.01096
 "DRIFT_100"          118.59192    0.17056   -3.49500   56.35202   -3.08350    0.13578    0.81413    0.27753    0.00684
 "BI.SMVHDP"          118.59192    0.00000   -3.49500   56.35202   -3.08350    0.13578    0.81413    0.27753    0.00684
 "DRIFT_101"          121.37500    2.78307   -4.14765   77.62207   -3.61000    0.15936  -15.86075   42.15337    0.08307
 "BI1.BVT10"          122.09591    0.72091   -0.89162   81.43213   -3.69471    0.16322  -20.16172   67.90991    0.10540
 "DRIFT_102"          122.40425    0.30835   -0.89842   81.98409   -3.70594    0.16378  -22.01197   80.91410    0.11503
 "BI1.QNO50"          122.87025    0.46600   36.12006   64.07252   -3.27425    0.14478  -87.33760  128.05535    0.14468
 "DRIFT_103"          123.15425    0.28400   30.33276   45.19992   -2.74860    0.12161 -104.25680  182.46816    0.17270
 "BI1.QNO60"          123.62025    0.46600    4.92934   30.15622   -2.24179    0.09933   17.21243  227.33002    0.19275
 "DRIFT_104"          123.94525    0.32500    4.65669   27.04076   -2.11985    0.09406   16.78744  216.28006    0.18800
 "BI1.DHZ50"          123.94525    0.00000    4.65669   27.04076   -2.11985    0.09406   16.78744  216.28006    0.18800
 "BI1.DVT50"          123.94525    0.00000    4.65669   27.04076   -2.11985    0.09406   16.78744  216.28006    0.18800
 "DRIFT_105"          124.51225    0.56700    4.18103   22.02977   -1.90711    0.08490   16.04601  197.66349    0.17971
 "BI1.BPM40"          124.51225    0.00000    4.18103   22.02977   -1.90711    0.08490   16.04601  197.66349    0.17971
 "DRIFT_106"          125.69425    1.18200    3.18944   13.31788   -1.46363    0.06601   14.50037  161.55768    0.16244
 "BI1.BTV40"          125.69425    0.00000    3.18944   13.31788   -1.46363    0.06601   14.50037  161.55768    0.16244
 "DRIFT_107"          126.24075    0.54650    2.73097   10.08237   -1.25858    0.05743   13.78574  146.09933    0.15447
 "BI1.VPI14"          126.24075    0.00000    2.73097   10.08237   -1.25858    0.05743   13.78574  146.09933    0.15447
 "DRIFT_108"          126.63925    0.39850    2.39667    8.03901   -1.10907    0.05128   13.26464  135.31975    0.14865
 "BI1.BCT20"          126.63925    0.00000    2.39667    8.03901   -1.10907    0.05128   13.26464  135.31975    0.14865
 "DRIFT_109"          127.08525    0.44600    2.02251    6.06805   -0.94173    0.04455   12.68143  123.74781    0.14215
 "BI1.BPM50"          127.08525    0.00000    2.02251    6.06805   -0.94173    0.04455   12.68143  123.74781    0.14215
 "DRIFT_110"          127.60725    0.52200    1.58460    4.18514   -0.74588    0.03700   11.99884  110.86471    0.13454
 "BI1.VVS20"          127.60725    0.00000    1.58460    4.18514   -0.74588    0.03700   11.99884  110.86471    0.13454
 "DRIFT_111"          130.00725    2.40000   -0.42879    1.41118    0.15460    0.02147    8.86048   60.80235    0.09964
 "BI1.DHZ70"          130.00725    0.00000   -0.42879    1.41118    0.15460    0.02147    8.86048   60.80235    0.09964
 "BI1.DVT70"          130.00725    0.00000   -0.42879    1.41118    0.15460    0.02147    8.86048   60.80235    0.09964
 "DRIFT_112"          131.26445    1.25720   -1.48346    3.81526    0.62629    0.03532    7.21650   40.59037    0.08146
 "BI1.INJPT"          131.26445    0.00000   -1.48346    3.81526    0.62629    0.03532    7.21650   40.59037    0.08146
 "BI1$END"            131.26445    0.00000   -1.48346    3.81526    0.62629    0.03532    7.21650   40.59037    0.08146
 "LTLTBBI$END"        131.26445    0.00000   -1.48346    3.81526    0.62629    0.03532    7.21650   40.59037    0.08146
