@ NAME             %05s "TWISS"
@ TYPE             %05s "TWISS"
@ SEQUENCE         %07s "LTLTBBI"
@ PARTICLE         %06s "PROTON"
@ MASS             %le     0.93827
@ CHARGE           %le     1.00000
@ ENERGY           %le     0.98827
@ PC               %le     0.31037
@ GAMMA            %le     1.05329
@ KBUNCH           %le     1.00000
@ BCURRENT         %le     0.00000
@ SIGE             %le     0.00100
@ SIGT             %le     0.00000
@ NPART            %le     0.00000
@ EX               %le     0.00004
@ EY               %le     0.00002
@ ET               %le     1.00000
@ LENGTH           %le   131.26445
@ ALFA             %le     0.00000
@ ORBIT5           %le    -0.00000
@ GAMMATR          %le     0.00000
@ Q1               %le     3.10961
@ Q2               %le     2.47929
@ DQ1              %le     0.00000
@ DQ2              %le     0.00000
@ DXMAX            %le    10.48986
@ DYMAX            %le     0.98308
@ XCOMAX           %le     0.00001
@ YCOMAX           %le     0.05766
@ BETXMAX          %le   113.64995
@ BETYMAX          %le   647.06213
@ XCORMS           %le     0.00000
@ YCORMS           %le     0.01911
@ DXRMS            %le     2.22649
@ DYRMS            %le     0.28884
@ DELTAP           %le     0.00000
@ SYNCH_1          %le     0.00000
@ SYNCH_2          %le     0.00000
@ SYNCH_3          %le     0.00000
@ SYNCH_4          %le     0.00000
@ SYNCH_5          %le     0.00000
@ TITLE            %65s "LT-LTB-BI 2014 optics. Protons - 310.3662354 MeV/c (E_kin=50 MeV)"
@ ORIGIN           %22s "MAD-X 5.02.00 Linux 32"
@ DATE             %08s "27/08/14"
@ TIME             %08s "09.17.02"
* NAME                        S          X          Y 
$ %s                        %le        %le        %le 
 "LTLTBBI$START"        0.00000    0.00000    0.00000
 "LT$START"             0.00000    0.00000    0.00000
 "BEGLT"                0.00000    0.00000    0.00000
 "DRIFT_0"              0.02400    0.00000    0.00000
 "LT.VVS10"             0.04800    0.00000    0.00000
 "DRIFT_1"              0.22300    0.00000    0.00000
 "LT.DHZ10"             0.39800    0.00000    0.00000
 "LT.DVT10"             0.39800    0.00000    0.00000
 "DRIFT_2"              0.89900    0.00000    0.00000
 "LT.BPM10"             1.40000    0.00000    0.00000
 "DRIFT_3"              1.62475    0.00000    0.00000
 "LT.QFN10"             1.97700    0.00000    0.00000
 "DRIFT_4"              2.12575    0.00000    0.00000
 "LT.BEC1"              2.14700    0.00000    0.00000
 "DRIFT_5"              2.27850    0.00000    0.00000
 "LT.BCT10"             2.41000    0.00000    0.00000
 "DRIFT_6"              2.52975    0.00000    0.00000
 "LT.QDN12"             2.77700    0.00000    0.00000
 "DRIFT_7"              2.99675    0.00000    0.00000
 "LT.BHZ10"             3.34200    0.00000    0.00000
 "DRIFT_8"              4.54000    0.00000    0.00000
 "LT.VPI11"             5.48500    0.00000    0.00000
 "DRIFT_9"              6.40975    0.00000    0.00000
 "LT.QFN20"             7.46200    0.00000    0.00000
 "DRIFT_10"             7.71825    0.00000    0.00000
 "LT.BEC2"              7.84700    0.00000    0.00000
 "DRIFT_11"             8.09075    0.00000    0.00000
 "LT.QDN22"             8.46200    0.00000    0.00000
 "DRIFT_12"            10.15585    0.00000    0.00000
 "LT.DHZ20"            11.72220    0.00000    0.00000
 "LT.DVT20"            11.72220    0.00000    0.00000
 "DRIFT_13"            12.45835    0.00000    0.00000
 "LT.QFN30"            13.32200    0.00000    0.00000
 "DRIFT_14"            13.82700    0.00000    0.00000
 "LT.QDN32"            14.33200    0.00000    0.00000
 "DRIFT_15"            14.79575    0.00000    0.00000
 "LT.VPI2"             15.13200    0.00000    0.00000
 "DRIFT_16"            16.15475    0.00000    0.00000
 "LT.BPM20"            17.17750    0.00000    0.00000
 "DRIFT_17"            17.72975    0.00000    0.00000
 "LT.VGP11"            18.28200    0.00000    0.00000
 "DRIFT_18"            18.56325    0.00000    0.00000
 "LT.QFN40"            18.97200    0.00000    0.00000
 "DRIFT_19"            19.47200    0.00000    0.00000
 "LT.QDN42"            19.97200    0.00000    0.00000
 "DRIFT_20"            20.24575    0.00000    0.00000
 "LT.DHZ30"            20.39200    0.00000    0.00000
 "LT.DVT30"            20.39200    0.00000    0.00000
 "DRIFT_21"            20.69350    0.00000    0.00000
 "LT.BPM30"            20.99500    0.00000    0.00000
 "DRIFT_22"            21.37100    0.00000    0.00000
 "LT.CDB10"            21.74700    0.00000    0.00000
 "DRIFT_23"            22.21975    0.00000    0.00000
 "LT.BCT20"            22.69250    0.00000    0.00000
 "DRIFT_24"            23.08843    0.00000    0.00000
 "LT.BHZ20"            24.00857    0.00000    0.00000
 "DRIFT_25"            24.89995    0.00000    0.00000
 "LT.VGP12"            25.26713    0.00000    0.00000
 "DRIFT_26"            25.69113    0.00000    0.00000
 "LT.STP10"            26.11513    0.00000    0.00000
 "DRIFT_27"            27.74013    0.00000    0.00000
 "LT.BEC3"             29.36513    0.00000    0.00000
 "DRIFT_28"            29.93638    0.00000    0.00000
 "LT.QFN50"            30.63513    0.00000    0.00000
 "DRIFT_29"            31.17388    0.00000    0.00000
 "LT.VPI14"            31.58513    0.00000    0.00000
 "DRIFT_30"            31.79513    0.00000    0.00000
 "LT.BEC4"             32.00513    0.00000    0.00000
 "DRIFT_31"            32.18563    0.00000    0.00000
 "LT.BCT30"            32.36613    0.00000    0.00000
 "DRIFT_32"            32.62563    0.00000    0.00000
 "LT.DHZ40"            32.88513    0.00000    0.00000
 "LT.DVT40"            32.88513    0.00000    0.00000
 "DRIFT_33"            33.46513    0.00000   -0.00029
 "LT.BPM40"            34.04513    0.00000   -0.00058
 "DRIFT_34"            34.37638    0.00000   -0.00075
 "LT.QDN55"            34.83513    0.00000   -0.00097
 "DRIFT_35"            35.07989    0.00000   -0.00105
 "LT.VVS20"            35.19714    0.00000   -0.00108
 "DRIFT_36"            37.38739    0.00000   -0.00174
 "LT.QFN60"            39.70513    0.00000   -0.00245
 "DRIFT_37"            40.65914    0.00000   -0.00313
 "LT.QDN65"            41.61314    0.00000   -0.00381
 "DRIFT_38"            41.87553    0.00000   -0.00385
 "LT.BHZ25"            42.21314    0.00000   -0.00387
 "DRIFT_39"            42.96300    0.00000   -0.00391
 "LT.VPI25"            43.51014    0.00000   -0.00395
 "DRIFT_40"            44.80814    0.00000   -0.00403
 "LT.VPI26"            46.10614    0.00000   -0.00411
 "DRIFT_41"            46.31014    0.00000   -0.00412
 "LT.QFW70"            46.74514    0.00000   -0.00422
 "DRIFT_42"            48.49189    0.00000   -0.00635
 "LT.QDN75"            50.13514    0.00000   -0.00838
 "DRIFT_43"            50.68389    0.00000   -0.00838
 "LT.DHZ50"            51.10514    0.00000   -0.00835
 "LT.DVT50"            51.10514    0.00000   -0.00835
 "DRIFT_44"            51.42214    0.00000   -0.00832
 "LT.BCT40"            51.73914    0.00000   -0.00830
 "DRIFT_45"            51.98314    0.00000   -0.00828
 "LT.BPM50"            52.50514    0.00000   -0.00823
 "DRIFT_46"            53.12800    0.00000   -0.00819
 "ENDLT"               53.47286    0.00000   -0.00816
 "LT$END"              53.47286    0.00000   -0.00816
 "DRIFT_47"            53.47286    0.00000   -0.00816
 "LTB$START"           53.47287    0.00000   -0.00816
 "BEGLTB"              53.47287    0.00000   -0.00816
 "LT.BHZ30"            53.99860   -0.00001   -0.00812
 "DRIFT_48"            54.86818    0.00000   -0.00805
 "LTB.DHZ10"           55.21204    0.00000   -0.00802
 "LTB.DVT10"           55.21204    0.00000   -0.00802
 "DRIFT_49"            55.47879    0.00000   -0.00800
 "LTB.STP10"           55.74554    0.00000   -0.00798
 "DRIFT_50"            55.93879    0.00000   -0.00796
 "LTB.VVS10"           56.13204    0.00000   -0.00795
 "DRIFT_51"            56.38079    0.00000   -0.00793
 "LTB.VPI11"           56.62954    0.00000   -0.00791
 "DRIFT_52"            57.39704    0.00001   -0.00785
 "LTB.QFN10"           58.29204    0.00001   -0.00787
 "DRIFT_19"            58.79204    0.00001   -0.00917
 "LTB.QDN20"           59.29204    0.00001   -0.01051
 "DRIFT_53"            59.57479    0.00001   -0.01086
 "LTB.MSF30"           59.73004    0.00001   -0.01102
 "DRIFT_54"            60.08379    0.00001   -0.01139
 "LTB.BPM10"           60.43754    0.00001   -0.01176
 "DRIFT_55"            60.62129    0.00001   -0.01195
 "LTB.BCT49"           60.80504    0.00001   -0.01215
 "DRIFT_56"            60.97354    0.00001   -0.01232
 "LTB.DHZ20"           61.14204    0.00001   -0.01250
 "LTB.DVT20"           61.14204    0.00001   -0.01250
 "DRIFT_57"            62.60654    0.00001   -0.01403
 "LTB.BCT50"           64.07104    0.00001   -0.01556
 "DRIFT_58"            64.32604    0.00001   -0.01583
 "LTB.BCT55"           64.58104    0.00001   -0.01610
 "DRIFT_59"            66.11154    0.00001   -0.01770
 "LTB.BPM20"           67.64204    0.00001   -0.01930
 "DRIFT_60"            67.89204    0.00001   -0.01956
 "LTB.DHZ30"           68.14204    0.00001   -0.01982
 "LTB.DVT30"           68.14204    0.00001   -0.01982
 "DRIFT_61"            68.47679    0.00001   -0.02017
 "LTB.QFW30"           69.04204    0.00001   -0.02103
 "DRIFT_62"            69.54204    0.00001   -0.02363
 "LTB.QDW40"           70.04204    0.00001   -0.02610
 "DRIFT_63"            72.59679    0.00001   -0.02241
 "LTB.BCT59"           74.92104    0.00001   -0.01866
 "DRIFT_64"            75.19254    0.00001   -0.01822
 "LTB.VPI12"           75.46404    0.00001   -0.01778
 "DRIFT_65"            75.68904    0.00001   -0.01742
 "LTB.VGR01"           75.91404    0.00001   -0.01706
 "DRIFT_66"            76.94704    0.00001   -0.01539
 "LTB.VPI13"           77.98004    0.00001   -0.01373
 "DRIFT_67"            78.24504    0.00001   -0.01330
 "LTB.MSF40"           78.51004    0.00001   -0.01287
 "DRIFT_68"            78.72604    0.00001   -0.01252
 "LTB.BCT60"           78.94204    0.00001   -0.01218
 "DRIFT_69"            79.15179    0.00001   -0.01184
 "LTB.QFW50"           79.59204    0.00001   -0.01136
 "DRIFT_70"            80.24204    0.00001   -0.01266
 "LTB.QDW60"           80.89204    0.00001   -0.01390
 "DRIFT_69"            81.33229    0.00001   -0.01296
 "LTB.DHZ40"           81.54204    0.00001   -0.01238
 "LTB.DVT40"           81.54204    0.00001   -0.01238
 "DRIFT_71"            81.79404    0.00001   -0.01167
 "LTB.BPM30"           82.04604    0.00001   -0.01096
 "DRIFT_72"            82.37704    0.00000   -0.01003
 "ENDLTB"              82.70804    0.00000   -0.00910
 "LTB$END"             82.70804    0.00000   -0.00910
 "BI1$START"           82.70804    0.00000   -0.00910
 "BEGBI"               82.70804    0.00000   -0.00910
 "LTB.BHZ40"           83.15804    0.00000   -0.00784
 "DRIFT_73"            83.94804    0.00000   -0.00562
 "BI.VPI11"            84.28804    0.00000   -0.00466
 "DRIFT_74"            86.78004    0.00000    0.00233
 "BI.DHZ10"            89.27204    0.00000    0.00933
 "BI.DVT10"            89.27204    0.00000    0.00933
 "DRIFT_75"            89.51554   -0.00000    0.01002
 "BI.BPM00"            89.75904   -0.00000    0.01070
 "DRIFT_76"            90.21004   -0.00000    0.01197
 "BI.BTV10"            90.66104   -0.00000    0.01323
 "DRIFT_77"            90.94904   -0.00000    0.01404
 "BI.STPFA10"          91.23704   -0.00000    0.01485
 "DRIFT_78"            92.85004   -0.00000    0.01938
 "BI.STPSW10"          94.46304   -0.00000    0.02391
 "DRIFT_79"            94.83754   -0.00000    0.02496
 "BI.BPM10"            95.21204   -0.00000    0.02601
 "DRIFT_80"            95.45204   -0.00000    0.02669
 "BI.DHZ20"            95.69204   -0.00000    0.02736
 "BI.DVT20"            95.69204   -0.00000    0.02736
 "DRIFT_81"            95.89654   -0.00000    0.02794
 "BI.QNO10"            96.33204   -0.00000    0.03003
 "DRIFT_82"            96.83204   -0.00000    0.03835
 "BI.QNO20"            97.33204   -0.00000    0.04609
 "DRIFT_83"           100.98834   -0.00000    0.01590
 "BI.BPM20"           104.41364   -0.00000   -0.01387
 "DRIFT_84"           104.63844   -0.00000   -0.01583
 "BI.BCT10"           104.86324   -0.00000   -0.01778
 "DRIFT_85"           105.05284   -0.00000   -0.01943
 "BI.VVS10"           105.24244   -0.00001   -0.02108
 "DRIFT_86"           105.28449   -0.00001   -0.02144
 "BI.DVT30"           105.47404   -0.00001   -0.02309
 "DRIFT_87"           105.74329   -0.00001   -0.02543
 "BI.BTV20"           105.86504   -0.00001   -0.02649
 "DRIFT_88"           106.15839   -0.00001   -0.02904
 "BI.QNO30"           106.68274   -0.00001   -0.03423
 "DRIFT_89"           107.10389   -0.00000   -0.04206
 "BI.BPM30"           107.29405   -0.00000   -0.04592
 "DRIFT_90"           107.49762   -0.00000   -0.05005
 "BI.QNO40"           107.93220   -0.00000   -0.05742
 "DRIFT_91"           108.29362   -0.00000   -0.05694
 "BI.DIS0"            108.62405   -0.00000   -0.05512
 "DRIFT_92"           108.82905   -0.00000   -0.05399
 "BI1.DIS1"           109.03405   -0.00000   -0.05286
 "DRIFT_93"           109.23905   -0.00000   -0.05173
 "BI1.DIS2"           109.44405   -0.00000   -0.05060
 "DRIFT_94"           109.64906   -0.00000   -0.04947
 "BI1.DIS3"           109.85406   -0.00000   -0.04834
 "DRIFT_95"           110.05907   -0.00000   -0.04721
 "BI1.DIS4"           110.26409   -0.00000   -0.04608
 "DRIFT_96"           110.55561   -0.00000   -0.04448
 "BI1.DVT40"          110.81063   -0.00000   -0.04307
 "DRIFT_97"           111.82492   -0.00000   -0.03749
 "BI.VPI12"           112.67569   -0.00000   -0.03280
 "DRIFT_98"           114.78475   -0.00000   -0.02118
 "BI.BTV30"           116.89381   -0.00000   -0.00956
 "DRIFT_99"           117.17506   -0.00000   -0.00801
 "BI1.SMV10"          117.93884   -0.00000   -0.00380
 "DRIFT_100"          118.50664   -0.00000   -0.00063
 "BI.SMVHDP"          118.59192   -0.00000   -0.00015
 "DRIFT_101"          119.98346   -0.00000    0.00763
 "BI1.BVT10"          121.73545   -0.00000    0.01747
 "DRIFT_102"          122.25008   -0.00000    0.02026
 "BI1.QNO50"          122.63725   -0.00000    0.02309
 "DRIFT_103"          123.01225   -0.00000    0.02905
 "BI1.QNO60"          123.38725   -0.00000    0.03462
 "DRIFT_104"          123.78275   -0.00000    0.03478
 "BI1.DHZ50"          123.94525   -0.00000    0.03433
 "BI1.DVT50"          123.94525   -0.00000    0.03433
 "DRIFT_105"          124.22875   -0.00000    0.03355
 "BI1.BPM40"          124.51225   -0.00000    0.03277
 "DRIFT_106"          125.10325   -0.00000    0.03114
 "BI1.BTV40"          125.69425   -0.00000    0.02951
 "DRIFT_107"          125.96750   -0.00000    0.02876
 "BI1.VPI14"          126.24075   -0.00000    0.02800
 "DRIFT_108"          126.44000   -0.00000    0.02745
 "BI1.BCT20"          126.63925   -0.00000    0.02690
 "DRIFT_109"          126.86225   -0.00000    0.02629
 "BI1.BPM50"          127.08525   -0.00000    0.02567
 "DRIFT_110"          127.34625    0.00000    0.02496
 "BI1.VVS20"          127.60725    0.00000    0.02424
 "DRIFT_111"          128.80725    0.00000    0.02093
 "BI1.DHZ70"          130.00725    0.00000    0.01762
 "BI1.DVT70"          130.00725    0.00000    0.01762
 "DRIFT_112"          130.63585    0.00000    0.01589
 "BI1.INJPT"          131.26445    0.00000    0.01416
 "BI1$END"            131.26445    0.00000    0.01416
 "LTLTBBI$END"        131.26445    0.00000    0.01416
