@ NAME             %05s "TWISS"
@ TYPE             %05s "TWISS"
@ SEQUENCE         %07s "LTLTBBI"
@ PARTICLE         %06s "PROTON"
@ MASS             %le     0.93827
@ CHARGE           %le     1.00000
@ ENERGY           %le     0.98827
@ PC               %le     0.31037
@ GAMMA            %le     1.05329
@ KBUNCH           %le     1.00000
@ BCURRENT         %le     0.00000
@ SIGE             %le     0.00100
@ SIGT             %le     0.00000
@ NPART            %le     0.00000
@ EX               %le     0.00004
@ EY               %le     0.00002
@ ET               %le     1.00000
@ LENGTH           %le   131.23082
@ ALFA             %le     0.00000
@ ORBIT5           %le    -0.00000
@ GAMMATR          %le     0.00000
@ Q1               %le     3.14370
@ Q2               %le     2.47782
@ DQ1              %le     0.00000
@ DQ2              %le     0.00000
@ DXMAX            %le    10.41222
@ DYMAX            %le     1.69000
@ XCOMAX           %le     0.01731
@ YCOMAX           %le     0.00003
@ BETXMAX          %le   113.60677
@ BETYMAX          %le   645.71019
@ XCORMS           %le     0.00501
@ YCORMS           %le     0.00000
@ DXRMS            %le     2.08486
@ DYRMS            %le     0.34882
@ DELTAP           %le     0.00000
@ SYNCH_1          %le     0.00000
@ SYNCH_2          %le     0.00000
@ SYNCH_3          %le     0.00000
@ SYNCH_4          %le     0.00000
@ SYNCH_5          %le     0.00000
@ TITLE            %65s "LT-LTB-BI 2014 optics. Protons - 310.3662354 MeV/c (E_kin=50 MeV)"
@ ORIGIN           %22s "MAD-X 5.02.00 Linux 32"
@ DATE             %08s "27/08/14"
@ TIME             %08s "09.17.03"
* NAME                        S          X          Y 
$ %s                        %le        %le        %le 
 "LTLTBBI$START"        0.00000    0.00000    0.00000
 "LT$START"             0.00000    0.00000    0.00000
 "BEGLT"                0.00000    0.00000    0.00000
 "DRIFT_0"              0.02400    0.00000    0.00000
 "LT.VVS10"             0.04800    0.00000    0.00000
 "DRIFT_1"              0.22300    0.00000    0.00000
 "LT.DHZ10"             0.39800    0.00000    0.00000
 "LT.DVT10"             0.39800    0.00000    0.00000
 "DRIFT_2"              0.89900    0.00000    0.00000
 "LT.BPM10"             1.40000    0.00000    0.00000
 "DRIFT_3"              1.62475    0.00000    0.00000
 "LT.QFN10"             1.97700    0.00000    0.00000
 "DRIFT_4"              2.12575    0.00000    0.00000
 "LT.BEC1"              2.14700    0.00000    0.00000
 "DRIFT_5"              2.27850    0.00000    0.00000
 "LT.BCT10"             2.41000    0.00000    0.00000
 "DRIFT_6"              2.52975    0.00000    0.00000
 "LT.QDN12"             2.77700    0.00000    0.00000
 "DRIFT_7"              2.99675    0.00000    0.00000
 "LT.BHZ10"             3.34200    0.00000    0.00000
 "DRIFT_8"              4.54000    0.00000    0.00000
 "LT.VPI11"             5.48500    0.00000    0.00000
 "DRIFT_9"              6.40975    0.00000    0.00000
 "LT.QFN20"             7.46200    0.00000    0.00000
 "DRIFT_10"             7.71825    0.00000    0.00000
 "LT.BEC2"              7.84700    0.00000    0.00000
 "DRIFT_11"             8.09075    0.00000    0.00000
 "LT.QDN22"             8.46200    0.00000    0.00000
 "DRIFT_12"            10.15585    0.00000    0.00000
 "LT.DHZ20"            11.72220    0.00000    0.00000
 "LT.DVT20"            11.72220    0.00000    0.00000
 "DRIFT_13"            12.45835   -0.00037    0.00000
 "LT.QFN30"            13.32200   -0.00080    0.00000
 "DRIFT_14"            13.82700   -0.00099    0.00000
 "LT.QDN32"            14.33200   -0.00118    0.00000
 "DRIFT_15"            14.79575   -0.00147    0.00000
 "LT.VPI2"             15.13200   -0.00168    0.00000
 "DRIFT_16"            16.15475   -0.00233    0.00000
 "LT.BPM20"            17.17750   -0.00298    0.00000
 "DRIFT_17"            17.72975   -0.00334    0.00000
 "LT.VGP11"            18.28200   -0.00369    0.00000
 "DRIFT_18"            18.56325   -0.00387    0.00000
 "LT.QFN40"            18.97200   -0.00407    0.00000
 "DRIFT_19"            19.47200   -0.00354    0.00000
 "LT.QDN42"            19.97200   -0.00300    0.00000
 "DRIFT_20"            20.24575   -0.00295    0.00000
 "LT.DHZ30"            20.39200   -0.00295    0.00000
 "LT.DVT30"            20.39200   -0.00295    0.00000
 "DRIFT_21"            20.69350   -0.00294    0.00000
 "LT.BPM30"            20.99500   -0.00293    0.00000
 "DRIFT_22"            21.37100   -0.00292    0.00000
 "LT.CDB10"            21.74700   -0.00290    0.00000
 "DRIFT_23"            22.21975   -0.00289    0.00000
 "LT.BCT20"            22.69250   -0.00287    0.00000
 "DRIFT_24"            23.08843   -0.00286    0.00000
 "LT.BHZ20"            24.00857   -0.00280    0.00000
 "DRIFT_25"            24.89995   -0.00262    0.00000
 "LT.VGP12"            25.26713   -0.00253    0.00000
 "DRIFT_26"            25.69113   -0.00243    0.00000
 "LT.STP10"            26.11513   -0.00233    0.00000
 "DRIFT_27"            27.74013   -0.00194    0.00000
 "LT.BEC3"             29.36513   -0.00155    0.00000
 "DRIFT_28"            29.93638   -0.00141    0.00000
 "LT.QFN50"            30.63513   -0.00123    0.00000
 "DRIFT_29"            31.17388   -0.00087    0.00000
 "LT.VPI14"            31.58513   -0.00059    0.00000
 "DRIFT_30"            31.79513   -0.00045    0.00000
 "LT.BEC4"             32.00513   -0.00031    0.00000
 "DRIFT_31"            32.18563   -0.00018    0.00000
 "LT.BCT30"            32.36613   -0.00006    0.00000
 "DRIFT_32"            32.62563    0.00012    0.00000
 "LT.DHZ40"            32.88513    0.00029    0.00000
 "LT.DVT40"            32.88513    0.00029    0.00000
 "DRIFT_33"            33.46513    0.00069    0.00000
 "LT.BPM40"            34.04513    0.00109    0.00000
 "DRIFT_34"            34.37638    0.00131    0.00000
 "LT.QDN55"            34.83513    0.00164    0.00000
 "DRIFT_35"            35.07989    0.00188    0.00000
 "LT.VVS20"            35.19714    0.00200    0.00000
 "DRIFT_36"            37.38739    0.00424    0.00000
 "LT.QFN60"            39.70513    0.00657    0.00000
 "DRIFT_37"            40.65914    0.00648    0.00000
 "LT.QDN65"            41.61314    0.00639    0.00000
 "DRIFT_38"            41.87553    0.00662    0.00000
 "LT.BHZ25"            42.21314    0.00695    0.00000
 "DRIFT_39"            42.96300    0.00770    0.00000
 "LT.VPI25"            43.51014    0.00824    0.00000
 "DRIFT_40"            44.80814    0.00954    0.00000
 "LT.VPI26"            46.10614    0.01083    0.00000
 "DRIFT_41"            46.31014    0.01103    0.00000
 "LT.QFW70"            46.74514    0.01128    0.00000
 "DRIFT_42"            48.49189    0.00766    0.00000
 "LT.QDN75"            50.13514    0.00410    0.00000
 "DRIFT_43"            50.68389    0.00325    0.00000
 "LT.DHZ50"            51.10514    0.00261    0.00000
 "LT.DVT50"            51.10514    0.00261    0.00000
 "DRIFT_44"            51.42214    0.00213    0.00000
 "LT.BCT40"            51.73914    0.00165    0.00000
 "DRIFT_45"            51.98314    0.00128    0.00000
 "LT.BPM50"            52.50514    0.00049    0.00000
 "DRIFT_46"            53.12800   -0.00046    0.00000
 "ENDLT"               53.47286   -0.00098    0.00000
 "LT$END"              53.47286   -0.00098    0.00000
 "DRIFT_47"            53.47286   -0.00098    0.00000
 "LTB$START"           53.47287   -0.00098    0.00000
 "BEGLTB"              53.47287   -0.00098    0.00000
 "LT.BHZ30"            53.99860   -0.00176    0.00000
 "DRIFT_48"            54.86818   -0.00291    0.00000
 "LTB.DHZ10"           55.21204   -0.00334    0.00000
 "LTB.DVT10"           55.21204   -0.00334    0.00000
 "DRIFT_49"            55.47879   -0.00368    0.00000
 "LTB.STP10"           55.74554   -0.00402    0.00000
 "DRIFT_50"            55.93879   -0.00427    0.00000
 "LTB.VVS10"           56.13204   -0.00451    0.00000
 "DRIFT_51"            56.38079   -0.00483    0.00000
 "LTB.VPI11"           56.62954   -0.00515    0.00000
 "DRIFT_52"            57.39704   -0.00612    0.00000
 "LTB.QFN10"           58.29204   -0.00718    0.00000
 "DRIFT_19"            58.79204   -0.00660    0.00000
 "LTB.QDN20"           59.29204   -0.00597    0.00000
 "DRIFT_53"            59.57479   -0.00585    0.00000
 "LTB.MSF30"           59.73004   -0.00580    0.00000
 "DRIFT_54"            60.08379   -0.00568    0.00000
 "LTB.BPM10"           60.43754   -0.00557    0.00000
 "DRIFT_55"            60.62129   -0.00551    0.00000
 "LTB.BCT49"           60.80504   -0.00545    0.00000
 "DRIFT_56"            60.97354   -0.00539    0.00000
 "LTB.DHZ20"           61.14204   -0.00534    0.00000
 "LTB.DVT20"           61.14204   -0.00534    0.00000
 "DRIFT_57"            62.60654   -0.00486    0.00000
 "LTB.BCT50"           64.07104   -0.00438    0.00000
 "DRIFT_58"            64.32604   -0.00429    0.00000
 "LTB.BCT55"           64.58104   -0.00421    0.00000
 "DRIFT_59"            66.11154   -0.00371    0.00000
 "LTB.BPM20"           67.64204   -0.00320    0.00000
 "DRIFT_60"            67.89204   -0.00312    0.00000
 "LTB.DHZ30"           68.14204   -0.00304    0.00000
 "LTB.DVT30"           68.14204   -0.00304    0.00000
 "DRIFT_61"            68.47679   -0.00293    0.00000
 "LTB.QFW30"           69.04204   -0.00271    0.00000
 "DRIFT_62"            69.54204   -0.00228    0.00000
 "LTB.QDW40"           70.04204   -0.00184    0.00000
 "DRIFT_63"            72.59679   -0.00078    0.00000
 "LTB.BCT59"           74.92104    0.00016    0.00000
 "DRIFT_64"            75.19254    0.00027    0.00000
 "LTB.VPI12"           75.46404    0.00038    0.00000
 "DRIFT_65"            75.68904    0.00047    0.00000
 "LTB.VGR01"           75.91404    0.00056    0.00000
 "DRIFT_66"            76.94704    0.00098    0.00000
 "LTB.VPI13"           77.98004    0.00140    0.00000
 "DRIFT_67"            78.24504    0.00150    0.00000
 "LTB.MSF40"           78.51004    0.00161    0.00000
 "DRIFT_68"            78.72604    0.00170    0.00000
 "LTB.BCT60"           78.94204    0.00179    0.00000
 "DRIFT_69"            79.15179    0.00187    0.00000
 "LTB.QFW50"           79.59204    0.00201    0.00000
 "DRIFT_70"            80.24204    0.00186    0.00000
 "LTB.QDW60"           80.89204    0.00171    0.00000
 "DRIFT_69"            81.33229    0.00183    0.00000
 "LTB.DHZ40"           81.54204    0.00190    0.00000
 "LTB.DVT40"           81.54204    0.00190    0.00000
 "DRIFT_71"            81.79404    0.00199    0.00000
 "LTB.BPM30"           82.04604    0.00208    0.00000
 "DRIFT_72"            82.37704    0.00220    0.00000
 "ENDLTB"              82.70804    0.00232    0.00000
 "LTB$END"             82.70804    0.00232    0.00000
 "BI2$START"           82.70804    0.00232    0.00000
 "BEGBI"               82.70804    0.00232    0.00000
 "LTB.BHZ40"           83.15804    0.00248    0.00000
 "DRIFT_73"            83.94804    0.00276    0.00000
 "BI.VPI11"            84.28804    0.00288    0.00000
 "DRIFT_74"            86.78004    0.00376    0.00000
 "BI.DHZ10"            89.27204    0.00465    0.00000
 "BI.DVT10"            89.27204    0.00465    0.00000
 "DRIFT_75"            89.51554    0.00474    0.00000
 "BI.BPM00"            89.75904    0.00482    0.00000
 "DRIFT_76"            90.21004    0.00498    0.00000
 "BI.BTV10"            90.66104    0.00514    0.00000
 "DRIFT_77"            90.94904    0.00524    0.00000
 "BI.STPFA10"          91.23704    0.00535    0.00000
 "DRIFT_78"            92.85004    0.00592    0.00000
 "BI.STPSW10"          94.46304    0.00649    0.00000
 "DRIFT_79"            94.83754    0.00663    0.00000
 "BI.BPM10"            95.21204    0.00676    0.00000
 "DRIFT_80"            95.45204    0.00684    0.00000
 "BI.DHZ20"            95.69204    0.00693    0.00000
 "BI.DVT20"            95.69204    0.00693    0.00000
 "DRIFT_81"            95.89654    0.00700    0.00000
 "BI.QNO10"            96.33204    0.00694    0.00000
 "DRIFT_82"            96.83204    0.00554    0.00000
 "BI.QNO20"            97.33204    0.00408    0.00000
 "DRIFT_83"           100.98834    0.00121    0.00000
 "BI.BPM20"           104.41364   -0.00135    0.00000
 "DRIFT_84"           104.63844   -0.00152    0.00000
 "BI.BCT10"           104.86324   -0.00168    0.00000
 "DRIFT_85"           105.05284   -0.00183    0.00000
 "BI.VVS10"           105.24244   -0.00197    0.00000
 "DRIFT_86"           105.28449   -0.00200    0.00000
 "BI.DVT30"           105.47404   -0.00214   -0.00000
 "DRIFT_87"           105.74329   -0.00234    0.00000
 "BI.BTV20"           105.86504   -0.00243    0.00000
 "DRIFT_88"           106.15839   -0.00265    0.00000
 "BI.QNO30"           106.68274   -0.00299   -0.00000
 "DRIFT_89"           107.10389   -0.00294    0.00000
 "BI.BPM30"           107.29405   -0.00289    0.00000
 "DRIFT_90"           107.49762   -0.00284    0.00000
 "BI.QNO40"           107.93220   -0.00280    0.00000
 "DRIFT_91"           108.29362   -0.00310   -0.00000
 "BI.DIS0"            108.62405   -0.00344   -0.00000
 "DRIFT_92"           108.82905   -0.00365   -0.00000
 "BI2.DIS1"           109.03405   -0.00386   -0.00000
 "DRIFT_93"           109.23905   -0.00407   -0.00000
 "BI2.DIS2"           109.44405   -0.00428    0.00000
 "DRIFT_94"           109.64905   -0.00450   -0.00000
 "BI2.DIS3"           109.85405   -0.00471    0.00000
 "DRIFT_95"           110.05905   -0.00492   -0.00000
 "BI2.DIS4"           110.26406   -0.00513    0.00000
 "DRIFT_96"           110.55557   -0.00543   -0.00000
 "BI2.DVT40"          110.81058   -0.00569   -0.00000
 "DRIFT_97"           111.82484   -0.00673   -0.00000
 "BI.VPI12"           112.67560   -0.00761   -0.00000
 "DRIFT_98"           114.78461   -0.00978   -0.00000
 "BI.BTV30"           116.89362   -0.01195   -0.00000
 "DRIFT_99"           117.73498   -0.01281   -0.00000
 "BI.SMVHDP"          118.57634   -0.01368   -0.00000
 "DRIFT_100"          118.68924   -0.01379   -0.00000
 "BI2.SMV10"          119.28363   -0.01441    0.00001
 "DRIFT_101"          120.55369   -0.01571   -0.00000
 "BI2.BVT10"          121.70253   -0.01682   -0.00003
 "DRIFT_102"          122.21672   -0.01722   -0.00000
 "BI2.QNO50"          122.60362   -0.01689   -0.00000
 "DRIFT_103"          122.97862   -0.01412   -0.00000
 "BI2.QNO60"          123.35362   -0.01128   -0.00000
 "DRIFT_104"          123.74912   -0.01020   -0.00000
 "BI2.DHZ50"          123.91162   -0.00991   -0.00000
 "BI2.DVT50"          123.91162   -0.00991   -0.00000
 "DRIFT_105"          124.19512   -0.00941   -0.00000
 "BI2.BPM40"          124.47862   -0.00891   -0.00000
 "DRIFT_106"          125.06962   -0.00786   -0.00000
 "BI2.BTV40"          125.66062   -0.00682   -0.00000
 "DRIFT_107"          125.93387   -0.00633   -0.00000
 "BI2.VPI14"          126.20712   -0.00585   -0.00000
 "DRIFT_108"          126.40637   -0.00550   -0.00000
 "BI2.BCT20"          126.60562   -0.00515   -0.00000
 "DRIFT_109"          126.82862   -0.00475   -0.00000
 "BI2.BPM50"          127.05162   -0.00436   -0.00000
 "DRIFT_110"          127.31262   -0.00390   -0.00000
 "BI2.VVS20"          127.57362   -0.00343   -0.00000
 "DRIFT_111"          128.77362   -0.00131   -0.00000
 "BI2.DHZ70"          129.97362    0.00081   -0.00000
 "BI2.DVT70"          129.97362    0.00081   -0.00000
 "DRIFT_112"          130.60222    0.00192   -0.00000
 "BI2.INJPT"          131.23082    0.00303   -0.00000
 "BI2$END"            131.23082    0.00303   -0.00000
 "LTLTBBI$END"        131.23082    0.00303   -0.00000
