@ NAME             %09s "PTC_TWISS"
@ TYPE             %05s "TWISS"
@ SEQUENCE         %03s "BT1"
@ PARTICLE         %06s "PROTON"
@ MASS             %le    0.938272
@ CHARGE           %le    1.000000
@ ENERGY           %le    2.336655
@ PC               %le    2.140000
@ GAMMA            %le    2.490381
@ KBUNCH           %le    1.000000
@ BCURRENT         %le    0.000000
@ SIGE             %le    0.000000
@ SIGT             %le    0.000000
@ NPART            %le    0.000000
@ EX               %le    1.000000
@ EY               %le    1.000000
@ ET               %le    1.000000
@ DELTAP           %le    0.000000
@ LENGTH           %le   34.251136
@ ALPHA_C          %le  -1000000.000000
@ ALPHA_C_P        %le  -1000000.000000
@ ALPHA_C_P2       %le  -1000000.000000
@ ALPHA_C_P3       %le  -1000000.000000
@ ETA_C            %le  -1000000.000000
@ GAMMA_TR         %le  -1000000.000000
@ Q1               %le    0.534810
@ Q2               %le    0.583210
@ DQ1              %le  -1000000.000000
@ DQ2              %le  -1000000.000000
@ QS               %le  -1000000.000000
@ BETA_X_MIN       %le    2.766704
@ BETA_X_MAX       %le   62.466931
@ BETA_Y_MIN       %le    4.212792
@ BETA_Y_MAX       %le   25.848497
@ BETA11MIN        %le    2.766704
@ BETA11MAX        %le   62.466931
@ BETA12MIN        %le    0.000000
@ BETA12MAX        %le    0.000000
@ BETA13MIN        %le    0.000000
@ BETA13MAX        %le    0.000000
@ BETA21MIN        %le    0.000000
@ BETA21MAX        %le    0.000000
@ BETA22MIN        %le    4.212792
@ BETA22MAX        %le   25.848497
@ BETA23MIN        %le    0.000000
@ BETA23MAX        %le    0.000000
@ BETA31MIN        %le    0.000000
@ BETA31MAX        %le    0.000000
@ BETA32MIN        %le    0.000000
@ BETA32MAX        %le    0.000000
@ BETA33MIN        %le    0.000000
@ BETA33MAX        %le    0.000000
@ DISP1MIN         %le   -1.343174
@ DISP1MAX         %le    2.437456
@ DISP2MIN         %le   -0.824231
@ DISP2MAX         %le    0.211042
@ DISP3MIN         %le   -0.305164
@ DISP3MAX         %le    0.754945
@ DISP4MIN         %le   -0.076838
@ DISP4MAX         %le    0.227918
@ ORBIT_X          %le    0.000000
@ ORBIT_PX         %le    0.000000
@ ORBIT_Y          %le    0.000000
@ ORBIT_PY         %le    0.000000
@ ORBIT_PT         %le    0.000000
@ ORBIT_-CT        %le    0.000000
@ XCORMS           %le    0.000000
@ PXCORMS          %le    0.000000
@ YCORMS           %le    0.000000
@ PYCORMS          %le    0.000000
@ TCORMS           %le    0.000000
@ PTCORMS          %le    0.000000
@ XCOMIN           %le   -0.000000
@ XCOMAX           %le    0.000000
@ PXCOMIN          %le   -0.000000
@ PXCOMAX          %le    0.000000
@ YCOMIN           %le   -0.000000
@ YCOMAX           %le    0.000000
@ PYCOMIN          %le   -0.000000
@ PYCOMAX          %le    0.000000
@ TCOMIN           %le    0.000000
@ TCOMAX           %le    0.000000
@ PTCOMIN          %le    0.000000
@ PTCOMAX          %le    0.000000
@ TITLE            %42s "Transferline BT1 optics. Protons - 1.4 GeV"
@ ORIGIN           %22s "MAD-X 5.02.01 Linux 64"
@ DATE             %08s "22/05/14"
@ TIME             %08s "14.51.40"
* NAME               KEYWORD                     S          L        K0L        K1L      ANGLE          Y         PY          X         PX       BETX       ALFX       BETY       ALFY      DISP1      DISP2      DISP3      DISP4        MU1        MU2 
$ %s                 %s                        %le        %le        %le        %le        %le        %le        %le        %le        %le        %le        %le        %le        %le        %le        %le        %le        %le        %le        %le 
 "BT1$START"         "MARKER"              0.000000   0.000000   0.000000   0.000000   0.000000   0.000000   0.000000   0.000000   0.000000   5.673296  -0.024329   4.212792  -0.051241  -1.343174   0.057377   0.000000   0.000000   0.000000   0.000000
 "BT1.START"         "MARKER"              0.000000   0.000000   0.000000   0.000000   0.000000   0.000000   0.000000   0.000000   0.000000   5.673296  -0.024329   4.212792  -0.051241  -1.343174   0.057377   0.000000   0.000000   0.000000   0.000000
 "DRIFT_0"           "DRIFT"               2.548966   2.548966   0.000000   0.000000   0.000000   0.000000   0.000000   0.000000   0.000000   6.943231  -0.473887   6.020324  -0.657883  -1.196922   0.057377   0.000000   0.000000   0.066561   0.084464
 "BT1.BVT10"         "SBEND"               3.455788   0.906823   0.000000   0.000000  -0.076800   0.000000   0.000000   0.000000   0.000000   7.904277  -0.582781   7.407644  -0.873491  -1.141360   0.064985  -0.034805  -0.076838   0.086092   0.106121
 "DRIFT_1"           "DRIFT"               3.610697   0.154908   0.000000   0.000000   0.000000   0.000000   0.000000   0.000000   0.000000   8.088899  -0.609036   7.683976  -0.910358  -1.131293   0.064985  -0.046708  -0.076838   0.089175   0.109389
 "BT1.BPM00"         "MONITOR"             4.118697   0.508000   0.000000   0.000000   0.000000   0.000000   0.000000   0.000000   0.000000   8.751417  -0.695133   8.670318  -1.031260  -1.098281   0.064985  -0.085742  -0.076838   0.098791   0.119301
 "DRIFT_2"           "DRIFT"               4.298970   0.180274   0.000000   0.000000   0.000000   0.000000   0.000000   0.000000   0.000000   9.007553  -0.725686   9.049871  -1.074164  -1.086566   0.064985  -0.099594  -0.076838   0.102023   0.122540
 "BT1.DHZ10"         "HKICKER"             4.633970   0.335000   0.000000   0.000000   0.000000   0.000000   0.000000   0.000000   0.000000   9.512783  -0.782462   9.796270  -1.153893  -1.064796   0.064985  -0.125334  -0.076838   0.107784   0.128204
 "DRIFT_3"           "DRIFT"               4.678242   0.044272   0.000000   0.000000   0.000000   0.000000   0.000000   0.000000   0.000000   9.582397  -0.789966   9.898906  -1.164429  -1.061919   0.064985  -0.128736  -0.076838   0.108522   0.128920
 "BT1.VVS10"         "INSTRUMENT"          4.778242   0.100000   0.000000   0.000000   0.000000   0.000000   0.000000   0.000000   0.000000   9.742085  -0.806914  10.134171  -1.188229  -1.055420   0.064985  -0.136420  -0.076838   0.110169   0.130509
 "DRIFT_4"           "DRIFT"               6.374494   1.596252   0.000000   0.000000   0.000000   0.000000   0.000000   0.000000   0.000000  12.750005  -1.077450  14.534014  -1.568129  -0.951687   0.064985  -0.259073  -0.076838   0.133043   0.151503
 "BT1.SMV10"         "SBEND"               7.371303   0.996808   0.000000   0.000000   0.073561   0.000000   0.000000   0.000000   0.000000  14.922133  -1.165731  17.974793  -1.804555  -0.881931   0.070147  -0.299604  -0.003143   0.144554   0.161315
 "DRIFT_5"           "DRIFT"               7.473118   0.101815   0.000000   0.000000   0.000000   0.000000   0.000000   0.000000   0.000000  15.161150  -1.181826  18.344711  -1.828665  -0.874789   0.070147  -0.299924  -0.003143   0.145632   0.162208
 "BT2.BTV10"         "MONITOR"             7.473118   0.000000   0.000000   0.000000   0.000000   0.000000   0.000000   0.000000   0.000000  15.161150  -1.181826  18.344711  -1.828665  -0.874789   0.070147  -0.299924  -0.003143   0.145632   0.162208
 "DRIFT_6"           "DRIFT"               8.153121   0.680004   0.000000   0.000000   0.000000   0.000000   0.000000   0.000000   0.000000  16.841540  -1.289323  20.941205  -1.989689  -0.827089   0.070147  -0.302062  -0.003143   0.152407   0.167731
 "BT.VPG11"          "PLACEHOLDER"         8.153121   0.000000   0.000000   0.000000   0.000000   0.000000   0.000000   0.000000   0.000000  16.841540  -1.289323  20.941205  -1.989689  -0.827089   0.070147  -0.302062  -0.003143   0.152407   0.167731
 "DRIFT_7"           "DRIFT"               8.710625   0.557503   0.000000   0.000000   0.000000   0.000000   0.000000   0.000000   0.000000  18.328277  -1.377454  23.233322  -2.121706  -0.787982   0.070147  -0.303814  -0.003143   0.157458   0.171754
 "BT2.BPM10"         "MONITOR"             8.895625   0.185000   0.000000   0.000000   0.000000   0.000000   0.000000   0.000000   0.000000  18.843345  -1.406699  24.026457  -2.165513  -0.775005   0.070147  -0.304395  -0.003143   0.159042   0.173000
 "DRIFT_8"           "DRIFT"               9.140127   0.244502   0.000000   0.000000   0.000000   0.000000   0.000000   0.000000   0.000000  19.540677  -1.445351  25.099557  -2.223411  -0.757854   0.070147  -0.305164  -0.003143   0.161070   0.174584
 "BT1.QNO10"         "SBEND"               9.606144   0.466017   0.000000   0.311062  -0.009860   0.000000   0.000000   0.000000   0.000000  24.031415  -8.644260  23.556455   5.364740  -0.779989  -0.166023  -0.286987   0.080107   0.164576   0.177562
 "DRIFT_9"           "DRIFT"              10.754247   1.148103   0.000000   0.000000   0.000000   0.000000   0.000000   0.000000   0.000000  48.033884 -12.261943  12.904322   3.913291  -0.970601  -0.166023  -0.195016   0.080107   0.169956   0.188050
 "BT2.VVS30"         "INSTRUMENT"         10.854247   0.100000   0.000000   0.000000   0.000000   0.000000   0.000000   0.000000   0.000000  50.517783 -12.577044  12.134306   3.786869  -0.987203  -0.166023  -0.187005   0.080107   0.170279   0.189322
 "DRIFT_10"          "DRIFT"              11.140276   0.286029   0.000000   0.000000   0.000000   0.000000   0.000000   0.000000   0.000000  57.970369 -13.478323  10.071427   3.425267  -1.034691  -0.166023  -0.164092   0.080107   0.171120   0.193440
 "BT1.QNO20"         "SBEND"              11.606303   0.466028   0.000000  -0.294343   0.004532   0.000000   0.000000   0.000000   0.000000  62.466931   4.262299   8.312955   0.520980  -1.040088   0.142909  -0.136224   0.040886   0.172324   0.201736
 "DRIFT_11"          "DRIFT"              13.518874   1.912570   0.000000   0.000000   0.000000   0.000000   0.000000   0.000000   0.000000  47.285426   3.675451   6.879593   0.228463  -0.766764   0.142909  -0.058027   0.040886   0.177926   0.242429
 "BT.VGP21"          "PLACEHOLDER"        13.518874   0.000000   0.000000   0.000000   0.000000   0.000000   0.000000   0.000000   0.000000  47.285426   3.675451   6.879593   0.228463  -0.766764   0.142909  -0.058027   0.040886   0.177926   0.242429
 "BT.VGR21"          "PLACEHOLDER"        13.518874   0.000000   0.000000   0.000000   0.000000   0.000000   0.000000   0.000000   0.000000  47.285426   3.675451   6.879593   0.228463  -0.766764   0.142909  -0.058027   0.040886   0.177926   0.242429
 "BT.VPI22"          "PLACEHOLDER"        13.518874   0.000000   0.000000   0.000000   0.000000   0.000000   0.000000   0.000000   0.000000  47.285426   3.675451   6.879593   0.228463  -0.766764   0.142909  -0.058027   0.040886   0.177926   0.242429
 "BT.VPI22A"         "PLACEHOLDER"        13.518874   0.000000   0.000000   0.000000   0.000000   0.000000   0.000000   0.000000   0.000000  47.285426   3.675451   6.879593   0.228463  -0.766764   0.142909  -0.058027   0.040886   0.177926   0.242429
 "DRIFT_12"          "DRIFT"              13.943389   0.424516   0.000000   0.000000   0.000000   0.000000   0.000000   0.000000   0.000000  44.220149   3.545194   6.713184   0.163536  -0.706096   0.142909  -0.040670   0.040886   0.179404   0.252378
 "BT1.KFA10"         "SBEND"              15.503408   1.560019   0.000000   0.000000   0.008567  -0.000000   0.000000  -0.000000   0.000000  33.900068   3.068081   6.575632  -0.075049  -0.483103   0.142943   0.029792   0.049451   0.185818   0.290099
 "DRIFT_13"          "DRIFT"              15.910908   0.407500   0.000000   0.000000   0.000000  -0.000000   0.000000  -0.000000   0.000000  31.450590   2.942909   6.662193  -0.137369  -0.424854   0.142943   0.049944   0.049451   0.187805   0.299904
 "BT.BTV20"          "MONITOR"            15.910908   0.000000   0.000000   0.000000   0.000000  -0.000000   0.000000  -0.000000   0.000000  31.450590   2.942909   6.662193  -0.137369  -0.424854   0.142943   0.049944   0.049451   0.187805   0.299904
 "DRIFT_14"          "DRIFT"              16.167294   0.256386   0.000000   0.000000   0.000000  -0.000000   0.000000  -0.000000   0.000000  29.961742   2.864155   6.742685  -0.176579  -0.388206   0.142943   0.062622   0.049451   0.189134   0.305994
 "BT2.BVT20"         "SBEND"              17.081103   0.913809   0.000000   0.000000  -0.074174  -0.000000  -0.000000  -0.000000  -0.000000  24.833375   2.732474   7.192581  -0.316203  -0.256515   0.144884   0.073895  -0.024757   0.194467   0.326919
 "DRIFT_15"          "DRIFT"              17.372502   0.291398   0.000000   0.000000   0.000000  -0.000000  -0.000000  -0.000000  -0.000000  23.269848   2.633128   7.389848  -0.360767  -0.214296   0.144884   0.066681  -0.024757   0.196396   0.333282
 "BT2.BPM20"         "MONITOR"            17.557502   0.185000   0.000000   0.000000   0.000000  -0.000000  -0.000000  -0.000000  -0.000000  22.307259   2.570056   7.528566  -0.389060  -0.187493   0.144884   0.062101  -0.024757   0.197688   0.337230
 "DRIFT_16"          "DRIFT"              18.763132   1.205630   0.000000   0.000000   0.000000  -0.000000  -0.000000  -0.000000  -0.000000  16.605741   2.159022   8.688986  -0.573441  -0.012816   0.144884   0.032253  -0.024757   0.207665   0.361043
 "BT2.DVT40"         "VKICKER"            19.098132   0.335000   0.000000   0.000000   0.000000  -0.000000  -0.000000  -0.000000  -0.000000  15.197457   2.044811   9.090354  -0.624673   0.035720   0.144884   0.023960  -0.024757   0.211021   0.367043
 "DRIFT_17"          "DRIFT"              20.084404   0.986272   0.000000   0.000000   0.000000  -0.000000  -0.000000  -0.000000  -0.000000  11.495608   1.708562  10.471313  -0.775507   0.178616   0.144884  -0.000457  -0.024757   0.222908   0.383160
 "BT.VPI23"          "PLACEHOLDER"        20.084404   0.000000   0.000000   0.000000   0.000000  -0.000000  -0.000000  -0.000000  -0.000000  11.495608   1.708562  10.471313  -0.775507   0.178616   0.144884  -0.000457  -0.024757   0.222908   0.383160
 "DRIFT_18"          "DRIFT"              20.389513   0.305109   0.000000   0.000000   0.000000  -0.000000  -0.000000  -0.000000  -0.000000  10.484749   1.604542  10.958779  -0.822168   0.222821   0.144884  -0.008011  -0.024757   0.227332   0.387693
 "BT2.SMV20"         "SBEND"              21.386358   0.996845   0.000000   0.000000   0.071310  -0.000000   0.000000  -0.000000   0.000000   7.534320   1.301645  12.808347  -0.974103   0.366113   0.143746   0.002838   0.046556   0.245220   0.401089
 "DRIFT_19"          "DRIFT"              21.473294   0.086936   0.000000   0.000000   0.000000  -0.000000   0.000000  -0.000000   0.000000   7.310704   1.270557  12.978866  -0.987331   0.378610   0.143746   0.006886   0.046556   0.247084   0.402162
 "BT2.BTV30"         "MONITOR"            21.473294   0.000000   0.000000   0.000000   0.000000  -0.000000   0.000000  -0.000000   0.000000   7.310704   1.270557  12.978866  -0.987331   0.378610   0.143746   0.006886   0.046556   0.247084   0.402162
 "DRIFT_20"          "DRIFT"              22.071296   0.598002   0.000000   0.000000   0.000000  -0.000000   0.000000  -0.000000   0.000000   5.918992   1.056711  14.214130  -1.078321   0.464570   0.143746   0.034726   0.046556   0.261572   0.409172
 "BT2.QNO30"         "SBEND"              22.537300   0.466004   0.000000   0.133785  -0.002548  -0.000000   0.000000  -0.000000   0.000000   5.348797   0.192447  14.342035   0.808930   0.546815   0.211042   0.054529   0.037993   0.274907   0.414313
 "DRIFT_21"          "DRIFT"              25.603848   3.066547   0.000000   0.000000   0.000000  -0.000000   0.000000  -0.000000   0.000000   5.991715  -0.402102  10.465516   0.455201   1.193984   0.211042   0.171036   0.037993   0.366013   0.454578
 "BT.BPM30"          "MONITOR"            25.925848   0.322000   0.000000   0.000000   0.000000  -0.000000   0.000000  -0.000000   0.000000   6.270771  -0.464532  10.184326   0.418058   1.261940   0.211042   0.183269   0.037993   0.374378   0.459543
 "DRIFT_22"          "DRIFT"              26.169856   0.244008   0.000000   0.000000   0.000000  -0.000000   0.000000  -0.000000   0.000000   6.509014  -0.511841   9.987175   0.389911   1.313436   0.211042   0.192540   0.037993   0.380458   0.463394
 "BT.BCT10"          "INSTRUMENT"         26.483856   0.314000   0.000000   0.000000   0.000000  -0.000000   0.000000  -0.000000   0.000000   6.849566  -0.572720   9.753684   0.353691   1.379703   0.211042   0.204470   0.037993   0.387945   0.468458
 "DRIFT_23"          "DRIFT"              26.697864   0.214009   0.000000   0.000000   0.000000  -0.000000   0.000000  -0.000000   0.000000   7.103580  -0.614212   9.607581   0.329005   1.424867   0.211042   0.212600   0.037993   0.392829   0.471977
 "BT.DVT50"          "VKICKER"            27.133864   0.436000   0.000000   0.000000   0.000000  -0.000000   0.000000  -0.000000   0.000000   7.676029  -0.698745   9.342616   0.278712   1.516882   0.211042   0.229165   0.037993   0.402231   0.479304
 "DRIFT_24"          "DRIFT"              27.908079   0.774215   0.000000   0.000000   0.000000  -0.000000   0.000000  -0.000000   0.000000   8.874200  -0.848851   8.980193   0.189406   1.680273   0.211042   0.258580   0.037993   0.417183   0.492773
 "BT.VGP23"          "PLACEHOLDER"        27.908079   0.000000   0.000000   0.000000   0.000000  -0.000000   0.000000  -0.000000   0.000000   8.874200  -0.848851   8.980193   0.189406   1.680273   0.211042   0.258580   0.037993   0.417183   0.492773
 "BT.VPG22"          "PLACEHOLDER"        27.908079   0.000000   0.000000   0.000000   0.000000  -0.000000   0.000000  -0.000000   0.000000   8.874200  -0.848851   8.980193   0.189406   1.680273   0.211042   0.258580   0.037993   0.417183   0.492773
 "DRIFT_25"          "DRIFT"              28.904394   0.996315   0.000000   0.000000   0.000000  -0.000000   0.000000  -0.000000   0.000000  10.758101  -1.042018   8.717280   0.074480   1.890537   0.211042   0.296433   0.037993   0.433440   0.510733
 "BT2.KFA20"         "SBEND"              30.464401   1.560008   0.000000   0.000000   0.005412   0.000000   0.000000   0.000000   0.000000  14.480325  -1.344213   8.765874  -0.105465   2.219708   0.211006   0.359927   0.043405   0.453385   0.539288
 "DRIFT_26"          "DRIFT"              30.871901   0.407500   0.000000   0.000000   0.000000   0.000000   0.000000   0.000000   0.000000  15.608047  -1.423204   8.870982  -0.152469   2.305693   0.211006   0.377615   0.043405   0.457699   0.546645
 "BT.BTV40"          "MONITOR"            30.871901   0.000000   0.000000   0.000000   0.000000   0.000000   0.000000   0.000000   0.000000  15.608047  -1.423204   8.870982  -0.152469   2.305693   0.211006   0.377615   0.043405   0.457699   0.546645
 "DRIFT_27"          "DRIFT"              31.021401   0.149500   0.000000   0.000000   0.000000   0.000000   0.000000   0.000000   0.000000  16.037917  -1.452183   8.919148  -0.169714   2.337239   0.211006   0.384104   0.043405   0.459203   0.549320
 "BT.DVT60"          "VKICKER"            31.457401   0.436000   0.000000   0.000000   0.000000   0.000000   0.000000   0.000000   0.000000  17.341070  -1.536699   9.089066  -0.220005   2.429237   0.211006   0.403028   0.043405   0.463365   0.557030
 "DRIFT_28"          "DRIFT"              31.496351   0.038950   0.000000   0.000000   0.000000   0.000000   0.000000   0.000000   0.000000  17.461073  -1.544249   9.106380  -0.224498   2.437456   0.211006   0.404718   0.043405   0.463721   0.557712
 "BT.QNO40"          "QUADRUPOLE"         31.962451   0.466100   0.000000   0.430429   0.000000   0.000000   0.000000   0.000000   0.000000  15.480029   5.506397  11.324015  -4.847357   2.292106  -0.824231   0.466914   0.227918   0.468084   0.565267
 "DRIFT_29"          "DRIFT"              32.214401   0.251950   0.000000   0.000000   0.000000   0.000000   0.000000   0.000000   0.000000  12.833791   4.996632  13.903919  -5.392392   2.084441  -0.824231   0.524338   0.227918   0.470929   0.568462
 "BT.BPM40"          "MONITOR"            32.399401   0.185000   0.000000   0.000000   0.000000   0.000000   0.000000   0.000000   0.000000  11.054284   4.622325  15.973142  -5.792597   1.931958  -0.824231   0.566503   0.227918   0.473401   0.570438
 "DRIFT_30"          "DRIFT"              32.905401   0.506000   0.000000   0.000000   0.000000   0.000000   0.000000   0.000000   0.000000   6.894523   3.598546  22.389124  -6.887210   1.514897  -0.824231   0.681829   0.227918   0.482631   0.574697
 "BT.QNO50"          "QUADRUPOLE"         33.293401   0.388000   0.000000  -0.284967   0.000000   0.000000   0.000000   0.000000   0.000000   4.998419   1.467115  25.276513  -0.278201   1.273693  -0.430524   0.731293   0.024696   0.493353   0.577246
 "DRIFT_31"          "DRIFT"              34.251136   0.957735   0.000000   0.000000   0.000000   0.000000   0.000000   0.000000   0.000000   2.766704   0.863086  25.848497  -0.319024   0.861365  -0.430524   0.754945   0.024696   0.534810   0.583210
 "BT1.END"           "MARKER"             34.251136   0.000000   0.000000   0.000000   0.000000   0.000000   0.000000   0.000000   0.000000   2.766704   0.863086  25.848497  -0.319024   0.861365  -0.430524   0.754945   0.024696   0.534810   0.583210
 "BT1$END"           "MARKER"             34.251136   0.000000   0.000000   0.000000   0.000000   0.000000   0.000000   0.000000   0.000000   2.766704   0.863086  25.848497  -0.319024   0.861365  -0.430524   0.754945   0.024696   0.534810   0.583210
