@ NAME             %09s "PTC_TWISS"
@ TYPE             %05s "TWISS"
@ SEQUENCE         %03s "BT2"
@ PARTICLE         %06s "PROTON"
@ MASS             %le    0.938272
@ CHARGE           %le    1.000000
@ ENERGY           %le    2.336655
@ PC               %le    2.140000
@ GAMMA            %le    2.490381
@ KBUNCH           %le    1.000000
@ BCURRENT         %le    0.000000
@ SIGE             %le    0.000000
@ SIGT             %le    0.000000
@ NPART            %le    0.000000
@ EX               %le    1.000000
@ EY               %le    1.000000
@ ET               %le    1.000000
@ DELTAP           %le    0.000000
@ LENGTH           %le   34.240429
@ ALPHA_C          %le  -1000000.000000
@ ALPHA_C_P        %le  -1000000.000000
@ ALPHA_C_P2       %le  -1000000.000000
@ ALPHA_C_P3       %le  -1000000.000000
@ ETA_C            %le  -1000000.000000
@ GAMMA_TR         %le  -1000000.000000
@ Q1               %le    0.529714
@ Q2               %le    0.582378
@ DQ1              %le  -1000000.000000
@ DQ2              %le  -1000000.000000
@ QS               %le  -1000000.000000
@ BETA_X_MIN       %le    2.516292
@ BETA_X_MAX       %le   67.201554
@ BETA_Y_MIN       %le    4.212792
@ BETA_Y_MAX       %le   25.541759
@ BETA11MIN        %le    2.516292
@ BETA11MAX        %le   67.201554
@ BETA12MIN        %le    0.000000
@ BETA12MAX        %le    0.000000
@ BETA13MIN        %le    0.000000
@ BETA13MAX        %le    0.000000
@ BETA21MIN        %le    0.000000
@ BETA21MAX        %le    0.000000
@ BETA22MIN        %le    4.212792
@ BETA22MAX        %le   25.541759
@ BETA23MIN        %le    0.000000
@ BETA23MAX        %le    0.000000
@ BETA31MIN        %le    0.000000
@ BETA31MAX        %le    0.000000
@ BETA32MIN        %le    0.000000
@ BETA32MAX        %le    0.000000
@ BETA33MIN        %le    0.000000
@ BETA33MAX        %le    0.000000
@ DISP1MIN         %le   -1.343174
@ DISP1MAX         %le    2.314260
@ DISP2MIN         %le   -0.777505
@ DISP2MAX         %le    0.205996
@ DISP3MIN         %le   -0.278072
@ DISP3MAX         %le    0.185675
@ DISP4MIN         %le   -0.070636
@ DISP4MAX         %le    0.068617
@ ORBIT_X          %le    0.000000
@ ORBIT_PX         %le    0.000000
@ ORBIT_Y          %le    0.000000
@ ORBIT_PY         %le    0.000000
@ ORBIT_PT         %le    0.000000
@ ORBIT_-CT        %le    0.000000
@ XCORMS           %le    0.000000
@ PXCORMS          %le    0.000000
@ YCORMS           %le    0.000000
@ PYCORMS          %le    0.000000
@ TCORMS           %le    0.000000
@ PTCORMS          %le    0.000000
@ XCOMIN           %le   -0.000000
@ XCOMAX           %le    0.000000
@ PXCOMIN          %le   -0.000000
@ PXCOMAX          %le    0.000000
@ YCOMIN           %le   -0.000000
@ YCOMAX           %le    0.000000
@ PYCOMIN          %le   -0.000000
@ PYCOMAX          %le    0.000000
@ TCOMIN           %le    0.000000
@ TCOMAX           %le    0.000000
@ PTCOMIN          %le    0.000000
@ PTCOMAX          %le    0.000000
@ TITLE            %42s "Transferline BT2 optics. Protons - 1.4 GeV"
@ ORIGIN           %22s "MAD-X 5.02.01 Linux 64"
@ DATE             %08s "22/05/14"
@ TIME             %08s "14.51.42"
* NAME               KEYWORD                     S          L        K0L        K1L      ANGLE          Y         PY          X         PX       BETX       ALFX       BETY       ALFY      DISP1      DISP2      DISP3      DISP4        MU1        MU2 
$ %s                 %s                        %le        %le        %le        %le        %le        %le        %le        %le        %le        %le        %le        %le        %le        %le        %le        %le        %le        %le        %le 
 "BT2$START"         "MARKER"              0.000000   0.000000   0.000000   0.000000   0.000000   0.000000   0.000000   0.000000   0.000000   5.673296  -0.024329   4.212792  -0.051241  -1.343174   0.057377   0.000000   0.000000   0.000000   0.000000
 "BT2.START"         "MARKER"              0.000000   0.000000   0.000000   0.000000   0.000000   0.000000   0.000000   0.000000   0.000000   5.673296  -0.024329   4.212792  -0.051241  -1.343174   0.057377   0.000000   0.000000   0.000000   0.000000
 "DRIFT_0"           "DRIFT"               2.600699   2.600699   0.000000   0.000000   0.000000   0.000000   0.000000   0.000000   0.000000   6.992734  -0.483011   6.089030  -0.670195  -1.193954   0.057377   0.000000   0.000000   0.067743   0.085824
 "BT2.DVT10"         "SBEND"               3.004500   0.403801   0.000000   0.000000   0.004625  -0.000000   0.000000  -0.000000   0.000000   7.411573  -0.553836   6.668950  -0.766299  -1.170785   0.057439   0.000934   0.004625   0.076674   0.095916
 "DRIFT_1"           "DRIFT"               3.648611   0.644111   0.000000   0.000000   0.000000  -0.000000   0.000000  -0.000000   0.000000   8.198184  -0.667399   7.754854  -0.919598  -1.133788   0.057439   0.003913   0.004625   0.089841   0.110190
 "BT2.BPM00"         "MONITOR"             4.156611   0.508000   0.000000   0.000000   0.000000  -0.000000   0.000000  -0.000000   0.000000   8.921761  -0.756965   8.750584  -1.040502  -1.104609   0.057439   0.006263   0.004625   0.099300   0.120011
 "DRIFT_2"           "DRIFT"               4.295117   0.138506   0.000000   0.000000   0.000000  -0.000000   0.000000  -0.000000   0.000000   9.134831  -0.781385   9.043381  -1.073466  -1.096654   0.057439   0.006903   0.004625   0.101742   0.122489
 "BT2.DHZ10"         "HKICKER"             4.630117   0.335000   0.000000   0.000000   0.000000  -0.000000   0.000000  -0.000000   0.000000   9.678145  -0.840449   9.789313  -1.153197  -1.077412   0.057439   0.008453   0.004625   0.107414   0.128157
 "DRIFT_3"           "DRIFT"               4.824621   0.194504   0.000000   0.000000   0.000000  -0.000000   0.000000  -0.000000   0.000000  10.011757  -0.874742  10.246921  -1.199489  -1.066239   0.057439   0.009353   0.004625   0.110559   0.131248
 "BT2.VVS10"         "INSTRUMENT"          4.924621   0.100000   0.000000   0.000000   0.000000  -0.000000   0.000000  -0.000000   0.000000  10.188469  -0.892373  10.489199  -1.223289  -1.060496   0.057439   0.009815   0.004625   0.112134   0.132783
 "DRIFT_4"           "DRIFT"               5.456727   0.532106   0.000000   0.000000   0.000000  -0.000000   0.000000  -0.000000   0.000000  11.188062  -0.986188  11.858423  -1.349930  -1.029932   0.057439   0.012276   0.004625   0.120070   0.140379
 "BT2.DVT20"         "SBEND"               5.860529   0.403802   0.000000   0.000000  -0.010438   0.000000   0.000000   0.000000   0.000000  12.012141  -1.054145  12.987264  -1.446034  -1.006688   0.057713   0.012036  -0.005813   0.125615   0.145558
 "DRIFT_5"           "DRIFT"               6.330661   0.470132   0.000000   0.000000   0.000000   0.000000   0.000000   0.000000   0.000000  13.042161  -1.136774  14.399521  -1.557927  -0.979555   0.057713   0.009304  -0.005813   0.131594   0.151031
 "BT2.SMV10"         "PLACEHOLDER"         7.394643   1.063982   0.000000   0.000000   0.000000   0.000000   0.000000   0.000000   0.000000  15.660142  -1.323776  17.984168  -1.811159  -0.918149   0.057713   0.003119  -0.005813   0.143454   0.161562
 "DRIFT_6"           "DRIFT"               7.462657   0.068014   0.000000   0.000000   0.000000   0.000000   0.000000   0.000000   0.000000  15.841026  -1.335730  18.231637  -1.827346  -0.914224   0.057713   0.002724  -0.005813   0.144141   0.162159
 "BT2.BTV10"         "MONITOR"             7.462657   0.000000   0.000000   0.000000   0.000000   0.000000   0.000000   0.000000   0.000000  15.841026  -1.335730  18.231637  -1.827346  -0.914224   0.057713   0.002724  -0.005813   0.144141   0.162159
 "DRIFT_7"           "DRIFT"               8.142668   0.680011   0.000000   0.000000   0.000000   0.000000   0.000000   0.000000   0.000000  17.738923  -1.455247  20.826927  -1.989191  -0.874978   0.057713  -0.001229  -0.005813   0.150599   0.167715
 "BT.VPG11"          "PLACEHOLDER"         8.142668   0.000000   0.000000   0.000000   0.000000   0.000000   0.000000   0.000000   0.000000  17.738923  -1.455247  20.826927  -1.989191  -0.874978   0.057713  -0.001229  -0.005813   0.150599   0.167715
 "DRIFT_8"           "DRIFT"               8.700179   0.557511   0.000000   0.000000   0.000000   0.000000   0.000000   0.000000   0.000000  19.416184  -1.553234  23.118895  -2.121881  -0.842803   0.057713  -0.004469  -0.005813   0.155381   0.171759
 "BT2.BPM10"         "MONITOR"             8.885179   0.185000   0.000000   0.000000   0.000000   0.000000   0.000000   0.000000   0.000000  19.996896  -1.585749  23.912136  -2.165912  -0.832126   0.057713  -0.005545  -0.005813   0.156875   0.173011
 "DRIFT_9"           "DRIFT"               9.129685   0.244506   0.000000   0.000000   0.000000   0.000000   0.000000   0.000000   0.000000  20.782853  -1.628723  24.985521  -2.224105  -0.818014   0.057713  -0.006966  -0.005813   0.158784   0.174603
 "BT2.QNO10"         "SBEND"               9.595687   0.466002   0.000000   0.311052   0.009973  -0.000000   0.000000  -0.000000   0.000000  25.650022  -9.315937  23.463375   5.332037  -0.850422  -0.198505  -0.006815   0.006452   0.162075   0.177593
 "DRIFT_10"          "DRIFT"              10.743697   1.148010   0.000000   0.000000   0.000000  -0.000000   0.000000  -0.000000   0.000000  51.550188 -13.244980  12.874013   3.892063  -1.078308  -0.198505   0.000592   0.006452   0.167100   0.188113
 "BT2.VVS30"         "INSTRUMENT"         10.843697   0.100000   0.000000   0.000000   0.000000  -0.000000   0.000000  -0.000000   0.000000  54.233408 -13.587228  12.108143   3.766631  -1.098158  -0.198505   0.001237   0.006452   0.167401   0.189388
 "DRIFT_11"          "DRIFT"              11.129700   0.286003   0.000000   0.000000   0.000000  -0.000000   0.000000  -0.000000   0.000000  62.285333 -14.566067  10.056209   3.407891  -1.154931  -0.198505   0.003082   0.006452   0.168185   0.193514
 "BT2.QNO20"         "SBEND"              11.595702   0.466001   0.000000  -0.294326  -0.004160   0.000000   0.000000   0.000000   0.000000  67.201554   4.500747   8.310289   0.508804  -1.167013   0.147203   0.005391   0.003572   0.169305   0.201817
 "DRIFT_12"          "DRIFT"              13.508202   1.912500   0.000000   0.000000   0.000000   0.000000   0.000000   0.000000   0.000000  51.143162   3.895798   6.918193   0.219089  -0.885487   0.147203   0.012222   0.003572   0.174498   0.242399
 "BT.VGP21"          "PLACEHOLDER"        13.508202   0.000000   0.000000   0.000000   0.000000   0.000000   0.000000   0.000000   0.000000  51.143162   3.895798   6.918193   0.219089  -0.885487   0.147203   0.012222   0.003572   0.174498   0.242399
 "BT.VGR21"          "PLACEHOLDER"        13.508202   0.000000   0.000000   0.000000   0.000000   0.000000   0.000000   0.000000   0.000000  51.143162   3.895798   6.918193   0.219089  -0.885487   0.147203   0.012222   0.003572   0.174498   0.242399
 "BT.VPI22"          "PLACEHOLDER"        13.508202   0.000000   0.000000   0.000000   0.000000   0.000000   0.000000   0.000000   0.000000  51.143162   3.895798   6.918193   0.219089  -0.885487   0.147203   0.012222   0.003572   0.174498   0.242399
 "BT.VPI22A"         "PLACEHOLDER"        13.508202   0.000000   0.000000   0.000000   0.000000   0.000000   0.000000   0.000000   0.000000  51.143162   3.895798   6.918193   0.219089  -0.885487   0.147203   0.012222   0.003572   0.174498   0.242399
 "DRIFT_13"          "DRIFT"              13.932702   0.424500   0.000000   0.000000   0.000000   0.000000   0.000000   0.000000   0.000000  47.892629   3.761523   6.759484   0.154784  -0.823000   0.147203   0.013738   0.003572   0.175863   0.252285
 "BT2.KFA10"         "PLACEHOLDER"        15.492702   1.560000   0.000000   0.000000   0.000000   0.000000   0.000000   0.000000   0.000000  36.926455   3.268075   6.645210  -0.081532  -0.593363   0.147203   0.019310   0.003572   0.181768   0.289673
 "DRIFT_14"          "DRIFT"              15.900202   0.407500   0.000000   0.000000   0.000000   0.000000   0.000000   0.000000   0.000000  34.315500   3.139178   6.736813  -0.143262  -0.533378   0.147203   0.020765   0.003572   0.183590   0.299373
 "BT.BTV20"          "MONITOR"            15.900202   0.000000   0.000000   0.000000   0.000000   0.000000   0.000000   0.000000   0.000000  34.315500   3.139178   6.736813  -0.143262  -0.533378   0.147203   0.020765   0.003572   0.183590   0.299373
 "DRIFT_15"          "DRIFT"              16.156587   0.256386   0.000000   0.000000   0.000000   0.000000   0.000000   0.000000   0.000000  32.726612   3.058080   6.820232  -0.182100  -0.495637   0.147203   0.021681   0.003572   0.184808   0.305394
 "BT2.BVT20"         "SBEND"              17.070397   0.913809   0.000000   0.000000  -0.074174   0.000000   0.000000   0.000000   0.000000  27.237236   2.932522   7.279002  -0.320402  -0.359758   0.149779  -0.008933  -0.070636   0.189680   0.326075
 "DRIFT_16"          "DRIFT"              17.361795   0.291398   0.000000   0.000000   0.000000   0.000000   0.000000   0.000000   0.000000  25.558101   2.829819   7.478593  -0.364544  -0.316112   0.149779  -0.029516  -0.070636   0.191438   0.332362
 "BT2.BPM20"         "MONITOR"            17.546795   0.185000   0.000000   0.000000   0.000000   0.000000   0.000000   0.000000   0.000000  24.523130   2.764616   7.618659  -0.392569  -0.288403   0.149779  -0.042584  -0.070636   0.192614   0.336263
 "DRIFT_17"          "DRIFT"              18.752425   1.205630   0.000000   0.000000   0.000000   0.000000   0.000000   0.000000   0.000000  18.369219   2.339696   8.785434  -0.575203  -0.107825   0.149779  -0.127746  -0.070636   0.201660   0.359803
 "BT2.DVT40"         "VKICKER"            19.087425   0.335000   0.000000   0.000000   0.000000   0.000000   0.000000   0.000000   0.000000  16.841176   2.221626   9.187820  -0.625950  -0.057649   0.149779  -0.151409  -0.070636   0.204691   0.365738
 "DRIFT_18"          "DRIFT"              20.073697   0.986272   0.000000   0.000000   0.000000   0.000000   0.000000   0.000000   0.000000  12.801756   1.874017  10.569890  -0.775356   0.090074   0.149779  -0.221076  -0.070636   0.215390   0.381694
 "BT.VPI23"          "PLACEHOLDER"        20.073697   0.000000   0.000000   0.000000   0.000000   0.000000   0.000000   0.000000   0.000000  12.801756   1.874017  10.569890  -0.775356   0.090074   0.149779  -0.221076  -0.070636   0.215390   0.381694
 "DRIFT_19"          "DRIFT"              20.378806   0.305109   0.000000   0.000000   0.000000   0.000000   0.000000   0.000000   0.000000  11.691005   1.766482  11.057128  -0.821575   0.135773   0.149779  -0.242628  -0.070636   0.219359   0.386186
 "BT2.SMV20"         "SBEND"              21.375651   0.996845   0.000000   0.000000   0.071310   0.000000   0.000000   0.000000   0.000000   8.418549   1.456587  12.904575  -0.972070   0.284388   0.149085  -0.278072   0.000793   0.235378   0.399472
 "DRIFT_20"          "DRIFT"              21.462587   0.086936   0.000000   0.000000   0.000000   0.000000   0.000000   0.000000   0.000000   8.168092   1.424351  13.074730  -0.985173   0.297349   0.149085  -0.278003   0.000793   0.237047   0.400537
 "BT2.BTV30"         "MONITOR"            21.462587   0.000000   0.000000   0.000000   0.000000   0.000000   0.000000   0.000000   0.000000   8.168092   1.424351  13.074730  -0.985173   0.297349   0.149085  -0.278003   0.000793   0.237047   0.400537
 "BT.VPI23B"         "PLACEHOLDER"        21.462587   0.000000   0.000000   0.000000   0.000000   0.000000   0.000000   0.000000   0.000000   8.168092   1.424351  13.074730  -0.985173   0.297349   0.149085  -0.278003   0.000793   0.237047   0.400537
 "DRIFT_21"          "DRIFT"              22.060589   0.598002   0.000000   0.000000   0.000000   0.000000   0.000000   0.000000   0.000000   6.597165   1.202608  14.306898  -1.075301   0.386502   0.149085  -0.277529   0.000793   0.250027   0.407498
 "BT2.QNO30"         "SBEND"              22.526593   0.466004   0.000000   0.133785  -0.002548   0.000000  -0.000000   0.000000  -0.000000   5.931373   0.255964  14.426131   0.824127   0.468814   0.205996  -0.269145   0.034991   0.262018   0.412608
 "DRIFT_22"          "DRIFT"              25.593141   3.066547   0.000000   0.000000   0.000000   0.000000  -0.000000   0.000000  -0.000000   6.050813  -0.294913  10.466265   0.467184   1.100512   0.205996  -0.161844   0.034991   0.347543   0.452751
 "BT.BPM30"          "MONITOR"            25.915141   0.322000   0.000000   0.000000   0.000000   0.000000  -0.000000   0.000000  -0.000000   6.259363  -0.352758  10.177467   0.429704   1.166843   0.205996  -0.150577   0.034991   0.355874   0.457718
 "DRIFT_23"          "DRIFT"              26.159149   0.244008   0.000000   0.000000   0.000000   0.000000  -0.000000   0.000000  -0.000000   6.442210  -0.396592   9.974695   0.401302   1.217108   0.205996  -0.142038   0.034991   0.361991   0.461572
 "BT.BCT10"          "INSTRUMENT"         26.473149   0.314000   0.000000   0.000000   0.000000   0.000000  -0.000000   0.000000  -0.000000   6.708982  -0.452999   9.734154   0.364752   1.281791   0.205996  -0.131051   0.034991   0.369595   0.466645
 "DRIFT_24"          "DRIFT"              26.687158   0.214009   0.000000   0.000000   0.000000   0.000000  -0.000000   0.000000  -0.000000   6.911101  -0.491444   9.583365   0.339842   1.325876   0.205996  -0.123563   0.034991   0.374598   0.470172
 "BT.DVT50"          "VKICKER"            27.123158   0.436000   0.000000   0.000000   0.000000   0.000000  -0.000000   0.000000  -0.000000   7.373789  -0.569767   9.309150   0.289092   1.415690   0.205996  -0.108307   0.034991   0.384325   0.477521
 "DRIFT_25"          "DRIFT"              27.897372   0.774215   0.000000   0.000000   0.000000   0.000000  -0.000000   0.000000  -0.000000   8.363711  -0.708848   8.931281   0.198974   1.575176   0.205996  -0.081216   0.034991   0.400041   0.491051
 "BT.VGP23"          "PLACEHOLDER"        27.897372   0.000000   0.000000   0.000000   0.000000   0.000000  -0.000000   0.000000  -0.000000   8.363711  -0.708848   8.931281   0.198974   1.575176   0.205996  -0.081216   0.034991   0.400041   0.491051
 "BT.VPG22"          "PLACEHOLDER"        27.897372   0.000000   0.000000   0.000000   0.000000   0.000000  -0.000000   0.000000  -0.000000   8.363711  -0.708848   8.931281   0.198974   1.575176   0.205996  -0.081216   0.034991   0.400041   0.491051
 "DRIFT_26"          "DRIFT"              28.893687   0.996315   0.000000   0.000000   0.000000   0.000000  -0.000000   0.000000  -0.000000   9.954501  -0.887827   8.650342   0.083005   1.780413   0.205996  -0.046354   0.034991   0.417454   0.509130
 "BT2.KFA20"         "SBEND"              30.453694   1.560008   0.000000   0.000000   0.005412   0.000000  -0.000000   0.000000  -0.000000  13.161048  -1.167829   8.674886  -0.098575   2.101717   0.205963   0.012452   0.040403   0.439213   0.537949
 "DRIFT_27"          "DRIFT"              30.861194   0.407500   0.000000   0.000000   0.000000  -0.000000  -0.000000  -0.000000  -0.000000  14.142653  -1.241019   8.774552  -0.146006   2.185647   0.205963   0.028916   0.040403   0.443968   0.545385
 "BT.BTV40"          "MONITOR"            30.861194   0.000000   0.000000   0.000000   0.000000  -0.000000  -0.000000  -0.000000  -0.000000  14.142653  -1.241019   8.774552  -0.146006   2.185647   0.205963   0.028916   0.040403   0.443968   0.545385
 "DRIFT_28"          "DRIFT"              31.010694   0.149500   0.000000   0.000000   0.000000  -0.000000  -0.000000  -0.000000  -0.000000  14.517732  -1.267870   8.820810  -0.163407   2.216438   0.205963   0.034957   0.040403   0.445628   0.548090
 "BT.DVT60"          "VKICKER"            31.446694   0.436000   0.000000   0.000000   0.000000  -0.000000  -0.000000  -0.000000  -0.000000  15.657458  -1.346179   8.985427  -0.214156   2.306238   0.205963   0.052572   0.040403   0.450231   0.555887
 "DRIFT_29"          "DRIFT"              31.485644   0.038950   0.000000   0.000000   0.000000  -0.000000  -0.000000  -0.000000  -0.000000  15.762598  -1.353175   9.002286  -0.218689   2.314260   0.205963   0.054146   0.040403   0.450626   0.556576
 "BT.QNO40"          "QUADRUPOLE"         31.951744   0.466100   0.000000   0.430429   0.000000  -0.000000  -0.000000  -0.000000  -0.000000  13.941995   4.994435  11.191678  -4.788571   2.178790  -0.777505   0.079136   0.068617   0.455465   0.564220
 "DRIFT_30"          "DRIFT"              32.203694   0.251950   0.000000   0.000000   0.000000  -0.000000  -0.000000  -0.000000  -0.000000  11.543426   4.525586  13.740371  -5.327299   1.982898  -0.777505   0.096424   0.068617   0.458626   0.567453
 "BT.BPM40"          "MONITOR"            32.388694   0.185000   0.000000   0.000000   0.000000  -0.000000  -0.000000  -0.000000  -0.000000   9.932648   4.181323  15.784653  -5.722872   1.839059  -0.777505   0.109119   0.068617   0.461376   0.569453
 "DRIFT_31"          "DRIFT"              32.894694   0.506000   0.000000   0.000000   0.000000  -0.000000  -0.000000  -0.000000  -0.000000   6.177601   3.239718  22.123663  -6.804817   1.445642  -0.777505   0.143839   0.068617   0.471664   0.573763
 "BT.QNO50"          "QUADRUPOLE"         33.282694   0.388000   0.000000  -0.284967   0.000000  -0.000000  -0.000000  -0.000000  -0.000000   4.473336   1.313422  24.976379  -0.274547   1.219039  -0.401292   0.162095   0.024620   0.483640   0.576342
 "DRIFT_32"          "DRIFT"              34.240429   0.957735   0.000000   0.000000   0.000000  -0.000000  -0.000000  -0.000000  -0.000000   2.516292   0.729987  25.541759  -0.315783   0.834708  -0.401292   0.185675   0.024620   0.529714   0.582378
 "BT2.END"           "MARKER"             34.240429   0.000000   0.000000   0.000000   0.000000  -0.000000  -0.000000  -0.000000  -0.000000   2.516292   0.729987  25.541759  -0.315783   0.834708  -0.401292   0.185675   0.024620   0.529714   0.582378
 "BT2$END"           "MARKER"             34.240429   0.000000   0.000000   0.000000   0.000000  -0.000000  -0.000000  -0.000000  -0.000000   2.516292   0.729987  25.541759  -0.315783   0.834708  -0.401292   0.185675   0.024620   0.529714   0.582378
