@ NAME             %09s "PTC_TWISS"
@ TYPE             %05s "TWISS"
@ SEQUENCE         %03s "BT3"
@ PARTICLE         %06s "PROTON"
@ MASS             %le    0.938272
@ CHARGE           %le    1.000000
@ ENERGY           %le    2.336655
@ PC               %le    2.140000
@ GAMMA            %le    2.490381
@ KBUNCH           %le    1.000000
@ BCURRENT         %le    0.000000
@ SIGE             %le    0.000000
@ SIGT             %le    0.000000
@ NPART            %le    0.000000
@ EX               %le    1.000000
@ EY               %le    1.000000
@ ET               %le    1.000000
@ DELTAP           %le    0.000000
@ LENGTH           %le   34.229457
@ ALPHA_C          %le  -1000000.000000
@ ALPHA_C_P        %le  -1000000.000000
@ ALPHA_C_P2       %le  -1000000.000000
@ ALPHA_C_P3       %le  -1000000.000000
@ ETA_C            %le  -1000000.000000
@ GAMMA_TR         %le  -1000000.000000
@ Q1               %le    0.498195
@ Q2               %le    0.582004
@ DQ1              %le  -1000000.000000
@ DQ2              %le  -1000000.000000
@ QS               %le  -1000000.000000
@ BETA_X_MIN       %le    2.093469
@ BETA_X_MAX       %le   67.201556
@ BETA_Y_MIN       %le    4.212792
@ BETA_Y_MAX       %le   25.739076
@ BETA11MIN        %le    2.093469
@ BETA11MAX        %le   67.201556
@ BETA12MIN        %le    0.000000
@ BETA12MAX        %le    0.000000
@ BETA13MIN        %le    0.000000
@ BETA13MAX        %le    0.000000
@ BETA21MIN        %le    0.000000
@ BETA21MAX        %le    0.000000
@ BETA22MIN        %le    4.212792
@ BETA22MAX        %le   25.739076
@ BETA23MIN        %le    0.000000
@ BETA23MAX        %le    0.000000
@ BETA31MIN        %le    0.000000
@ BETA31MAX        %le    0.000000
@ BETA32MIN        %le    0.000000
@ BETA32MAX        %le    0.000000
@ BETA33MIN        %le    0.000000
@ BETA33MAX        %le    0.000000
@ DISP1MIN         %le   -1.343174
@ DISP1MAX         %le    2.263413
@ DISP2MIN         %le   -0.759831
@ DISP2MAX         %le    0.202093
@ DISP3MIN         %le   -0.043062
@ DISP3MAX         %le    0.006966
@ DISP4MIN         %le   -0.008132
@ DISP4MAX         %le    0.005813
@ ORBIT_X          %le    0.000000
@ ORBIT_PX         %le    0.000000
@ ORBIT_Y          %le    0.000000
@ ORBIT_PY         %le    0.000000
@ ORBIT_PT         %le    0.000000
@ ORBIT_-CT        %le    0.000000
@ XCORMS           %le    0.000000
@ PXCORMS          %le    0.000000
@ YCORMS           %le    0.000000
@ PYCORMS          %le    0.000000
@ TCORMS           %le    0.000000
@ PTCORMS          %le    0.000000
@ XCOMIN           %le   -0.000000
@ XCOMAX           %le    0.000000
@ PXCOMIN          %le   -0.000000
@ PXCOMAX          %le    0.000000
@ YCOMIN           %le   -0.000000
@ YCOMAX           %le    0.000000
@ PYCOMIN          %le   -0.000000
@ PYCOMAX          %le    0.000000
@ TCOMIN           %le    0.000000
@ TCOMAX           %le    0.000000
@ PTCOMIN          %le    0.000000
@ PTCOMAX          %le    0.000000
@ TITLE            %42s "Transferline BT3 optics. Protons - 1.4 GeV"
@ ORIGIN           %22s "MAD-X 5.02.01 Linux 64"
@ DATE             %08s "22/05/14"
@ TIME             %08s "14.51.45"
* NAME               KEYWORD                     S          L        K0L        K1L      ANGLE          Y         PY          X         PX       BETX       ALFX       BETY       ALFY      DISP1      DISP2      DISP3      DISP4        MU1        MU2 
$ %s                 %s                        %le        %le        %le        %le        %le        %le        %le        %le        %le        %le        %le        %le        %le        %le        %le        %le        %le        %le        %le 
 "BT3$START"         "MARKER"              0.000000   0.000000   0.000000   0.000000   0.000000   0.000000   0.000000   0.000000   0.000000   5.673296  -0.024329   4.212792  -0.051241  -1.343174   0.057377   0.000000   0.000000   0.000000   0.000000
 "BT3.START"         "MARKER"              0.000000   0.000000   0.000000   0.000000   0.000000   0.000000   0.000000   0.000000   0.000000   5.673296  -0.024329   4.212792  -0.051241  -1.343174   0.057377   0.000000   0.000000   0.000000   0.000000
 "DRIFT_0"           "DRIFT"               2.600699   2.600699   0.000000   0.000000   0.000000   0.000000   0.000000   0.000000   0.000000   6.992734  -0.483011   6.089030  -0.670195  -1.193954   0.057377   0.000000   0.000000   0.067743   0.085824
 "BT3.DVT10"         "SBEND"               3.004500   0.403801   0.000000   0.000000  -0.004625   0.000000  -0.000000   0.000000  -0.000000   7.411573  -0.553836   6.668950  -0.766299  -1.170785   0.057439  -0.000934  -0.004625   0.076674   0.095916
 "DRIFT_1"           "DRIFT"               3.648611   0.644111   0.000000   0.000000   0.000000   0.000000  -0.000000   0.000000  -0.000000   8.198184  -0.667399   7.754854  -0.919598  -1.133788   0.057439  -0.003913  -0.004625   0.089841   0.110190
 "BT3.BPM00"         "MONITOR"             4.156611   0.508000   0.000000   0.000000   0.000000   0.000000  -0.000000   0.000000  -0.000000   8.921761  -0.756965   8.750584  -1.040502  -1.104609   0.057439  -0.006263  -0.004625   0.099300   0.120011
 "DRIFT_2"           "DRIFT"               4.295117   0.138506   0.000000   0.000000   0.000000   0.000000  -0.000000   0.000000  -0.000000   9.134831  -0.781385   9.043381  -1.073466  -1.096654   0.057439  -0.006903  -0.004625   0.101742   0.122489
 "BT3.DHZ10"         "HKICKER"             4.630117   0.335000   0.000000   0.000000   0.000000   0.000000  -0.000000   0.000000  -0.000000   9.678145  -0.840449   9.789313  -1.153197  -1.077412   0.057439  -0.008453  -0.004625   0.107414   0.128157
 "DRIFT_3"           "DRIFT"               4.824621   0.194504   0.000000   0.000000   0.000000   0.000000  -0.000000   0.000000  -0.000000  10.011757  -0.874742  10.246921  -1.199489  -1.066239   0.057439  -0.009353  -0.004625   0.110559   0.131248
 "BT3.VVS10"         "INSTRUMENT"          4.924621   0.100000   0.000000   0.000000   0.000000   0.000000  -0.000000   0.000000  -0.000000  10.188469  -0.892373  10.489199  -1.223289  -1.060496   0.057439  -0.009815  -0.004625   0.112134   0.132783
 "DRIFT_4"           "DRIFT"               5.456727   0.532106   0.000000   0.000000   0.000000   0.000000  -0.000000   0.000000  -0.000000  11.188062  -0.986188  11.858423  -1.349930  -1.029932   0.057439  -0.012276  -0.004625   0.120070   0.140379
 "BT3.DVT20"         "SBEND"               5.860529   0.403802   0.000000   0.000000   0.010438  -0.000000  -0.000000  -0.000000  -0.000000  12.012141  -1.054145  12.987264  -1.446034  -1.006688   0.057713  -0.012036   0.005813   0.125615   0.145558
 "DRIFT_5"           "DRIFT"               6.330661   0.470132   0.000000   0.000000   0.000000  -0.000000  -0.000000  -0.000000  -0.000000  13.042161  -1.136774  14.399521  -1.557927  -0.979555   0.057713  -0.009304   0.005813   0.131594   0.151031
 "BT3.SMV10"         "PLACEHOLDER"         7.394643   1.063982   0.000000   0.000000   0.000000  -0.000000  -0.000000  -0.000000  -0.000000  15.660142  -1.323776  17.984168  -1.811159  -0.918149   0.057713  -0.003119   0.005813   0.143454   0.161562
 "DRIFT_6"           "DRIFT"               7.462657   0.068014   0.000000   0.000000   0.000000  -0.000000  -0.000000  -0.000000  -0.000000  15.841026  -1.335730  18.231637  -1.827346  -0.914224   0.057713  -0.002724   0.005813   0.144141   0.162159
 "BT3.BTV10"         "MONITOR"             7.462657   0.000000   0.000000   0.000000   0.000000  -0.000000  -0.000000  -0.000000  -0.000000  15.841026  -1.335730  18.231637  -1.827346  -0.914224   0.057713  -0.002724   0.005813   0.144141   0.162159
 "DRIFT_7"           "DRIFT"               8.142668   0.680011   0.000000   0.000000   0.000000  -0.000000  -0.000000  -0.000000  -0.000000  17.738923  -1.455247  20.826927  -1.989191  -0.874978   0.057713   0.001229   0.005813   0.150599   0.167715
 "BT.VPG11"          "PLACEHOLDER"         8.142668   0.000000   0.000000   0.000000   0.000000  -0.000000  -0.000000  -0.000000  -0.000000  17.738923  -1.455247  20.826927  -1.989191  -0.874978   0.057713   0.001229   0.005813   0.150599   0.167715
 "DRIFT_8"           "DRIFT"               8.700179   0.557511   0.000000   0.000000   0.000000  -0.000000  -0.000000  -0.000000  -0.000000  19.416184  -1.553234  23.118895  -2.121881  -0.842803   0.057713   0.004469   0.005813   0.155381   0.171759
 "BT3.BPM10"         "MONITOR"             8.885179   0.185000   0.000000   0.000000   0.000000  -0.000000  -0.000000  -0.000000  -0.000000  19.996896  -1.585749  23.912136  -2.165912  -0.832126   0.057713   0.005545   0.005813   0.156875   0.173011
 "DRIFT_9"           "DRIFT"               9.129685   0.244506   0.000000   0.000000   0.000000  -0.000000  -0.000000  -0.000000  -0.000000  20.782853  -1.628723  24.985520  -2.224105  -0.818014   0.057713   0.006966   0.005813   0.158784   0.174603
 "BT3.QNO10"         "SBEND"               9.595687   0.466002   0.000000   0.311052  -0.009973   0.000000  -0.000000   0.000000  -0.000000  25.650022  -9.315937  23.463375   5.332037  -0.850422  -0.198505   0.006815  -0.006452   0.162075   0.177593
 "DRIFT_10"          "DRIFT"               9.949690   0.354004   0.000000   0.000000   0.000000   0.000000  -0.000000   0.000000  -0.000000  32.674671 -10.527507  19.845444   4.888003  -0.920694  -0.198505   0.004531  -0.006452   0.164021   0.180204
 "BT3.VVS20"         "INSTRUMENT"         10.049690   0.100000   0.000000   0.000000   0.000000   0.000000  -0.000000   0.000000  -0.000000  34.814398 -10.869755  18.880387   4.762571  -0.940544  -0.198505   0.003886  -0.006452   0.164493   0.181026
 "DRIFT_11"          "DRIFT"              10.743697   0.694007   0.000000   0.000000   0.000000   0.000000  -0.000000   0.000000  -0.000000  51.550189 -13.244980  12.874012   3.892063  -1.078308  -0.198505  -0.000592  -0.006452   0.167100   0.188113
 "BT3.VVS30"         "INSTRUMENT"         10.843697   0.100000   0.000000   0.000000   0.000000   0.000000  -0.000000   0.000000  -0.000000  54.233410 -13.587228  12.108143   3.766631  -1.098158  -0.198505  -0.001237  -0.006452   0.167401   0.189388
 "DRIFT_12"          "DRIFT"              11.129700   0.286003   0.000000   0.000000   0.000000   0.000000  -0.000000   0.000000  -0.000000  62.285335 -14.566067  10.056209   3.407891  -1.154931  -0.198505  -0.003082  -0.006452   0.168185   0.193514
 "BT3.QNO20"         "SBEND"              11.595702   0.466001   0.000000  -0.294326   0.004160   0.000000  -0.000000   0.000000  -0.000000  67.201556   4.500747   8.310289   0.508804  -1.167013   0.147203  -0.005391  -0.003572   0.169305   0.201817
 "DRIFT_13"          "DRIFT"              13.508202   1.912500   0.000000   0.000000   0.000000  -0.000000  -0.000000  -0.000000  -0.000000  51.143162   3.895799   6.918192   0.219089  -0.885487   0.147203  -0.012222  -0.003572   0.174498   0.242399
 "BT.VGP21"          "PLACEHOLDER"        13.508202   0.000000   0.000000   0.000000   0.000000  -0.000000  -0.000000  -0.000000  -0.000000  51.143162   3.895799   6.918192   0.219089  -0.885487   0.147203  -0.012222  -0.003572   0.174498   0.242399
 "BT.VGR21"          "PLACEHOLDER"        13.508202   0.000000   0.000000   0.000000   0.000000  -0.000000  -0.000000  -0.000000  -0.000000  51.143162   3.895799   6.918192   0.219089  -0.885487   0.147203  -0.012222  -0.003572   0.174498   0.242399
 "BT.VPI22"          "PLACEHOLDER"        13.508202   0.000000   0.000000   0.000000   0.000000  -0.000000  -0.000000  -0.000000  -0.000000  51.143162   3.895799   6.918192   0.219089  -0.885487   0.147203  -0.012222  -0.003572   0.174498   0.242399
 "BT.VPI22A"         "PLACEHOLDER"        13.508202   0.000000   0.000000   0.000000   0.000000  -0.000000  -0.000000  -0.000000  -0.000000  51.143162   3.895799   6.918192   0.219089  -0.885487   0.147203  -0.012222  -0.003572   0.174498   0.242399
 "DRIFT_14"          "DRIFT"              13.932702   0.424500   0.000000   0.000000   0.000000  -0.000000  -0.000000  -0.000000  -0.000000  47.892629   3.761524   6.759483   0.154784  -0.823000   0.147203  -0.013738  -0.003572   0.175863   0.252285
 "BT3.KFA10"         "PLACEHOLDER"        15.492702   1.560000   0.000000   0.000000   0.000000  -0.000000  -0.000000  -0.000000  -0.000000  36.926454   3.268075   6.645209  -0.081532  -0.593363   0.147203  -0.019310  -0.003572   0.181768   0.289673
 "DRIFT_15"          "DRIFT"              15.900202   0.407500   0.000000   0.000000   0.000000  -0.000000  -0.000000  -0.000000  -0.000000  34.315499   3.139178   6.736813  -0.143262  -0.533378   0.147203  -0.020765  -0.003572   0.183590   0.299373
 "BT.BTV20"          "MONITOR"            15.900202   0.000000   0.000000   0.000000   0.000000  -0.000000  -0.000000  -0.000000  -0.000000  34.315499   3.139178   6.736813  -0.143262  -0.533378   0.147203  -0.020765  -0.003572   0.183590   0.299373
 "DRIFT_16"          "DRIFT"              16.195201   0.295000   0.000000   0.000000   0.000000  -0.000000  -0.000000  -0.000000  -0.000000  32.490913   3.045866   6.834520  -0.187950  -0.489953   0.147203  -0.021819  -0.003572   0.184996   0.306294
 "BT3.DVT30"         "SBEND"              16.530202   0.335000   0.000000   0.000000   0.002666  -0.000000  -0.000000  -0.000000  -0.000000  30.485678   2.940547   6.977398  -0.238697  -0.440640   0.147212  -0.022569  -0.000906   0.186691   0.314018
 "DRIFT_17"          "DRIFT"              17.301705   0.771503   0.000000   0.000000   0.000000  -0.000000  -0.000000  -0.000000  -0.000000  26.136744   2.696415   7.435876  -0.355569  -0.327065   0.147212  -0.023268  -0.000906   0.191041   0.331098
 "BT3.BPM20"         "MONITOR"            17.486705   0.185000   0.000000   0.000000   0.000000  -0.000000  -0.000000  -0.000000  -0.000000  25.149900   2.637874   7.572622  -0.383594  -0.299831   0.147212  -0.023436  -0.000906   0.192190   0.335022
 "DRIFT_18"          "DRIFT"              19.210711   1.724006   0.000000   0.000000   0.000000  -0.000000  -0.000000  -0.000000  -0.000000  16.994994   2.092333   9.345504  -0.644756  -0.046036   0.147212  -0.024998  -0.000906   0.205477   0.367871
 "BT3.DVT40"         "SBEND"              19.614512   0.403801   0.000000   0.000000  -0.005498  -0.000000  -0.000000  -0.000000  -0.000000  15.356347   1.965703   9.890899  -0.705926   0.013409   0.147213  -0.026474  -0.006404   0.209455   0.374557
 "DRIFT_19"          "DRIFT"              20.064614   0.450102   0.000000   0.000000   0.000000  -0.000000  -0.000000  -0.000000  -0.000000  13.650983   1.823137  10.557066  -0.774110   0.079670   0.147213  -0.029356  -0.006404   0.214404   0.381570
 "BT.VPI23"          "PLACEHOLDER"        20.064614   0.000000   0.000000   0.000000   0.000000  -0.000000  -0.000000  -0.000000  -0.000000  13.650983   1.823137  10.557066  -0.774110   0.079670   0.147213  -0.029356  -0.006404   0.214404   0.381570
 "DRIFT_20"          "DRIFT"              20.334720   0.270107   0.000000   0.000000   0.000000  -0.000000  -0.000000  -0.000000  -0.000000  12.689209   1.737583  10.986303  -0.815028   0.119433   0.147213  -0.031086  -0.006404   0.217670   0.385562
 "BT3.SMV20"         "PLACEHOLDER"        21.398716   1.063996   0.000000   0.000000   0.000000  -0.000000  -0.000000  -0.000000  -0.000000   9.350225   1.400572  12.892170  -0.976208   0.276068   0.147213  -0.037900  -0.006404   0.233242   0.399810
 "DRIFT_21"          "DRIFT"              21.451719   0.053003   0.000000   0.000000   0.000000  -0.000000  -0.000000  -0.000000  -0.000000   9.202645   1.383784  12.996080  -0.984237   0.283870   0.147213  -0.038240  -0.006404   0.234151   0.400462
 "BT3.BTV30"         "MONITOR"            21.451719   0.000000   0.000000   0.000000   0.000000  -0.000000  -0.000000  -0.000000  -0.000000   9.202645   1.383784  12.996080  -0.984237   0.283870   0.147213  -0.038240  -0.006404   0.234151   0.400462
 "BT.VPI23B"         "PLACEHOLDER"        21.451719   0.000000   0.000000   0.000000   0.000000  -0.000000  -0.000000  -0.000000  -0.000000   9.202645   1.383784  12.996080  -0.984237   0.283870   0.147213  -0.038240  -0.006404   0.234151   0.400462
 "DRIFT_22"          "DRIFT"              22.049722   0.598002   0.000000   0.000000   0.000000  -0.000000  -0.000000  -0.000000  -0.000000   7.660902   1.194372  14.227405  -1.074826   0.371904   0.147213  -0.042070  -0.006404   0.245496   0.407463
 "BT3.QNO30"         "SBEND"              22.515722   0.466001   0.000000   0.133784   0.002833  -0.000000   0.000000  -0.000000   0.000000   7.058621   0.124691  14.351650   0.814016   0.452871   0.202093  -0.043062   0.002168   0.255694   0.412601
 "DRIFT_23"          "DRIFT"              25.582222   3.066500   0.000000   0.000000   0.000000  -0.000000   0.000000  -0.000000   0.000000   7.646791  -0.316496  10.448667   0.458765   1.072590   0.202093  -0.036415   0.002168   0.324221   0.452884
 "BT.BPM30"          "MONITOR"            25.904222   0.322000   0.000000   0.000000   0.000000  -0.000000   0.000000  -0.000000   0.000000   7.865532  -0.362824  10.165234   0.421462   1.137664   0.202093  -0.035717   0.002168   0.330831   0.457858
 "DRIFT_24"          "DRIFT"              26.148222   0.244000   0.000000   0.000000   0.000000  -0.000000   0.000000  -0.000000   0.000000   8.051155  -0.397929   9.966457   0.393195   1.186974   0.202093  -0.035188   0.002168   0.335712   0.461716
 "BT.BCT10"          "INSTRUMENT"         26.462222   0.314000   0.000000   0.000000   0.000000  -0.000000   0.000000  -0.000000   0.000000   8.315240  -0.443105   9.730953   0.356818   1.250431   0.202093  -0.034508   0.002168   0.341821   0.466792
 "DRIFT_25"          "DRIFT"              26.676222   0.214000   0.000000   0.000000   0.000000  -0.000000   0.000000  -0.000000   0.000000   8.511478  -0.473894   9.583540   0.332027   1.293679   0.202093  -0.034044   0.002168   0.345870   0.470319
 "BT.DVT50"          "VKICKER"            27.112222   0.436000   0.000000   0.000000   0.000000  -0.000000   0.000000  -0.000000   0.000000   8.952063  -0.536623   9.316035   0.281517   1.381792   0.202093  -0.033099   0.002168   0.353823   0.477665
 "DRIFT_26"          "DRIFT"              27.886422   0.774200   0.000000   0.000000   0.000000  -0.000000   0.000000  -0.000000   0.000000   9.869205  -0.648010   8.949573   0.191826   1.538252   0.202093  -0.031421   0.002168   0.366947   0.491176
 "BT.VGP23"          "PLACEHOLDER"        27.886422   0.000000   0.000000   0.000000   0.000000  -0.000000   0.000000  -0.000000   0.000000   9.869205  -0.648010   8.949573   0.191826   1.538252   0.202093  -0.031421   0.002168   0.366947   0.491176
 "BT.VPG22"          "PLACEHOLDER"        27.886422   0.000000   0.000000   0.000000   0.000000  -0.000000   0.000000  -0.000000   0.000000   9.869205  -0.648010   8.949573   0.191826   1.538252   0.202093  -0.031421   0.002168   0.366947   0.491176
 "DRIFT_27"          "DRIFT"              28.882722   0.996300   0.000000   0.000000   0.000000  -0.000000   0.000000  -0.000000   0.000000  11.303240  -0.791351   8.682333   0.076406   1.739598   0.202093  -0.029261   0.002168   0.381982   0.509203
 "BT3.KFA20"         "PLACEHOLDER"        30.442722   1.560000   0.000000   0.000000   0.000000  -0.000000   0.000000  -0.000000   0.000000  14.122384  -1.015793   8.725875  -0.104318   2.054863   0.202093  -0.025880   0.002168   0.401684   0.537883
 "DRIFT_15"          "DRIFT"              30.850222   0.407500   0.000000   0.000000   0.000000  -0.000000   0.000000  -0.000000   0.000000  14.974146  -1.074422   8.830131  -0.151526   2.137216   0.202093  -0.024996   0.002168   0.406144   0.545274
 "BT.BTV40"          "MONITOR"            30.850222   0.000000   0.000000   0.000000   0.000000  -0.000000   0.000000  -0.000000   0.000000  14.974146  -1.074422   8.830131  -0.151526   2.137216   0.202093  -0.024996   0.002168   0.406144   0.545274
 "DRIFT_28"          "DRIFT"              30.999722   0.149500   0.000000   0.000000   0.000000  -0.000000   0.000000  -0.000000   0.000000  15.298614  -1.095931   8.878027  -0.168846   2.167429   0.202093  -0.024672   0.002168   0.407716   0.547961
 "BT.DVT60"          "VKICKER"            31.435722   0.436000   0.000000   0.000000   0.000000  -0.000000   0.000000  -0.000000   0.000000  16.281615  -1.158659   9.047283  -0.219356   2.255541   0.202093  -0.023727   0.002168   0.412114   0.555707
 "DRIFT_29"          "DRIFT"              31.474672   0.038950   0.000000   0.000000   0.000000  -0.000000   0.000000  -0.000000   0.000000  16.372093  -1.164263   9.064546  -0.223868   2.263413   0.202093  -0.023643   0.002168   0.412493   0.556392
 "BT.QNO40"          "QUADRUPOLE"         31.940772   0.466100   0.000000   0.430429   0.000000  -0.000000  -0.000000  -0.000000   0.000000  14.276438   5.355635  11.272659  -4.826209   2.131214  -0.759831  -0.025010  -0.008132   0.417186   0.563981
 "DRIFT_30"          "DRIFT"              32.192722   0.251950   0.000000   0.000000   0.000000  -0.000000  -0.000000  -0.000000   0.000000  11.709716   4.831794  13.841381  -5.369155   1.939775  -0.759831  -0.027059  -0.008132   0.420287   0.567191
 "BT.BPM40"          "MONITOR"            32.377722   0.185000   0.000000   0.000000   0.000000  -0.000000  -0.000000  -0.000000   0.000000   9.993111   4.447151  15.901723  -5.767826   1.799206  -0.759831  -0.028563  -0.008132   0.423009   0.569176
 "DRIFT_31"          "DRIFT"              32.883722   0.506000   0.000000   0.000000   0.000000  -0.000000  -0.000000  -0.000000   0.000000   6.024930   3.395102  22.290514  -6.858243   1.414731  -0.759831  -0.032678  -0.008132   0.433395   0.573454
 "BT.QNO50"          "QUADRUPOLE"         33.271722   0.388000   0.000000  -0.284967   0.000000  -0.000000   0.000000  -0.000000   0.000000   4.207577   1.460167  25.166349  -0.278497   1.193389  -0.391604  -0.033985   0.001455   0.445900   0.576014
 "DRIFT_32"          "DRIFT"              34.229457   0.957735   0.000000   0.000000   0.000000  -0.000000   0.000000   0.000000   0.000000   2.093469   0.747237  25.739076  -0.319505   0.818336  -0.391604  -0.032591   0.001455   0.498195   0.582004
 "BT3.END"           "MARKER"             34.229457   0.000000   0.000000   0.000000   0.000000  -0.000000   0.000000   0.000000   0.000000   2.093469   0.747237  25.739076  -0.319505   0.818336  -0.391604  -0.032591   0.001455   0.498195   0.582004
 "BT3$END"           "MARKER"             34.229457   0.000000   0.000000   0.000000   0.000000  -0.000000   0.000000   0.000000   0.000000   2.093469   0.747237  25.739076  -0.319505   0.818336  -0.391604  -0.032591   0.001455   0.498195   0.582004
