@ NAME             %09s "PTC_TWISS"
@ TYPE             %05s "TWISS"
@ SEQUENCE         %06s "BT3BTM"
@ PARTICLE         %06s "PROTON"
@ MASS             %le         0.938272046
@ CHARGE           %le                   1
@ ENERGY           %le         2.336654539
@ PC               %le                2.14
@ GAMMA            %le          2.49038064
@ KBUNCH           %le                   1
@ BCURRENT         %le                   0
@ SIGE             %le                   0
@ SIGT             %le                   0
@ NPART            %le                   0
@ EX               %le                   1
@ EY               %le                   1
@ ET               %le                   1
@ DELTAP           %le                   0
@ LENGTH           %le         59.78342226
@ ALPHA_C          %le            -1000000
@ ALPHA_C_P        %le            -1000000
@ ALPHA_C_P2       %le            -1000000
@ ALPHA_C_P3       %le            -1000000
@ ETA_C            %le            -1000000
@ GAMMA_TR         %le            -1000000
@ Q1               %le          1.25390978
@ Q2               %le         1.074141911
@ DQ1              %le            -1000000
@ DQ2              %le            -1000000
@ QS               %le            -1000000
@ BETA_X_MIN       %le         1.944421339
@ BETA_X_MAX       %le         67.20146134
@ BETA_Y_MIN       %le         1.358777508
@ BETA_Y_MAX       %le         120.2919934
@ BETA11MIN        %le         1.944421339
@ BETA11MAX        %le         67.20146134
@ BETA12MIN        %le                   0
@ BETA12MAX        %le     1.635908604e-30
@ BETA13MIN        %le                   0
@ BETA13MAX        %le                   0
@ BETA21MIN        %le                   0
@ BETA21MAX        %le     5.355765417e-30
@ BETA22MIN        %le         1.358777508
@ BETA22MAX        %le         120.2919934
@ BETA23MIN        %le                   0
@ BETA23MAX        %le                   0
@ BETA31MIN        %le                   0
@ BETA31MAX        %le                   0
@ BETA32MIN        %le                   0
@ BETA32MAX        %le                   0
@ BETA33MIN        %le                   0
@ BETA33MAX        %le                   0
@ DISP1MIN         %le        -4.740149022
@ DISP1MAX         %le          4.18670245
@ DISP2MIN         %le        -1.653040468
@ DISP2MAX         %le        0.5514377942
@ DISP3MIN         %le      -0.04306147902
@ DISP3MAX         %le       0.07548149066
@ DISP4MIN         %le     -0.006451867703
@ DISP4MAX         %le      0.009659626023
@ ORBIT_X          %le                   0
@ ORBIT_PX         %le                   0
@ ORBIT_Y          %le                   0
@ ORBIT_PY         %le                   0
@ ORBIT_PT         %le                   0
@ ORBIT_-CT        %le                   0
@ XCORMS           %le     1.121198783e-30
@ PXCORMS          %le     2.056452751e-31
@ YCORMS           %le     1.331094961e-14
@ PYCORMS          %le      1.68722068e-15
@ TCORMS           %le                   0
@ PTCORMS          %le                   0
@ XCOMIN           %le    -1.766485366e-30
@ XCOMAX           %le     3.532990759e-30
@ PXCOMIN          %le    -1.198379416e-30
@ PXCOMAX          %le     3.351327256e-31
@ YCOMIN           %le    -2.842170943e-14
@ YCOMAX           %le     3.201216494e-14
@ PYCOMIN          %le    -1.869164545e-15
@ PYCOMAX          %le     2.004866404e-15
@ TCOMIN           %le                   0
@ TCOMAX           %le                   0
@ PTCOMIN          %le                   0
@ PTCOMAX          %le                   0
@ TITLE            %39s "BT line and BTM line. Protons - 1.4 GeV"
@ ORIGIN           %22s "MAD-X 5.02.01 Linux 64"
@ DATE             %08s "16/05/14"
@ TIME             %08s "15.48.34"
* NAME                                S                  X                 PX                  Y                 PY             ALFA11             BETA11             ALFA22             BETA22                MU1                MU2              DISP1              DISP2 
$ %s                                %le                %le                %le                %le                %le                %le                %le                %le                %le                %le                %le                %le                %le 
 "BT3BTM$START"                       0                  0                  0                  0                  0     -0.02432892705        5.673296232     -0.05124060898        4.212792459                  0                  0       -1.343174242      0.05737692551
 "BT3$START"                          0                  0                  0                  0                  0     -0.02432892705        5.673296232     -0.05124060898        4.212792459                  0                  0       -1.343174242      0.05737692551
 "DRIFT_0"                   2.60069892                  0                  0                  0                  0      -0.4830108218        6.992734169      -0.6701952194        6.089029839      0.06774270959      0.08582360872       -1.193954134      0.05737692551
 "BT3.DVT10"                 3.00450036     8.70163887e-31   -1.593317664e-34    1.421085472e-14   -2.602085214e-18      -0.5538360871        7.411573005      -0.7662988257        6.668949664       0.0766744744      0.09591555076       -1.170785249      0.05743895461
 "DRIFT_1"                   3.64861105    8.700612597e-31   -1.593317664e-34    1.420917868e-14   -2.602085214e-18      -0.6673992406        8.198183734      -0.9195975438        7.754853538      0.08984072413         0.11018961       -1.133788204      0.05743895461
 "BT3.BPM00"                 4.15661105    8.699803192e-31   -1.593317664e-34    1.420785683e-14   -2.602085214e-18      -0.7569647189        8.921760626       -1.040501839        8.750584025      0.09929994684       0.1200105753       -1.104609215      0.05743895461
 "DRIFT_2"                   4.29511704    8.699582508e-31   -1.593317664e-34    1.420749642e-14   -2.602085214e-18      -0.7813847095        9.134831236       -1.073466345        9.043381281       0.1017418598       0.1224886951       -1.096653576      0.05743895461
 "BT3.DHZ10"                 4.63011704    8.699048746e-31   -1.593317664e-34    1.420662472e-14   -2.602085214e-18      -0.8404485584        9.678145381       -1.153196539        9.789313347       0.1074135242        0.128156504       -1.077411526      0.05743895461
 "DRIFT_3"                   4.82462144    8.698738839e-31   -1.593317664e-34    1.420611861e-14   -2.602085214e-18      -0.8747416285        10.01175742       -1.199488699        10.24692098       0.1105585673       0.1312475399       -1.066239397      0.05743895461
 "BT3.VVS10"                 4.92462144    8.698579507e-31   -1.593317664e-34     1.42058584e-14   -2.602085214e-18      -0.8923726282        10.18846885       -1.223288757        10.48919872       0.1121344272       0.1327827189       -1.060495501      0.05743895461
 "DRIFT_4"                  5.456727048    8.697731694e-31   -1.593317664e-34    1.420447381e-14   -2.602085214e-18      -0.9861881661        11.18806158       -1.349930201        11.85842296       0.1200697763       0.1403789513       -1.029931911      0.05743895461
 "BT3.DVT20"                5.860528952   -4.350819435e-31   -1.593317664e-34   -7.105427358e-15   -2.602085214e-18       -1.054144828        12.01214058       -1.446034138        12.98726423       0.1256146126       0.1455584171       -1.006688228      0.05771335014
 "DRIFT_5"                  6.330660548   -4.351568504e-31   -1.593317664e-34    -7.10665068e-15   -2.602085214e-18       -1.136773885        13.04216069       -1.557927118        14.39952133        0.131594001       0.1510309992      -0.9795553586      0.05771335014
 "BT3.SMV10"                7.394642652   -4.353263765e-31   -1.593317664e-34   -7.109419252e-15   -2.602085214e-18         -1.3237765        15.66014226       -1.811158614        17.98416826       0.1434539779       0.1615615764      -0.9181493869      0.05771335014
 "DRIFT_6"                   7.46265664   -4.353372133e-31   -1.593317664e-34    -7.10959623e-15   -2.602085214e-18       -1.335730454        15.84102594       -1.827346183        18.23163748       0.1441412524       0.1621593839      -0.9142240718      0.05771335014
 "BT3.BTV10"                 7.46265664   -4.353372133e-31   -1.593317664e-34    -7.10959623e-15   -2.602085214e-18       -1.335730454        15.84102594       -1.827346183        18.23163748       0.1441412524       0.1621593839      -0.9142240718      0.05771335014
 "DRIFT_7"                   8.14266813   -4.354455608e-31   -1.593317664e-34   -7.111365678e-15   -2.602085214e-18       -1.455247433        17.73892297       -1.989191318        20.82692683       0.1505992858       0.1677145767      -0.8749783305      0.05771335014
 "BT.VPG11"                  8.14266813   -4.354455608e-31   -1.593317664e-34   -7.111365678e-15   -2.602085214e-18       -1.455247433        17.73892297       -1.989191318        20.82692683       0.1505992858       0.1677145767      -0.8749783305      0.05771335014
 "DRIFT_8"                   8.70017911     -4.3553439e-31   -1.593317664e-34   -7.112816369e-15   -2.602085214e-18       -1.553234054        19.41618443       -2.121880899        23.11889473        0.155381107       0.1717586979      -0.8428025041      0.05771335014
 "BT3.BPM10"                 8.88517911   -4.355638664e-31   -1.593317664e-34   -7.113297755e-15   -2.602085214e-18       -1.585749153        19.99689632       -2.165911552        23.91213634       0.1568753974       0.1730109842      -0.8321255344      0.05771335014
 "DRIFT_9"                  9.129683765   -4.356028237e-31   -1.593317664e-34   -7.113933977e-15   -2.602085214e-18        -1.62872263        20.78284964       -2.224104523         24.9855157       0.1587843003       0.1746030505      -0.8180143516      0.05771335014
 "BT3.QNO10"                9.595685855    4.350819435e-31   -1.144533189e-31    7.105427358e-15   -1.869164545e-15       -9.315935938        25.65001781        5.332036076        23.46337056       0.1620749693       0.1775928624      -0.8504222798      -0.1985046376
 "DRIFT_10"                  9.94969039    3.945649496e-31   -1.144533189e-31    6.443734632e-15   -1.869164545e-15       -10.52750923        32.67468739        4.888000598        19.84543123       0.1640211817       0.1802039592      -0.9206938217      -0.1985046376
 "BT3.VVS20"                10.04969039    3.831196177e-31   -1.144533189e-31    6.256818177e-15   -1.869164545e-15       -10.86975719        34.81441403        4.762568455        18.88037433        0.164493066       0.1810261763      -0.9405442854      -0.1985046376
 "DRIFT_11"                 10.74369726    3.036882281e-31   -1.144533189e-31    4.959605142e-15   -1.869164545e-15       -13.24498154        51.55020838        3.892060759         12.8740022       0.1671004714       0.1881132238       -1.078307868      -0.1985046376
 "BT3.VVS30"                10.84369726    2.922428962e-31   -1.144533189e-31    4.772688687e-15   -1.869164545e-15        -13.5872295        54.23342948        3.766628615        12.10813326        0.167401475       0.1893879866       -1.098158331      -0.1985046376
 "DRIFT_12"                 11.12969617     2.59509372e-31   -1.144533189e-31    4.238109668e-15   -1.869164545e-15       -14.56605492        62.28523808        3.407894054        10.05622761       0.1681846524       0.1935134905       -1.154930441      -0.1985046376
 "BT3.QNO20"                11.59569751                  0   -1.144533128e-31                  0   -1.869164446e-15        4.500730515        67.20146134       0.5088019569        8.310307139       0.1693050069       0.2018169627       -1.167012235       0.1472027295
 "DRIFT_13"                 13.50820151   -2.188924183e-31   -1.144533128e-31   -3.574784476e-15   -1.869164446e-15        3.895784072        51.14309362       0.2190880022        6.918214682       0.1744979874       0.2423989443      -0.8854864262       0.1472027295
 "BT.VGP21"                 13.50820151   -2.188924183e-31   -1.144533128e-31   -3.574784476e-15   -1.869164446e-15        3.895784072        51.14309362       0.2190880022        6.918214682       0.1744979874       0.2423989443      -0.8854864262       0.1472027295
 "BT.VGR21"                 13.50820151   -2.188924183e-31   -1.144533128e-31   -3.574784476e-15   -1.869164446e-15        3.895784072        51.14309362       0.2190880022        6.918214682       0.1744979874       0.2423989443      -0.8854864262       0.1472027295
 "BT.VPI22"                 13.50820151   -2.188924183e-31   -1.144533128e-31   -3.574784476e-15   -1.869164446e-15        3.895784072        51.14309362       0.2190880022        6.918214682       0.1744979874       0.2423989443      -0.8854864262       0.1472027295
 "BT.VPI22A"                13.50820151   -2.188924183e-31   -1.144533128e-31   -3.574784476e-15   -1.869164446e-15        3.895784072        51.14309362       0.2190880022        6.918214682       0.1744979874       0.2423989443      -0.8854864262       0.1472027295
 "DRIFT_14"                 13.93270151   -2.674778496e-31   -1.144533128e-31   -4.368244783e-15   -1.869164446e-15        3.761509966         47.8925723       0.1547830001        6.759506442       0.1758631223       0.2522849904      -0.8229988675       0.1472027295
 "BT3.KFA10"                15.49270151   -4.460250175e-31   -1.144533128e-31   -7.284141318e-15   -1.869164446e-15        3.268064487        36.92643616     -0.08153220226        6.645235197       0.1817684174       0.2896731352      -0.5933626096       0.1472027295
 "DRIFT_15"                 15.90020151   -4.926647425e-31   -1.144533128e-31    -8.04582583e-15   -1.869164446e-15        3.139167672        34.31548905      -0.1432619747        6.736838824       0.1835903967       0.2993722777      -0.5333774973       0.1472027295
 "BT.BTV20"                 15.90020151   -4.926647425e-31   -1.144533128e-31    -8.04582583e-15   -1.869164446e-15        3.139167672        34.31548905      -0.1432619747        6.736838824       0.1835903967       0.2993722777      -0.5333774973       0.1472027295
 "DRIFT_16"                 16.19520121   -5.264284356e-31   -1.144533128e-31   -8.597228784e-15   -1.869164446e-15        3.045855961        32.49090893      -0.1879497402        6.834546181       0.1849965133       0.3062937054       -0.489952736       0.1472027295
 "BT3.DVT30"                16.53020161    -8.70163887e-31    -1.14373653e-31   -1.421085472e-14   -1.867863503e-15        2.940538175        30.48568112      -0.2386970953        6.977423802       0.1866906356       0.3140175413      -0.4406397633       0.1472120753
 "DRIFT_17"                 17.30170497   -9.584035448e-31    -1.14373653e-31   -1.565191769e-14   -1.867863503e-15        2.696406794        26.13675913      -0.3555684212        7.435901646       0.1910411261        0.331097133      -0.3270651523       0.1472120753
 "BT3.BPM20"                17.48670497   -9.795626706e-31    -1.14373653e-31   -1.599747243e-14   -1.867863503e-15        2.637866147        25.14991864      -0.3835931796        7.572646542        0.192189548       0.3350212794      -0.2998309183       0.1472120753
 "DRIFT_18"                 19.21081138   -1.176755019e-30    -1.14373653e-31   -1.921786788e-14   -1.867863503e-15        2.092296936        16.99461412      -0.6447697509        9.345653667       0.2054777108       0.3678719064     -0.04602163494       0.1472120753
 "BT3.DVT40"                 19.6146119    -8.70163887e-31   -1.142674318e-31   -1.421085472e-14   -1.866128779e-15        1.965667751        15.35599601      -0.7059392639        9.891059067       0.2094563777       0.3745582136      0.01342335066       0.1472132279
 "DRIFT_19"                 20.06461374   -9.215844421e-31   -1.142674318e-31   -1.505061611e-14   -1.866128779e-15        1.823134414        13.65102805      -0.7741079372        10.55708304       0.2144038424       0.3815692389      0.07966957484       0.1472132279
 "BT.VPI23"                 20.06461374   -9.215844421e-31   -1.142674318e-31   -1.505061611e-14   -1.866128779e-15        1.823134414        13.65102805      -0.7741079372        10.55708304       0.2144038424       0.3815692389      0.07966957484       0.1472132279
 "DRIFT_20"                 20.33472034   -9.524488292e-31   -1.142674318e-31    -1.55546698e-14   -1.866128779e-15           1.737581        12.68925533      -0.8150251212        10.98631836       0.2176703604       0.3855613516       0.1194328387       0.1472132279
 "BT3.SMV20"                21.39871598   -1.074028879e-30   -1.142674318e-31    -1.75402227e-14   -1.866128779e-15        1.400571606        9.350274612      -0.9762048421        12.89217924       0.2332415862       0.3998092553       0.2760670726       0.1472132279
 "DRIFT_21"                 21.45171931   -1.080085433e-30   -1.142674318e-31   -1.763913373e-14   -1.866128779e-15        1.383783361        9.202694539      -0.9842340678        12.99608903       0.2341509883       0.4004609662       0.2838698633       0.1472132279
 "BT3.BTV30"                21.45171931   -1.080085433e-30   -1.142674318e-31   -1.763913373e-14   -1.866128779e-15        1.383783361        9.202694539      -0.9842340678        12.99608903       0.2341509883       0.4004609662       0.2838698633       0.1472132279
 "BT.VPI23B"                21.45171931   -1.080085433e-30   -1.142674318e-31   -1.763913373e-14   -1.866128779e-15        1.383783361        9.202694539      -0.9842340678        12.99608903       0.2341509883       0.4004609662       0.2838698633       0.1472132279
 "DRIFT_22"                 22.04971388   -1.148416737e-30   -1.142674318e-31   -1.875506861e-14   -1.866128779e-15        1.194374892        7.660969907       -1.074821466        14.22739305       0.2454955001       0.4074624236        0.371902574       0.1472132279
 "BT3.QNO30"                 22.5157145   -1.740327774e-30    1.184927423e-31   -2.842170943e-14    1.935133335e-15       0.1246865792         7.05868934       0.8140185637        14.35163455       0.2556932217       0.4125998562       0.4528692531       0.2020926579
 "DRIFT_23"                 25.58222233   -1.376968852e-30    1.184927423e-31   -2.248760791e-14    1.935133335e-15      -0.3164975964        7.646879326       0.4587659053        10.44863101       0.3242204119       0.4528837053        1.072587971       0.2020926579
 "BT.BPM30"                 25.90422233   -1.338814189e-30    1.184927423e-31   -2.186449497e-14    1.935133335e-15      -0.3628243344        7.865620988        0.421462444        10.16519748       0.3308302714       0.4578571705        1.137661806       0.2020926579
 "DRIFT_24"                 26.14822233    -1.30990196e-30    1.184927423e-31   -2.139232244e-14    1.935133335e-15      -0.3979290674        8.051244818       0.3931952249         9.96642101       0.3357109477        0.461715728        1.186972415       0.2020926579
 "BT.BCT10"                 26.46222233   -1.272695239e-30    1.184927423e-31   -2.078469057e-14    1.935133335e-15      -0.4431048305        8.315329462       0.3568185577        9.730916683       0.3418201596       0.4667912055        1.250429509       0.2020926579
 "DRIFT_25"                 26.67622233   -1.247337792e-30    1.184927423e-31   -2.037057204e-14    1.935133335e-15      -0.4738934079        8.511567085       0.3320268164        9.583503773       0.3458690522       0.4703184082        1.293677338       0.2020926579
 "BT.DVT50"                 27.11222233   -1.195674957e-30    1.184927423e-31   -1.952685391e-14    1.935133335e-15      -0.5366215376        8.952151601       0.2815165396        9.315998869       0.3538218308       0.4776649675        1.381789737       0.2020926579
 "DRIFT_26"                 27.88642233   -1.103937876e-30    1.184927423e-31   -1.802867368e-14    1.935133335e-15      -0.6480071292        9.869291115       0.1918260436        8.949537041        0.366945609       0.4911757357        1.538249873       0.2020926579
 "BT.VGP23"                 27.88642233   -1.103937876e-30    1.184927423e-31   -1.802867368e-14    1.935133335e-15      -0.6480071292        9.869291115       0.1918260436        8.949537041        0.366945609       0.4911757357        1.538249873       0.2020926579
 "BT.VPG22"                 27.88642233   -1.103937876e-30    1.184927423e-31   -1.802867368e-14    1.935133335e-15      -0.6480071292        9.869291115       0.1918260436        8.949537041        0.366945609       0.4911757357        1.538249873       0.2020926579
 "DRIFT_27"                 28.88272233   -9.858835565e-31    1.184927423e-31   -1.610070034e-14    1.935133335e-15      -0.7913466603         11.3033193      0.07640542728        8.682298027       0.3819808518       0.5092026604        1.739594788       0.2020926579
 "BT3.KFA20"                30.44272233   -8.010348786e-31    1.184927423e-31   -1.308189233e-14    1.935133335e-15       -1.015786757        14.12244743      -0.1043194161         8.72584385       0.4016822231       0.5378824949        2.054859334       0.2020926579
 "DRIFT_15"                 30.85022233   -7.527490861e-31    1.184927423e-31    -1.22933255e-14    1.935133335e-15       -1.074414539        14.97420445       -0.151527989        8.830101667       0.4061426634       0.5452737347        2.137212092       0.2020926579
 "BT.BTV40"                 30.85022233   -7.527490861e-31    1.184927423e-31    -1.22933255e-14    1.935133335e-15       -1.074414539        14.97420445       -0.151527989        8.830101667       0.4061426634       0.5452737347        2.137212092       0.2020926579
 "DRIFT_28"                 30.99972233   -7.350344211e-31    1.184927423e-31   -1.200402306e-14    1.935133335e-15       -1.095923381        15.29866997      -0.1688474532        8.877997796       0.4077147254       0.5479611921        2.167424945       0.2020926579
 "BT.DVT60"                 31.43572233   -6.833715855e-31    1.184927423e-31   -1.116030493e-14    1.935133335e-15       -1.158651511        16.28166463      -0.2193577299        9.047255256       0.4121120208       0.5557069183        2.255537343       0.2020926579
 "DRIFT_29"                 31.47467233   -6.787562932e-31    1.184927423e-31   -1.108493149e-14    1.935133335e-15        -1.16425532        16.37214185      -0.2238700585        9.064518978       0.4124917079       0.5563914572        2.263408853       0.2020926579
 "BT.QNO40"                 31.94077233   -5.716121822e-31    3.351327256e-31   -1.105387486e-14   -1.800106632e-15        4.149080449        14.90197556       -3.798167275        10.84556946       0.4171164624       0.5640764573        2.177152665      -0.5672830837
 "DRIFT_30"                 32.19272233    -4.87175492e-31    3.351327256e-31   -1.150741173e-14   -1.800106632e-15        3.841118855        12.88884485       -4.156525544        12.84975431       0.4200100025       0.5674734442        2.034225692      -0.5672830837
 "BT.BPM40"                 32.37772233   -4.251759378e-31    3.351327256e-31   -1.184043145e-14   -1.800106632e-15        3.614991073        11.50946451       -4.419658229        14.43634831       0.4224275443        0.569635312        1.929278321      -0.5672830837
 "DRIFT_31"                 32.88372233   -2.555987786e-31    3.351327256e-31   -1.275128541e-14   -1.800106632e-15        2.996501031        8.164049505       -5.139361681        19.27321238       0.4307392031       0.5744640267        1.642233081      -0.5672830837
 "BT.QNO50"                 33.27172233   -1.374467457e-31    2.795126392e-31   -1.273682156e-14    1.873972717e-15        0.667446622        6.792726169       0.5535230798        21.12129861       0.4391895273       0.5774686408        1.509882472      -0.1212254939
 "DRIFT_32"                 34.22882233    1.300748013e-31    2.795126392e-31   -1.094324228e-14    1.873972717e-15       0.4637767474        5.710032282        0.494324837        20.11840337       0.4637456953       0.5848608891        1.393857552      -0.1212254939
 "BT3.END"                  34.22882233    1.300748013e-31    2.795126392e-31   -1.094324228e-14    1.873972717e-15       0.4637767474        5.710032282        0.494324837        20.11840337       0.4637456953       0.5848608891        1.393857552      -0.1212254939
 "BT3$END"                  34.22882233    1.300748013e-31    2.795126392e-31   -1.094324228e-14    1.873972717e-15       0.4637767474        5.710032282        0.494324837        20.11840337       0.4637456953       0.5848608891        1.393857552      -0.1212254939
 "BTM$START"                34.22882233    1.300748013e-31    2.795126392e-31   -1.094324228e-14    1.873972717e-15       0.4637767474        5.710032282        0.494324837        20.11840337       0.4637456953       0.5848608891        1.393857552      -0.1212254939
 "BTM_1$START"              34.22882233    1.300748013e-31    2.795126392e-31   -1.094324228e-14    1.873972717e-15       0.4637767474        5.710032282        0.494324837        20.11840337       0.4637456953       0.5848608891        1.393857552      -0.1212254939
 "BT.BHZ10"                 35.76265519    3.532990759e-30                  0   -8.076783867e-15    2.004866404e-15       0.1344788615        4.659189793       0.7069450186        18.77546685       0.5115836195       0.5974344386        1.066125029      -0.2866795261
 "DRIFT_33"                 36.82582226    3.532990759e-30                  0   -5.945275924e-15    2.004866404e-15     -0.09783491676        4.620231158       0.6220199709        17.36255504       0.5483804702       0.6068115863        0.761336797      -0.2866795261
 "BTM.VVS10"                36.82582226    3.532990759e-30                  0   -5.945275924e-15    2.004866404e-15     -0.09783491676        4.620231158       0.6220199709        17.36255504       0.5483804702       0.6068115863        0.761336797      -0.2866795261
 "DRIFT_34"                 37.16932226    3.532990759e-30                  0   -5.256604314e-15    2.004866404e-15      -0.1728934706        4.713226359       0.5945814293        16.94465246       0.5601064421       0.6099991051       0.6628623797      -0.2866795261
 "BTM.BTV10"                37.16932226    3.532990759e-30                  0   -5.256604314e-15    2.004866404e-15      -0.1728934706        4.713226359       0.5945814293        16.94465246       0.5601064421       0.6099991051       0.6628623797      -0.2866795261
 "DRIFT_35"                 37.47083226    3.532990759e-30                  0   -4.652117045e-15    2.004866404e-15      -0.2387767444        4.837349045       0.5704970198        16.59336965       0.5701629691       0.6128610524       0.5764256358      -0.2866795261
 "BTM.QNO05"                38.03083226    3.191845309e-30   -1.198379416e-30   -3.956444603e-15    5.201908376e-16         1.22440366        4.246199086       -5.849897708        19.37044568       0.5892369263       0.6179975139       0.3654267784       -0.454519535
 "DRIFT_36"                 38.45370623    2.685081851e-30   -1.198379416e-30   -3.736469439e-15    5.201908376e-16       0.9755148273        3.315910827        -6.61880992        24.64313754       0.6072112717       0.6210781499       0.1732222993       -0.454519535
 "BTM.BHZ10"                40.80473829    4.072950543e-31                  0   -2.349097064e-15    6.340711348e-16      -0.3800242322        1.944421339       -8.704126224        62.32570712       0.7880387664       0.6306315488       -1.281679678       -0.808895827
 "DRIFT_37"                 41.15210226    4.072950543e-31                  0   -2.128843599e-15    6.340711348e-16      -0.5844705186        2.279452062       -9.131947893        68.52131659       0.8144193848       0.6314775295       -1.562660941       -0.808895827
 "BTM.QNO10"                41.71210226    4.601291134e-31    1.926705145e-31   -1.523901645e-15    1.480507436e-15       -2.513893709        3.881158773        20.62777879        61.47682881       0.8458734014       0.6327933602       -2.237772481       -1.653040468
 "DRIFT_38"                 42.02042226    5.195332864e-31    1.926705145e-31   -1.067431592e-15    1.480507436e-15       -3.095369034        5.610606662        18.48875985        49.41641761       0.8563967196       0.6336836527       -2.747437918       -1.653040468
 "BTM.DVT10"                42.32042226    5.773344408e-31    1.926705145e-31    -6.23279361e-16    1.480507436e-15       -3.661153275        7.637563354        16.40746223        38.94755099       0.8636931628       0.6347720039       -3.243350058       -1.653040468
 "DRIFT_39"                 42.48442226    6.089324052e-31    1.926705145e-31   -3.804761415e-16    1.480507436e-15       -3.970448661        8.889146072         15.2696862        33.75249864       0.8668611631       0.6354919043       -3.514448695       -1.653040468
 "BTM.DHZ10"                42.78442226    6.667335595e-31    1.926705145e-31    6.367608942e-17    1.480507436e-15       -4.536232903        11.44115054        13.18838859        25.21507621       0.8715963878       0.6371285925       -4.010360836       -1.653040468
 "DRIFT_40"                 43.03510226    7.150322041e-31    1.926705145e-31    4.348096936e-16    1.480507436e-15       -5.009002215        13.83395008         11.4492563        19.03891139       0.8747678578       0.6389495428        -4.42474502       -1.653040468
 "BTM.QNO20"                43.59510226    7.261112614e-31   -1.539750034e-31    1.359327076e-15    1.893515687e-15        1.950333974        15.71497074        2.811199646        11.68758407       0.8805519311       0.6451917922       -4.740149022       0.5514377942
 "DRIFT_41"                 43.86642226    6.843347634e-31   -1.539750034e-31    1.873075752e-15    1.893515687e-15        1.867396007        14.67914424        2.604525669        10.21818948       0.8833951996       0.6491436128        -4.59053292       0.5514377942
 "BTM.BPM00"                43.86642226    6.843347634e-31   -1.539750034e-31    1.873075752e-15    1.893515687e-15        1.867396007        14.67914424        2.604525669        10.21818948       0.8833951996       0.6491436128        -4.59053292       0.5514377942
 "DRIFT_42"                 44.24792226    6.255932996e-31   -1.539750034e-31    2.595451986e-15    1.893515687e-15        1.750777865        13.29881091        2.313923715        8.341801042       0.8877414213       0.6557220306       -4.380159402       0.5514377942
 "BTM.BTV15"                44.24792226    6.255932996e-31   -1.539750034e-31    2.595451986e-15    1.893515687e-15        1.750777865        13.29881091        2.313923715        8.341801042       0.8877414213       0.6557220306       -4.380159402       0.5514377942
 "DRIFT_43"                 44.44792226    5.947982989e-31   -1.539750034e-31    2.974155124e-15    1.893515687e-15        1.689641224        12.61072709        2.161576687        7.446700962       0.8901994725       0.6597611331       -4.269871843       0.5514377942
 "BTM.VPI11"                44.44792226    5.947982989e-31   -1.539750034e-31    2.974155124e-15    1.893515687e-15        1.689641224        12.61072709        2.161576687        7.446700962       0.8901994725       0.6597611331       -4.269871843       0.5514377942
 "DRIFT_44"                 45.61892226    4.144935699e-31   -1.539750034e-31    5.191461993e-15    1.893515687e-15        1.331686192        9.072752691        1.269584842        3.428810811       0.9076580462        0.696982252       -3.624138186       0.5514377942
 "BTM.VC"                   45.61892226    4.144935699e-31   -1.539750034e-31    5.191461993e-15    1.893515687e-15        1.331686192        9.072752691        1.269584842        3.428810811       0.9076580462        0.696982252       -3.624138186       0.5514377942
 "BTM_1$END"                45.61892226    4.144935699e-31   -1.539750034e-31    5.191461993e-15    1.893515687e-15        1.331686192        9.072752691        1.269584842        3.428810811       0.9076580462        0.696982252       -3.624138186       0.5514377942
 "BTM_2$START"              45.61892226    4.144935699e-31   -1.539750034e-31    5.191461993e-15    1.893515687e-15        1.331686192        9.072752691        1.269584842        3.428810811       0.9076580462        0.696982252       -3.624138186       0.5514377942
 "DRIFT_45"                 47.03992226      1.9569509e-31   -1.539750034e-31    7.882147784e-15    1.893515687e-15       0.8973103586        5.905348593        0.187159213        1.358777508       0.9387528883       0.8113521182        -2.84054508       0.5514377942
 "BTM.VPI11A"               47.03992226      1.9569509e-31   -1.539750034e-31    7.882147784e-15    1.893515687e-15       0.8973103586        5.905348593        0.187159213        1.358777508       0.9387528883       0.8113521182        -2.84054508       0.5514377942
 "DRIFT_46"                 47.57392226    1.134724381e-31   -1.539750034e-31    8.893285161e-15    1.893515687e-15       0.7340755276         5.03418853        -0.21960735        1.376104814       0.9543653227       0.8752042009       -2.546077298       0.5514377942
 "BTM.BSGH01"               47.57392226    1.134724381e-31   -1.539750034e-31    8.893285161e-15    1.893515687e-15       0.7340755276         5.03418853        -0.21960735        1.376104814       0.9543653227       0.8752042009       -2.546077298       0.5514377942
 "DRIFT_47"                 47.72392226    9.037618761e-32   -1.539750034e-31    9.177312514e-15    1.893515687e-15       0.6882230469        4.820843744      -0.3338676205        1.459126059       0.9592120909       0.8920834714       -2.463361629       0.5514377942
 "BTM.BSGV01"               47.72392226    9.037618761e-32   -1.539750034e-31    9.177312514e-15    1.893515687e-15       0.6882230469        4.820843744      -0.3338676205        1.459126059       0.9592120909       0.8920834714       -2.463361629       0.5514377942
 "DRIFT_48"                 50.07392226   -2.714650705e-31   -1.539750034e-31    1.362707438e-14    1.893515687e-15     -0.03013248284        3.274330918       -2.123945192        7.234986168        1.059941498        1.020765191       -1.167482813       0.5514377942
 "BTM.BSGH02"               50.07392226   -2.714650705e-31   -1.539750034e-31    1.362707438e-14    1.893515687e-15     -0.03013248284        3.274330918       -2.123945192        7.234986168        1.059941498        1.020765191       -1.167482813       0.5514377942
 "DRIFT_47"                 50.22392226    -2.94561321e-31   -1.539750034e-31    1.391110173e-14    1.893515687e-15     -0.07598496346        3.290248535       -2.238205462        7.889308766        1.067217403        1.023925297       -1.084767144       0.5514377942
 "BTM.BSGV02"               50.22392226    -2.94561321e-31   -1.539750034e-31    1.391110173e-14    1.893515687e-15     -0.07598496346        3.290248535       -2.238205462        7.889308766        1.067217403        1.023925297       -1.084767144       0.5514377942
 "DRIFT_49"                 51.01142226   -4.158166362e-31   -1.539750034e-31    1.540224533e-14    1.893515687e-15      -0.3167104867        3.599496202       -2.838071882        11.88687717        1.103962606        1.036882079      -0.6505098808       0.5514377942
 "BTM.BPM10"                51.01142226   -4.158166362e-31   -1.539750034e-31    1.540224533e-14    1.893515687e-15      -0.3167104867        3.599496202       -2.838071882        11.88687717        1.103962606        1.036882079      -0.6505098808       0.5514377942
 "DRIFT_50"                 52.05792226   -5.769514773e-31   -1.539750034e-31     1.73838095e-14    1.893515687e-15      -0.6366079599        4.597143956       -3.635227703        18.66118519        1.145372645        1.048074238     -0.07343022923       0.5514377942
 "BTM.BTV20"                52.05792226   -5.769514773e-31   -1.539750034e-31     1.73838095e-14    1.893515687e-15      -0.6366079599        4.597143956       -3.635227703        18.66118519        1.145372645        1.048074238     -0.07343022923       0.5514377942
 "DRIFT_51"                 52.57392226   -6.564025791e-31   -1.539750034e-31    1.836086359e-14    1.893515687e-15      -0.7943404932        5.335513358       -4.028283033        22.61555673        1.161984822        1.052072233       0.2111116726       0.5514377942
 "BTM.BSGH03"               52.57392226   -6.564025791e-31   -1.539750034e-31    1.836086359e-14    1.893515687e-15      -0.7943404932        5.335513358       -4.028283033        22.61555673        1.161984822        1.052072233       0.2111116726       0.5514377942
 "DRIFT_47"                 52.72392226   -6.794988296e-31   -1.539750034e-31    1.864489095e-14    1.893515687e-15      -0.8401929739        5.580693378       -4.142543304        23.84118068        1.166360385         1.05310036       0.2938273417       0.5514377942
 "BTM.BSGV03"               52.72392226   -6.794988296e-31   -1.539750034e-31    1.864489095e-14    1.893515687e-15      -0.8401929739        5.580693378       -4.142543304        23.84118068        1.166360385         1.05310036       0.2938273417       0.5514377942
 "DRIFT_52"                 52.99592226   -7.213800306e-31   -1.539750034e-31    1.915992721e-14    1.893515687e-15      -0.9233388054        6.060374022       -4.349735261        26.15108045        1.173806911         1.05483412       0.4438184217       0.5514377942
 "BTM.BCT10"                52.99592226   -7.213800306e-31   -1.539750034e-31    1.915992721e-14    1.893515687e-15      -0.9233388054        6.060374022       -4.349735261        26.15108045        1.173806911         1.05483412       0.4438184217       0.5514377942
 "DRIFT_53"                 59.78342226   -1.766485366e-30   -1.539750034e-31    3.201216494e-14    1.893515687e-15       -2.998163554        32.67757128       -9.520012501        120.2919934         1.25390978        1.074141911         4.18670245       0.5514377942
 "BTM.TDU10"                59.78342226   -1.766485366e-30   -1.539750034e-31    3.201216494e-14    1.893515687e-15       -2.998163554        32.67757128       -9.520012501        120.2919934         1.25390978        1.074141911         4.18670245       0.5514377942
 "BTM_2$END"                59.78342226   -1.766485366e-30   -1.539750034e-31    3.201216494e-14    1.893515687e-15       -2.998163554        32.67757128       -9.520012501        120.2919934         1.25390978        1.074141911         4.18670245       0.5514377942
 "BTM$END"                  59.78342226   -1.766485366e-30   -1.539750034e-31    3.201216494e-14    1.893515687e-15       -2.998163554        32.67757128       -9.520012501        120.2919934         1.25390978        1.074141911         4.18670245       0.5514377942
 "BT3BTM$END"               59.78342226   -1.766485366e-30   -1.539750034e-31    3.201216494e-14    1.893515687e-15       -2.998163554        32.67757128       -9.520012501        120.2919934         1.25390978        1.074141911         4.18670245       0.5514377942
