@ NAME             %09s "PTC_TWISS"
@ TYPE             %05s "TWISS"
@ SEQUENCE         %03s "BT4"
@ PARTICLE         %06s "PROTON"
@ MASS             %le    0.938272
@ CHARGE           %le    1.000000
@ ENERGY           %le    2.336655
@ PC               %le    2.140000
@ GAMMA            %le    2.490381
@ KBUNCH           %le    1.000000
@ BCURRENT         %le    0.000000
@ SIGE             %le    0.000000
@ SIGT             %le    0.000000
@ NPART            %le    0.000000
@ EX               %le    1.000000
@ EY               %le    1.000000
@ ET               %le    1.000000
@ DELTAP           %le    0.000000
@ LENGTH           %le   34.240164
@ ALPHA_C          %le  -1000000.000000
@ ALPHA_C_P        %le  -1000000.000000
@ ALPHA_C_P2       %le  -1000000.000000
@ ALPHA_C_P3       %le  -1000000.000000
@ ETA_C            %le  -1000000.000000
@ GAMMA_TR         %le  -1000000.000000
@ Q1               %le    0.475547
@ Q2               %le    0.585669
@ DQ1              %le  -1000000.000000
@ DQ2              %le  -1000000.000000
@ QS               %le  -1000000.000000
@ BETA_X_MIN       %le    5.673296
@ BETA_X_MAX       %le   62.466931
@ BETA_Y_MIN       %le    4.212792
@ BETA_Y_MAX       %le   25.099557
@ BETA11MIN        %le    5.673296
@ BETA11MAX        %le   62.466931
@ BETA12MIN        %le    0.000000
@ BETA12MAX        %le    0.000000
@ BETA13MIN        %le    0.000000
@ BETA13MAX        %le    0.000000
@ BETA21MIN        %le    0.000000
@ BETA21MAX        %le    0.000000
@ BETA22MIN        %le    4.212792
@ BETA22MAX        %le   25.099557
@ BETA23MIN        %le    0.000000
@ BETA23MAX        %le    0.000000
@ BETA31MIN        %le    0.000000
@ BETA31MAX        %le    0.000000
@ BETA32MIN        %le    0.000000
@ BETA32MAX        %le    0.000000
@ BETA33MIN        %le    0.000000
@ BETA33MAX        %le    0.000000
@ DISP1MIN         %le   -1.343174
@ DISP1MAX         %le    2.406474
@ DISP2MIN         %le   -0.608718
@ DISP2MAX         %le    0.208813
@ DISP3MIN         %le   -0.553159
@ DISP3MAX         %le    0.305164
@ DISP4MIN         %le   -0.132976
@ DISP4MAX         %le    0.076838
@ ORBIT_X          %le    0.000000
@ ORBIT_PX         %le    0.000000
@ ORBIT_Y          %le    0.000000
@ ORBIT_PY         %le    0.000000
@ ORBIT_PT         %le    0.000000
@ ORBIT_-CT        %le    0.000000
@ XCORMS           %le    0.000000
@ PXCORMS          %le    0.000000
@ YCORMS           %le    0.000000
@ PYCORMS          %le    0.000000
@ TCORMS           %le    0.000000
@ PTCORMS          %le    0.000000
@ XCOMIN           %le   -0.000000
@ XCOMAX           %le    0.000000
@ PXCOMIN          %le   -0.000000
@ PXCOMAX          %le    0.000000
@ YCOMIN           %le   -0.000000
@ YCOMAX           %le    0.000000
@ PYCOMIN          %le   -0.000000
@ PYCOMAX          %le    0.000000
@ TCOMIN           %le    0.000000
@ TCOMAX           %le    0.000000
@ PTCOMIN          %le    0.000000
@ PTCOMAX          %le    0.000000
@ TITLE            %42s "Transferline BT4 optics. Protons - 1.4 GeV"
@ ORIGIN           %22s "MAD-X 5.02.01 Linux 64"
@ DATE             %08s "22/05/14"
@ TIME             %08s "14.51.47"
* NAME               KEYWORD                     S          L        K0L        K1L      ANGLE          Y         PY          X         PX       BETX       ALFX       BETY       ALFY      DISP1      DISP2      DISP3      DISP4        MU1        MU2 
$ %s                 %s                        %le        %le        %le        %le        %le        %le        %le        %le        %le        %le        %le        %le        %le        %le        %le        %le        %le        %le        %le 
 "BT4$START"         "MARKER"              0.000000   0.000000   0.000000   0.000000   0.000000   0.000000   0.000000   0.000000   0.000000   5.673296  -0.024329   4.212792  -0.051241  -1.343174   0.057377   0.000000   0.000000   0.000000   0.000000
 "BT4.START"         "MARKER"              0.000000   0.000000   0.000000   0.000000   0.000000   0.000000   0.000000   0.000000   0.000000   5.673296  -0.024329   4.212792  -0.051241  -1.343174   0.057377   0.000000   0.000000   0.000000   0.000000
 "DRIFT_0"           "DRIFT"               2.548966   2.548966   0.000000   0.000000   0.000000   0.000000   0.000000   0.000000   0.000000   6.943231  -0.473887   6.020324  -0.657883  -1.196922   0.057377   0.000000   0.000000   0.066561   0.084464
 "BT4.BVT10"         "SBEND"               3.455788   0.906823   0.000000   0.000000   0.076800   0.000000   0.000000   0.000000   0.000000   7.904277  -0.582781   7.407644  -0.873491  -1.141360   0.064985   0.034805   0.076838   0.086092   0.106121
 "DRIFT_1"           "DRIFT"               3.610697   0.154908   0.000000   0.000000   0.000000   0.000000   0.000000   0.000000   0.000000   8.088899  -0.609036   7.683976  -0.910358  -1.131293   0.064985   0.046708   0.076838   0.089175   0.109389
 "BT4.BPM00"         "MONITOR"             4.118697   0.508000   0.000000   0.000000   0.000000   0.000000   0.000000   0.000000   0.000000   8.751417  -0.695133   8.670318  -1.031260  -1.098281   0.064985   0.085742   0.076838   0.098791   0.119301
 "DRIFT_2"           "DRIFT"               4.298970   0.180274   0.000000   0.000000   0.000000   0.000000   0.000000   0.000000   0.000000   9.007553  -0.725686   9.049871  -1.074164  -1.086566   0.064985   0.099594   0.076838   0.102023   0.122540
 "BT4.DHZ10"         "HKICKER"             4.633970   0.335000   0.000000   0.000000   0.000000   0.000000   0.000000   0.000000   0.000000   9.512783  -0.782462   9.796270  -1.153893  -1.064796   0.064985   0.125334   0.076838   0.107784   0.128204
 "DRIFT_3"           "DRIFT"               4.678242   0.044272   0.000000   0.000000   0.000000   0.000000   0.000000   0.000000   0.000000   9.582397  -0.789966   9.898906  -1.164429  -1.061919   0.064985   0.128736   0.076838   0.108522   0.128920
 "BT4.VVS10"         "INSTRUMENT"          4.778242   0.100000   0.000000   0.000000   0.000000   0.000000   0.000000   0.000000   0.000000   9.742085  -0.806914  10.134171  -1.188229  -1.055420   0.064985   0.136420   0.076838   0.110169   0.130509
 "DRIFT_4"           "DRIFT"               6.374494   1.596252   0.000000   0.000000   0.000000   0.000000   0.000000   0.000000   0.000000  12.750005  -1.077450  14.534014  -1.568129  -0.951687   0.064985   0.259073   0.076838   0.133043   0.151503
 "BT4.SMV10"         "SBEND"               7.371303   0.996808   0.000000   0.000000  -0.073561   0.000000   0.000000   0.000000   0.000000  14.922133  -1.165731  17.974793  -1.804555  -0.881931   0.070147   0.299604   0.003143   0.144554   0.161315
 "DRIFT_5"           "DRIFT"               7.473118   0.101815   0.000000   0.000000   0.000000   0.000000   0.000000   0.000000   0.000000  15.161150  -1.181826  18.344711  -1.828665  -0.874789   0.070147   0.299924   0.003143   0.145632   0.162208
 "BT3.BTV10"         "MONITOR"             7.473118   0.000000   0.000000   0.000000   0.000000   0.000000   0.000000   0.000000   0.000000  15.161150  -1.181826  18.344711  -1.828665  -0.874789   0.070147   0.299924   0.003143   0.145632   0.162208
 "DRIFT_6"           "DRIFT"               8.153121   0.680004   0.000000   0.000000   0.000000   0.000000   0.000000   0.000000   0.000000  16.841540  -1.289323  20.941205  -1.989689  -0.827089   0.070147   0.302062   0.003143   0.152407   0.167731
 "BT.VPG11"          "PLACEHOLDER"         8.153121   0.000000   0.000000   0.000000   0.000000   0.000000   0.000000   0.000000   0.000000  16.841540  -1.289323  20.941205  -1.989689  -0.827089   0.070147   0.302062   0.003143   0.152407   0.167731
 "DRIFT_7"           "DRIFT"               8.710625   0.557503   0.000000   0.000000   0.000000   0.000000   0.000000   0.000000   0.000000  18.328277  -1.377454  23.233322  -2.121706  -0.787982   0.070147   0.303814   0.003143   0.157458   0.171754
 "BT3.BPM10"         "MONITOR"             8.895625   0.185000   0.000000   0.000000   0.000000   0.000000   0.000000   0.000000   0.000000  18.843345  -1.406699  24.026457  -2.165513  -0.775005   0.070147   0.304395   0.003143   0.159042   0.173000
 "DRIFT_8"           "DRIFT"               9.140127   0.244502   0.000000   0.000000   0.000000   0.000000   0.000000   0.000000   0.000000  19.540677  -1.445351  25.099557  -2.223411  -0.757854   0.070147   0.305164   0.003143   0.161070   0.174584
 "BT4.QNO10"         "SBEND"               9.606144   0.466017   0.000000   0.311062   0.009860   0.000000   0.000000   0.000000   0.000000  24.031415  -8.644260  23.556455   5.364740  -0.779989  -0.166023   0.286987  -0.080107   0.164576   0.177562
 "DRIFT_9"           "DRIFT"               9.960179   0.354035   0.000000   0.000000   0.000000   0.000000   0.000000   0.000000   0.000000  30.547099  -9.759826  19.916305   4.917164  -0.838767  -0.166023   0.258626  -0.080107   0.166656   0.180163
 "BT3.VVS20"         "INSTRUMENT"         10.060179   0.100000   0.000000   0.000000   0.000000   0.000000   0.000000   0.000000   0.000000  32.530575 -10.074927  18.945514   4.790742  -0.855370  -0.166023   0.250616  -0.080107   0.167161   0.180983
 "DRIFT_10"          "DRIFT"              10.754247   0.694068   0.000000   0.000000   0.000000   0.000000   0.000000   0.000000   0.000000  48.033884 -12.261943  12.904322   3.913291  -0.970601  -0.166023   0.195016  -0.080107   0.169956   0.188050
 "BT3.VVS30"         "INSTRUMENT"         10.854247   0.100000   0.000000   0.000000   0.000000   0.000000   0.000000   0.000000   0.000000  50.517783 -12.577044  12.134306   3.786869  -0.987203  -0.166023   0.187005  -0.080107   0.170279   0.189322
 "DRIFT_11"          "DRIFT"              11.140276   0.286029   0.000000   0.000000   0.000000   0.000000   0.000000   0.000000   0.000000  57.970369 -13.478323  10.071427   3.425267  -1.034691  -0.166023   0.164092  -0.080107   0.171120   0.193440
 "BT4.QNO20"         "SBEND"              11.606303   0.466028   0.000000  -0.294343  -0.004532   0.000000   0.000000   0.000000   0.000000  62.466931   4.262299   8.312955   0.520980  -1.040088   0.142909   0.136224  -0.040886   0.172324   0.201736
 "DRIFT_12"          "DRIFT"              13.518874   1.912570   0.000000   0.000000   0.000000   0.000000   0.000000   0.000000   0.000000  47.285426   3.675451   6.879593   0.228463  -0.766764   0.142909   0.058027  -0.040886   0.177926   0.242429
 "BT.VGP21"          "PLACEHOLDER"        13.518874   0.000000   0.000000   0.000000   0.000000   0.000000   0.000000   0.000000   0.000000  47.285426   3.675451   6.879593   0.228463  -0.766764   0.142909   0.058027  -0.040886   0.177926   0.242429
 "BT.VGR21"          "PLACEHOLDER"        13.518874   0.000000   0.000000   0.000000   0.000000   0.000000   0.000000   0.000000   0.000000  47.285426   3.675451   6.879593   0.228463  -0.766764   0.142909   0.058027  -0.040886   0.177926   0.242429
 "BT.VPI22"          "PLACEHOLDER"        13.518874   0.000000   0.000000   0.000000   0.000000   0.000000   0.000000   0.000000   0.000000  47.285426   3.675451   6.879593   0.228463  -0.766764   0.142909   0.058027  -0.040886   0.177926   0.242429
 "BT.VPI22A"         "PLACEHOLDER"        13.518874   0.000000   0.000000   0.000000   0.000000   0.000000   0.000000   0.000000   0.000000  47.285426   3.675451   6.879593   0.228463  -0.766764   0.142909   0.058027  -0.040886   0.177926   0.242429
 "DRIFT_13"          "DRIFT"              13.943389   0.424516   0.000000   0.000000   0.000000   0.000000   0.000000   0.000000   0.000000  44.220149   3.545194   6.713184   0.163536  -0.706096   0.142909   0.040670  -0.040886   0.179404   0.252378
 "BT4.KFA10"         "SBEND"              15.503408   1.560019   0.000000   0.000000  -0.008567   0.000000  -0.000000   0.000000  -0.000000  33.900068   3.068081   6.575632  -0.075049  -0.483103   0.142943  -0.029792  -0.049451   0.185818   0.290099
 "DRIFT_14"          "DRIFT"              15.910908   0.407500   0.000000   0.000000   0.000000   0.000000  -0.000000   0.000000  -0.000000  31.450590   2.942909   6.662193  -0.137369  -0.424854   0.142943  -0.049944  -0.049451   0.187805   0.299904
 "BT.BTV20"          "MONITOR"            15.910908   0.000000   0.000000   0.000000   0.000000   0.000000  -0.000000   0.000000  -0.000000  31.450590   2.942909   6.662193  -0.137369  -0.424854   0.142943  -0.049944  -0.049451   0.187805   0.299904
 "DRIFT_15"          "DRIFT"              16.205908   0.295000   0.000000   0.000000   0.000000   0.000000  -0.000000   0.000000  -0.000000  29.741007   2.852294   6.756549  -0.182484  -0.382686   0.142943  -0.064532  -0.049451   0.189340   0.306904
 "BT3.DVT30"         "SBEND"              16.540908   0.335000   0.000000   0.000000   0.002666   0.000000  -0.000000   0.000000  -0.000000  27.864440   2.749982   6.895929  -0.233717  -0.334800   0.142950  -0.080651  -0.046786   0.191192   0.314718
 "DRIFT_16"          "DRIFT"              17.312412   0.771503   0.000000   0.000000   0.000000   0.000000  -0.000000   0.000000  -0.000000  23.804102   2.512909   7.347585  -0.351707  -0.224514   0.142950  -0.116747  -0.046786   0.195960   0.332002
 "BT3.BPM20"         "MONITOR"            17.497412   0.185000   0.000000   0.000000   0.000000   0.000000  -0.000000   0.000000  -0.000000  22.884842   2.456060   7.482951  -0.379999  -0.198069   0.142950  -0.125402  -0.046786   0.197222   0.335973
 "DRIFT_17"          "DRIFT"              19.221418   1.724006   0.000000   0.000000   0.000000   0.000000  -0.000000   0.000000  -0.000000  15.329635   1.926294   9.247744  -0.643659   0.048377   0.142950  -0.206061  -0.046786   0.211892   0.369198
 "BT3.DVT40"         "SBEND"              19.625219   0.403801   0.000000   0.000000  -0.005498   0.000000  -0.000000   0.000000  -0.000000  13.823635   1.803244   9.792489  -0.705414   0.106100   0.142944  -0.226063  -0.052284   0.216307   0.375954
 "DRIFT_18"          "DRIFT"              20.075321   0.450102   0.000000   0.000000   0.000000   0.000000  -0.000000   0.000000  -0.000000  12.262659   1.664808  10.458489  -0.774250   0.170439   0.142944  -0.249596  -0.052284   0.221811   0.383035
 "BT.VPI23"          "PLACEHOLDER"        20.075321   0.000000   0.000000   0.000000   0.000000   0.000000  -0.000000   0.000000  -0.000000  12.262659   1.664808  10.458489  -0.774250   0.170439   0.142944  -0.249596  -0.052284   0.221811   0.383035
 "DRIFT_19"          "DRIFT"              20.345427   0.270107   0.000000   0.000000   0.000000   0.000000  -0.000000   0.000000  -0.000000  11.385747   1.581732  10.887906  -0.815558   0.209049   0.142944  -0.263719  -0.052284   0.225449   0.387064
 "BT3.SMV20"         "PLACEHOLDER"        21.409423   1.063996   0.000000   0.000000   0.000000   0.000000  -0.000000   0.000000  -0.000000   8.368026   1.254483  12.796542  -0.978280   0.361141   0.142944  -0.319349  -0.052284   0.242832   0.401430
 "DRIFT_20"          "DRIFT"              21.462426   0.053003   0.000000   0.000000   0.000000   0.000000  -0.000000   0.000000  -0.000000   8.235907   1.238181  12.900676  -0.986386   0.368717   0.142944  -0.322120  -0.052284   0.243848   0.402086
 "BT3.BTV30"         "MONITOR"            21.462426   0.000000   0.000000   0.000000   0.000000   0.000000  -0.000000   0.000000  -0.000000   8.235907   1.238181  12.900676  -0.986386   0.368717   0.142944  -0.322120  -0.052284   0.243848   0.402086
 "BT.VPI23B"         "PLACEHOLDER"        21.462426   0.000000   0.000000   0.000000   0.000000   0.000000  -0.000000   0.000000  -0.000000   8.235907   1.238181  12.900676  -0.986386   0.368717   0.142944  -0.322120  -0.052284   0.243848   0.402086
 "DRIFT_21"          "DRIFT"              22.060428   0.598002   0.000000   0.000000   0.000000   0.000000  -0.000000   0.000000  -0.000000   6.865025   1.054255  14.135089  -1.077841   0.454198   0.142944  -0.353386  -0.052284   0.256519   0.409136
 "BT3.QNO30"         "SBEND"              22.526429   0.466001   0.000000   0.133784   0.002833   0.000000  -0.000000   0.000000  -0.000000   6.346149   0.082137  14.267973   0.798878   0.535732   0.208813  -0.365885  -0.001071   0.267883   0.414306
 "DRIFT_22"          "DRIFT"              25.592929   3.066500   0.000000   0.000000   0.000000   0.000000  -0.000000   0.000000  -0.000000   7.334154  -0.404330  10.448126   0.446792   1.176056   0.208813  -0.369170  -0.001071   0.342078   0.454711
 "BT.BPM30"          "MONITOR"            25.914929   0.322000   0.000000   0.000000   0.000000   0.000000  -0.000000   0.000000  -0.000000   7.610990  -0.455411  10.172297   0.409821   1.243294   0.208813  -0.369515  -0.001071   0.348940   0.459683
 "DRIFT_23"          "DRIFT"              26.158929   0.244000   0.000000   0.000000   0.000000   0.000000  -0.000000   0.000000  -0.000000   7.842676  -0.494119   9.979140   0.381805   1.294244   0.208813  -0.369776  -0.001071   0.353967   0.463538
 "BT.BCT10"          "INSTRUMENT"         26.472929   0.314000   0.000000   0.000000   0.000000   0.000000  -0.000000   0.000000  -0.000000   8.168624  -0.543932   9.750687   0.345753   1.359811   0.208813  -0.370113  -0.001071   0.360212   0.468605
 "DRIFT_24"          "DRIFT"              26.686929   0.214000   0.000000   0.000000   0.000000   0.000000  -0.000000   0.000000  -0.000000   8.408692  -0.577881   9.607963   0.321182   1.404497   0.208813  -0.370342  -0.001071   0.364322   0.472124
 "BT.DVT50"          "VKICKER"            27.122929   0.436000   0.000000   0.000000   0.000000   0.000000  -0.000000   0.000000  -0.000000   8.942760  -0.647047   9.349719   0.271122   1.495539   0.208813  -0.370809  -0.001071   0.372328   0.479448
 "DRIFT_25"          "DRIFT"              27.897129   0.774200   0.000000   0.000000   0.000000   0.000000  -0.000000   0.000000  -0.000000  10.039734  -0.769866   8.998734   0.182230   1.657202   0.208813  -0.371639  -0.001071   0.385346   0.492897
 "BT.VGP23"          "PLACEHOLDER"        27.897129   0.000000   0.000000   0.000000   0.000000   0.000000  -0.000000   0.000000  -0.000000  10.039734  -0.769866   8.998734   0.182230   1.657202   0.208813  -0.371639  -0.001071   0.385346   0.492897
 "BT.VPG22"          "PLACEHOLDER"        27.897129   0.000000   0.000000   0.000000   0.000000   0.000000  -0.000000   0.000000  -0.000000  10.039734  -0.769866   8.998734   0.182230   1.657202   0.208813  -0.371639  -0.001071   0.385346   0.492897
 "DRIFT_26"          "DRIFT"              28.893429   0.996300   0.000000   0.000000   0.000000   0.000000  -0.000000   0.000000  -0.000000  11.731236  -0.927918   8.749591   0.067838   1.865242   0.208813  -0.372706  -0.001071   0.399978   0.510805
 "BT3.KFA20"         "PLACEHOLDER"        30.453429   1.560000   0.000000   0.000000   0.000000  -0.000000  -0.000000  -0.000000  -0.000000  15.012402  -1.175394   8.817354  -0.111276   2.190989   0.208813  -0.374378  -0.001071   0.418730   0.539223
 "DRIFT_27"          "DRIFT"              30.860929   0.407500   0.000000   0.000000   0.000000  -0.000000  -0.000000  -0.000000  -0.000000  15.996691  -1.240040   8.927111  -0.158064   2.276081   0.208813  -0.374814  -0.001071   0.422916   0.546535
 "BT.BTV40"          "MONITOR"            30.860929   0.000000   0.000000   0.000000   0.000000  -0.000000  -0.000000  -0.000000  -0.000000  15.996691  -1.240040   8.927111  -0.158064   2.276081   0.208813  -0.374814  -0.001071   0.422916   0.546535
 "DRIFT_28"          "DRIFT"              31.010429   0.149500   0.000000   0.000000   0.000000  -0.000000  -0.000000  -0.000000  -0.000000  16.371009  -1.263756   8.976938  -0.175230   2.307298   0.208813  -0.374974  -0.001071   0.424386   0.549193
 "BT.DVT60"          "VKICKER"            31.446429   0.436000   0.000000   0.000000   0.000000  -0.000000  -0.000000  -0.000000  -0.000000  17.503161  -1.332923   9.151565  -0.225290   2.398340   0.208813  -0.375442  -0.001071   0.428486   0.556852
 "DRIFT_29"          "DRIFT"              31.485379   0.038950   0.000000   0.000000   0.000000  -0.000000  -0.000000  -0.000000  -0.000000  17.607236  -1.339102   9.169289  -0.229762   2.406474   0.208813  -0.375483  -0.001071   0.428839   0.557529
 "BT.QNO40"          "QUADRUPOLE"         31.951479   0.466100   0.000000   0.341908   0.000000  -0.000000  -0.000000  -0.000000  -0.000000  16.099738   4.399721  10.973800  -3.845256   2.312018  -0.608718  -0.406315  -0.132976   0.433129   0.565125
 "DRIFT_30"          "DRIFT"              32.203429   0.251950   0.000000   0.000000   0.000000  -0.000000  -0.000000  -0.000000  -0.000000  13.962985   4.081139  13.002740  -4.207690   2.158652  -0.608718  -0.439818  -0.132976   0.435804   0.568482
 "BT.BPM40"          "MONITOR"            32.388429   0.185000   0.000000   0.000000   0.000000  -0.000000  -0.000000  -0.000000  -0.000000  12.496240   3.847214  14.608819  -4.473815   2.046039  -0.608718  -0.464418  -0.132976   0.438033   0.570619
 "DRIFT_31"          "DRIFT"              32.894429   0.506000   0.000000   0.000000   0.000000  -0.000000  -0.000000  -0.000000  -0.000000   8.926608   3.207394  19.504632  -5.201705   1.738028  -0.608718  -0.531704  -0.132976   0.445661   0.575390
 "BT.QNO50"          "QUADRUPOLE"         33.282429   0.388000   0.000000  -0.285630   0.000000  -0.000000  -0.000000  -0.000000  -0.000000   7.473532   0.674984  21.375234   0.559996   1.594659  -0.137107  -0.553159   0.023406   0.453365   0.578359
 "DRIFT_32"          "DRIFT"              34.240164   0.957735   0.000000   0.000000   0.000000  -0.000000  -0.000000  -0.000000  -0.000000   6.359272   0.488448  20.358948   0.501139   1.463347  -0.137107  -0.530742   0.023406   0.475547   0.585669
 "BT4.END"           "MARKER"             34.240164   0.000000   0.000000   0.000000   0.000000  -0.000000  -0.000000  -0.000000  -0.000000   6.359272   0.488448  20.358948   0.501139   1.463347  -0.137107  -0.530742   0.023406   0.475547   0.585669
 "BT4$END"           "MARKER"             34.240164   0.000000   0.000000   0.000000   0.000000  -0.000000  -0.000000  -0.000000  -0.000000   6.359272   0.488448  20.358948   0.501139   1.463347  -0.137107  -0.530742   0.023406   0.475547   0.585669
