@ NAME             %09s "PTC_TWISS"
@ TYPE             %05s "TWISS"
@ SEQUENCE         %03s "BTM"
@ PARTICLE         %06s "PROTON"
@ MASS             %le    0.938272
@ CHARGE           %le    1.000000
@ ENERGY           %le    2.336655
@ PC               %le    2.140000
@ GAMMA            %le    2.490381
@ KBUNCH           %le    1.000000
@ BCURRENT         %le    0.000000
@ SIGE             %le    0.000000
@ SIGT             %le    0.000000
@ NPART            %le    0.000000
@ EX               %le    1.000000
@ EY               %le    1.000000
@ ET               %le    1.000000
@ DELTAP           %le    0.000000
@ LENGTH           %le   25.569856
@ ALPHA_C          %le  -1000000.000000
@ ALPHA_C_P        %le  -1000000.000000
@ ALPHA_C_P2       %le  -1000000.000000
@ ALPHA_C_P3       %le  -1000000.000000
@ ETA_C            %le  -1000000.000000
@ GAMMA_TR         %le  -1000000.000000
@ Q1               %le    0.791350
@ Q2               %le    0.489929
@ DQ1              %le  -1000000.000000
@ DQ2              %le  -1000000.000000
@ QS               %le  -1000000.000000
@ BETA_X_MIN       %le    1.948788
@ BETA_X_MAX       %le   32.770726
@ BETA_Y_MIN       %le    1.335885
@ BETA_Y_MAX       %le  122.163031
@ BETA11MIN        %le    1.948788
@ BETA11MAX        %le   32.770726
@ BETA12MIN        %le    0.000000
@ BETA12MAX        %le    0.000000
@ BETA13MIN        %le    0.000000
@ BETA13MAX        %le    0.000000
@ BETA21MIN        %le    0.000000
@ BETA21MAX        %le    0.000000
@ BETA22MIN        %le    1.335885
@ BETA22MAX        %le  122.163031
@ BETA23MIN        %le    0.000000
@ BETA23MAX        %le    0.000000
@ BETA31MIN        %le    0.000000
@ BETA31MAX        %le    0.000000
@ BETA32MIN        %le    0.000000
@ BETA32MAX        %le    0.000000
@ BETA33MIN        %le    0.000000
@ BETA33MAX        %le    0.000000
@ DISP1MIN         %le   -4.752507
@ DISP1MAX         %le    4.223851
@ DISP2MIN         %le   -1.655839
@ DISP2MAX         %le    0.554610
@ DISP3MIN         %le    0.000000
@ DISP3MAX         %le    0.000000
@ DISP4MIN         %le    0.000000
@ DISP4MAX         %le    0.000000
@ ORBIT_X          %le    0.000000
@ ORBIT_PX         %le    0.000000
@ ORBIT_Y          %le    0.000000
@ ORBIT_PY         %le    0.000000
@ ORBIT_PT         %le    0.000000
@ ORBIT_-CT        %le    0.000000
@ XCORMS           %le    0.000000
@ PXCORMS          %le    0.000000
@ YCORMS           %le    0.000000
@ PYCORMS          %le    0.000000
@ TCORMS           %le    0.000000
@ PTCORMS          %le    0.000000
@ XCOMIN           %le    0.000000
@ XCOMAX           %le    0.000000
@ PXCOMIN          %le    0.000000
@ PXCOMAX          %le    0.000000
@ YCOMIN           %le    0.000000
@ YCOMAX           %le    0.000000
@ PYCOMIN          %le    0.000000
@ PYCOMAX          %le    0.000000
@ TCOMIN           %le    0.000000
@ TCOMAX           %le    0.000000
@ PTCOMIN          %le    0.000000
@ PTCOMAX          %le    0.000000
@ TITLE            %08s "no-title"
@ ORIGIN           %16s "5.02.02 Linux 64"
@ DATE             %08s "14/07/14"
@ TIME             %08s "16.42.14"
* NAME                        S          X         PX          Y         PY     ALFA11     BETA11     ALFA22     BETA22        MU1        MU2      DISP1      DISP2 
$ %s                        %le        %le        %le        %le        %le        %le        %le        %le        %le        %le        %le        %le        %le 
 "BTM$START"           0.000000   0.000000   0.000000   0.000000   0.000000   0.463768   5.710056   0.494329  20.118446   0.000000   0.000000   1.393860  -0.121226
 "BTM_1$START"         0.000000   0.000000   0.000000   0.000000   0.000000   0.463768   5.710056   0.494329  20.118446   0.000000   0.000000   1.393860  -0.121226
 "BT.END"              0.000000   0.000000   0.000000   0.000000   0.000000   0.463768   5.710056   0.494329  20.118446   0.000000   0.000000   1.393860  -0.121226
 "BT.BHZ10"            1.533833   0.000000   0.000000   0.000000   0.000000   0.134474   4.659232   0.706953  18.775497   0.047838   0.012574   1.066126  -0.286681
 "DRIFT_0"             2.600100   0.000000   0.000000   0.000000   0.000000  -0.098515   4.620891   0.621780  17.358712   0.084741   0.021979   0.760447  -0.286681
 "BTM.VVS10"           2.600100   0.000000   0.000000   0.000000   0.000000  -0.098515   4.620891   0.621780  17.358712   0.084741   0.021979   0.760447  -0.286681
 "DRIFT_1"             2.943600   0.000000   0.000000   0.000000   0.000000  -0.173573   4.714353   0.594342  16.940974   0.096465   0.025167   0.661972  -0.286681
 "BTM.BTV10"           2.943600   0.000000   0.000000   0.000000   0.000000  -0.173573   4.714353   0.594342  16.940974   0.096465   0.025167   0.661972  -0.286681
 "DRIFT_2"             3.248100   0.000000   0.000000   0.000000   0.000000  -0.240109   4.840319   0.570018  16.586426   0.106617   0.028059   0.574678  -0.286681
 "BTM.QNO05"           3.808100   0.000000   0.000000   0.000000   0.000000   1.224473   4.249927  -5.847812  19.362657   0.125676   0.033197   0.363847  -0.453928
 "DRIFT_3"             4.236962   0.000000   0.000000   0.000000   0.000000   0.972264   3.307831  -6.627385  24.712792   0.143921   0.036318   0.169174  -0.453928
 "BTM_1$END"           4.236962   0.000000   0.000000   0.000000   0.000000   0.972264   3.307831  -6.627385  24.712792   0.143921   0.036318   0.169174  -0.453928
 "BTM_2$START"         4.236962   0.000000   0.000000   0.000000   0.000000   0.972264   3.307831  -6.627385  24.712792   0.143921   0.036318   0.169174  -0.453928
 "BTM.BHZ10"           6.587994   0.000000   0.000000   0.000000   0.000000  -0.382178   1.948788  -8.707598  62.424992   0.324782   0.045850  -1.284366  -0.808304
 "DRIFT_4"             6.941356   0.000000   0.000000   0.000000   0.000000  -0.589985   2.292313  -9.142457  68.732519   0.351516   0.046709  -1.569989  -0.808304
 "BTM.QNO10"           7.501356   0.000000   0.000000   0.000000   0.000000  -2.529014   3.904687  20.703019  61.648364   0.382784   0.048020  -2.245706  -1.655839
 "DRIFT_5"             7.806856   0.000000   0.000000   0.000000   0.000000  -3.107666   5.626693  18.574051  49.649219   0.393165   0.048899  -2.751565  -1.655839
 "BTM.DVT10"           8.106856   0.000000   0.000000   0.000000   0.000000  -3.675899   7.661763  16.483412  39.131980   0.400439   0.049983  -3.248317  -1.655839
 "DRIFT_6"             8.270856   0.000000   0.000000   0.000000   0.000000  -3.986533   8.918402  15.340529  33.912854   0.403597   0.050699  -3.519875  -1.655839
 "BTM.DHZ10"           8.570856   0.000000   0.000000   0.000000   0.000000  -4.554767  11.480792  13.249890  25.335728   0.408317   0.052328  -4.016626  -1.655839
 "DRIFT_7"             8.824856   0.000000   0.000000   0.000000   0.000000  -5.035871  13.916814  11.479815  19.054383   0.411515   0.054168  -4.437209  -1.655839
 "BTM.QNO20"           9.384856   0.000000   0.000000   0.000000   0.000000   1.965101  15.805277   2.830032  11.677595   0.417265   0.060410  -4.752507   0.554610
 "DRIFT_8"             9.652856   0.000000   0.000000   0.000000   0.000000   1.882665  14.774076   2.623274  10.216109   0.420057   0.064316  -4.603871   0.554610
 "BTM.BPM00"           9.652856   0.000000   0.000000   0.000000   0.000000   1.882665  14.774076   2.623274  10.216109   0.420057   0.064316  -4.603871   0.554610
 "DRIFT_9"            10.034356   0.000000   0.000000   0.000000   0.000000   1.765318  13.382370   2.328953   8.326834   0.424375   0.070901  -4.392288   0.554610
 "BTM.BTV15"          10.034356   0.000000   0.000000   0.000000   0.000000   1.765318  13.382370   2.328953   8.326834   0.424375   0.070901  -4.392288   0.554610
 "DRIFT_10"           10.234356   0.000000   0.000000   0.000000   0.000000   1.703799  12.688547   2.174656   7.426112   0.426818   0.074949  -4.281366   0.554610
 "BTM.VPI11"          10.234356   0.000000   0.000000   0.000000   0.000000   1.703799  12.688547   2.174656   7.426112   0.426818   0.074949  -4.281366   0.554610
 "DRIFT_11"           10.833186   0.000000   0.000000   0.000000   0.000000   1.519602  10.758278   1.712668   5.098267   0.434979   0.090463  -3.949249   0.554610
 "BTY.BVT101"         11.977526   0.000000   0.000000   0.000000   0.000000   1.167609   7.683193   0.829828   2.188786   0.455065   0.146111  -3.314587   0.554610
 "DRIFT_12"           12.826356   0.000000   0.000000   0.000000   0.000000   0.906513   5.922617   0.174969   1.335885   0.475145   0.228784  -2.843818   0.554610
 "BTM.VPI11A"         12.826356   0.000000   0.000000   0.000000   0.000000   0.906513   5.922617   0.174969   1.335885   0.475145   0.228784  -2.843818   0.554610
 "DRIFT_13"           13.510356   0.000000   0.000000   0.000000   0.000000   0.696118   4.826417  -0.352726   1.457471   0.495562   0.310322  -2.464464   0.554610
 "BTM.SGHV01"         13.510356   0.000000   0.000000   0.000000   0.000000   0.696118   4.826417  -0.352726   1.457471   0.495562   0.310322  -2.464464   0.554610
 "DRIFT_14"           16.010356   0.000000   0.000000   0.000000   0.000000  -0.072869   3.268292  -2.281437   8.042880   0.603924   0.440605  -1.077940   0.554610
 "BTM.SGHV02"         16.010356   0.000000   0.000000   0.000000   0.000000  -0.072869   3.268292  -2.281437   8.042880   0.603924   0.440605  -1.077940   0.554610
 "DRIFT_15"           16.797856   0.000000   0.000000   0.000000   0.000000  -0.315100   3.573817  -2.888981  12.114585   0.640929   0.453316  -0.641185   0.554610
 "BTM.BPM10"          16.797856   0.000000   0.000000   0.000000   0.000000  -0.315100   3.573817  -2.888981  12.114585   0.640929   0.453316  -0.641185   0.554610
 "DRIFT_16"           17.844356   0.000000   0.000000   0.000000   0.000000  -0.636998   4.570187  -3.696339  19.006123   0.682616   0.464301  -0.060786   0.554610
 "BTM.BTV20"          17.844356   0.000000   0.000000   0.000000   0.000000  -0.636998   4.570187  -3.696339  19.006123   0.682616   0.464301  -0.060786   0.554610
 "DRIFT_17"           18.510356   0.000000   0.000000   0.000000   0.000000  -0.841856   5.555103  -4.210148  24.271843   0.703715   0.469237   0.308584   0.554610
 "BTM.SGHV03"         18.510356   0.000000   0.000000   0.000000   0.000000  -0.841856   5.555103  -4.210148  24.271843   0.703715   0.469237   0.308584   0.554610
 "DRIFT_18"           18.782356   0.000000   0.000000   0.000000   0.000000  -0.925522   6.035830  -4.419992  26.619241   0.711194   0.470940   0.459438   0.554610
 "BTM.BCT10"          18.782356   0.000000   0.000000   0.000000   0.000000  -0.925522   6.035830  -4.419992  26.619241   0.711194   0.470940   0.459438   0.554610
 "DRIFT_19"           25.569856   0.000000   0.000000   0.000000   0.000000  -3.013321  32.770726  -9.656441 122.163031   0.791350   0.489929   4.223851   0.554610
 "BTM.TDU10"          25.569856   0.000000   0.000000   0.000000   0.000000  -3.013321  32.770726  -9.656441 122.163031   0.791350   0.489929   4.223851   0.554610
 "BTM_2$END"          25.569856   0.000000   0.000000   0.000000   0.000000  -3.013321  32.770726  -9.656441 122.163031   0.791350   0.489929   4.223851   0.554610
 "BTM$END"            25.569856   0.000000   0.000000   0.000000   0.000000  -3.013321  32.770726  -9.656441 122.163031   0.791350   0.489929   4.223851   0.554610
