@ NAME             %09s "PTC_TWISS"
@ TYPE             %05s "TWISS"
@ SEQUENCE         %03s "BTP"
@ PARTICLE         %06s "PROTON"
@ MASS             %le    0.938272
@ CHARGE           %le    1.000000
@ ENERGY           %le    2.336655
@ PC               %le    2.140000
@ GAMMA            %le    2.490381
@ KBUNCH           %le    1.000000
@ BCURRENT         %le    0.000000
@ SIGE             %le    0.000000
@ SIGT             %le    0.000000
@ NPART            %le    0.000000
@ EX               %le    1.000000
@ EY               %le    1.000000
@ ET               %le    1.000000
@ DELTAP           %le    0.000000
@ LENGTH           %le   35.466428
@ ALPHA_C          %le  -1000000.000000
@ ALPHA_C_P        %le  -1000000.000000
@ ALPHA_C_P2       %le  -1000000.000000
@ ALPHA_C_P3       %le  -1000000.000000
@ ETA_C            %le  -1000000.000000
@ GAMMA_TR         %le  -1000000.000000
@ Q1               %le    0.889795
@ Q2               %le    0.198773
@ DQ1              %le  -1000000.000000
@ DQ2              %le  -1000000.000000
@ QS               %le  -1000000.000000
@ BETA_X_MIN       %le    1.523572
@ BETA_X_MAX       %le   79.562385
@ BETA_Y_MIN       %le   12.690821
@ BETA_Y_MAX       %le   78.880679
@ BETA11MIN        %le    1.523572
@ BETA11MAX        %le   79.562385
@ BETA12MIN        %le    0.000000
@ BETA12MAX        %le    0.000000
@ BETA13MIN        %le    0.000000
@ BETA13MAX        %le    0.000000
@ BETA21MIN        %le    0.000000
@ BETA21MAX        %le    0.000000
@ BETA22MIN        %le   12.690821
@ BETA22MAX        %le   78.880679
@ BETA23MIN        %le    0.000000
@ BETA23MAX        %le    0.000000
@ BETA31MIN        %le    0.000000
@ BETA31MAX        %le    0.000000
@ BETA32MIN        %le    0.000000
@ BETA32MAX        %le    0.000000
@ BETA33MIN        %le    0.000000
@ BETA33MAX        %le    0.000000
@ DISP1MIN         %le   -1.954575
@ DISP1MAX         %le    1.213679
@ DISP2MIN         %le   -0.238091
@ DISP2MAX         %le    0.446694
@ DISP3MIN         %le    0.000000
@ DISP3MAX         %le    0.000000
@ DISP4MIN         %le    0.000000
@ DISP4MAX         %le    0.000000
@ ORBIT_X          %le    0.000000
@ ORBIT_PX         %le    0.000000
@ ORBIT_Y          %le    0.000000
@ ORBIT_PY         %le    0.000000
@ ORBIT_PT         %le    0.000000
@ ORBIT_-CT        %le    0.000000
@ XCORMS           %le    0.000000
@ PXCORMS          %le    0.000000
@ YCORMS           %le    0.000000
@ PYCORMS          %le    0.000000
@ TCORMS           %le    0.000000
@ PTCORMS          %le    0.000000
@ XCOMIN           %le    0.000000
@ XCOMAX           %le    0.000000
@ PXCOMIN          %le    0.000000
@ PXCOMAX          %le    0.000000
@ YCOMIN           %le    0.000000
@ YCOMAX           %le    0.000000
@ PYCOMIN          %le    0.000000
@ PYCOMAX          %le    0.000000
@ TCOMIN           %le    0.000000
@ TCOMAX           %le    0.000000
@ PTCOMIN          %le    0.000000
@ PTCOMAX          %le    0.000000
@ TITLE            %08s "no-title"
@ ORIGIN           %22s "MAD-X 5.02.01 Linux 64"
@ DATE             %08s "22/05/14"
@ TIME             %08s "14.51.48"
* NAME                        S          X         PX          Y         PY     ALFA11     BETA11     ALFA22     BETA22        MU1        MU2      DISP1      DISP2 
$ %s                        %le        %le        %le        %le        %le        %le        %le        %le        %le        %le        %le        %le        %le 
 "BTP$START"           0.000000   0.000000   0.000000   0.000000   0.000000   0.747709   2.094417  -0.319478  25.738676   0.000000   0.000000   0.818584  -0.391604
 "BT.BHZ10"            1.533399   0.000000   0.000000   0.000000   0.000000  -0.403225   1.523572   0.026267  26.854596   0.163184   0.009288   0.330679  -0.238091
 "DRIFT_0"             1.957119   0.000000   0.000000   0.000000   0.000000  -0.726552   2.002281   0.010478  26.839026   0.202184   0.011800   0.229795  -0.238091
 "BTP.VVS10"           1.957119   0.000000   0.000000   0.000000   0.000000  -0.726552   2.002281   0.010478  26.839026   0.202184   0.011800   0.229795  -0.238091
 "DRIFT_1"             2.238619   0.000000   0.000000   0.000000   0.000000  -0.941356   2.471798  -0.000012  26.836080   0.222377   0.013469   0.162772  -0.238091
 "BTP.STP10"           3.695619   0.000000   0.000000   0.000000   0.000000  -2.053147   6.834789  -0.054304  26.915219   0.280047   0.022102  -0.184127  -0.238091
 "DRIFT_2"             3.976119   0.000000   0.000000   0.000000   0.000000  -2.267188   8.046643  -0.064757  26.948615   0.286069   0.023759  -0.250912  -0.238091
 "BTP.BPM00"           4.161119   0.000000   0.000000   0.000000   0.000000  -2.408356   8.911618  -0.071650  26.973851   0.289546   0.024852  -0.294958  -0.238091
 "DRIFT_3"             4.568119   0.000000   0.000000   0.000000   0.000000  -2.718925  10.998421  -0.086817  27.038347   0.296091   0.027250  -0.391862  -0.238091
 "BTP.DHZ10"           5.004119   0.000000   0.000000   0.000000   0.000000  -3.051622  13.514380  -0.103063  27.121134   0.301784   0.029813  -0.495669  -0.238091
 "DRIFT_4"             5.048119   0.000000   0.000000   0.000000   0.000000  -3.085198  13.784400  -0.104703  27.130276   0.302297   0.030071  -0.506146  -0.238091
 "BTP.DVT10"           5.484119   0.000000   0.000000   0.000000   0.000000  -3.417895  16.619748  -0.120950  27.228661   0.306882   0.032624  -0.609953  -0.238091
 "DRIFT_5"             6.135619   0.000000   0.000000   0.000000   0.000000  -3.915035  21.397152  -0.145227  27.402075   0.312382   0.036421  -0.765070  -0.238091
 "BTP.QNO10"           6.600619   0.000000   0.000000   0.000000   0.000000  -4.269862  25.203129  -0.162554  27.545193   0.315569   0.039114  -0.875782  -0.238091
 "DRIFT_6"            11.131619   0.000000   0.000000   0.000000   0.000000  -7.727326  79.562385  -0.331394  29.783272   0.331700   0.064398  -1.954575  -0.238091
 "BTP.QNO20"          11.596619   0.000000   0.000000   0.000000   0.000000  11.490787  77.743517  -8.202092  33.608680   0.332624   0.066781  -1.954092   0.240148
 "DRIFT_7"            11.746119   0.000000   0.000000   0.000000   0.000000  11.234956  74.346018  -8.505794  36.106509   0.332937   0.067464  -1.918190   0.240148
 "BTP.DHZ20"          12.182119   0.000000   0.000000   0.000000   0.000000  10.488853  64.874438  -9.391505  43.909731   0.333936   0.069207  -1.813485   0.240148
 "DRIFT_8"            12.354619   0.000000   0.000000   0.000000   0.000000  10.193663  61.306703  -9.741930  47.210249   0.334371   0.069810  -1.772059   0.240148
 "BTP.BPM10"          12.539619   0.000000   0.000000   0.000000   0.000000   9.877083  57.593615 -10.117748  50.884290   0.334867   0.070411  -1.727632   0.240148
 "DRIFT_9"            13.046119   0.000000   0.000000   0.000000   0.000000   9.010338  48.027137 -11.146677  61.654721   0.336399   0.071850  -1.605997   0.240148
 "BTP.DVT20"          13.482119   0.000000   0.000000   0.000000   0.000000   8.264235  40.495423 -12.032389  71.760794   0.337973   0.072893  -1.501292   0.240148
 "DRIFT_7"            13.631619   0.000000   0.000000   0.000000   0.000000   8.008404  38.062663 -12.336090  75.403881   0.338579   0.073217  -1.465390   0.240148
 "BTP.QNO30"          14.096619   0.000000   0.000000   0.000000   0.000000  -0.301357  34.599114   5.122304  78.880679   0.340654   0.074160  -1.429265  -0.083417
 "DRIFT_10"           14.954119   0.000000   0.000000   0.000000   0.000000  -0.328391  35.139123   4.826204  70.349833   0.344569   0.075992  -1.500795  -0.083417
 "BTP.VPI11"          14.954119   0.000000   0.000000   0.000000   0.000000  -0.328391  35.139123   4.826204  70.349833   0.344569   0.075992  -1.500795  -0.083417
 "DRIFT_11"           18.933619   0.000000   0.000000   0.000000   0.000000  -0.453854  38.252071   3.452057  37.406491   0.361878   0.088351  -1.832755  -0.083417
 "BTP.QNO40"          19.398619   0.000000   0.000000   0.000000   0.000000   9.861066  33.667765  -7.713323  39.302700   0.363894   0.090325  -1.747321   0.446694
 "DRIFT_12"           19.498119   0.000000   0.000000   0.000000   0.000000   9.570731  31.734302  -7.866475  40.852890   0.364378   0.090720  -1.702875   0.446694
 "BTP.DHZ30"          19.934119   0.000000   0.000000   0.000000   0.000000   8.298508  23.943314  -8.537573  48.005054   0.366896   0.092287  -1.508117   0.446694
 "DRIFT_13"           20.142619   0.000000   0.000000   0.000000   0.000000   7.690117  20.609685  -8.858499  51.632135   0.368390   0.092954  -1.414981   0.446694
 "BTP.BPM20"          20.142619   0.000000   0.000000   0.000000   0.000000   7.690117  20.609685  -8.858499  51.632135   0.368390   0.092954  -1.414981   0.446694
 "DRIFT_14"           20.733119   0.000000   0.000000   0.000000   0.000000   5.967071  12.545116  -9.767406  62.630732   0.374236   0.094606  -1.151208   0.446694
 "BTP.DVT30"          21.169119   0.000000   0.000000   0.000000   0.000000   4.694848   7.896520 -10.438504  71.440509   0.381210   0.095644  -0.956449   0.446694
 "DRIFT_15"           21.433619   0.000000   0.000000   0.000000   0.000000   3.923052   5.617085 -10.845627  77.070162   0.387532   0.096211  -0.838299   0.446694
 "BTP.QNO50"          21.898619   0.000000   0.000000   0.000000   0.000000   1.892477   3.012802   8.688313  78.113994   0.405913   0.097146  -0.675644   0.259645
 "DRIFT_16"           25.211119   0.000000   0.000000   0.000000   0.000000  -3.144734   7.160901   5.444817  31.298001   0.779545   0.107817   0.184429   0.259645
 "BTP.VPI12"          25.211119   0.000000   0.000000   0.000000   0.000000  -3.144734   7.160901   5.444817  31.298001   0.779545   0.107817   0.184429   0.259645
 "DRIFT_17"           25.957719   0.000000   0.000000   0.000000   0.000000  -4.280064  12.704255   4.713769  23.713601   0.792016   0.112179   0.378280   0.259645
 "BTP.BCT10"          26.406519   0.000000   0.000000   0.000000   0.000000  -4.962539  16.852335   4.274318  19.679747   0.796898   0.115486   0.494809   0.259645
 "DRIFT_18"           26.516119   0.000000   0.000000   0.000000   0.000000  -5.129205  17.958390   4.167001  18.754579   0.797901   0.116394   0.523266   0.259645
 "BTP.DVT40"          26.952119   0.000000   0.000000   0.000000   0.000000  -5.792216  22.720130   3.740084  15.307090   0.801336   0.120490   0.636471   0.259645
 "DRIFT_19"           27.132619   0.000000   0.000000   0.000000   0.000000  -6.066696  24.860663   3.563344  13.988821   0.802545   0.122453   0.683337   0.259645
 "BTP.QNO60"          27.597619   0.000000   0.000000   0.000000   0.000000   1.972629  26.861826  -0.638648  12.690821   0.805341   0.128143   0.752359   0.033636
 "DRIFT_20"           27.775619   0.000000   0.000000   0.000000   0.000000   1.940217  26.165339  -0.658395  12.921694   0.806409   0.130356   0.758346   0.033636
 "BTP.BPM30"          27.960619   0.000000   0.000000   0.000000   0.000000   1.906530  25.453691  -0.678918  13.169097   0.807550   0.132613   0.764569   0.033636
 "DRIFT_21"           28.339119   0.000000   0.000000   0.000000   0.000000   1.837609  24.036534  -0.720908  13.698931   0.809986   0.137099   0.777300   0.033636
 "BTP.BTV10"          28.609119   0.000000   0.000000   0.000000   0.000000   1.788445  23.057500  -0.750860  14.096309   0.811811   0.140191   0.786382   0.033636
 "DRIFT_22"           28.659119   0.000000   0.000000   0.000000   0.000000   1.779340  22.879111  -0.756407  14.171672   0.812157   0.140754   0.788063   0.033636
 "BTP.VVS20"          28.659119   0.000000   0.000000   0.000000   0.000000   1.779340  22.879111  -0.756407  14.171672   0.812157   0.140754   0.788063   0.033636
 "DRIFT_23"           28.932119   0.000000   0.000000   0.000000   0.000000   1.729630  21.921162  -0.786693  14.592938   0.814098   0.143776   0.797246   0.033636
 "BTP.DHZ40"          28.932119   0.000000   0.000000   0.000000   0.000000   1.729630  21.921162  -0.786693  14.592938   0.814098   0.143776   0.797246   0.033636
 "DRIFT_24"           29.319119   0.000000   0.000000   0.000000   0.000000   1.659161  20.609700  -0.829625  15.218453   0.816996   0.147909   0.810263   0.033636
 "BTP.DVT50"          29.319119   0.000000   0.000000   0.000000   0.000000   1.659161  20.609700  -0.829625  15.218453   0.816996   0.147909   0.810263   0.033636
 "DRIFT_25"           29.602760   0.000000   0.000000   0.000000   0.000000   1.607513  19.683137  -0.861091  15.698010   0.819237   0.150830   0.819804   0.033636
 "STRAY$START"        29.602760   0.000000   0.000000   0.000000   0.000000   1.607513  19.683137  -0.861091  15.698010   0.819237   0.150830   0.819804   0.033636
 "STRAY1"             29.602760   0.000000   0.000000   0.000000   0.000000   1.607468  19.683137  -0.861055  15.698010   0.819237   0.150830   0.819804   0.033638
 "DRIFT_26"           29.622760   0.000000   0.000000   0.000000   0.000000   1.603826  19.618911  -0.863274  15.732497   0.819399   0.151033   0.820476   0.033638
 "STRAY2"             29.622760   0.000000   0.000000   0.000000   0.000000   1.603766  19.618911  -0.863226  15.732497   0.819399   0.151033   0.820476   0.033641
 "DRIFT_26"           29.642760   0.000000   0.000000   0.000000   0.000000   1.600125  19.554833  -0.865444  15.767070   0.819561   0.151235   0.821149   0.033641
 "STRAY3"             29.642760   0.000000   0.000000   0.000000   0.000000   1.600047  19.554833  -0.865382  15.767070   0.819561   0.151235   0.821149   0.033644
 "DRIFT_26"           29.662760   0.000000   0.000000   0.000000   0.000000   1.596406  19.490904  -0.867600  15.801730   0.819724   0.151436   0.821822   0.033644
 "STRAY4"             29.662760   0.000000   0.000000   0.000000   0.000000   1.596308  19.490904  -0.867521  15.801730   0.819724   0.151436   0.821822   0.033649
 "DRIFT_26"           29.682760   0.000000   0.000000   0.000000   0.000000   1.592667  19.427124  -0.869739  15.836475   0.819888   0.151638   0.822495   0.033649
 "STRAY5"             29.682760   0.000000   0.000000   0.000000   0.000000   1.592546  19.427124  -0.869640  15.836475   0.819888   0.151638   0.822495   0.033654
 "DRIFT_26"           29.702760   0.000000   0.000000   0.000000   0.000000   1.588906  19.363495  -0.871858  15.871305   0.820052   0.151838   0.823168   0.033654
 "STRAY6"             29.702760   0.000000   0.000000   0.000000   0.000000   1.588759  19.363495  -0.871738  15.871305   0.820052   0.151838   0.823168   0.033661
 "DRIFT_26"           29.722760   0.000000   0.000000   0.000000   0.000000   1.585119  19.300018  -0.873956  15.906219   0.820217   0.152039   0.823841   0.033661
 "STRAY7"             29.722760   0.000000   0.000000   0.000000   0.000000   1.584945  19.300018  -0.873813  15.906219   0.820217   0.152039   0.823841   0.033669
 "DRIFT_26"           29.742760   0.000000   0.000000   0.000000   0.000000   1.581306  19.236693  -0.876030  15.941216   0.820382   0.152239   0.824515   0.033669
 "STRAY8"             29.742760   0.000000   0.000000   0.000000   0.000000   1.581102  19.236693  -0.875861  15.941216   0.820382   0.152239   0.824515   0.033678
 "DRIFT_26"           29.762760   0.000000   0.000000   0.000000   0.000000   1.577463  19.173521  -0.878078  15.976294   0.820548   0.152438   0.825188   0.033678
 "STRAY9"             29.762760   0.000000   0.000000   0.000000   0.000000   1.577229  19.173521  -0.877883  15.976294   0.820548   0.152438   0.825188   0.033689
 "DRIFT_26"           29.782760   0.000000   0.000000   0.000000   0.000000   1.573591  19.110505  -0.880100  16.011454   0.820714   0.152637   0.825862   0.033689
 "STRAY10"            29.782760   0.000000   0.000000   0.000000   0.000000   1.573326  19.110505  -0.879877  16.011454   0.820714   0.152637   0.825862   0.033702
 "DRIFT_26"           29.802760   0.000000   0.000000   0.000000   0.000000   1.569689  19.047645  -0.882094  16.046694   0.820881   0.152836   0.826536   0.033702
 "STRAY11"            29.802760   0.000000   0.000000   0.000000   0.000000   1.569391  19.047645  -0.881843  16.046694   0.820881   0.152836   0.826536   0.033716
 "DRIFT_26"           29.822760   0.000000   0.000000   0.000000   0.000000   1.565755  18.984942  -0.884059  16.082012   0.821048   0.153034   0.827210   0.033716
 "STRAY12"            29.822760   0.000000   0.000000   0.000000   0.000000   1.565425  18.984942  -0.883779  16.082012   0.821048   0.153034   0.827210   0.033731
 "DRIFT_26"           29.842760   0.000000   0.000000   0.000000   0.000000   1.561790  18.922398  -0.885994  16.117407   0.821216   0.153231   0.827885   0.033731
 "STRAY13"            29.842760   0.000000   0.000000   0.000000   0.000000   1.561429  18.922398  -0.885686  16.117407   0.821216   0.153231   0.827885   0.033749
 "DRIFT_26"           29.862760   0.000000   0.000000   0.000000   0.000000   1.557795  18.860013  -0.887900  16.152879   0.821385   0.153429   0.828560   0.033749
 "STRAY14"            29.862760   0.000000   0.000000   0.000000   0.000000   1.557402  18.860013  -0.887565  16.152879   0.821385   0.153429   0.828560   0.033767
 "DRIFT_26"           29.882760   0.000000   0.000000   0.000000   0.000000   1.553770  18.797790  -0.889778  16.188426   0.821554   0.153626   0.829235   0.033767
 "STRAY15"            29.882760   0.000000   0.000000   0.000000   0.000000   1.553347  18.797790  -0.889414  16.188426   0.821554   0.153626   0.829235   0.033788
 "DRIFT_26"           29.902760   0.000000   0.000000   0.000000   0.000000   1.549716  18.735728  -0.891627  16.224046   0.821723   0.153822   0.829911   0.033788
 "STRAY16"            29.902760   0.000000   0.000000   0.000000   0.000000   1.549262  18.735728  -0.891234  16.224046   0.821723   0.153822   0.829911   0.033809
 "DRIFT_26"           29.922760   0.000000   0.000000   0.000000   0.000000   1.545633  18.673830  -0.893446  16.259740   0.821894   0.154018   0.830587   0.033809
 "STRAY17"            29.922760   0.000000   0.000000   0.000000   0.000000   1.545149  18.673830  -0.893025  16.259740   0.821894   0.154018   0.830587   0.033833
 "DRIFT_26"           29.942760   0.000000   0.000000   0.000000   0.000000   1.541521  18.612097  -0.895236  16.295505   0.822064   0.154214   0.831264   0.033833
 "STRAY18"            29.942760   0.000000   0.000000   0.000000   0.000000   1.541009  18.612097  -0.894788  16.295505   0.822064   0.154214   0.831264   0.033858
 "DRIFT_26"           29.962760   0.000000   0.000000   0.000000   0.000000   1.537383  18.550529  -0.896998  16.331341   0.822236   0.154409   0.831941   0.033858
 "STRAY19"            29.962760   0.000000   0.000000   0.000000   0.000000   1.536843  18.550529  -0.896522  16.331341   0.822236   0.154409   0.831941   0.033884
 "DRIFT_26"           29.982760   0.000000   0.000000   0.000000   0.000000   1.533218  18.489128  -0.898731  16.367246   0.822407   0.154603   0.832619   0.033884
 "STRAY20"            29.982760   0.000000   0.000000   0.000000   0.000000   1.532651  18.489128  -0.898229  16.367246   0.822407   0.154603   0.832619   0.033912
 "DRIFT_26"           30.002760   0.000000   0.000000   0.000000   0.000000   1.529028  18.427894  -0.900437  16.403219   0.822580   0.154798   0.833297   0.033912
 "STRAY21"            30.002760   0.000000   0.000000   0.000000   0.000000   1.528433  18.427894  -0.899907  16.403219   0.822580   0.154798   0.833297   0.033941
 "DRIFT_26"           30.022760   0.000000   0.000000   0.000000   0.000000   1.524812  18.366830  -0.902114  16.439260   0.822753   0.154991   0.833976   0.033941
 "STRAY22"            30.022760   0.000000   0.000000   0.000000   0.000000   1.524191  18.366830  -0.901558  16.439260   0.822753   0.154991   0.833976   0.033972
 "DRIFT_26"           30.042760   0.000000   0.000000   0.000000   0.000000   1.520573  18.305934  -0.903763  16.475366   0.822927   0.155185   0.834655   0.033972
 "STRAY23"            30.042760   0.000000   0.000000   0.000000   0.000000   1.519928  18.305934  -0.903183  16.475366   0.822927   0.155185   0.834655   0.034004
 "DRIFT_26"           30.062760   0.000000   0.000000   0.000000   0.000000   1.516312  18.245209  -0.905388  16.511538   0.823101   0.155378   0.835335   0.034004
 "STRAY24"            30.062760   0.000000   0.000000   0.000000   0.000000   1.515642  18.245209  -0.904782  16.511538   0.823101   0.155378   0.835335   0.034037
 "DRIFT_26"           30.082760   0.000000   0.000000   0.000000   0.000000   1.512028  18.184656  -0.906984  16.547773   0.823275   0.155570   0.836016   0.034037
 "STRAY25"            30.082760   0.000000   0.000000   0.000000   0.000000   1.511335  18.184656  -0.906354  16.547773   0.823275   0.155570   0.836016   0.034072
 "DRIFT_26"           30.102760   0.000000   0.000000   0.000000   0.000000   1.507723  18.124275  -0.908555  16.584071   0.823451   0.155763   0.836698   0.034072
 "STRAY26"            30.102760   0.000000   0.000000   0.000000   0.000000   1.507005  18.124275  -0.907899  16.584071   0.823451   0.155763   0.836698   0.034108
 "DRIFT_26"           30.122760   0.000000   0.000000   0.000000   0.000000   1.503396  18.064067  -0.910099  16.620431   0.823627   0.155954   0.837380   0.034108
 "STRAY27"            30.122760   0.000000   0.000000   0.000000   0.000000   1.502653  18.064067  -0.909416  16.620431   0.823627   0.155954   0.837380   0.034146
 "DRIFT_26"           30.142760   0.000000   0.000000   0.000000   0.000000   1.499046  18.004033  -0.911614  16.656852   0.823803   0.156146   0.838063   0.034146
 "STRAY28"            30.142760   0.000000   0.000000   0.000000   0.000000   1.498277  18.004033  -0.910903  16.656852   0.823803   0.156146   0.838063   0.034185
 "DRIFT_26"           30.162760   0.000000   0.000000   0.000000   0.000000   1.494673  17.944174  -0.913100  16.693332   0.823980   0.156336   0.838746   0.034185
 "STRAY29"            30.162760   0.000000   0.000000   0.000000   0.000000   1.493876  17.944174  -0.912359  16.693332   0.823980   0.156336   0.838746   0.034225
 "DRIFT_26"           30.182760   0.000000   0.000000   0.000000   0.000000   1.490274  17.884491  -0.914554  16.729870   0.824158   0.156527   0.839431   0.034225
 "STRAY30"            30.182760   0.000000   0.000000   0.000000   0.000000   1.489450  17.884491  -0.913783  16.729870   0.824158   0.156527   0.839431   0.034268
 "DRIFT_26"           30.202760   0.000000   0.000000   0.000000   0.000000   1.485851  17.824985  -0.915977  16.766465   0.824336   0.156717   0.840116   0.034268
 "STRAY31"            30.202760   0.000000   0.000000   0.000000   0.000000   1.484999  17.824985  -0.915175  16.766465   0.824336   0.156717   0.840116   0.034311
 "DRIFT_26"           30.222760   0.000000   0.000000   0.000000   0.000000   1.481402  17.765657  -0.917367  16.803116   0.824515   0.156907   0.840802   0.034311
 "STRAY32"            30.222760   0.000000   0.000000   0.000000   0.000000   1.480523  17.765657  -0.916535  16.803116   0.824515   0.156907   0.840802   0.034357
 "DRIFT_26"           30.242760   0.000000   0.000000   0.000000   0.000000   1.476929  17.706508  -0.918725  16.839821   0.824695   0.157096   0.841490   0.034357
 "STRAY33"            30.242760   0.000000   0.000000   0.000000   0.000000   1.476021  17.706508  -0.917862  16.839821   0.824695   0.157096   0.841490   0.034404
 "DRIFT_26"           30.262760   0.000000   0.000000   0.000000   0.000000   1.472431  17.647539  -0.920050  16.876579   0.824875   0.157285   0.842178   0.034404
 "STRAY34"            30.262760   0.000000   0.000000   0.000000   0.000000   1.471494  17.647539  -0.919154  16.876579   0.824875   0.157285   0.842178   0.034452
 "DRIFT_26"           30.282760   0.000000   0.000000   0.000000   0.000000   1.467906  17.588751  -0.921340  16.913389   0.825055   0.157473   0.842867   0.034452
 "STRAY35"            30.282760   0.000000   0.000000   0.000000   0.000000   1.466939  17.588751  -0.920410  16.913389   0.825055   0.157473   0.842867   0.034503
 "DRIFT_26"           30.302760   0.000000   0.000000   0.000000   0.000000   1.463355  17.530145  -0.922594  16.950249   0.825237   0.157661   0.843557   0.034503
 "STRAY36"            30.302760   0.000000   0.000000   0.000000   0.000000   1.462356  17.530145  -0.921628  16.950249   0.825237   0.157661   0.843557   0.034555
 "DRIFT_26"           30.322760   0.000000   0.000000   0.000000   0.000000   1.458775  17.471722  -0.923810  16.987158   0.825419   0.157849   0.844248   0.034555
 "STRAY37"            30.322760   0.000000   0.000000   0.000000   0.000000   1.457744  17.471722  -0.922808  16.987158   0.825419   0.157849   0.844248   0.034609
 "DRIFT_26"           30.342760   0.000000   0.000000   0.000000   0.000000   1.454167  17.413484  -0.924988  17.024114   0.825601   0.158036   0.844940   0.034609
 "STRAY38"            30.342760   0.000000   0.000000   0.000000   0.000000   1.453103  17.413484  -0.923947  17.024114   0.825601   0.158036   0.844940   0.034666
 "DRIFT_26"           30.362760   0.000000   0.000000   0.000000   0.000000   1.449529  17.355431  -0.926125  17.061115   0.825784   0.158223   0.845633   0.034666
 "STRAY39"            30.362760   0.000000   0.000000   0.000000   0.000000   1.448431  17.355431  -0.925045  17.061115   0.825784   0.158223   0.845633   0.034724
 "DRIFT_26"           30.382760   0.000000   0.000000   0.000000   0.000000   1.444861  17.297566  -0.927221  17.098161   0.825968   0.158409   0.846328   0.034724
 "STRAY40"            30.382760   0.000000   0.000000   0.000000   0.000000   1.443726  17.297566  -0.926099  17.098161   0.825968   0.158409   0.846328   0.034784
 "DRIFT_26"           30.402760   0.000000   0.000000   0.000000   0.000000   1.440160  17.239888  -0.928272  17.135248   0.826152   0.158595   0.847024   0.034784
 "STRAY41"            30.402760   0.000000   0.000000   0.000000   0.000000   1.438988  17.239888  -0.927107  17.135248   0.826152   0.158595   0.847024   0.034847
 "DRIFT_26"           30.422760   0.000000   0.000000   0.000000   0.000000   1.435425  17.182400  -0.929277  17.172376   0.826337   0.158781   0.847720   0.034847
 "STRAY42"            30.422760   0.000000   0.000000   0.000000   0.000000   1.434214  17.182400  -0.928066  17.172376   0.826337   0.158781   0.847720   0.034912
 "DRIFT_26"           30.442760   0.000000   0.000000   0.000000   0.000000   1.430656  17.125102  -0.930234  17.209542   0.826523   0.158966   0.848419   0.034912
 "STRAY43"            30.442760   0.000000   0.000000   0.000000   0.000000   1.429404  17.125102  -0.928976  17.209542   0.826523   0.158966   0.848419   0.034979
 "DRIFT_26"           30.462760   0.000000   0.000000   0.000000   0.000000   1.425850  17.067997  -0.931141  17.246744   0.826709   0.159150   0.849118   0.034979
 "STRAY44"            30.462760   0.000000   0.000000   0.000000   0.000000   1.424559  17.067997  -0.929837  17.246744   0.826709   0.159150   0.849118   0.035048
 "DRIFT_26"           30.482760   0.000000   0.000000   0.000000   0.000000   1.421010  17.011086  -0.932000  17.283981   0.826896   0.159335   0.849819   0.035048
 "STRAY45"            30.482760   0.000000   0.000000   0.000000   0.000000   1.419679  17.011086  -0.930648  17.283981   0.826896   0.159335   0.849819   0.035121
 "DRIFT_26"           30.502760   0.000000   0.000000   0.000000   0.000000   1.416134  16.954369  -0.932807  17.321250   0.827083   0.159519   0.850522   0.035121
 "STRAY46"            30.502760   0.000000   0.000000   0.000000   0.000000   1.414764  16.954369  -0.931408  17.321250   0.827083   0.159519   0.850522   0.035195
 "DRIFT_26"           30.522760   0.000000   0.000000   0.000000   0.000000   1.411223  16.897850  -0.933564  17.358550   0.827271   0.159702   0.851226   0.035195
 "STRAY47"            30.522760   0.000000   0.000000   0.000000   0.000000   1.409811  16.897850  -0.932113  17.358550   0.827271   0.159702   0.851226   0.035272
 "DRIFT_26"           30.542760   0.000000   0.000000   0.000000   0.000000   1.406275  16.841528  -0.934266  17.395877   0.827460   0.159886   0.851931   0.035272
 "STRAY48"            30.542760   0.000000   0.000000   0.000000   0.000000   1.404820  16.841528  -0.932763  17.395877   0.827460   0.159886   0.851931   0.035352
 "DRIFT_26"           30.562760   0.000000   0.000000   0.000000   0.000000   1.401288  16.785406  -0.934913  17.433231   0.827649   0.160068   0.852638   0.035352
 "STRAY49"            30.562760   0.000000   0.000000   0.000000   0.000000   1.399788  16.785406  -0.933355  17.433231   0.827649   0.160068   0.852638   0.035435
 "DRIFT_26"           30.582760   0.000000   0.000000   0.000000   0.000000   1.396262  16.729485  -0.935501  17.470608   0.827839   0.160251   0.853347   0.035435
 "STRAY50"            30.582760   0.000000   0.000000   0.000000   0.000000   1.394716  16.729485  -0.933887  17.470608   0.827839   0.160251   0.853347   0.035520
 "DRIFT_26"           30.602760   0.000000   0.000000   0.000000   0.000000   1.391195  16.673767  -0.936030  17.508006   0.828030   0.160433   0.854057   0.035520
 "STRAY51"            30.602760   0.000000   0.000000   0.000000   0.000000   1.389601  16.673767  -0.934356  17.508006   0.828030   0.160433   0.854057   0.035608
 "DRIFT_26"           30.622760   0.000000   0.000000   0.000000   0.000000   1.386085  16.618253  -0.936496  17.545423   0.828221   0.160614   0.854769   0.035608
 "STRAY52"            30.622760   0.000000   0.000000   0.000000   0.000000   1.384443  16.618253  -0.934763  17.545423   0.828221   0.160614   0.854769   0.035700
 "DRIFT_26"           30.642760   0.000000   0.000000   0.000000   0.000000   1.380933  16.562945  -0.936899  17.582856   0.828413   0.160796   0.855483   0.035700
 "STRAY53"            30.642760   0.000000   0.000000   0.000000   0.000000   1.379244  16.562945  -0.935105  17.582856   0.828413   0.160796   0.855483   0.035794
 "DRIFT_26"           30.662760   0.000000   0.000000   0.000000   0.000000   1.375739  16.507846  -0.937237  17.620303   0.828605   0.160976   0.856199   0.035794
 "STRAY54"            30.662760   0.000000   0.000000   0.000000   0.000000   1.373989  16.507846  -0.935369  17.620303   0.828605   0.160976   0.856199   0.035892
 "DRIFT_26"           30.682760   0.000000   0.000000   0.000000   0.000000   1.370490  16.452956  -0.937498  17.657761   0.828798   0.161157   0.856917   0.035892
 "STRAY55"            30.682760   0.000000   0.000000   0.000000   0.000000   1.368697  16.452956  -0.935573  17.657761   0.828798   0.161157   0.856917   0.035993
 "DRIFT_26"           30.702760   0.000000   0.000000   0.000000   0.000000   1.365204  16.398278  -0.937697  17.695226   0.828992   0.161337   0.857637   0.035993
 "STRAY56"            30.702760   0.000000   0.000000   0.000000   0.000000   1.363351  16.398278  -0.935697  17.695226   0.828992   0.161337   0.857637   0.036098
 "DRIFT_26"           30.722760   0.000000   0.000000   0.000000   0.000000   1.359865  16.343814  -0.937817  17.732696   0.829187   0.161517   0.858359   0.036098
 "STRAY57"            30.722760   0.000000   0.000000   0.000000   0.000000   1.357952  16.343814  -0.935742  17.732696   0.829187   0.161517   0.858359   0.036207
 "DRIFT_26"           30.742760   0.000000   0.000000   0.000000   0.000000   1.354472  16.289565  -0.937858  17.770168   0.829382   0.161696   0.859083   0.036207
 "STRAY58"            30.742760   0.000000   0.000000   0.000000   0.000000   1.352501  16.289565  -0.935708  17.770168   0.829382   0.161696   0.859083   0.036319
 "DRIFT_26"           30.762760   0.000000   0.000000   0.000000   0.000000   1.349027  16.235535  -0.937819  17.807639   0.829577   0.161875   0.859809   0.036319
 "STRAY59"            30.762760   0.000000   0.000000   0.000000   0.000000   1.346998  16.235535  -0.935593  17.807639   0.829577   0.161875   0.859809   0.036435
 "DRIFT_26"           30.782760   0.000000   0.000000   0.000000   0.000000   1.343531  16.181724  -0.937699  17.845105   0.829774   0.162053   0.860538   0.036435
 "STRAY60"            30.782760   0.000000   0.000000   0.000000   0.000000   1.341444  16.181724  -0.935397  17.845105   0.829774   0.162053   0.860538   0.036555
 "DRIFT_26"           30.802760   0.000000   0.000000   0.000000   0.000000   1.337984  16.128136  -0.937498  17.882563   0.829971   0.162232   0.861269   0.036555
 "STRAY61"            30.802760   0.000000   0.000000   0.000000   0.000000   1.335838  16.128136  -0.935120  17.882563   0.829971   0.162232   0.861269   0.036679
 "DRIFT_26"           30.822760   0.000000   0.000000   0.000000   0.000000   1.332386  16.074771  -0.937216  17.920009   0.830169   0.162409   0.862003   0.036679
 "STRAY62"            30.822760   0.000000   0.000000   0.000000   0.000000   1.330183  16.074771  -0.934761  17.920009   0.830169   0.162409   0.862003   0.036806
 "DRIFT_26"           30.842760   0.000000   0.000000   0.000000   0.000000   1.326738  16.021633  -0.936852  17.957442   0.830367   0.162587   0.862739   0.036806
 "STRAY63"            30.842760   0.000000   0.000000   0.000000   0.000000   1.324463  16.021633  -0.934302  17.957442   0.830367   0.162587   0.862739   0.036938
 "DRIFT_26"           30.862760   0.000000   0.000000   0.000000   0.000000   1.321025  15.968723  -0.936388  17.994855   0.830566   0.162764   0.863478   0.036938
 "STRAY64"            30.862760   0.000000   0.000000   0.000000   0.000000   1.318693  15.968723  -0.933761  17.994855   0.830566   0.162764   0.863478   0.037075
 "DRIFT_26"           30.882760   0.000000   0.000000   0.000000   0.000000   1.315263  15.916044  -0.935842  18.032247   0.830766   0.162941   0.864219   0.037075
 "STRAY65"            30.882760   0.000000   0.000000   0.000000   0.000000   1.312859  15.916044  -0.933119  18.032247   0.830766   0.162941   0.864219   0.037216
 "DRIFT_26"           30.902760   0.000000   0.000000   0.000000   0.000000   1.309437  15.863598  -0.935194  18.069614   0.830966   0.163117   0.864963   0.037216
 "STRAY66"            30.902760   0.000000   0.000000   0.000000   0.000000   1.306978  15.863598  -0.932393  18.069614   0.830966   0.163117   0.864963   0.037360
 "DRIFT_26"           30.922760   0.000000   0.000000   0.000000   0.000000   1.303564  15.811387  -0.934462  18.106951   0.831167   0.163293   0.865711   0.037360
 "STRAY67"            30.922760   0.000000   0.000000   0.000000   0.000000   1.301034  15.811387  -0.931565  18.106951   0.831167   0.163293   0.865711   0.037510
 "DRIFT_26"           30.942760   0.000000   0.000000   0.000000   0.000000   1.297628  15.759414  -0.933628  18.144255   0.831369   0.163469   0.866461   0.037510
 "STRAY68"            30.942760   0.000000   0.000000   0.000000   0.000000   1.295028  15.759414  -0.930634  18.144255   0.831369   0.163469   0.866461   0.037664
 "DRIFT_26"           30.962760   0.000000   0.000000   0.000000   0.000000   1.291630  15.707681  -0.932691  18.181521   0.831571   0.163644   0.867214   0.037664
 "STRAY69"            30.962760   0.000000   0.000000   0.000000   0.000000   1.288960  15.707681  -0.929600  18.181521   0.831571   0.163644   0.867214   0.037823
 "DRIFT_26"           30.982760   0.000000   0.000000   0.000000   0.000000   1.285571  15.656190  -0.931651  18.218746   0.831774   0.163819   0.867971   0.037823
 "STRAY70"            30.982760   0.000000   0.000000   0.000000   0.000000   1.282831  15.656190  -0.928463  18.218746   0.831774   0.163819   0.867971   0.037987
 "DRIFT_26"           31.002760   0.000000   0.000000   0.000000   0.000000   1.279452  15.604944  -0.930507  18.255925   0.831977   0.163993   0.868730   0.037987
 "STRAY71"            31.002760   0.000000   0.000000   0.000000   0.000000   1.276643  15.604944  -0.927221  18.255925   0.831977   0.163993   0.868730   0.038156
 "DRIFT_26"           31.022760   0.000000   0.000000   0.000000   0.000000   1.273272  15.553946  -0.929258  18.293055   0.832182   0.164167   0.869493   0.038156
 "STRAY72"            31.022760   0.000000   0.000000   0.000000   0.000000   1.270395  15.553946  -0.925874  18.293055   0.832182   0.164167   0.869493   0.038330
 "DRIFT_26"           31.042760   0.000000   0.000000   0.000000   0.000000   1.267034  15.503198  -0.927904  18.330131   0.832387   0.164341   0.870260   0.038330
 "STRAY73"            31.042760   0.000000   0.000000   0.000000   0.000000   1.264088  15.503198  -0.924422  18.330131   0.832387   0.164341   0.870260   0.038508
 "DRIFT_26"           31.062760   0.000000   0.000000   0.000000   0.000000   1.260737  15.452701  -0.926445  18.367148   0.832592   0.164515   0.871030   0.038508
 "STRAY74"            31.062760   0.000000   0.000000   0.000000   0.000000   1.257723  15.452701  -0.922863  18.367148   0.832592   0.164515   0.871030   0.038691
 "DRIFT_26"           31.082760   0.000000   0.000000   0.000000   0.000000   1.254382  15.402459  -0.924880  18.404103   0.832799   0.164688   0.871804   0.038691
 "STRAY75"            31.082760   0.000000   0.000000   0.000000   0.000000   1.251286  15.402459  -0.921181  18.404103   0.832799   0.164688   0.871804   0.038880
 "DRIFT_26"           31.102760   0.000000   0.000000   0.000000   0.000000   1.247954  15.352474  -0.923189  18.440990   0.833006   0.164861   0.872582   0.038880
 "STRAY76"            31.102760   0.000000   0.000000   0.000000   0.000000   1.244792  15.352474  -0.919391  18.440990   0.833006   0.164861   0.872582   0.039075
 "DRIFT_26"           31.122760   0.000000   0.000000   0.000000   0.000000   1.241470  15.302749  -0.921392  18.477806   0.833213   0.165033   0.873363   0.039075
 "STRAY77"            31.122760   0.000000   0.000000   0.000000   0.000000   1.238226  15.302749  -0.917475  18.477806   0.833213   0.165033   0.873363   0.039275
 "DRIFT_26"           31.142760   0.000000   0.000000   0.000000   0.000000   1.234915  15.253286  -0.919468  18.514545   0.833422   0.165205   0.874149   0.039275
 "STRAY78"            31.142760   0.000000   0.000000   0.000000   0.000000   1.231605  15.253286  -0.915450  18.514545   0.833422   0.165205   0.874149   0.039479
 "DRIFT_26"           31.162760   0.000000   0.000000   0.000000   0.000000   1.228305  15.204088  -0.917436  18.551202   0.833631   0.165377   0.874938   0.039479
 "STRAY79"            31.162760   0.000000   0.000000   0.000000   0.000000   1.224915  15.204088  -0.913299  18.551202   0.833631   0.165377   0.874938   0.039690
 "DRIFT_26"           31.182760   0.000000   0.000000   0.000000   0.000000   1.221626  15.155157  -0.915276  18.587774   0.833841   0.165548   0.875732   0.039690
 "STRAY80"            31.182760   0.000000   0.000000   0.000000   0.000000   1.218155  15.155157  -0.911020  18.587774   0.833841   0.165548   0.875732   0.039907
 "DRIFT_26"           31.202760   0.000000   0.000000   0.000000   0.000000   1.214877  15.106496  -0.912989  18.624254   0.834051   0.165719   0.876530   0.039907
 "STRAY81"            31.202760   0.000000   0.000000   0.000000   0.000000   1.211342  15.106496  -0.908631  18.624254   0.834051   0.165719   0.876530   0.040129
 "DRIFT_26"           31.222760   0.000000   0.000000   0.000000   0.000000   1.208076  15.058108  -0.910591  18.660639   0.834262   0.165890   0.877333   0.040129
 "STRAY82"            31.222760   0.000000   0.000000   0.000000   0.000000   1.204462  15.058108  -0.906113  18.660639   0.834262   0.165890   0.877333   0.040356
 "DRIFT_26"           31.242760   0.000000   0.000000   0.000000   0.000000   1.201207  15.009995  -0.908064  18.696922   0.834474   0.166061   0.878140   0.040356
 "STRAY83"            31.242760   0.000000   0.000000   0.000000   0.000000   1.197514  15.009995  -0.903465  18.696922   0.834474   0.166061   0.878140   0.040590
 "DRIFT_26"           31.262760   0.000000   0.000000   0.000000   0.000000   1.194271  14.962159  -0.905408  18.733100   0.834686   0.166231   0.878952   0.040590
 "STRAY84"            31.262760   0.000000   0.000000   0.000000   0.000000   1.190500  14.962159  -0.900687  18.733100   0.834686   0.166231   0.878952   0.040830
 "DRIFT_26"           31.282760   0.000000   0.000000   0.000000   0.000000   1.187269  14.914604  -0.902621  18.769166   0.834899   0.166400   0.879768   0.040830
 "STRAY85"            31.282760   0.000000   0.000000   0.000000   0.000000   1.183421  14.914604  -0.897778  18.769166   0.834899   0.166400   0.879768   0.041075
 "DRIFT_26"           31.302760   0.000000   0.000000   0.000000   0.000000   1.180202  14.867331  -0.899703  18.805115   0.835113   0.166570   0.880590   0.041075
 "STRAY86"            31.302760   0.000000   0.000000   0.000000   0.000000   1.176277  14.867331  -0.894738  18.805115   0.835113   0.166570   0.880590   0.041327
 "DRIFT_26"           31.322760   0.000000   0.000000   0.000000   0.000000   1.173071  14.820344  -0.896653  18.840943   0.835327   0.166739   0.881416   0.041327
 "STRAY87"            31.322760   0.000000   0.000000   0.000000   0.000000   1.169069  14.820344  -0.891566  18.840943   0.835327   0.166739   0.881416   0.041584
 "DRIFT_26"           31.342760   0.000000   0.000000   0.000000   0.000000   1.165875  14.773645  -0.893471  18.876644   0.835542   0.166908   0.882248   0.041584
 "STRAY88"            31.342760   0.000000   0.000000   0.000000   0.000000   1.161798  14.773645  -0.888261  18.876644   0.835542   0.166908   0.882248   0.041848
 "DRIFT_26"           31.362760   0.000000   0.000000   0.000000   0.000000   1.158617  14.727237  -0.890157  18.912212   0.835758   0.167076   0.883085   0.041848
 "STRAY89"            31.362760   0.000000   0.000000   0.000000   0.000000   1.154464  14.727237  -0.884824  18.912212   0.835758   0.167076   0.883085   0.042118
 "DRIFT_26"           31.382760   0.000000   0.000000   0.000000   0.000000   1.151296  14.681122  -0.886709  18.947643   0.835975   0.167244   0.883927   0.042118
 "STRAY90"            31.382760   0.000000   0.000000   0.000000   0.000000   1.147068  14.681122  -0.881252  18.947643   0.835975   0.167244   0.883927   0.042393
 "DRIFT_26"           31.402760   0.000000   0.000000   0.000000   0.000000   1.143913  14.635302  -0.883127  18.982930   0.836192   0.167412   0.884775   0.042393
 "STRAY91"            31.402760   0.000000   0.000000   0.000000   0.000000   1.139610  14.635302  -0.877546  18.982930   0.836192   0.167412   0.884775   0.042675
 "DRIFT_26"           31.422760   0.000000   0.000000   0.000000   0.000000   1.136469  14.589781  -0.879411  19.018070   0.836410   0.167580   0.885629   0.042675
 "STRAY92"            31.422760   0.000000   0.000000   0.000000   0.000000   1.132092  14.589781  -0.873706  19.018070   0.836410   0.167580   0.885629   0.042963
 "DRIFT_26"           31.442760   0.000000   0.000000   0.000000   0.000000   1.128964  14.544559  -0.875560  19.053055   0.836628   0.167747   0.886488   0.042963
 "STRAY93"            31.442760   0.000000   0.000000   0.000000   0.000000   1.124514  14.544559  -0.869730  19.053055   0.836628   0.167747   0.886488   0.043258
 "DRIFT_26"           31.462760   0.000000   0.000000   0.000000   0.000000   1.121400  14.499641  -0.871574  19.087881   0.836847   0.167914   0.887353   0.043258
 "STRAY94"            31.462760   0.000000   0.000000   0.000000   0.000000   1.116876  14.499641  -0.865618  19.087881   0.836847   0.167914   0.887353   0.043558
 "DRIFT_26"           31.482760   0.000000   0.000000   0.000000   0.000000   1.113776  14.455028  -0.867451  19.122542   0.837067   0.168081   0.888224   0.043558
 "STRAY95"            31.482760   0.000000   0.000000   0.000000   0.000000   1.109165  14.455028  -0.861351  19.122542   0.837067   0.168081   0.888224   0.043865
 "DRIFT_26"           31.502760   0.000000   0.000000   0.000000   0.000000   1.106079  14.410723  -0.863173  19.157033   0.837288   0.168247   0.889102   0.043865
 "STRAY96"            31.502760   0.000000   0.000000   0.000000   0.000000   1.101395  14.410723  -0.856947  19.157033   0.837288   0.168247   0.889102   0.044179
 "DRIFT_26"           31.522760   0.000000   0.000000   0.000000   0.000000   1.098324  14.366729  -0.858758  19.191347   0.837509   0.168413   0.889985   0.044179
 "STRAY97"            31.522760   0.000000   0.000000   0.000000   0.000000   1.093569  14.366729  -0.852405  19.191347   0.837509   0.168413   0.889985   0.044499
 "DRIFT_26"           31.542760   0.000000   0.000000   0.000000   0.000000   1.090512  14.323047  -0.854205  19.225479   0.837731   0.168579   0.890875   0.044499
 "STRAY98"            31.542760   0.000000   0.000000   0.000000   0.000000   1.085670  14.323047  -0.847707  19.225479   0.837731   0.168579   0.890875   0.044826
 "DRIFT_26"           31.562760   0.000000   0.000000   0.000000   0.000000   1.082628  14.279681  -0.849494  19.259423   0.837954   0.168744   0.891772   0.044826
 "STRAY99"            31.562760   0.000000   0.000000   0.000000   0.000000   1.077716  14.279681  -0.842869  19.259423   0.837954   0.168744   0.891772   0.045160
 "DRIFT_26"           31.582760   0.000000   0.000000   0.000000   0.000000   1.074689  14.236633  -0.844645  19.293174   0.838177   0.168909   0.892675   0.045160
 "STRAY100"           31.582760   0.000000   0.000000   0.000000   0.000000   1.069692  14.236633  -0.837873  19.293174   0.838177   0.168909   0.892675   0.045500
 "DRIFT_26"           31.602760   0.000000   0.000000   0.000000   0.000000   1.066679  14.193906  -0.839638  19.326724   0.838401   0.169074   0.893585   0.045500
 "STRAY101"           31.602760   0.000000   0.000000   0.000000   0.000000   1.061612  14.193906  -0.832738  19.326724   0.838401   0.169074   0.893585   0.045847
 "DRIFT_26"           31.622760   0.000000   0.000000   0.000000   0.000000   1.058615  14.151501  -0.834491  19.360068   0.838625   0.169238   0.894502   0.045847
 "STRAY102"           31.622760   0.000000   0.000000   0.000000   0.000000   1.053464  14.151501  -0.827444  19.360068   0.838625   0.169238   0.894502   0.046201
 "DRIFT_26"           31.642760   0.000000   0.000000   0.000000   0.000000   1.050482  14.109422  -0.829184  19.393201   0.838851   0.169403   0.895426   0.046201
 "STRAY103"           31.642760   0.000000   0.000000   0.000000   0.000000   1.045248  14.109422  -0.821989  19.393201   0.838851   0.169403   0.895426   0.046563
 "DRIFT_26"           31.662760   0.000000   0.000000   0.000000   0.000000   1.042281  14.067672  -0.823717  19.426115   0.839076   0.169567   0.896357   0.046563
 "STRAY104"           31.662760   0.000000   0.000000   0.000000   0.000000   1.036978  14.067672  -0.816393  19.426115   0.839076   0.169567   0.896357   0.046931
 "DRIFT_26"           31.682760   0.000000   0.000000   0.000000   0.000000   1.034027  14.026252  -0.818109  19.458805   0.839303   0.169730   0.897296   0.046931
 "STRAY105"           31.682760   0.000000   0.000000   0.000000   0.000000   1.028641  14.026252  -0.810637  19.458805   0.839303   0.169730   0.897296   0.047306
 "DRIFT_26"           31.702760   0.000000   0.000000   0.000000   0.000000   1.025707  13.985165  -0.812340  19.491265   0.839530   0.169894   0.898242   0.047306
 "STRAY106"           31.702760   0.000000   0.000000   0.000000   0.000000   1.020238  13.985165  -0.804719  19.491265   0.839530   0.169894   0.898242   0.047689
 "DRIFT_26"           31.722760   0.000000   0.000000   0.000000   0.000000   1.017320  13.944414  -0.806410  19.523487   0.839758   0.170057   0.899196   0.047689
 "STRAY107"           31.722760   0.000000   0.000000   0.000000   0.000000   1.011770  13.944414  -0.798639  19.523487   0.839758   0.170057   0.899196   0.048079
 "DRIFT_26"           31.742760   0.000000   0.000000   0.000000   0.000000   1.008867  13.904001  -0.800317  19.555466   0.839987   0.170220   0.900157   0.048079
 "STRAY108"           31.742760   0.000000   0.000000   0.000000   0.000000   1.003250  13.904001  -0.792417  19.555466   0.839987   0.170220   0.900157   0.048475
 "DRIFT_26"           31.762760   0.000000   0.000000   0.000000   0.000000   1.000364  13.863928  -0.794082  19.587196   0.840216   0.170383   0.901127   0.048475
 "STRAY109"           31.762760   0.000000   0.000000   0.000000   0.000000   0.994666  13.863928  -0.786031  19.587196   0.840216   0.170383   0.901127   0.048879
 "DRIFT_26"           31.782760   0.000000   0.000000   0.000000   0.000000   0.991796  13.824199  -0.787683  19.618671   0.840446   0.170545   0.902104   0.048879
 "STRAY110"           31.782760   0.000000   0.000000   0.000000   0.000000   0.986031  13.824199  -0.779502  19.618671   0.840446   0.170545   0.902104   0.049289
 "DRIFT_26"           31.802760   0.000000   0.000000   0.000000   0.000000   0.983178  13.784815  -0.781141  19.649883   0.840677   0.170707   0.903090   0.049289
 "STRAY111"           31.802760   0.000000   0.000000   0.000000   0.000000   0.977361  13.784815  -0.772849  19.649883   0.840677   0.170707   0.903090   0.049704
 "DRIFT_26"           31.822760   0.000000   0.000000   0.000000   0.000000   0.974524  13.745777  -0.774475  19.680830   0.840908   0.170869   0.904084   0.049704
 "STRAY112"           31.822760   0.000000   0.000000   0.000000   0.000000   0.968655  13.745777  -0.766071  19.680830   0.840908   0.170869   0.904084   0.050125
 "DRIFT_26"           31.842760   0.000000   0.000000   0.000000   0.000000   0.965834  13.707088  -0.767684  19.711505   0.841140   0.171031   0.905087   0.050125
 "STRAY113"           31.842760   0.000000   0.000000   0.000000   0.000000   0.959927  13.707088  -0.759188  19.711505   0.841140   0.171031   0.905087   0.050551
 "DRIFT_26"           31.862760   0.000000   0.000000   0.000000   0.000000   0.957123  13.668747  -0.760787  19.741905   0.841372   0.171192   0.906098   0.050551
 "STRAY114"           31.862760   0.000000   0.000000   0.000000   0.000000   0.951218  13.668747  -0.752259  19.741905   0.841372   0.171192   0.906098   0.050978
 "DRIFT_26"           31.882760   0.000000   0.000000   0.000000   0.000000   0.948431  13.630754  -0.753845  19.772027   0.841606   0.171353   0.907117   0.050978
 "STRAY115"           31.882760   0.000000   0.000000   0.000000   0.000000   0.942556  13.630754  -0.745323  19.772027   0.841606   0.171353   0.907117   0.051405
 "DRIFT_26"           31.902760   0.000000   0.000000   0.000000   0.000000   0.939785  13.593107  -0.746897  19.801871   0.841839   0.171514   0.908145   0.051405
 "STRAY116"           31.902760   0.000000   0.000000   0.000000   0.000000   0.933968  13.593107  -0.738422  19.801871   0.841839   0.171514   0.908145   0.051829
 "DRIFT_26"           31.922760   0.000000   0.000000   0.000000   0.000000   0.931213  13.555803  -0.739982  19.831439   0.842074   0.171675   0.909182   0.051829
 "STRAY117"           31.922760   0.000000   0.000000   0.000000   0.000000   0.925506  13.555803  -0.731633  19.831439   0.842074   0.171675   0.909182   0.052248
 "DRIFT_26"           31.942760   0.000000   0.000000   0.000000   0.000000   0.922767  13.518838  -0.733182  19.860735   0.842309   0.171835   0.910227   0.052248
 "STRAY118"           31.942760   0.000000   0.000000   0.000000   0.000000   0.917210  13.518838  -0.725019  19.860735   0.842309   0.171835   0.910227   0.052658
 "DRIFT_26"           31.962760   0.000000   0.000000   0.000000   0.000000   0.914486  13.482204  -0.726555  19.889767   0.842545   0.171995   0.911280   0.052658
 "STRAY119"           31.962760   0.000000   0.000000   0.000000   0.000000   0.909094  13.482204  -0.718599  19.889767   0.842545   0.171995   0.911280   0.053058
 "DRIFT_26"           31.982760   0.000000   0.000000   0.000000   0.000000   0.906384  13.445894  -0.720124  19.918541   0.842781   0.172155   0.912341   0.053058
 "STRAY120"           31.982760   0.000000   0.000000   0.000000   0.000000   0.901167  13.445894  -0.712396  19.918541   0.842781   0.172155   0.912341   0.053447
 "DRIFT_26"           32.002760   0.000000   0.000000   0.000000   0.000000   0.898472  13.409901  -0.713910  19.947067   0.843018   0.172315   0.913410   0.053447
 "STRAY121"           32.002760   0.000000   0.000000   0.000000   0.000000   0.893416  13.409901  -0.706389  19.947067   0.843018   0.172315   0.913410   0.053827
 "DRIFT_26"           32.022760   0.000000   0.000000   0.000000   0.000000   0.890734  13.374218  -0.707892  19.975353   0.843256   0.172474   0.914487   0.053827
 "STRAY122"           32.022760   0.000000   0.000000   0.000000   0.000000   0.885813  13.374218  -0.700541  19.975353   0.843256   0.172474   0.914487   0.054199
 "DRIFT_26"           32.042760   0.000000   0.000000   0.000000   0.000000   0.883144  13.338839  -0.702034  20.003405   0.843494   0.172633   0.915571   0.054199
 "STRAY123"           32.042760   0.000000   0.000000   0.000000   0.000000   0.878328  13.338839  -0.694813  20.003405   0.843494   0.172633   0.915571   0.054564
 "DRIFT_26"           32.062760   0.000000   0.000000   0.000000   0.000000   0.875672  13.303759  -0.696295  20.031227   0.843733   0.172792   0.916662   0.054564
 "STRAY124"           32.062760   0.000000   0.000000   0.000000   0.000000   0.870923  13.303759  -0.689144  20.031227   0.843733   0.172792   0.916662   0.054927
 "DRIFT_26"           32.082760   0.000000   0.000000   0.000000   0.000000   0.868279  13.268975  -0.690617  20.058822   0.843973   0.172951   0.917760   0.054927
 "STRAY125"           32.082760   0.000000   0.000000   0.000000   0.000000   0.863582  13.268975  -0.683516  20.058822   0.843973   0.172951   0.917760   0.055287
 "DRIFT_26"           32.102760   0.000000   0.000000   0.000000   0.000000   0.860951  13.234485  -0.684979  20.086192   0.844213   0.173110   0.918866   0.055287
 "STRAY126"           32.102760   0.000000   0.000000   0.000000   0.000000   0.856279  13.234485  -0.677888  20.086192   0.844213   0.173110   0.918866   0.055647
 "DRIFT_26"           32.122760   0.000000   0.000000   0.000000   0.000000   0.853660  13.200286  -0.679342  20.113337   0.844454   0.173268   0.919979   0.055647
 "STRAY127"           32.122760   0.000000   0.000000   0.000000   0.000000   0.848987  13.200286  -0.672222  20.113337   0.844454   0.173268   0.919979   0.056008
 "DRIFT_26"           32.142760   0.000000   0.000000   0.000000   0.000000   0.846380  13.166378  -0.673665  20.140254   0.844695   0.173426   0.921099   0.056008
 "STRAY128"           32.142760   0.000000   0.000000   0.000000   0.000000   0.841706  13.166378  -0.666516  20.140254   0.844695   0.173426   0.921099   0.056372
 "DRIFT_26"           32.162760   0.000000   0.000000   0.000000   0.000000   0.839110  13.132762  -0.667950  20.166944   0.844937   0.173584   0.922227   0.056372
 "STRAY129"           32.162760   0.000000   0.000000   0.000000   0.000000   0.834422  13.132762  -0.660750  20.166944   0.844937   0.173584   0.922227   0.056737
 "DRIFT_26"           32.182760   0.000000   0.000000   0.000000   0.000000   0.831839  13.099437  -0.662175  20.193402   0.845180   0.173742   0.923361   0.056737
 "STRAY130"           32.182760   0.000000   0.000000   0.000000   0.000000   0.827136  13.099437  -0.654925  20.193402   0.845180   0.173742   0.923361   0.057106
 "DRIFT_26"           32.202760   0.000000   0.000000   0.000000   0.000000   0.824565  13.066403  -0.656341  20.219627   0.845423   0.173900   0.924504   0.057106
 "STRAY131"           32.202760   0.000000   0.000000   0.000000   0.000000   0.819848  13.066403  -0.649041  20.219627   0.845423   0.173900   0.924504   0.057478
 "DRIFT_26"           32.222760   0.000000   0.000000   0.000000   0.000000   0.817288  13.033660  -0.650447  20.245617   0.845667   0.174057   0.925653   0.057478
 "STRAY132"           32.222760   0.000000   0.000000   0.000000   0.000000   0.812557  13.033660  -0.643098  20.245617   0.845667   0.174057   0.925653   0.057852
 "DRIFT_26"           32.242760   0.000000   0.000000   0.000000   0.000000   0.810009  13.001209  -0.644494  20.271369   0.845912   0.174214   0.926810   0.057852
 "STRAY133"           32.242760   0.000000   0.000000   0.000000   0.000000   0.805251  13.001209  -0.637075  20.271369   0.845912   0.174214   0.926810   0.058230
 "DRIFT_26"           32.262760   0.000000   0.000000   0.000000   0.000000   0.802715  12.969050  -0.638462  20.296880   0.846157   0.174371   0.927975   0.058230
 "STRAY134"           32.262760   0.000000   0.000000   0.000000   0.000000   0.797930  12.969050  -0.630973  20.296880   0.846157   0.174371   0.927975   0.058611
 "DRIFT_26"           32.282760   0.000000   0.000000   0.000000   0.000000   0.795406  12.937183  -0.632350  20.322146   0.846403   0.174528   0.929147   0.058611
 "STRAY135"           32.282760   0.000000   0.000000   0.000000   0.000000   0.790606  12.937183  -0.624811  20.322146   0.846403   0.174528   0.929147   0.058996
 "DRIFT_26"           32.302760   0.000000   0.000000   0.000000   0.000000   0.788094  12.905609  -0.626179  20.347166   0.846649   0.174684   0.930327   0.058996
 "STRAY136"           32.302760   0.000000   0.000000   0.000000   0.000000   0.783267  12.905609  -0.618569  20.347166   0.846649   0.174684   0.930327   0.059385
 "DRIFT_26"           32.322760   0.000000   0.000000   0.000000   0.000000   0.780766  12.874328  -0.619928  20.371936   0.846896   0.174841   0.931515   0.059385
 "STRAY137"           32.322760   0.000000   0.000000   0.000000   0.000000   0.775913  12.874328  -0.612248  20.371936   0.846896   0.174841   0.931515   0.059777
 "DRIFT_26"           32.342760   0.000000   0.000000   0.000000   0.000000   0.773424  12.843341  -0.613598  20.396453   0.847143   0.174997   0.932710   0.059777
 "STRAY138"           32.342760   0.000000   0.000000   0.000000   0.000000   0.768544  12.843341  -0.605847  20.396453   0.847143   0.174997   0.932710   0.060173
 "DRIFT_26"           32.362760   0.000000   0.000000   0.000000   0.000000   0.766067  12.812649  -0.607188  20.420714   0.847392   0.175153   0.933914   0.060173
 "STRAY139"           32.362760   0.000000   0.000000   0.000000   0.000000   0.761159  12.812649  -0.599367  20.420714   0.847392   0.175153   0.933914   0.060573
 "DRIFT_26"           32.382760   0.000000   0.000000   0.000000   0.000000   0.758694  12.782252  -0.600698  20.444715   0.847640   0.175308   0.935125   0.060573
 "STRAY140"           32.382760   0.000000   0.000000   0.000000   0.000000   0.753760  12.782252  -0.592806  20.444715   0.847640   0.175308   0.935125   0.060977
 "DRIFT_26"           32.402760   0.000000   0.000000   0.000000   0.000000   0.751306  12.752151  -0.594128  20.468454   0.847890   0.175464   0.936345   0.060977
 "STRAY141"           32.402760   0.000000   0.000000   0.000000   0.000000   0.746346  12.752151  -0.586166  20.468454   0.847890   0.175464   0.936345   0.061385
 "DRIFT_26"           32.422760   0.000000   0.000000   0.000000   0.000000   0.743904  12.722346  -0.587479  20.491926   0.848140   0.175619   0.937572   0.061385
 "STRAY142"           32.422760   0.000000   0.000000   0.000000   0.000000   0.738917  12.722346  -0.579446  20.491926   0.848140   0.175619   0.937572   0.061796
 "DRIFT_26"           32.442760   0.000000   0.000000   0.000000   0.000000   0.736486  12.692838  -0.580750  20.515130   0.848390   0.175775   0.938808   0.061796
 "STRAY143"           32.442760   0.000000   0.000000   0.000000   0.000000   0.731473  12.692838  -0.572646  20.515130   0.848390   0.175775   0.938808   0.062212
 "DRIFT_26"           32.462760   0.000000   0.000000   0.000000   0.000000   0.729054  12.663627  -0.573941  20.538062   0.848641   0.175930   0.940052   0.062212
 "STRAY144"           32.462760   0.000000   0.000000   0.000000   0.000000   0.724014  12.663627  -0.565767  20.538062   0.848641   0.175930   0.940052   0.062632
 "DRIFT_26"           32.482760   0.000000   0.000000   0.000000   0.000000   0.721607  12.634715  -0.567052  20.560718   0.848893   0.176085   0.941305   0.062632
 "STRAY145"           32.482760   0.000000   0.000000   0.000000   0.000000   0.716540  12.634715  -0.558807  20.560718   0.848893   0.176085   0.941305   0.063055
 "DRIFT_26"           32.502760   0.000000   0.000000   0.000000   0.000000   0.714144  12.606101  -0.560084  20.583096   0.849145   0.176239   0.942566   0.063055
 "STRAY146"           32.502760   0.000000   0.000000   0.000000   0.000000   0.709052  12.606101  -0.551768  20.583096   0.849145   0.176239   0.942566   0.063483
 "DRIFT_26"           32.522760   0.000000   0.000000   0.000000   0.000000   0.706667  12.577787  -0.553036  20.605192   0.849398   0.176394   0.943836   0.063483
 "STRAY147"           32.522760   0.000000   0.000000   0.000000   0.000000   0.701548  12.577787  -0.544649  20.605192   0.849398   0.176394   0.943836   0.063915
 "DRIFT_26"           32.542760   0.000000   0.000000   0.000000   0.000000   0.699175  12.549772  -0.545908  20.627003   0.849651   0.176548   0.945114   0.063915
 "STRAY148"           32.542760   0.000000   0.000000   0.000000   0.000000   0.694030  12.549772  -0.537451  20.627003   0.849651   0.176548   0.945114   0.064350
 "DRIFT_26"           32.562760   0.000000   0.000000   0.000000   0.000000   0.691669  12.522058  -0.538700  20.648527   0.849905   0.176703   0.946401   0.064350
 "STRAY149"           32.562760   0.000000   0.000000   0.000000   0.000000   0.686497  12.522058  -0.530173  20.648527   0.849905   0.176703   0.946401   0.064790
 "DRIFT_26"           32.582760   0.000000   0.000000   0.000000   0.000000   0.684147  12.494645  -0.531413  20.669758   0.850160   0.176857   0.947697   0.064790
 "STRAY150"           32.582760   0.000000   0.000000   0.000000   0.000000   0.678950  12.494645  -0.522815  20.669758   0.850160   0.176857   0.947697   0.065234
 "DRIFT_26"           32.602760   0.000000   0.000000   0.000000   0.000000   0.676611  12.467534  -0.524047  20.690695   0.850415   0.177011   0.949002   0.065234
 "STRAY151"           32.602760   0.000000   0.000000   0.000000   0.000000   0.671387  12.467534  -0.515378  20.690695   0.850415   0.177011   0.949002   0.065682
 "DRIFT_26"           32.622760   0.000000   0.000000   0.000000   0.000000   0.669060  12.440725  -0.516601  20.711335   0.850670   0.177164   0.950315   0.065682
 "STRAY152"           32.622760   0.000000   0.000000   0.000000   0.000000   0.663810  12.440725  -0.507861  20.711335   0.850670   0.177164   0.950315   0.066134
 "DRIFT_26"           32.642760   0.000000   0.000000   0.000000   0.000000   0.661494  12.414219  -0.509075  20.731674   0.850926   0.177318   0.951638   0.066134
 "STRAY153"           32.642760   0.000000   0.000000   0.000000   0.000000   0.656218  12.414219  -0.500264  20.731674   0.850926   0.177318   0.951638   0.066590
 "DRIFT_26"           32.662760   0.000000   0.000000   0.000000   0.000000   0.653913  12.388017  -0.501471  20.751708   0.851183   0.177471   0.952970   0.066590
 "STRAY154"           32.662760   0.000000   0.000000   0.000000   0.000000   0.648611  12.388017  -0.492589  20.751708   0.851183   0.177471   0.952970   0.067050
 "DRIFT_26"           32.682760   0.000000   0.000000   0.000000   0.000000   0.646317  12.362118  -0.493787  20.771436   0.851440   0.177625   0.954311   0.067050
 "STRAY155"           32.682760   0.000000   0.000000   0.000000   0.000000   0.640989  12.362118  -0.484834  20.771436   0.851440   0.177625   0.954311   0.067514
 "DRIFT_26"           32.702760   0.000000   0.000000   0.000000   0.000000   0.638707  12.336524  -0.486023  20.790853   0.851698   0.177778   0.955661   0.067514
 "STRAY156"           32.702760   0.000000   0.000000   0.000000   0.000000   0.633353  12.336524  -0.477000  20.790853   0.851698   0.177778   0.955661   0.067983
 "DRIFT_26"           32.722760   0.000000   0.000000   0.000000   0.000000   0.631081  12.311236  -0.478181  20.809957   0.851956   0.177931   0.957021   0.067983
 "STRAY157"           32.722760   0.000000   0.000000   0.000000   0.000000   0.625701  12.311236  -0.469087  20.809957   0.851956   0.177931   0.957021   0.068455
 "DRIFT_26"           32.742760   0.000000   0.000000   0.000000   0.000000   0.623440  12.286253  -0.470259  20.828744   0.852215   0.178084   0.958390   0.068455
 "STRAY158"           32.742760   0.000000   0.000000   0.000000   0.000000   0.618034  12.286253  -0.461095  20.828744   0.852215   0.178084   0.958390   0.068932
 "DRIFT_26"           32.762760   0.000000   0.000000   0.000000   0.000000   0.615785  12.261576  -0.462259  20.847211   0.852474   0.178237   0.959768   0.068932
 "STRAY159"           32.762760   0.000000   0.000000   0.000000   0.000000   0.610353  12.261576  -0.453024  20.847211   0.852474   0.178237   0.959768   0.069413
 "DRIFT_26"           32.782760   0.000000   0.000000   0.000000   0.000000   0.608114  12.237207  -0.454180  20.865355   0.852734   0.178389   0.961157   0.069413
 "STRAY160"           32.782760   0.000000   0.000000   0.000000   0.000000   0.602656  12.237207  -0.444874  20.865355   0.852734   0.178389   0.961157   0.069898
 "DRIFT_26"           32.802760   0.000000   0.000000   0.000000   0.000000   0.600429  12.213145  -0.446022  20.883173   0.852995   0.178542   0.962555   0.069898
 "STRAY161"           32.802760   0.000000   0.000000   0.000000   0.000000   0.594945  12.213145  -0.436646  20.883173   0.852995   0.178542   0.962555   0.070387
 "DRIFT_26"           32.822760   0.000000   0.000000   0.000000   0.000000   0.592728  12.189392  -0.437786  20.900661   0.853256   0.178694   0.963962   0.070387
 "STRAY162"           32.822760   0.000000   0.000000   0.000000   0.000000   0.587218  12.189392  -0.428339  20.900661   0.853256   0.178694   0.963962   0.070880
 "DRIFT_26"           32.842760   0.000000   0.000000   0.000000   0.000000   0.585011  12.165947  -0.429472  20.917818   0.853517   0.178846   0.965380   0.070880
 "STRAY163"           32.842760   0.000000   0.000000   0.000000   0.000000   0.579476  12.165947  -0.419954  20.917818   0.853517   0.178846   0.965380   0.071378
 "DRIFT_26"           32.862760   0.000000   0.000000   0.000000   0.000000   0.577280  12.142812  -0.421079  20.934638   0.853779   0.178998   0.966807   0.071378
 "STRAY164"           32.862760   0.000000   0.000000   0.000000   0.000000   0.571706  12.142812  -0.411470  20.934638   0.853779   0.178998   0.966807   0.071881
 "DRIFT_26"           32.882760   0.000000   0.000000   0.000000   0.000000   0.569521  12.119988  -0.412587  20.951119   0.854041   0.179150   0.968245   0.071881
 "STRAY165"           32.882760   0.000000   0.000000   0.000000   0.000000   0.563922  12.119988  -0.402907  20.951119   0.854041   0.179150   0.968245   0.072388
 "DRIFT_26"           32.902760   0.000000   0.000000   0.000000   0.000000   0.561747  12.097474  -0.404017  20.967258   0.854304   0.179302   0.969693   0.072388
 "STRAY166"           32.902760   0.000000   0.000000   0.000000   0.000000   0.556109  12.097474  -0.394246  20.967258   0.854304   0.179302   0.969693   0.072901
 "DRIFT_26"           32.922760   0.000000   0.000000   0.000000   0.000000   0.553945  12.075273  -0.395348  20.983050   0.854567   0.179454   0.971151   0.072901
 "STRAY167"           32.922760   0.000000   0.000000   0.000000   0.000000   0.548281  12.075273  -0.385507  20.983050   0.854567   0.179454   0.971151   0.073417
 "DRIFT_26"           32.942760   0.000000   0.000000   0.000000   0.000000   0.546127  12.053385  -0.386602  20.998492   0.854831   0.179606   0.972619   0.073417
 "STRAY168"           32.942760   0.000000   0.000000   0.000000   0.000000   0.540438  12.053385  -0.376691  20.998492   0.854831   0.179606   0.972619   0.073939
 "DRIFT_26"           32.962760   0.000000   0.000000   0.000000   0.000000   0.538294  12.031810  -0.377778  21.013581   0.855096   0.179757   0.974098   0.073939
 "STRAY169"           32.962760   0.000000   0.000000   0.000000   0.000000   0.532567  12.031810  -0.367776  21.013581   0.855096   0.179757   0.974098   0.074465
 "DRIFT_26"           32.982760   0.000000   0.000000   0.000000   0.000000   0.530433  12.010550  -0.368856  21.028314   0.855360   0.179909   0.975587   0.074465
 "STRAY170"           32.982760   0.000000   0.000000   0.000000   0.000000   0.524668  12.010550  -0.358763  21.028314   0.855360   0.179909   0.975587   0.074997
 "DRIFT_26"           33.002760   0.000000   0.000000   0.000000   0.000000   0.522545  11.989606  -0.359836  21.042686   0.855626   0.180060   0.977087   0.074997
 "STRAY171"           33.002760   0.000000   0.000000   0.000000   0.000000   0.516754  11.989606  -0.349673  21.042686   0.855626   0.180060   0.977087   0.075533
 "DRIFT_26"           33.022760   0.000000   0.000000   0.000000   0.000000   0.514640  11.968978  -0.350739  21.056694   0.855891   0.180211   0.978598   0.075533
 "STRAY172"           33.022760   0.000000   0.000000   0.000000   0.000000   0.508811  11.968978  -0.340485  21.056694   0.855891   0.180211   0.978598   0.076075
 "DRIFT_26"           33.042760   0.000000   0.000000   0.000000   0.000000   0.506708  11.948668  -0.341545  21.070335   0.856158   0.180362   0.980119   0.076075
 "STRAY173"           33.042760   0.000000   0.000000   0.000000   0.000000   0.500853  11.948668  -0.331220  21.070335   0.856158   0.180362   0.980119   0.076621
 "DRIFT_26"           33.062760   0.000000   0.000000   0.000000   0.000000   0.498759  11.928676  -0.332274  21.083605   0.856424   0.180513   0.981652   0.076621
 "STRAY174"           33.062760   0.000000   0.000000   0.000000   0.000000   0.492866  11.928676  -0.321858  21.083605   0.856424   0.180513   0.981652   0.077173
 "DRIFT_26"           33.082760   0.000000   0.000000   0.000000   0.000000   0.490782  11.909003  -0.322905  21.096500   0.856691   0.180664   0.983195   0.077173
 "STRAY175"           33.082760   0.000000   0.000000   0.000000   0.000000   0.484864  11.909003  -0.312420  21.096500   0.856691   0.180664   0.983195   0.077728
 "DRIFT_26"           33.102760   0.000000   0.000000   0.000000   0.000000   0.482789  11.889650  -0.313461  21.109018   0.856959   0.180815   0.984750   0.077728
 "STRAY176"           33.102760   0.000000   0.000000   0.000000   0.000000   0.476845  11.889650  -0.302906  21.109018   0.856959   0.180815   0.984750   0.078289
 "DRIFT_26"           33.122760   0.000000   0.000000   0.000000   0.000000   0.474780  11.870617  -0.303941  21.121154   0.857227   0.180966   0.986316   0.078289
 "STRAY177"           33.122760   0.000000   0.000000   0.000000   0.000000   0.468797  11.870617  -0.293296  21.121154   0.857227   0.180966   0.986316   0.078854
 "DRIFT_26"           33.142760   0.000000   0.000000   0.000000   0.000000   0.466742  11.851906  -0.294324  21.132907   0.857495   0.181117   0.987893   0.078854
 "STRAY178"           33.142760   0.000000   0.000000   0.000000   0.000000   0.460733  11.851906  -0.283610  21.132907   0.857495   0.181117   0.987893   0.079425
 "DRIFT_26"           33.162760   0.000000   0.000000   0.000000   0.000000   0.458687  11.833518  -0.284632  21.144272   0.857764   0.181267   0.989481   0.079425
 "STRAY179"           33.162760   0.000000   0.000000   0.000000   0.000000   0.452640  11.833518  -0.273827  21.144272   0.857764   0.181267   0.989481   0.080000
 "DRIFT_26"           33.182760   0.000000   0.000000   0.000000   0.000000   0.450604  11.815453  -0.274844  21.155245   0.858033   0.181418   0.991081   0.080000
 "STRAY180"           33.182760   0.000000   0.000000   0.000000   0.000000   0.444531  11.815453  -0.263970  21.155245   0.858033   0.181418   0.991081   0.080580
 "DRIFT_26"           33.202760   0.000000   0.000000   0.000000   0.000000   0.442504  11.797712  -0.264982  21.165824   0.858303   0.181568   0.992693   0.080580
 "STRAY181"           33.202760   0.000000   0.000000   0.000000   0.000000   0.436393  11.797712  -0.254018  21.165824   0.858303   0.181568   0.992693   0.081166
 "DRIFT_26"           33.222760   0.000000   0.000000   0.000000   0.000000   0.434374  11.780297  -0.255024  21.176005   0.858573   0.181718   0.994316   0.081166
 "STRAY182"           33.222760   0.000000   0.000000   0.000000   0.000000   0.428225  11.780297  -0.243970  21.176005   0.858573   0.181718   0.994316   0.081757
 "DRIFT_26"           33.242760   0.000000   0.000000   0.000000   0.000000   0.426216  11.763208  -0.244970  21.185784   0.858843   0.181869   0.995951   0.081757
 "STRAY183"           33.242760   0.000000   0.000000   0.000000   0.000000   0.420029  11.763208  -0.233827  21.185784   0.858843   0.181869   0.995951   0.082354
 "DRIFT_26"           33.262760   0.000000   0.000000   0.000000   0.000000   0.418028  11.746447  -0.234822  21.195157   0.859114   0.182019   0.997598   0.082354
 "STRAY184"           33.262760   0.000000   0.000000   0.000000   0.000000   0.411803  11.746447  -0.223589  21.195157   0.859114   0.182019   0.997598   0.082956
 "DRIFT_26"           33.282760   0.000000   0.000000   0.000000   0.000000   0.409811  11.730015  -0.224580  21.204120   0.859385   0.182169   0.999257   0.082956
 "STRAY185"           33.282760   0.000000   0.000000   0.000000   0.000000   0.403548  11.730015  -0.213257  21.204120   0.859385   0.182169   0.999257   0.083565
 "DRIFT_26"           33.302760   0.000000   0.000000   0.000000   0.000000   0.401565  11.713912  -0.214243  21.212670   0.859657   0.182319   1.000929   0.083565
 "STRAY186"           33.302760   0.000000   0.000000   0.000000   0.000000   0.395251  11.713912  -0.202809  21.212670   0.859657   0.182319   1.000929   0.084179
 "DRIFT_26"           33.322760   0.000000   0.000000   0.000000   0.000000   0.393277  11.698142  -0.203791  21.220802   0.859928   0.182469   1.002612   0.084179
 "STRAY187"           33.322760   0.000000   0.000000   0.000000   0.000000   0.386925  11.698142  -0.192268  21.220802   0.859928   0.182469   1.002612   0.084800
 "DRIFT_26"           33.342760   0.000000   0.000000   0.000000   0.000000   0.384959  11.682704  -0.193245  21.228512   0.860201   0.182619   1.004308   0.084800
 "STRAY188"           33.342760   0.000000   0.000000   0.000000   0.000000   0.378569  11.682704  -0.181633  21.228512   0.860201   0.182619   1.004308   0.085426
 "DRIFT_26"           33.362760   0.000000   0.000000   0.000000   0.000000   0.376612  11.667601  -0.182606  21.235797   0.860473   0.182769   1.006017   0.085426
 "STRAY189"           33.362760   0.000000   0.000000   0.000000   0.000000   0.370171  11.667601  -0.170884  21.235797   0.860473   0.182769   1.006017   0.086059
 "DRIFT_26"           33.382760   0.000000   0.000000   0.000000   0.000000   0.368222  11.652833  -0.171854  21.242652   0.860746   0.182919   1.007738   0.086059
 "STRAY190"           33.382760   0.000000   0.000000   0.000000   0.000000   0.361743  11.652833  -0.160043  21.242652   0.860746   0.182919   1.007738   0.086697
 "DRIFT_26"           33.402760   0.000000   0.000000   0.000000   0.000000   0.359802  11.638402  -0.161008  21.249073   0.861020   0.183069   1.009472   0.086697
 "STRAY191"           33.402760   0.000000   0.000000   0.000000   0.000000   0.353273  11.638402  -0.149088  21.249073   0.861020   0.183069   1.009472   0.087343
 "DRIFT_26"           33.422760   0.000000   0.000000   0.000000   0.000000   0.351340  11.624310  -0.150050  21.255056   0.861293   0.183219   1.011219   0.087343
 "STRAY192"           33.422760   0.000000   0.000000   0.000000   0.000000   0.344761  11.624310  -0.138019  21.255056   0.861293   0.183219   1.011219   0.087995
 "DRIFT_26"           33.442760   0.000000   0.000000   0.000000   0.000000   0.342836  11.610558  -0.138978  21.260596   0.861567   0.183368   1.012979   0.087995
 "STRAY193"           33.442760   0.000000   0.000000   0.000000   0.000000   0.336218  11.610558  -0.126860  21.260596   0.861567   0.183368   1.012979   0.088653
 "DRIFT_26"           33.462760   0.000000   0.000000   0.000000   0.000000   0.334300  11.597147  -0.127815  21.265689   0.861842   0.183518   1.014752   0.088653
 "STRAY194"           33.462760   0.000000   0.000000   0.000000   0.000000   0.327632  11.597147  -0.115588  21.265689   0.861842   0.183518   1.014752   0.089318
 "DRIFT_26"           33.482760   0.000000   0.000000   0.000000   0.000000   0.325722  11.584080  -0.116541  21.270332   0.862116   0.183668   1.016538   0.089318
 "STRAY195"           33.482760   0.000000   0.000000   0.000000   0.000000   0.319004  11.584080  -0.104204  21.270332   0.862116   0.183668   1.016538   0.089990
 "DRIFT_26"           33.502760   0.000000   0.000000   0.000000   0.000000   0.317101  11.571358  -0.105154  21.274519   0.862391   0.183817   1.018338   0.089990
 "STRAY196"           33.502760   0.000000   0.000000   0.000000   0.000000   0.310344  11.571358  -0.092730  21.274519   0.862391   0.183817   1.018338   0.090668
 "DRIFT_26"           33.522760   0.000000   0.000000   0.000000   0.000000   0.308449  11.558982  -0.093678  21.278247   0.862666   0.183967   1.020151   0.090668
 "STRAY197"           33.522760   0.000000   0.000000   0.000000   0.000000   0.301641  11.558982  -0.081145  21.278247   0.862666   0.183967   1.020151   0.091352
 "DRIFT_26"           33.542760   0.000000   0.000000   0.000000   0.000000   0.299753  11.546954  -0.082092  21.281512   0.862942   0.184116   1.021978   0.091352
 "STRAY198"           33.542760   0.000000   0.000000   0.000000   0.000000   0.292894  11.546954  -0.069450  21.281512   0.862942   0.184116   1.021978   0.092044
 "DRIFT_26"           33.562760   0.000000   0.000000   0.000000   0.000000   0.291013  11.535276  -0.070395  21.284309   0.863218   0.184266   1.023819   0.092044
 "STRAY199"           33.562760   0.000000   0.000000   0.000000   0.000000   0.284115  11.535276  -0.057667  21.284309   0.863218   0.184266   1.023819   0.092741
 "DRIFT_26"           33.582760   0.000000   0.000000   0.000000   0.000000   0.282241  11.523949  -0.058609  21.286634   0.863494   0.184416   1.025674   0.092741
 "STRAY200"           33.582760   0.000000   0.000000   0.000000   0.000000   0.275293  11.523949  -0.045774  21.286634   0.863494   0.184416   1.025674   0.093446
 "DRIFT_26"           33.602760   0.000000   0.000000   0.000000   0.000000   0.273425  11.512975  -0.046715  21.288484   0.863770   0.184565   1.027543   0.093446
 "STRAY201"           33.602760   0.000000   0.000000   0.000000   0.000000   0.266426  11.512975  -0.033772  21.288484   0.863770   0.184565   1.027543   0.094157
 "DRIFT_26"           33.622760   0.000000   0.000000   0.000000   0.000000   0.264565  11.502355  -0.034712  21.289854   0.864047   0.184715   1.029426   0.094157
 "STRAY202"           33.622760   0.000000   0.000000   0.000000   0.000000   0.257514  11.502355  -0.021662  21.289854   0.864047   0.184715   1.029426   0.094876
 "DRIFT_26"           33.642760   0.000000   0.000000   0.000000   0.000000   0.255660  11.492091  -0.022601  21.290739   0.864324   0.184864   1.031324   0.094876
 "STRAY203"           33.642760   0.000000   0.000000   0.000000   0.000000   0.248558  11.492091  -0.009444  21.290739   0.864324   0.184864   1.031324   0.095601
 "DRIFT_26"           33.662760   0.000000   0.000000   0.000000   0.000000   0.246710  11.482186  -0.010383  21.291135   0.864601   0.185014   1.033236   0.095601
 "STRAY204"           33.662760   0.000000   0.000000   0.000000   0.000000   0.239557  11.482186   0.002881  21.291135   0.864601   0.185014   1.033236   0.096334
 "DRIFT_26"           33.682760   0.000000   0.000000   0.000000   0.000000   0.237715  11.472641   0.001942  21.291039   0.864878   0.185163   1.035162   0.096334
 "STRAY205"           33.682760   0.000000   0.000000   0.000000   0.000000   0.230499  11.472641   0.015334  21.291039   0.864878   0.185163   1.035162   0.097075
 "DRIFT_26"           33.702760   0.000000   0.000000   0.000000   0.000000   0.228663  11.463457   0.014394  21.290444   0.865156   0.185313   1.037104   0.097075
 "STRAY206"           33.702760   0.000000   0.000000   0.000000   0.000000   0.221383  11.463457   0.027914  21.290444   0.865156   0.185313   1.037104   0.097825
 "DRIFT_26"           33.722760   0.000000   0.000000   0.000000   0.000000   0.219553  11.454639   0.026974  21.289347   0.865433   0.185462   1.039060   0.097825
 "STRAY207"           33.722760   0.000000   0.000000   0.000000   0.000000   0.212211  11.454639   0.040620  21.289347   0.865433   0.185462   1.039060   0.098582
 "DRIFT_26"           33.742760   0.000000   0.000000   0.000000   0.000000   0.210386  11.446187   0.039679  21.287741   0.865711   0.185612   1.041032   0.098582
 "STRAY208"           33.742760   0.000000   0.000000   0.000000   0.000000   0.202981  11.446187   0.053452  21.287741   0.865711   0.185612   1.041032   0.099348
 "DRIFT_26"           33.762760   0.000000   0.000000   0.000000   0.000000   0.201161  11.438104   0.052510  21.285621   0.865990   0.185761   1.043019   0.099348
 "STRAY209"           33.762760   0.000000   0.000000   0.000000   0.000000   0.193692  11.438104   0.066410  21.285621   0.865990   0.185761   1.043019   0.100123
 "DRIFT_26"           33.782760   0.000000   0.000000   0.000000   0.000000   0.191878  11.430392   0.065466  21.282984   0.866268   0.185911   1.045021   0.100123
 "STRAY210"           33.782760   0.000000   0.000000   0.000000   0.000000   0.184334  11.430392   0.079513  21.282984   0.866268   0.185911   1.045021   0.100906
 "DRIFT_26"           33.802760   0.000000   0.000000   0.000000   0.000000   0.182525  11.423055   0.078567  21.279822   0.866547   0.186060   1.047040   0.100906
 "STRAY211"           33.802760   0.000000   0.000000   0.000000   0.000000   0.174917  11.423055   0.092739  21.279822   0.866547   0.186060   1.047040   0.101699
 "DRIFT_26"           33.822760   0.000000   0.000000   0.000000   0.000000   0.173113  11.416095   0.091791  21.276132   0.866825   0.186210   1.049074   0.101699
 "STRAY212"           33.822760   0.000000   0.000000   0.000000   0.000000   0.165430  11.416095   0.106110  21.276132   0.866825   0.186210   1.049074   0.102500
 "DRIFT_26"           33.842760   0.000000   0.000000   0.000000   0.000000   0.163630  11.409513   0.105160  21.271906   0.867104   0.186360   1.051124   0.102500
 "STRAY213"           33.842760   0.000000   0.000000   0.000000   0.000000   0.155871  11.409513   0.119625  21.271906   0.867104   0.186360   1.051124   0.103312
 "DRIFT_26"           33.862760   0.000000   0.000000   0.000000   0.000000   0.154076  11.403315   0.118671  21.267140   0.867383   0.186509   1.053190   0.103312
 "STRAY214"           33.862760   0.000000   0.000000   0.000000   0.000000   0.146242  11.403315   0.133281  21.267140   0.867383   0.186509   1.053190   0.104133
 "DRIFT_26"           33.882760   0.000000   0.000000   0.000000   0.000000   0.144450  11.397501   0.132324  21.261828   0.867662   0.186659   1.055272   0.104133
 "STRAY215"           33.882760   0.000000   0.000000   0.000000   0.000000   0.136540  11.397501   0.147080  21.261828   0.867662   0.186659   1.055272   0.104963
 "DRIFT_26"           33.902760   0.000000   0.000000   0.000000   0.000000   0.134753  11.392075   0.146119  21.255964   0.867942   0.186809   1.057372   0.104963
 "STRAY216"           33.902760   0.000000   0.000000   0.000000   0.000000   0.126767  11.392075   0.161019  21.255964   0.867942   0.186809   1.057372   0.105803
 "DRIFT_26"           33.922760   0.000000   0.000000   0.000000   0.000000   0.124983  11.387040   0.160054  21.249543   0.868221   0.186958   1.059488   0.105803
 "STRAY217"           33.922760   0.000000   0.000000   0.000000   0.000000   0.116910  11.387040   0.175120  21.249543   0.868221   0.186958   1.059488   0.106653
 "DRIFT_26"           33.942760   0.000000   0.000000   0.000000   0.000000   0.115129  11.382399   0.174150  21.242557   0.868501   0.187108   1.061621   0.106653
 "STRAY218"           33.942760   0.000000   0.000000   0.000000   0.000000   0.106968  11.382399   0.189381  21.242557   0.868501   0.187108   1.061621   0.107514
 "DRIFT_26"           33.962760   0.000000   0.000000   0.000000   0.000000   0.105191  11.378156   0.188406  21.235002   0.868781   0.187258   1.063771   0.107514
 "STRAY219"           33.962760   0.000000   0.000000   0.000000   0.000000   0.096953  11.378156   0.203780  21.235002   0.868781   0.187258   1.063771   0.108384
 "DRIFT_26"           33.982760   0.000000   0.000000   0.000000   0.000000   0.095179  11.374313   0.202799  21.226870   0.869060   0.187408   1.065939   0.108384
 "STRAY220"           33.982760   0.000000   0.000000   0.000000   0.000000   0.086876  11.374313   0.218294  21.226870   0.869060   0.187408   1.065939   0.109262
 "DRIFT_26"           34.002760   0.000000   0.000000   0.000000   0.000000   0.085104  11.370874   0.217307  21.218158   0.869340   0.187558   1.068124   0.109262
 "STRAY221"           34.002760   0.000000   0.000000   0.000000   0.000000   0.076792  11.370874   0.232818  21.218158   0.869340   0.187558   1.068124   0.110142
 "DRIFT_26"           34.022760   0.000000   0.000000   0.000000   0.000000   0.075023  11.367837   0.231824  21.208865   0.869620   0.187708   1.070327   0.110142
 "STRAY222"           34.022760   0.000000   0.000000   0.000000   0.000000   0.066792  11.367837   0.247179  21.208865   0.869620   0.187708   1.070327   0.111015
 "DRIFT_26"           34.042760   0.000000   0.000000   0.000000   0.000000   0.065025  11.365201   0.246179  21.198998   0.869900   0.187858   1.072547   0.111015
 "STRAY223"           34.042760   0.000000   0.000000   0.000000   0.000000   0.057081  11.365201   0.260997  21.198998   0.869900   0.187858   1.072547   0.111860
 "DRIFT_26"           34.062760   0.000000   0.000000   0.000000   0.000000   0.055316  11.362953   0.259989  21.188578   0.870180   0.188008   1.074784   0.111860
 "STRAY224"           34.062760   0.000000   0.000000   0.000000   0.000000   0.047907  11.362953   0.273804  21.188578   0.870180   0.188008   1.074784   0.112652
 "DRIFT_26"           34.082760   0.000000   0.000000   0.000000   0.000000   0.046143  11.361072   0.272789  21.177647   0.870461   0.188159   1.077037   0.112652
 "STRAY225"           34.082760   0.000000   0.000000   0.000000   0.000000   0.039553  11.361072   0.285072  21.177647   0.870461   0.188159   1.077037   0.113362
 "DRIFT_26"           34.102760   0.000000   0.000000   0.000000   0.000000   0.037790  11.359525   0.284051  21.166264   0.870741   0.188309   1.079305   0.113362
 "STRAY226"           34.102760   0.000000   0.000000   0.000000   0.000000   0.032179  11.359525   0.294507  21.166264   0.870741   0.188309   1.079305   0.113975
 "DRIFT_26"           34.122760   0.000000   0.000000   0.000000   0.000000   0.030416  11.358273   0.293481  21.154504   0.871021   0.188459   1.081584   0.113975
 "STRAY227"           34.122760   0.000000   0.000000   0.000000   0.000000   0.025793  11.358273   0.302090  21.154504   0.871021   0.188459   1.081584   0.114489
 "DRIFT_26"           34.142760   0.000000   0.000000   0.000000   0.000000   0.024031  11.357277   0.301059  21.142441   0.871301   0.188610   1.083874   0.114489
 "STRAY228"           34.142760   0.000000   0.000000   0.000000   0.000000   0.020295  11.357277   0.308015  21.142441   0.871301   0.188610   1.083874   0.114912
 "DRIFT_26"           34.162760   0.000000   0.000000   0.000000   0.000000   0.018533  11.356500   0.306979  21.130141   0.871582   0.188760   1.086172   0.114912
 "STRAY229"           34.162760   0.000000   0.000000   0.000000   0.000000   0.015524  11.356500   0.312578  21.130141   0.871582   0.188760   1.086172   0.115259
 "DRIFT_26"           34.182760   0.000000   0.000000   0.000000   0.000000   0.013762  11.355915   0.311539  21.117659   0.871862   0.188911   1.088477   0.115259
 "STRAY230"           34.182760   0.000000   0.000000   0.000000   0.000000   0.011320  11.355915   0.316080  21.117659   0.871862   0.188911   1.088477   0.115546
 "DRIFT_26"           34.202760   0.000000   0.000000   0.000000   0.000000   0.009559  11.355497   0.315038  21.105037   0.872142   0.189062   1.090788   0.115546
 "STRAY231"           34.202760   0.000000   0.000000   0.000000   0.000000   0.007560  11.355497   0.318752  21.105037   0.872142   0.189062   1.090788   0.115784
 "DRIFT_26"           34.222760   0.000000   0.000000   0.000000   0.000000   0.005799  11.355230   0.317709  21.092308   0.872422   0.189213   1.093104   0.115784
 "STRAY232"           34.222760   0.000000   0.000000   0.000000   0.000000   0.004141  11.355230   0.320788  21.092308   0.872422   0.189213   1.093104   0.115984
 "DRIFT_26"           34.242760   0.000000   0.000000   0.000000   0.000000   0.002380  11.355099   0.319742  21.079497   0.872703   0.189364   1.095424   0.115984
 "STRAY233"           34.242760   0.000000   0.000000   0.000000   0.000000   0.001006  11.355099   0.322293  21.079497   0.872703   0.189364   1.095424   0.116152
 "DRIFT_26"           34.262760   0.000000   0.000000   0.000000   0.000000  -0.000755  11.355094   0.321245  21.066626   0.872983   0.189515   1.097747   0.116152
 "STRAY234"           34.262760   0.000000   0.000000   0.000000   0.000000  -0.001914  11.355094   0.323394  21.066626   0.872983   0.189515   1.097747   0.116293
 "DRIFT_26"           34.282760   0.000000   0.000000   0.000000   0.000000  -0.003675  11.355206   0.322346  21.053711   0.873263   0.189666   1.100073   0.116293
 "STRAY235"           34.282760   0.000000   0.000000   0.000000   0.000000  -0.004638  11.355206   0.324131  21.053711   0.873263   0.189666   1.100073   0.116410
 "DRIFT_26"           34.302760   0.000000   0.000000   0.000000   0.000000  -0.006399  11.355427   0.323081  21.040767   0.873544   0.189817   1.102401   0.116410
 "STRAY236"           34.302760   0.000000   0.000000   0.000000   0.000000  -0.007196  11.355427   0.324558  21.040767   0.873544   0.189817   1.102401   0.116506
 "DRIFT_26"           34.322760   0.000000   0.000000   0.000000   0.000000  -0.008958  11.355750   0.323508  21.027806   0.873824   0.189969   1.104731   0.116506
 "STRAY237"           34.322760   0.000000   0.000000   0.000000   0.000000  -0.009605  11.355750   0.324706  21.027806   0.873824   0.189969   1.104731   0.116584
 "DRIFT_26"           34.342760   0.000000   0.000000   0.000000   0.000000  -0.011366  11.356169   0.323655  21.014839   0.874104   0.190120   1.107063   0.116584
 "STRAY238"           34.342760   0.000000   0.000000   0.000000   0.000000  -0.011879  11.356169   0.324603  21.014839   0.874104   0.190120   1.107063   0.116645
 "DRIFT_26"           34.362760   0.000000   0.000000   0.000000   0.000000  -0.013640  11.356680   0.323551  21.001876   0.874385   0.190271   1.109395   0.116645
 "STRAY239"           34.362760   0.000000   0.000000   0.000000   0.000000  -0.014033  11.356680   0.324277  21.001876   0.874385   0.190271   1.109395   0.116691
 "DRIFT_26"           34.382760   0.000000   0.000000   0.000000   0.000000  -0.015794  11.357276   0.323225  20.988925   0.874665   0.190423   1.111729   0.116691
 "STRAY240"           34.382760   0.000000   0.000000   0.000000   0.000000  -0.016086  11.357276   0.323764  20.988925   0.874665   0.190423   1.111729   0.116725
 "DRIFT_26"           34.402760   0.000000   0.000000   0.000000   0.000000  -0.017848  11.357955   0.322711  20.975996   0.874945   0.190575   1.114064   0.116725
 "STRAY241"           34.402760   0.000000   0.000000   0.000000   0.000000  -0.018059  11.357955   0.323102  20.975996   0.874945   0.190575   1.114064   0.116750
 "DRIFT_26"           34.422760   0.000000   0.000000   0.000000   0.000000  -0.019820  11.358712   0.322049  20.963093   0.875225   0.190727   1.116399   0.116750
 "STRAY242"           34.422760   0.000000   0.000000   0.000000   0.000000  -0.019968  11.358712   0.322321  20.963093   0.875225   0.190727   1.116399   0.116767
 "DRIFT_26"           34.442760   0.000000   0.000000   0.000000   0.000000  -0.021729  11.359546   0.321268  20.950221   0.875506   0.190878   1.118734   0.116767
 "STRAY243"           34.442760   0.000000   0.000000   0.000000   0.000000  -0.021833  11.359546   0.321459  20.950221   0.875506   0.190878   1.118734   0.116779
 "DRIFT_26"           34.462760   0.000000   0.000000   0.000000   0.000000  -0.023594  11.360455   0.320405  20.937384   0.875786   0.191030   1.121070   0.116779
 "STRAY244"           34.462760   0.000000   0.000000   0.000000   0.000000  -0.023669  11.360455   0.320544  20.937384   0.875786   0.191030   1.121070   0.116787
 "STRAY$END"          34.462760   0.000000   0.000000   0.000000   0.000000  -0.023669  11.360455   0.320544  20.937384   0.875786   0.191030   1.121070   0.116787
 "DRIFT_27"           34.751369   0.000000   0.000000   0.000000   0.000000  -0.049088  11.381454   0.305343  20.756747   0.879826   0.193234   1.154775   0.116787
 "PI.SMH42"           35.371373   0.000000   0.000000   0.000000   0.000000  -0.047870  11.441629   0.272688  20.398365   0.888473   0.198030   1.208355   0.056007
 "DRIFT_28"           35.466428   0.000000   0.000000   0.000000   0.000000  -0.056197  11.451521   0.267682  20.347000   0.889795   0.198773   1.213679   0.056007
 "POINTS"             35.466428   0.000000   0.000000   0.000000   0.000000  -0.056197  11.451521   0.267682  20.347000   0.889795   0.198773   1.213679   0.056007
 "BTP$END"            35.466428   0.000000   0.000000   0.000000   0.000000  -0.056197  11.451521   0.267682  20.347000   0.889795   0.198773   1.213679   0.056007
