@ NAME             %05s "TWISS"
@ TYPE             %05s "TWISS"
@ SEQUENCE         %07s "LTLTBBI"
@ PARTICLE         %06s "PROTON"
@ MASS             %le     0.93827
@ CHARGE           %le     1.00000
@ ENERGY           %le     0.98827
@ PC               %le     0.31037
@ GAMMA            %le     1.05329
@ KBUNCH           %le     1.00000
@ BCURRENT         %le     0.00000
@ SIGE             %le     0.00100
@ SIGT             %le     0.00000
@ NPART            %le     0.00000
@ EX               %le     0.00004
@ EY               %le     0.00002
@ ET               %le     1.00000
@ LENGTH           %le   131.23082
@ ALFA             %le     0.00000
@ ORBIT5           %le    -0.00000
@ GAMMATR          %le     0.00000
@ Q1               %le     3.12125
@ Q2               %le     2.47641
@ DQ1              %le     0.00000
@ DQ2              %le     0.00000
@ DXMAX            %le    10.48987
@ DYMAX            %le     4.74957
@ XCOMAX           %le     0.00000
@ YCOMAX           %le     0.02976
@ BETXMAX          %le   113.64995
@ BETYMAX          %le  15662.06860
@ XCORMS           %le     0.00000
@ YCORMS           %le     0.00706
@ DXRMS            %le     2.15014
@ DYRMS            %le     1.04867
@ DELTAP           %le     0.00000
@ SYNCH_1          %le     0.00000
@ SYNCH_2          %le     0.00000
@ SYNCH_3          %le     0.00000
@ SYNCH_4          %le     0.00000
@ SYNCH_5          %le     0.00000
@ TITLE            %65s "LT-LTB-BI 2014 optics. Protons - 310.3662354 MeV/c (E_kin=50 MeV)"
@ ORIGIN           %22s "MAD-X 5.02.00 Linux 32"
@ DATE             %08s "22/08/14"
@ TIME             %08s "15.09.38"
* NAME                        S          X          Y 
$ %s                        %le        %le        %le 
 "LTLTBBI$START"        0.00000    0.00000    0.00000
 "LT$START"             0.00000    0.00000    0.00000
 "BEGLT"                0.00000    0.00000    0.00000
 "DRIFT_0"              0.02400    0.00000    0.00000
 "LT.VVS10"             0.04800    0.00000    0.00000
 "DRIFT_1"              0.22300    0.00000    0.00000
 "LT.DHZ10"             0.39800    0.00000    0.00000
 "LT.DVT10"             0.39800    0.00000    0.00000
 "DRIFT_2"              0.89900    0.00000   -0.00025
 "LT.BPM10"             1.40000    0.00000   -0.00050
 "DRIFT_3"              1.62475    0.00000   -0.00061
 "LT.QFN10"             1.97700    0.00000   -0.00082
 "DRIFT_4"              2.12575    0.00000   -0.00100
 "LT.BEC1"              2.14700    0.00000   -0.00103
 "DRIFT_5"              2.27850    0.00000   -0.00122
 "LT.BCT10"             2.41000    0.00000   -0.00141
 "DRIFT_6"              2.52975    0.00000   -0.00158
 "LT.QDN12"             2.77700    0.00000   -0.00189
 "DRIFT_7"              2.99675    0.00000   -0.00190
 "LT.BHZ10"             3.34200    0.00000   -0.00183
 "DRIFT_8"              4.54000    0.00000   -0.00160
 "LT.VPI11"             5.48500    0.00000   -0.00141
 "DRIFT_9"              6.40975    0.00000   -0.00123
 "LT.QFN20"             7.46200    0.00000   -0.00104
 "DRIFT_10"             7.71825    0.00000   -0.00110
 "LT.BEC2"              7.84700    0.00000   -0.00114
 "DRIFT_11"             8.09075    0.00000   -0.00122
 "LT.QDN22"             8.46200    0.00000   -0.00132
 "DRIFT_12"            10.15585    0.00000   -0.00113
 "LT.DHZ20"            11.72220    0.00000   -0.00094
 "LT.DVT20"            11.72220    0.00000   -0.00094
 "DRIFT_13"            12.45835    0.00000   -0.00084
 "LT.QFN30"            13.32200    0.00000   -0.00074
 "DRIFT_14"            13.82700    0.00000   -0.00074
 "LT.QDN32"            14.33200    0.00000   -0.00073
 "DRIFT_15"            14.79575    0.00000   -0.00066
 "LT.VPI2"             15.13200    0.00000   -0.00061
 "DRIFT_16"            16.15475    0.00000   -0.00044
 "LT.BPM20"            17.17750    0.00000   -0.00027
 "DRIFT_17"            17.72975    0.00000   -0.00017
 "LT.VGP11"            18.28200    0.00000   -0.00008
 "DRIFT_18"            18.56325    0.00000   -0.00003
 "LT.QFN40"            18.97200    0.00000    0.00003
 "DRIFT_19"            19.47200    0.00000    0.00012
 "LT.QDN42"            19.97200    0.00000    0.00021
 "DRIFT_20"            20.24575    0.00000    0.00024
 "LT.DHZ30"            20.39200    0.00000    0.00026
 "LT.DVT30"            20.39200    0.00000    0.00026
 "DRIFT_21"            20.69350    0.00000    0.00029
 "LT.BPM30"            20.99500    0.00000    0.00032
 "DRIFT_22"            21.37100    0.00000    0.00036
 "LT.CDB10"            21.74700    0.00000    0.00040
 "DRIFT_23"            22.21975    0.00000    0.00044
 "LT.BCT20"            22.69250    0.00000    0.00049
 "DRIFT_24"            23.08843    0.00000    0.00053
 "LT.BHZ20"            24.00857    0.00000    0.00063
 "DRIFT_25"            24.89995   -0.00000    0.00072
 "LT.VGP12"            25.26713   -0.00000    0.00075
 "DRIFT_26"            25.69113   -0.00000    0.00080
 "LT.STP10"            26.11513   -0.00000    0.00084
 "DRIFT_27"            27.74013   -0.00000    0.00101
 "LT.BEC3"             29.36513   -0.00000    0.00117
 "DRIFT_28"            29.93638   -0.00000    0.00123
 "LT.QFN50"            30.63513   -0.00000    0.00131
 "DRIFT_29"            31.17388   -0.00000    0.00161
 "LT.VPI14"            31.58513   -0.00000    0.00185
 "DRIFT_30"            31.79513   -0.00000    0.00197
 "LT.BEC4"             32.00513   -0.00000    0.00209
 "DRIFT_31"            32.18563   -0.00000    0.00220
 "LT.BCT30"            32.36613   -0.00000    0.00230
 "DRIFT_32"            32.62563   -0.00000    0.00245
 "LT.DHZ40"            32.88513   -0.00000    0.00260
 "LT.DVT40"            32.88513   -0.00000    0.00260
 "DRIFT_33"            33.46513   -0.00000    0.00294
 "LT.BPM40"            34.04513   -0.00000    0.00328
 "DRIFT_34"            34.37638   -0.00000    0.00347
 "LT.QDN55"            34.83513    0.00000    0.00371
 "DRIFT_35"            35.07989    0.00000    0.00369
 "LT.VVS20"            35.19714    0.00000    0.00367
 "DRIFT_36"            37.38739    0.00000    0.00326
 "LT.QFN60"            39.70513    0.00000    0.00284
 "DRIFT_37"            40.65914    0.00000    0.00312
 "LT.QDN65"            41.61314    0.00000    0.00340
 "DRIFT_38"            41.87553    0.00000    0.00334
 "LT.BHZ25"            42.21314    0.00000    0.00325
 "DRIFT_39"            42.96300    0.00000    0.00304
 "LT.VPI25"            43.51014    0.00000    0.00288
 "DRIFT_40"            44.80814    0.00000    0.00251
 "LT.VPI26"            46.10614    0.00000    0.00214
 "DRIFT_41"            46.31014    0.00000    0.00208
 "LT.QFW70"            46.74514    0.00000    0.00199
 "DRIFT_42"            48.49189    0.00000    0.00245
 "LT.QDN75"            50.13514    0.00000    0.00290
 "DRIFT_43"            50.68389    0.00000    0.00282
 "LT.DHZ50"            51.10514    0.00000    0.00274
 "LT.DVT50"            51.10514    0.00000    0.00274
 "DRIFT_44"            51.42214    0.00000    0.00268
 "LT.BCT40"            51.73914    0.00000    0.00262
 "DRIFT_45"            51.98314    0.00000    0.00258
 "LT.BPM50"            52.50514    0.00000    0.00249
 "DRIFT_46"            53.12800    0.00000    0.00237
 "ENDLT"               53.47286    0.00000    0.00231
 "LT$END"              53.47286    0.00000    0.00231
 "DRIFT_47"            53.47286    0.00000    0.00231
 "LTB$START"           53.47287    0.00000    0.00231
 "BEGLTB"              53.47287    0.00000    0.00231
 "LT.BHZ30"            53.99860   -0.00000    0.00221
 "DRIFT_48"            54.86818   -0.00000    0.00206
 "LTB.DHZ10"           55.21204   -0.00000    0.00199
 "LTB.DVT10"           55.21204   -0.00000    0.00199
 "DRIFT_49"            55.47879    0.00000    0.00194
 "LTB.STP10"           55.74554    0.00000    0.00190
 "DRIFT_50"            55.93879    0.00000    0.00186
 "LTB.VVS10"           56.13204    0.00000    0.00183
 "DRIFT_51"            56.38079    0.00000    0.00178
 "LTB.VPI11"           56.62954    0.00000    0.00174
 "DRIFT_52"            57.39704    0.00000    0.00160
 "LTB.QFN10"           58.29204    0.00000    0.00145
 "DRIFT_19"            58.79204    0.00000    0.00161
 "LTB.QDN20"           59.29204    0.00000    0.00177
 "DRIFT_53"            59.57479    0.00000    0.00179
 "LTB.MSF30"           59.73004    0.00000    0.00180
 "DRIFT_54"            60.08379    0.00000    0.00182
 "LTB.BPM10"           60.43754    0.00000    0.00184
 "DRIFT_55"            60.62129    0.00000    0.00185
 "LTB.BCT49"           60.80504    0.00000    0.00186
 "DRIFT_56"            60.97354    0.00000    0.00187
 "LTB.DHZ20"           61.14204    0.00000    0.00188
 "LTB.DVT20"           61.14204    0.00000    0.00188
 "DRIFT_57"            62.60654    0.00000    0.00195
 "LTB.BCT50"           64.07104    0.00000    0.00203
 "DRIFT_58"            64.32604    0.00000    0.00204
 "LTB.BCT55"           64.58104    0.00000    0.00206
 "DRIFT_59"            66.11154    0.00000    0.00214
 "LTB.BPM20"           67.64204    0.00000    0.00222
 "DRIFT_60"            67.89204    0.00000    0.00223
 "LTB.DHZ30"           68.14204    0.00000    0.00225
 "LTB.DVT30"           68.14204    0.00000    0.00225
 "DRIFT_61"            68.47679    0.00000    0.00226
 "LTB.QFW30"           69.04204    0.00000    0.00232
 "DRIFT_62"            69.54204    0.00000    0.00258
 "LTB.QDW40"           70.04204    0.00000    0.00282
 "DRIFT_63"            72.59679    0.00000    0.00230
 "LTB.BCT59"           74.92104    0.00000    0.00178
 "DRIFT_64"            75.19254    0.00000    0.00172
 "LTB.VPI12"           75.46404    0.00000    0.00166
 "DRIFT_65"            75.68904    0.00000    0.00161
 "LTB.VGR01"           75.91404    0.00000    0.00156
 "DRIFT_66"            76.94704    0.00000    0.00133
 "LTB.VPI13"           77.98004    0.00000    0.00110
 "DRIFT_67"            78.24504    0.00000    0.00104
 "LTB.MSF40"           78.51004    0.00000    0.00098
 "DRIFT_68"            78.72604    0.00000    0.00093
 "LTB.BCT60"           78.94204    0.00000    0.00088
 "DRIFT_69"            79.15179    0.00000    0.00083
 "LTB.QFW50"           79.59204    0.00000    0.00075
 "DRIFT_70"            80.24204    0.00000    0.00076
 "LTB.QDW60"           80.89204    0.00000    0.00077
 "DRIFT_69"            81.33229    0.00000    0.00068
 "LTB.DHZ40"           81.54204    0.00000    0.00063
 "LTB.DVT40"           81.54204    0.00000    0.00063
 "DRIFT_71"            81.79404    0.00000    0.00056
 "LTB.BPM30"           82.04604    0.00000    0.00050
 "DRIFT_72"            82.37704    0.00000    0.00042
 "ENDLTB"              82.70804    0.00000    0.00034
 "LTB$END"             82.70804    0.00000    0.00034
 "BI2$START"           82.70804    0.00000    0.00034
 "BEGBI"               82.70804    0.00000    0.00034
 "LTB.BHZ40"           83.15804    0.00000    0.00023
 "DRIFT_73"            83.94804    0.00000    0.00003
 "BI.VPI11"            84.28804    0.00000   -0.00005
 "DRIFT_74"            86.78004    0.00000   -0.00067
 "BI.DHZ10"            89.27204    0.00000   -0.00128
 "BI.DVT10"            89.27204    0.00000   -0.00128
 "DRIFT_75"            89.51554    0.00000   -0.00134
 "BI.BPM00"            89.75904    0.00000   -0.00141
 "DRIFT_76"            90.21004    0.00000   -0.00152
 "BI.BTV10"            90.66104    0.00000   -0.00163
 "DRIFT_77"            90.94904    0.00000   -0.00170
 "BI.STPFA10"          91.23704    0.00000   -0.00177
 "DRIFT_78"            92.85004    0.00000   -0.00217
 "BI.STPSW10"          94.46304    0.00000   -0.00257
 "DRIFT_79"            94.83754   -0.00000   -0.00266
 "BI.BPM10"            95.21204   -0.00000   -0.00275
 "DRIFT_80"            95.45204   -0.00000   -0.00281
 "BI.DHZ20"            95.69204   -0.00000   -0.00287
 "BI.DVT20"            95.69204   -0.00000   -0.00287
 "DRIFT_81"            95.89654   -0.00000   -0.00292
 "BI.QNO10"            96.33204   -0.00000   -0.00312
 "DRIFT_82"            96.83204   -0.00000   -0.00396
 "BI.QNO20"            97.33204   -0.00000   -0.00475
 "DRIFT_83"           100.98834   -0.00000   -0.00154
 "BI.BPM20"           104.41364   -0.00000    0.00162
 "DRIFT_84"           104.63844   -0.00000    0.00183
 "BI.BCT10"           104.86324   -0.00000    0.00204
 "DRIFT_85"           105.05284   -0.00000    0.00221
 "BI.VVS10"           105.24244   -0.00000    0.00239
 "DRIFT_86"           105.28449   -0.00000    0.00242
 "BI.DVT30"           105.47404   -0.00000    0.00260
 "DRIFT_87"           105.74329   -0.00000    0.00285
 "BI.BTV20"           105.86504   -0.00000    0.00296
 "DRIFT_88"           106.15839   -0.00000    0.00323
 "BI.QNO30"           106.68274   -0.00000    0.00364
 "DRIFT_89"           107.10389   -0.00000    0.00359
 "BI.BPM30"           107.29405   -0.00000    0.00353
 "DRIFT_90"           107.49762   -0.00000    0.00347
 "BI.QNO40"           107.93220   -0.00000    0.00343
 "DRIFT_91"           108.29362   -0.00000    0.00380
 "BI.DIS0"            108.62405   -0.00000    0.00422
 "DRIFT_92"           108.82905   -0.00000    0.00448
 "BI2.DIS1"           109.03405   -0.00000    0.00474
 "DRIFT_93"           109.23905   -0.00000    0.00500
 "BI2.DIS2"           109.44405   -0.00000    0.00526
 "DRIFT_94"           109.64905   -0.00000    0.00552
 "BI2.DIS3"           109.85405   -0.00000    0.00579
 "DRIFT_95"           110.05905   -0.00000    0.00605
 "BI2.DIS4"           110.26406   -0.00000    0.00631
 "DRIFT_96"           110.55557   -0.00000    0.00668
 "BI2.DVT40"          110.81058   -0.00000    0.00700
 "DRIFT_97"           111.82484   -0.00000    0.00829
 "BI.VPI12"           112.67560   -0.00000    0.00938
 "DRIFT_98"           114.78461    0.00000    0.01206
 "BI.BTV30"           116.89362    0.00000    0.01474
 "DRIFT_99"           117.73498    0.00000    0.01581
 "BI.SMVHDP"          118.57634    0.00000    0.01688
 "DRIFT_100"          118.68924    0.00000    0.01703
 "BI2.SMV10"          119.28363    0.00000    0.01775
 "DRIFT_101"          120.55369    0.00000    0.01900
 "BI2.BVT10"          121.70253    0.00000    0.02014
 "DRIFT_102"          122.21672    0.00000    0.02057
 "BI2.QNO50"          122.60362    0.00000    0.02163
 "DRIFT_103"          122.97862    0.00000    0.02582
 "BI2.QNO60"          123.35362    0.00000    0.02976
 "DRIFT_104"          123.74912    0.00000    0.02893
 "BI2.DHZ50"          123.91162    0.00000    0.02815
 "BI2.DVT50"          123.91162    0.00000    0.02815
 "DRIFT_105"          124.19512    0.00000    0.02679
 "BI2.BPM40"          124.47862    0.00000    0.02543
 "DRIFT_106"          125.06962    0.00000    0.02260
 "BI2.BTV40"          125.66062    0.00000    0.01977
 "DRIFT_107"          125.93387    0.00000    0.01846
 "BI2.VPI14"          126.20712    0.00000    0.01715
 "DRIFT_108"          126.40637    0.00000    0.01619
 "BI2.BCT20"          126.60562    0.00000    0.01524
 "DRIFT_109"          126.82862    0.00000    0.01417
 "BI2.BPM50"          127.05162    0.00000    0.01310
 "DRIFT_110"          127.31262    0.00000    0.01185
 "BI2.VVS20"          127.57362    0.00000    0.01060
 "DRIFT_111"          128.77362    0.00000    0.00485
 "BI2.DHZ70"          129.97362    0.00000   -0.00091
 "BI2.DVT70"          129.97362    0.00000   -0.00091
 "DRIFT_112"          130.60222    0.00000   -0.00392
 "BI2.INJPT"          131.23082    0.00000   -0.00693
 "BI2$END"            131.23082    0.00000   -0.00693
 "LTLTBBI$END"        131.23082    0.00000   -0.00693
