@ NAME             %05s "TWISS"
@ TYPE             %05s "TWISS"
@ SEQUENCE         %07s "LTLTBBI"
@ PARTICLE         %06s "PROTON"
@ MASS             %le     0.93827
@ CHARGE           %le     1.00000
@ ENERGY           %le     0.98827
@ PC               %le     0.31037
@ GAMMA            %le     1.05329
@ KBUNCH           %le     1.00000
@ BCURRENT         %le     0.00000
@ SIGE             %le     0.00100
@ SIGT             %le     0.00000
@ NPART            %le     0.00000
@ EX               %le     0.00004
@ EY               %le     0.00002
@ ET               %le     1.00000
@ LENGTH           %le   131.26445
@ ALFA             %le     0.00000
@ ORBIT5           %le    -0.00000
@ GAMMATR          %le     0.00000
@ Q1               %le     3.11441
@ Q2               %le     2.47648
@ DQ1              %le     0.00000
@ DQ2              %le     0.00000
@ DXMAX            %le    10.48987
@ DYMAX            %le     3.00680
@ XCOMAX           %le     0.00000
@ YCOMAX           %le     0.02032
@ BETXMAX          %le   113.64995
@ BETYMAX          %le  14272.68577
@ XCORMS           %le     0.00000
@ YCORMS           %le     0.00553
@ DXRMS            %le     2.15468
@ DYRMS            %le     0.81874
@ DELTAP           %le     0.00000
@ SYNCH_1          %le     0.00000
@ SYNCH_2          %le     0.00000
@ SYNCH_3          %le     0.00000
@ SYNCH_4          %le     0.00000
@ SYNCH_5          %le     0.00000
@ TITLE            %65s "LT-LTB-BI 2014 optics. Protons - 310.3662354 MeV/c (E_kin=50 MeV)"
@ ORIGIN           %22s "MAD-X 5.02.00 Linux 32"
@ DATE             %08s "22/08/14"
@ TIME             %08s "15.06.41"
* NAME                        S          X          Y 
$ %s                        %le        %le        %le 
 "LTLTBBI$START"        0.00000    0.00000    0.00000
 "LT$START"             0.00000    0.00000    0.00000
 "BEGLT"                0.00000    0.00000    0.00000
 "DRIFT_0"              0.02400    0.00000    0.00000
 "LT.VVS10"             0.04800    0.00000    0.00000
 "DRIFT_1"              0.22300    0.00000    0.00000
 "LT.DHZ10"             0.39800    0.00000    0.00000
 "LT.DVT10"             0.39800    0.00000    0.00000
 "DRIFT_2"              0.89900    0.00000    0.00000
 "LT.BPM10"             1.40000    0.00000    0.00000
 "DRIFT_3"              1.62475    0.00000    0.00000
 "LT.QFN10"             1.97700    0.00000    0.00000
 "DRIFT_4"              2.12575    0.00000    0.00000
 "LT.BEC1"              2.14700    0.00000    0.00000
 "DRIFT_5"              2.27850    0.00000    0.00000
 "LT.BCT10"             2.41000    0.00000    0.00000
 "DRIFT_6"              2.52975    0.00000    0.00000
 "LT.QDN12"             2.77700    0.00000    0.00000
 "DRIFT_7"              2.99675    0.00000    0.00000
 "LT.BHZ10"             3.34200    0.00000    0.00000
 "DRIFT_8"              4.54000    0.00000    0.00000
 "LT.VPI11"             5.48500    0.00000    0.00000
 "DRIFT_9"              6.40975    0.00000    0.00000
 "LT.QFN20"             7.46200    0.00000    0.00000
 "DRIFT_10"             7.71825    0.00000    0.00000
 "LT.BEC2"              7.84700    0.00000    0.00000
 "DRIFT_11"             8.09075    0.00000    0.00000
 "LT.QDN22"             8.46200    0.00000    0.00000
 "DRIFT_12"            10.15585    0.00000    0.00000
 "LT.DHZ20"            11.72220    0.00000    0.00000
 "LT.DVT20"            11.72220    0.00000    0.00000
 "DRIFT_13"            12.45835    0.00000   -0.00037
 "LT.QFN30"            13.32200    0.00000   -0.00080
 "DRIFT_14"            13.82700    0.00000   -0.00112
 "LT.QDN32"            14.33200    0.00000   -0.00143
 "DRIFT_15"            14.79575    0.00000   -0.00158
 "LT.VPI2"             15.13200    0.00000   -0.00169
 "DRIFT_16"            16.15475    0.00000   -0.00200
 "LT.BPM20"            17.17750    0.00000   -0.00232
 "DRIFT_17"            17.72975    0.00000   -0.00249
 "LT.VGP11"            18.28200    0.00000   -0.00266
 "DRIFT_18"            18.56325    0.00000   -0.00274
 "LT.QFN40"            18.97200    0.00000   -0.00291
 "DRIFT_19"            19.47200    0.00000   -0.00367
 "LT.QDN42"            19.97200    0.00000   -0.00442
 "DRIFT_20"            20.24575    0.00000   -0.00446
 "LT.DHZ30"            20.39200    0.00000   -0.00446
 "LT.DVT30"            20.39200    0.00000   -0.00446
 "DRIFT_21"            20.69350    0.00000   -0.00444
 "LT.BPM30"            20.99500    0.00000   -0.00442
 "DRIFT_22"            21.37100    0.00000   -0.00440
 "LT.CDB10"            21.74700    0.00000   -0.00438
 "DRIFT_23"            22.21975    0.00000   -0.00435
 "LT.BCT20"            22.69250    0.00000   -0.00433
 "DRIFT_24"            23.08843    0.00000   -0.00430
 "LT.BHZ20"            24.00857    0.00000   -0.00425
 "DRIFT_25"            24.89995   -0.00000   -0.00420
 "LT.VGP12"            25.26713   -0.00000   -0.00418
 "DRIFT_26"            25.69113   -0.00000   -0.00416
 "LT.STP10"            26.11513   -0.00000   -0.00413
 "DRIFT_27"            27.74013   -0.00000   -0.00404
 "LT.BEC3"             29.36513   -0.00000   -0.00395
 "DRIFT_28"            29.93638   -0.00000   -0.00392
 "LT.QFN50"            30.63513   -0.00000   -0.00393
 "DRIFT_29"            31.17388   -0.00000   -0.00462
 "LT.VPI14"            31.58513   -0.00000   -0.00518
 "DRIFT_30"            31.79513   -0.00000   -0.00547
 "LT.BEC4"             32.00513   -0.00000   -0.00576
 "DRIFT_31"            32.18563   -0.00000   -0.00601
 "LT.BCT30"            32.36613   -0.00000   -0.00625
 "DRIFT_32"            32.62563   -0.00000   -0.00661
 "LT.DHZ40"            32.88513   -0.00000   -0.00697
 "LT.DVT40"            32.88513   -0.00000   -0.00697
 "DRIFT_33"            33.46513   -0.00000   -0.00776
 "LT.BPM40"            34.04513   -0.00000   -0.00856
 "DRIFT_34"            34.37638   -0.00000   -0.00901
 "LT.QDN55"            34.83513   -0.00000   -0.00958
 "DRIFT_35"            35.07989   -0.00000   -0.00949
 "LT.VVS20"            35.19714   -0.00000   -0.00942
 "DRIFT_36"            37.38739    0.00000   -0.00809
 "LT.QFN60"            39.70513    0.00000   -0.00671
 "DRIFT_37"            40.65914    0.00000   -0.00722
 "LT.QDN65"            41.61314    0.00000   -0.00773
 "DRIFT_38"            41.87553    0.00000   -0.00757
 "LT.BHZ25"            42.21314    0.00000   -0.00730
 "DRIFT_39"            42.96300    0.00000   -0.00672
 "LT.VPI25"            43.51014    0.00000   -0.00629
 "DRIFT_40"            44.80814    0.00000   -0.00527
 "LT.VPI26"            46.10614    0.00000   -0.00425
 "DRIFT_41"            46.31014    0.00000   -0.00409
 "LT.QFW70"            46.74514    0.00000   -0.00382
 "DRIFT_42"            48.49189    0.00000   -0.00428
 "LT.QDN75"            50.13514    0.00000   -0.00475
 "DRIFT_43"            50.68389    0.00000   -0.00453
 "LT.DHZ50"            51.10514    0.00000   -0.00433
 "LT.DVT50"            51.10514    0.00000   -0.00433
 "DRIFT_44"            51.42214    0.00000   -0.00419
 "LT.BCT40"            51.73914    0.00000   -0.00404
 "DRIFT_45"            51.98314    0.00000   -0.00393
 "LT.BPM50"            52.50514    0.00000   -0.00369
 "DRIFT_46"            53.12800    0.00000   -0.00341
 "ENDLT"               53.47286    0.00000   -0.00325
 "LT$END"              53.47286    0.00000   -0.00325
 "DRIFT_47"            53.47286    0.00000   -0.00325
 "LTB$START"           53.47287    0.00000   -0.00325
 "BEGLTB"              53.47287    0.00000   -0.00325
 "LT.BHZ30"            53.99860   -0.00000   -0.00301
 "DRIFT_48"            54.86818   -0.00000   -0.00261
 "LTB.DHZ10"           55.21204   -0.00000   -0.00245
 "LTB.DVT10"           55.21204   -0.00000   -0.00245
 "DRIFT_49"            55.47879   -0.00000   -0.00233
 "LTB.STP10"           55.74554   -0.00000   -0.00221
 "DRIFT_50"            55.93879   -0.00000   -0.00212
 "LTB.VVS10"           56.13204   -0.00000   -0.00203
 "DRIFT_51"            56.38079   -0.00000   -0.00192
 "LTB.VPI11"           56.62954   -0.00000   -0.00180
 "DRIFT_52"            57.39704   -0.00000   -0.00145
 "LTB.QFN10"           58.29204    0.00000   -0.00105
 "DRIFT_19"            58.79204    0.00000   -0.00100
 "LTB.QDN20"           59.29204    0.00000   -0.00096
 "DRIFT_53"            59.57479    0.00000   -0.00090
 "LTB.MSF30"           59.73004    0.00000   -0.00086
 "DRIFT_54"            60.08379    0.00000   -0.00078
 "LTB.BPM10"           60.43754    0.00000   -0.00070
 "DRIFT_55"            60.62129    0.00000   -0.00065
 "LTB.BCT49"           60.80504    0.00000   -0.00061
 "DRIFT_56"            60.97354    0.00000   -0.00057
 "LTB.DHZ20"           61.14204    0.00000   -0.00053
 "LTB.DVT20"           61.14204    0.00000   -0.00053
 "DRIFT_57"            62.60654    0.00000   -0.00019
 "LTB.BCT50"           64.07104    0.00000    0.00015
 "DRIFT_58"            64.32604    0.00000    0.00021
 "LTB.BCT55"           64.58104    0.00000    0.00027
 "DRIFT_59"            66.11154    0.00000    0.00063
 "LTB.BPM20"           67.64204    0.00000    0.00099
 "DRIFT_60"            67.89204    0.00000    0.00105
 "LTB.DHZ30"           68.14204    0.00000    0.00111
 "LTB.DVT30"           68.14204    0.00000    0.00111
 "DRIFT_61"            68.47679    0.00000    0.00119
 "LTB.QFW30"           69.04204    0.00000    0.00134
 "DRIFT_62"            69.54204    0.00000    0.00159
 "LTB.QDW40"           70.04204    0.00000    0.00182
 "DRIFT_63"            72.59679    0.00000    0.00190
 "LTB.BCT59"           74.92104    0.00000    0.00194
 "DRIFT_64"            75.19254    0.00000    0.00195
 "LTB.VPI12"           75.46404    0.00000    0.00195
 "DRIFT_65"            75.68904    0.00000    0.00196
 "LTB.VGR01"           75.91404    0.00000    0.00196
 "DRIFT_66"            76.94704    0.00000    0.00198
 "LTB.VPI13"           77.98004    0.00000    0.00200
 "DRIFT_67"            78.24504    0.00000    0.00201
 "LTB.MSF40"           78.51004    0.00000    0.00201
 "DRIFT_68"            78.72604    0.00000    0.00202
 "LTB.BCT60"           78.94204    0.00000    0.00202
 "DRIFT_69"            79.15179    0.00000    0.00202
 "LTB.QFW50"           79.59204    0.00000    0.00207
 "DRIFT_70"            80.24204    0.00000    0.00251
 "LTB.QDW60"           80.89204    0.00000    0.00294
 "DRIFT_69"            81.33229    0.00000    0.00285
 "LTB.DHZ40"           81.54204    0.00000    0.00277
 "LTB.DVT40"           81.54204    0.00000    0.00277
 "DRIFT_71"            81.79404    0.00000    0.00269
 "LTB.BPM30"           82.04604    0.00000    0.00260
 "DRIFT_72"            82.37704    0.00000    0.00248
 "ENDLTB"              82.70804    0.00000    0.00237
 "LTB$END"             82.70804    0.00000    0.00237
 "BI1$START"           82.70804    0.00000    0.00237
 "BEGBI"               82.70804    0.00000    0.00237
 "LTB.BHZ40"           83.15804    0.00000    0.00221
 "DRIFT_73"            83.94804    0.00000    0.00194
 "BI.VPI11"            84.28804    0.00000    0.00182
 "DRIFT_74"            86.78004    0.00000    0.00095
 "BI.DHZ10"            89.27204    0.00000    0.00008
 "BI.DVT10"            89.27204    0.00000    0.00008
 "DRIFT_75"            89.51554    0.00000    0.00000
 "BI.BPM00"            89.75904    0.00000   -0.00008
 "DRIFT_76"            90.21004    0.00000   -0.00024
 "BI.BTV10"            90.66104    0.00000   -0.00040
 "DRIFT_77"            90.94904    0.00000   -0.00050
 "BI.STPFA10"          91.23704    0.00000   -0.00060
 "DRIFT_78"            92.85004    0.00000   -0.00116
 "BI.STPSW10"          94.46304    0.00000   -0.00172
 "DRIFT_79"            94.83754    0.00000   -0.00185
 "BI.BPM10"            95.21204    0.00000   -0.00198
 "DRIFT_80"            95.45204    0.00000   -0.00206
 "BI.DHZ20"            95.69204    0.00000   -0.00215
 "BI.DVT20"            95.69204    0.00000   -0.00215
 "DRIFT_81"            95.89654    0.00000   -0.00222
 "BI.QNO10"            96.33204    0.00000   -0.00244
 "DRIFT_82"            96.83204    0.00000   -0.00318
 "BI.QNO20"            97.33204    0.00000   -0.00386
 "DRIFT_83"           100.98834   -0.00000   -0.00160
 "BI.BPM20"           104.41364   -0.00000    0.00064
 "DRIFT_84"           104.63844   -0.00000    0.00079
 "BI.BCT10"           104.86324   -0.00000    0.00094
 "DRIFT_85"           105.05284   -0.00000    0.00106
 "BI.VVS10"           105.24244   -0.00000    0.00119
 "DRIFT_86"           105.28449   -0.00000    0.00122
 "BI.DVT30"           105.47404   -0.00000    0.00134
 "DRIFT_87"           105.74329   -0.00000    0.00152
 "BI.BTV20"           105.86504   -0.00000    0.00160
 "DRIFT_88"           106.15839   -0.00000    0.00179
 "BI.QNO30"           106.68274   -0.00000    0.00209
 "DRIFT_89"           107.10389   -0.00000    0.00211
 "BI.BPM30"           107.29405   -0.00000    0.00211
 "DRIFT_90"           107.49762   -0.00000    0.00210
 "BI.QNO40"           107.93220   -0.00000    0.00213
 "DRIFT_91"           108.29362   -0.00000    0.00241
 "BI.DIS0"            108.62405   -0.00000    0.00272
 "DRIFT_92"           108.82905   -0.00000    0.00291
 "BI1.DIS1"           109.03405   -0.00000    0.00310
 "DRIFT_93"           109.23905   -0.00000    0.00329
 "BI1.DIS2"           109.44405   -0.00000    0.00348
 "DRIFT_94"           109.64906   -0.00000    0.00367
 "BI1.DIS3"           109.85406   -0.00000    0.00386
 "DRIFT_95"           110.05907   -0.00000    0.00405
 "BI1.DIS4"           110.26409   -0.00000    0.00424
 "DRIFT_96"           110.55561   -0.00000    0.00451
 "BI1.DVT40"          110.81063   -0.00000    0.00475
 "DRIFT_97"           111.82492   -0.00000    0.00569
 "BI.VPI12"           112.67569   -0.00000    0.00648
 "DRIFT_98"           114.78475    0.00000    0.00845
 "BI.BTV30"           116.89381    0.00000    0.01041
 "DRIFT_99"           117.17506    0.00000    0.01067
 "BI1.SMV10"          117.93884    0.00000    0.01136
 "DRIFT_100"          118.50664    0.00000    0.01176
 "BI.SMVHDP"          118.59192    0.00000    0.01182
 "DRIFT_101"          119.98346    0.00000    0.01276
 "BI1.BVT10"          121.73545    0.00000    0.01398
 "DRIFT_102"          122.25008    0.00000    0.01427
 "BI1.QNO50"          122.63725    0.00000    0.01498
 "DRIFT_103"          123.01225    0.00000    0.01775
 "BI1.QNO60"          123.38725    0.00000    0.02032
 "DRIFT_104"          123.78275    0.00000    0.01966
 "BI1.DHZ50"          123.94525    0.00000    0.01910
 "BI1.DVT50"          123.94525    0.00000    0.01910
 "DRIFT_105"          124.22875    0.00000    0.01812
 "BI1.BPM40"          124.51225    0.00000    0.01714
 "DRIFT_106"          125.10325    0.00000    0.01509
 "BI1.BTV40"          125.69425    0.00000    0.01304
 "DRIFT_107"          125.96750    0.00000    0.01210
 "BI1.VPI14"          126.24075    0.00000    0.01115
 "DRIFT_108"          126.44000    0.00000    0.01046
 "BI1.BCT20"          126.63925    0.00000    0.00977
 "DRIFT_109"          126.86225    0.00000    0.00900
 "BI1.BPM50"          127.08525    0.00000    0.00823
 "DRIFT_110"          127.34625    0.00000    0.00732
 "BI1.VVS20"          127.60725    0.00000    0.00642
 "DRIFT_111"          128.80725    0.00000    0.00226
 "BI1.DHZ70"          130.00725    0.00000   -0.00189
 "BI1.DVT70"          130.00725    0.00000   -0.00189
 "DRIFT_112"          130.63585    0.00000   -0.00407
 "BI1.INJPT"          131.26445    0.00000   -0.00625
 "BI1$END"            131.26445    0.00000   -0.00625
 "LTLTBBI$END"        131.26445    0.00000   -0.00625
