@ NAME             %09s "PTC_TWISS"
@ TYPE             %05s "TWISS"
@ SEQUENCE         %07s "LTLTBBI"
@ PARTICLE         %06s "PROTON"
@ MASS             %le     0.93827
@ CHARGE           %le     1.00000
@ ENERGY           %le     0.98847
@ PC               %le     0.31100
@ GAMMA            %le     1.05350
@ KBUNCH           %le     1.00000
@ BCURRENT         %le     0.00000
@ SIGE             %le     0.00100
@ SIGT             %le     0.00000
@ NPART            %le     0.00000
@ EX               %le     0.00004
@ EY               %le     0.00002
@ ET               %le     1.00000
@ DELTAP           %le     0.00000
@ LENGTH           %le   131.26445
@ ALPHA_C          %le  -1000000.00000
@ ALPHA_C_P        %le  -1000000.00000
@ ALPHA_C_P2       %le  -1000000.00000
@ ALPHA_C_P3       %le  -1000000.00000
@ ETA_C            %le  -1000000.00000
@ GAMMA_TR         %le  -1000000.00000
@ Q1               %le     3.07913
@ Q2               %le     2.48284
@ DQ1              %le  -1000000.00000
@ DQ2              %le  -1000000.00000
@ QS               %le  -1000000.00000
@ BETA_X_MIN       %le     0.72590
@ BETA_X_MAX       %le   112.00711
@ BETA_Y_MIN       %le     0.19335
@ BETA_Y_MAX       %le   647.14552
@ BETA11MIN        %le     0.72590
@ BETA11MAX        %le   112.00711
@ BETA12MIN        %le     0.00000
@ BETA12MAX        %le     0.00000
@ BETA13MIN        %le     0.00000
@ BETA13MAX        %le     0.00000
@ BETA21MIN        %le     0.00000
@ BETA21MAX        %le     0.00000
@ BETA22MIN        %le     0.19335
@ BETA22MAX        %le   647.14552
@ BETA23MIN        %le     0.00000
@ BETA23MAX        %le     0.00000
@ BETA31MIN        %le     0.00000
@ BETA31MAX        %le     0.00000
@ BETA32MIN        %le     0.00000
@ BETA32MAX        %le     0.00000
@ BETA33MIN        %le     0.00000
@ BETA33MAX        %le     0.00000
@ DISP1MIN         %le   -10.37755
@ DISP1MAX         %le     5.69616
@ DISP2MIN         %le    -1.19545
@ DISP2MAX         %le     1.93557
@ DISP3MIN         %le    -1.43832
@ DISP3MAX         %le     0.86790
@ DISP4MIN         %le    -0.60573
@ DISP4MAX         %le     0.30037
@ ORBIT_X          %le     0.00000
@ ORBIT_PX         %le     0.00000
@ ORBIT_Y          %le     0.00000
@ ORBIT_PY         %le     0.00000
@ ORBIT_PT         %le     0.00000
@ ORBIT_-CT        %le     0.00000
@ XCORMS           %le     0.00000
@ PXCORMS          %le     0.00000
@ YCORMS           %le     0.00000
@ PYCORMS          %le     0.00000
@ TCORMS           %le     0.00000
@ PTCORMS          %le     0.00000
@ XCOMIN           %le    -0.00000
@ XCOMAX           %le     0.00000
@ PXCOMIN          %le    -0.00000
@ PXCOMAX          %le     0.00000
@ YCOMIN           %le    -0.00000
@ YCOMAX           %le     0.00000
@ PYCOMIN          %le    -0.00000
@ PYCOMAX          %le     0.00000
@ TCOMIN           %le     0.00000
@ TCOMAX           %le     0.00000
@ PTCOMIN          %le     0.00000
@ PTCOMAX          %le     0.00000
@ TITLE            %57s "LT-LTB-BI 2014 optics. Protons - 311 MeV/c (E_kin=50 MeV)"
@ ORIGIN           %22s "MAD-X 5.02.00 Linux 64"
@ DATE             %08s "26/08/14"
@ TIME             %08s "17.09.49"
* NAME                    ANGLE        K1L        K2L        K3L     BETA11     BETA22      DISP1      DISP3          X          Y     ALFA11     ALFA22        MU1        MU2      DISP2         PX         PY 
$ %s                        %le        %le        %le        %le        %le        %le        %le        %le        %le        %le        %le        %le        %le        %le        %le        %le        %le 
 "LTLTBBI$START"        0.00000    0.00000    0.00000    0.00000    1.34200    2.48000    0.00000    0.00000    0.00000    0.00000   -0.19000    0.10300    0.00000    0.00000    0.00000    0.00000    0.00000
 "LT$START"             0.00000    0.00000    0.00000    0.00000    1.34200    2.48000    0.00000    0.00000    0.00000    0.00000   -0.19000    0.10300    0.00000    0.00000    0.00000    0.00000    0.00000
 "BEGLT"                0.00000    0.00000    0.00000    0.00000    1.34200    2.48000    0.00000    0.00000    0.00000    0.00000   -0.19000    0.10300    0.00000    0.00000    0.00000    0.00000    0.00000
 "DRIFT_0"              0.00000    0.00000    0.00000    0.00000    1.36202    2.47105    0.00000    0.00000    0.00000    0.00000   -0.22706    0.08344    0.00565    0.00309    0.00000    0.00000    0.00000
 "LT.VVS10"             0.00000    0.00000    0.00000    0.00000    1.36202    2.47105    0.00000    0.00000    0.00000    0.00000   -0.22706    0.08344    0.00565    0.00309    0.00000    0.00000    0.00000
 "DRIFT_1"              0.00000    0.00000    0.00000    0.00000    1.61554    2.46256    0.00000    0.00000    0.00000    0.00000   -0.49728   -0.05919    0.04356    0.02574    0.00000    0.00000    0.00000
 "LT.DHZ10"             0.00000    0.00000    0.00000    0.00000    1.61554    2.46256    0.00000    0.00000    0.00000    0.00000   -0.49728   -0.05919    0.04356    0.02574    0.00000    0.00000    0.00000
 "LT.DVT10"             0.00000    0.00000    0.00000    0.00000    1.61554    2.46256    0.00000    0.00000    0.00000    0.00000   -0.49728   -0.05919    0.04356    0.02574    0.00000    0.00000    0.00000
 "DRIFT_2"              0.00000    0.00000    0.00000    0.00000    3.38723    2.99031    0.00000    0.00000    0.00000    0.00000   -1.27088   -0.46751    0.11401    0.08594    0.00000    0.00000    0.00000
 "LT.BPM10"             0.00000    0.00000    0.00000    0.00000    3.38723    2.99031    0.00000    0.00000    0.00000    0.00000   -1.27088   -0.46751    0.11401    0.08594    0.00000    0.00000    0.00000
 "DRIFT_3"              0.00000    0.00000    0.00000    0.00000    4.68575    3.49293    0.00000    0.00000    0.00000    0.00000   -1.61792   -0.65068    0.13201    0.10814    0.00000    0.00000    0.00000
 "LT.QFN10"             0.00000    1.14136    0.00000    0.00000    4.16887    5.04133    0.00000    0.00000    0.00000    0.00000    3.44432   -5.99947    0.14076    0.11830    0.00000    0.00000    0.00000
 "DRIFT_4"              0.00000    0.00000    0.00000    0.00000    3.88167    5.56454    0.00000    0.00000    0.00000    0.00000    3.31319   -6.31134    0.14244    0.11958    0.00000    0.00000    0.00000
 "LT.BEC1"              0.00000    0.00000    0.00000    0.00000    3.88167    5.56454    0.00000    0.00000    0.00000    0.00000    3.31319   -6.31134    0.14244    0.11958    0.00000    0.00000    0.00000
 "DRIFT_5"              0.00000    0.00000    0.00000    0.00000    2.35236    9.39188    0.00000    0.00000    0.00000    0.00000    2.50168   -8.24125    0.15631    0.12537    0.00000    0.00000    0.00000
 "LT.BCT10"             0.00000    0.00000    0.00000    0.00000    2.35236    9.39188    0.00000    0.00000    0.00000    0.00000    2.50168   -8.24125    0.15631    0.12537    0.00000    0.00000    0.00000
 "DRIFT_6"              0.00000    0.00000    0.00000    0.00000    1.33105   13.76035    0.00000    0.00000    0.00000    0.00000    1.76268   -9.99872    0.17791    0.12872    0.00000    0.00000    0.00000
 "LT.QDN12"             0.00000   -0.87648    0.00000    0.00000    0.82838   15.72274    0.00000    0.00000    0.00000    0.00000    0.35327    2.88514    0.21846    0.13138    0.00000    0.00000    0.00000
 "DRIFT_7"              0.00000    0.00000    0.00000    0.00000    0.74424   14.67831    0.00000    0.00000    0.00000    0.00000    0.10275    2.77572    0.25621    0.13331    0.00000    0.00000    0.00000
 "LT.BHZ10"             0.00000    0.00000    0.00000    0.00000    0.98791   12.02111    0.00000    0.00000    0.00000    0.00000   -0.58431    2.47565    0.35667    0.13937    0.00000    0.00000    0.00000
 "DRIFT_8"              0.00000    0.00000    0.00000    0.00000    8.04691    4.78150    0.00000    0.00000    0.00000    0.00000   -3.15061    1.35483    0.47359    0.17947    0.00000    0.00000    0.00000
 "LT.VPI11"             0.00000    0.00000    0.00000    0.00000    8.04691    4.78150    0.00000    0.00000    0.00000    0.00000   -3.15061    1.35483    0.47359    0.17947    0.00000    0.00000    0.00000
 "DRIFT_9"              0.00000    0.00000    0.00000    0.00000   24.34570    1.79853    0.00000    0.00000    0.00000    0.00000   -5.66192    0.25802    0.49468    0.28809    0.00000    0.00000    0.00000
 "LT.QFN20"             0.00000    0.48693    0.00000    0.00000   24.18494    1.92867    0.00000    0.00000    0.00000    0.00000    6.26603   -0.78933    0.49632    0.31040    0.00000    0.00000    0.00000
 "DRIFT_10"             0.00000    0.00000    0.00000    0.00000   21.06833    2.39097    0.00000    0.00000    0.00000    0.00000    5.83734   -1.00602    0.49814    0.32954    0.00000    0.00000    0.00000
 "LT.BEC2"              0.00000    0.00000    0.00000    0.00000   21.06833    2.39097    0.00000    0.00000    0.00000    0.00000    5.83734   -1.00602    0.49814    0.32954    0.00000    0.00000    0.00000
 "DRIFT_11"             0.00000    0.00000    0.00000    0.00000   15.77257    3.57184    0.00000    0.00000    0.00000    0.00000    5.02575   -1.41627    0.50239    0.35621    0.00000    0.00000    0.00000
 "LT.QDN22"             0.00000   -0.33111    0.00000    0.00000   14.54368    4.01417    0.00000    0.00000    0.00000    0.00000   -0.07170   -0.26926    0.50511    0.36679    0.00000    0.00000    0.00000
 "DRIFT_12"             0.00000    0.00000    0.00000    0.00000   15.67115    8.32321    0.00000    0.00000    0.00000    0.00000   -0.28821   -1.10625    0.53838    0.45795    0.00000    0.00000    0.00000
 "LT.DHZ20"             0.00000    0.00000    0.00000    0.00000   15.67115    8.32321    0.00000    0.00000    0.00000    0.00000   -0.28821   -1.10625    0.53838    0.45795    0.00000    0.00000    0.00000
 "LT.DVT20"             0.00000    0.00000    0.00000    0.00000   15.67115    8.32321    0.00000    0.00000    0.00000    0.00000   -0.28821   -1.10625    0.53838    0.45795    0.00000    0.00000    0.00000
 "DRIFT_13"             0.00000    0.00000    0.00000    0.00000   16.66961   12.15982    0.00000    0.00000    0.00000    0.00000   -0.38996   -1.49961    0.55290    0.48132    0.00000    0.00000    0.00000
 "LT.QFN30"             0.00000    0.16828    0.00000    0.00000   16.16213   13.49362    0.00000    0.00000    0.00000    0.00000    2.35154   -3.80559    0.55535    0.48451    0.00000    0.00000    0.00000
 "DRIFT_14"             0.00000    0.00000    0.00000    0.00000   12.84160   19.89410    0.00000    0.00000    0.00000    0.00000    2.04651   -4.67187    0.56369    0.49185    0.00000    0.00000    0.00000
 "LT.QDN32"             0.00000   -0.22983    0.00000    0.00000   12.55083   21.11457    0.00000    0.00000    0.00000    0.00000   -0.88406   -0.02044    0.56692    0.49381    0.00000    0.00000    0.00000
 "DRIFT_15"             0.00000    0.00000    0.00000    0.00000   13.80410   21.16349    0.00000    0.00000    0.00000    0.00000   -0.97952   -0.05230    0.57506    0.49888    0.00000    0.00000    0.00000
 "LT.VPI2"              0.00000    0.00000    0.00000    0.00000   13.80410   21.16349    0.00000    0.00000    0.00000    0.00000   -0.97952   -0.05230    0.57506    0.49888    0.00000    0.00000    0.00000
 "DRIFT_16"             0.00000    0.00000    0.00000    0.00000   18.40524   21.57568    0.00000    0.00000    0.00000    0.00000   -1.26988   -0.14922    0.59554    0.51413    0.00000    0.00000    0.00000
 "LT.BPM20"             0.00000    0.00000    0.00000    0.00000   18.40524   21.57568    0.00000    0.00000    0.00000    0.00000   -1.26988   -0.14922    0.59554    0.51413    0.00000    0.00000    0.00000
 "DRIFT_17"             0.00000    0.00000    0.00000    0.00000   21.38357   21.96310    0.00000    0.00000    0.00000    0.00000   -1.42666   -0.20155    0.60440    0.52221    0.00000    0.00000    0.00000
 "LT.VGP11"             0.00000    0.00000    0.00000    0.00000   21.38357   21.96310    0.00000    0.00000    0.00000    0.00000   -1.42666   -0.20155    0.60440    0.52221    0.00000    0.00000    0.00000
 "DRIFT_18"             0.00000    0.00000    0.00000    0.00000   23.03347   22.20483    0.00000    0.00000    0.00000    0.00000   -1.50650   -0.22820    0.60844    0.52627    0.00000    0.00000    0.00000
 "LT.QFN40"             0.00000    0.44603    0.00000    0.00000   21.23179   24.95617    0.00000    0.00000    0.00000    0.00000    8.30199  -10.96734    0.61024    0.52802    0.00000    0.00000    0.00000
 "DRIFT_19"             0.00000    0.00000    0.00000    0.00000   10.68970   43.99484    0.00000    0.00000    0.00000    0.00000    5.84847  -14.58791    0.61811    0.53160    0.00000    0.00000    0.00000
 "LT.QDN42"             0.00000   -0.37825    0.00000    0.00000    8.79721   47.16263    0.00000    0.00000    0.00000    0.00000    1.81014    2.56719    0.62237    0.53248    0.00000    0.00000    0.00000
 "DRIFT_20"             0.00000    0.00000    0.00000    0.00000    7.77987   45.67459    0.00000    0.00000    0.00000    0.00000    1.66795    2.52012    0.62799    0.53348    0.00000    0.00000    0.00000
 "LT.DHZ30"             0.00000    0.00000    0.00000    0.00000    7.77987   45.67459    0.00000    0.00000    0.00000    0.00000    1.66795    2.52012    0.62799    0.53348    0.00000    0.00000    0.00000
 "LT.DVT30"             0.00000    0.00000    0.00000    0.00000    7.77987   45.67459    0.00000    0.00000    0.00000    0.00000    1.66795    2.52012    0.62799    0.53348    0.00000    0.00000    0.00000
 "DRIFT_21"             0.00000    0.00000    0.00000    0.00000    5.94509   42.69385    0.00000    0.00000    0.00000    0.00000    1.37481    2.42307    0.64212    0.53566    0.00000    0.00000    0.00000
 "LT.BPM30"             0.00000    0.00000    0.00000    0.00000    5.94509   42.69385    0.00000    0.00000    0.00000    0.00000    1.37481    2.42307    0.64212    0.53566    0.00000    0.00000    0.00000
 "DRIFT_22"             0.00000    0.00000    0.00000    0.00000    4.15228   39.14057    0.00000    0.00000    0.00000    0.00000    1.00924    2.30204    0.66631    0.53858    0.00000    0.00000    0.00000
 "LT.CDB10"             0.00000    0.00000    0.00000    0.00000    4.15228   39.14057    0.00000    0.00000    0.00000    0.00000    1.00924    2.30204    0.66631    0.53858    0.00000    0.00000    0.00000
 "DRIFT_23"             0.00000    0.00000    0.00000    0.00000    2.67840   34.93129    0.00000    0.00000    0.00000    0.00000    0.54960    2.14987    0.71206    0.54265    0.00000    0.00000    0.00000
 "LT.BCT20"             0.00000    0.00000    0.00000    0.00000    2.67840   34.93129    0.00000    0.00000    0.00000    0.00000    0.54960    2.14987    0.71206    0.54265    0.00000    0.00000    0.00000
 "DRIFT_24"             0.00000    0.00000    0.00000    0.00000    2.11281   31.62739    0.00000    0.00000    0.00000    0.00000    0.16465    2.02242    0.76607    0.54645    0.00000    0.00000    0.00000
 "LT.BHZ20"             0.27923    0.00000    0.00000    0.00000    2.14534   27.56366    0.46220    0.00000    0.00000    0.00000   -0.19486    1.85369    0.84685    0.55210    0.87599    0.00000    0.00000
 "DRIFT_25"             0.00000    0.00000    0.00000    0.00000    2.69247   24.92788    1.10551    0.00000    0.00000    0.00000   -0.55017    1.73550    0.89627    0.55656    0.87599    0.00000    0.00000
 "LT.VGP12"             0.00000    0.00000    0.00000    0.00000    2.69247   24.92788    1.10551    0.00000    0.00000    0.00000   -0.55017    1.73550    0.89627    0.55656    0.87599    0.00000    0.00000
 "DRIFT_26"             0.00000    0.00000    0.00000    0.00000    3.97348   22.10021    1.84835    0.00000    0.00000    0.00000   -0.96045    1.59902    0.93801    0.56231    0.87599    0.00000    0.00000
 "LT.STP10"             0.00000    0.00000    0.00000    0.00000    3.97348   22.10021    1.84835    0.00000    0.00000    0.00000   -0.96045    1.59902    0.93801    0.56231    0.87599    0.00000    0.00000
 "DRIFT_27"             0.00000    0.00000    0.00000    0.00000   15.32685   13.40653    4.69533    0.00000    0.00000    0.00000   -2.53289    1.07596    1.00637    0.59254    0.87599    0.00000    0.00000
 "LT.BEC3"              0.00000    0.00000    0.00000    0.00000   15.32685   13.40653    4.69533    0.00000    0.00000    0.00000   -2.53289    1.07596    1.00637    0.59254    0.87599    0.00000    0.00000
 "DRIFT_28"             0.00000    0.00000    0.00000    0.00000   21.74604   11.15805    5.69616    0.00000    0.00000    0.00000   -3.08566    0.89208    1.01634    0.60743    0.87599    0.00000    0.00000
 "LT.QFN50"             0.00000    0.36216    0.00000    0.00000   21.30793   11.74791    5.65511    0.00000    0.00000    0.00000    4.75054   -3.27604    1.01820    0.61103   -1.19545    0.00000    0.00000
 "DRIFT_29"             0.00000    0.00000    0.00000    0.00000   14.24154   17.81262    4.67185    0.00000    0.00000    0.00000    3.84081   -4.09746    1.02572    0.62008   -1.19545    0.00000    0.00000
 "LT.VPI14"             0.00000    0.00000    0.00000    0.00000   14.24154   17.81262    4.67185    0.00000    0.00000    0.00000    3.84081   -4.09746    1.02572    0.62008   -1.19545    0.00000    0.00000
 "DRIFT_30"             0.00000    0.00000    0.00000    0.00000   11.21037   21.43065    4.16976    0.00000    0.00000    0.00000    3.37627   -4.51691    1.03101    0.62350   -1.19545    0.00000    0.00000
 "LT.BEC4"              0.00000    0.00000    0.00000    0.00000   11.21037   21.43065    4.16976    0.00000    0.00000    0.00000    3.37627   -4.51691    1.03101    0.62350   -1.19545    0.00000    0.00000
 "DRIFT_31"             0.00000    0.00000    0.00000    0.00000    8.91684   24.82201    3.73820    0.00000    0.00000    0.00000    2.97699   -4.87743    1.03675    0.62600   -1.19545    0.00000    0.00000
 "LT.BCT30"             0.00000    0.00000    0.00000    0.00000    8.91684   24.82201    3.73820    0.00000    0.00000    0.00000    2.97699   -4.87743    1.03675    0.62600   -1.19545    0.00000    0.00000
 "DRIFT_32"             0.00000    0.00000    0.00000    0.00000    6.12465   30.15379    3.11776    0.00000    0.00000    0.00000    2.40295   -5.39575    1.04794    0.62902   -1.19545    0.00000    0.00000
 "LT.DHZ40"             0.00000    0.00000    0.00000    0.00000    6.12465   30.15379    3.11776    0.00000    0.00000    0.00000    2.40295   -5.39575    1.04794    0.62902   -1.19545    0.00000    0.00000
 "LT.DVT40"             0.00000    0.00000    0.00000    0.00000    6.12465   30.15379    3.11776    0.00000    0.00000    0.00000    2.40295   -5.39575    1.04794    0.62902   -1.19545    0.00000    0.00000
 "DRIFT_33"             0.00000    0.00000    0.00000    0.00000    2.03811   44.01576    1.73104    0.00000    0.00000    0.00000    1.11993   -6.55422    1.10118    0.63408   -1.19545    0.00000    0.00000
 "LT.BPM40"             0.00000    0.00000    0.00000    0.00000    2.03811   44.01576    1.73104    0.00000    0.00000    0.00000    1.11993   -6.55422    1.10118    0.63408   -1.19545    0.00000    0.00000
 "DRIFT_34"             0.00000    0.00000    0.00000    0.00000    1.03965   53.13843    0.93906    0.00000    0.00000    0.00000    0.38717   -7.21585    1.17639    0.63626   -1.19545    0.00000    0.00000
 "LT.QDN55"             0.00000   -0.20724    0.00000    0.00000    0.96427   53.99501    0.65645    0.00000    0.00000    0.00000   -0.08639    3.91612    1.21774    0.63702   -1.03085    0.00000    0.00000
 "DRIFT_35"             0.00000    0.00000    0.00000    0.00000    1.06224   52.17499    0.41471    0.00000    0.00000    0.00000   -0.33139    3.84517    1.25496    0.63772   -1.03085    0.00000    0.00000
 "LT.VVS20"             0.00000    0.00000    0.00000    0.00000    1.06224   52.17499    0.41471    0.00000    0.00000    0.00000   -0.33139    3.84517    1.25496    0.63772   -1.03085    0.00000    0.00000
 "DRIFT_36"             0.00000    0.00000    0.00000    0.00000   24.01383   24.29295   -4.10093    0.00000    0.00000    0.00000   -4.90810    2.51987    1.42204    0.65735   -1.03085    0.00000    0.00000
 "LT.QFN60"             0.00000    0.17607    0.00000    0.00000   25.44747   24.09613   -4.27011    0.00000    0.00000    0.00000   -0.62963   -1.73649    1.42367    0.65904   -0.29112    0.00000    0.00000
 "DRIFT_37"             0.00000    0.00000    0.00000    0.00000   27.67897   30.29231   -4.75133    0.00000    0.00000    0.00000   -0.72034   -2.01195    1.43359    0.66878   -0.29112    0.00000    0.00000
 "LT.QDN65"             0.00000   -0.17607    0.00000    0.00000   29.32253   29.95878   -4.93318    0.00000    0.00000    0.00000   -5.82118    3.30029    1.43502    0.67012   -1.14054    0.00000    0.00000
 "DRIFT_38"             0.00000    0.00000    0.00000    0.00000   32.55000   28.20696   -5.24088    0.00000    0.00000    0.00000   -6.14215    3.19320    1.43641    0.67160   -1.14054    0.00000    0.00000
 "LT.BHZ25"             0.00000    0.00000    0.00000    0.00000   37.72612   25.68291   -5.70330    0.00000    0.00000    0.00000   -6.62452    3.03226    1.43825    0.67400   -1.14054    0.00000    0.00000
 "DRIFT_39"             0.00000    0.00000    0.00000    0.00000   53.64892   19.52193   -6.95137    0.00000    0.00000    0.00000   -7.92643    2.59790    1.44212    0.68178   -1.14054    0.00000    0.00000
 "LT.VPI25"             0.00000    0.00000    0.00000    0.00000   53.64892   19.52193   -6.95137    0.00000    0.00000    0.00000   -7.92643    2.59790    1.44212    0.68178   -1.14054    0.00000    0.00000
 "DRIFT_40"             0.00000    0.00000    0.00000    0.00000  102.82083    8.70872   -9.91221    0.00000    0.00000    0.00000  -11.01499    1.56744    1.44769    0.71368   -1.14054    0.00000    0.00000
 "LT.VPI26"             0.00000    0.00000    0.00000    0.00000  102.82083    8.70872   -9.91221    0.00000    0.00000    0.00000  -11.01499    1.56744    1.44769    0.71368   -1.14054    0.00000    0.00000
 "DRIFT_41"             0.00000    0.00000    0.00000    0.00000  112.00711    7.49577  -10.37755    0.00000    0.00000    0.00000  -11.50040    1.40548    1.44829    0.72172   -1.14054    0.00000    0.00000
 "LT.QFW70"             0.00000    0.28275    0.00000    0.00000  107.96966    7.19205  -10.22262    0.00000    0.00000    0.00000   19.85559   -0.71970    1.44895    0.73196    1.80392    0.00000    0.00000
 "DRIFT_42"             0.00000    0.00000    0.00000    0.00000   21.22700   13.49527   -4.75404    0.00000    0.00000    0.00000    8.75818   -1.35954    1.45903    0.78174    1.80392    0.00000    0.00000
 "LT.QDN75"             0.00000   -0.16018    0.00000    0.00000   17.75791   13.63968   -4.38833    0.00000    0.00000    0.00000    5.03084    0.80095    1.46114    0.78471    1.07418    0.00000    0.00000
 "DRIFT_43"             0.00000    0.00000    0.00000    0.00000   10.33257   12.37551   -3.48333    0.00000    0.00000    0.00000    3.78263    0.69956    1.47104    0.79504    1.07418    0.00000    0.00000
 "LT.DHZ50"             0.00000    0.00000    0.00000    0.00000   10.33257   12.37551   -3.48333    0.00000    0.00000    0.00000    3.78263    0.69956    1.47104    0.79504    1.07418    0.00000    0.00000
 "LT.DVT50"             0.00000    0.00000    0.00000    0.00000   10.33257   12.37551   -3.48333    0.00000    0.00000    0.00000    3.78263    0.69956    1.47104    0.79504    1.07418    0.00000    0.00000
 "DRIFT_44"             0.00000    0.00000    0.00000    0.00000    6.13172   11.53684   -2.80229    0.00000    0.00000    0.00000    2.84332    0.62326    1.48373    0.80349    1.07418    0.00000    0.00000
 "LT.BCT40"             0.00000    0.00000    0.00000    0.00000    6.13172   11.53684   -2.80229    0.00000    0.00000    0.00000    2.84332    0.62326    1.48373    0.80349    1.07418    0.00000    0.00000
 "DRIFT_45"             0.00000    0.00000    0.00000    0.00000    3.70946   10.95720   -2.27809    0.00000    0.00000    0.00000    2.12032    0.56453    1.50005    0.81040    1.07418    0.00000    0.00000
 "LT.BPM50"             0.00000    0.00000    0.00000    0.00000    1.80966   10.36666   -1.68085    0.00000    0.00000    0.00000    1.29658    0.49761    1.53447    0.81870    1.07418    0.00000    0.00000
 "DRIFT_46"             0.00000    0.00000    0.00000    0.00000    0.72591    9.73748   -0.93996    0.00000    0.00000    0.00000    0.27472    0.41460    1.63724    0.82964    1.07418    0.00000    0.00000
 "ENDLT"                0.00000    0.00000    0.00000    0.00000    0.72591    9.73748   -0.93996    0.00000    0.00000    0.00000    0.27472    0.41460    1.63724    0.82964    1.07418    0.00000    0.00000
 "LT$END"               0.00000    0.00000    0.00000    0.00000    0.72591    9.73748   -0.93996    0.00000    0.00000    0.00000    0.27472    0.41460    1.63724    0.82964    1.07418    0.00000    0.00000
 "DRIFT_47"             0.00000    0.00000    0.00000    0.00000    0.72590    9.73747   -0.93994    0.00000    0.00000    0.00000    0.27469    0.41460    1.63724    0.82964    1.07418    0.00000    0.00000
 "LTB$START"            0.00000    0.00000    0.00000    0.00000    0.72590    9.73747   -0.93994    0.00000    0.00000    0.00000    0.27469    0.41460    1.63724    0.82964    1.07418    0.00000    0.00000
 "BEGLTB"               0.00000    0.00000    0.00000    0.00000    0.72590    9.73747   -0.93994    0.00000    0.00000    0.00000    0.27469    0.41460    1.63724    0.82964    1.07418    0.00000    0.00000
 "LT.BHZ30"            -0.38395    0.00000    0.00000    0.00000    1.66051    8.99865   -0.40332    0.00000    0.00000    0.00000   -1.11946    0.28806    1.82925    0.84755   -0.06603    0.00000    0.00000
 "DRIFT_48"             0.00000    0.00000    0.00000    0.00000    3.84204    8.65936   -0.44873    0.00000    0.00000    0.00000   -2.05265    0.20530    1.87313    0.85997   -0.06603    0.00000    0.00000
 "LTB.DHZ10"            0.00000    0.00000    0.00000    0.00000    3.84204    8.65936   -0.44873    0.00000    0.00000    0.00000   -2.05265    0.20530    1.87313    0.85997   -0.06603    0.00000    0.00000
 "LTB.DVT10"            0.00000    0.00000    0.00000    0.00000    3.84204    8.65936   -0.44873    0.00000    0.00000    0.00000   -2.05265    0.20530    1.87313    0.85997   -0.06603    0.00000    0.00000
 "DRIFT_49"             0.00000    0.00000    0.00000    0.00000    6.41843    8.47456   -0.48395    0.00000    0.00000    0.00000   -2.77657    0.14109    1.89027    0.86988   -0.06603    0.00000    0.00000
 "LTB.STP10"            0.00000    0.00000    0.00000    0.00000    6.41843    8.47456   -0.48395    0.00000    0.00000    0.00000   -2.77657    0.14109    1.89027    0.86988   -0.06603    0.00000    0.00000
 "DRIFT_50"             0.00000    0.00000    0.00000    0.00000    8.76743    8.38348   -0.50947    0.00000    0.00000    0.00000   -3.30103    0.09457    1.89847    0.87718   -0.06603    0.00000    0.00000
 "LTB.VVS10"            0.00000    0.00000    0.00000    0.00000    8.76743    8.38348   -0.50947    0.00000    0.00000    0.00000   -3.30103    0.09457    1.89847    0.87718   -0.06603    0.00000    0.00000
 "DRIFT_51"             0.00000    0.00000    0.00000    0.00000   12.38780    8.31917   -0.54232    0.00000    0.00000    0.00000   -3.97610    0.03470    1.90607    0.88667   -0.06603    0.00000    0.00000
 "LTB.VPI11"            0.00000    0.00000    0.00000    0.00000   12.38780    8.31917   -0.54232    0.00000    0.00000    0.00000   -3.97610    0.03470    1.90607    0.88667   -0.06603    0.00000    0.00000
 "DRIFT_52"             0.00000    0.00000    0.00000    0.00000   27.79165    8.49621   -0.64367    0.00000    0.00000    0.00000   -6.05898   -0.15004    1.91925    0.91589   -0.06603    0.00000    0.00000
 "LTB.QFN10"            0.00000    0.36255    0.00000    0.00000   28.28919    9.39558   -0.63072    0.00000    0.00000    0.00000    4.16834   -3.48494    1.92068    0.92051    0.16678    0.00000    0.00000
 "DRIFT_19"             0.00000    0.00000    0.00000    0.00000   22.43887   15.36464   -0.50647    0.00000    0.00000    0.00000    3.68443   -4.52722    1.92538    0.93038    0.16678    0.00000    0.00000
 "LTB.QDN20"            0.00000   -0.16583    0.00000    0.00000   21.51153   17.05807   -0.47438    0.00000    0.00000    0.00000    0.00330   -2.01981    1.92724    0.93287    0.08574    0.00000    0.00000
 "DRIFT_53"             0.00000    0.00000    0.00000    0.00000   21.51396   18.34108   -0.44776    0.00000    0.00000    0.00000   -0.01113   -2.11227    1.92954    0.93567    0.08574    0.00000    0.00000
 "LTB.MSF30"            0.00000    0.00000    0.00000    0.00000   21.51396   18.34108   -0.44776    0.00000    0.00000    0.00000   -0.01113   -2.11227    1.92954    0.93567    0.08574    0.00000    0.00000
 "DRIFT_54"             0.00000    0.00000    0.00000    0.00000   21.55298   21.47901   -0.38710    0.00000    0.00000    0.00000   -0.04402   -2.32296    1.93477    0.94134    0.08574    0.00000    0.00000
 "LTB.BPM10"            0.00000    0.00000    0.00000    0.00000   21.55298   21.47901   -0.38710    0.00000    0.00000    0.00000   -0.04402   -2.32296    1.93477    0.94134    0.08574    0.00000    0.00000
 "DRIFT_55"             0.00000    0.00000    0.00000    0.00000   21.59162   23.22660   -0.35559    0.00000    0.00000    0.00000   -0.06111   -2.43239    1.93748    0.94396    0.08574    0.00000    0.00000
 "LTB.BCT49"            0.00000    0.00000    0.00000    0.00000   21.59162   23.22660   -0.35559    0.00000    0.00000    0.00000   -0.06111   -2.43239    1.93748    0.94396    0.08574    0.00000    0.00000
 "DRIFT_56"             0.00000    0.00000    0.00000    0.00000   21.63808   24.89985   -0.32669    0.00000    0.00000    0.00000   -0.07677   -2.53275    1.93997    0.94619    0.08574    0.00000    0.00000
 "LTB.DHZ20"            0.00000    0.00000    0.00000    0.00000   21.63808   24.89985   -0.32669    0.00000    0.00000    0.00000   -0.07677   -2.53275    1.93997    0.94619    0.08574    0.00000    0.00000
 "LTB.DVT20"            0.00000    0.00000    0.00000    0.00000   21.63808   24.89985   -0.32669    0.00000    0.00000    0.00000   -0.07677   -2.53275    1.93997    0.94619    0.08574    0.00000    0.00000
 "DRIFT_57"             0.00000    0.00000    0.00000    0.00000   22.48662   42.29139   -0.07555    0.00000    0.00000    0.00000   -0.21293   -3.40496    1.96116    0.96057    0.08574    0.00000    0.00000
 "LTB.BCT50"            0.00000    0.00000    0.00000    0.00000   22.48662   42.29139   -0.07555    0.00000    0.00000    0.00000   -0.21293   -3.40496    1.96116    0.96057    0.08574    0.00000    0.00000
 "DRIFT_58"             0.00000    0.00000    0.00000    0.00000   22.71591   45.84190   -0.03182    0.00000    0.00000    0.00000   -0.23664   -3.55683    1.96475    0.96242    0.08574    0.00000    0.00000
 "LTB.BCT55"            0.00000    0.00000    0.00000    0.00000   22.71591   45.84190   -0.03182    0.00000    0.00000    0.00000   -0.23664   -3.55683    1.96475    0.96242    0.08574    0.00000    0.00000
 "DRIFT_59"             0.00000    0.00000    0.00000    0.00000   24.60020   70.40697    0.23064    0.00000    0.00000    0.00000   -0.37894   -4.46835    1.98542    0.97100    0.08574    0.00000    0.00000
 "LTB.BPM20"            0.00000    0.00000    0.00000    0.00000   24.60020   70.40697    0.23064    0.00000    0.00000    0.00000   -0.37894   -4.46835    1.98542    0.97100    0.08574    0.00000    0.00000
 "DRIFT_60"             0.00000    0.00000    0.00000    0.00000   24.99076   74.94976    0.27351    0.00000    0.00000    0.00000   -0.40218   -4.61724    1.98863    0.97209    0.08574    0.00000    0.00000
 "LTB.DHZ30"            0.00000    0.00000    0.00000    0.00000   24.99076   74.94976    0.27351    0.00000    0.00000    0.00000   -0.40218   -4.61724    1.98863    0.97209    0.08574    0.00000    0.00000
 "LTB.DVT30"            0.00000    0.00000    0.00000    0.00000   24.99076   74.94976    0.27351    0.00000    0.00000    0.00000   -0.40218   -4.61724    1.98863    0.97209    0.08574    0.00000    0.00000
 "DRIFT_61"             0.00000    0.00000    0.00000    0.00000   25.55011   81.26573    0.33092    0.00000    0.00000    0.00000   -0.43331   -4.81661    1.99285    0.97346    0.08574    0.00000    0.00000
 "LTB.QFW30"            0.00000    0.22370    0.00000    0.00000   23.38672   94.75648    0.35285    0.00000    0.00000    0.00000    4.96369  -25.44660    1.99580    0.97431    0.00860    0.00000    0.00000
 "DRIFT_62"             0.00000    0.00000    0.00000    0.00000   18.35435  124.17629    0.35749    0.00000    0.00000    0.00000    4.37280  -29.13561    1.99994    0.97510    0.00860    0.00000    0.00000
 "LTB.QDW40"            0.00000   -0.28442    0.00000    0.00000   16.71780  134.56172    0.38523    0.00000    0.00000    0.00000   -0.66898    7.60088    2.00422    0.97565    0.11308    0.00000    0.00000
 "DRIFT_63"             0.00000    0.00000    0.00000    0.00000   24.80835   73.33443    0.91089    0.00000    0.00000    0.00000   -1.07148    5.57053    2.04087    0.98311    0.11308    0.00000    0.00000
 "LTB.BCT59"            0.00000    0.00000    0.00000    0.00000   24.80835   73.33443    0.91089    0.00000    0.00000    0.00000   -1.07148    5.57053    2.04087    0.98311    0.11308    0.00000    0.00000
 "DRIFT_64"             0.00000    0.00000    0.00000    0.00000   25.99751   67.41362    0.97230    0.00000    0.00000    0.00000   -1.11850    5.33336    2.04427    0.98433    0.11308    0.00000    0.00000
 "LTB.VPI12"            0.00000    0.00000    0.00000    0.00000   25.99751   67.41362    0.97230    0.00000    0.00000    0.00000   -1.11850    5.33336    2.04427    0.98433    0.11308    0.00000    0.00000
 "DRIFT_65"             0.00000    0.00000    0.00000    0.00000   27.02169   62.70205    1.02318    0.00000    0.00000    0.00000   -1.15746    5.13681    2.04698    0.98544    0.11308    0.00000    0.00000
 "LTB.VGR01"            0.00000    0.00000    0.00000    0.00000   27.02169   62.70205    1.02318    0.00000    0.00000    0.00000   -1.15746    5.13681    2.04698    0.98544    0.11308    0.00000    0.00000
 "DRIFT_66"             0.00000    0.00000    0.00000    0.00000   32.17390   43.34108    1.25681    0.00000    0.00000    0.00000   -1.33635    4.23443    2.05814    0.99174    0.11308    0.00000    0.00000
 "LTB.VPI13"            0.00000    0.00000    0.00000    0.00000   32.17390   43.34108    1.25681    0.00000    0.00000    0.00000   -1.33635    4.23443    2.05814    0.99174    0.11308    0.00000    0.00000
 "DRIFT_67"             0.00000    0.00000    0.00000    0.00000   33.61476   38.97528    1.31674    0.00000    0.00000    0.00000   -1.38224    4.00293    2.06070    0.99380    0.11308    0.00000    0.00000
 "LTB.MSF40"            0.00000    0.00000    0.00000    0.00000   33.61476   38.97528    1.31674    0.00000    0.00000    0.00000   -1.38224    4.00293    2.06070    0.99380    0.11308    0.00000    0.00000
 "DRIFT_68"             0.00000    0.00000    0.00000    0.00000   34.82517   35.59825    1.36560    0.00000    0.00000    0.00000   -1.41965    3.81425    2.06271    0.99564    0.11308    0.00000    0.00000
 "LTB.BCT60"            0.00000    0.00000    0.00000    0.00000   34.82517   35.59825    1.36560    0.00000    0.00000    0.00000   -1.41965    3.81425    2.06271    0.99564    0.11308    0.00000    0.00000
 "DRIFT_69"             0.00000    0.00000    0.00000    0.00000   36.03149   32.47496    1.41303    0.00000    0.00000    0.00000   -1.45597    3.63102    2.06460    0.99761    0.11308    0.00000    0.00000
 "LTB.QFW50"            0.00000    0.34801    0.00000    0.00000   31.77428   34.35000    1.35194    0.00000    0.00000    0.00000   10.19149   -7.91357    2.06671    0.99986   -0.37457    0.00000    0.00000
 "DRIFT_70"             0.00000    0.00000    0.00000    0.00000   16.99615   48.93281    1.03767    0.00000    0.00000    0.00000    7.42249   -9.46760    2.07245    1.00312   -0.37457    0.00000    0.00000
 "LTB.QDW60"            0.00000   -0.37485    0.00000    0.00000   13.18943   49.08203    0.95094    0.00000    0.00000    0.00000    1.30530    9.16278    2.07750    1.00457   -0.00713    0.00000    0.00000
 "DRIFT_69"             0.00000    0.00000    0.00000    0.00000   12.13036   41.69906    0.94794    0.00000    0.00000    0.00000    1.21930    8.43666    2.08278    1.00605   -0.00713    0.00000    0.00000
 "LTB.DHZ40"            0.00000    0.00000    0.00000    0.00000   12.13036   41.69906    0.94794    0.00000    0.00000    0.00000    1.21930    8.43666    2.08278    1.00605   -0.00713    0.00000    0.00000
 "LTB.DVT40"            0.00000    0.00000    0.00000    0.00000   12.13036   41.69906    0.94794    0.00000    0.00000    0.00000    1.21930    8.43666    2.08278    1.00605   -0.00713    0.00000    0.00000
 "DRIFT_71"             0.00000    0.00000    0.00000    0.00000   10.95338   33.63459    0.94435    0.00000    0.00000    0.00000    1.11598    7.56428    2.08974    1.00819   -0.00713    0.00000    0.00000
 "LTB.BPM30"            0.00000    0.00000    0.00000    0.00000   10.95338   33.63459    0.94435    0.00000    0.00000    0.00000    1.11598    7.56428    2.08974    1.00819   -0.00713    0.00000    0.00000
 "DRIFT_72"             0.00000    0.00000    0.00000    0.00000    9.56566   24.37803    0.93963    0.00000    0.00000    0.00000    0.98027    6.41842    2.10004    1.01187   -0.00713    0.00000    0.00000
 "ENDLTB"               0.00000    0.00000    0.00000    0.00000    9.56566   24.37803    0.93963    0.00000    0.00000    0.00000    0.98027    6.41842    2.10004    1.01187   -0.00713    0.00000    0.00000
 "LTB$END"              0.00000    0.00000    0.00000    0.00000    9.56566   24.37803    0.93963    0.00000    0.00000    0.00000    0.98027    6.41842    2.10004    1.01187   -0.00713    0.00000    0.00000
 "BI4$START"            0.00000    0.00000    0.00000    0.00000    9.56566   24.37803    0.93963    0.00000    0.00000    0.00000    0.98027    6.41842    2.10004    1.01187   -0.00713    0.00000    0.00000
 "BEGBI"                0.00000    0.00000    0.00000    0.00000    9.56566   24.37803    0.93963    0.00000    0.00000    0.00000    0.98027    6.41842    2.10004    1.01187   -0.00713    0.00000    0.00000
 "LTB.BHZ40"            0.00000    0.00000    0.00000    0.00000    7.96721   14.22691    0.93321    0.00000    0.00000    0.00000    0.79578    4.86061    2.11648    1.01957   -0.00713    0.00000    0.00000
 "DRIFT_73"             0.00000    0.00000    0.00000    0.00000    6.97975    8.41686    0.92836    0.00000    0.00000    0.00000    0.65638    3.68359    2.13101    1.02946   -0.00713    0.00000    0.00000
 "BI.VPI11"             0.00000    0.00000    0.00000    0.00000    6.97975    8.41686    0.92836    0.00000    0.00000    0.00000    0.65638    3.68359    2.13101    1.02946   -0.00713    0.00000    0.00000
 "DRIFT_74"             0.00000    0.00000    0.00000    0.00000    5.52917   14.69508    0.89282    0.00000    0.00000    0.00000   -0.36533   -4.94326    2.27920    1.45551   -0.00713    0.00000    0.00000
 "BI.DHZ10"             0.00000    0.00000    0.00000    0.00000    5.52917   14.69508    0.89282    0.00000    0.00000    0.00000   -0.36533   -4.94326    2.27920    1.45551   -0.00713    0.00000    0.00000
 "BI.DVT10"             0.00000    0.00000    0.00000    0.00000    5.52917   14.69508    0.89282    0.00000    0.00000    0.00000   -0.36533   -4.94326    2.27920    1.45551   -0.00713    0.00000    0.00000
 "DRIFT_75"             0.00000    0.00000    0.00000    0.00000    5.93362   19.92034    0.88935    0.00000    0.00000    0.00000   -0.46516   -5.78622    2.29275    1.46004   -0.00713    0.00000    0.00000
 "BI.BPM00"             0.00000    0.00000    0.00000    0.00000    5.93362   19.92034    0.88935    0.00000    0.00000    0.00000   -0.46516   -5.78622    2.29275    1.46004   -0.00713    0.00000    0.00000
 "DRIFT_76"             0.00000    0.00000    0.00000    0.00000    6.93956   31.76694    0.88292    0.00000    0.00000    0.00000   -0.65007   -7.34750    2.31519    1.46574   -0.00713    0.00000    0.00000
 "BI.BTV10"             0.00000    0.00000    0.00000    0.00000    6.93956   31.76694    0.88292    0.00000    0.00000    0.00000   -0.65007   -7.34750    2.31519    1.46574   -0.00713    0.00000    0.00000
 "DRIFT_77"             0.00000    0.00000    0.00000    0.00000    7.75646   40.80553    0.87881    0.00000    0.00000    0.00000   -0.76815   -8.34450    2.32770    1.46829   -0.00713    0.00000    0.00000
 "BI.STPFA10"           0.00000    0.00000    0.00000    0.00000    7.75646   40.80553    0.87881    0.00000    0.00000    0.00000   -0.76815   -8.34450    2.32770    1.46829   -0.00713    0.00000    0.00000
 "DRIFT_78"             0.00000    0.00000    0.00000    0.00000   14.84600  112.65794    0.85580    0.00000    0.00000    0.00000   -1.42947  -13.92841    2.37630    1.47587   -0.00713    0.00000    0.00000
 "BI.STPSW10"           0.00000    0.00000    0.00000    0.00000   14.84600  112.65794    0.85580    0.00000    0.00000    0.00000   -1.42947  -13.92841    2.37630    1.47587   -0.00713    0.00000    0.00000
 "DRIFT_79"             0.00000    0.00000    0.00000    0.00000   17.10235  134.49374    0.85046    0.00000    0.00000    0.00000   -1.58302  -15.22486    2.38378    1.47683   -0.00713    0.00000    0.00000
 "BI.BPM10"             0.00000    0.00000    0.00000    0.00000   17.10235  134.49374    0.85046    0.00000    0.00000    0.00000   -1.58302  -15.22486    2.38378    1.47683   -0.00713    0.00000    0.00000
 "DRIFT_80"             0.00000    0.00000    0.00000    0.00000   18.66928  149.50841    0.84704    0.00000    0.00000    0.00000   -1.68142  -16.05570    2.38806    1.47737   -0.00713    0.00000    0.00000
 "BI.DHZ20"             0.00000    0.00000    0.00000    0.00000   18.66928  149.50841    0.84704    0.00000    0.00000    0.00000   -1.68142  -16.05570    2.38806    1.47737   -0.00713    0.00000    0.00000
 "BI.DVT20"             0.00000    0.00000    0.00000    0.00000   18.66928  149.50841    0.84704    0.00000    0.00000    0.00000   -1.68142  -16.05570    2.38806    1.47737   -0.00713    0.00000    0.00000
 "DRIFT_81"             0.00000    0.00000    0.00000    0.00000   20.07897  162.93152    0.84412    0.00000    0.00000    0.00000   -1.76526  -16.76364    2.39142    1.47779   -0.00713    0.00000    0.00000
 "BI.QNO10"             0.00000    0.51953    0.00000    0.00000   17.05574  223.75928    0.74167    0.00000    0.00000    0.00000    7.77692 -125.26730    2.39524    1.47819   -0.42750    0.00000    0.00000
 "DRIFT_82"             0.00000    0.00000    0.00000    0.00000    9.73113  378.84645    0.51167    0.00000    0.00000    0.00000    5.83760 -162.99883    2.40189    1.47849   -0.42750    0.00000    0.00000
 "BI.QNO20"             0.00000   -0.59824    0.00000    0.00000    7.07652  421.42972    0.37729    0.00000    0.00000    0.00000    0.42818   79.47968    2.41117    1.47866   -0.16756    0.00000    0.00000
 "DRIFT_83"             0.00000    0.00000    0.00000    0.00000    9.05774   36.04196   -0.77058    0.00000    0.00000    0.00000   -0.71738  -23.22362    2.57460    1.96981   -0.16756    0.00000    0.00000
 "BI.BPM20"             0.00000    0.00000    0.00000    0.00000    9.05774   36.04196   -0.77058    0.00000    0.00000    0.00000   -0.71738  -23.22362    2.57460    1.96981   -0.16756    0.00000    0.00000
 "DRIFT_84"             0.00000    0.00000    0.00000    0.00000    9.73661   59.95509   -0.84591    0.00000    0.00000    0.00000   -0.79256  -29.96396    2.58222    1.97135   -0.16756    0.00000    0.00000
 "BI.BCT10"             0.00000    0.00000    0.00000    0.00000    9.73661   59.95509   -0.84591    0.00000    0.00000    0.00000   -0.79256  -29.96396    2.58222    1.97135   -0.16756    0.00000    0.00000
 "DRIFT_85"             0.00000    0.00000    0.00000    0.00000   10.36173   84.83548   -0.90945    0.00000    0.00000    0.00000   -0.85597  -35.64888    2.58823    1.97220   -0.16756    0.00000    0.00000
 "BI.VVS10"             0.00000    0.00000    0.00000    0.00000   10.36173   84.83548   -0.90945    0.00000    0.00000    0.00000   -0.85597  -35.64888    2.58823    1.97220   -0.16756    0.00000    0.00000
 "DRIFT_86"             0.00000    0.00000    0.00000    0.00000   10.50689   90.93766   -0.92354    0.00000    0.00000    0.00000   -0.87004  -36.90969    2.58951    1.97235   -0.16756    0.00000    0.00000
 "BI.DVT30"            -0.00169    0.00000    0.00000    0.00000   11.03476  114.01875   -0.97297   -0.00079    0.00000    0.00000   -0.91926  -41.33230    2.59387    1.97281   -0.16755    0.00000    0.00000
 "DRIFT_87"             0.00000    0.00000    0.00000    0.00000   11.49236  135.03652   -1.01377   -0.00210    0.00000    0.00000   -0.95997  -44.98283    2.59731    1.97312   -0.16755    0.00000    0.00000
 "BI.BTV20"             0.00000    0.00000    0.00000    0.00000   11.49236  135.03652   -1.01377   -0.00210    0.00000    0.00000   -0.95997  -44.98283    2.59731    1.97312   -0.16755    0.00000    0.00000
 "DRIFT_88"             0.00000    0.00000    0.00000    0.00000   12.67633  192.97940   -1.11207   -0.00524    0.00000    0.00000   -1.05807  -53.77853    2.60505    1.97370   -0.16755    0.00000    0.00000
 "BI.QNO30"            -0.00084   -0.33691    0.00000    0.00000   11.71676  282.98719   -1.10205   -0.00883    0.00000    0.00000    3.02627 -151.04963    2.61093    1.97402    0.21034    0.00000    0.00000
 "DRIFT_89"             0.00000    0.00000    0.00000    0.00000    9.54033  409.53903   -1.02206   -0.01276    0.00000    0.00000    2.69655 -181.71337    2.61666    1.97420    0.21034    0.00000    0.00000
 "BI.BPM30"             0.00000    0.00000    0.00000    0.00000    9.54033  409.53903   -1.02206   -0.01276    0.00000    0.00000    2.69655 -181.71337    2.61666    1.97420    0.21034    0.00000    0.00000
 "DRIFT_90"             0.00000    0.00000    0.00000    0.00000    7.48825  570.87433   -0.93642   -0.01697    0.00000    0.00000    2.34355 -214.54151    2.62433    1.97433    0.21034    0.00000    0.00000
 "BI.QNO40"             0.00253    0.45341    0.00000    0.00000    6.88696  647.14552   -0.93561   -0.01802    0.00000    0.00000   -0.95252   61.15236    2.63494    1.97445   -0.20678   -0.00000   -0.00000
 "DRIFT_91"             0.00000    0.00000    0.00000    0.00000    7.40273  615.63551   -0.98955   -0.01647    0.00000    0.00000   -1.02476   59.64460    2.64075    1.97452   -0.20678   -0.00000   -0.00000
 "BI.DIS0"              0.00000    0.00000    0.00000    0.00000    8.26685  568.84465   -1.07226   -0.01411    0.00000    0.00000   -1.13553   57.33253    2.64889    1.97462   -0.20678   -0.00000   -0.00000
 "DRIFT_92"             0.00000    0.00000    0.00000    0.00000    8.28958  567.69858   -1.07433   -0.01405    0.00000    0.00000   -1.13830   57.27473    2.64909    1.97463   -0.20678   -0.00000   -0.00000
 "BI4.DIS1"             0.00000    0.00000    0.00000    0.00000    9.24454  522.80362   -1.15704   -0.01169    0.00000    0.00000   -1.24908   54.96266    2.65636    1.97474   -0.20678   -0.00000   -0.00000
 "DRIFT_92"             0.00000    0.00000    0.00000    0.00000    9.26955  521.70495   -1.15911   -0.01163    0.00000    0.00000   -1.25185   54.90486    2.65653    1.97475   -0.20678   -0.00000   -0.00000
 "BI4.DIS2"             0.00000    0.00000    0.00000    0.00000   10.31534  478.70589   -1.24182   -0.00926    0.00000    0.00000   -1.36263   52.59279    2.66305    1.97487   -0.20678   -0.00000   -0.00000
 "DRIFT_92"             0.00000    0.00000    0.00000    0.00000   10.34262  477.65461   -1.24389   -0.00920    0.00000    0.00000   -1.36540   52.53499    2.66320    1.97488   -0.20678   -0.00000   -0.00000
 "BI4.DIS3"             0.00000    0.00000    0.00000    0.00000   11.47924  436.55144   -1.32660   -0.00684    0.00000    0.00000   -1.47617   50.22292    2.66904    1.97502   -0.20678   -0.00000   -0.00000
 "DRIFT_93"             0.00000    0.00000    0.00000    0.00000   11.50879  435.54756   -1.32867   -0.00678    0.00000    0.00000   -1.47894   50.16512    2.66918    1.97502   -0.20678   -0.00000   -0.00000
 "BI4.DIS4"             0.00310    0.00000    0.00000    0.00000   12.73626  396.33631   -1.41139   -0.00245    0.00000    0.00000   -1.58941   47.85304    2.67444    1.97517   -0.20675   -0.00000   -0.00000
 "DRIFT_94"             0.00000    0.00000    0.00000    0.00000   13.32726  379.01559   -1.44922    0.00043    0.00000    0.00000   -1.64008   46.79526    2.67668    1.97525   -0.20675   -0.00000   -0.00000
 "BI4.DVT40"           -0.00676    0.00000    0.00000    0.00000   14.42890  349.02833   -1.51680    0.00207    0.00000    0.00000   -1.72860   44.90513    2.68043    1.97539   -0.20654   -0.00000   -0.00000
 "DRIFT_95"             0.00000    0.00000    0.00000    0.00000   21.11156  212.94978   -1.86823   -0.00771    0.00000    0.00000   -2.19889   35.06997    2.69597    1.97639   -0.20654   -0.00000   -0.00000
 "BI.VPI12"             0.00000    0.00000    0.00000    0.00000   21.11156  212.94978   -1.86823   -0.00771    0.00000    0.00000   -2.19889   35.06997    2.69597    1.97639   -0.20654   -0.00000   -0.00000
 "DRIFT_96"             0.00000    0.00000    0.00000    0.00000   44.57901   19.93835   -2.73943   -0.03195   -0.00000   -0.00000   -3.36472   10.68872    2.71792    1.98670   -0.20654   -0.00000   -0.00000
 "BI.BTV30"             0.00000    0.00000    0.00000    0.00000   44.57901   19.93835   -2.73943   -0.03195   -0.00000   -0.00000   -3.36472   10.68872    2.71792    1.98670   -0.20654   -0.00000   -0.00000
 "DRIFT_97"             0.00000    0.00000    0.00000    0.00000   56.68536    0.33317   -3.08698   -0.04162   -0.00000   -0.00000   -3.82981    0.96220    2.72325    2.09991   -0.20654   -0.00000   -0.00000
 "BI.SMVHDP"            0.00000    0.00000    0.00000    0.00000   56.68536    0.33317   -3.08698   -0.04162   -0.00000   -0.00000   -3.82981    0.96220    2.72325    2.09991   -0.20654   -0.00000   -0.00000
 "DRIFT_98"             0.00000    0.00000    0.00000    0.00000   58.42897    0.19335   -3.13362   -0.04292   -0.00000   -0.00000   -3.89222   -0.34296    2.72388    2.27443   -0.20654   -0.00000   -0.00000
 "BI4.SMV10"           -0.13120    0.00000    0.00000    0.00000   66.18169    6.17275   -3.33252   -0.24856   -0.00000   -0.00000   -4.15839   -5.83052    2.72634    2.44531   -0.20654   -0.00000   -0.00000
 "DRIFT_99"             0.00000    0.00000    0.00000    0.00000   79.98588   38.66532   -3.65826   -0.91213   -0.00000   -0.00000   -4.59430  -14.77172    2.72979    2.46159   -0.20654   -0.00000   -0.00000
 "BI4.BVT10"            0.13487    0.00000    0.00000    0.00000   85.31925   62.76658   -3.77553   -1.05973   -0.00000   -0.00000   -2.62923  -18.84630    2.73118    2.46391   -0.11249   -0.00000   -0.00000
 "DRIFT_100"            0.00000    0.00000    0.00000    0.00000   86.94668   74.90665   -3.81016   -1.05712   -0.00000   -0.00000   -2.65778  -20.59307    2.73175    2.46462   -0.11249   -0.00000   -0.00000
 "BI4.QNO50"            0.00000    0.55761    0.00000    0.00000   68.33236  120.15376   -3.37594   -1.19335   -0.00000   -0.00000   39.08135  -84.77166    2.73267    2.46544    1.93557    0.00000   -0.00000
 "DRIFT_101"            0.00000    0.00000    0.00000    0.00000   47.93814  173.12866   -2.82623   -1.36537   -0.00000   -0.00000   32.72928 -101.75968    2.73346    2.46575    1.93557    0.00000   -0.00000
 "BI4.QNO60"            0.00000   -0.63046    0.00000    0.00000   31.96897  216.14663   -2.30487   -1.43832   -0.00000   -0.00000    4.83137   18.66900    2.73545    2.46612    0.35656   -0.00000    0.00000
 "DRIFT_102"            0.00000    0.00000    0.00000    0.00000   28.90901  204.18259   -2.18898   -1.34070   -0.00000   -0.00000    4.58390   18.14344    2.73715    2.46636    0.35656   -0.00000    0.00000
 "BI4.DHZ50"            0.00000    0.00000    0.00000    0.00000   28.90901  204.18259   -2.18898   -1.34070   -0.00000   -0.00000    4.58390   18.14344    2.73715    2.46636    0.35656   -0.00000    0.00000
 "BI4.DVT50"            0.00000    0.00000    0.00000    0.00000   28.90901  204.18259   -2.18898   -1.34070   -0.00000   -0.00000    4.58390   18.14344    2.73715    2.46636    0.35656   -0.00000    0.00000
 "DRIFT_103"            0.00000    0.00000    0.00000    0.00000   23.95565  184.12781   -1.98681   -1.17038   -0.00000   -0.00000    4.15217   17.22654    2.74058    2.46683    0.35656   -0.00000    0.00000
 "BI4.BPM40"            0.00000    0.00000    0.00000    0.00000   23.95565  184.12781   -1.98681   -1.17038   -0.00000   -0.00000    4.15217   17.22654    2.74058    2.46683    0.35656   -0.00000    0.00000
 "DRIFT_104"            0.00000    0.00000    0.00000    0.00000   15.20373  145.66356   -1.56535   -0.81534   -0.00000   -0.00000    3.25216   15.31513    2.75044    2.46798    0.35656   -0.00000    0.00000
 "BI4.BTV40"            0.00000    0.00000    0.00000    0.00000   15.20373  145.66356   -1.56535   -0.81534   -0.00000   -0.00000    3.25216   15.31513    2.75044    2.46798    0.35656   -0.00000    0.00000
 "DRIFT_105"            0.00000    0.00000    0.00000    0.00000   11.87653  129.40709   -1.37049   -0.65119   -0.00000   -0.00000    2.83604   14.43138    2.75692    2.46861    0.35656   -0.00000    0.00000
 "BI4.VPI14"            0.00000    0.00000    0.00000    0.00000   11.87653  129.40709   -1.37049   -0.65119   -0.00000   -0.00000    2.83604   14.43138    2.75692    2.46861    0.35656   -0.00000    0.00000
 "DRIFT_106"            0.00000    0.00000    0.00000    0.00000    9.73712  118.16208   -1.22840   -0.53149   -0.00000   -0.00000    2.53261   13.78696    2.76282    2.46912    0.35656   -0.00000    0.00000
 "BI4.BCT20"            0.00000    0.00000    0.00000    0.00000    9.73712  118.16208   -1.22840   -0.53149   -0.00000   -0.00000    2.53261   13.78696    2.76282    2.46912    0.35656   -0.00000    0.00000
 "DRIFT_107"            0.00000    0.00000    0.00000    0.00000    7.62949  106.18578   -1.06937   -0.39752   -0.00000   -0.00000    2.19301   13.06573    2.77106    2.46976    0.35656   -0.00000    0.00000
 "BI4.BPM50"            0.00000    0.00000    0.00000    0.00000    7.62949  106.18578   -1.06937   -0.39752   -0.00000   -0.00000    2.19301   13.06573    2.77106    2.46976    0.35656   -0.00000    0.00000
 "DRIFT_108"            0.00000    0.00000    0.00000    0.00000    5.54746   92.98579   -0.88325   -0.24073   -0.00000   -0.00000    1.79555   12.22161    2.78384    2.47059    0.35656   -0.00000    0.00000
 "BI4.VVS20"            0.00000    0.00000    0.00000    0.00000    5.54746   92.98579   -0.88325   -0.24073   -0.00000   -0.00000    1.79555   12.22161    2.78384    2.47059    0.35656   -0.00000    0.00000
 "DRIFT_109"            0.00000    0.00000    0.00000    0.00000    1.31465   43.63660   -0.02749    0.48017   -0.00000   -0.00000   -0.03188    8.34056    2.95804    2.47659    0.35656   -0.00000    0.00000
 "BI4.DHZ70"            0.00000    0.00000    0.00000    0.00000    1.31465   43.63660   -0.02749    0.48017   -0.00000   -0.00000   -0.03188    8.34056    2.95804    2.47659    0.35656   -0.00000    0.00000
 "BI4.DVT70"            0.00000    0.00000    0.00000    0.00000    1.31465   43.63660   -0.02749    0.48017   -0.00000   -0.00000   -0.03188    8.34056    2.95804    2.47659    0.35656   -0.00000    0.00000
 "DRIFT_110"            0.00000    0.00000    0.00000    0.00000    2.59829   25.22102    0.42078    0.85779   -0.00000    0.00000   -0.98915    6.30753    3.07710    2.48262    0.35656   -0.00000    0.00000
 "BI4.INJPT"            0.00000    0.00000    0.00000    0.00000    2.59829   25.22102    0.42078    0.85779   -0.00000    0.00000   -0.98915    6.30753    3.07710    2.48262    0.35656   -0.00000    0.00000
 "BI4$END"              0.00000    0.00000    0.00000    0.00000    2.59829   25.22102    0.42078    0.85779   -0.00000    0.00000   -0.98915    6.30753    3.07710    2.48262    0.35656   -0.00000    0.00000
 "DRIFT_111"            0.00000    0.00000    0.00000    0.00000    2.66572   24.79836    0.43278    0.86790   -0.00000    0.00000   -1.01477    6.25312    3.07913    2.48284    0.35656   -0.00000    0.00000
 "LTLTBBI$END"          0.00000    0.00000    0.00000    0.00000    2.66572   24.79836    0.43278    0.86790   -0.00000    0.00000   -1.01477    6.25312    3.07913    2.48284    0.35656   -0.00000    0.00000
