@ NAME             %09s "PTC_TWISS"
@ TYPE             %05s "TWISS"
@ SEQUENCE         %08s "LTLTBLBE"
@ PARTICLE         %06s "PROTON"
@ MASS             %le     0.93827
@ CHARGE           %le     1.00000
@ ENERGY           %le     0.98847
@ PC               %le     0.31100
@ GAMMA            %le     1.05350
@ KBUNCH           %le     1.00000
@ BCURRENT         %le     0.00000
@ SIGE             %le     0.00100
@ SIGT             %le     0.00000
@ NPART            %le     0.00000
@ EX               %le     0.00004
@ EY               %le     0.00002
@ ET               %le     1.00000
@ DELTAP           %le     0.00000
@ LENGTH           %le    97.71052
@ ALPHA_C          %le  -1000000.00000
@ ALPHA_C_P        %le  -1000000.00000
@ ALPHA_C_P2       %le  -1000000.00000
@ ALPHA_C_P3       %le  -1000000.00000
@ ETA_C            %le  -1000000.00000
@ GAMMA_TR         %le  -1000000.00000
@ Q1               %le     2.48241
@ Q2               %le     1.36759
@ DQ1              %le  -1000000.00000
@ DQ2              %le  -1000000.00000
@ QS               %le  -1000000.00000
@ BETA_X_MIN       %le     0.42821
@ BETA_X_MAX       %le   233.44892
@ BETA_Y_MIN       %le     1.27607
@ BETA_Y_MAX       %le   290.53734
@ BETA11MIN        %le     0.42821
@ BETA11MAX        %le   233.44892
@ BETA12MIN        %le     0.00000
@ BETA12MAX        %le     0.00000
@ BETA13MIN        %le     0.00000
@ BETA13MAX        %le     0.00000
@ BETA21MIN        %le     0.00000
@ BETA21MAX        %le     0.00000
@ BETA22MIN        %le     1.27607
@ BETA22MAX        %le   290.53734
@ BETA23MIN        %le     0.00000
@ BETA23MAX        %le     0.00000
@ BETA31MIN        %le     0.00000
@ BETA31MAX        %le     0.00000
@ BETA32MIN        %le     0.00000
@ BETA32MAX        %le     0.00000
@ BETA33MIN        %le     0.00000
@ BETA33MAX        %le     0.00000
@ DISP1MIN         %le   -12.12920
@ DISP1MAX         %le     5.69616
@ DISP2MIN         %le    -1.28962
@ DISP2MAX         %le     2.33822
@ DISP3MIN         %le     0.00000
@ DISP3MAX         %le     0.00000
@ DISP4MIN         %le     0.00000
@ DISP4MAX         %le     0.00000
@ ORBIT_X          %le     0.00000
@ ORBIT_PX         %le     0.00000
@ ORBIT_Y          %le     0.00000
@ ORBIT_PY         %le     0.00000
@ ORBIT_PT         %le     0.00000
@ ORBIT_-CT        %le     0.00000
@ XCORMS           %le     0.00000
@ PXCORMS          %le     0.00000
@ YCORMS           %le     0.00000
@ PYCORMS          %le     0.00000
@ TCORMS           %le     0.00000
@ PTCORMS          %le     0.00000
@ XCOMIN           %le     0.00000
@ XCOMAX           %le     0.00000
@ PXCOMIN          %le     0.00000
@ PXCOMAX          %le     0.00000
@ YCOMIN           %le     0.00000
@ YCOMAX           %le     0.00000
@ PYCOMIN          %le     0.00000
@ PYCOMAX          %le     0.00000
@ TCOMIN           %le     0.00000
@ TCOMAX           %le     0.00000
@ PTCOMIN          %le     0.00000
@ PTCOMAX          %le     0.00000
@ TITLE            %57s "LT-LTB-LBE 2014 optics. Protons - 311 MeV/c (Ekin=50 MeV)"
@ ORIGIN           %22s "MAD-X 5.02.01 Linux 64"
@ DATE             %08s "05/05/14"
@ TIME             %08s "17.39.53"
* NAME                        S          L     ALFA11     BETA11      DISP1      DIMXC     ALFA22     BETA22      DISP3      DIMYC 
$ %s                        %le        %le        %le        %le        %le        %le        %le        %le        %le        %le 
 "LTLTBLBE$START"       0.00000    0.00000   -0.19000    1.34200    0.00000    0.02091    0.10300    2.48000    0.00000    0.02010
 "LT$START"             0.00000    0.00000   -0.19000    1.34200    0.00000    0.02091    0.10300    2.48000    0.00000    0.02010
 "BEGLT"                0.00000    0.00000   -0.19000    1.34200    0.00000    0.02091    0.10300    2.48000    0.00000    0.02010
 "DRIFT_0"              0.04800    0.04800   -0.22706    1.36202    0.00000    0.02107    0.08344    2.47105    0.00000    0.02006
 "LT.VVS10"             0.04800    0.00000   -0.22706    1.36202    0.00000    0.02107    0.08344    2.47105    0.00000    0.02006
 "DRIFT_1"              0.39800    0.35000   -0.49728    1.61554    0.00000    0.02294   -0.05919    2.46256    0.00000    0.02003
 "LT.DHZ10"             0.39800    0.00000   -0.49728    1.61554    0.00000    0.02294   -0.05919    2.46256    0.00000    0.02003
 "LT.DVT10"             0.39800    0.00000   -0.49728    1.61554    0.00000    0.02294   -0.05919    2.46256    0.00000    0.02003
 "DRIFT_2"              1.40000    1.00200   -1.27088    3.38723    0.00000    0.03322   -0.46751    2.99031    0.00000    0.02207
 "LT.BPM10"             1.40000    0.00000   -1.27088    3.38723    0.00000    0.03322   -0.46751    2.99031    0.00000    0.02207
 "DRIFT_3"              1.84950    0.44950   -1.61792    4.68575    0.00000    0.03907   -0.65068    3.49293    0.00000    0.02385
 "LT.QFN10"             2.10450    0.25500    3.63838    4.11097    0.00000    0.03660   -6.28535    5.10157    0.00000    0.02883
 "DRIFT_4"              2.14700    0.04250    3.49119    3.80797    0.00000    0.03522   -6.62279    5.65017    0.00000    0.03034
 "LT.BEC1"              2.14700    0.00000    3.49119    3.80797    0.00000    0.03522   -6.62279    5.65017    0.00000    0.03034
 "DRIFT_5"              2.41000    0.26300    2.58032    2.21116    0.00000    0.02684   -8.71096    9.68295    0.00000    0.03972
 "LT.BCT10"             2.41000    0.00000    2.58032    2.21116    0.00000    0.02684   -8.71096    9.68295    0.00000    0.03972
 "DRIFT_6"              2.64950    0.23950    1.75085    1.17385    0.00000    0.01956  -10.61255   14.31092    0.00000    0.04829
 "LT.QDN12"             2.90450    0.25500    0.36454    0.67239    0.00000    0.01480    3.23289   16.35212    0.00000    0.05161
 "DRIFT_7"              3.08900    0.18450    0.05368    0.59523    0.00000    0.01393    3.10369   15.18302    0.00000    0.04973
 "LT.BHZ10"             3.59500    0.50600   -0.79886    0.97229    0.00000    0.01780    2.74933   12.22140    0.00000    0.04462
 "DRIFT_8"              5.48500    1.89000   -3.98324   10.01045    0.00000    0.05711    1.42574    4.33053    0.00000    0.02656
 "LT.VPI11"             5.48500    0.00000   -3.98324   10.01045    0.00000    0.05711    1.42574    4.33053    0.00000    0.02656
 "DRIFT_9"              7.33450    1.84950   -7.09939   30.50777    0.00000    0.09970    0.13051    1.45225    0.00000    0.01538
 "LT.QFN20"             7.58950    0.25500    8.63431   30.09832    0.00000    0.09903   -0.84174    1.62609    0.00000    0.01628
 "DRIFT_10"             7.84700    0.25750    7.98794   25.81809    0.00000    0.09172   -1.11229    2.12925    0.00000    0.01862
 "LT.BEC2"              7.84700    0.00000    7.98794   25.81809    0.00000    0.09172   -1.11229    2.12925    0.00000    0.01862
 "DRIFT_11"             8.33450    0.48750    6.76425   18.62640    0.00000    0.07790   -1.62450    3.46344    0.00000    0.02375
 "LT.QDN22"             8.58950    0.25500    0.50193   16.82601    0.00000    0.07404   -0.47346    4.01468    0.00000    0.02557
 "DRIFT_12"            11.72220    3.13270    0.26884   14.41141    0.00000    0.06853   -1.42868    9.97351    0.00000    0.04031
 "LT.DHZ20"            11.72220    0.00000    0.26884   14.41141    0.00000    0.06853   -1.42868    9.97351    0.00000    0.04031
 "LT.DVT20"            11.72220    0.00000    0.26884   14.41141    0.00000    0.06853   -1.42868    9.97351    0.00000    0.04031
 "DRIFT_13"            13.19450    1.47230    0.15930   13.78106    0.00000    0.06701   -1.87762   14.84138    0.00000    0.04917
 "LT.QFN30"            13.44950    0.25500    2.46392   13.10203    0.00000    0.06534   -4.79841   16.51892    0.00000    0.05188
 "DRIFT_14"            14.20450    0.75500    2.05646    9.68914    0.00000    0.05619   -5.89646   24.59355    0.00000    0.06330
 "LT.QDN32"            14.45950    0.25500   -0.23631    9.23419    0.00000    0.05485    0.07837   26.10798    0.00000    0.06522
 "DRIFT_15"            15.13200    0.67250   -0.31320    9.60374    0.00000    0.05594    0.05245   26.02000    0.00000    0.06511
 "LT.VPI2"             15.13200    0.00000   -0.31320    9.60374    0.00000    0.05594    0.05245   26.02000    0.00000    0.06511
 "DRIFT_16"            17.17750    2.04550   -0.54709   11.36346    0.00000    0.06085   -0.02638   25.96666    0.00000    0.06504
 "LT.BPM20"            17.17750    0.00000   -0.54709   11.36346    0.00000    0.06085   -0.02638   25.96666    0.00000    0.06504
 "DRIFT_17"            18.28200    1.10450   -0.67338   12.71147    0.00000    0.06436   -0.06894   26.07194    0.00000    0.06517
 "LT.VGP11"            18.28200    0.00000   -0.67338   12.71147    0.00000    0.06436   -0.06894   26.07194    0.00000    0.06517
 "DRIFT_18"            18.84450    0.56250   -0.73769   13.50519    0.00000    0.06634   -0.09062   26.16170    0.00000    0.06529
 "LT.QFN40"            19.09950    0.25500    5.17480   12.32700    0.00000    0.06338  -13.21186   29.42636    0.00000    0.06924
 "DRIFT_19"            19.84450    0.74500    3.49596    5.86727    0.00000    0.04372  -17.65642   52.42322    0.00000    0.09242
 "LT.QDN42"            20.09950    0.25500    1.14640    4.72144    0.00000    0.03922    3.56583   56.14117    0.00000    0.09564
 "DRIFT_20"            20.39200    0.29250    1.00303    4.09273    0.00000    0.03652    3.49437   54.07606    0.00000    0.09386
 "LT.DHZ30"            20.39200    0.00000    1.00303    4.09273    0.00000    0.03652    3.49437   54.07606    0.00000    0.09386
 "LT.DVT30"            20.39200    0.00000    1.00303    4.09273    0.00000    0.03652    3.49437   54.07606    0.00000    0.09386
 "DRIFT_21"            20.99500    0.60300    0.70746    3.06131    0.00000    0.03158    3.34706   49.95068    0.00000    0.09021
 "LT.BPM30"            20.99500    0.00000    0.70746    3.06131    0.00000    0.03158    3.34706   49.95068    0.00000    0.09021
 "DRIFT_22"            21.74700    0.75200    0.33887    2.27446    0.00000    0.02722    3.16335   45.05484    0.00000    0.08567
 "LT.CDB10"            21.74700    0.00000    0.33887    2.27446    0.00000    0.02722    3.16335   45.05484    0.00000    0.08567
 "DRIFT_23"            22.69250    0.94550   -0.12457    2.07184    0.00000    0.02598    2.93237   39.29134    0.00000    0.08001
 "LT.BCT20"            22.69250    0.00000   -0.12457    2.07184    0.00000    0.02598    2.93237   39.29134    0.00000    0.08001
 "DRIFT_24"            23.48437    0.79187   -0.51270    2.57647    0.00000    0.02897    2.73892   34.80045    0.00000    0.07530
 "LT.BHZ20"            24.53277    1.04840   -0.74059    3.92568    0.46220    0.03578    2.48279   29.32599    0.00000    0.06912
 "DRIFT_25"            25.26713    0.73437   -1.03026    5.22613    1.10551    0.04132    2.30339   25.81118    0.00000    0.06485
 "LT.VGP12"            25.26713    0.00000   -1.03026    5.22613    1.10551    0.04132    2.30339   25.81118    0.00000    0.06485
 "DRIFT_26"            26.11513    0.84800   -1.36475    7.25710    1.84835    0.04877    2.09623   22.08030    0.00000    0.05998
 "LT.STP10"            26.11513    0.00000   -1.36475    7.25710    1.84835    0.04877    2.09623   22.08030    0.00000    0.05998
 "DRIFT_27"            29.36513    3.25000   -2.64671   20.29434    4.69533    0.08186    1.30226   11.03522    0.00000    0.04240
 "LT.BEC3"             29.36513    0.00000   -2.64671   20.29434    4.69533    0.08186    1.30226   11.03522    0.00000    0.04240
 "DRIFT_28"            30.50763    1.14250   -3.09736   26.85694    5.69616    0.09424    1.02315    8.37845    0.00000    0.03695
 "LT.QFN50"            30.76263    0.25500    6.87225   25.86227    5.64440    0.09249   -2.20468    8.67044    0.00000    0.03758
 "DRIFT_29"            31.58513    0.82250    5.33846   15.81896    4.59268    0.07238   -2.76063   12.75440    0.00000    0.04558
 "LT.VPI14"            31.58513    0.00000    5.33846   15.81896    4.59268    0.07238   -2.76063   12.75440    0.00000    0.04558
 "DRIFT_30"            32.00513    0.42000    4.55524   11.66361    4.05563    0.06218   -3.04452   15.19257    0.00000    0.04975
 "LT.BEC4"             32.00513    0.00000    4.55524   11.66361    4.05563    0.06218   -3.04452   15.19257    0.00000    0.04975
 "DRIFT_31"            32.36613    0.36100    3.88205    8.61774    3.59403    0.05348   -3.28853   17.47880    0.00000    0.05336
 "LT.BCT30"            32.36613    0.00000    3.88205    8.61774    3.59403    0.05348   -3.28853   17.47880    0.00000    0.05336
 "DRIFT_32"            32.88513    0.51900    2.91422    5.09048    2.93039    0.04115   -3.63934   21.07436    0.00000    0.05859
 "LT.DHZ40"            32.88513    0.00000    2.91422    5.09048    2.93039    0.04115   -3.63934   21.07436    0.00000    0.05859
 "LT.DVT40"            32.88513    0.00000    2.91422    5.09048    2.93039    0.04115   -3.63934   21.07436    0.00000    0.05859
 "DRIFT_33"            34.04513    1.16000    0.75106    0.83875    1.44711    0.01678   -4.42341   30.42715    0.00000    0.07041
 "LT.BPM40"            34.04513    0.00000    0.75106    0.83875    1.44711    0.01678   -4.42341   30.42715    0.00000    0.07041
 "DRIFT_34"            34.70763    0.66250   -0.48437    0.66206    0.59998    0.01474   -4.87122   36.58485    0.00000    0.07720
 "LT.QDN55"            34.96263    0.25500   -1.14597    1.07144    0.28545    0.01869    1.90770   37.35254    0.00000    0.07801
 "DRIFT_35"            35.19713    0.23450   -1.65226    1.72763    0.00455    0.02373    1.87858   36.46466    0.00000    0.07708
 "LT.VVS20"            35.19713    0.00000   -1.65226    1.72763    0.00455    0.02373    1.87858   36.46466    0.00000    0.07708
 "DRIFT_36"            39.57763    4.38050  -11.10979   57.63180   -5.24271    0.13743    1.33450   22.38977    0.00000    0.06040
 "LT.QFN60"            39.83263    0.25500   -0.38524   60.60956   -5.42376    0.14095   -2.80374   22.75870    0.00000    0.06089
 "DRIFT_37"            41.48564    1.65300   -0.41656   61.93495   -5.78189    0.14253   -3.44733   33.09173    0.00000    0.07342
 "LT.QDN65"            41.74064    0.25500  -12.16844   65.09505   -5.97320    0.14613    2.65099   33.29802    0.00000    0.07365
 "DRIFT_38"            42.01042    0.26978  -12.78625   71.82733   -6.32111    0.15350    2.58595   31.88520    0.00000    0.07207
 "LT.BHZ25"            42.41586    0.40544  -13.71473   82.57188   -6.84398    0.16460    2.48820   29.82793    0.00000    0.06971
 "DRIFT_39"            43.51013    1.09428  -16.22068  115.32960   -8.25518    0.19455    2.22438   24.67105    0.00000    0.06340
 "LT.VPI25"            43.51013    0.00000  -16.22068  115.32960   -8.25518    0.19455    2.22438   24.67105    0.00000    0.06340
 "DRIFT_40"            46.10614    2.59600  -22.16565  214.98053  -11.60303    0.26568    1.59852   14.74679    0.00000    0.04902
 "LT.VPI26"            46.10614    0.00000  -22.16565  214.98053  -11.60303    0.26568    1.59852   14.74679    0.00000    0.04902
 "DRIFT_41"            46.51413    0.40800  -23.09999  233.44892  -12.12920    0.27686    1.50016   13.48253    0.00000    0.04687
 "LT.QFW70"            46.97613    0.46200   45.50850  222.59217  -11.88415    0.27036   -2.59597   13.96673    0.00000    0.04770
 "DRIFT_42"            50.00764    3.03150   17.28945   32.22018   -4.79585    0.10291   -4.27574   34.79831    0.00000    0.07529
 "LT.QDN75"            50.26264    0.25500   10.81361   25.15375   -4.29767    0.09094    1.58394   35.49461    0.00000    0.07604
 "DRIFT_43"            51.10514    0.84250    6.86352   10.26077   -2.96412    0.05812    1.50065   32.89585    0.00000    0.07321
 "LT.DHZ50"            51.10514    0.00000    6.86352   10.26077   -2.96412    0.05812    1.50065   32.89585    0.00000    0.07321
 "LT.DVT50"            51.10514    0.00000    6.86352   10.26077   -2.96412    0.05812    1.50065   32.89585    0.00000    0.07321
 "DRIFT_44"            51.73914    0.63400    3.89099    3.44241   -1.96060    0.03372    1.43798   31.03276    0.00000    0.07110
 "LT.BCT40"            51.73914    0.00000    3.89099    3.44241   -1.96060    0.03372    1.43798   31.03276    0.00000    0.07110
 "DRIFT_45"            52.22714    0.48800    1.60299    0.76134   -1.18816    0.01593    1.38974   29.65283    0.00000    0.06950
 "LT.BPM50"            52.78314    0.55600   -1.00383    0.42821   -0.30810    0.01183    1.33477   28.13801    0.00000    0.06771
 "DRIFT_46"            53.47286    0.68972   -4.23760    4.04334    0.78362    0.03633    1.26659   26.34380    0.00000    0.06551
 "ENDLT"               53.47286    0.00000   -4.23760    4.04334    0.78362    0.03633    1.26659   26.34380    0.00000    0.06551
 "LT$END"              53.47286    0.00000   -4.23760    4.04334    0.78362    0.03633    1.26659   26.34380    0.00000    0.06551
 "DRIFT_47"            53.47287    0.00002   -4.23769    4.04349    0.78365    0.03633    1.26659   26.34375    0.00000    0.06551
 "LTB$START"           53.47287    0.00000   -4.23769    4.04349    0.78365    0.03633    1.26659   26.34375    0.00000    0.06551
 "BEGLTB"              53.47287    0.00000   -4.23769    4.04349    0.78365    0.03633    1.26659   26.34375    0.00000    0.06551
 "LT.BHZ30"            54.52432    1.05145   -6.99498   16.47080    1.71657    0.07334    1.16264   23.78954    0.00000    0.06225
 "DRIFT_48"            55.21204    0.68772   -9.07975   27.52574    1.83338    0.09477    1.09466   22.23715    0.00000    0.06019
 "LTB.DHZ10"           55.21204    0.00000   -9.07975   27.52574    1.83338    0.09477    1.09466   22.23715    0.00000    0.06019
 "LTB.DVT10"           55.21204    0.00000   -9.07975   27.52574    1.83338    0.09477    1.09466   22.23715    0.00000    0.06019
 "DRIFT_49"            55.74554    0.53350  -10.69701   38.07664    1.92399    0.11145    1.04192   21.09728    0.00000    0.05863
 "LTB.STP10"           55.74554    0.00000  -10.69701   38.07664    1.92399    0.11145    1.04192   21.09728    0.00000    0.05863
 "DRIFT_50"            56.13204    0.38650  -11.86865   46.79826    1.98963    0.12355    1.00371   20.30665    0.00000    0.05752
 "LTB.VVS10"           56.13204    0.00000  -11.86865   46.79826    1.98963    0.12355    1.00371   20.30665    0.00000    0.05752
 "DRIFT_51"            56.62954    0.49750  -13.37677   59.35786    2.07413    0.13913    0.95453   19.33242    0.00000    0.05612
 "LTB.VPI11"           56.62954    0.00000  -13.37677   59.35786    2.07413    0.13913    0.95453   19.33242    0.00000    0.05612
 "DRIFT_52"            58.16454    1.53500  -18.02999  107.56725    2.33484    0.18727    0.80279   16.63494    0.00000    0.05206
 "LTB.QFN10"           58.41954    0.25500   22.64214  106.35191    2.26602    0.18621   -5.75229   17.85808    0.00000    0.05394
 "DRIFT_19"            59.16454    0.74500   19.04388   75.29582    1.74060    0.15667   -7.17441   27.48848    0.00000    0.06692
 "LTB.QDN20"           59.41954    0.25500    6.09614   68.97754    1.59789    0.14995   -2.41817   29.97111    0.00000    0.06988
 "DRIFT_53"            59.73004    0.31050    5.92435   65.24518    1.46804    0.14583   -2.48911   31.49483    0.00000    0.07163
 "LTB.MSF30"           59.73004    0.00000    5.92435   65.24518    1.46804    0.14583   -2.48911   31.49483    0.00000    0.07163
 "DRIFT_54"            60.43754    0.70750    5.53291   57.13917    1.17216    0.13647   -2.65075   35.13128    0.00000    0.07565
 "LTB.BPM10"           60.43754    0.00000    5.53291   57.13917    1.17216    0.13647   -2.65075   35.13128    0.00000    0.07565
 "DRIFT_55"            60.80504    0.36750    5.32959   53.14720    1.01847    0.13161   -2.73472   37.11044    0.00000    0.07776
 "LTB.BCT49"           60.80504    0.00000    5.32959   53.14720    1.01847    0.13161   -2.73472   37.11044    0.00000    0.07776
 "DRIFT_56"            61.14204    0.33700    5.14314   49.61789    0.87754    0.12716   -2.81171   38.97959    0.00000    0.07969
 "LTB.DHZ20"           61.14204    0.00000    5.14314   49.61789    0.87754    0.12716   -2.81171   38.97959    0.00000    0.07969
 "LTB.DVT20"           61.14204    0.00000    5.14314   49.61789    0.87754    0.12716   -2.81171   38.97959    0.00000    0.07969
 "DRIFT_57"            64.07104    2.92900    3.52262   24.23587   -0.34736    0.08887   -3.48091   57.41067    0.00000    0.09671
 "LTB.BCT50"           64.07104    0.00000    3.52262   24.23587   -0.34736    0.08887   -3.48091   57.41067    0.00000    0.09671
 "DRIFT_58"            64.58104    0.51000    3.24046   20.78670   -0.56065    0.08231   -3.59743   61.02062    0.00000    0.09971
 "LTB.BCT55"           64.58104    0.00000    3.24046   20.78670   -0.56065    0.08231   -3.59743   61.02062    0.00000    0.09971
 "DRIFT_59"            67.64204    3.06100    1.54691    6.13256   -1.84075    0.04485   -4.29678   85.18478    0.00000    0.11780
 "LTB.BPM20"           67.64204    0.00000    1.54691    6.13256   -1.84075    0.04485   -4.29678   85.18478    0.00000    0.11780
 "DRIFT_60"            68.14204    0.50000    1.27028    4.72397   -2.04985    0.03945   -4.41101   89.53868    0.00000    0.12078
 "LTB.DHZ30"           68.14204    0.00000    1.27028    4.72397   -2.04985    0.03945   -4.41101   89.53868    0.00000    0.12078
 "LTB.DVT30"           68.14204    0.00000    1.27028    4.72397   -2.04985    0.03945   -4.41101   89.53868    0.00000    0.12078
 "DRIFT_61"            68.81154    0.66950    0.89987    3.27105   -2.32984    0.03298   -4.56398   95.54744    0.00000    0.12476
 "LTB.QFW30"           69.27254    0.46100    1.18135    2.27599   -2.39610    0.02765  -29.39162  110.66732    0.00000    0.13427
 "DRIFT_62"            69.81154    0.53900    0.61403    1.30828   -2.32425    0.02116  -33.60392  144.62191    0.00000    0.15350
 "LTB.QDW40"           70.27254    0.46100   -0.16259    1.10909   -2.42075    0.01962   10.60904  155.72911    0.00000    0.15928
 "DRIFT_63"            74.92104    4.64850   -4.46467   22.61892   -5.00845    0.08643    7.21953   72.85298    0.00000    0.10894
 "LTB.BCT59"           74.92104    0.00000   -4.46467   22.61892   -5.00845    0.08643    7.21953   72.85298    0.00000    0.10894
 "DRIFT_64"            75.46404    0.54300   -4.96720   27.74042   -5.31073    0.09566    6.82360   65.22756    0.00000    0.10309
 "LTB.VPI12"           75.46404    0.00000   -4.96720   27.74042   -5.31073    0.09566    6.82360   65.22756    0.00000    0.10309
 "DRIFT_65"            75.91404    0.45000   -5.38367   32.39831   -5.56123    0.10334    6.49547   59.23398    0.00000    0.09824
 "LTB.VGR01"           75.91404    0.00000   -5.38367   32.39831   -5.56123    0.10334    6.49547   59.23398    0.00000    0.09824
 "DRIFT_66"            77.98004    2.06600   -7.29570   58.59389   -6.71132    0.13882    4.98902   35.50700    0.00000    0.07606
 "LTB.VPI13"           77.98004    0.00000   -7.29570   58.59389   -6.71132    0.13882    4.98902   35.50700    0.00000    0.07606
 "DRIFT_67"            78.51004    0.53000   -7.78620   66.58730   -7.00636    0.14796    4.60257   30.42346    0.00000    0.07040
 "LTB.MSF40"           78.51004    0.00000   -7.78620   66.58730   -7.00636    0.14796    4.60257   30.42346    0.00000    0.07040
 "DRIFT_68"            78.94204    0.43200   -8.18601   73.48729   -7.24684    0.15542    4.28757   26.58292    0.00000    0.06581
 "LTB.BCT60"           78.94204    0.00000   -8.18601   73.48729   -7.24684    0.15542    4.28757   26.58292    0.00000    0.06581
 "DRIFT_69"            79.36154    0.41950   -8.57425   80.51822   -7.48036    0.16266    3.98169   23.11396    0.00000    0.06136
 "LTB.QFW50"           79.82254    0.46100   18.67132   75.59858   -7.14045    0.15760   -3.94304   23.09704    0.00000    0.06134
 "DRIFT_70"            80.66154    0.83900   14.79123   47.52351   -5.45265    0.12491   -4.54414   30.21778    0.00000    0.07016
 "LTB.QDW60"           81.12254    0.46100   -2.69026   42.25509   -4.99187    0.11776    7.05957   28.98378    0.00000    0.06872
 "DRIFT_69"            81.54204    0.41950   -2.77204   44.54653   -4.98470    0.12089    6.32377   23.36947    0.00000    0.06170
 "LTB.DHZ40"           81.54204    0.00000   -2.77204   44.54653   -4.98470    0.12089    6.32377   23.36947    0.00000    0.06170
 "LTB.DVT40"           81.54204    0.00000   -2.77204   44.54653   -4.98470    0.12089    6.32377   23.36947    0.00000    0.06170
 "DRIFT_71"            82.04604    0.50400   -2.87029   47.39026   -4.97610    0.12466    5.43975   17.44066    0.00000    0.05330
 "LTB.BPM30"           82.04604    0.00000   -2.87029   47.39026   -4.97610    0.12466    5.43975   17.44066    0.00000    0.05330
 "DRIFT_72"            82.70804    0.66200   -2.99935   51.27597   -4.96479    0.12964    4.27860   11.00711    0.00000    0.04235
 "ENDLTB"              82.70804    0.00000   -2.99935   51.27597   -4.96479    0.12964    4.27860   11.00711    0.00000    0.04235
 "LTB$END"             82.70804    0.00000   -2.99935   51.27597   -4.96479    0.12964    4.27860   11.00711    0.00000    0.04235
 "LBE$START"           82.70804    0.00000   -2.99935   51.27597   -4.96479    0.12964    4.27860   11.00711    0.00000    0.04235
 "BEGLBE"              82.70804    0.00000   -2.99935   51.27597   -4.96479    0.12964    4.27860   11.00711    0.00000    0.04235
 "LBE.BHZ40"           83.60842    0.90038   -3.17458   56.82556   -5.09243    0.13645    2.73988    4.65854    0.00000    0.02755
 "DRIFT_73"            85.74042    2.13200   -3.59021   71.24810   -5.73429    0.15280   -1.15336    1.27607    0.00000    0.01442
 "LBE.KVT9"            85.74042    0.00000   -3.59021   71.24810   -5.73429    0.15280   -1.15336    1.27607    0.00000    0.01442
 "DRIFT_74"            86.38642    0.64600   -3.71615   75.96800   -5.92877    0.15778   -2.33302    3.52828    0.00000    0.02398
 "LBE.KHZ9"            86.38642    0.00000   -3.71615   75.96800   -5.92877    0.15778   -2.33302    3.52828    0.00000    0.02398
 "DRIFT_75"            86.85842    0.47200   -3.80816   79.51948   -6.07087    0.16142   -3.19494    6.13747    0.00000    0.03162
 "LBE.VVS10"           86.85842    0.00000   -3.80816   79.51948   -6.07087    0.16142   -3.19494    6.13747    0.00000    0.03162
 "DRIFT_76"            87.94042    1.08200   -4.01909   87.98857   -6.39662    0.16980   -5.17078   15.18918    0.00000    0.04974
 "LBE.KVT10"           87.94042    0.00000   -4.01909   87.98857   -6.39662    0.16980   -5.17078   15.18918    0.00000    0.04974
 "DRIFT_77"            88.38642    0.44600   -4.10604   91.61238   -6.53089    0.17326   -5.98522   20.16476    0.00000    0.05732
 "LBE.KHZ10"           88.38642    0.00000   -4.10604   91.61238   -6.53089    0.17326   -5.98522   20.16476    0.00000    0.05732
 "DRIFT_78"            88.92042    0.53400   -4.21014   96.05322   -6.69166    0.17742   -6.96036   27.07770    0.00000    0.06642
 "LBE.SLH10"           88.92042    0.00000   -4.21014   96.05322   -6.69166    0.17742   -6.96036   27.07770    0.00000    0.06642
 "DRIFT_79"            89.14542    0.22500   -4.25400   97.95765   -6.75940    0.17917   -7.37123   30.30231    0.00000    0.07026
 "LBE.SLV10"           89.14542    0.00000   -4.25400   97.95765   -6.75940    0.17917   -7.37123   30.30231    0.00000    0.07026
 "DRIFT_5"             89.40842    0.26300   -4.30528  100.20874   -6.83858    0.18121   -7.85149   34.30588    0.00000    0.07476
 "LBE.QFW10"           89.90842    0.50000   -4.40275  104.56275   -6.98911    0.18511   -8.76454   42.61390    0.00000    0.08332
 "DRIFT_80"            90.29572    0.38730   -4.47825  108.00236   -7.10571    0.18813   -9.47179   49.67683    0.00000    0.08996
 "LBE.VGP1"            90.29572    0.00000   -4.47825  108.00236   -7.10571    0.18813   -9.47179   49.67683    0.00000    0.08996
 "LBE.VGR1"            90.29572    0.00000   -4.47825  108.00236   -7.10571    0.18813   -9.47179   49.67683    0.00000    0.08996
 "DRIFT_81"            90.72782    0.43210   -4.56249  111.90887   -7.23580    0.19150  -10.26085   58.20331    0.00000    0.09738
 "LBE.VPI11"           90.72782    0.00000   -4.56249  111.90887   -7.23580    0.19150  -10.26085   58.20331    0.00000    0.09738
 "DRIFT_82"            91.40842    0.68060   -4.69517  118.20963   -7.44070    0.19682  -11.50369   73.01626    0.00000    0.10907
 "LBE.QDW10"           91.90842    0.50000   -4.79264  122.95354   -7.59123    0.20073  -12.41674   84.97648    0.00000    0.11766
 "DRIFT_83"            92.60842    0.70000   -4.92911  129.75876   -7.80197    0.20621  -13.69501  103.25471    0.00000    0.12970
 "LBE.D10"             92.60842    0.00000   -4.92911  129.75876   -7.80197    0.20621  -13.69501  103.25471    0.00000    0.12970
 "DRIFT_84"            95.73542    3.12700   -5.53871  162.49161   -8.74339    0.23076  -19.40523  206.75916    0.00000    0.18353
 "LBE.BCT66"           95.83542    0.10000   -5.55820  163.60130   -8.77350    0.23155  -19.58784  210.65847    0.00000    0.18526
 "DRIFT_85"            95.95342    0.11800   -5.58120  164.91575   -8.80902    0.23248  -19.80332  215.30662    0.00000    0.18729
 "LBE.BCT65"           96.14342    0.19000   -5.61824  167.04365   -8.86622    0.23397  -20.15028  222.89781    0.00000    0.19056
 "DRIFT_86"            97.15592    1.01250   -5.81563  178.62044   -9.17105    0.24194  -21.99920  265.57415    0.00000    0.20801
 "LBE.MSGH10"          97.15592    0.00000   -5.81563  178.62044   -9.17105    0.24194  -21.99920  265.57415    0.00000    0.20801
 "LBE.MSGV10"          97.15592    0.00000   -5.81563  178.62044   -9.17105    0.24194  -21.99920  265.57415    0.00000    0.20801
 "DRIFT_87"            97.54692    0.39100   -5.89185  183.19807   -9.28876    0.24502  -22.71321  283.05671    0.00000    0.21474
 "LBE.MSGHV20"         97.54692    0.00000   -5.89185  183.19807   -9.28876    0.24502  -22.71321  283.05671    0.00000    0.21474
 "DRIFT_88"            97.67852    0.13160   -5.91751  184.75218   -9.32838    0.24606  -22.95352  289.06645    0.00000    0.21701
 "LBE.DUMP"            97.69852    0.02000   -5.92141  184.98896   -9.33440    0.24622  -22.99004  289.98532    0.00000    0.21735
 "DRIFT_89"            97.71052    0.01200   -5.92375  185.13110   -9.33802    0.24631  -23.01196  290.53734    0.00000    0.21756
 "ENDLBE"              97.71052    0.00000   -5.92375  185.13110   -9.33802    0.24631  -23.01196  290.53734    0.00000    0.21756
 "LBE$END"             97.71052    0.00000   -5.92375  185.13110   -9.33802    0.24631  -23.01196  290.53734    0.00000    0.21756
 "LTLTBLBE$END"        97.71052    0.00000   -5.92375  185.13110   -9.33802    0.24631  -23.01196  290.53734    0.00000    0.21756
