@ NAME             %09s "PTC_TWISS"
@ TYPE             %05s "TWISS"
@ SEQUENCE         %08s "LTLTBLBS"
@ PARTICLE         %06s "PROTON"
@ MASS             %le       0.93827
@ CHARGE           %le       1.00000
@ ENERGY           %le       0.98847
@ PC               %le       0.31100
@ GAMMA            %le       1.05350
@ KBUNCH           %le       1.00000
@ BCURRENT         %le       0.00000
@ SIGE             %le       0.00100
@ SIGT             %le       0.00000
@ NPART            %le       0.00000
@ EX               %le       0.00004
@ EY               %le       0.00002
@ ET               %le       1.00000
@ DELTAP           %le       0.00000
@ LENGTH           %le     131.26445
@ ALPHA_C          %le  -1000000.00000
@ ALPHA_C_P        %le  -1000000.00000
@ ALPHA_C_P2       %le  -1000000.00000
@ ALPHA_C_P3       %le  -1000000.00000
@ ETA_C            %le  -1000000.00000
@ GAMMA_TR         %le  -1000000.00000
@ Q1               %le       2.45579
@ Q2               %le       1.97555
@ DQ1              %le  -1000000.00000
@ DQ2              %le  -1000000.00000
@ QS               %le  -1000000.00000
@ BETA_X_MIN       %le       0.72590
@ BETA_X_MAX       %le     397.68707
@ BETA_Y_MIN       %le       1.79853
@ BETA_Y_MAX       %le   53331.75232
@ BETA11MIN        %le       0.72590
@ BETA11MAX        %le     397.68707
@ BETA12MIN        %le       0.00000
@ BETA12MAX        %le       0.00000
@ BETA13MIN        %le       0.00000
@ BETA13MAX        %le       0.00000
@ BETA21MIN        %le       0.00000
@ BETA21MAX        %le       0.00000
@ BETA22MIN        %le       1.79853
@ BETA22MAX        %le   53331.75232
@ BETA23MIN        %le       0.00000
@ BETA23MAX        %le       0.00000
@ BETA31MIN        %le       0.00000
@ BETA31MAX        %le       0.00000
@ BETA32MIN        %le       0.00000
@ BETA32MAX        %le       0.00000
@ BETA33MIN        %le       0.00000
@ BETA33MAX        %le       0.00000
@ DISP1MIN         %le     -10.37755
@ DISP1MAX         %le       9.64833
@ DISP2MIN         %le      -1.19545
@ DISP2MAX         %le       1.80392
@ DISP3MIN         %le     -92.44067
@ DISP3MAX         %le       0.00000
@ DISP4MIN         %le      -2.57136
@ DISP4MAX         %le       0.00000
@ ORBIT_X          %le       0.00000
@ ORBIT_PX         %le       0.00000
@ ORBIT_Y          %le       0.00000
@ ORBIT_PY         %le       0.00000
@ ORBIT_PT         %le       0.00000
@ ORBIT_-CT        %le       0.00000
@ XCORMS           %le       0.00000
@ PXCORMS          %le       0.00000
@ YCORMS           %le       0.00000
@ PYCORMS          %le       0.00000
@ TCORMS           %le       0.00000
@ PTCORMS          %le       0.00000
@ XCOMIN           %le       0.00000
@ XCOMAX           %le       0.00000
@ PXCOMIN          %le       0.00000
@ PXCOMAX          %le       0.00000
@ YCOMIN           %le       0.00000
@ YCOMAX           %le       0.00000
@ PYCOMIN          %le       0.00000
@ PYCOMAX          %le       0.00000
@ TCOMIN           %le       0.00000
@ TCOMAX           %le       0.00000
@ PTCOMIN          %le       0.00000
@ PTCOMAX          %le       0.00000
@ TITLE            %57s "LT-LTB-LBS 2014 optics. Protons - 311 MeV/c (Ekin=50 MeV)"
@ ORIGIN           %22s "MAD-X 5.02.00 Linux 64"
@ DATE             %08s "25/11/14"
@ TIME             %08s "15.59.47"
* NAME                          S            L       ALFA11       BETA11        DISP1        DIMXC       ALFA22       BETA22        DISP3        DIMYC 
$ %s                          %le          %le          %le          %le          %le          %le          %le          %le          %le          %le 
 "LTLTBLBS$START"         0.00000      0.00000     -0.19000      1.34200      0.00000      0.02091      0.10300      2.48000      0.00000      0.02010
 "LT$START"               0.00000      0.00000     -0.19000      1.34200      0.00000      0.02091      0.10300      2.48000      0.00000      0.02010
 "BEGLT"                  0.00000      0.00000     -0.19000      1.34200      0.00000      0.02091      0.10300      2.48000      0.00000      0.02010
 "DRIFT_0"                0.04800      0.04800     -0.22706      1.36202      0.00000      0.02107      0.08344      2.47105      0.00000      0.02006
 "LT.VVS10"               0.04800      0.00000     -0.22706      1.36202      0.00000      0.02107      0.08344      2.47105      0.00000      0.02006
 "DRIFT_1"                0.39800      0.35000     -0.49728      1.61554      0.00000      0.02294     -0.05919      2.46256      0.00000      0.02003
 "LT.DHZ10"               0.39800      0.00000     -0.49728      1.61554      0.00000      0.02294     -0.05919      2.46256      0.00000      0.02003
 "LT.DVT10"               0.39800      0.00000     -0.49728      1.61554      0.00000      0.02294     -0.05919      2.46256      0.00000      0.02003
 "DRIFT_2"                1.40000      1.00200     -1.27088      3.38723      0.00000      0.03322     -0.46751      2.99031      0.00000      0.02207
 "LT.BPM10"               1.40000      0.00000     -1.27088      3.38723      0.00000      0.03322     -0.46751      2.99031      0.00000      0.02207
 "DRIFT_3"                1.84950      0.44950     -1.61792      4.68575      0.00000      0.03907     -0.65068      3.49293      0.00000      0.02385
 "LT.QFN10"               2.10450      0.25500      3.44432      4.16887      0.00000      0.03686     -5.99947      5.04133      0.00000      0.02866
 "DRIFT_4"                2.14700      0.04250      3.31319      3.88167      0.00000      0.03556     -6.31134      5.56454      0.00000      0.03011
 "LT.BEC1"                2.14700      0.00000      3.31319      3.88167      0.00000      0.03556     -6.31134      5.56454      0.00000      0.03011
 "DRIFT_5"                2.41000      0.26300      2.50168      2.35236      0.00000      0.02769     -8.24125      9.39188      0.00000      0.03912
 "LT.BCT10"               2.41000      0.00000      2.50168      2.35236      0.00000      0.02769     -8.24125      9.39188      0.00000      0.03912
 "DRIFT_6"                2.64950      0.23950      1.76268      1.33105      0.00000      0.02083     -9.99872     13.76035      0.00000      0.04735
 "LT.QDN12"               2.90450      0.25500      0.35327      0.82838      0.00000      0.01643      2.88514     15.72274      0.00000      0.05061
 "DRIFT_7"                3.08900      0.18450      0.10275      0.74424      0.00000      0.01557      2.77572     14.67831      0.00000      0.04890
 "LT.BHZ10"               3.59500      0.50600     -0.58431      0.98791      0.00000      0.01794      2.47565     12.02111      0.00000      0.04425
 "DRIFT_8"                5.48500      1.89000     -3.15061      8.04691      0.00000      0.05120      1.35483      4.78150      0.00000      0.02791
 "LT.VPI11"               5.48500      0.00000     -3.15061      8.04691      0.00000      0.05120      1.35483      4.78150      0.00000      0.02791
 "DRIFT_9"                7.33450      1.84950     -5.66192     24.34570      0.00000      0.08907      0.25802      1.79853      0.00000      0.01712
 "LT.QFN20"               7.58950      0.25500      6.26603     24.18494      0.00000      0.08877     -0.78933      1.92867      0.00000      0.01773
 "DRIFT_10"               7.84700      0.25750      5.83734     21.06833      0.00000      0.08285     -1.00602      2.39097      0.00000      0.01974
 "LT.BEC2"                7.84700      0.00000      5.83734     21.06833      0.00000      0.08285     -1.00602      2.39097      0.00000      0.01974
 "DRIFT_11"               8.33450      0.48750      5.02575     15.77257      0.00000      0.07169     -1.41627      3.57184      0.00000      0.02412
 "LT.QDN22"               8.58950      0.25500     -0.07170     14.54368      0.00000      0.06884     -0.26926      4.01417      0.00000      0.02557
 "DRIFT_12"              11.72220      3.13270     -0.28821     15.67115      0.00000      0.07146     -1.10625      8.32321      0.00000      0.03682
 "LT.DHZ20"              11.72220      0.00000     -0.28821     15.67115      0.00000      0.07146     -1.10625      8.32321      0.00000      0.03682
 "LT.DVT20"              11.72220      0.00000     -0.28821     15.67115      0.00000      0.07146     -1.10625      8.32321      0.00000      0.03682
 "DRIFT_13"              13.19450      1.47230     -0.38996     16.66961      0.00000      0.07370     -1.49961     12.15982      0.00000      0.04451
 "LT.QFN30"              13.44950      0.25500      2.35154     16.16213      0.00000      0.07257     -3.80559     13.49362      0.00000      0.04689
 "DRIFT_14"              14.20450      0.75500      2.04651     12.84160      0.00000      0.06469     -4.67187     19.89410      0.00000      0.05693
 "LT.QDN32"              14.45950      0.25500     -0.88406     12.55083      0.00000      0.06395     -0.02044     21.11457      0.00000      0.05865
 "DRIFT_15"              15.13200      0.67250     -0.97952     13.80410      0.00000      0.06707     -0.05230     21.16349      0.00000      0.05872
 "LT.VPI2"               15.13200      0.00000     -0.97952     13.80410      0.00000      0.06707     -0.05230     21.16349      0.00000      0.05872
 "DRIFT_16"              17.17750      2.04550     -1.26988     18.40524      0.00000      0.07744     -0.14922     21.57568      0.00000      0.05929
 "LT.BPM20"              17.17750      0.00000     -1.26988     18.40524      0.00000      0.07744     -0.14922     21.57568      0.00000      0.05929
 "DRIFT_17"              18.28200      1.10450     -1.42666     21.38357      0.00000      0.08347     -0.20155     21.96310      0.00000      0.05982
 "LT.VGP11"              18.28200      0.00000     -1.42666     21.38357      0.00000      0.08347     -0.20155     21.96310      0.00000      0.05982
 "DRIFT_18"              18.84450      0.56250     -1.50650     23.03347      0.00000      0.08663     -0.22820     22.20483      0.00000      0.06015
 "LT.QFN40"              19.09950      0.25500      8.30199     21.23179      0.00000      0.08317    -10.96734     24.95617      0.00000      0.06376
 "DRIFT_19"              19.84450      0.74500      5.84847     10.68970      0.00000      0.05902    -14.58791     43.99484      0.00000      0.08466
 "LT.QDN42"              20.09950      0.25500      1.81014      8.79721      0.00000      0.05354      2.56719     47.16263      0.00000      0.08766
 "DRIFT_20"              20.39200      0.29250      1.66795      7.77987      0.00000      0.05035      2.52012     45.67459      0.00000      0.08626
 "LT.DHZ30"              20.39200      0.00000      1.66795      7.77987      0.00000      0.05035      2.52012     45.67459      0.00000      0.08626
 "LT.DVT30"              20.39200      0.00000      1.66795      7.77987      0.00000      0.05035      2.52012     45.67459      0.00000      0.08626
 "DRIFT_21"              20.99500      0.60300      1.37481      5.94509      0.00000      0.04401      2.42307     42.69385      0.00000      0.08340
 "LT.BPM30"              20.99500      0.00000      1.37481      5.94509      0.00000      0.04401      2.42307     42.69385      0.00000      0.08340
 "DRIFT_22"              21.74700      0.75200      1.00924      4.15228      0.00000      0.03678      2.30204     39.14057      0.00000      0.07985
 "LT.CDB10"              21.74700      0.00000      1.00924      4.15228      0.00000      0.03678      2.30204     39.14057      0.00000      0.07985
 "DRIFT_23"              22.69250      0.94550      0.54960      2.67840      0.00000      0.02954      2.14987     34.93129      0.00000      0.07544
 "LT.BCT20"              22.69250      0.00000      0.54960      2.67840      0.00000      0.02954      2.14987     34.93129      0.00000      0.07544
 "DRIFT_24"              23.48437      0.79187      0.16465      2.11281      0.00000      0.02624      2.02242     31.62739      0.00000      0.07178
 "LT.BHZ20"              24.53277      1.04840     -0.19486      2.14534      0.46220      0.02646      1.85369     27.56366      0.00000      0.06701
 "DRIFT_25"              25.26713      0.73437     -0.55017      2.69247      1.10551      0.02970      1.73550     24.92788      0.00000      0.06373
 "LT.VGP12"              25.26713      0.00000     -0.55017      2.69247      1.10551      0.02970      1.73550     24.92788      0.00000      0.06373
 "DRIFT_26"              26.11513      0.84800     -0.96045      3.97348      1.84835      0.03617      1.59902     22.10021      0.00000      0.06000
 "LT.STP10"              26.11513      0.00000     -0.96045      3.97348      1.84835      0.03617      1.59902     22.10021      0.00000      0.06000
 "DRIFT_27"              29.36513      3.25000     -2.53289     15.32685      4.69533      0.07129      1.07596     13.40653      0.00000      0.04673
 "LT.BEC3"               29.36513      0.00000     -2.53289     15.32685      4.69533      0.07129      1.07596     13.40653      0.00000      0.04673
 "DRIFT_28"              30.50763      1.14250     -3.08566     21.74604      5.69616      0.08494      0.89208     11.15805      0.00000      0.04264
 "LT.QFN50"              30.76263      0.25500      4.75054     21.30793      5.65511      0.08409     -3.27604     11.74791      0.00000      0.04375
 "DRIFT_29"              31.58513      0.82250      3.84081     14.24154      4.67185      0.06876     -4.09746     17.81262      0.00000      0.05387
 "LT.VPI14"              31.58513      0.00000      3.84081     14.24154      4.67185      0.06876     -4.09746     17.81262      0.00000      0.05387
 "DRIFT_30"              32.00513      0.42000      3.37627     11.21037      4.16976      0.06101     -4.51691     21.43065      0.00000      0.05909
 "LT.BEC4"               32.00513      0.00000      3.37627     11.21037      4.16976      0.06101     -4.51691     21.43065      0.00000      0.05909
 "DRIFT_31"              32.36613      0.36100      2.97699      8.91684      3.73820      0.05442     -4.87743     24.82201      0.00000      0.06359
 "LT.BCT30"              32.36613      0.00000      2.97699      8.91684      3.73820      0.05442     -4.87743     24.82201      0.00000      0.06359
 "DRIFT_32"              32.88513      0.51900      2.40295      6.12465      3.11776      0.04511     -5.39575     30.15379      0.00000      0.07009
 "LT.DHZ40"              32.88513      0.00000      2.40295      6.12465      3.11776      0.04511     -5.39575     30.15379      0.00000      0.07009
 "LT.DVT40"              32.88513      0.00000      2.40295      6.12465      3.11776      0.04511     -5.39575     30.15379      0.00000      0.07009
 "DRIFT_33"              34.04513      1.16000      1.11993      2.03811      1.73104      0.02600     -6.55422     44.01576      0.00000      0.08468
 "LT.BPM40"              34.04513      0.00000      1.11993      2.03811      1.73104      0.02600     -6.55422     44.01576      0.00000      0.08468
 "DRIFT_34"              34.70763      0.66250      0.38717      1.03965      0.93906      0.01850     -7.21585     53.13843      0.00000      0.09304
 "LT.QDN55"              34.96263      0.25500     -0.08639      0.96427      0.65645      0.01777      3.91612     53.99501      0.00000      0.09379
 "DRIFT_35"              35.19713      0.23450     -0.33139      1.06224      0.41471      0.01862      3.84517     52.17499      0.00000      0.09220
 "LT.VVS20"              35.19713      0.00000     -0.33139      1.06224      0.41471      0.01862      3.84517     52.17499      0.00000      0.09220
 "DRIFT_36"              39.57763      4.38050     -4.90810     24.01383     -4.10093      0.08884      2.51987     24.29295      0.00000      0.06291
 "LT.QFN60"              39.83263      0.25500     -0.62963     25.44747     -4.27011      0.09146     -1.73649     24.09613      0.00000      0.06265
 "DRIFT_37"              41.48564      1.65300     -0.72034     27.67897     -4.75133      0.09544     -2.01195     30.29231      0.00000      0.07025
 "LT.QDN65"              41.74064      0.25500     -5.82118     29.32253     -4.93318      0.09824      3.30029     29.95878      0.00000      0.06986
 "DRIFT_38"              42.01042      0.26978     -6.14215     32.55000     -5.24088      0.10352      3.19320     28.20696      0.00000      0.06779
 "LT.BHZ25"              42.41586      0.40544     -6.62452     37.72612     -5.70330      0.11146      3.03226     25.68291      0.00000      0.06468
 "DRIFT_39"              43.51013      1.09428     -7.92643     53.64892     -6.95137      0.13294      2.59790     19.52193      0.00000      0.05640
 "LT.VPI25"              43.51013      0.00000     -7.92643     53.64892     -6.95137      0.13294      2.59790     19.52193      0.00000      0.05640
 "DRIFT_40"              46.10614      2.59600    -11.01499    102.82083     -9.91221      0.18411      1.56744      8.70872      0.00000      0.03767
 "LT.VPI26"              46.10614      0.00000    -11.01499    102.82083     -9.91221      0.18411      1.56744      8.70872      0.00000      0.03767
 "DRIFT_41"              46.51413      0.40800    -11.50040    112.00711    -10.37755      0.19216      1.40548      7.49577      0.00000      0.03495
 "LT.QFW70"              46.97613      0.46200     19.85559    107.96966    -10.22262      0.18867     -0.71970      7.19205      0.00000      0.03423
 "DRIFT_42"              50.00764      3.03150      8.75818     21.22700     -4.75404      0.08371     -1.35954     13.49527      0.00000      0.04689
 "LT.QDN75"              50.26264      0.25500      5.03084     17.75791     -4.38833      0.07657      0.80095     13.63968      0.00000      0.04714
 "DRIFT_43"              51.10514      0.84250      3.78263     10.33257     -3.48333      0.05844      0.69956     12.37551      0.00000      0.04490
 "LT.DHZ50"              51.10514      0.00000      3.78263     10.33257     -3.48333      0.05844      0.69956     12.37551      0.00000      0.04490
 "LT.DVT50"              51.10514      0.00000      3.78263     10.33257     -3.48333      0.05844      0.69956     12.37551      0.00000      0.04490
 "DRIFT_44"              51.73914      0.63400      2.84332      6.13172     -2.80229      0.04505      0.62326     11.53684      0.00000      0.04335
 "LT.BCT40"              51.73914      0.00000      2.84332      6.13172     -2.80229      0.04505      0.62326     11.53684      0.00000      0.04335
 "DRIFT_45"              52.22714      0.48800      2.12032      3.70946     -2.27809      0.03506      0.56453     10.95720      0.00000      0.04225
 "LT.BPM50"              52.78314      0.55600      1.29658      1.80966     -1.68085      0.02451      0.49761     10.36666      0.00000      0.04110
 "DRIFT_46"              53.47286      0.68972      0.27472      0.72591     -0.93996      0.01549      0.41460      9.73748      0.00000      0.03983
 "ENDLT"                 53.47286      0.00000      0.27472      0.72591     -0.93996      0.01549      0.41460      9.73748      0.00000      0.03983
 "LT$END"                53.47286      0.00000      0.27472      0.72591     -0.93996      0.01549      0.41460      9.73748      0.00000      0.03983
 "DRIFT_47"              53.47287      0.00002      0.27469      0.72590     -0.93994      0.01549      0.41460      9.73747      0.00000      0.03983
 "LTB$START"             53.47287      0.00000      0.27469      0.72590     -0.93994      0.01549      0.41460      9.73747      0.00000      0.03983
 "BEGLTB"                53.47287      0.00000      0.27469      0.72590     -0.93994      0.01549      0.41460      9.73747      0.00000      0.03983
 "LT.BHZ30"              54.52432      1.05145     -1.11946      1.66051     -0.40332      0.02327      0.28806      8.99865      0.00000      0.03829
 "DRIFT_48"              55.21204      0.68772     -2.05265      3.84204     -0.44873      0.03539      0.20530      8.65936      0.00000      0.03756
 "LTB.DHZ10"             55.21204      0.00000     -2.05265      3.84204     -0.44873      0.03539      0.20530      8.65936      0.00000      0.03756
 "LTB.DVT10"             55.21204      0.00000     -2.05265      3.84204     -0.44873      0.03539      0.20530      8.65936      0.00000      0.03756
 "DRIFT_49"              55.74554      0.53350     -2.77657      6.41843     -0.48395      0.04574      0.14109      8.47456      0.00000      0.03716
 "LTB.STP10"             55.74554      0.00000     -2.77657      6.41843     -0.48395      0.04574      0.14109      8.47456      0.00000      0.03716
 "DRIFT_50"              56.13204      0.38650     -3.30103      8.76743     -0.50947      0.05346      0.09457      8.38348      0.00000      0.03696
 "LTB.VVS10"             56.13204      0.00000     -3.30103      8.76743     -0.50947      0.05346      0.09457      8.38348      0.00000      0.03696
 "DRIFT_51"              56.62954      0.49750     -3.97610     12.38780     -0.54232      0.06354      0.03470      8.31917      0.00000      0.03681
 "LTB.VPI11"             56.62954      0.00000     -3.97610     12.38780     -0.54232      0.06354      0.03470      8.31917      0.00000      0.03681
 "DRIFT_52"              58.16454      1.53500     -6.05898     27.79165     -0.64367      0.09517     -0.15004      8.49621      0.00000      0.03720
 "LTB.QFN10"             58.41954      0.25500      4.16834     28.28919     -0.63072      0.09602     -3.48494      9.39558      0.00000      0.03912
 "DRIFT_19"              59.16454      0.74500      3.68443     22.43887     -0.50647      0.08551     -4.52722     15.36464      0.00000      0.05003
 "LTB.QDN20"             59.41954      0.25500      0.00330     21.51153     -0.47438      0.08373     -2.01981     17.05807      0.00000      0.05272
 "DRIFT_53"              59.73004      0.31050     -0.01113     21.51396     -0.44776      0.08373     -2.11227     18.34108      0.00000      0.05466
 "LTB.MSF30"             59.73004      0.00000     -0.01113     21.51396     -0.44776      0.08373     -2.11227     18.34108      0.00000      0.05466
 "DRIFT_54"              60.43754      0.70750     -0.04402     21.55298     -0.38710      0.08380     -2.32296     21.47901      0.00000      0.05915
 "LTB.BPM10"             60.43754      0.00000     -0.04402     21.55298     -0.38710      0.08380     -2.32296     21.47901      0.00000      0.05915
 "DRIFT_55"              60.80504      0.36750     -0.06111     21.59162     -0.35559      0.08388     -2.43239     23.22660      0.00000      0.06151
 "LTB.BCT49"             60.80504      0.00000     -0.06111     21.59162     -0.35559      0.08388     -2.43239     23.22660      0.00000      0.06151
 "DRIFT_56"              61.14204      0.33700     -0.07677     21.63808     -0.32669      0.08397     -2.53275     24.89985      0.00000      0.06369
 "LTB.DHZ20"             61.14204      0.00000     -0.07677     21.63808     -0.32669      0.08397     -2.53275     24.89985      0.00000      0.06369
 "LTB.DVT20"             61.14204      0.00000     -0.07677     21.63808     -0.32669      0.08397     -2.53275     24.89985      0.00000      0.06369
 "DRIFT_57"              64.07104      2.92900     -0.21293     22.48662     -0.07555      0.08560     -3.40496     42.29139      0.00000      0.08301
 "LTB.BCT50"             64.07104      0.00000     -0.21293     22.48662     -0.07555      0.08560     -3.40496     42.29139      0.00000      0.08301
 "DRIFT_58"              64.58104      0.51000     -0.23664     22.71591     -0.03182      0.08603     -3.55683     45.84190      0.00000      0.08642
 "LTB.BCT55"             64.58104      0.00000     -0.23664     22.71591     -0.03182      0.08603     -3.55683     45.84190      0.00000      0.08642
 "DRIFT_59"              67.64204      3.06100     -0.37894     24.60020      0.23064      0.08953     -4.46835     70.40697      0.00000      0.10710
 "LTB.BPM20"             67.64204      0.00000     -0.37894     24.60020      0.23064      0.08953     -4.46835     70.40697      0.00000      0.10710
 "DRIFT_60"              68.14204      0.50000     -0.40218     24.99076      0.27351      0.09024     -4.61724     74.94976      0.00000      0.11050
 "LTB.DHZ30"             68.14204      0.00000     -0.40218     24.99076      0.27351      0.09024     -4.61724     74.94976      0.00000      0.11050
 "LTB.DVT30"             68.14204      0.00000     -0.40218     24.99076      0.27351      0.09024     -4.61724     74.94976      0.00000      0.11050
 "DRIFT_61"              68.81154      0.66950     -0.43331     25.55011      0.33092      0.09124     -4.81661     81.26573      0.00000      0.11506
 "LTB.QFW30"             69.27254      0.46100      4.96369     23.38672      0.35285      0.08730    -25.44660     94.75648      0.00000      0.12425
 "DRIFT_62"              69.81154      0.53900      4.37280     18.35435      0.35749      0.07734    -29.13561    124.17629      0.00000      0.14223
 "LTB.QDW40"             70.27254      0.46100     -0.66898     16.71780      0.38523      0.07381      7.60088    134.56172      0.00000      0.14806
 "DRIFT_63"              74.92104      4.64850     -1.07148     24.80835      0.91089      0.08993      5.57053     73.33443      0.00000      0.10930
 "LTB.BCT59"             74.92104      0.00000     -1.07148     24.80835      0.91089      0.08993      5.57053     73.33443      0.00000      0.10930
 "DRIFT_64"              75.46404      0.54300     -1.11850     25.99751      0.97230      0.09206      5.33336     67.41362      0.00000      0.10480
 "LTB.VPI12"             75.46404      0.00000     -1.11850     25.99751      0.97230      0.09206      5.33336     67.41362      0.00000      0.10480
 "DRIFT_65"              75.91404      0.45000     -1.15746     27.02169      1.02318      0.09385      5.13681     62.70205      0.00000      0.10107
 "LTB.VGR01"             75.91404      0.00000     -1.15746     27.02169      1.02318      0.09385      5.13681     62.70205      0.00000      0.10107
 "DRIFT_66"              77.98004      2.06600     -1.33635     32.17390      1.25681      0.10242      4.23443     43.34108      0.00000      0.08403
 "LTB.VPI13"             77.98004      0.00000     -1.33635     32.17390      1.25681      0.10242      4.23443     43.34108      0.00000      0.08403
 "DRIFT_67"              78.51004      0.53000     -1.38224     33.61476      1.31674      0.10469      4.00293     38.97528      0.00000      0.07968
 "LTB.MSF40"             78.51004      0.00000     -1.38224     33.61476      1.31674      0.10469      4.00293     38.97528      0.00000      0.07968
 "DRIFT_68"              78.94204      0.43200     -1.41965     34.82517      1.36560      0.10656      3.81425     35.59825      0.00000      0.07615
 "LTB.BCT60"             78.94204      0.00000     -1.41965     34.82517      1.36560      0.10656      3.81425     35.59825      0.00000      0.07615
 "DRIFT_69"              79.36154      0.41950     -1.45597     36.03149      1.41303      0.10839      3.63102     32.47496      0.00000      0.07274
 "LTB.QFW50"             79.82254      0.46100     10.19149     31.77428      1.35194      0.10179     -7.91357     34.35000      0.00000      0.07481
 "DRIFT_70"              80.66154      0.83900      7.42249     16.99615      1.03767      0.07445     -9.46760     48.93281      0.00000      0.08929
 "LTB.QDW60"             81.12254      0.46100      1.30530     13.18943      0.95094      0.06558      9.16278     49.08203      0.00000      0.08942
 "DRIFT_69"              81.54204      0.41950      1.21930     12.13036      0.94794      0.06290      8.43666     41.69906      0.00000      0.08242
 "LTB.DHZ40"             81.54204      0.00000      1.21930     12.13036      0.94794      0.06290      8.43666     41.69906      0.00000      0.08242
 "LTB.DVT40"             81.54204      0.00000      1.21930     12.13036      0.94794      0.06290      8.43666     41.69906      0.00000      0.08242
 "DRIFT_71"              82.04604      0.50400      1.11598     10.95338      0.94435      0.05977      7.56428     33.63459      0.00000      0.07402
 "LTB.BPM30"             82.04604      0.00000      1.11598     10.95338      0.94435      0.05977      7.56428     33.63459      0.00000      0.07402
 "DRIFT_72"              82.70804      0.66200      0.98027      9.56566      0.93963      0.05586      6.41842     24.37803      0.00000      0.06302
 "ENDLTB"                82.70804      0.00000      0.98027      9.56566      0.93963      0.05586      6.41842     24.37803      0.00000      0.06302
 "LTB$END"               82.70804      0.00000      0.98027      9.56566      0.93963      0.05586      6.41842     24.37803      0.00000      0.06302
 "LBS$START"             82.70804      0.00000      0.98027      9.56566      0.93963      0.05586      6.41842     24.37803      0.00000      0.06302
 "BEGLBS"                82.70804      0.00000      0.98027      9.56566      0.93963      0.05586      6.41842     24.37803      0.00000      0.06302
 "DRIFT_73"              83.37580      0.66775      0.84339      8.34790      0.93487      0.05219      5.26260     16.57798      0.00000      0.05197
 "EBHZ40"                83.37580      0.00000      0.84339      8.34790      0.93487      0.05219      5.26260     16.57798      0.00000      0.05197
 "DRIFT_74"              83.37701      0.00121      0.84314      8.34585      0.93486      0.05218      5.26050     16.56521      0.00000      0.05195
 "LBS.BHZ40"             84.27715      0.90014      0.65872      6.99479      1.01430      0.04778      3.73112      8.45805      0.00000      0.03712
 "DRIFT_75"              88.06238      3.78524     -0.11724      4.94516      1.70985      0.04029     -2.94660      5.48845      0.00000      0.02990
 "LBS.VVS10"             88.06238      0.00000     -0.11724      4.94516      1.70985      0.04029     -2.94660      5.48845      0.00000      0.02990
 "DRIFT_76"              88.22638      0.16400     -0.15086      4.98912      1.73998      0.04047     -3.23592      6.50238      0.00000      0.03255
 "LBS.SLV10"             88.22638      0.00000     -0.15086      4.98912      1.73998      0.04047     -3.23592      6.50238      0.00000      0.03255
 "DRIFT_77"              89.64388      1.41750     -0.44145      5.82872      2.00045      0.04376     -5.73660     19.22092      0.00000      0.05596
 "LBS.BCT62"             89.64388      0.00000     -0.44145      5.82872      2.00045      0.04376     -5.73660     19.22092      0.00000      0.05596
 "DRIFT_78"              89.82638      0.18250     -0.47886      5.99667      2.03399      0.04439     -6.05856     21.37353      0.00000      0.05901
 "LBS.BCT63"             89.82638      0.00000     -0.47886      5.99667      2.03399      0.04439     -6.05856     21.37353      0.00000      0.05901
 "DRIFT_79"              90.39538      0.56900     -0.59550      6.60799      2.13854      0.04660     -7.06236     28.83933      0.00000      0.06854
 "LBS.VPI11"             90.39538      0.00000     -0.59550      6.60799      2.13854      0.04660     -7.06236     28.83933      0.00000      0.06854
 "DRIFT_80"              90.78738      0.39200     -0.67586      7.10636      2.21057      0.04832     -7.75390     34.64730      0.00000      0.07513
 "LBS.VGP1"              90.78738      0.00000     -0.67586      7.10636      2.21057      0.04832     -7.75390     34.64730      0.00000      0.07513
 "LBS.VGR1"              90.78738      0.00000     -0.67586      7.10636      2.21057      0.04832     -7.75390     34.64730      0.00000      0.07513
 "DRIFT_81"              94.79442      4.00704     -1.49729     15.81427      2.94688      0.07202    -14.82291    125.11339      0.00000      0.14277
 "LBS.BVT10"             95.92612      1.13170     -1.72929     19.46579      3.15483      0.07989     53.12067     61.81772     -1.57322      0.10040
 "DRIFT_82"              99.05832      3.13221     -2.37139     32.30996      3.73038      0.10287    -89.90653    177.03870     -9.62724      0.17092
 "LBS.BCT64"             99.05832      0.00000     -2.37139     32.30996      3.73038      0.10287    -89.90653    177.03870     -9.62724      0.17092
 "DRIFT_83"              99.23632      0.17800     -2.40787     33.16066      3.76309      0.10422    -98.03445    210.49156    -10.08493      0.18628
 "LBS.MSGV50"            99.23632      0.00000     -2.40787     33.16066      3.76309      0.10422    -98.03445    210.49156    -10.08493      0.18628
 "DRIFT_84"              99.37882      0.14250     -2.43709     33.85106      3.78927      0.10530   -104.54148    239.35863    -10.45135      0.19858
 "ENDLBS"                99.37882      0.00000     -2.43709     33.85106      3.78927      0.10530   -104.54148    239.35863    -10.45135      0.19858
 "LBS$END"               99.37882      0.00000     -2.43709     33.85106      3.78927      0.10530   -104.54148    239.35863    -10.45135      0.19858
 "DRIFT_85"             131.26445     31.88563     -8.97357    397.68707      9.64833      0.36049  -1560.54682  53331.75232    -92.44067      2.95343
 "LTLTBLBS$END"         131.26445      0.00000     -8.97357    397.68707      9.64833      0.36049  -1560.54682  53331.75232    -92.44067      2.95343
